[2024-09-10T01:37:01.388+0800] {processor.py:186} INFO - Started process (PID=57512) to work on /Users/erniesg/.pyenv/versions/3.12.5/envs/letters_home/lib/python3.12/site-packages/airflow/example_dags/plugins/decreasing_priority_weight_strategy.py
[2024-09-10T01:37:01.388+0800] {processor.py:914} INFO - Processing file /Users/erniesg/.pyenv/versions/3.12.5/envs/letters_home/lib/python3.12/site-packages/airflow/example_dags/plugins/decreasing_priority_weight_strategy.py for tasks to queue
[2024-09-10T01:37:01.389+0800] {logging_mixin.py:190} INFO - [2024-09-10T01:37:01.389+0800] {dagbag.py:587} INFO - Filling up the DagBag from /Users/erniesg/.pyenv/versions/3.12.5/envs/letters_home/lib/python3.12/site-packages/airflow/example_dags/plugins/decreasing_priority_weight_strategy.py
[2024-09-10T01:37:01.389+0800] {processor.py:927} WARNING - No viable dags retrieved from /Users/erniesg/.pyenv/versions/3.12.5/envs/letters_home/lib/python3.12/site-packages/airflow/example_dags/plugins/decreasing_priority_weight_strategy.py
[2024-09-10T01:37:01.422+0800] {processor.py:208} INFO - Processing /Users/erniesg/.pyenv/versions/3.12.5/envs/letters_home/lib/python3.12/site-packages/airflow/example_dags/plugins/decreasing_priority_weight_strategy.py took 0.035 seconds
[2024-09-10T01:38:51.236+0800] {processor.py:186} INFO - Started process (PID=58052) to work on /Users/erniesg/.pyenv/versions/3.12.5/envs/letters_home/lib/python3.12/site-packages/airflow/example_dags/plugins/decreasing_priority_weight_strategy.py
[2024-09-10T01:38:51.236+0800] {processor.py:914} INFO - Processing file /Users/erniesg/.pyenv/versions/3.12.5/envs/letters_home/lib/python3.12/site-packages/airflow/example_dags/plugins/decreasing_priority_weight_strategy.py for tasks to queue
[2024-09-10T01:38:51.236+0800] {logging_mixin.py:190} INFO - [2024-09-10T01:38:51.236+0800] {dagbag.py:587} INFO - Filling up the DagBag from /Users/erniesg/.pyenv/versions/3.12.5/envs/letters_home/lib/python3.12/site-packages/airflow/example_dags/plugins/decreasing_priority_weight_strategy.py
[2024-09-10T01:38:51.237+0800] {processor.py:927} WARNING - No viable dags retrieved from /Users/erniesg/.pyenv/versions/3.12.5/envs/letters_home/lib/python3.12/site-packages/airflow/example_dags/plugins/decreasing_priority_weight_strategy.py
[2024-09-10T01:38:51.271+0800] {processor.py:208} INFO - Processing /Users/erniesg/.pyenv/versions/3.12.5/envs/letters_home/lib/python3.12/site-packages/airflow/example_dags/plugins/decreasing_priority_weight_strategy.py took 0.037 seconds
[2024-09-10T01:40:12.002+0800] {processor.py:186} INFO - Started process (PID=58135) to work on /Users/erniesg/.pyenv/versions/3.12.5/envs/letters_home/lib/python3.12/site-packages/airflow/example_dags/plugins/decreasing_priority_weight_strategy.py
[2024-09-10T01:40:12.003+0800] {processor.py:914} INFO - Processing file /Users/erniesg/.pyenv/versions/3.12.5/envs/letters_home/lib/python3.12/site-packages/airflow/example_dags/plugins/decreasing_priority_weight_strategy.py for tasks to queue
[2024-09-10T01:40:12.003+0800] {logging_mixin.py:190} INFO - [2024-09-10T01:40:12.003+0800] {dagbag.py:587} INFO - Filling up the DagBag from /Users/erniesg/.pyenv/versions/3.12.5/envs/letters_home/lib/python3.12/site-packages/airflow/example_dags/plugins/decreasing_priority_weight_strategy.py
[2024-09-10T01:40:12.004+0800] {processor.py:927} WARNING - No viable dags retrieved from /Users/erniesg/.pyenv/versions/3.12.5/envs/letters_home/lib/python3.12/site-packages/airflow/example_dags/plugins/decreasing_priority_weight_strategy.py
[2024-09-10T01:40:12.036+0800] {processor.py:208} INFO - Processing /Users/erniesg/.pyenv/versions/3.12.5/envs/letters_home/lib/python3.12/site-packages/airflow/example_dags/plugins/decreasing_priority_weight_strategy.py took 0.035 seconds
[2024-09-10T01:41:30.943+0800] {processor.py:186} INFO - Started process (PID=58187) to work on /Users/erniesg/.pyenv/versions/3.12.5/envs/letters_home/lib/python3.12/site-packages/airflow/example_dags/plugins/decreasing_priority_weight_strategy.py
[2024-09-10T01:41:30.944+0800] {processor.py:914} INFO - Processing file /Users/erniesg/.pyenv/versions/3.12.5/envs/letters_home/lib/python3.12/site-packages/airflow/example_dags/plugins/decreasing_priority_weight_strategy.py for tasks to queue
[2024-09-10T01:41:30.944+0800] {logging_mixin.py:190} INFO - [2024-09-10T01:41:30.944+0800] {dagbag.py:587} INFO - Filling up the DagBag from /Users/erniesg/.pyenv/versions/3.12.5/envs/letters_home/lib/python3.12/site-packages/airflow/example_dags/plugins/decreasing_priority_weight_strategy.py
[2024-09-10T01:41:30.944+0800] {processor.py:927} WARNING - No viable dags retrieved from /Users/erniesg/.pyenv/versions/3.12.5/envs/letters_home/lib/python3.12/site-packages/airflow/example_dags/plugins/decreasing_priority_weight_strategy.py
[2024-09-10T01:41:30.980+0800] {processor.py:208} INFO - Processing /Users/erniesg/.pyenv/versions/3.12.5/envs/letters_home/lib/python3.12/site-packages/airflow/example_dags/plugins/decreasing_priority_weight_strategy.py took 0.038 seconds
[2024-09-10T01:42:53.622+0800] {processor.py:186} INFO - Started process (PID=58274) to work on /Users/erniesg/.pyenv/versions/3.12.5/envs/letters_home/lib/python3.12/site-packages/airflow/example_dags/plugins/decreasing_priority_weight_strategy.py
[2024-09-10T01:42:53.622+0800] {processor.py:914} INFO - Processing file /Users/erniesg/.pyenv/versions/3.12.5/envs/letters_home/lib/python3.12/site-packages/airflow/example_dags/plugins/decreasing_priority_weight_strategy.py for tasks to queue
[2024-09-10T01:42:53.622+0800] {logging_mixin.py:190} INFO - [2024-09-10T01:42:53.622+0800] {dagbag.py:587} INFO - Filling up the DagBag from /Users/erniesg/.pyenv/versions/3.12.5/envs/letters_home/lib/python3.12/site-packages/airflow/example_dags/plugins/decreasing_priority_weight_strategy.py
[2024-09-10T01:42:53.623+0800] {processor.py:927} WARNING - No viable dags retrieved from /Users/erniesg/.pyenv/versions/3.12.5/envs/letters_home/lib/python3.12/site-packages/airflow/example_dags/plugins/decreasing_priority_weight_strategy.py
[2024-09-10T01:42:53.657+0800] {processor.py:208} INFO - Processing /Users/erniesg/.pyenv/versions/3.12.5/envs/letters_home/lib/python3.12/site-packages/airflow/example_dags/plugins/decreasing_priority_weight_strategy.py took 0.036 seconds
[2024-09-10T01:44:15.301+0800] {processor.py:186} INFO - Started process (PID=58747) to work on /Users/erniesg/.pyenv/versions/3.12.5/envs/letters_home/lib/python3.12/site-packages/airflow/example_dags/plugins/decreasing_priority_weight_strategy.py
[2024-09-10T01:44:15.302+0800] {processor.py:914} INFO - Processing file /Users/erniesg/.pyenv/versions/3.12.5/envs/letters_home/lib/python3.12/site-packages/airflow/example_dags/plugins/decreasing_priority_weight_strategy.py for tasks to queue
[2024-09-10T01:44:15.302+0800] {logging_mixin.py:190} INFO - [2024-09-10T01:44:15.302+0800] {dagbag.py:587} INFO - Filling up the DagBag from /Users/erniesg/.pyenv/versions/3.12.5/envs/letters_home/lib/python3.12/site-packages/airflow/example_dags/plugins/decreasing_priority_weight_strategy.py
[2024-09-10T01:44:15.302+0800] {processor.py:927} WARNING - No viable dags retrieved from /Users/erniesg/.pyenv/versions/3.12.5/envs/letters_home/lib/python3.12/site-packages/airflow/example_dags/plugins/decreasing_priority_weight_strategy.py
[2024-09-10T01:44:15.336+0800] {processor.py:208} INFO - Processing /Users/erniesg/.pyenv/versions/3.12.5/envs/letters_home/lib/python3.12/site-packages/airflow/example_dags/plugins/decreasing_priority_weight_strategy.py took 0.036 seconds
[2024-09-10T01:55:42.499+0800] {processor.py:186} INFO - Started process (PID=64149) to work on /Users/erniesg/.pyenv/versions/3.12.5/envs/letters_home/lib/python3.12/site-packages/airflow/example_dags/plugins/decreasing_priority_weight_strategy.py
[2024-09-10T01:55:42.499+0800] {processor.py:914} INFO - Processing file /Users/erniesg/.pyenv/versions/3.12.5/envs/letters_home/lib/python3.12/site-packages/airflow/example_dags/plugins/decreasing_priority_weight_strategy.py for tasks to queue
[2024-09-10T01:55:42.500+0800] {logging_mixin.py:190} INFO - [2024-09-10T01:55:42.500+0800] {dagbag.py:587} INFO - Filling up the DagBag from /Users/erniesg/.pyenv/versions/3.12.5/envs/letters_home/lib/python3.12/site-packages/airflow/example_dags/plugins/decreasing_priority_weight_strategy.py
[2024-09-10T01:55:42.500+0800] {processor.py:927} WARNING - No viable dags retrieved from /Users/erniesg/.pyenv/versions/3.12.5/envs/letters_home/lib/python3.12/site-packages/airflow/example_dags/plugins/decreasing_priority_weight_strategy.py
[2024-09-10T01:55:42.534+0800] {processor.py:208} INFO - Processing /Users/erniesg/.pyenv/versions/3.12.5/envs/letters_home/lib/python3.12/site-packages/airflow/example_dags/plugins/decreasing_priority_weight_strategy.py took 0.036 seconds
[2024-09-10T01:58:32.989+0800] {processor.py:186} INFO - Started process (PID=67441) to work on /Users/erniesg/.pyenv/versions/3.12.5/envs/letters_home/lib/python3.12/site-packages/airflow/example_dags/plugins/decreasing_priority_weight_strategy.py
[2024-09-10T01:58:32.989+0800] {processor.py:914} INFO - Processing file /Users/erniesg/.pyenv/versions/3.12.5/envs/letters_home/lib/python3.12/site-packages/airflow/example_dags/plugins/decreasing_priority_weight_strategy.py for tasks to queue
[2024-09-10T01:58:32.990+0800] {logging_mixin.py:190} INFO - [2024-09-10T01:58:32.989+0800] {dagbag.py:587} INFO - Filling up the DagBag from /Users/erniesg/.pyenv/versions/3.12.5/envs/letters_home/lib/python3.12/site-packages/airflow/example_dags/plugins/decreasing_priority_weight_strategy.py
[2024-09-10T01:58:32.990+0800] {processor.py:927} WARNING - No viable dags retrieved from /Users/erniesg/.pyenv/versions/3.12.5/envs/letters_home/lib/python3.12/site-packages/airflow/example_dags/plugins/decreasing_priority_weight_strategy.py
[2024-09-10T01:58:33.023+0800] {processor.py:208} INFO - Processing /Users/erniesg/.pyenv/versions/3.12.5/envs/letters_home/lib/python3.12/site-packages/airflow/example_dags/plugins/decreasing_priority_weight_strategy.py took 0.035 seconds
[2024-09-10T02:00:57.142+0800] {processor.py:186} INFO - Started process (PID=67874) to work on /Users/erniesg/.pyenv/versions/3.12.5/envs/letters_home/lib/python3.12/site-packages/airflow/example_dags/plugins/decreasing_priority_weight_strategy.py
[2024-09-10T02:00:57.142+0800] {processor.py:914} INFO - Processing file /Users/erniesg/.pyenv/versions/3.12.5/envs/letters_home/lib/python3.12/site-packages/airflow/example_dags/plugins/decreasing_priority_weight_strategy.py for tasks to queue
[2024-09-10T02:00:57.142+0800] {logging_mixin.py:190} INFO - [2024-09-10T02:00:57.142+0800] {dagbag.py:587} INFO - Filling up the DagBag from /Users/erniesg/.pyenv/versions/3.12.5/envs/letters_home/lib/python3.12/site-packages/airflow/example_dags/plugins/decreasing_priority_weight_strategy.py
[2024-09-10T02:00:57.143+0800] {processor.py:927} WARNING - No viable dags retrieved from /Users/erniesg/.pyenv/versions/3.12.5/envs/letters_home/lib/python3.12/site-packages/airflow/example_dags/plugins/decreasing_priority_weight_strategy.py
[2024-09-10T02:00:57.176+0800] {processor.py:208} INFO - Processing /Users/erniesg/.pyenv/versions/3.12.5/envs/letters_home/lib/python3.12/site-packages/airflow/example_dags/plugins/decreasing_priority_weight_strategy.py took 0.035 seconds
[2024-09-10T02:02:18.197+0800] {processor.py:186} INFO - Started process (PID=67955) to work on /Users/erniesg/.pyenv/versions/3.12.5/envs/letters_home/lib/python3.12/site-packages/airflow/example_dags/plugins/decreasing_priority_weight_strategy.py
[2024-09-10T02:02:18.198+0800] {processor.py:914} INFO - Processing file /Users/erniesg/.pyenv/versions/3.12.5/envs/letters_home/lib/python3.12/site-packages/airflow/example_dags/plugins/decreasing_priority_weight_strategy.py for tasks to queue
[2024-09-10T02:02:18.198+0800] {logging_mixin.py:190} INFO - [2024-09-10T02:02:18.198+0800] {dagbag.py:587} INFO - Filling up the DagBag from /Users/erniesg/.pyenv/versions/3.12.5/envs/letters_home/lib/python3.12/site-packages/airflow/example_dags/plugins/decreasing_priority_weight_strategy.py
[2024-09-10T02:02:18.198+0800] {processor.py:927} WARNING - No viable dags retrieved from /Users/erniesg/.pyenv/versions/3.12.5/envs/letters_home/lib/python3.12/site-packages/airflow/example_dags/plugins/decreasing_priority_weight_strategy.py
[2024-09-10T02:02:18.230+0800] {processor.py:208} INFO - Processing /Users/erniesg/.pyenv/versions/3.12.5/envs/letters_home/lib/python3.12/site-packages/airflow/example_dags/plugins/decreasing_priority_weight_strategy.py took 0.034 seconds
[2024-09-10T02:03:37.933+0800] {processor.py:186} INFO - Started process (PID=68054) to work on /Users/erniesg/.pyenv/versions/3.12.5/envs/letters_home/lib/python3.12/site-packages/airflow/example_dags/plugins/decreasing_priority_weight_strategy.py
[2024-09-10T02:03:37.933+0800] {processor.py:914} INFO - Processing file /Users/erniesg/.pyenv/versions/3.12.5/envs/letters_home/lib/python3.12/site-packages/airflow/example_dags/plugins/decreasing_priority_weight_strategy.py for tasks to queue
[2024-09-10T02:03:37.934+0800] {logging_mixin.py:190} INFO - [2024-09-10T02:03:37.934+0800] {dagbag.py:587} INFO - Filling up the DagBag from /Users/erniesg/.pyenv/versions/3.12.5/envs/letters_home/lib/python3.12/site-packages/airflow/example_dags/plugins/decreasing_priority_weight_strategy.py
[2024-09-10T02:03:37.934+0800] {processor.py:927} WARNING - No viable dags retrieved from /Users/erniesg/.pyenv/versions/3.12.5/envs/letters_home/lib/python3.12/site-packages/airflow/example_dags/plugins/decreasing_priority_weight_strategy.py
[2024-09-10T02:03:37.969+0800] {processor.py:208} INFO - Processing /Users/erniesg/.pyenv/versions/3.12.5/envs/letters_home/lib/python3.12/site-packages/airflow/example_dags/plugins/decreasing_priority_weight_strategy.py took 0.037 seconds
[2024-09-10T02:05:09.617+0800] {processor.py:186} INFO - Started process (PID=68152) to work on /Users/erniesg/.pyenv/versions/3.12.5/envs/letters_home/lib/python3.12/site-packages/airflow/example_dags/plugins/decreasing_priority_weight_strategy.py
[2024-09-10T02:05:09.618+0800] {processor.py:914} INFO - Processing file /Users/erniesg/.pyenv/versions/3.12.5/envs/letters_home/lib/python3.12/site-packages/airflow/example_dags/plugins/decreasing_priority_weight_strategy.py for tasks to queue
[2024-09-10T02:05:09.618+0800] {logging_mixin.py:190} INFO - [2024-09-10T02:05:09.618+0800] {dagbag.py:587} INFO - Filling up the DagBag from /Users/erniesg/.pyenv/versions/3.12.5/envs/letters_home/lib/python3.12/site-packages/airflow/example_dags/plugins/decreasing_priority_weight_strategy.py
[2024-09-10T02:05:09.618+0800] {processor.py:927} WARNING - No viable dags retrieved from /Users/erniesg/.pyenv/versions/3.12.5/envs/letters_home/lib/python3.12/site-packages/airflow/example_dags/plugins/decreasing_priority_weight_strategy.py
[2024-09-10T02:05:09.652+0800] {processor.py:208} INFO - Processing /Users/erniesg/.pyenv/versions/3.12.5/envs/letters_home/lib/python3.12/site-packages/airflow/example_dags/plugins/decreasing_priority_weight_strategy.py took 0.036 seconds
[2024-09-10T02:06:38.123+0800] {processor.py:186} INFO - Started process (PID=68251) to work on /Users/erniesg/.pyenv/versions/3.12.5/envs/letters_home/lib/python3.12/site-packages/airflow/example_dags/plugins/decreasing_priority_weight_strategy.py
[2024-09-10T02:06:38.123+0800] {processor.py:914} INFO - Processing file /Users/erniesg/.pyenv/versions/3.12.5/envs/letters_home/lib/python3.12/site-packages/airflow/example_dags/plugins/decreasing_priority_weight_strategy.py for tasks to queue
[2024-09-10T02:06:38.123+0800] {logging_mixin.py:190} INFO - [2024-09-10T02:06:38.123+0800] {dagbag.py:587} INFO - Filling up the DagBag from /Users/erniesg/.pyenv/versions/3.12.5/envs/letters_home/lib/python3.12/site-packages/airflow/example_dags/plugins/decreasing_priority_weight_strategy.py
[2024-09-10T02:06:38.124+0800] {processor.py:927} WARNING - No viable dags retrieved from /Users/erniesg/.pyenv/versions/3.12.5/envs/letters_home/lib/python3.12/site-packages/airflow/example_dags/plugins/decreasing_priority_weight_strategy.py
[2024-09-10T02:06:38.157+0800] {processor.py:208} INFO - Processing /Users/erniesg/.pyenv/versions/3.12.5/envs/letters_home/lib/python3.12/site-packages/airflow/example_dags/plugins/decreasing_priority_weight_strategy.py took 0.035 seconds
[2024-09-10T02:08:02.048+0800] {processor.py:186} INFO - Started process (PID=68448) to work on /Users/erniesg/.pyenv/versions/3.12.5/envs/letters_home/lib/python3.12/site-packages/airflow/example_dags/plugins/decreasing_priority_weight_strategy.py
[2024-09-10T02:08:02.048+0800] {processor.py:914} INFO - Processing file /Users/erniesg/.pyenv/versions/3.12.5/envs/letters_home/lib/python3.12/site-packages/airflow/example_dags/plugins/decreasing_priority_weight_strategy.py for tasks to queue
[2024-09-10T02:08:02.048+0800] {logging_mixin.py:190} INFO - [2024-09-10T02:08:02.048+0800] {dagbag.py:587} INFO - Filling up the DagBag from /Users/erniesg/.pyenv/versions/3.12.5/envs/letters_home/lib/python3.12/site-packages/airflow/example_dags/plugins/decreasing_priority_weight_strategy.py
[2024-09-10T02:08:02.049+0800] {processor.py:927} WARNING - No viable dags retrieved from /Users/erniesg/.pyenv/versions/3.12.5/envs/letters_home/lib/python3.12/site-packages/airflow/example_dags/plugins/decreasing_priority_weight_strategy.py
[2024-09-10T02:08:02.086+0800] {processor.py:208} INFO - Processing /Users/erniesg/.pyenv/versions/3.12.5/envs/letters_home/lib/python3.12/site-packages/airflow/example_dags/plugins/decreasing_priority_weight_strategy.py took 0.039 seconds
[2024-09-10T02:09:24.453+0800] {processor.py:186} INFO - Started process (PID=68578) to work on /Users/erniesg/.pyenv/versions/3.12.5/envs/letters_home/lib/python3.12/site-packages/airflow/example_dags/plugins/decreasing_priority_weight_strategy.py
[2024-09-10T02:09:24.453+0800] {processor.py:914} INFO - Processing file /Users/erniesg/.pyenv/versions/3.12.5/envs/letters_home/lib/python3.12/site-packages/airflow/example_dags/plugins/decreasing_priority_weight_strategy.py for tasks to queue
[2024-09-10T02:09:24.454+0800] {logging_mixin.py:190} INFO - [2024-09-10T02:09:24.454+0800] {dagbag.py:587} INFO - Filling up the DagBag from /Users/erniesg/.pyenv/versions/3.12.5/envs/letters_home/lib/python3.12/site-packages/airflow/example_dags/plugins/decreasing_priority_weight_strategy.py
[2024-09-10T02:09:24.454+0800] {processor.py:927} WARNING - No viable dags retrieved from /Users/erniesg/.pyenv/versions/3.12.5/envs/letters_home/lib/python3.12/site-packages/airflow/example_dags/plugins/decreasing_priority_weight_strategy.py
[2024-09-10T02:09:24.490+0800] {processor.py:208} INFO - Processing /Users/erniesg/.pyenv/versions/3.12.5/envs/letters_home/lib/python3.12/site-packages/airflow/example_dags/plugins/decreasing_priority_weight_strategy.py took 0.038 seconds
[2024-09-10T02:11:12.822+0800] {processor.py:186} INFO - Started process (PID=68926) to work on /Users/erniesg/.pyenv/versions/3.12.5/envs/letters_home/lib/python3.12/site-packages/airflow/example_dags/plugins/decreasing_priority_weight_strategy.py
[2024-09-10T02:11:12.823+0800] {processor.py:914} INFO - Processing file /Users/erniesg/.pyenv/versions/3.12.5/envs/letters_home/lib/python3.12/site-packages/airflow/example_dags/plugins/decreasing_priority_weight_strategy.py for tasks to queue
[2024-09-10T02:11:12.823+0800] {logging_mixin.py:190} INFO - [2024-09-10T02:11:12.823+0800] {dagbag.py:587} INFO - Filling up the DagBag from /Users/erniesg/.pyenv/versions/3.12.5/envs/letters_home/lib/python3.12/site-packages/airflow/example_dags/plugins/decreasing_priority_weight_strategy.py
[2024-09-10T02:11:12.823+0800] {processor.py:927} WARNING - No viable dags retrieved from /Users/erniesg/.pyenv/versions/3.12.5/envs/letters_home/lib/python3.12/site-packages/airflow/example_dags/plugins/decreasing_priority_weight_strategy.py
[2024-09-10T02:11:12.858+0800] {processor.py:208} INFO - Processing /Users/erniesg/.pyenv/versions/3.12.5/envs/letters_home/lib/python3.12/site-packages/airflow/example_dags/plugins/decreasing_priority_weight_strategy.py took 0.037 seconds
[2024-09-10T02:12:04.154+0800] {processor.py:186} INFO - Started process (PID=69239) to work on /Users/erniesg/.pyenv/versions/3.12.5/envs/letters_home/lib/python3.12/site-packages/airflow/example_dags/plugins/decreasing_priority_weight_strategy.py
[2024-09-10T02:12:04.155+0800] {processor.py:914} INFO - Processing file /Users/erniesg/.pyenv/versions/3.12.5/envs/letters_home/lib/python3.12/site-packages/airflow/example_dags/plugins/decreasing_priority_weight_strategy.py for tasks to queue
[2024-09-10T02:12:04.155+0800] {logging_mixin.py:190} INFO - [2024-09-10T02:12:04.155+0800] {dagbag.py:587} INFO - Filling up the DagBag from /Users/erniesg/.pyenv/versions/3.12.5/envs/letters_home/lib/python3.12/site-packages/airflow/example_dags/plugins/decreasing_priority_weight_strategy.py
[2024-09-10T02:12:04.156+0800] {processor.py:927} WARNING - No viable dags retrieved from /Users/erniesg/.pyenv/versions/3.12.5/envs/letters_home/lib/python3.12/site-packages/airflow/example_dags/plugins/decreasing_priority_weight_strategy.py
[2024-09-10T02:12:04.188+0800] {processor.py:208} INFO - Processing /Users/erniesg/.pyenv/versions/3.12.5/envs/letters_home/lib/python3.12/site-packages/airflow/example_dags/plugins/decreasing_priority_weight_strategy.py took 0.035 seconds
[2024-09-10T02:13:57.541+0800] {processor.py:186} INFO - Started process (PID=69335) to work on /Users/erniesg/.pyenv/versions/3.12.5/envs/letters_home/lib/python3.12/site-packages/airflow/example_dags/plugins/decreasing_priority_weight_strategy.py
[2024-09-10T02:13:57.542+0800] {processor.py:914} INFO - Processing file /Users/erniesg/.pyenv/versions/3.12.5/envs/letters_home/lib/python3.12/site-packages/airflow/example_dags/plugins/decreasing_priority_weight_strategy.py for tasks to queue
[2024-09-10T02:13:57.542+0800] {logging_mixin.py:190} INFO - [2024-09-10T02:13:57.542+0800] {dagbag.py:587} INFO - Filling up the DagBag from /Users/erniesg/.pyenv/versions/3.12.5/envs/letters_home/lib/python3.12/site-packages/airflow/example_dags/plugins/decreasing_priority_weight_strategy.py
[2024-09-10T02:13:57.543+0800] {processor.py:927} WARNING - No viable dags retrieved from /Users/erniesg/.pyenv/versions/3.12.5/envs/letters_home/lib/python3.12/site-packages/airflow/example_dags/plugins/decreasing_priority_weight_strategy.py
[2024-09-10T02:13:57.580+0800] {processor.py:208} INFO - Processing /Users/erniesg/.pyenv/versions/3.12.5/envs/letters_home/lib/python3.12/site-packages/airflow/example_dags/plugins/decreasing_priority_weight_strategy.py took 0.040 seconds
[2024-09-10T02:15:25.996+0800] {processor.py:186} INFO - Started process (PID=69682) to work on /Users/erniesg/.pyenv/versions/3.12.5/envs/letters_home/lib/python3.12/site-packages/airflow/example_dags/plugins/decreasing_priority_weight_strategy.py
[2024-09-10T02:15:25.996+0800] {processor.py:914} INFO - Processing file /Users/erniesg/.pyenv/versions/3.12.5/envs/letters_home/lib/python3.12/site-packages/airflow/example_dags/plugins/decreasing_priority_weight_strategy.py for tasks to queue
[2024-09-10T02:15:25.997+0800] {logging_mixin.py:190} INFO - [2024-09-10T02:15:25.996+0800] {dagbag.py:587} INFO - Filling up the DagBag from /Users/erniesg/.pyenv/versions/3.12.5/envs/letters_home/lib/python3.12/site-packages/airflow/example_dags/plugins/decreasing_priority_weight_strategy.py
[2024-09-10T02:15:25.997+0800] {processor.py:927} WARNING - No viable dags retrieved from /Users/erniesg/.pyenv/versions/3.12.5/envs/letters_home/lib/python3.12/site-packages/airflow/example_dags/plugins/decreasing_priority_weight_strategy.py
[2024-09-10T02:15:26.030+0800] {processor.py:208} INFO - Processing /Users/erniesg/.pyenv/versions/3.12.5/envs/letters_home/lib/python3.12/site-packages/airflow/example_dags/plugins/decreasing_priority_weight_strategy.py took 0.035 seconds
[2024-09-10T02:17:22.870+0800] {processor.py:186} INFO - Started process (PID=69813) to work on /Users/erniesg/.pyenv/versions/3.12.5/envs/letters_home/lib/python3.12/site-packages/airflow/example_dags/plugins/decreasing_priority_weight_strategy.py
[2024-09-10T02:17:22.870+0800] {processor.py:914} INFO - Processing file /Users/erniesg/.pyenv/versions/3.12.5/envs/letters_home/lib/python3.12/site-packages/airflow/example_dags/plugins/decreasing_priority_weight_strategy.py for tasks to queue
[2024-09-10T02:17:22.871+0800] {logging_mixin.py:190} INFO - [2024-09-10T02:17:22.871+0800] {dagbag.py:587} INFO - Filling up the DagBag from /Users/erniesg/.pyenv/versions/3.12.5/envs/letters_home/lib/python3.12/site-packages/airflow/example_dags/plugins/decreasing_priority_weight_strategy.py
[2024-09-10T02:17:22.871+0800] {processor.py:927} WARNING - No viable dags retrieved from /Users/erniesg/.pyenv/versions/3.12.5/envs/letters_home/lib/python3.12/site-packages/airflow/example_dags/plugins/decreasing_priority_weight_strategy.py
[2024-09-10T02:17:22.905+0800] {processor.py:208} INFO - Processing /Users/erniesg/.pyenv/versions/3.12.5/envs/letters_home/lib/python3.12/site-packages/airflow/example_dags/plugins/decreasing_priority_weight_strategy.py took 0.036 seconds
[2024-09-10T02:18:45.319+0800] {processor.py:186} INFO - Started process (PID=70233) to work on /Users/erniesg/.pyenv/versions/3.12.5/envs/letters_home/lib/python3.12/site-packages/airflow/example_dags/plugins/decreasing_priority_weight_strategy.py
[2024-09-10T02:18:45.320+0800] {processor.py:914} INFO - Processing file /Users/erniesg/.pyenv/versions/3.12.5/envs/letters_home/lib/python3.12/site-packages/airflow/example_dags/plugins/decreasing_priority_weight_strategy.py for tasks to queue
[2024-09-10T02:18:45.320+0800] {logging_mixin.py:190} INFO - [2024-09-10T02:18:45.320+0800] {dagbag.py:587} INFO - Filling up the DagBag from /Users/erniesg/.pyenv/versions/3.12.5/envs/letters_home/lib/python3.12/site-packages/airflow/example_dags/plugins/decreasing_priority_weight_strategy.py
[2024-09-10T02:18:45.321+0800] {processor.py:927} WARNING - No viable dags retrieved from /Users/erniesg/.pyenv/versions/3.12.5/envs/letters_home/lib/python3.12/site-packages/airflow/example_dags/plugins/decreasing_priority_weight_strategy.py
[2024-09-10T02:18:45.355+0800] {processor.py:208} INFO - Processing /Users/erniesg/.pyenv/versions/3.12.5/envs/letters_home/lib/python3.12/site-packages/airflow/example_dags/plugins/decreasing_priority_weight_strategy.py took 0.037 seconds
[2024-09-10T02:20:08.906+0800] {processor.py:186} INFO - Started process (PID=70352) to work on /Users/erniesg/.pyenv/versions/3.12.5/envs/letters_home/lib/python3.12/site-packages/airflow/example_dags/plugins/decreasing_priority_weight_strategy.py
[2024-09-10T02:20:08.906+0800] {processor.py:914} INFO - Processing file /Users/erniesg/.pyenv/versions/3.12.5/envs/letters_home/lib/python3.12/site-packages/airflow/example_dags/plugins/decreasing_priority_weight_strategy.py for tasks to queue
[2024-09-10T02:20:08.907+0800] {logging_mixin.py:190} INFO - [2024-09-10T02:20:08.906+0800] {dagbag.py:587} INFO - Filling up the DagBag from /Users/erniesg/.pyenv/versions/3.12.5/envs/letters_home/lib/python3.12/site-packages/airflow/example_dags/plugins/decreasing_priority_weight_strategy.py
[2024-09-10T02:20:08.907+0800] {processor.py:927} WARNING - No viable dags retrieved from /Users/erniesg/.pyenv/versions/3.12.5/envs/letters_home/lib/python3.12/site-packages/airflow/example_dags/plugins/decreasing_priority_weight_strategy.py
[2024-09-10T02:20:08.943+0800] {processor.py:208} INFO - Processing /Users/erniesg/.pyenv/versions/3.12.5/envs/letters_home/lib/python3.12/site-packages/airflow/example_dags/plugins/decreasing_priority_weight_strategy.py took 0.039 seconds
[2024-09-10T02:23:08.791+0800] {processor.py:186} INFO - Started process (PID=71796) to work on /Users/erniesg/.pyenv/versions/3.12.5/envs/letters_home/lib/python3.12/site-packages/airflow/example_dags/plugins/decreasing_priority_weight_strategy.py
[2024-09-10T02:23:08.792+0800] {processor.py:914} INFO - Processing file /Users/erniesg/.pyenv/versions/3.12.5/envs/letters_home/lib/python3.12/site-packages/airflow/example_dags/plugins/decreasing_priority_weight_strategy.py for tasks to queue
[2024-09-10T02:23:08.792+0800] {logging_mixin.py:190} INFO - [2024-09-10T02:23:08.792+0800] {dagbag.py:587} INFO - Filling up the DagBag from /Users/erniesg/.pyenv/versions/3.12.5/envs/letters_home/lib/python3.12/site-packages/airflow/example_dags/plugins/decreasing_priority_weight_strategy.py
[2024-09-10T02:23:08.792+0800] {processor.py:927} WARNING - No viable dags retrieved from /Users/erniesg/.pyenv/versions/3.12.5/envs/letters_home/lib/python3.12/site-packages/airflow/example_dags/plugins/decreasing_priority_weight_strategy.py
[2024-09-10T02:23:08.827+0800] {processor.py:208} INFO - Processing /Users/erniesg/.pyenv/versions/3.12.5/envs/letters_home/lib/python3.12/site-packages/airflow/example_dags/plugins/decreasing_priority_weight_strategy.py took 0.037 seconds
