[2024-09-10T01:36:59.453+0800] {processor.py:186} INFO - Started process (PID=57510) to work on /Users/erniesg/.pyenv/versions/3.12.5/envs/letters_home/lib/python3.12/site-packages/airflow/example_dags/plugins/event_listener.py
[2024-09-10T01:36:59.454+0800] {processor.py:914} INFO - Processing file /Users/erniesg/.pyenv/versions/3.12.5/envs/letters_home/lib/python3.12/site-packages/airflow/example_dags/plugins/event_listener.py for tasks to queue
[2024-09-10T01:36:59.454+0800] {logging_mixin.py:190} INFO - [2024-09-10T01:36:59.454+0800] {dagbag.py:587} INFO - Filling up the DagBag from /Users/erniesg/.pyenv/versions/3.12.5/envs/letters_home/lib/python3.12/site-packages/airflow/example_dags/plugins/event_listener.py
[2024-09-10T01:36:59.454+0800] {processor.py:927} WARNING - No viable dags retrieved from /Users/erniesg/.pyenv/versions/3.12.5/envs/letters_home/lib/python3.12/site-packages/airflow/example_dags/plugins/event_listener.py
[2024-09-10T01:36:59.489+0800] {processor.py:208} INFO - Processing /Users/erniesg/.pyenv/versions/3.12.5/envs/letters_home/lib/python3.12/site-packages/airflow/example_dags/plugins/event_listener.py took 0.037 seconds
[2024-09-10T01:38:50.187+0800] {processor.py:186} INFO - Started process (PID=58051) to work on /Users/erniesg/.pyenv/versions/3.12.5/envs/letters_home/lib/python3.12/site-packages/airflow/example_dags/plugins/event_listener.py
[2024-09-10T01:38:50.188+0800] {processor.py:914} INFO - Processing file /Users/erniesg/.pyenv/versions/3.12.5/envs/letters_home/lib/python3.12/site-packages/airflow/example_dags/plugins/event_listener.py for tasks to queue
[2024-09-10T01:38:50.188+0800] {logging_mixin.py:190} INFO - [2024-09-10T01:38:50.188+0800] {dagbag.py:587} INFO - Filling up the DagBag from /Users/erniesg/.pyenv/versions/3.12.5/envs/letters_home/lib/python3.12/site-packages/airflow/example_dags/plugins/event_listener.py
[2024-09-10T01:38:50.188+0800] {processor.py:927} WARNING - No viable dags retrieved from /Users/erniesg/.pyenv/versions/3.12.5/envs/letters_home/lib/python3.12/site-packages/airflow/example_dags/plugins/event_listener.py
[2024-09-10T01:38:50.221+0800] {processor.py:208} INFO - Processing /Users/erniesg/.pyenv/versions/3.12.5/envs/letters_home/lib/python3.12/site-packages/airflow/example_dags/plugins/event_listener.py took 0.035 seconds
[2024-09-10T01:40:10.005+0800] {processor.py:186} INFO - Started process (PID=58134) to work on /Users/erniesg/.pyenv/versions/3.12.5/envs/letters_home/lib/python3.12/site-packages/airflow/example_dags/plugins/event_listener.py
[2024-09-10T01:40:10.005+0800] {processor.py:914} INFO - Processing file /Users/erniesg/.pyenv/versions/3.12.5/envs/letters_home/lib/python3.12/site-packages/airflow/example_dags/plugins/event_listener.py for tasks to queue
[2024-09-10T01:40:10.006+0800] {logging_mixin.py:190} INFO - [2024-09-10T01:40:10.006+0800] {dagbag.py:587} INFO - Filling up the DagBag from /Users/erniesg/.pyenv/versions/3.12.5/envs/letters_home/lib/python3.12/site-packages/airflow/example_dags/plugins/event_listener.py
[2024-09-10T01:40:10.006+0800] {processor.py:927} WARNING - No viable dags retrieved from /Users/erniesg/.pyenv/versions/3.12.5/envs/letters_home/lib/python3.12/site-packages/airflow/example_dags/plugins/event_listener.py
[2024-09-10T01:40:10.040+0800] {processor.py:208} INFO - Processing /Users/erniesg/.pyenv/versions/3.12.5/envs/letters_home/lib/python3.12/site-packages/airflow/example_dags/plugins/event_listener.py took 0.036 seconds
[2024-09-10T01:41:28.929+0800] {processor.py:186} INFO - Started process (PID=58186) to work on /Users/erniesg/.pyenv/versions/3.12.5/envs/letters_home/lib/python3.12/site-packages/airflow/example_dags/plugins/event_listener.py
[2024-09-10T01:41:28.930+0800] {processor.py:914} INFO - Processing file /Users/erniesg/.pyenv/versions/3.12.5/envs/letters_home/lib/python3.12/site-packages/airflow/example_dags/plugins/event_listener.py for tasks to queue
[2024-09-10T01:41:28.930+0800] {logging_mixin.py:190} INFO - [2024-09-10T01:41:28.930+0800] {dagbag.py:587} INFO - Filling up the DagBag from /Users/erniesg/.pyenv/versions/3.12.5/envs/letters_home/lib/python3.12/site-packages/airflow/example_dags/plugins/event_listener.py
[2024-09-10T01:41:28.930+0800] {processor.py:927} WARNING - No viable dags retrieved from /Users/erniesg/.pyenv/versions/3.12.5/envs/letters_home/lib/python3.12/site-packages/airflow/example_dags/plugins/event_listener.py
[2024-09-10T01:41:28.964+0800] {processor.py:208} INFO - Processing /Users/erniesg/.pyenv/versions/3.12.5/envs/letters_home/lib/python3.12/site-packages/airflow/example_dags/plugins/event_listener.py took 0.036 seconds
[2024-09-10T01:42:51.963+0800] {processor.py:186} INFO - Started process (PID=58271) to work on /Users/erniesg/.pyenv/versions/3.12.5/envs/letters_home/lib/python3.12/site-packages/airflow/example_dags/plugins/event_listener.py
[2024-09-10T01:42:51.964+0800] {processor.py:914} INFO - Processing file /Users/erniesg/.pyenv/versions/3.12.5/envs/letters_home/lib/python3.12/site-packages/airflow/example_dags/plugins/event_listener.py for tasks to queue
[2024-09-10T01:42:51.964+0800] {logging_mixin.py:190} INFO - [2024-09-10T01:42:51.964+0800] {dagbag.py:587} INFO - Filling up the DagBag from /Users/erniesg/.pyenv/versions/3.12.5/envs/letters_home/lib/python3.12/site-packages/airflow/example_dags/plugins/event_listener.py
[2024-09-10T01:42:51.965+0800] {processor.py:927} WARNING - No viable dags retrieved from /Users/erniesg/.pyenv/versions/3.12.5/envs/letters_home/lib/python3.12/site-packages/airflow/example_dags/plugins/event_listener.py
[2024-09-10T01:42:51.999+0800] {processor.py:208} INFO - Processing /Users/erniesg/.pyenv/versions/3.12.5/envs/letters_home/lib/python3.12/site-packages/airflow/example_dags/plugins/event_listener.py took 0.037 seconds
[2024-09-10T01:44:13.263+0800] {processor.py:186} INFO - Started process (PID=58746) to work on /Users/erniesg/.pyenv/versions/3.12.5/envs/letters_home/lib/python3.12/site-packages/airflow/example_dags/plugins/event_listener.py
[2024-09-10T01:44:13.264+0800] {processor.py:914} INFO - Processing file /Users/erniesg/.pyenv/versions/3.12.5/envs/letters_home/lib/python3.12/site-packages/airflow/example_dags/plugins/event_listener.py for tasks to queue
[2024-09-10T01:44:13.264+0800] {logging_mixin.py:190} INFO - [2024-09-10T01:44:13.264+0800] {dagbag.py:587} INFO - Filling up the DagBag from /Users/erniesg/.pyenv/versions/3.12.5/envs/letters_home/lib/python3.12/site-packages/airflow/example_dags/plugins/event_listener.py
[2024-09-10T01:44:13.264+0800] {processor.py:927} WARNING - No viable dags retrieved from /Users/erniesg/.pyenv/versions/3.12.5/envs/letters_home/lib/python3.12/site-packages/airflow/example_dags/plugins/event_listener.py
[2024-09-10T01:44:13.298+0800] {processor.py:208} INFO - Processing /Users/erniesg/.pyenv/versions/3.12.5/envs/letters_home/lib/python3.12/site-packages/airflow/example_dags/plugins/event_listener.py took 0.036 seconds
[2024-09-10T01:55:40.520+0800] {processor.py:186} INFO - Started process (PID=64148) to work on /Users/erniesg/.pyenv/versions/3.12.5/envs/letters_home/lib/python3.12/site-packages/airflow/example_dags/plugins/event_listener.py
[2024-09-10T01:55:40.520+0800] {processor.py:914} INFO - Processing file /Users/erniesg/.pyenv/versions/3.12.5/envs/letters_home/lib/python3.12/site-packages/airflow/example_dags/plugins/event_listener.py for tasks to queue
[2024-09-10T01:55:40.520+0800] {logging_mixin.py:190} INFO - [2024-09-10T01:55:40.520+0800] {dagbag.py:587} INFO - Filling up the DagBag from /Users/erniesg/.pyenv/versions/3.12.5/envs/letters_home/lib/python3.12/site-packages/airflow/example_dags/plugins/event_listener.py
[2024-09-10T01:55:40.521+0800] {processor.py:927} WARNING - No viable dags retrieved from /Users/erniesg/.pyenv/versions/3.12.5/envs/letters_home/lib/python3.12/site-packages/airflow/example_dags/plugins/event_listener.py
[2024-09-10T01:55:40.555+0800] {processor.py:208} INFO - Processing /Users/erniesg/.pyenv/versions/3.12.5/envs/letters_home/lib/python3.12/site-packages/airflow/example_dags/plugins/event_listener.py took 0.037 seconds
[2024-09-10T01:58:30.991+0800] {processor.py:186} INFO - Started process (PID=67438) to work on /Users/erniesg/.pyenv/versions/3.12.5/envs/letters_home/lib/python3.12/site-packages/airflow/example_dags/plugins/event_listener.py
[2024-09-10T01:58:30.991+0800] {processor.py:914} INFO - Processing file /Users/erniesg/.pyenv/versions/3.12.5/envs/letters_home/lib/python3.12/site-packages/airflow/example_dags/plugins/event_listener.py for tasks to queue
[2024-09-10T01:58:30.992+0800] {logging_mixin.py:190} INFO - [2024-09-10T01:58:30.992+0800] {dagbag.py:587} INFO - Filling up the DagBag from /Users/erniesg/.pyenv/versions/3.12.5/envs/letters_home/lib/python3.12/site-packages/airflow/example_dags/plugins/event_listener.py
[2024-09-10T01:58:30.992+0800] {processor.py:927} WARNING - No viable dags retrieved from /Users/erniesg/.pyenv/versions/3.12.5/envs/letters_home/lib/python3.12/site-packages/airflow/example_dags/plugins/event_listener.py
[2024-09-10T01:58:31.026+0800] {processor.py:208} INFO - Processing /Users/erniesg/.pyenv/versions/3.12.5/envs/letters_home/lib/python3.12/site-packages/airflow/example_dags/plugins/event_listener.py took 0.036 seconds
[2024-09-10T02:00:55.352+0800] {processor.py:186} INFO - Started process (PID=67865) to work on /Users/erniesg/.pyenv/versions/3.12.5/envs/letters_home/lib/python3.12/site-packages/airflow/example_dags/plugins/event_listener.py
[2024-09-10T02:00:55.353+0800] {processor.py:914} INFO - Processing file /Users/erniesg/.pyenv/versions/3.12.5/envs/letters_home/lib/python3.12/site-packages/airflow/example_dags/plugins/event_listener.py for tasks to queue
[2024-09-10T02:00:55.353+0800] {logging_mixin.py:190} INFO - [2024-09-10T02:00:55.353+0800] {dagbag.py:587} INFO - Filling up the DagBag from /Users/erniesg/.pyenv/versions/3.12.5/envs/letters_home/lib/python3.12/site-packages/airflow/example_dags/plugins/event_listener.py
[2024-09-10T02:00:55.353+0800] {processor.py:927} WARNING - No viable dags retrieved from /Users/erniesg/.pyenv/versions/3.12.5/envs/letters_home/lib/python3.12/site-packages/airflow/example_dags/plugins/event_listener.py
[2024-09-10T02:00:55.388+0800] {processor.py:208} INFO - Processing /Users/erniesg/.pyenv/versions/3.12.5/envs/letters_home/lib/python3.12/site-packages/airflow/example_dags/plugins/event_listener.py took 0.038 seconds
[2024-09-10T02:02:16.667+0800] {processor.py:186} INFO - Started process (PID=67954) to work on /Users/erniesg/.pyenv/versions/3.12.5/envs/letters_home/lib/python3.12/site-packages/airflow/example_dags/plugins/event_listener.py
[2024-09-10T02:02:16.667+0800] {processor.py:914} INFO - Processing file /Users/erniesg/.pyenv/versions/3.12.5/envs/letters_home/lib/python3.12/site-packages/airflow/example_dags/plugins/event_listener.py for tasks to queue
[2024-09-10T02:02:16.667+0800] {logging_mixin.py:190} INFO - [2024-09-10T02:02:16.667+0800] {dagbag.py:587} INFO - Filling up the DagBag from /Users/erniesg/.pyenv/versions/3.12.5/envs/letters_home/lib/python3.12/site-packages/airflow/example_dags/plugins/event_listener.py
[2024-09-10T02:02:16.668+0800] {processor.py:927} WARNING - No viable dags retrieved from /Users/erniesg/.pyenv/versions/3.12.5/envs/letters_home/lib/python3.12/site-packages/airflow/example_dags/plugins/event_listener.py
[2024-09-10T02:02:16.701+0800] {processor.py:208} INFO - Processing /Users/erniesg/.pyenv/versions/3.12.5/envs/letters_home/lib/python3.12/site-packages/airflow/example_dags/plugins/event_listener.py took 0.036 seconds
[2024-09-10T02:03:36.031+0800] {processor.py:186} INFO - Started process (PID=68053) to work on /Users/erniesg/.pyenv/versions/3.12.5/envs/letters_home/lib/python3.12/site-packages/airflow/example_dags/plugins/event_listener.py
[2024-09-10T02:03:36.031+0800] {processor.py:914} INFO - Processing file /Users/erniesg/.pyenv/versions/3.12.5/envs/letters_home/lib/python3.12/site-packages/airflow/example_dags/plugins/event_listener.py for tasks to queue
[2024-09-10T02:03:36.031+0800] {logging_mixin.py:190} INFO - [2024-09-10T02:03:36.031+0800] {dagbag.py:587} INFO - Filling up the DagBag from /Users/erniesg/.pyenv/versions/3.12.5/envs/letters_home/lib/python3.12/site-packages/airflow/example_dags/plugins/event_listener.py
[2024-09-10T02:03:36.032+0800] {processor.py:927} WARNING - No viable dags retrieved from /Users/erniesg/.pyenv/versions/3.12.5/envs/letters_home/lib/python3.12/site-packages/airflow/example_dags/plugins/event_listener.py
[2024-09-10T02:03:36.067+0800] {processor.py:208} INFO - Processing /Users/erniesg/.pyenv/versions/3.12.5/envs/letters_home/lib/python3.12/site-packages/airflow/example_dags/plugins/event_listener.py took 0.038 seconds
[2024-09-10T02:05:05.430+0800] {processor.py:186} INFO - Started process (PID=68147) to work on /Users/erniesg/.pyenv/versions/3.12.5/envs/letters_home/lib/python3.12/site-packages/airflow/example_dags/plugins/event_listener.py
[2024-09-10T02:05:05.430+0800] {processor.py:914} INFO - Processing file /Users/erniesg/.pyenv/versions/3.12.5/envs/letters_home/lib/python3.12/site-packages/airflow/example_dags/plugins/event_listener.py for tasks to queue
[2024-09-10T02:05:05.430+0800] {logging_mixin.py:190} INFO - [2024-09-10T02:05:05.430+0800] {dagbag.py:587} INFO - Filling up the DagBag from /Users/erniesg/.pyenv/versions/3.12.5/envs/letters_home/lib/python3.12/site-packages/airflow/example_dags/plugins/event_listener.py
[2024-09-10T02:05:05.431+0800] {processor.py:927} WARNING - No viable dags retrieved from /Users/erniesg/.pyenv/versions/3.12.5/envs/letters_home/lib/python3.12/site-packages/airflow/example_dags/plugins/event_listener.py
[2024-09-10T02:05:05.465+0800] {processor.py:208} INFO - Processing /Users/erniesg/.pyenv/versions/3.12.5/envs/letters_home/lib/python3.12/site-packages/airflow/example_dags/plugins/event_listener.py took 0.036 seconds
[2024-09-10T02:06:36.108+0800] {processor.py:186} INFO - Started process (PID=68250) to work on /Users/erniesg/.pyenv/versions/3.12.5/envs/letters_home/lib/python3.12/site-packages/airflow/example_dags/plugins/event_listener.py
[2024-09-10T02:06:36.108+0800] {processor.py:914} INFO - Processing file /Users/erniesg/.pyenv/versions/3.12.5/envs/letters_home/lib/python3.12/site-packages/airflow/example_dags/plugins/event_listener.py for tasks to queue
[2024-09-10T02:06:36.108+0800] {logging_mixin.py:190} INFO - [2024-09-10T02:06:36.108+0800] {dagbag.py:587} INFO - Filling up the DagBag from /Users/erniesg/.pyenv/versions/3.12.5/envs/letters_home/lib/python3.12/site-packages/airflow/example_dags/plugins/event_listener.py
[2024-09-10T02:06:36.109+0800] {processor.py:927} WARNING - No viable dags retrieved from /Users/erniesg/.pyenv/versions/3.12.5/envs/letters_home/lib/python3.12/site-packages/airflow/example_dags/plugins/event_listener.py
[2024-09-10T02:06:36.142+0800] {processor.py:208} INFO - Processing /Users/erniesg/.pyenv/versions/3.12.5/envs/letters_home/lib/python3.12/site-packages/airflow/example_dags/plugins/event_listener.py took 0.035 seconds
[2024-09-10T02:07:59.995+0800] {processor.py:186} INFO - Started process (PID=68445) to work on /Users/erniesg/.pyenv/versions/3.12.5/envs/letters_home/lib/python3.12/site-packages/airflow/example_dags/plugins/event_listener.py
[2024-09-10T02:07:59.996+0800] {processor.py:914} INFO - Processing file /Users/erniesg/.pyenv/versions/3.12.5/envs/letters_home/lib/python3.12/site-packages/airflow/example_dags/plugins/event_listener.py for tasks to queue
[2024-09-10T02:07:59.996+0800] {logging_mixin.py:190} INFO - [2024-09-10T02:07:59.996+0800] {dagbag.py:587} INFO - Filling up the DagBag from /Users/erniesg/.pyenv/versions/3.12.5/envs/letters_home/lib/python3.12/site-packages/airflow/example_dags/plugins/event_listener.py
[2024-09-10T02:07:59.997+0800] {processor.py:927} WARNING - No viable dags retrieved from /Users/erniesg/.pyenv/versions/3.12.5/envs/letters_home/lib/python3.12/site-packages/airflow/example_dags/plugins/event_listener.py
[2024-09-10T02:08:00.031+0800] {processor.py:208} INFO - Processing /Users/erniesg/.pyenv/versions/3.12.5/envs/letters_home/lib/python3.12/site-packages/airflow/example_dags/plugins/event_listener.py took 0.037 seconds
[2024-09-10T02:09:22.392+0800] {processor.py:186} INFO - Started process (PID=68577) to work on /Users/erniesg/.pyenv/versions/3.12.5/envs/letters_home/lib/python3.12/site-packages/airflow/example_dags/plugins/event_listener.py
[2024-09-10T02:09:22.392+0800] {processor.py:914} INFO - Processing file /Users/erniesg/.pyenv/versions/3.12.5/envs/letters_home/lib/python3.12/site-packages/airflow/example_dags/plugins/event_listener.py for tasks to queue
[2024-09-10T02:09:22.393+0800] {logging_mixin.py:190} INFO - [2024-09-10T02:09:22.392+0800] {dagbag.py:587} INFO - Filling up the DagBag from /Users/erniesg/.pyenv/versions/3.12.5/envs/letters_home/lib/python3.12/site-packages/airflow/example_dags/plugins/event_listener.py
[2024-09-10T02:09:22.393+0800] {processor.py:927} WARNING - No viable dags retrieved from /Users/erniesg/.pyenv/versions/3.12.5/envs/letters_home/lib/python3.12/site-packages/airflow/example_dags/plugins/event_listener.py
[2024-09-10T02:09:22.426+0800] {processor.py:208} INFO - Processing /Users/erniesg/.pyenv/versions/3.12.5/envs/letters_home/lib/python3.12/site-packages/airflow/example_dags/plugins/event_listener.py took 0.036 seconds
[2024-09-10T02:11:10.839+0800] {processor.py:186} INFO - Started process (PID=68923) to work on /Users/erniesg/.pyenv/versions/3.12.5/envs/letters_home/lib/python3.12/site-packages/airflow/example_dags/plugins/event_listener.py
[2024-09-10T02:11:10.839+0800] {processor.py:914} INFO - Processing file /Users/erniesg/.pyenv/versions/3.12.5/envs/letters_home/lib/python3.12/site-packages/airflow/example_dags/plugins/event_listener.py for tasks to queue
[2024-09-10T02:11:10.839+0800] {logging_mixin.py:190} INFO - [2024-09-10T02:11:10.839+0800] {dagbag.py:587} INFO - Filling up the DagBag from /Users/erniesg/.pyenv/versions/3.12.5/envs/letters_home/lib/python3.12/site-packages/airflow/example_dags/plugins/event_listener.py
[2024-09-10T02:11:10.840+0800] {processor.py:927} WARNING - No viable dags retrieved from /Users/erniesg/.pyenv/versions/3.12.5/envs/letters_home/lib/python3.12/site-packages/airflow/example_dags/plugins/event_listener.py
[2024-09-10T02:11:10.873+0800] {processor.py:208} INFO - Processing /Users/erniesg/.pyenv/versions/3.12.5/envs/letters_home/lib/python3.12/site-packages/airflow/example_dags/plugins/event_listener.py took 0.036 seconds
[2024-09-10T02:12:02.332+0800] {processor.py:186} INFO - Started process (PID=69236) to work on /Users/erniesg/.pyenv/versions/3.12.5/envs/letters_home/lib/python3.12/site-packages/airflow/example_dags/plugins/event_listener.py
[2024-09-10T02:12:02.333+0800] {processor.py:914} INFO - Processing file /Users/erniesg/.pyenv/versions/3.12.5/envs/letters_home/lib/python3.12/site-packages/airflow/example_dags/plugins/event_listener.py for tasks to queue
[2024-09-10T02:12:02.333+0800] {logging_mixin.py:190} INFO - [2024-09-10T02:12:02.333+0800] {dagbag.py:587} INFO - Filling up the DagBag from /Users/erniesg/.pyenv/versions/3.12.5/envs/letters_home/lib/python3.12/site-packages/airflow/example_dags/plugins/event_listener.py
[2024-09-10T02:12:02.334+0800] {processor.py:927} WARNING - No viable dags retrieved from /Users/erniesg/.pyenv/versions/3.12.5/envs/letters_home/lib/python3.12/site-packages/airflow/example_dags/plugins/event_listener.py
[2024-09-10T02:12:02.368+0800] {processor.py:208} INFO - Processing /Users/erniesg/.pyenv/versions/3.12.5/envs/letters_home/lib/python3.12/site-packages/airflow/example_dags/plugins/event_listener.py took 0.037 seconds
[2024-09-10T02:13:55.389+0800] {processor.py:186} INFO - Started process (PID=69334) to work on /Users/erniesg/.pyenv/versions/3.12.5/envs/letters_home/lib/python3.12/site-packages/airflow/example_dags/plugins/event_listener.py
[2024-09-10T02:13:55.390+0800] {processor.py:914} INFO - Processing file /Users/erniesg/.pyenv/versions/3.12.5/envs/letters_home/lib/python3.12/site-packages/airflow/example_dags/plugins/event_listener.py for tasks to queue
[2024-09-10T02:13:55.390+0800] {logging_mixin.py:190} INFO - [2024-09-10T02:13:55.390+0800] {dagbag.py:587} INFO - Filling up the DagBag from /Users/erniesg/.pyenv/versions/3.12.5/envs/letters_home/lib/python3.12/site-packages/airflow/example_dags/plugins/event_listener.py
[2024-09-10T02:13:55.391+0800] {processor.py:927} WARNING - No viable dags retrieved from /Users/erniesg/.pyenv/versions/3.12.5/envs/letters_home/lib/python3.12/site-packages/airflow/example_dags/plugins/event_listener.py
[2024-09-10T02:13:55.428+0800] {processor.py:208} INFO - Processing /Users/erniesg/.pyenv/versions/3.12.5/envs/letters_home/lib/python3.12/site-packages/airflow/example_dags/plugins/event_listener.py took 0.040 seconds
[2024-09-10T02:15:23.943+0800] {processor.py:186} INFO - Started process (PID=69678) to work on /Users/erniesg/.pyenv/versions/3.12.5/envs/letters_home/lib/python3.12/site-packages/airflow/example_dags/plugins/event_listener.py
[2024-09-10T02:15:23.944+0800] {processor.py:914} INFO - Processing file /Users/erniesg/.pyenv/versions/3.12.5/envs/letters_home/lib/python3.12/site-packages/airflow/example_dags/plugins/event_listener.py for tasks to queue
[2024-09-10T02:15:23.944+0800] {logging_mixin.py:190} INFO - [2024-09-10T02:15:23.944+0800] {dagbag.py:587} INFO - Filling up the DagBag from /Users/erniesg/.pyenv/versions/3.12.5/envs/letters_home/lib/python3.12/site-packages/airflow/example_dags/plugins/event_listener.py
[2024-09-10T02:15:23.944+0800] {processor.py:927} WARNING - No viable dags retrieved from /Users/erniesg/.pyenv/versions/3.12.5/envs/letters_home/lib/python3.12/site-packages/airflow/example_dags/plugins/event_listener.py
[2024-09-10T02:15:23.980+0800] {processor.py:208} INFO - Processing /Users/erniesg/.pyenv/versions/3.12.5/envs/letters_home/lib/python3.12/site-packages/airflow/example_dags/plugins/event_listener.py took 0.038 seconds
[2024-09-10T02:17:20.810+0800] {processor.py:186} INFO - Started process (PID=69810) to work on /Users/erniesg/.pyenv/versions/3.12.5/envs/letters_home/lib/python3.12/site-packages/airflow/example_dags/plugins/event_listener.py
[2024-09-10T02:17:20.811+0800] {processor.py:914} INFO - Processing file /Users/erniesg/.pyenv/versions/3.12.5/envs/letters_home/lib/python3.12/site-packages/airflow/example_dags/plugins/event_listener.py for tasks to queue
[2024-09-10T02:17:20.811+0800] {logging_mixin.py:190} INFO - [2024-09-10T02:17:20.811+0800] {dagbag.py:587} INFO - Filling up the DagBag from /Users/erniesg/.pyenv/versions/3.12.5/envs/letters_home/lib/python3.12/site-packages/airflow/example_dags/plugins/event_listener.py
[2024-09-10T02:17:20.812+0800] {processor.py:927} WARNING - No viable dags retrieved from /Users/erniesg/.pyenv/versions/3.12.5/envs/letters_home/lib/python3.12/site-packages/airflow/example_dags/plugins/event_listener.py
[2024-09-10T02:17:20.846+0800] {processor.py:208} INFO - Processing /Users/erniesg/.pyenv/versions/3.12.5/envs/letters_home/lib/python3.12/site-packages/airflow/example_dags/plugins/event_listener.py took 0.036 seconds
[2024-09-10T02:18:43.285+0800] {processor.py:186} INFO - Started process (PID=70232) to work on /Users/erniesg/.pyenv/versions/3.12.5/envs/letters_home/lib/python3.12/site-packages/airflow/example_dags/plugins/event_listener.py
[2024-09-10T02:18:43.286+0800] {processor.py:914} INFO - Processing file /Users/erniesg/.pyenv/versions/3.12.5/envs/letters_home/lib/python3.12/site-packages/airflow/example_dags/plugins/event_listener.py for tasks to queue
[2024-09-10T02:18:43.286+0800] {logging_mixin.py:190} INFO - [2024-09-10T02:18:43.286+0800] {dagbag.py:587} INFO - Filling up the DagBag from /Users/erniesg/.pyenv/versions/3.12.5/envs/letters_home/lib/python3.12/site-packages/airflow/example_dags/plugins/event_listener.py
[2024-09-10T02:18:43.286+0800] {processor.py:927} WARNING - No viable dags retrieved from /Users/erniesg/.pyenv/versions/3.12.5/envs/letters_home/lib/python3.12/site-packages/airflow/example_dags/plugins/event_listener.py
[2024-09-10T02:18:43.321+0800] {processor.py:208} INFO - Processing /Users/erniesg/.pyenv/versions/3.12.5/envs/letters_home/lib/python3.12/site-packages/airflow/example_dags/plugins/event_listener.py took 0.037 seconds
[2024-09-10T02:20:06.898+0800] {processor.py:186} INFO - Started process (PID=70351) to work on /Users/erniesg/.pyenv/versions/3.12.5/envs/letters_home/lib/python3.12/site-packages/airflow/example_dags/plugins/event_listener.py
[2024-09-10T02:20:06.899+0800] {processor.py:914} INFO - Processing file /Users/erniesg/.pyenv/versions/3.12.5/envs/letters_home/lib/python3.12/site-packages/airflow/example_dags/plugins/event_listener.py for tasks to queue
[2024-09-10T02:20:06.899+0800] {logging_mixin.py:190} INFO - [2024-09-10T02:20:06.899+0800] {dagbag.py:587} INFO - Filling up the DagBag from /Users/erniesg/.pyenv/versions/3.12.5/envs/letters_home/lib/python3.12/site-packages/airflow/example_dags/plugins/event_listener.py
[2024-09-10T02:20:06.900+0800] {processor.py:927} WARNING - No viable dags retrieved from /Users/erniesg/.pyenv/versions/3.12.5/envs/letters_home/lib/python3.12/site-packages/airflow/example_dags/plugins/event_listener.py
[2024-09-10T02:20:06.935+0800] {processor.py:208} INFO - Processing /Users/erniesg/.pyenv/versions/3.12.5/envs/letters_home/lib/python3.12/site-packages/airflow/example_dags/plugins/event_listener.py took 0.037 seconds
[2024-09-10T02:23:06.846+0800] {processor.py:186} INFO - Started process (PID=71795) to work on /Users/erniesg/.pyenv/versions/3.12.5/envs/letters_home/lib/python3.12/site-packages/airflow/example_dags/plugins/event_listener.py
[2024-09-10T02:23:06.846+0800] {processor.py:914} INFO - Processing file /Users/erniesg/.pyenv/versions/3.12.5/envs/letters_home/lib/python3.12/site-packages/airflow/example_dags/plugins/event_listener.py for tasks to queue
[2024-09-10T02:23:06.847+0800] {logging_mixin.py:190} INFO - [2024-09-10T02:23:06.846+0800] {dagbag.py:587} INFO - Filling up the DagBag from /Users/erniesg/.pyenv/versions/3.12.5/envs/letters_home/lib/python3.12/site-packages/airflow/example_dags/plugins/event_listener.py
[2024-09-10T02:23:06.847+0800] {processor.py:927} WARNING - No viable dags retrieved from /Users/erniesg/.pyenv/versions/3.12.5/envs/letters_home/lib/python3.12/site-packages/airflow/example_dags/plugins/event_listener.py
[2024-09-10T02:23:06.881+0800] {processor.py:208} INFO - Processing /Users/erniesg/.pyenv/versions/3.12.5/envs/letters_home/lib/python3.12/site-packages/airflow/example_dags/plugins/event_listener.py took 0.036 seconds
