[2024-09-10T01:36:57.434+0800] {processor.py:186} INFO - Started process (PID=57509) to work on /Users/erniesg/.pyenv/versions/3.12.5/envs/letters_home/lib/python3.12/site-packages/airflow/example_dags/plugins/listener_plugin.py
[2024-09-10T01:36:57.434+0800] {processor.py:914} INFO - Processing file /Users/erniesg/.pyenv/versions/3.12.5/envs/letters_home/lib/python3.12/site-packages/airflow/example_dags/plugins/listener_plugin.py for tasks to queue
[2024-09-10T01:36:57.434+0800] {logging_mixin.py:190} INFO - [2024-09-10T01:36:57.434+0800] {dagbag.py:587} INFO - Filling up the DagBag from /Users/erniesg/.pyenv/versions/3.12.5/envs/letters_home/lib/python3.12/site-packages/airflow/example_dags/plugins/listener_plugin.py
[2024-09-10T01:36:57.435+0800] {processor.py:927} WARNING - No viable dags retrieved from /Users/erniesg/.pyenv/versions/3.12.5/envs/letters_home/lib/python3.12/site-packages/airflow/example_dags/plugins/listener_plugin.py
[2024-09-10T01:36:57.469+0800] {processor.py:208} INFO - Processing /Users/erniesg/.pyenv/versions/3.12.5/envs/letters_home/lib/python3.12/site-packages/airflow/example_dags/plugins/listener_plugin.py took 0.036 seconds
[2024-09-10T01:38:48.770+0800] {processor.py:186} INFO - Started process (PID=58050) to work on /Users/erniesg/.pyenv/versions/3.12.5/envs/letters_home/lib/python3.12/site-packages/airflow/example_dags/plugins/listener_plugin.py
[2024-09-10T01:38:48.771+0800] {processor.py:914} INFO - Processing file /Users/erniesg/.pyenv/versions/3.12.5/envs/letters_home/lib/python3.12/site-packages/airflow/example_dags/plugins/listener_plugin.py for tasks to queue
[2024-09-10T01:38:48.771+0800] {logging_mixin.py:190} INFO - [2024-09-10T01:38:48.771+0800] {dagbag.py:587} INFO - Filling up the DagBag from /Users/erniesg/.pyenv/versions/3.12.5/envs/letters_home/lib/python3.12/site-packages/airflow/example_dags/plugins/listener_plugin.py
[2024-09-10T01:38:48.772+0800] {processor.py:927} WARNING - No viable dags retrieved from /Users/erniesg/.pyenv/versions/3.12.5/envs/letters_home/lib/python3.12/site-packages/airflow/example_dags/plugins/listener_plugin.py
[2024-09-10T01:38:48.806+0800] {processor.py:208} INFO - Processing /Users/erniesg/.pyenv/versions/3.12.5/envs/letters_home/lib/python3.12/site-packages/airflow/example_dags/plugins/listener_plugin.py took 0.037 seconds
[2024-09-10T01:40:08.010+0800] {processor.py:186} INFO - Started process (PID=58133) to work on /Users/erniesg/.pyenv/versions/3.12.5/envs/letters_home/lib/python3.12/site-packages/airflow/example_dags/plugins/listener_plugin.py
[2024-09-10T01:40:08.011+0800] {processor.py:914} INFO - Processing file /Users/erniesg/.pyenv/versions/3.12.5/envs/letters_home/lib/python3.12/site-packages/airflow/example_dags/plugins/listener_plugin.py for tasks to queue
[2024-09-10T01:40:08.011+0800] {logging_mixin.py:190} INFO - [2024-09-10T01:40:08.011+0800] {dagbag.py:587} INFO - Filling up the DagBag from /Users/erniesg/.pyenv/versions/3.12.5/envs/letters_home/lib/python3.12/site-packages/airflow/example_dags/plugins/listener_plugin.py
[2024-09-10T01:40:08.012+0800] {processor.py:927} WARNING - No viable dags retrieved from /Users/erniesg/.pyenv/versions/3.12.5/envs/letters_home/lib/python3.12/site-packages/airflow/example_dags/plugins/listener_plugin.py
[2024-09-10T01:40:08.046+0800] {processor.py:208} INFO - Processing /Users/erniesg/.pyenv/versions/3.12.5/envs/letters_home/lib/python3.12/site-packages/airflow/example_dags/plugins/listener_plugin.py took 0.036 seconds
[2024-09-10T01:41:27.150+0800] {processor.py:186} INFO - Started process (PID=58185) to work on /Users/erniesg/.pyenv/versions/3.12.5/envs/letters_home/lib/python3.12/site-packages/airflow/example_dags/plugins/listener_plugin.py
[2024-09-10T01:41:27.150+0800] {processor.py:914} INFO - Processing file /Users/erniesg/.pyenv/versions/3.12.5/envs/letters_home/lib/python3.12/site-packages/airflow/example_dags/plugins/listener_plugin.py for tasks to queue
[2024-09-10T01:41:27.150+0800] {logging_mixin.py:190} INFO - [2024-09-10T01:41:27.150+0800] {dagbag.py:587} INFO - Filling up the DagBag from /Users/erniesg/.pyenv/versions/3.12.5/envs/letters_home/lib/python3.12/site-packages/airflow/example_dags/plugins/listener_plugin.py
[2024-09-10T01:41:27.151+0800] {processor.py:927} WARNING - No viable dags retrieved from /Users/erniesg/.pyenv/versions/3.12.5/envs/letters_home/lib/python3.12/site-packages/airflow/example_dags/plugins/listener_plugin.py
[2024-09-10T01:41:27.185+0800] {processor.py:208} INFO - Processing /Users/erniesg/.pyenv/versions/3.12.5/envs/letters_home/lib/python3.12/site-packages/airflow/example_dags/plugins/listener_plugin.py took 0.037 seconds
[2024-09-10T01:42:50.218+0800] {processor.py:186} INFO - Started process (PID=58270) to work on /Users/erniesg/.pyenv/versions/3.12.5/envs/letters_home/lib/python3.12/site-packages/airflow/example_dags/plugins/listener_plugin.py
[2024-09-10T01:42:50.219+0800] {processor.py:914} INFO - Processing file /Users/erniesg/.pyenv/versions/3.12.5/envs/letters_home/lib/python3.12/site-packages/airflow/example_dags/plugins/listener_plugin.py for tasks to queue
[2024-09-10T01:42:50.219+0800] {logging_mixin.py:190} INFO - [2024-09-10T01:42:50.219+0800] {dagbag.py:587} INFO - Filling up the DagBag from /Users/erniesg/.pyenv/versions/3.12.5/envs/letters_home/lib/python3.12/site-packages/airflow/example_dags/plugins/listener_plugin.py
[2024-09-10T01:42:50.220+0800] {processor.py:927} WARNING - No viable dags retrieved from /Users/erniesg/.pyenv/versions/3.12.5/envs/letters_home/lib/python3.12/site-packages/airflow/example_dags/plugins/listener_plugin.py
[2024-09-10T01:42:50.255+0800] {processor.py:208} INFO - Processing /Users/erniesg/.pyenv/versions/3.12.5/envs/letters_home/lib/python3.12/site-packages/airflow/example_dags/plugins/listener_plugin.py took 0.037 seconds
[2024-09-10T01:44:11.573+0800] {processor.py:186} INFO - Started process (PID=58745) to work on /Users/erniesg/.pyenv/versions/3.12.5/envs/letters_home/lib/python3.12/site-packages/airflow/example_dags/plugins/listener_plugin.py
[2024-09-10T01:44:11.574+0800] {processor.py:914} INFO - Processing file /Users/erniesg/.pyenv/versions/3.12.5/envs/letters_home/lib/python3.12/site-packages/airflow/example_dags/plugins/listener_plugin.py for tasks to queue
[2024-09-10T01:44:11.574+0800] {logging_mixin.py:190} INFO - [2024-09-10T01:44:11.574+0800] {dagbag.py:587} INFO - Filling up the DagBag from /Users/erniesg/.pyenv/versions/3.12.5/envs/letters_home/lib/python3.12/site-packages/airflow/example_dags/plugins/listener_plugin.py
[2024-09-10T01:44:11.575+0800] {processor.py:927} WARNING - No viable dags retrieved from /Users/erniesg/.pyenv/versions/3.12.5/envs/letters_home/lib/python3.12/site-packages/airflow/example_dags/plugins/listener_plugin.py
[2024-09-10T01:44:11.608+0800] {processor.py:208} INFO - Processing /Users/erniesg/.pyenv/versions/3.12.5/envs/letters_home/lib/python3.12/site-packages/airflow/example_dags/plugins/listener_plugin.py took 0.036 seconds
[2024-09-10T01:55:38.545+0800] {processor.py:186} INFO - Started process (PID=64147) to work on /Users/erniesg/.pyenv/versions/3.12.5/envs/letters_home/lib/python3.12/site-packages/airflow/example_dags/plugins/listener_plugin.py
[2024-09-10T01:55:38.545+0800] {processor.py:914} INFO - Processing file /Users/erniesg/.pyenv/versions/3.12.5/envs/letters_home/lib/python3.12/site-packages/airflow/example_dags/plugins/listener_plugin.py for tasks to queue
[2024-09-10T01:55:38.546+0800] {logging_mixin.py:190} INFO - [2024-09-10T01:55:38.546+0800] {dagbag.py:587} INFO - Filling up the DagBag from /Users/erniesg/.pyenv/versions/3.12.5/envs/letters_home/lib/python3.12/site-packages/airflow/example_dags/plugins/listener_plugin.py
[2024-09-10T01:55:38.546+0800] {processor.py:927} WARNING - No viable dags retrieved from /Users/erniesg/.pyenv/versions/3.12.5/envs/letters_home/lib/python3.12/site-packages/airflow/example_dags/plugins/listener_plugin.py
[2024-09-10T01:55:38.579+0800] {processor.py:208} INFO - Processing /Users/erniesg/.pyenv/versions/3.12.5/envs/letters_home/lib/python3.12/site-packages/airflow/example_dags/plugins/listener_plugin.py took 0.035 seconds
[2024-09-10T01:58:28.995+0800] {processor.py:186} INFO - Started process (PID=67437) to work on /Users/erniesg/.pyenv/versions/3.12.5/envs/letters_home/lib/python3.12/site-packages/airflow/example_dags/plugins/listener_plugin.py
[2024-09-10T01:58:28.995+0800] {processor.py:914} INFO - Processing file /Users/erniesg/.pyenv/versions/3.12.5/envs/letters_home/lib/python3.12/site-packages/airflow/example_dags/plugins/listener_plugin.py for tasks to queue
[2024-09-10T01:58:28.996+0800] {logging_mixin.py:190} INFO - [2024-09-10T01:58:28.996+0800] {dagbag.py:587} INFO - Filling up the DagBag from /Users/erniesg/.pyenv/versions/3.12.5/envs/letters_home/lib/python3.12/site-packages/airflow/example_dags/plugins/listener_plugin.py
[2024-09-10T01:58:28.996+0800] {processor.py:927} WARNING - No viable dags retrieved from /Users/erniesg/.pyenv/versions/3.12.5/envs/letters_home/lib/python3.12/site-packages/airflow/example_dags/plugins/listener_plugin.py
[2024-09-10T01:58:29.029+0800] {processor.py:208} INFO - Processing /Users/erniesg/.pyenv/versions/3.12.5/envs/letters_home/lib/python3.12/site-packages/airflow/example_dags/plugins/listener_plugin.py took 0.036 seconds
[2024-09-10T02:00:53.176+0800] {processor.py:186} INFO - Started process (PID=67857) to work on /Users/erniesg/.pyenv/versions/3.12.5/envs/letters_home/lib/python3.12/site-packages/airflow/example_dags/plugins/listener_plugin.py
[2024-09-10T02:00:53.176+0800] {processor.py:914} INFO - Processing file /Users/erniesg/.pyenv/versions/3.12.5/envs/letters_home/lib/python3.12/site-packages/airflow/example_dags/plugins/listener_plugin.py for tasks to queue
[2024-09-10T02:00:53.177+0800] {logging_mixin.py:190} INFO - [2024-09-10T02:00:53.177+0800] {dagbag.py:587} INFO - Filling up the DagBag from /Users/erniesg/.pyenv/versions/3.12.5/envs/letters_home/lib/python3.12/site-packages/airflow/example_dags/plugins/listener_plugin.py
[2024-09-10T02:00:53.177+0800] {processor.py:927} WARNING - No viable dags retrieved from /Users/erniesg/.pyenv/versions/3.12.5/envs/letters_home/lib/python3.12/site-packages/airflow/example_dags/plugins/listener_plugin.py
[2024-09-10T02:00:53.212+0800] {processor.py:208} INFO - Processing /Users/erniesg/.pyenv/versions/3.12.5/envs/letters_home/lib/python3.12/site-packages/airflow/example_dags/plugins/listener_plugin.py took 0.038 seconds
[2024-09-10T02:02:14.596+0800] {processor.py:186} INFO - Started process (PID=67953) to work on /Users/erniesg/.pyenv/versions/3.12.5/envs/letters_home/lib/python3.12/site-packages/airflow/example_dags/plugins/listener_plugin.py
[2024-09-10T02:02:14.596+0800] {processor.py:914} INFO - Processing file /Users/erniesg/.pyenv/versions/3.12.5/envs/letters_home/lib/python3.12/site-packages/airflow/example_dags/plugins/listener_plugin.py for tasks to queue
[2024-09-10T02:02:14.596+0800] {logging_mixin.py:190} INFO - [2024-09-10T02:02:14.596+0800] {dagbag.py:587} INFO - Filling up the DagBag from /Users/erniesg/.pyenv/versions/3.12.5/envs/letters_home/lib/python3.12/site-packages/airflow/example_dags/plugins/listener_plugin.py
[2024-09-10T02:02:14.597+0800] {processor.py:927} WARNING - No viable dags retrieved from /Users/erniesg/.pyenv/versions/3.12.5/envs/letters_home/lib/python3.12/site-packages/airflow/example_dags/plugins/listener_plugin.py
[2024-09-10T02:02:14.630+0800] {processor.py:208} INFO - Processing /Users/erniesg/.pyenv/versions/3.12.5/envs/letters_home/lib/python3.12/site-packages/airflow/example_dags/plugins/listener_plugin.py took 0.035 seconds
[2024-09-10T02:03:34.142+0800] {processor.py:186} INFO - Started process (PID=68050) to work on /Users/erniesg/.pyenv/versions/3.12.5/envs/letters_home/lib/python3.12/site-packages/airflow/example_dags/plugins/listener_plugin.py
[2024-09-10T02:03:34.143+0800] {processor.py:914} INFO - Processing file /Users/erniesg/.pyenv/versions/3.12.5/envs/letters_home/lib/python3.12/site-packages/airflow/example_dags/plugins/listener_plugin.py for tasks to queue
[2024-09-10T02:03:34.143+0800] {logging_mixin.py:190} INFO - [2024-09-10T02:03:34.143+0800] {dagbag.py:587} INFO - Filling up the DagBag from /Users/erniesg/.pyenv/versions/3.12.5/envs/letters_home/lib/python3.12/site-packages/airflow/example_dags/plugins/listener_plugin.py
[2024-09-10T02:03:34.143+0800] {processor.py:927} WARNING - No viable dags retrieved from /Users/erniesg/.pyenv/versions/3.12.5/envs/letters_home/lib/python3.12/site-packages/airflow/example_dags/plugins/listener_plugin.py
[2024-09-10T02:03:34.178+0800] {processor.py:208} INFO - Processing /Users/erniesg/.pyenv/versions/3.12.5/envs/letters_home/lib/python3.12/site-packages/airflow/example_dags/plugins/listener_plugin.py took 0.037 seconds
[2024-09-10T02:05:01.337+0800] {processor.py:186} INFO - Started process (PID=68142) to work on /Users/erniesg/.pyenv/versions/3.12.5/envs/letters_home/lib/python3.12/site-packages/airflow/example_dags/plugins/listener_plugin.py
[2024-09-10T02:05:01.337+0800] {processor.py:914} INFO - Processing file /Users/erniesg/.pyenv/versions/3.12.5/envs/letters_home/lib/python3.12/site-packages/airflow/example_dags/plugins/listener_plugin.py for tasks to queue
[2024-09-10T02:05:01.338+0800] {logging_mixin.py:190} INFO - [2024-09-10T02:05:01.337+0800] {dagbag.py:587} INFO - Filling up the DagBag from /Users/erniesg/.pyenv/versions/3.12.5/envs/letters_home/lib/python3.12/site-packages/airflow/example_dags/plugins/listener_plugin.py
[2024-09-10T02:05:01.338+0800] {processor.py:927} WARNING - No viable dags retrieved from /Users/erniesg/.pyenv/versions/3.12.5/envs/letters_home/lib/python3.12/site-packages/airflow/example_dags/plugins/listener_plugin.py
[2024-09-10T02:05:01.371+0800] {processor.py:208} INFO - Processing /Users/erniesg/.pyenv/versions/3.12.5/envs/letters_home/lib/python3.12/site-packages/airflow/example_dags/plugins/listener_plugin.py took 0.036 seconds
[2024-09-10T02:06:34.089+0800] {processor.py:186} INFO - Started process (PID=68249) to work on /Users/erniesg/.pyenv/versions/3.12.5/envs/letters_home/lib/python3.12/site-packages/airflow/example_dags/plugins/listener_plugin.py
[2024-09-10T02:06:34.090+0800] {processor.py:914} INFO - Processing file /Users/erniesg/.pyenv/versions/3.12.5/envs/letters_home/lib/python3.12/site-packages/airflow/example_dags/plugins/listener_plugin.py for tasks to queue
[2024-09-10T02:06:34.090+0800] {logging_mixin.py:190} INFO - [2024-09-10T02:06:34.090+0800] {dagbag.py:587} INFO - Filling up the DagBag from /Users/erniesg/.pyenv/versions/3.12.5/envs/letters_home/lib/python3.12/site-packages/airflow/example_dags/plugins/listener_plugin.py
[2024-09-10T02:06:34.091+0800] {processor.py:927} WARNING - No viable dags retrieved from /Users/erniesg/.pyenv/versions/3.12.5/envs/letters_home/lib/python3.12/site-packages/airflow/example_dags/plugins/listener_plugin.py
[2024-09-10T02:06:34.124+0800] {processor.py:208} INFO - Processing /Users/erniesg/.pyenv/versions/3.12.5/envs/letters_home/lib/python3.12/site-packages/airflow/example_dags/plugins/listener_plugin.py took 0.036 seconds
[2024-09-10T02:07:57.930+0800] {processor.py:186} INFO - Started process (PID=68444) to work on /Users/erniesg/.pyenv/versions/3.12.5/envs/letters_home/lib/python3.12/site-packages/airflow/example_dags/plugins/listener_plugin.py
[2024-09-10T02:07:57.930+0800] {processor.py:914} INFO - Processing file /Users/erniesg/.pyenv/versions/3.12.5/envs/letters_home/lib/python3.12/site-packages/airflow/example_dags/plugins/listener_plugin.py for tasks to queue
[2024-09-10T02:07:57.930+0800] {logging_mixin.py:190} INFO - [2024-09-10T02:07:57.930+0800] {dagbag.py:587} INFO - Filling up the DagBag from /Users/erniesg/.pyenv/versions/3.12.5/envs/letters_home/lib/python3.12/site-packages/airflow/example_dags/plugins/listener_plugin.py
[2024-09-10T02:07:57.931+0800] {processor.py:927} WARNING - No viable dags retrieved from /Users/erniesg/.pyenv/versions/3.12.5/envs/letters_home/lib/python3.12/site-packages/airflow/example_dags/plugins/listener_plugin.py
[2024-09-10T02:07:57.965+0800] {processor.py:208} INFO - Processing /Users/erniesg/.pyenv/versions/3.12.5/envs/letters_home/lib/python3.12/site-packages/airflow/example_dags/plugins/listener_plugin.py took 0.037 seconds
[2024-09-10T02:09:20.362+0800] {processor.py:186} INFO - Started process (PID=68575) to work on /Users/erniesg/.pyenv/versions/3.12.5/envs/letters_home/lib/python3.12/site-packages/airflow/example_dags/plugins/listener_plugin.py
[2024-09-10T02:09:20.363+0800] {processor.py:914} INFO - Processing file /Users/erniesg/.pyenv/versions/3.12.5/envs/letters_home/lib/python3.12/site-packages/airflow/example_dags/plugins/listener_plugin.py for tasks to queue
[2024-09-10T02:09:20.363+0800] {logging_mixin.py:190} INFO - [2024-09-10T02:09:20.363+0800] {dagbag.py:587} INFO - Filling up the DagBag from /Users/erniesg/.pyenv/versions/3.12.5/envs/letters_home/lib/python3.12/site-packages/airflow/example_dags/plugins/listener_plugin.py
[2024-09-10T02:09:20.364+0800] {processor.py:927} WARNING - No viable dags retrieved from /Users/erniesg/.pyenv/versions/3.12.5/envs/letters_home/lib/python3.12/site-packages/airflow/example_dags/plugins/listener_plugin.py
[2024-09-10T02:09:20.398+0800] {processor.py:208} INFO - Processing /Users/erniesg/.pyenv/versions/3.12.5/envs/letters_home/lib/python3.12/site-packages/airflow/example_dags/plugins/listener_plugin.py took 0.037 seconds
[2024-09-10T02:11:08.790+0800] {processor.py:186} INFO - Started process (PID=68922) to work on /Users/erniesg/.pyenv/versions/3.12.5/envs/letters_home/lib/python3.12/site-packages/airflow/example_dags/plugins/listener_plugin.py
[2024-09-10T02:11:08.790+0800] {processor.py:914} INFO - Processing file /Users/erniesg/.pyenv/versions/3.12.5/envs/letters_home/lib/python3.12/site-packages/airflow/example_dags/plugins/listener_plugin.py for tasks to queue
[2024-09-10T02:11:08.791+0800] {logging_mixin.py:190} INFO - [2024-09-10T02:11:08.791+0800] {dagbag.py:587} INFO - Filling up the DagBag from /Users/erniesg/.pyenv/versions/3.12.5/envs/letters_home/lib/python3.12/site-packages/airflow/example_dags/plugins/listener_plugin.py
[2024-09-10T02:11:08.791+0800] {processor.py:927} WARNING - No viable dags retrieved from /Users/erniesg/.pyenv/versions/3.12.5/envs/letters_home/lib/python3.12/site-packages/airflow/example_dags/plugins/listener_plugin.py
[2024-09-10T02:11:08.825+0800] {processor.py:208} INFO - Processing /Users/erniesg/.pyenv/versions/3.12.5/envs/letters_home/lib/python3.12/site-packages/airflow/example_dags/plugins/listener_plugin.py took 0.036 seconds
[2024-09-10T02:12:00.212+0800] {processor.py:186} INFO - Started process (PID=69234) to work on /Users/erniesg/.pyenv/versions/3.12.5/envs/letters_home/lib/python3.12/site-packages/airflow/example_dags/plugins/listener_plugin.py
[2024-09-10T02:12:00.213+0800] {processor.py:914} INFO - Processing file /Users/erniesg/.pyenv/versions/3.12.5/envs/letters_home/lib/python3.12/site-packages/airflow/example_dags/plugins/listener_plugin.py for tasks to queue
[2024-09-10T02:12:00.213+0800] {logging_mixin.py:190} INFO - [2024-09-10T02:12:00.213+0800] {dagbag.py:587} INFO - Filling up the DagBag from /Users/erniesg/.pyenv/versions/3.12.5/envs/letters_home/lib/python3.12/site-packages/airflow/example_dags/plugins/listener_plugin.py
[2024-09-10T02:12:00.214+0800] {processor.py:927} WARNING - No viable dags retrieved from /Users/erniesg/.pyenv/versions/3.12.5/envs/letters_home/lib/python3.12/site-packages/airflow/example_dags/plugins/listener_plugin.py
[2024-09-10T02:12:00.247+0800] {processor.py:208} INFO - Processing /Users/erniesg/.pyenv/versions/3.12.5/envs/letters_home/lib/python3.12/site-packages/airflow/example_dags/plugins/listener_plugin.py took 0.035 seconds
[2024-09-10T02:13:53.235+0800] {processor.py:186} INFO - Started process (PID=69329) to work on /Users/erniesg/.pyenv/versions/3.12.5/envs/letters_home/lib/python3.12/site-packages/airflow/example_dags/plugins/listener_plugin.py
[2024-09-10T02:13:53.235+0800] {processor.py:914} INFO - Processing file /Users/erniesg/.pyenv/versions/3.12.5/envs/letters_home/lib/python3.12/site-packages/airflow/example_dags/plugins/listener_plugin.py for tasks to queue
[2024-09-10T02:13:53.236+0800] {logging_mixin.py:190} INFO - [2024-09-10T02:13:53.235+0800] {dagbag.py:587} INFO - Filling up the DagBag from /Users/erniesg/.pyenv/versions/3.12.5/envs/letters_home/lib/python3.12/site-packages/airflow/example_dags/plugins/listener_plugin.py
[2024-09-10T02:13:53.236+0800] {processor.py:927} WARNING - No viable dags retrieved from /Users/erniesg/.pyenv/versions/3.12.5/envs/letters_home/lib/python3.12/site-packages/airflow/example_dags/plugins/listener_plugin.py
[2024-09-10T02:13:53.272+0800] {processor.py:208} INFO - Processing /Users/erniesg/.pyenv/versions/3.12.5/envs/letters_home/lib/python3.12/site-packages/airflow/example_dags/plugins/listener_plugin.py took 0.039 seconds
[2024-09-10T02:15:21.760+0800] {processor.py:186} INFO - Started process (PID=69676) to work on /Users/erniesg/.pyenv/versions/3.12.5/envs/letters_home/lib/python3.12/site-packages/airflow/example_dags/plugins/listener_plugin.py
[2024-09-10T02:15:21.760+0800] {processor.py:914} INFO - Processing file /Users/erniesg/.pyenv/versions/3.12.5/envs/letters_home/lib/python3.12/site-packages/airflow/example_dags/plugins/listener_plugin.py for tasks to queue
[2024-09-10T02:15:21.760+0800] {logging_mixin.py:190} INFO - [2024-09-10T02:15:21.760+0800] {dagbag.py:587} INFO - Filling up the DagBag from /Users/erniesg/.pyenv/versions/3.12.5/envs/letters_home/lib/python3.12/site-packages/airflow/example_dags/plugins/listener_plugin.py
[2024-09-10T02:15:21.761+0800] {processor.py:927} WARNING - No viable dags retrieved from /Users/erniesg/.pyenv/versions/3.12.5/envs/letters_home/lib/python3.12/site-packages/airflow/example_dags/plugins/listener_plugin.py
[2024-09-10T02:15:21.798+0800] {processor.py:208} INFO - Processing /Users/erniesg/.pyenv/versions/3.12.5/envs/letters_home/lib/python3.12/site-packages/airflow/example_dags/plugins/listener_plugin.py took 0.039 seconds
[2024-09-10T02:17:18.698+0800] {processor.py:186} INFO - Started process (PID=69807) to work on /Users/erniesg/.pyenv/versions/3.12.5/envs/letters_home/lib/python3.12/site-packages/airflow/example_dags/plugins/listener_plugin.py
[2024-09-10T02:17:18.698+0800] {processor.py:914} INFO - Processing file /Users/erniesg/.pyenv/versions/3.12.5/envs/letters_home/lib/python3.12/site-packages/airflow/example_dags/plugins/listener_plugin.py for tasks to queue
[2024-09-10T02:17:18.699+0800] {logging_mixin.py:190} INFO - [2024-09-10T02:17:18.698+0800] {dagbag.py:587} INFO - Filling up the DagBag from /Users/erniesg/.pyenv/versions/3.12.5/envs/letters_home/lib/python3.12/site-packages/airflow/example_dags/plugins/listener_plugin.py
[2024-09-10T02:17:18.699+0800] {processor.py:927} WARNING - No viable dags retrieved from /Users/erniesg/.pyenv/versions/3.12.5/envs/letters_home/lib/python3.12/site-packages/airflow/example_dags/plugins/listener_plugin.py
[2024-09-10T02:17:18.735+0800] {processor.py:208} INFO - Processing /Users/erniesg/.pyenv/versions/3.12.5/envs/letters_home/lib/python3.12/site-packages/airflow/example_dags/plugins/listener_plugin.py took 0.038 seconds
[2024-09-10T02:18:41.519+0800] {processor.py:186} INFO - Started process (PID=70231) to work on /Users/erniesg/.pyenv/versions/3.12.5/envs/letters_home/lib/python3.12/site-packages/airflow/example_dags/plugins/listener_plugin.py
[2024-09-10T02:18:41.519+0800] {processor.py:914} INFO - Processing file /Users/erniesg/.pyenv/versions/3.12.5/envs/letters_home/lib/python3.12/site-packages/airflow/example_dags/plugins/listener_plugin.py for tasks to queue
[2024-09-10T02:18:41.520+0800] {logging_mixin.py:190} INFO - [2024-09-10T02:18:41.519+0800] {dagbag.py:587} INFO - Filling up the DagBag from /Users/erniesg/.pyenv/versions/3.12.5/envs/letters_home/lib/python3.12/site-packages/airflow/example_dags/plugins/listener_plugin.py
[2024-09-10T02:18:41.520+0800] {processor.py:927} WARNING - No viable dags retrieved from /Users/erniesg/.pyenv/versions/3.12.5/envs/letters_home/lib/python3.12/site-packages/airflow/example_dags/plugins/listener_plugin.py
[2024-09-10T02:18:41.556+0800] {processor.py:208} INFO - Processing /Users/erniesg/.pyenv/versions/3.12.5/envs/letters_home/lib/python3.12/site-packages/airflow/example_dags/plugins/listener_plugin.py took 0.038 seconds
[2024-09-10T02:20:04.816+0800] {processor.py:186} INFO - Started process (PID=70341) to work on /Users/erniesg/.pyenv/versions/3.12.5/envs/letters_home/lib/python3.12/site-packages/airflow/example_dags/plugins/listener_plugin.py
[2024-09-10T02:20:04.817+0800] {processor.py:914} INFO - Processing file /Users/erniesg/.pyenv/versions/3.12.5/envs/letters_home/lib/python3.12/site-packages/airflow/example_dags/plugins/listener_plugin.py for tasks to queue
[2024-09-10T02:20:04.817+0800] {logging_mixin.py:190} INFO - [2024-09-10T02:20:04.817+0800] {dagbag.py:587} INFO - Filling up the DagBag from /Users/erniesg/.pyenv/versions/3.12.5/envs/letters_home/lib/python3.12/site-packages/airflow/example_dags/plugins/listener_plugin.py
[2024-09-10T02:20:04.818+0800] {processor.py:927} WARNING - No viable dags retrieved from /Users/erniesg/.pyenv/versions/3.12.5/envs/letters_home/lib/python3.12/site-packages/airflow/example_dags/plugins/listener_plugin.py
[2024-09-10T02:20:04.851+0800] {processor.py:208} INFO - Processing /Users/erniesg/.pyenv/versions/3.12.5/envs/letters_home/lib/python3.12/site-packages/airflow/example_dags/plugins/listener_plugin.py took 0.036 seconds
[2024-09-10T02:23:04.796+0800] {processor.py:186} INFO - Started process (PID=71794) to work on /Users/erniesg/.pyenv/versions/3.12.5/envs/letters_home/lib/python3.12/site-packages/airflow/example_dags/plugins/listener_plugin.py
[2024-09-10T02:23:04.796+0800] {processor.py:914} INFO - Processing file /Users/erniesg/.pyenv/versions/3.12.5/envs/letters_home/lib/python3.12/site-packages/airflow/example_dags/plugins/listener_plugin.py for tasks to queue
[2024-09-10T02:23:04.796+0800] {logging_mixin.py:190} INFO - [2024-09-10T02:23:04.796+0800] {dagbag.py:587} INFO - Filling up the DagBag from /Users/erniesg/.pyenv/versions/3.12.5/envs/letters_home/lib/python3.12/site-packages/airflow/example_dags/plugins/listener_plugin.py
[2024-09-10T02:23:04.797+0800] {processor.py:927} WARNING - No viable dags retrieved from /Users/erniesg/.pyenv/versions/3.12.5/envs/letters_home/lib/python3.12/site-packages/airflow/example_dags/plugins/listener_plugin.py
[2024-09-10T02:23:04.830+0800] {processor.py:208} INFO - Processing /Users/erniesg/.pyenv/versions/3.12.5/envs/letters_home/lib/python3.12/site-packages/airflow/example_dags/plugins/listener_plugin.py took 0.036 seconds
