[2024-09-10T01:36:55.126+0800] {processor.py:186} INFO - Started process (PID=57508) to work on /Users/erniesg/.pyenv/versions/3.12.5/envs/letters_home/lib/python3.12/site-packages/airflow/example_dags/plugins/workday.py
[2024-09-10T01:36:55.126+0800] {processor.py:914} INFO - Processing file /Users/erniesg/.pyenv/versions/3.12.5/envs/letters_home/lib/python3.12/site-packages/airflow/example_dags/plugins/workday.py for tasks to queue
[2024-09-10T01:36:55.127+0800] {logging_mixin.py:190} INFO - [2024-09-10T01:36:55.127+0800] {dagbag.py:587} INFO - Filling up the DagBag from /Users/erniesg/.pyenv/versions/3.12.5/envs/letters_home/lib/python3.12/site-packages/airflow/example_dags/plugins/workday.py
[2024-09-10T01:36:55.247+0800] {processor.py:927} WARNING - No viable dags retrieved from /Users/erniesg/.pyenv/versions/3.12.5/envs/letters_home/lib/python3.12/site-packages/airflow/example_dags/plugins/workday.py
[2024-09-10T01:36:55.282+0800] {processor.py:208} INFO - Processing /Users/erniesg/.pyenv/versions/3.12.5/envs/letters_home/lib/python3.12/site-packages/airflow/example_dags/plugins/workday.py took 0.158 seconds
[2024-09-10T01:38:46.769+0800] {processor.py:186} INFO - Started process (PID=58048) to work on /Users/erniesg/.pyenv/versions/3.12.5/envs/letters_home/lib/python3.12/site-packages/airflow/example_dags/plugins/workday.py
[2024-09-10T01:38:46.769+0800] {processor.py:914} INFO - Processing file /Users/erniesg/.pyenv/versions/3.12.5/envs/letters_home/lib/python3.12/site-packages/airflow/example_dags/plugins/workday.py for tasks to queue
[2024-09-10T01:38:46.769+0800] {logging_mixin.py:190} INFO - [2024-09-10T01:38:46.769+0800] {dagbag.py:587} INFO - Filling up the DagBag from /Users/erniesg/.pyenv/versions/3.12.5/envs/letters_home/lib/python3.12/site-packages/airflow/example_dags/plugins/workday.py
[2024-09-10T01:38:46.884+0800] {processor.py:927} WARNING - No viable dags retrieved from /Users/erniesg/.pyenv/versions/3.12.5/envs/letters_home/lib/python3.12/site-packages/airflow/example_dags/plugins/workday.py
[2024-09-10T01:38:46.922+0800] {processor.py:208} INFO - Processing /Users/erniesg/.pyenv/versions/3.12.5/envs/letters_home/lib/python3.12/site-packages/airflow/example_dags/plugins/workday.py took 0.154 seconds
[2024-09-10T01:40:05.811+0800] {processor.py:186} INFO - Started process (PID=58132) to work on /Users/erniesg/.pyenv/versions/3.12.5/envs/letters_home/lib/python3.12/site-packages/airflow/example_dags/plugins/workday.py
[2024-09-10T01:40:05.811+0800] {processor.py:914} INFO - Processing file /Users/erniesg/.pyenv/versions/3.12.5/envs/letters_home/lib/python3.12/site-packages/airflow/example_dags/plugins/workday.py for tasks to queue
[2024-09-10T01:40:05.812+0800] {logging_mixin.py:190} INFO - [2024-09-10T01:40:05.812+0800] {dagbag.py:587} INFO - Filling up the DagBag from /Users/erniesg/.pyenv/versions/3.12.5/envs/letters_home/lib/python3.12/site-packages/airflow/example_dags/plugins/workday.py
[2024-09-10T01:40:05.929+0800] {processor.py:927} WARNING - No viable dags retrieved from /Users/erniesg/.pyenv/versions/3.12.5/envs/letters_home/lib/python3.12/site-packages/airflow/example_dags/plugins/workday.py
[2024-09-10T01:40:05.966+0800] {processor.py:208} INFO - Processing /Users/erniesg/.pyenv/versions/3.12.5/envs/letters_home/lib/python3.12/site-packages/airflow/example_dags/plugins/workday.py took 0.156 seconds
[2024-09-10T01:41:25.008+0800] {processor.py:186} INFO - Started process (PID=58184) to work on /Users/erniesg/.pyenv/versions/3.12.5/envs/letters_home/lib/python3.12/site-packages/airflow/example_dags/plugins/workday.py
[2024-09-10T01:41:25.009+0800] {processor.py:914} INFO - Processing file /Users/erniesg/.pyenv/versions/3.12.5/envs/letters_home/lib/python3.12/site-packages/airflow/example_dags/plugins/workday.py for tasks to queue
[2024-09-10T01:41:25.009+0800] {logging_mixin.py:190} INFO - [2024-09-10T01:41:25.009+0800] {dagbag.py:587} INFO - Filling up the DagBag from /Users/erniesg/.pyenv/versions/3.12.5/envs/letters_home/lib/python3.12/site-packages/airflow/example_dags/plugins/workday.py
[2024-09-10T01:41:25.122+0800] {processor.py:927} WARNING - No viable dags retrieved from /Users/erniesg/.pyenv/versions/3.12.5/envs/letters_home/lib/python3.12/site-packages/airflow/example_dags/plugins/workday.py
[2024-09-10T01:41:25.156+0800] {processor.py:208} INFO - Processing /Users/erniesg/.pyenv/versions/3.12.5/envs/letters_home/lib/python3.12/site-packages/airflow/example_dags/plugins/workday.py took 0.149 seconds
[2024-09-10T01:42:47.962+0800] {processor.py:186} INFO - Started process (PID=58269) to work on /Users/erniesg/.pyenv/versions/3.12.5/envs/letters_home/lib/python3.12/site-packages/airflow/example_dags/plugins/workday.py
[2024-09-10T01:42:47.963+0800] {processor.py:914} INFO - Processing file /Users/erniesg/.pyenv/versions/3.12.5/envs/letters_home/lib/python3.12/site-packages/airflow/example_dags/plugins/workday.py for tasks to queue
[2024-09-10T01:42:47.963+0800] {logging_mixin.py:190} INFO - [2024-09-10T01:42:47.963+0800] {dagbag.py:587} INFO - Filling up the DagBag from /Users/erniesg/.pyenv/versions/3.12.5/envs/letters_home/lib/python3.12/site-packages/airflow/example_dags/plugins/workday.py
[2024-09-10T01:42:48.074+0800] {processor.py:927} WARNING - No viable dags retrieved from /Users/erniesg/.pyenv/versions/3.12.5/envs/letters_home/lib/python3.12/site-packages/airflow/example_dags/plugins/workday.py
[2024-09-10T01:42:48.110+0800] {processor.py:208} INFO - Processing /Users/erniesg/.pyenv/versions/3.12.5/envs/letters_home/lib/python3.12/site-packages/airflow/example_dags/plugins/workday.py took 0.149 seconds
[2024-09-10T01:44:09.465+0800] {processor.py:186} INFO - Started process (PID=58743) to work on /Users/erniesg/.pyenv/versions/3.12.5/envs/letters_home/lib/python3.12/site-packages/airflow/example_dags/plugins/workday.py
[2024-09-10T01:44:09.465+0800] {processor.py:914} INFO - Processing file /Users/erniesg/.pyenv/versions/3.12.5/envs/letters_home/lib/python3.12/site-packages/airflow/example_dags/plugins/workday.py for tasks to queue
[2024-09-10T01:44:09.466+0800] {logging_mixin.py:190} INFO - [2024-09-10T01:44:09.466+0800] {dagbag.py:587} INFO - Filling up the DagBag from /Users/erniesg/.pyenv/versions/3.12.5/envs/letters_home/lib/python3.12/site-packages/airflow/example_dags/plugins/workday.py
[2024-09-10T01:44:09.576+0800] {processor.py:927} WARNING - No viable dags retrieved from /Users/erniesg/.pyenv/versions/3.12.5/envs/letters_home/lib/python3.12/site-packages/airflow/example_dags/plugins/workday.py
[2024-09-10T01:44:09.609+0800] {processor.py:208} INFO - Processing /Users/erniesg/.pyenv/versions/3.12.5/envs/letters_home/lib/python3.12/site-packages/airflow/example_dags/plugins/workday.py took 0.145 seconds
[2024-09-10T01:55:36.342+0800] {processor.py:186} INFO - Started process (PID=64145) to work on /Users/erniesg/.pyenv/versions/3.12.5/envs/letters_home/lib/python3.12/site-packages/airflow/example_dags/plugins/workday.py
[2024-09-10T01:55:36.343+0800] {processor.py:914} INFO - Processing file /Users/erniesg/.pyenv/versions/3.12.5/envs/letters_home/lib/python3.12/site-packages/airflow/example_dags/plugins/workday.py for tasks to queue
[2024-09-10T01:55:36.343+0800] {logging_mixin.py:190} INFO - [2024-09-10T01:55:36.343+0800] {dagbag.py:587} INFO - Filling up the DagBag from /Users/erniesg/.pyenv/versions/3.12.5/envs/letters_home/lib/python3.12/site-packages/airflow/example_dags/plugins/workday.py
[2024-09-10T01:55:36.451+0800] {processor.py:927} WARNING - No viable dags retrieved from /Users/erniesg/.pyenv/versions/3.12.5/envs/letters_home/lib/python3.12/site-packages/airflow/example_dags/plugins/workday.py
[2024-09-10T01:55:36.485+0800] {processor.py:208} INFO - Processing /Users/erniesg/.pyenv/versions/3.12.5/envs/letters_home/lib/python3.12/site-packages/airflow/example_dags/plugins/workday.py took 0.144 seconds
[2024-09-10T01:58:26.862+0800] {processor.py:186} INFO - Started process (PID=67436) to work on /Users/erniesg/.pyenv/versions/3.12.5/envs/letters_home/lib/python3.12/site-packages/airflow/example_dags/plugins/workday.py
[2024-09-10T01:58:26.862+0800] {processor.py:914} INFO - Processing file /Users/erniesg/.pyenv/versions/3.12.5/envs/letters_home/lib/python3.12/site-packages/airflow/example_dags/plugins/workday.py for tasks to queue
[2024-09-10T01:58:26.862+0800] {logging_mixin.py:190} INFO - [2024-09-10T01:58:26.862+0800] {dagbag.py:587} INFO - Filling up the DagBag from /Users/erniesg/.pyenv/versions/3.12.5/envs/letters_home/lib/python3.12/site-packages/airflow/example_dags/plugins/workday.py
[2024-09-10T01:58:26.970+0800] {processor.py:927} WARNING - No viable dags retrieved from /Users/erniesg/.pyenv/versions/3.12.5/envs/letters_home/lib/python3.12/site-packages/airflow/example_dags/plugins/workday.py
[2024-09-10T01:58:27.003+0800] {processor.py:208} INFO - Processing /Users/erniesg/.pyenv/versions/3.12.5/envs/letters_home/lib/python3.12/site-packages/airflow/example_dags/plugins/workday.py took 0.143 seconds
[2024-09-10T02:00:50.937+0800] {processor.py:186} INFO - Started process (PID=67849) to work on /Users/erniesg/.pyenv/versions/3.12.5/envs/letters_home/lib/python3.12/site-packages/airflow/example_dags/plugins/workday.py
[2024-09-10T02:00:50.938+0800] {processor.py:914} INFO - Processing file /Users/erniesg/.pyenv/versions/3.12.5/envs/letters_home/lib/python3.12/site-packages/airflow/example_dags/plugins/workday.py for tasks to queue
[2024-09-10T02:00:50.938+0800] {logging_mixin.py:190} INFO - [2024-09-10T02:00:50.938+0800] {dagbag.py:587} INFO - Filling up the DagBag from /Users/erniesg/.pyenv/versions/3.12.5/envs/letters_home/lib/python3.12/site-packages/airflow/example_dags/plugins/workday.py
[2024-09-10T02:00:51.053+0800] {processor.py:927} WARNING - No viable dags retrieved from /Users/erniesg/.pyenv/versions/3.12.5/envs/letters_home/lib/python3.12/site-packages/airflow/example_dags/plugins/workday.py
[2024-09-10T02:00:51.087+0800] {processor.py:208} INFO - Processing /Users/erniesg/.pyenv/versions/3.12.5/envs/letters_home/lib/python3.12/site-packages/airflow/example_dags/plugins/workday.py took 0.151 seconds
[2024-09-10T02:02:12.698+0800] {processor.py:186} INFO - Started process (PID=67950) to work on /Users/erniesg/.pyenv/versions/3.12.5/envs/letters_home/lib/python3.12/site-packages/airflow/example_dags/plugins/workday.py
[2024-09-10T02:02:12.698+0800] {processor.py:914} INFO - Processing file /Users/erniesg/.pyenv/versions/3.12.5/envs/letters_home/lib/python3.12/site-packages/airflow/example_dags/plugins/workday.py for tasks to queue
[2024-09-10T02:02:12.698+0800] {logging_mixin.py:190} INFO - [2024-09-10T02:02:12.698+0800] {dagbag.py:587} INFO - Filling up the DagBag from /Users/erniesg/.pyenv/versions/3.12.5/envs/letters_home/lib/python3.12/site-packages/airflow/example_dags/plugins/workday.py
[2024-09-10T02:02:12.813+0800] {processor.py:927} WARNING - No viable dags retrieved from /Users/erniesg/.pyenv/versions/3.12.5/envs/letters_home/lib/python3.12/site-packages/airflow/example_dags/plugins/workday.py
[2024-09-10T02:02:12.849+0800] {processor.py:208} INFO - Processing /Users/erniesg/.pyenv/versions/3.12.5/envs/letters_home/lib/python3.12/site-packages/airflow/example_dags/plugins/workday.py took 0.153 seconds
[2024-09-10T02:03:31.971+0800] {processor.py:186} INFO - Started process (PID=68049) to work on /Users/erniesg/.pyenv/versions/3.12.5/envs/letters_home/lib/python3.12/site-packages/airflow/example_dags/plugins/workday.py
[2024-09-10T02:03:31.971+0800] {processor.py:914} INFO - Processing file /Users/erniesg/.pyenv/versions/3.12.5/envs/letters_home/lib/python3.12/site-packages/airflow/example_dags/plugins/workday.py for tasks to queue
[2024-09-10T02:03:31.972+0800] {logging_mixin.py:190} INFO - [2024-09-10T02:03:31.972+0800] {dagbag.py:587} INFO - Filling up the DagBag from /Users/erniesg/.pyenv/versions/3.12.5/envs/letters_home/lib/python3.12/site-packages/airflow/example_dags/plugins/workday.py
[2024-09-10T02:03:32.081+0800] {processor.py:927} WARNING - No viable dags retrieved from /Users/erniesg/.pyenv/versions/3.12.5/envs/letters_home/lib/python3.12/site-packages/airflow/example_dags/plugins/workday.py
[2024-09-10T02:03:32.114+0800] {processor.py:208} INFO - Processing /Users/erniesg/.pyenv/versions/3.12.5/envs/letters_home/lib/python3.12/site-packages/airflow/example_dags/plugins/workday.py took 0.145 seconds
[2024-09-10T02:04:58.678+0800] {processor.py:186} INFO - Started process (PID=68140) to work on /Users/erniesg/.pyenv/versions/3.12.5/envs/letters_home/lib/python3.12/site-packages/airflow/example_dags/plugins/workday.py
[2024-09-10T02:04:58.678+0800] {processor.py:914} INFO - Processing file /Users/erniesg/.pyenv/versions/3.12.5/envs/letters_home/lib/python3.12/site-packages/airflow/example_dags/plugins/workday.py for tasks to queue
[2024-09-10T02:04:58.679+0800] {logging_mixin.py:190} INFO - [2024-09-10T02:04:58.679+0800] {dagbag.py:587} INFO - Filling up the DagBag from /Users/erniesg/.pyenv/versions/3.12.5/envs/letters_home/lib/python3.12/site-packages/airflow/example_dags/plugins/workday.py
[2024-09-10T02:04:58.787+0800] {processor.py:927} WARNING - No viable dags retrieved from /Users/erniesg/.pyenv/versions/3.12.5/envs/letters_home/lib/python3.12/site-packages/airflow/example_dags/plugins/workday.py
[2024-09-10T02:04:58.820+0800] {processor.py:208} INFO - Processing /Users/erniesg/.pyenv/versions/3.12.5/envs/letters_home/lib/python3.12/site-packages/airflow/example_dags/plugins/workday.py took 0.144 seconds
[2024-09-10T02:06:31.986+0800] {processor.py:186} INFO - Started process (PID=68248) to work on /Users/erniesg/.pyenv/versions/3.12.5/envs/letters_home/lib/python3.12/site-packages/airflow/example_dags/plugins/workday.py
[2024-09-10T02:06:31.987+0800] {processor.py:914} INFO - Processing file /Users/erniesg/.pyenv/versions/3.12.5/envs/letters_home/lib/python3.12/site-packages/airflow/example_dags/plugins/workday.py for tasks to queue
[2024-09-10T02:06:31.987+0800] {logging_mixin.py:190} INFO - [2024-09-10T02:06:31.987+0800] {dagbag.py:587} INFO - Filling up the DagBag from /Users/erniesg/.pyenv/versions/3.12.5/envs/letters_home/lib/python3.12/site-packages/airflow/example_dags/plugins/workday.py
[2024-09-10T02:06:32.100+0800] {processor.py:927} WARNING - No viable dags retrieved from /Users/erniesg/.pyenv/versions/3.12.5/envs/letters_home/lib/python3.12/site-packages/airflow/example_dags/plugins/workday.py
[2024-09-10T02:06:32.134+0800] {processor.py:208} INFO - Processing /Users/erniesg/.pyenv/versions/3.12.5/envs/letters_home/lib/python3.12/site-packages/airflow/example_dags/plugins/workday.py took 0.148 seconds
[2024-09-10T02:07:55.703+0800] {processor.py:186} INFO - Started process (PID=68443) to work on /Users/erniesg/.pyenv/versions/3.12.5/envs/letters_home/lib/python3.12/site-packages/airflow/example_dags/plugins/workday.py
[2024-09-10T02:07:55.704+0800] {processor.py:914} INFO - Processing file /Users/erniesg/.pyenv/versions/3.12.5/envs/letters_home/lib/python3.12/site-packages/airflow/example_dags/plugins/workday.py for tasks to queue
[2024-09-10T02:07:55.704+0800] {logging_mixin.py:190} INFO - [2024-09-10T02:07:55.704+0800] {dagbag.py:587} INFO - Filling up the DagBag from /Users/erniesg/.pyenv/versions/3.12.5/envs/letters_home/lib/python3.12/site-packages/airflow/example_dags/plugins/workday.py
[2024-09-10T02:07:55.817+0800] {processor.py:927} WARNING - No viable dags retrieved from /Users/erniesg/.pyenv/versions/3.12.5/envs/letters_home/lib/python3.12/site-packages/airflow/example_dags/plugins/workday.py
[2024-09-10T02:07:55.852+0800] {processor.py:208} INFO - Processing /Users/erniesg/.pyenv/versions/3.12.5/envs/letters_home/lib/python3.12/site-packages/airflow/example_dags/plugins/workday.py took 0.150 seconds
[2024-09-10T02:09:18.414+0800] {processor.py:186} INFO - Started process (PID=68574) to work on /Users/erniesg/.pyenv/versions/3.12.5/envs/letters_home/lib/python3.12/site-packages/airflow/example_dags/plugins/workday.py
[2024-09-10T02:09:18.415+0800] {processor.py:914} INFO - Processing file /Users/erniesg/.pyenv/versions/3.12.5/envs/letters_home/lib/python3.12/site-packages/airflow/example_dags/plugins/workday.py for tasks to queue
[2024-09-10T02:09:18.415+0800] {logging_mixin.py:190} INFO - [2024-09-10T02:09:18.415+0800] {dagbag.py:587} INFO - Filling up the DagBag from /Users/erniesg/.pyenv/versions/3.12.5/envs/letters_home/lib/python3.12/site-packages/airflow/example_dags/plugins/workday.py
[2024-09-10T02:09:18.538+0800] {processor.py:927} WARNING - No viable dags retrieved from /Users/erniesg/.pyenv/versions/3.12.5/envs/letters_home/lib/python3.12/site-packages/airflow/example_dags/plugins/workday.py
[2024-09-10T02:09:18.575+0800] {processor.py:208} INFO - Processing /Users/erniesg/.pyenv/versions/3.12.5/envs/letters_home/lib/python3.12/site-packages/airflow/example_dags/plugins/workday.py took 0.161 seconds
[2024-09-10T02:11:06.609+0800] {processor.py:186} INFO - Started process (PID=68919) to work on /Users/erniesg/.pyenv/versions/3.12.5/envs/letters_home/lib/python3.12/site-packages/airflow/example_dags/plugins/workday.py
[2024-09-10T02:11:06.610+0800] {processor.py:914} INFO - Processing file /Users/erniesg/.pyenv/versions/3.12.5/envs/letters_home/lib/python3.12/site-packages/airflow/example_dags/plugins/workday.py for tasks to queue
[2024-09-10T02:11:06.610+0800] {logging_mixin.py:190} INFO - [2024-09-10T02:11:06.610+0800] {dagbag.py:587} INFO - Filling up the DagBag from /Users/erniesg/.pyenv/versions/3.12.5/envs/letters_home/lib/python3.12/site-packages/airflow/example_dags/plugins/workday.py
[2024-09-10T02:11:06.733+0800] {processor.py:927} WARNING - No viable dags retrieved from /Users/erniesg/.pyenv/versions/3.12.5/envs/letters_home/lib/python3.12/site-packages/airflow/example_dags/plugins/workday.py
[2024-09-10T02:11:06.773+0800] {processor.py:208} INFO - Processing /Users/erniesg/.pyenv/versions/3.12.5/envs/letters_home/lib/python3.12/site-packages/airflow/example_dags/plugins/workday.py took 0.165 seconds
[2024-09-10T02:11:58.056+0800] {processor.py:186} INFO - Started process (PID=69232) to work on /Users/erniesg/.pyenv/versions/3.12.5/envs/letters_home/lib/python3.12/site-packages/airflow/example_dags/plugins/workday.py
[2024-09-10T02:11:58.056+0800] {processor.py:914} INFO - Processing file /Users/erniesg/.pyenv/versions/3.12.5/envs/letters_home/lib/python3.12/site-packages/airflow/example_dags/plugins/workday.py for tasks to queue
[2024-09-10T02:11:58.057+0800] {logging_mixin.py:190} INFO - [2024-09-10T02:11:58.057+0800] {dagbag.py:587} INFO - Filling up the DagBag from /Users/erniesg/.pyenv/versions/3.12.5/envs/letters_home/lib/python3.12/site-packages/airflow/example_dags/plugins/workday.py
[2024-09-10T02:11:58.167+0800] {processor.py:927} WARNING - No viable dags retrieved from /Users/erniesg/.pyenv/versions/3.12.5/envs/letters_home/lib/python3.12/site-packages/airflow/example_dags/plugins/workday.py
[2024-09-10T02:11:58.203+0800] {processor.py:208} INFO - Processing /Users/erniesg/.pyenv/versions/3.12.5/envs/letters_home/lib/python3.12/site-packages/airflow/example_dags/plugins/workday.py took 0.148 seconds
[2024-09-10T02:13:51.515+0800] {processor.py:186} INFO - Started process (PID=69327) to work on /Users/erniesg/.pyenv/versions/3.12.5/envs/letters_home/lib/python3.12/site-packages/airflow/example_dags/plugins/workday.py
[2024-09-10T02:13:51.515+0800] {processor.py:914} INFO - Processing file /Users/erniesg/.pyenv/versions/3.12.5/envs/letters_home/lib/python3.12/site-packages/airflow/example_dags/plugins/workday.py for tasks to queue
[2024-09-10T02:13:51.516+0800] {logging_mixin.py:190} INFO - [2024-09-10T02:13:51.516+0800] {dagbag.py:587} INFO - Filling up the DagBag from /Users/erniesg/.pyenv/versions/3.12.5/envs/letters_home/lib/python3.12/site-packages/airflow/example_dags/plugins/workday.py
[2024-09-10T02:13:51.640+0800] {processor.py:927} WARNING - No viable dags retrieved from /Users/erniesg/.pyenv/versions/3.12.5/envs/letters_home/lib/python3.12/site-packages/airflow/example_dags/plugins/workday.py
[2024-09-10T02:13:51.691+0800] {processor.py:208} INFO - Processing /Users/erniesg/.pyenv/versions/3.12.5/envs/letters_home/lib/python3.12/site-packages/airflow/example_dags/plugins/workday.py took 0.177 seconds
[2024-09-10T02:15:19.427+0800] {processor.py:186} INFO - Started process (PID=69673) to work on /Users/erniesg/.pyenv/versions/3.12.5/envs/letters_home/lib/python3.12/site-packages/airflow/example_dags/plugins/workday.py
[2024-09-10T02:15:19.428+0800] {processor.py:914} INFO - Processing file /Users/erniesg/.pyenv/versions/3.12.5/envs/letters_home/lib/python3.12/site-packages/airflow/example_dags/plugins/workday.py for tasks to queue
[2024-09-10T02:15:19.428+0800] {logging_mixin.py:190} INFO - [2024-09-10T02:15:19.428+0800] {dagbag.py:587} INFO - Filling up the DagBag from /Users/erniesg/.pyenv/versions/3.12.5/envs/letters_home/lib/python3.12/site-packages/airflow/example_dags/plugins/workday.py
[2024-09-10T02:15:19.548+0800] {processor.py:927} WARNING - No viable dags retrieved from /Users/erniesg/.pyenv/versions/3.12.5/envs/letters_home/lib/python3.12/site-packages/airflow/example_dags/plugins/workday.py
[2024-09-10T02:15:19.586+0800] {processor.py:208} INFO - Processing /Users/erniesg/.pyenv/versions/3.12.5/envs/letters_home/lib/python3.12/site-packages/airflow/example_dags/plugins/workday.py took 0.160 seconds
[2024-09-10T02:17:16.505+0800] {processor.py:186} INFO - Started process (PID=69803) to work on /Users/erniesg/.pyenv/versions/3.12.5/envs/letters_home/lib/python3.12/site-packages/airflow/example_dags/plugins/workday.py
[2024-09-10T02:17:16.505+0800] {processor.py:914} INFO - Processing file /Users/erniesg/.pyenv/versions/3.12.5/envs/letters_home/lib/python3.12/site-packages/airflow/example_dags/plugins/workday.py for tasks to queue
[2024-09-10T02:17:16.509+0800] {logging_mixin.py:190} INFO - [2024-09-10T02:17:16.509+0800] {dagbag.py:587} INFO - Filling up the DagBag from /Users/erniesg/.pyenv/versions/3.12.5/envs/letters_home/lib/python3.12/site-packages/airflow/example_dags/plugins/workday.py
[2024-09-10T02:17:16.620+0800] {processor.py:927} WARNING - No viable dags retrieved from /Users/erniesg/.pyenv/versions/3.12.5/envs/letters_home/lib/python3.12/site-packages/airflow/example_dags/plugins/workday.py
[2024-09-10T02:17:16.654+0800] {processor.py:208} INFO - Processing /Users/erniesg/.pyenv/versions/3.12.5/envs/letters_home/lib/python3.12/site-packages/airflow/example_dags/plugins/workday.py took 0.151 seconds
[2024-09-10T02:18:39.595+0800] {processor.py:186} INFO - Started process (PID=70224) to work on /Users/erniesg/.pyenv/versions/3.12.5/envs/letters_home/lib/python3.12/site-packages/airflow/example_dags/plugins/workday.py
[2024-09-10T02:18:39.595+0800] {processor.py:914} INFO - Processing file /Users/erniesg/.pyenv/versions/3.12.5/envs/letters_home/lib/python3.12/site-packages/airflow/example_dags/plugins/workday.py for tasks to queue
[2024-09-10T02:18:39.596+0800] {logging_mixin.py:190} INFO - [2024-09-10T02:18:39.596+0800] {dagbag.py:587} INFO - Filling up the DagBag from /Users/erniesg/.pyenv/versions/3.12.5/envs/letters_home/lib/python3.12/site-packages/airflow/example_dags/plugins/workday.py
[2024-09-10T02:18:39.720+0800] {processor.py:927} WARNING - No viable dags retrieved from /Users/erniesg/.pyenv/versions/3.12.5/envs/letters_home/lib/python3.12/site-packages/airflow/example_dags/plugins/workday.py
[2024-09-10T02:18:39.760+0800] {processor.py:208} INFO - Processing /Users/erniesg/.pyenv/versions/3.12.5/envs/letters_home/lib/python3.12/site-packages/airflow/example_dags/plugins/workday.py took 0.166 seconds
[2024-09-10T02:20:02.606+0800] {processor.py:186} INFO - Started process (PID=70340) to work on /Users/erniesg/.pyenv/versions/3.12.5/envs/letters_home/lib/python3.12/site-packages/airflow/example_dags/plugins/workday.py
[2024-09-10T02:20:02.606+0800] {processor.py:914} INFO - Processing file /Users/erniesg/.pyenv/versions/3.12.5/envs/letters_home/lib/python3.12/site-packages/airflow/example_dags/plugins/workday.py for tasks to queue
[2024-09-10T02:20:02.607+0800] {logging_mixin.py:190} INFO - [2024-09-10T02:20:02.606+0800] {dagbag.py:587} INFO - Filling up the DagBag from /Users/erniesg/.pyenv/versions/3.12.5/envs/letters_home/lib/python3.12/site-packages/airflow/example_dags/plugins/workday.py
[2024-09-10T02:20:02.733+0800] {processor.py:927} WARNING - No viable dags retrieved from /Users/erniesg/.pyenv/versions/3.12.5/envs/letters_home/lib/python3.12/site-packages/airflow/example_dags/plugins/workday.py
[2024-09-10T02:20:02.769+0800] {processor.py:208} INFO - Processing /Users/erniesg/.pyenv/versions/3.12.5/envs/letters_home/lib/python3.12/site-packages/airflow/example_dags/plugins/workday.py took 0.165 seconds
[2024-09-10T02:23:02.571+0800] {processor.py:186} INFO - Started process (PID=71791) to work on /Users/erniesg/.pyenv/versions/3.12.5/envs/letters_home/lib/python3.12/site-packages/airflow/example_dags/plugins/workday.py
[2024-09-10T02:23:02.572+0800] {processor.py:914} INFO - Processing file /Users/erniesg/.pyenv/versions/3.12.5/envs/letters_home/lib/python3.12/site-packages/airflow/example_dags/plugins/workday.py for tasks to queue
[2024-09-10T02:23:02.572+0800] {logging_mixin.py:190} INFO - [2024-09-10T02:23:02.572+0800] {dagbag.py:587} INFO - Filling up the DagBag from /Users/erniesg/.pyenv/versions/3.12.5/envs/letters_home/lib/python3.12/site-packages/airflow/example_dags/plugins/workday.py
[2024-09-10T02:23:02.689+0800] {processor.py:927} WARNING - No viable dags retrieved from /Users/erniesg/.pyenv/versions/3.12.5/envs/letters_home/lib/python3.12/site-packages/airflow/example_dags/plugins/workday.py
[2024-09-10T02:23:02.726+0800] {processor.py:208} INFO - Processing /Users/erniesg/.pyenv/versions/3.12.5/envs/letters_home/lib/python3.12/site-packages/airflow/example_dags/plugins/workday.py took 0.156 seconds
[2024-09-10T02:29:30.445+0800] {processor.py:186} INFO - Started process (PID=72046) to work on /Users/erniesg/.pyenv/versions/3.12.5/envs/letters_home/lib/python3.12/site-packages/airflow/example_dags/plugins/workday.py
[2024-09-10T02:29:30.445+0800] {processor.py:914} INFO - Processing file /Users/erniesg/.pyenv/versions/3.12.5/envs/letters_home/lib/python3.12/site-packages/airflow/example_dags/plugins/workday.py for tasks to queue
[2024-09-10T02:29:30.445+0800] {logging_mixin.py:190} INFO - [2024-09-10T02:29:30.445+0800] {dagbag.py:587} INFO - Filling up the DagBag from /Users/erniesg/.pyenv/versions/3.12.5/envs/letters_home/lib/python3.12/site-packages/airflow/example_dags/plugins/workday.py
[2024-09-10T02:29:30.558+0800] {processor.py:927} WARNING - No viable dags retrieved from /Users/erniesg/.pyenv/versions/3.12.5/envs/letters_home/lib/python3.12/site-packages/airflow/example_dags/plugins/workday.py
[2024-09-10T02:29:30.592+0800] {processor.py:208} INFO - Processing /Users/erniesg/.pyenv/versions/3.12.5/envs/letters_home/lib/python3.12/site-packages/airflow/example_dags/plugins/workday.py took 0.148 seconds
