[2024-09-10T01:59:37.167+0800] {local_task_job_runner.py:123} INFO - ::group::Pre task execution logs
[2024-09-10T01:59:37.170+0800] {taskinstance.py:2612} INFO - Dependencies all met for dep_context=non-requeueable deps ti=<TaskInstance: m5hisdoc_elt.check_download_m5hisdoc manual__2024-09-09T17:59:31.762689+00:00 [queued]>
[2024-09-10T01:59:37.172+0800] {taskinstance.py:2612} INFO - Dependencies all met for dep_context=requeueable deps ti=<TaskInstance: m5hisdoc_elt.check_download_m5hisdoc manual__2024-09-09T17:59:31.762689+00:00 [queued]>
[2024-09-10T01:59:37.173+0800] {taskinstance.py:2865} INFO - Starting attempt 1 of 4
[2024-09-10T01:59:37.178+0800] {taskinstance.py:2888} INFO - Executing <Task(PythonOperator): check_download_m5hisdoc> on 2024-09-09 17:59:31.762689+00:00
[2024-09-10T01:59:37.185+0800] {standard_task_runner.py:104} INFO - Running: ['airflow', 'tasks', 'run', 'm5hisdoc_elt', 'check_download_m5hisdoc', 'manual__2024-09-09T17:59:31.762689+00:00', '--job-id', '6', '--raw', '--subdir', 'DAGS_FOLDER/elt.py', '--cfg-path', '/var/folders/3n/sh024_795c590k086c59jsw00000gn/T/tmpixbwkqwf']
[2024-09-10T01:59:37.185+0800] {logging_mixin.py:190} WARNING - /Users/erniesg/.pyenv/versions/3.12.5/envs/letters_home/lib/python3.12/site-packages/airflow/task/task_runner/standard_task_runner.py:70 DeprecationWarning: This process (pid=67518) is multi-threaded, use of fork() may lead to deadlocks in the child.
[2024-09-10T01:59:37.185+0800] {standard_task_runner.py:105} INFO - Job 6: Subtask check_download_m5hisdoc
[2024-09-10T01:59:37.185+0800] {standard_task_runner.py:72} INFO - Started process 67519 to run task
[2024-09-10T01:59:37.200+0800] {task_command.py:467} INFO - Running <TaskInstance: m5hisdoc_elt.check_download_m5hisdoc manual__2024-09-09T17:59:31.762689+00:00 [running]> on host chens-macbook-pro.local
[2024-09-10T01:59:37.219+0800] {taskinstance.py:3131} INFO - Exporting env vars: AIRFLOW_CTX_DAG_OWNER='airflow' AIRFLOW_CTX_DAG_ID='m5hisdoc_elt' AIRFLOW_CTX_TASK_ID='check_download_m5hisdoc' AIRFLOW_CTX_EXECUTION_DATE='2024-09-09T17:59:31.762689+00:00' AIRFLOW_CTX_TRY_NUMBER='1' AIRFLOW_CTX_DAG_RUN_ID='manual__2024-09-09T17:59:31.762689+00:00'
[2024-09-10T01:59:37.220+0800] {logging_mixin.py:190} INFO - Task instance is in running state
[2024-09-10T01:59:37.220+0800] {logging_mixin.py:190} INFO -  Previous state of the Task instance: queued
[2024-09-10T01:59:37.220+0800] {logging_mixin.py:190} INFO - Current task name:check_download_m5hisdoc state:running start_date:2024-09-09 17:59:37.171005+00:00
[2024-09-10T01:59:37.220+0800] {logging_mixin.py:190} INFO - Dag name:m5hisdoc_elt and current dag run status:running
[2024-09-10T01:59:37.220+0800] {taskinstance.py:731} INFO - ::endgroup::
[2024-09-10T01:59:37.269+0800] {logging_mixin.py:190} INFO - Error getting job state: An error occurred (UnrecognizedClientException) when calling the GetItem operation: The security token included in the request is invalid.
[2024-09-10T01:59:37.287+0800] {logging_mixin.py:190} INFO - Error creating job: An error occurred (UnrecognizedClientException) when calling the PutItem operation: The security token included in the request is invalid.
[2024-09-10T01:59:37.287+0800] {python.py:240} INFO - Done. Returned value was: m5hisdoc_download_2024-09-09 17:59:31.762689+00:00
[2024-09-10T01:59:37.292+0800] {taskinstance.py:340} INFO - ::group::Post task execution logs
[2024-09-10T01:59:37.293+0800] {taskinstance.py:352} INFO - Marking task as SUCCESS. dag_id=m5hisdoc_elt, task_id=check_download_m5hisdoc, run_id=manual__2024-09-09T17:59:31.762689+00:00, execution_date=20240909T175931, start_date=20240909T175937, end_date=20240909T175937
[2024-09-10T01:59:37.295+0800] {logging_mixin.py:190} INFO - Task instance in success state
[2024-09-10T01:59:37.295+0800] {logging_mixin.py:190} INFO -  Previous state of the Task instance: running
[2024-09-10T01:59:37.296+0800] {logging_mixin.py:190} INFO - Dag name:m5hisdoc_elt queued_at:2024-09-09 17:59:31.768882+00:00
[2024-09-10T01:59:37.296+0800] {logging_mixin.py:190} INFO - Task hostname:chens-macbook-pro.local operator:PythonOperator
[2024-09-10T01:59:37.338+0800] {local_task_job_runner.py:266} INFO - Task exited with return code 0
[2024-09-10T01:59:37.350+0800] {taskinstance.py:3900} INFO - 1 downstream tasks scheduled from follow-on schedule check
[2024-09-10T01:59:37.350+0800] {local_task_job_runner.py:245} INFO - ::endgroup::
