[2024-09-10T01:36:53.210+0800] {processor.py:186} INFO - Started process (PID=57507) to work on /Users/erniesg/.pyenv/versions/3.12.5/envs/letters_home/lib/python3.12/site-packages/airflow/example_dags/subdags/subdag.py
[2024-09-10T01:36:53.210+0800] {processor.py:914} INFO - Processing file /Users/erniesg/.pyenv/versions/3.12.5/envs/letters_home/lib/python3.12/site-packages/airflow/example_dags/subdags/subdag.py for tasks to queue
[2024-09-10T01:36:53.210+0800] {logging_mixin.py:190} INFO - [2024-09-10T01:36:53.210+0800] {dagbag.py:587} INFO - Filling up the DagBag from /Users/erniesg/.pyenv/versions/3.12.5/envs/letters_home/lib/python3.12/site-packages/airflow/example_dags/subdags/subdag.py
[2024-09-10T01:36:53.211+0800] {processor.py:927} WARNING - No viable dags retrieved from /Users/erniesg/.pyenv/versions/3.12.5/envs/letters_home/lib/python3.12/site-packages/airflow/example_dags/subdags/subdag.py
[2024-09-10T01:36:53.243+0800] {processor.py:208} INFO - Processing /Users/erniesg/.pyenv/versions/3.12.5/envs/letters_home/lib/python3.12/site-packages/airflow/example_dags/subdags/subdag.py took 0.034 seconds
[2024-09-10T01:38:44.762+0800] {processor.py:186} INFO - Started process (PID=58047) to work on /Users/erniesg/.pyenv/versions/3.12.5/envs/letters_home/lib/python3.12/site-packages/airflow/example_dags/subdags/subdag.py
[2024-09-10T01:38:44.763+0800] {processor.py:914} INFO - Processing file /Users/erniesg/.pyenv/versions/3.12.5/envs/letters_home/lib/python3.12/site-packages/airflow/example_dags/subdags/subdag.py for tasks to queue
[2024-09-10T01:38:44.763+0800] {logging_mixin.py:190} INFO - [2024-09-10T01:38:44.763+0800] {dagbag.py:587} INFO - Filling up the DagBag from /Users/erniesg/.pyenv/versions/3.12.5/envs/letters_home/lib/python3.12/site-packages/airflow/example_dags/subdags/subdag.py
[2024-09-10T01:38:44.764+0800] {processor.py:927} WARNING - No viable dags retrieved from /Users/erniesg/.pyenv/versions/3.12.5/envs/letters_home/lib/python3.12/site-packages/airflow/example_dags/subdags/subdag.py
[2024-09-10T01:38:44.799+0800] {processor.py:208} INFO - Processing /Users/erniesg/.pyenv/versions/3.12.5/envs/letters_home/lib/python3.12/site-packages/airflow/example_dags/subdags/subdag.py took 0.038 seconds
[2024-09-10T01:40:03.981+0800] {processor.py:186} INFO - Started process (PID=58127) to work on /Users/erniesg/.pyenv/versions/3.12.5/envs/letters_home/lib/python3.12/site-packages/airflow/example_dags/subdags/subdag.py
[2024-09-10T01:40:03.981+0800] {processor.py:914} INFO - Processing file /Users/erniesg/.pyenv/versions/3.12.5/envs/letters_home/lib/python3.12/site-packages/airflow/example_dags/subdags/subdag.py for tasks to queue
[2024-09-10T01:40:03.981+0800] {logging_mixin.py:190} INFO - [2024-09-10T01:40:03.981+0800] {dagbag.py:587} INFO - Filling up the DagBag from /Users/erniesg/.pyenv/versions/3.12.5/envs/letters_home/lib/python3.12/site-packages/airflow/example_dags/subdags/subdag.py
[2024-09-10T01:40:03.982+0800] {processor.py:927} WARNING - No viable dags retrieved from /Users/erniesg/.pyenv/versions/3.12.5/envs/letters_home/lib/python3.12/site-packages/airflow/example_dags/subdags/subdag.py
[2024-09-10T01:40:04.015+0800] {processor.py:208} INFO - Processing /Users/erniesg/.pyenv/versions/3.12.5/envs/letters_home/lib/python3.12/site-packages/airflow/example_dags/subdags/subdag.py took 0.036 seconds
[2024-09-10T01:41:22.924+0800] {processor.py:186} INFO - Started process (PID=58183) to work on /Users/erniesg/.pyenv/versions/3.12.5/envs/letters_home/lib/python3.12/site-packages/airflow/example_dags/subdags/subdag.py
[2024-09-10T01:41:22.924+0800] {processor.py:914} INFO - Processing file /Users/erniesg/.pyenv/versions/3.12.5/envs/letters_home/lib/python3.12/site-packages/airflow/example_dags/subdags/subdag.py for tasks to queue
[2024-09-10T01:41:22.924+0800] {logging_mixin.py:190} INFO - [2024-09-10T01:41:22.924+0800] {dagbag.py:587} INFO - Filling up the DagBag from /Users/erniesg/.pyenv/versions/3.12.5/envs/letters_home/lib/python3.12/site-packages/airflow/example_dags/subdags/subdag.py
[2024-09-10T01:41:22.925+0800] {processor.py:927} WARNING - No viable dags retrieved from /Users/erniesg/.pyenv/versions/3.12.5/envs/letters_home/lib/python3.12/site-packages/airflow/example_dags/subdags/subdag.py
[2024-09-10T01:41:22.959+0800] {processor.py:208} INFO - Processing /Users/erniesg/.pyenv/versions/3.12.5/envs/letters_home/lib/python3.12/site-packages/airflow/example_dags/subdags/subdag.py took 0.036 seconds
[2024-09-10T01:42:45.954+0800] {processor.py:186} INFO - Started process (PID=58268) to work on /Users/erniesg/.pyenv/versions/3.12.5/envs/letters_home/lib/python3.12/site-packages/airflow/example_dags/subdags/subdag.py
[2024-09-10T01:42:45.954+0800] {processor.py:914} INFO - Processing file /Users/erniesg/.pyenv/versions/3.12.5/envs/letters_home/lib/python3.12/site-packages/airflow/example_dags/subdags/subdag.py for tasks to queue
[2024-09-10T01:42:45.955+0800] {logging_mixin.py:190} INFO - [2024-09-10T01:42:45.955+0800] {dagbag.py:587} INFO - Filling up the DagBag from /Users/erniesg/.pyenv/versions/3.12.5/envs/letters_home/lib/python3.12/site-packages/airflow/example_dags/subdags/subdag.py
[2024-09-10T01:42:45.955+0800] {processor.py:927} WARNING - No viable dags retrieved from /Users/erniesg/.pyenv/versions/3.12.5/envs/letters_home/lib/python3.12/site-packages/airflow/example_dags/subdags/subdag.py
[2024-09-10T01:42:45.989+0800] {processor.py:208} INFO - Processing /Users/erniesg/.pyenv/versions/3.12.5/envs/letters_home/lib/python3.12/site-packages/airflow/example_dags/subdags/subdag.py took 0.036 seconds
[2024-09-10T01:44:07.720+0800] {processor.py:186} INFO - Started process (PID=58742) to work on /Users/erniesg/.pyenv/versions/3.12.5/envs/letters_home/lib/python3.12/site-packages/airflow/example_dags/subdags/subdag.py
[2024-09-10T01:44:07.721+0800] {processor.py:914} INFO - Processing file /Users/erniesg/.pyenv/versions/3.12.5/envs/letters_home/lib/python3.12/site-packages/airflow/example_dags/subdags/subdag.py for tasks to queue
[2024-09-10T01:44:07.721+0800] {logging_mixin.py:190} INFO - [2024-09-10T01:44:07.721+0800] {dagbag.py:587} INFO - Filling up the DagBag from /Users/erniesg/.pyenv/versions/3.12.5/envs/letters_home/lib/python3.12/site-packages/airflow/example_dags/subdags/subdag.py
[2024-09-10T01:44:07.722+0800] {processor.py:927} WARNING - No viable dags retrieved from /Users/erniesg/.pyenv/versions/3.12.5/envs/letters_home/lib/python3.12/site-packages/airflow/example_dags/subdags/subdag.py
[2024-09-10T01:44:07.757+0800] {processor.py:208} INFO - Processing /Users/erniesg/.pyenv/versions/3.12.5/envs/letters_home/lib/python3.12/site-packages/airflow/example_dags/subdags/subdag.py took 0.038 seconds
[2024-09-10T01:55:34.750+0800] {processor.py:186} INFO - Started process (PID=64137) to work on /Users/erniesg/.pyenv/versions/3.12.5/envs/letters_home/lib/python3.12/site-packages/airflow/example_dags/subdags/subdag.py
[2024-09-10T01:55:34.751+0800] {processor.py:914} INFO - Processing file /Users/erniesg/.pyenv/versions/3.12.5/envs/letters_home/lib/python3.12/site-packages/airflow/example_dags/subdags/subdag.py for tasks to queue
[2024-09-10T01:55:34.751+0800] {logging_mixin.py:190} INFO - [2024-09-10T01:55:34.751+0800] {dagbag.py:587} INFO - Filling up the DagBag from /Users/erniesg/.pyenv/versions/3.12.5/envs/letters_home/lib/python3.12/site-packages/airflow/example_dags/subdags/subdag.py
[2024-09-10T01:55:34.752+0800] {processor.py:927} WARNING - No viable dags retrieved from /Users/erniesg/.pyenv/versions/3.12.5/envs/letters_home/lib/python3.12/site-packages/airflow/example_dags/subdags/subdag.py
[2024-09-10T01:55:34.784+0800] {processor.py:208} INFO - Processing /Users/erniesg/.pyenv/versions/3.12.5/envs/letters_home/lib/python3.12/site-packages/airflow/example_dags/subdags/subdag.py took 0.035 seconds
[2024-09-10T01:58:25.215+0800] {processor.py:186} INFO - Started process (PID=67430) to work on /Users/erniesg/.pyenv/versions/3.12.5/envs/letters_home/lib/python3.12/site-packages/airflow/example_dags/subdags/subdag.py
[2024-09-10T01:58:25.216+0800] {processor.py:914} INFO - Processing file /Users/erniesg/.pyenv/versions/3.12.5/envs/letters_home/lib/python3.12/site-packages/airflow/example_dags/subdags/subdag.py for tasks to queue
[2024-09-10T01:58:25.216+0800] {logging_mixin.py:190} INFO - [2024-09-10T01:58:25.216+0800] {dagbag.py:587} INFO - Filling up the DagBag from /Users/erniesg/.pyenv/versions/3.12.5/envs/letters_home/lib/python3.12/site-packages/airflow/example_dags/subdags/subdag.py
[2024-09-10T01:58:25.217+0800] {processor.py:927} WARNING - No viable dags retrieved from /Users/erniesg/.pyenv/versions/3.12.5/envs/letters_home/lib/python3.12/site-packages/airflow/example_dags/subdags/subdag.py
[2024-09-10T01:58:25.262+0800] {processor.py:208} INFO - Processing /Users/erniesg/.pyenv/versions/3.12.5/envs/letters_home/lib/python3.12/site-packages/airflow/example_dags/subdags/subdag.py took 0.049 seconds
[2024-09-10T02:00:49.131+0800] {processor.py:186} INFO - Started process (PID=67848) to work on /Users/erniesg/.pyenv/versions/3.12.5/envs/letters_home/lib/python3.12/site-packages/airflow/example_dags/subdags/subdag.py
[2024-09-10T02:00:49.131+0800] {processor.py:914} INFO - Processing file /Users/erniesg/.pyenv/versions/3.12.5/envs/letters_home/lib/python3.12/site-packages/airflow/example_dags/subdags/subdag.py for tasks to queue
[2024-09-10T02:00:49.132+0800] {logging_mixin.py:190} INFO - [2024-09-10T02:00:49.131+0800] {dagbag.py:587} INFO - Filling up the DagBag from /Users/erniesg/.pyenv/versions/3.12.5/envs/letters_home/lib/python3.12/site-packages/airflow/example_dags/subdags/subdag.py
[2024-09-10T02:00:49.132+0800] {processor.py:927} WARNING - No viable dags retrieved from /Users/erniesg/.pyenv/versions/3.12.5/envs/letters_home/lib/python3.12/site-packages/airflow/example_dags/subdags/subdag.py
[2024-09-10T02:00:49.167+0800] {processor.py:208} INFO - Processing /Users/erniesg/.pyenv/versions/3.12.5/envs/letters_home/lib/python3.12/site-packages/airflow/example_dags/subdags/subdag.py took 0.038 seconds
[2024-09-10T02:02:10.634+0800] {processor.py:186} INFO - Started process (PID=67947) to work on /Users/erniesg/.pyenv/versions/3.12.5/envs/letters_home/lib/python3.12/site-packages/airflow/example_dags/subdags/subdag.py
[2024-09-10T02:02:10.634+0800] {processor.py:914} INFO - Processing file /Users/erniesg/.pyenv/versions/3.12.5/envs/letters_home/lib/python3.12/site-packages/airflow/example_dags/subdags/subdag.py for tasks to queue
[2024-09-10T02:02:10.634+0800] {logging_mixin.py:190} INFO - [2024-09-10T02:02:10.634+0800] {dagbag.py:587} INFO - Filling up the DagBag from /Users/erniesg/.pyenv/versions/3.12.5/envs/letters_home/lib/python3.12/site-packages/airflow/example_dags/subdags/subdag.py
[2024-09-10T02:02:10.635+0800] {processor.py:927} WARNING - No viable dags retrieved from /Users/erniesg/.pyenv/versions/3.12.5/envs/letters_home/lib/python3.12/site-packages/airflow/example_dags/subdags/subdag.py
[2024-09-10T02:02:10.668+0800] {processor.py:208} INFO - Processing /Users/erniesg/.pyenv/versions/3.12.5/envs/letters_home/lib/python3.12/site-packages/airflow/example_dags/subdags/subdag.py took 0.035 seconds
[2024-09-10T02:03:29.972+0800] {processor.py:186} INFO - Started process (PID=68048) to work on /Users/erniesg/.pyenv/versions/3.12.5/envs/letters_home/lib/python3.12/site-packages/airflow/example_dags/subdags/subdag.py
[2024-09-10T02:03:29.973+0800] {processor.py:914} INFO - Processing file /Users/erniesg/.pyenv/versions/3.12.5/envs/letters_home/lib/python3.12/site-packages/airflow/example_dags/subdags/subdag.py for tasks to queue
[2024-09-10T02:03:29.973+0800] {logging_mixin.py:190} INFO - [2024-09-10T02:03:29.973+0800] {dagbag.py:587} INFO - Filling up the DagBag from /Users/erniesg/.pyenv/versions/3.12.5/envs/letters_home/lib/python3.12/site-packages/airflow/example_dags/subdags/subdag.py
[2024-09-10T02:03:29.974+0800] {processor.py:927} WARNING - No viable dags retrieved from /Users/erniesg/.pyenv/versions/3.12.5/envs/letters_home/lib/python3.12/site-packages/airflow/example_dags/subdags/subdag.py
[2024-09-10T02:03:30.007+0800] {processor.py:208} INFO - Processing /Users/erniesg/.pyenv/versions/3.12.5/envs/letters_home/lib/python3.12/site-packages/airflow/example_dags/subdags/subdag.py took 0.036 seconds
[2024-09-10T02:04:56.142+0800] {processor.py:186} INFO - Started process (PID=68136) to work on /Users/erniesg/.pyenv/versions/3.12.5/envs/letters_home/lib/python3.12/site-packages/airflow/example_dags/subdags/subdag.py
[2024-09-10T02:04:56.142+0800] {processor.py:914} INFO - Processing file /Users/erniesg/.pyenv/versions/3.12.5/envs/letters_home/lib/python3.12/site-packages/airflow/example_dags/subdags/subdag.py for tasks to queue
[2024-09-10T02:04:56.142+0800] {logging_mixin.py:190} INFO - [2024-09-10T02:04:56.142+0800] {dagbag.py:587} INFO - Filling up the DagBag from /Users/erniesg/.pyenv/versions/3.12.5/envs/letters_home/lib/python3.12/site-packages/airflow/example_dags/subdags/subdag.py
[2024-09-10T02:04:56.143+0800] {processor.py:927} WARNING - No viable dags retrieved from /Users/erniesg/.pyenv/versions/3.12.5/envs/letters_home/lib/python3.12/site-packages/airflow/example_dags/subdags/subdag.py
[2024-09-10T02:04:56.177+0800] {processor.py:208} INFO - Processing /Users/erniesg/.pyenv/versions/3.12.5/envs/letters_home/lib/python3.12/site-packages/airflow/example_dags/subdags/subdag.py took 0.036 seconds
[2024-09-10T02:06:29.995+0800] {processor.py:186} INFO - Started process (PID=68247) to work on /Users/erniesg/.pyenv/versions/3.12.5/envs/letters_home/lib/python3.12/site-packages/airflow/example_dags/subdags/subdag.py
[2024-09-10T02:06:29.995+0800] {processor.py:914} INFO - Processing file /Users/erniesg/.pyenv/versions/3.12.5/envs/letters_home/lib/python3.12/site-packages/airflow/example_dags/subdags/subdag.py for tasks to queue
[2024-09-10T02:06:29.996+0800] {logging_mixin.py:190} INFO - [2024-09-10T02:06:29.995+0800] {dagbag.py:587} INFO - Filling up the DagBag from /Users/erniesg/.pyenv/versions/3.12.5/envs/letters_home/lib/python3.12/site-packages/airflow/example_dags/subdags/subdag.py
[2024-09-10T02:06:29.996+0800] {processor.py:927} WARNING - No viable dags retrieved from /Users/erniesg/.pyenv/versions/3.12.5/envs/letters_home/lib/python3.12/site-packages/airflow/example_dags/subdags/subdag.py
[2024-09-10T02:06:30.029+0800] {processor.py:208} INFO - Processing /Users/erniesg/.pyenv/versions/3.12.5/envs/letters_home/lib/python3.12/site-packages/airflow/example_dags/subdags/subdag.py took 0.035 seconds
[2024-09-10T02:07:54.041+0800] {processor.py:186} INFO - Started process (PID=68440) to work on /Users/erniesg/.pyenv/versions/3.12.5/envs/letters_home/lib/python3.12/site-packages/airflow/example_dags/subdags/subdag.py
[2024-09-10T02:07:54.041+0800] {processor.py:914} INFO - Processing file /Users/erniesg/.pyenv/versions/3.12.5/envs/letters_home/lib/python3.12/site-packages/airflow/example_dags/subdags/subdag.py for tasks to queue
[2024-09-10T02:07:54.041+0800] {logging_mixin.py:190} INFO - [2024-09-10T02:07:54.041+0800] {dagbag.py:587} INFO - Filling up the DagBag from /Users/erniesg/.pyenv/versions/3.12.5/envs/letters_home/lib/python3.12/site-packages/airflow/example_dags/subdags/subdag.py
[2024-09-10T02:07:54.042+0800] {processor.py:927} WARNING - No viable dags retrieved from /Users/erniesg/.pyenv/versions/3.12.5/envs/letters_home/lib/python3.12/site-packages/airflow/example_dags/subdags/subdag.py
[2024-09-10T02:07:54.076+0800] {processor.py:208} INFO - Processing /Users/erniesg/.pyenv/versions/3.12.5/envs/letters_home/lib/python3.12/site-packages/airflow/example_dags/subdags/subdag.py took 0.037 seconds
[2024-09-10T02:09:16.328+0800] {processor.py:186} INFO - Started process (PID=68573) to work on /Users/erniesg/.pyenv/versions/3.12.5/envs/letters_home/lib/python3.12/site-packages/airflow/example_dags/subdags/subdag.py
[2024-09-10T02:09:16.328+0800] {processor.py:914} INFO - Processing file /Users/erniesg/.pyenv/versions/3.12.5/envs/letters_home/lib/python3.12/site-packages/airflow/example_dags/subdags/subdag.py for tasks to queue
[2024-09-10T02:09:16.328+0800] {logging_mixin.py:190} INFO - [2024-09-10T02:09:16.328+0800] {dagbag.py:587} INFO - Filling up the DagBag from /Users/erniesg/.pyenv/versions/3.12.5/envs/letters_home/lib/python3.12/site-packages/airflow/example_dags/subdags/subdag.py
[2024-09-10T02:09:16.329+0800] {processor.py:927} WARNING - No viable dags retrieved from /Users/erniesg/.pyenv/versions/3.12.5/envs/letters_home/lib/python3.12/site-packages/airflow/example_dags/subdags/subdag.py
[2024-09-10T02:09:16.365+0800] {processor.py:208} INFO - Processing /Users/erniesg/.pyenv/versions/3.12.5/envs/letters_home/lib/python3.12/site-packages/airflow/example_dags/subdags/subdag.py took 0.038 seconds
[2024-09-10T02:11:04.947+0800] {processor.py:186} INFO - Started process (PID=68914) to work on /Users/erniesg/.pyenv/versions/3.12.5/envs/letters_home/lib/python3.12/site-packages/airflow/example_dags/subdags/subdag.py
[2024-09-10T02:11:04.948+0800] {processor.py:914} INFO - Processing file /Users/erniesg/.pyenv/versions/3.12.5/envs/letters_home/lib/python3.12/site-packages/airflow/example_dags/subdags/subdag.py for tasks to queue
[2024-09-10T02:11:04.948+0800] {logging_mixin.py:190} INFO - [2024-09-10T02:11:04.948+0800] {dagbag.py:587} INFO - Filling up the DagBag from /Users/erniesg/.pyenv/versions/3.12.5/envs/letters_home/lib/python3.12/site-packages/airflow/example_dags/subdags/subdag.py
[2024-09-10T02:11:04.949+0800] {processor.py:927} WARNING - No viable dags retrieved from /Users/erniesg/.pyenv/versions/3.12.5/envs/letters_home/lib/python3.12/site-packages/airflow/example_dags/subdags/subdag.py
[2024-09-10T02:11:04.987+0800] {processor.py:208} INFO - Processing /Users/erniesg/.pyenv/versions/3.12.5/envs/letters_home/lib/python3.12/site-packages/airflow/example_dags/subdags/subdag.py took 0.041 seconds
[2024-09-10T02:11:56.485+0800] {processor.py:186} INFO - Started process (PID=69231) to work on /Users/erniesg/.pyenv/versions/3.12.5/envs/letters_home/lib/python3.12/site-packages/airflow/example_dags/subdags/subdag.py
[2024-09-10T02:11:56.485+0800] {processor.py:914} INFO - Processing file /Users/erniesg/.pyenv/versions/3.12.5/envs/letters_home/lib/python3.12/site-packages/airflow/example_dags/subdags/subdag.py for tasks to queue
[2024-09-10T02:11:56.485+0800] {logging_mixin.py:190} INFO - [2024-09-10T02:11:56.485+0800] {dagbag.py:587} INFO - Filling up the DagBag from /Users/erniesg/.pyenv/versions/3.12.5/envs/letters_home/lib/python3.12/site-packages/airflow/example_dags/subdags/subdag.py
[2024-09-10T02:11:56.486+0800] {processor.py:927} WARNING - No viable dags retrieved from /Users/erniesg/.pyenv/versions/3.12.5/envs/letters_home/lib/python3.12/site-packages/airflow/example_dags/subdags/subdag.py
[2024-09-10T02:11:56.519+0800] {processor.py:208} INFO - Processing /Users/erniesg/.pyenv/versions/3.12.5/envs/letters_home/lib/python3.12/site-packages/airflow/example_dags/subdags/subdag.py took 0.036 seconds
[2024-09-10T02:13:49.969+0800] {processor.py:186} INFO - Started process (PID=69326) to work on /Users/erniesg/.pyenv/versions/3.12.5/envs/letters_home/lib/python3.12/site-packages/airflow/example_dags/subdags/subdag.py
[2024-09-10T02:13:49.970+0800] {processor.py:914} INFO - Processing file /Users/erniesg/.pyenv/versions/3.12.5/envs/letters_home/lib/python3.12/site-packages/airflow/example_dags/subdags/subdag.py for tasks to queue
[2024-09-10T02:13:49.970+0800] {logging_mixin.py:190} INFO - [2024-09-10T02:13:49.970+0800] {dagbag.py:587} INFO - Filling up the DagBag from /Users/erniesg/.pyenv/versions/3.12.5/envs/letters_home/lib/python3.12/site-packages/airflow/example_dags/subdags/subdag.py
[2024-09-10T02:13:49.971+0800] {processor.py:927} WARNING - No viable dags retrieved from /Users/erniesg/.pyenv/versions/3.12.5/envs/letters_home/lib/python3.12/site-packages/airflow/example_dags/subdags/subdag.py
[2024-09-10T02:13:50.006+0800] {processor.py:208} INFO - Processing /Users/erniesg/.pyenv/versions/3.12.5/envs/letters_home/lib/python3.12/site-packages/airflow/example_dags/subdags/subdag.py took 0.037 seconds
[2024-09-10T02:15:17.301+0800] {processor.py:186} INFO - Started process (PID=69672) to work on /Users/erniesg/.pyenv/versions/3.12.5/envs/letters_home/lib/python3.12/site-packages/airflow/example_dags/subdags/subdag.py
[2024-09-10T02:15:17.301+0800] {processor.py:914} INFO - Processing file /Users/erniesg/.pyenv/versions/3.12.5/envs/letters_home/lib/python3.12/site-packages/airflow/example_dags/subdags/subdag.py for tasks to queue
[2024-09-10T02:15:17.302+0800] {logging_mixin.py:190} INFO - [2024-09-10T02:15:17.302+0800] {dagbag.py:587} INFO - Filling up the DagBag from /Users/erniesg/.pyenv/versions/3.12.5/envs/letters_home/lib/python3.12/site-packages/airflow/example_dags/subdags/subdag.py
[2024-09-10T02:15:17.303+0800] {processor.py:927} WARNING - No viable dags retrieved from /Users/erniesg/.pyenv/versions/3.12.5/envs/letters_home/lib/python3.12/site-packages/airflow/example_dags/subdags/subdag.py
[2024-09-10T02:15:17.339+0800] {processor.py:208} INFO - Processing /Users/erniesg/.pyenv/versions/3.12.5/envs/letters_home/lib/python3.12/site-packages/airflow/example_dags/subdags/subdag.py took 0.039 seconds
[2024-09-10T02:17:14.406+0800] {processor.py:186} INFO - Started process (PID=69798) to work on /Users/erniesg/.pyenv/versions/3.12.5/envs/letters_home/lib/python3.12/site-packages/airflow/example_dags/subdags/subdag.py
[2024-09-10T02:17:14.406+0800] {processor.py:914} INFO - Processing file /Users/erniesg/.pyenv/versions/3.12.5/envs/letters_home/lib/python3.12/site-packages/airflow/example_dags/subdags/subdag.py for tasks to queue
[2024-09-10T02:17:14.406+0800] {logging_mixin.py:190} INFO - [2024-09-10T02:17:14.406+0800] {dagbag.py:587} INFO - Filling up the DagBag from /Users/erniesg/.pyenv/versions/3.12.5/envs/letters_home/lib/python3.12/site-packages/airflow/example_dags/subdags/subdag.py
[2024-09-10T02:17:14.407+0800] {processor.py:927} WARNING - No viable dags retrieved from /Users/erniesg/.pyenv/versions/3.12.5/envs/letters_home/lib/python3.12/site-packages/airflow/example_dags/subdags/subdag.py
[2024-09-10T02:17:14.442+0800] {processor.py:208} INFO - Processing /Users/erniesg/.pyenv/versions/3.12.5/envs/letters_home/lib/python3.12/site-packages/airflow/example_dags/subdags/subdag.py took 0.038 seconds
[2024-09-10T02:18:37.528+0800] {processor.py:186} INFO - Started process (PID=70213) to work on /Users/erniesg/.pyenv/versions/3.12.5/envs/letters_home/lib/python3.12/site-packages/airflow/example_dags/subdags/subdag.py
[2024-09-10T02:18:37.529+0800] {processor.py:914} INFO - Processing file /Users/erniesg/.pyenv/versions/3.12.5/envs/letters_home/lib/python3.12/site-packages/airflow/example_dags/subdags/subdag.py for tasks to queue
[2024-09-10T02:18:37.529+0800] {logging_mixin.py:190} INFO - [2024-09-10T02:18:37.529+0800] {dagbag.py:587} INFO - Filling up the DagBag from /Users/erniesg/.pyenv/versions/3.12.5/envs/letters_home/lib/python3.12/site-packages/airflow/example_dags/subdags/subdag.py
[2024-09-10T02:18:37.530+0800] {processor.py:927} WARNING - No viable dags retrieved from /Users/erniesg/.pyenv/versions/3.12.5/envs/letters_home/lib/python3.12/site-packages/airflow/example_dags/subdags/subdag.py
[2024-09-10T02:18:37.564+0800] {processor.py:208} INFO - Processing /Users/erniesg/.pyenv/versions/3.12.5/envs/letters_home/lib/python3.12/site-packages/airflow/example_dags/subdags/subdag.py took 0.037 seconds
[2024-09-10T02:20:00.995+0800] {processor.py:186} INFO - Started process (PID=70339) to work on /Users/erniesg/.pyenv/versions/3.12.5/envs/letters_home/lib/python3.12/site-packages/airflow/example_dags/subdags/subdag.py
[2024-09-10T02:20:00.995+0800] {processor.py:914} INFO - Processing file /Users/erniesg/.pyenv/versions/3.12.5/envs/letters_home/lib/python3.12/site-packages/airflow/example_dags/subdags/subdag.py for tasks to queue
[2024-09-10T02:20:00.996+0800] {logging_mixin.py:190} INFO - [2024-09-10T02:20:00.996+0800] {dagbag.py:587} INFO - Filling up the DagBag from /Users/erniesg/.pyenv/versions/3.12.5/envs/letters_home/lib/python3.12/site-packages/airflow/example_dags/subdags/subdag.py
[2024-09-10T02:20:00.997+0800] {processor.py:927} WARNING - No viable dags retrieved from /Users/erniesg/.pyenv/versions/3.12.5/envs/letters_home/lib/python3.12/site-packages/airflow/example_dags/subdags/subdag.py
[2024-09-10T02:20:01.032+0800] {processor.py:208} INFO - Processing /Users/erniesg/.pyenv/versions/3.12.5/envs/letters_home/lib/python3.12/site-packages/airflow/example_dags/subdags/subdag.py took 0.039 seconds
[2024-09-10T02:23:00.781+0800] {processor.py:186} INFO - Started process (PID=71786) to work on /Users/erniesg/.pyenv/versions/3.12.5/envs/letters_home/lib/python3.12/site-packages/airflow/example_dags/subdags/subdag.py
[2024-09-10T02:23:00.782+0800] {processor.py:914} INFO - Processing file /Users/erniesg/.pyenv/versions/3.12.5/envs/letters_home/lib/python3.12/site-packages/airflow/example_dags/subdags/subdag.py for tasks to queue
[2024-09-10T02:23:00.782+0800] {logging_mixin.py:190} INFO - [2024-09-10T02:23:00.782+0800] {dagbag.py:587} INFO - Filling up the DagBag from /Users/erniesg/.pyenv/versions/3.12.5/envs/letters_home/lib/python3.12/site-packages/airflow/example_dags/subdags/subdag.py
[2024-09-10T02:23:00.783+0800] {processor.py:927} WARNING - No viable dags retrieved from /Users/erniesg/.pyenv/versions/3.12.5/envs/letters_home/lib/python3.12/site-packages/airflow/example_dags/subdags/subdag.py
[2024-09-10T02:23:00.814+0800] {processor.py:208} INFO - Processing /Users/erniesg/.pyenv/versions/3.12.5/envs/letters_home/lib/python3.12/site-packages/airflow/example_dags/subdags/subdag.py took 0.034 seconds
[2024-09-10T02:29:12.811+0800] {processor.py:186} INFO - Started process (PID=72011) to work on /Users/erniesg/.pyenv/versions/3.12.5/envs/letters_home/lib/python3.12/site-packages/airflow/example_dags/subdags/subdag.py
[2024-09-10T02:29:12.811+0800] {processor.py:914} INFO - Processing file /Users/erniesg/.pyenv/versions/3.12.5/envs/letters_home/lib/python3.12/site-packages/airflow/example_dags/subdags/subdag.py for tasks to queue
[2024-09-10T02:29:12.811+0800] {logging_mixin.py:190} INFO - [2024-09-10T02:29:12.811+0800] {dagbag.py:587} INFO - Filling up the DagBag from /Users/erniesg/.pyenv/versions/3.12.5/envs/letters_home/lib/python3.12/site-packages/airflow/example_dags/subdags/subdag.py
[2024-09-10T02:29:12.812+0800] {processor.py:927} WARNING - No viable dags retrieved from /Users/erniesg/.pyenv/versions/3.12.5/envs/letters_home/lib/python3.12/site-packages/airflow/example_dags/subdags/subdag.py
[2024-09-10T02:29:12.842+0800] {processor.py:208} INFO - Processing /Users/erniesg/.pyenv/versions/3.12.5/envs/letters_home/lib/python3.12/site-packages/airflow/example_dags/subdags/subdag.py took 0.033 seconds
