[2024-09-10T01:37:14.655+0800] {processor.py:186} INFO - Started process (PID=57528) to work on /Users/erniesg/.pyenv/versions/3.12.5/envs/letters_home/lib/python3.12/site-packages/airflow/example_dags/example_xcom.py
[2024-09-10T01:37:14.656+0800] {processor.py:914} INFO - Processing file /Users/erniesg/.pyenv/versions/3.12.5/envs/letters_home/lib/python3.12/site-packages/airflow/example_dags/example_xcom.py for tasks to queue
[2024-09-10T01:37:14.656+0800] {logging_mixin.py:190} INFO - [2024-09-10T01:37:14.656+0800] {dagbag.py:587} INFO - Filling up the DagBag from /Users/erniesg/.pyenv/versions/3.12.5/envs/letters_home/lib/python3.12/site-packages/airflow/example_dags/example_xcom.py
[2024-09-10T01:37:14.671+0800] {processor.py:925} INFO - DAG(s) 'example_xcom' retrieved from /Users/erniesg/.pyenv/versions/3.12.5/envs/letters_home/lib/python3.12/site-packages/airflow/example_dags/example_xcom.py
[2024-09-10T01:37:14.740+0800] {logging_mixin.py:190} INFO - [2024-09-10T01:37:14.740+0800] {override.py:1900} INFO - Created Permission View: can read on DAG:example_xcom
[2024-09-10T01:37:14.743+0800] {logging_mixin.py:190} INFO - [2024-09-10T01:37:14.743+0800] {override.py:1900} INFO - Created Permission View: can delete on DAG:example_xcom
[2024-09-10T01:37:14.745+0800] {logging_mixin.py:190} INFO - [2024-09-10T01:37:14.745+0800] {override.py:1900} INFO - Created Permission View: can edit on DAG:example_xcom
[2024-09-10T01:37:14.747+0800] {logging_mixin.py:190} INFO - [2024-09-10T01:37:14.747+0800] {override.py:1900} INFO - Created Permission View: can read on DAG Run:example_xcom
[2024-09-10T01:37:14.749+0800] {logging_mixin.py:190} INFO - [2024-09-10T01:37:14.749+0800] {override.py:1900} INFO - Created Permission View: can delete on DAG Run:example_xcom
[2024-09-10T01:37:14.751+0800] {logging_mixin.py:190} INFO - [2024-09-10T01:37:14.751+0800] {override.py:1900} INFO - Created Permission View: can create on DAG Run:example_xcom
[2024-09-10T01:37:14.753+0800] {logging_mixin.py:190} INFO - [2024-09-10T01:37:14.753+0800] {override.py:1900} INFO - Created Permission View: menu access on DAG Run:example_xcom
[2024-09-10T01:37:14.753+0800] {logging_mixin.py:190} INFO - [2024-09-10T01:37:14.753+0800] {dag.py:3229} INFO - Sync 1 DAGs
[2024-09-10T01:37:14.757+0800] {logging_mixin.py:190} INFO - [2024-09-10T01:37:14.757+0800] {dag.py:3252} INFO - Creating ORM DAG for example_xcom
[2024-09-10T01:37:14.760+0800] {logging_mixin.py:190} INFO - [2024-09-10T01:37:14.760+0800] {dag.py:4156} INFO - Setting next_dagrun for example_xcom to 2021-01-01 00:00:00+00:00, run_after=2021-01-01 00:00:00+00:00
[2024-09-10T01:37:14.765+0800] {processor.py:208} INFO - Processing /Users/erniesg/.pyenv/versions/3.12.5/envs/letters_home/lib/python3.12/site-packages/airflow/example_dags/example_xcom.py took 0.112 seconds
[2024-09-10T01:39:04.014+0800] {processor.py:186} INFO - Started process (PID=58059) to work on /Users/erniesg/.pyenv/versions/3.12.5/envs/letters_home/lib/python3.12/site-packages/airflow/example_dags/example_xcom.py
[2024-09-10T01:39:04.014+0800] {processor.py:914} INFO - Processing file /Users/erniesg/.pyenv/versions/3.12.5/envs/letters_home/lib/python3.12/site-packages/airflow/example_dags/example_xcom.py for tasks to queue
[2024-09-10T01:39:04.014+0800] {logging_mixin.py:190} INFO - [2024-09-10T01:39:04.014+0800] {dagbag.py:587} INFO - Filling up the DagBag from /Users/erniesg/.pyenv/versions/3.12.5/envs/letters_home/lib/python3.12/site-packages/airflow/example_dags/example_xcom.py
[2024-09-10T01:39:04.029+0800] {processor.py:925} INFO - DAG(s) 'example_xcom' retrieved from /Users/erniesg/.pyenv/versions/3.12.5/envs/letters_home/lib/python3.12/site-packages/airflow/example_dags/example_xcom.py
[2024-09-10T01:39:04.070+0800] {logging_mixin.py:190} INFO - [2024-09-10T01:39:04.069+0800] {dag.py:3229} INFO - Sync 1 DAGs
[2024-09-10T01:39:04.076+0800] {logging_mixin.py:190} INFO - [2024-09-10T01:39:04.076+0800] {dag.py:4156} INFO - Setting next_dagrun for example_xcom to 2021-01-01 00:00:00+00:00, run_after=2021-01-01 00:00:00+00:00
[2024-09-10T01:39:04.084+0800] {processor.py:208} INFO - Processing /Users/erniesg/.pyenv/versions/3.12.5/envs/letters_home/lib/python3.12/site-packages/airflow/example_dags/example_xcom.py took 0.071 seconds
[2024-09-10T01:40:26.234+0800] {processor.py:186} INFO - Started process (PID=58146) to work on /Users/erniesg/.pyenv/versions/3.12.5/envs/letters_home/lib/python3.12/site-packages/airflow/example_dags/example_xcom.py
[2024-09-10T01:40:26.234+0800] {processor.py:914} INFO - Processing file /Users/erniesg/.pyenv/versions/3.12.5/envs/letters_home/lib/python3.12/site-packages/airflow/example_dags/example_xcom.py for tasks to queue
[2024-09-10T01:40:26.234+0800] {logging_mixin.py:190} INFO - [2024-09-10T01:40:26.234+0800] {dagbag.py:587} INFO - Filling up the DagBag from /Users/erniesg/.pyenv/versions/3.12.5/envs/letters_home/lib/python3.12/site-packages/airflow/example_dags/example_xcom.py
[2024-09-10T01:40:26.250+0800] {processor.py:925} INFO - DAG(s) 'example_xcom' retrieved from /Users/erniesg/.pyenv/versions/3.12.5/envs/letters_home/lib/python3.12/site-packages/airflow/example_dags/example_xcom.py
[2024-09-10T01:40:26.285+0800] {logging_mixin.py:190} INFO - [2024-09-10T01:40:26.285+0800] {dag.py:3229} INFO - Sync 1 DAGs
[2024-09-10T01:40:26.291+0800] {logging_mixin.py:190} INFO - [2024-09-10T01:40:26.291+0800] {dag.py:4156} INFO - Setting next_dagrun for example_xcom to 2021-01-01 00:00:00+00:00, run_after=2021-01-01 00:00:00+00:00
[2024-09-10T01:40:26.298+0800] {processor.py:208} INFO - Processing /Users/erniesg/.pyenv/versions/3.12.5/envs/letters_home/lib/python3.12/site-packages/airflow/example_dags/example_xcom.py took 0.066 seconds
[2024-09-10T01:41:44.563+0800] {processor.py:186} INFO - Started process (PID=58203) to work on /Users/erniesg/.pyenv/versions/3.12.5/envs/letters_home/lib/python3.12/site-packages/airflow/example_dags/example_xcom.py
[2024-09-10T01:41:44.563+0800] {processor.py:914} INFO - Processing file /Users/erniesg/.pyenv/versions/3.12.5/envs/letters_home/lib/python3.12/site-packages/airflow/example_dags/example_xcom.py for tasks to queue
[2024-09-10T01:41:44.564+0800] {logging_mixin.py:190} INFO - [2024-09-10T01:41:44.564+0800] {dagbag.py:587} INFO - Filling up the DagBag from /Users/erniesg/.pyenv/versions/3.12.5/envs/letters_home/lib/python3.12/site-packages/airflow/example_dags/example_xcom.py
[2024-09-10T01:41:44.579+0800] {processor.py:925} INFO - DAG(s) 'example_xcom' retrieved from /Users/erniesg/.pyenv/versions/3.12.5/envs/letters_home/lib/python3.12/site-packages/airflow/example_dags/example_xcom.py
[2024-09-10T01:41:44.616+0800] {logging_mixin.py:190} INFO - [2024-09-10T01:41:44.616+0800] {dag.py:3229} INFO - Sync 1 DAGs
[2024-09-10T01:41:44.622+0800] {logging_mixin.py:190} INFO - [2024-09-10T01:41:44.622+0800] {dag.py:4156} INFO - Setting next_dagrun for example_xcom to 2021-01-01 00:00:00+00:00, run_after=2021-01-01 00:00:00+00:00
[2024-09-10T01:41:44.629+0800] {processor.py:208} INFO - Processing /Users/erniesg/.pyenv/versions/3.12.5/envs/letters_home/lib/python3.12/site-packages/airflow/example_dags/example_xcom.py took 0.067 seconds
[2024-09-10T01:43:07.480+0800] {processor.py:186} INFO - Started process (PID=58387) to work on /Users/erniesg/.pyenv/versions/3.12.5/envs/letters_home/lib/python3.12/site-packages/airflow/example_dags/example_xcom.py
[2024-09-10T01:43:07.481+0800] {processor.py:914} INFO - Processing file /Users/erniesg/.pyenv/versions/3.12.5/envs/letters_home/lib/python3.12/site-packages/airflow/example_dags/example_xcom.py for tasks to queue
[2024-09-10T01:43:07.481+0800] {logging_mixin.py:190} INFO - [2024-09-10T01:43:07.481+0800] {dagbag.py:587} INFO - Filling up the DagBag from /Users/erniesg/.pyenv/versions/3.12.5/envs/letters_home/lib/python3.12/site-packages/airflow/example_dags/example_xcom.py
[2024-09-10T01:43:07.496+0800] {processor.py:925} INFO - DAG(s) 'example_xcom' retrieved from /Users/erniesg/.pyenv/versions/3.12.5/envs/letters_home/lib/python3.12/site-packages/airflow/example_dags/example_xcom.py
[2024-09-10T01:43:07.534+0800] {logging_mixin.py:190} INFO - [2024-09-10T01:43:07.534+0800] {dag.py:3229} INFO - Sync 1 DAGs
[2024-09-10T01:43:07.541+0800] {logging_mixin.py:190} INFO - [2024-09-10T01:43:07.541+0800] {dag.py:4156} INFO - Setting next_dagrun for example_xcom to 2021-01-01 00:00:00+00:00, run_after=2021-01-01 00:00:00+00:00
[2024-09-10T01:43:07.548+0800] {processor.py:208} INFO - Processing /Users/erniesg/.pyenv/versions/3.12.5/envs/letters_home/lib/python3.12/site-packages/airflow/example_dags/example_xcom.py took 0.068 seconds
[2024-09-10T01:44:29.002+0800] {processor.py:186} INFO - Started process (PID=58759) to work on /Users/erniesg/.pyenv/versions/3.12.5/envs/letters_home/lib/python3.12/site-packages/airflow/example_dags/example_xcom.py
[2024-09-10T01:44:29.003+0800] {processor.py:914} INFO - Processing file /Users/erniesg/.pyenv/versions/3.12.5/envs/letters_home/lib/python3.12/site-packages/airflow/example_dags/example_xcom.py for tasks to queue
[2024-09-10T01:44:29.003+0800] {logging_mixin.py:190} INFO - [2024-09-10T01:44:29.003+0800] {dagbag.py:587} INFO - Filling up the DagBag from /Users/erniesg/.pyenv/versions/3.12.5/envs/letters_home/lib/python3.12/site-packages/airflow/example_dags/example_xcom.py
[2024-09-10T01:44:29.018+0800] {processor.py:925} INFO - DAG(s) 'example_xcom' retrieved from /Users/erniesg/.pyenv/versions/3.12.5/envs/letters_home/lib/python3.12/site-packages/airflow/example_dags/example_xcom.py
[2024-09-10T01:44:29.087+0800] {logging_mixin.py:190} INFO - [2024-09-10T01:44:29.087+0800] {dag.py:3229} INFO - Sync 1 DAGs
[2024-09-10T01:44:29.093+0800] {logging_mixin.py:190} INFO - [2024-09-10T01:44:29.092+0800] {dag.py:4156} INFO - Setting next_dagrun for example_xcom to 2021-01-01 00:00:00+00:00, run_after=2021-01-01 00:00:00+00:00
[2024-09-10T01:44:29.099+0800] {processor.py:208} INFO - Processing /Users/erniesg/.pyenv/versions/3.12.5/envs/letters_home/lib/python3.12/site-packages/airflow/example_dags/example_xcom.py took 0.098 seconds
[2024-09-10T01:58:46.287+0800] {processor.py:186} INFO - Started process (PID=67450) to work on /Users/erniesg/.pyenv/versions/3.12.5/envs/letters_home/lib/python3.12/site-packages/airflow/example_dags/example_xcom.py
[2024-09-10T01:58:46.287+0800] {processor.py:914} INFO - Processing file /Users/erniesg/.pyenv/versions/3.12.5/envs/letters_home/lib/python3.12/site-packages/airflow/example_dags/example_xcom.py for tasks to queue
[2024-09-10T01:58:46.288+0800] {logging_mixin.py:190} INFO - [2024-09-10T01:58:46.288+0800] {dagbag.py:587} INFO - Filling up the DagBag from /Users/erniesg/.pyenv/versions/3.12.5/envs/letters_home/lib/python3.12/site-packages/airflow/example_dags/example_xcom.py
[2024-09-10T01:58:46.303+0800] {processor.py:925} INFO - DAG(s) 'example_xcom' retrieved from /Users/erniesg/.pyenv/versions/3.12.5/envs/letters_home/lib/python3.12/site-packages/airflow/example_dags/example_xcom.py
[2024-09-10T01:58:46.375+0800] {logging_mixin.py:190} INFO - [2024-09-10T01:58:46.375+0800] {dag.py:3229} INFO - Sync 1 DAGs
[2024-09-10T01:58:46.381+0800] {logging_mixin.py:190} INFO - [2024-09-10T01:58:46.381+0800] {dag.py:4156} INFO - Setting next_dagrun for example_xcom to 2021-01-01 00:00:00+00:00, run_after=2021-01-01 00:00:00+00:00
[2024-09-10T01:58:46.389+0800] {processor.py:208} INFO - Processing /Users/erniesg/.pyenv/versions/3.12.5/envs/letters_home/lib/python3.12/site-packages/airflow/example_dags/example_xcom.py took 0.104 seconds
[2024-09-10T02:01:10.431+0800] {processor.py:186} INFO - Started process (PID=67887) to work on /Users/erniesg/.pyenv/versions/3.12.5/envs/letters_home/lib/python3.12/site-packages/airflow/example_dags/example_xcom.py
[2024-09-10T02:01:10.431+0800] {processor.py:914} INFO - Processing file /Users/erniesg/.pyenv/versions/3.12.5/envs/letters_home/lib/python3.12/site-packages/airflow/example_dags/example_xcom.py for tasks to queue
[2024-09-10T02:01:10.432+0800] {logging_mixin.py:190} INFO - [2024-09-10T02:01:10.432+0800] {dagbag.py:587} INFO - Filling up the DagBag from /Users/erniesg/.pyenv/versions/3.12.5/envs/letters_home/lib/python3.12/site-packages/airflow/example_dags/example_xcom.py
[2024-09-10T02:01:10.448+0800] {processor.py:925} INFO - DAG(s) 'example_xcom' retrieved from /Users/erniesg/.pyenv/versions/3.12.5/envs/letters_home/lib/python3.12/site-packages/airflow/example_dags/example_xcom.py
[2024-09-10T02:01:10.486+0800] {logging_mixin.py:190} INFO - [2024-09-10T02:01:10.486+0800] {dag.py:3229} INFO - Sync 1 DAGs
[2024-09-10T02:01:10.492+0800] {logging_mixin.py:190} INFO - [2024-09-10T02:01:10.492+0800] {dag.py:4156} INFO - Setting next_dagrun for example_xcom to 2021-01-01 00:00:00+00:00, run_after=2021-01-01 00:00:00+00:00
[2024-09-10T02:01:10.499+0800] {processor.py:208} INFO - Processing /Users/erniesg/.pyenv/versions/3.12.5/envs/letters_home/lib/python3.12/site-packages/airflow/example_dags/example_xcom.py took 0.069 seconds
[2024-09-10T02:02:30.617+0800] {processor.py:186} INFO - Started process (PID=67968) to work on /Users/erniesg/.pyenv/versions/3.12.5/envs/letters_home/lib/python3.12/site-packages/airflow/example_dags/example_xcom.py
[2024-09-10T02:02:30.618+0800] {processor.py:914} INFO - Processing file /Users/erniesg/.pyenv/versions/3.12.5/envs/letters_home/lib/python3.12/site-packages/airflow/example_dags/example_xcom.py for tasks to queue
[2024-09-10T02:02:30.618+0800] {logging_mixin.py:190} INFO - [2024-09-10T02:02:30.618+0800] {dagbag.py:587} INFO - Filling up the DagBag from /Users/erniesg/.pyenv/versions/3.12.5/envs/letters_home/lib/python3.12/site-packages/airflow/example_dags/example_xcom.py
[2024-09-10T02:02:30.633+0800] {processor.py:925} INFO - DAG(s) 'example_xcom' retrieved from /Users/erniesg/.pyenv/versions/3.12.5/envs/letters_home/lib/python3.12/site-packages/airflow/example_dags/example_xcom.py
[2024-09-10T02:02:30.672+0800] {logging_mixin.py:190} INFO - [2024-09-10T02:02:30.672+0800] {dag.py:3229} INFO - Sync 1 DAGs
[2024-09-10T02:02:30.678+0800] {logging_mixin.py:190} INFO - [2024-09-10T02:02:30.678+0800] {dag.py:4156} INFO - Setting next_dagrun for example_xcom to 2021-01-01 00:00:00+00:00, run_after=2021-01-01 00:00:00+00:00
[2024-09-10T02:02:30.686+0800] {processor.py:208} INFO - Processing /Users/erniesg/.pyenv/versions/3.12.5/envs/letters_home/lib/python3.12/site-packages/airflow/example_dags/example_xcom.py took 0.070 seconds
[2024-09-10T02:03:52.385+0800] {processor.py:186} INFO - Started process (PID=68075) to work on /Users/erniesg/.pyenv/versions/3.12.5/envs/letters_home/lib/python3.12/site-packages/airflow/example_dags/example_xcom.py
[2024-09-10T02:03:52.386+0800] {processor.py:914} INFO - Processing file /Users/erniesg/.pyenv/versions/3.12.5/envs/letters_home/lib/python3.12/site-packages/airflow/example_dags/example_xcom.py for tasks to queue
[2024-09-10T02:03:52.386+0800] {logging_mixin.py:190} INFO - [2024-09-10T02:03:52.386+0800] {dagbag.py:587} INFO - Filling up the DagBag from /Users/erniesg/.pyenv/versions/3.12.5/envs/letters_home/lib/python3.12/site-packages/airflow/example_dags/example_xcom.py
[2024-09-10T02:03:52.401+0800] {processor.py:925} INFO - DAG(s) 'example_xcom' retrieved from /Users/erniesg/.pyenv/versions/3.12.5/envs/letters_home/lib/python3.12/site-packages/airflow/example_dags/example_xcom.py
[2024-09-10T02:03:52.436+0800] {logging_mixin.py:190} INFO - [2024-09-10T02:03:52.436+0800] {dag.py:3229} INFO - Sync 1 DAGs
[2024-09-10T02:03:52.442+0800] {logging_mixin.py:190} INFO - [2024-09-10T02:03:52.442+0800] {dag.py:4156} INFO - Setting next_dagrun for example_xcom to 2021-01-01 00:00:00+00:00, run_after=2021-01-01 00:00:00+00:00
[2024-09-10T02:03:52.449+0800] {processor.py:208} INFO - Processing /Users/erniesg/.pyenv/versions/3.12.5/envs/letters_home/lib/python3.12/site-packages/airflow/example_dags/example_xcom.py took 0.064 seconds
[2024-09-10T02:05:28.744+0800] {processor.py:186} INFO - Started process (PID=68183) to work on /Users/erniesg/.pyenv/versions/3.12.5/envs/letters_home/lib/python3.12/site-packages/airflow/example_dags/example_xcom.py
[2024-09-10T02:05:28.744+0800] {processor.py:914} INFO - Processing file /Users/erniesg/.pyenv/versions/3.12.5/envs/letters_home/lib/python3.12/site-packages/airflow/example_dags/example_xcom.py for tasks to queue
[2024-09-10T02:05:28.745+0800] {logging_mixin.py:190} INFO - [2024-09-10T02:05:28.745+0800] {dagbag.py:587} INFO - Filling up the DagBag from /Users/erniesg/.pyenv/versions/3.12.5/envs/letters_home/lib/python3.12/site-packages/airflow/example_dags/example_xcom.py
[2024-09-10T02:05:28.760+0800] {processor.py:925} INFO - DAG(s) 'example_xcom' retrieved from /Users/erniesg/.pyenv/versions/3.12.5/envs/letters_home/lib/python3.12/site-packages/airflow/example_dags/example_xcom.py
[2024-09-10T02:05:28.799+0800] {logging_mixin.py:190} INFO - [2024-09-10T02:05:28.798+0800] {dag.py:3229} INFO - Sync 1 DAGs
[2024-09-10T02:05:28.806+0800] {logging_mixin.py:190} INFO - [2024-09-10T02:05:28.805+0800] {dag.py:4156} INFO - Setting next_dagrun for example_xcom to 2021-01-01 00:00:00+00:00, run_after=2021-01-01 00:00:00+00:00
[2024-09-10T02:05:28.814+0800] {processor.py:208} INFO - Processing /Users/erniesg/.pyenv/versions/3.12.5/envs/letters_home/lib/python3.12/site-packages/airflow/example_dags/example_xcom.py took 0.071 seconds
[2024-09-10T02:06:52.238+0800] {processor.py:186} INFO - Started process (PID=68267) to work on /Users/erniesg/.pyenv/versions/3.12.5/envs/letters_home/lib/python3.12/site-packages/airflow/example_dags/example_xcom.py
[2024-09-10T02:06:52.238+0800] {processor.py:914} INFO - Processing file /Users/erniesg/.pyenv/versions/3.12.5/envs/letters_home/lib/python3.12/site-packages/airflow/example_dags/example_xcom.py for tasks to queue
[2024-09-10T02:06:52.238+0800] {logging_mixin.py:190} INFO - [2024-09-10T02:06:52.238+0800] {dagbag.py:587} INFO - Filling up the DagBag from /Users/erniesg/.pyenv/versions/3.12.5/envs/letters_home/lib/python3.12/site-packages/airflow/example_dags/example_xcom.py
[2024-09-10T02:06:52.255+0800] {processor.py:925} INFO - DAG(s) 'example_xcom' retrieved from /Users/erniesg/.pyenv/versions/3.12.5/envs/letters_home/lib/python3.12/site-packages/airflow/example_dags/example_xcom.py
[2024-09-10T02:06:52.292+0800] {logging_mixin.py:190} INFO - [2024-09-10T02:06:52.292+0800] {dag.py:3229} INFO - Sync 1 DAGs
[2024-09-10T02:06:52.298+0800] {logging_mixin.py:190} INFO - [2024-09-10T02:06:52.298+0800] {dag.py:4156} INFO - Setting next_dagrun for example_xcom to 2021-01-01 00:00:00+00:00, run_after=2021-01-01 00:00:00+00:00
[2024-09-10T02:06:52.306+0800] {processor.py:208} INFO - Processing /Users/erniesg/.pyenv/versions/3.12.5/envs/letters_home/lib/python3.12/site-packages/airflow/example_dags/example_xcom.py took 0.070 seconds
[2024-09-10T02:08:14.256+0800] {processor.py:186} INFO - Started process (PID=68467) to work on /Users/erniesg/.pyenv/versions/3.12.5/envs/letters_home/lib/python3.12/site-packages/airflow/example_dags/example_xcom.py
[2024-09-10T02:08:14.256+0800] {processor.py:914} INFO - Processing file /Users/erniesg/.pyenv/versions/3.12.5/envs/letters_home/lib/python3.12/site-packages/airflow/example_dags/example_xcom.py for tasks to queue
[2024-09-10T02:08:14.256+0800] {logging_mixin.py:190} INFO - [2024-09-10T02:08:14.256+0800] {dagbag.py:587} INFO - Filling up the DagBag from /Users/erniesg/.pyenv/versions/3.12.5/envs/letters_home/lib/python3.12/site-packages/airflow/example_dags/example_xcom.py
[2024-09-10T02:08:14.272+0800] {processor.py:925} INFO - DAG(s) 'example_xcom' retrieved from /Users/erniesg/.pyenv/versions/3.12.5/envs/letters_home/lib/python3.12/site-packages/airflow/example_dags/example_xcom.py
[2024-09-10T02:08:14.307+0800] {logging_mixin.py:190} INFO - [2024-09-10T02:08:14.307+0800] {dag.py:3229} INFO - Sync 1 DAGs
[2024-09-10T02:08:14.314+0800] {logging_mixin.py:190} INFO - [2024-09-10T02:08:14.313+0800] {dag.py:4156} INFO - Setting next_dagrun for example_xcom to 2021-01-01 00:00:00+00:00, run_after=2021-01-01 00:00:00+00:00
[2024-09-10T02:08:14.321+0800] {processor.py:208} INFO - Processing /Users/erniesg/.pyenv/versions/3.12.5/envs/letters_home/lib/python3.12/site-packages/airflow/example_dags/example_xcom.py took 0.066 seconds
[2024-09-10T02:09:37.545+0800] {processor.py:186} INFO - Started process (PID=68585) to work on /Users/erniesg/.pyenv/versions/3.12.5/envs/letters_home/lib/python3.12/site-packages/airflow/example_dags/example_xcom.py
[2024-09-10T02:09:37.545+0800] {processor.py:914} INFO - Processing file /Users/erniesg/.pyenv/versions/3.12.5/envs/letters_home/lib/python3.12/site-packages/airflow/example_dags/example_xcom.py for tasks to queue
[2024-09-10T02:09:37.545+0800] {logging_mixin.py:190} INFO - [2024-09-10T02:09:37.545+0800] {dagbag.py:587} INFO - Filling up the DagBag from /Users/erniesg/.pyenv/versions/3.12.5/envs/letters_home/lib/python3.12/site-packages/airflow/example_dags/example_xcom.py
[2024-09-10T02:09:37.562+0800] {processor.py:925} INFO - DAG(s) 'example_xcom' retrieved from /Users/erniesg/.pyenv/versions/3.12.5/envs/letters_home/lib/python3.12/site-packages/airflow/example_dags/example_xcom.py
[2024-09-10T02:09:37.601+0800] {logging_mixin.py:190} INFO - [2024-09-10T02:09:37.601+0800] {dag.py:3229} INFO - Sync 1 DAGs
[2024-09-10T02:09:37.608+0800] {logging_mixin.py:190} INFO - [2024-09-10T02:09:37.608+0800] {dag.py:4156} INFO - Setting next_dagrun for example_xcom to 2021-01-01 00:00:00+00:00, run_after=2021-01-01 00:00:00+00:00
[2024-09-10T02:09:37.616+0800] {processor.py:208} INFO - Processing /Users/erniesg/.pyenv/versions/3.12.5/envs/letters_home/lib/python3.12/site-packages/airflow/example_dags/example_xcom.py took 0.073 seconds
[2024-09-10T02:11:26.095+0800] {processor.py:186} INFO - Started process (PID=68935) to work on /Users/erniesg/.pyenv/versions/3.12.5/envs/letters_home/lib/python3.12/site-packages/airflow/example_dags/example_xcom.py
[2024-09-10T02:11:26.096+0800] {processor.py:914} INFO - Processing file /Users/erniesg/.pyenv/versions/3.12.5/envs/letters_home/lib/python3.12/site-packages/airflow/example_dags/example_xcom.py for tasks to queue
[2024-09-10T02:11:26.096+0800] {logging_mixin.py:190} INFO - [2024-09-10T02:11:26.096+0800] {dagbag.py:587} INFO - Filling up the DagBag from /Users/erniesg/.pyenv/versions/3.12.5/envs/letters_home/lib/python3.12/site-packages/airflow/example_dags/example_xcom.py
[2024-09-10T02:11:26.111+0800] {processor.py:925} INFO - DAG(s) 'example_xcom' retrieved from /Users/erniesg/.pyenv/versions/3.12.5/envs/letters_home/lib/python3.12/site-packages/airflow/example_dags/example_xcom.py
[2024-09-10T02:11:26.147+0800] {logging_mixin.py:190} INFO - [2024-09-10T02:11:26.147+0800] {dag.py:3229} INFO - Sync 1 DAGs
[2024-09-10T02:11:26.153+0800] {logging_mixin.py:190} INFO - [2024-09-10T02:11:26.153+0800] {dag.py:4156} INFO - Setting next_dagrun for example_xcom to 2021-01-01 00:00:00+00:00, run_after=2021-01-01 00:00:00+00:00
[2024-09-10T02:11:26.160+0800] {processor.py:208} INFO - Processing /Users/erniesg/.pyenv/versions/3.12.5/envs/letters_home/lib/python3.12/site-packages/airflow/example_dags/example_xcom.py took 0.066 seconds
[2024-09-10T02:12:17.550+0800] {processor.py:186} INFO - Started process (PID=69257) to work on /Users/erniesg/.pyenv/versions/3.12.5/envs/letters_home/lib/python3.12/site-packages/airflow/example_dags/example_xcom.py
[2024-09-10T02:12:17.550+0800] {processor.py:914} INFO - Processing file /Users/erniesg/.pyenv/versions/3.12.5/envs/letters_home/lib/python3.12/site-packages/airflow/example_dags/example_xcom.py for tasks to queue
[2024-09-10T02:12:17.551+0800] {logging_mixin.py:190} INFO - [2024-09-10T02:12:17.551+0800] {dagbag.py:587} INFO - Filling up the DagBag from /Users/erniesg/.pyenv/versions/3.12.5/envs/letters_home/lib/python3.12/site-packages/airflow/example_dags/example_xcom.py
[2024-09-10T02:12:17.568+0800] {processor.py:925} INFO - DAG(s) 'example_xcom' retrieved from /Users/erniesg/.pyenv/versions/3.12.5/envs/letters_home/lib/python3.12/site-packages/airflow/example_dags/example_xcom.py
[2024-09-10T02:12:17.604+0800] {logging_mixin.py:190} INFO - [2024-09-10T02:12:17.604+0800] {dag.py:3229} INFO - Sync 1 DAGs
[2024-09-10T02:12:17.610+0800] {logging_mixin.py:190} INFO - [2024-09-10T02:12:17.610+0800] {dag.py:4156} INFO - Setting next_dagrun for example_xcom to 2021-01-01 00:00:00+00:00, run_after=2021-01-01 00:00:00+00:00
[2024-09-10T02:12:17.617+0800] {processor.py:208} INFO - Processing /Users/erniesg/.pyenv/versions/3.12.5/envs/letters_home/lib/python3.12/site-packages/airflow/example_dags/example_xcom.py took 0.068 seconds
[2024-09-10T02:14:11.984+0800] {processor.py:186} INFO - Started process (PID=69347) to work on /Users/erniesg/.pyenv/versions/3.12.5/envs/letters_home/lib/python3.12/site-packages/airflow/example_dags/example_xcom.py
[2024-09-10T02:14:11.985+0800] {processor.py:914} INFO - Processing file /Users/erniesg/.pyenv/versions/3.12.5/envs/letters_home/lib/python3.12/site-packages/airflow/example_dags/example_xcom.py for tasks to queue
[2024-09-10T02:14:11.985+0800] {logging_mixin.py:190} INFO - [2024-09-10T02:14:11.985+0800] {dagbag.py:587} INFO - Filling up the DagBag from /Users/erniesg/.pyenv/versions/3.12.5/envs/letters_home/lib/python3.12/site-packages/airflow/example_dags/example_xcom.py
[2024-09-10T02:14:12.002+0800] {processor.py:925} INFO - DAG(s) 'example_xcom' retrieved from /Users/erniesg/.pyenv/versions/3.12.5/envs/letters_home/lib/python3.12/site-packages/airflow/example_dags/example_xcom.py
[2024-09-10T02:14:12.040+0800] {logging_mixin.py:190} INFO - [2024-09-10T02:14:12.040+0800] {dag.py:3229} INFO - Sync 1 DAGs
[2024-09-10T02:14:12.047+0800] {logging_mixin.py:190} INFO - [2024-09-10T02:14:12.047+0800] {dag.py:4156} INFO - Setting next_dagrun for example_xcom to 2021-01-01 00:00:00+00:00, run_after=2021-01-01 00:00:00+00:00
[2024-09-10T02:14:12.054+0800] {processor.py:208} INFO - Processing /Users/erniesg/.pyenv/versions/3.12.5/envs/letters_home/lib/python3.12/site-packages/airflow/example_dags/example_xcom.py took 0.072 seconds
[2024-09-10T02:15:39.503+0800] {processor.py:186} INFO - Started process (PID=69696) to work on /Users/erniesg/.pyenv/versions/3.12.5/envs/letters_home/lib/python3.12/site-packages/airflow/example_dags/example_xcom.py
[2024-09-10T02:15:39.503+0800] {processor.py:914} INFO - Processing file /Users/erniesg/.pyenv/versions/3.12.5/envs/letters_home/lib/python3.12/site-packages/airflow/example_dags/example_xcom.py for tasks to queue
[2024-09-10T02:15:39.504+0800] {logging_mixin.py:190} INFO - [2024-09-10T02:15:39.504+0800] {dagbag.py:587} INFO - Filling up the DagBag from /Users/erniesg/.pyenv/versions/3.12.5/envs/letters_home/lib/python3.12/site-packages/airflow/example_dags/example_xcom.py
[2024-09-10T02:15:39.521+0800] {processor.py:925} INFO - DAG(s) 'example_xcom' retrieved from /Users/erniesg/.pyenv/versions/3.12.5/envs/letters_home/lib/python3.12/site-packages/airflow/example_dags/example_xcom.py
[2024-09-10T02:15:39.560+0800] {logging_mixin.py:190} INFO - [2024-09-10T02:15:39.560+0800] {dag.py:3229} INFO - Sync 1 DAGs
[2024-09-10T02:15:39.567+0800] {logging_mixin.py:190} INFO - [2024-09-10T02:15:39.567+0800] {dag.py:4156} INFO - Setting next_dagrun for example_xcom to 2021-01-01 00:00:00+00:00, run_after=2021-01-01 00:00:00+00:00
[2024-09-10T02:15:39.575+0800] {processor.py:208} INFO - Processing /Users/erniesg/.pyenv/versions/3.12.5/envs/letters_home/lib/python3.12/site-packages/airflow/example_dags/example_xcom.py took 0.073 seconds
[2024-09-10T02:17:36.166+0800] {processor.py:186} INFO - Started process (PID=69825) to work on /Users/erniesg/.pyenv/versions/3.12.5/envs/letters_home/lib/python3.12/site-packages/airflow/example_dags/example_xcom.py
[2024-09-10T02:17:36.167+0800] {processor.py:914} INFO - Processing file /Users/erniesg/.pyenv/versions/3.12.5/envs/letters_home/lib/python3.12/site-packages/airflow/example_dags/example_xcom.py for tasks to queue
[2024-09-10T02:17:36.167+0800] {logging_mixin.py:190} INFO - [2024-09-10T02:17:36.167+0800] {dagbag.py:587} INFO - Filling up the DagBag from /Users/erniesg/.pyenv/versions/3.12.5/envs/letters_home/lib/python3.12/site-packages/airflow/example_dags/example_xcom.py
[2024-09-10T02:17:36.183+0800] {processor.py:925} INFO - DAG(s) 'example_xcom' retrieved from /Users/erniesg/.pyenv/versions/3.12.5/envs/letters_home/lib/python3.12/site-packages/airflow/example_dags/example_xcom.py
[2024-09-10T02:17:36.220+0800] {logging_mixin.py:190} INFO - [2024-09-10T02:17:36.220+0800] {dag.py:3229} INFO - Sync 1 DAGs
[2024-09-10T02:17:36.226+0800] {logging_mixin.py:190} INFO - [2024-09-10T02:17:36.226+0800] {dag.py:4156} INFO - Setting next_dagrun for example_xcom to 2021-01-01 00:00:00+00:00, run_after=2021-01-01 00:00:00+00:00
[2024-09-10T02:17:36.233+0800] {processor.py:208} INFO - Processing /Users/erniesg/.pyenv/versions/3.12.5/envs/letters_home/lib/python3.12/site-packages/airflow/example_dags/example_xcom.py took 0.068 seconds
[2024-09-10T02:18:58.589+0800] {processor.py:186} INFO - Started process (PID=70266) to work on /Users/erniesg/.pyenv/versions/3.12.5/envs/letters_home/lib/python3.12/site-packages/airflow/example_dags/example_xcom.py
[2024-09-10T02:18:58.589+0800] {processor.py:914} INFO - Processing file /Users/erniesg/.pyenv/versions/3.12.5/envs/letters_home/lib/python3.12/site-packages/airflow/example_dags/example_xcom.py for tasks to queue
[2024-09-10T02:18:58.590+0800] {logging_mixin.py:190} INFO - [2024-09-10T02:18:58.589+0800] {dagbag.py:587} INFO - Filling up the DagBag from /Users/erniesg/.pyenv/versions/3.12.5/envs/letters_home/lib/python3.12/site-packages/airflow/example_dags/example_xcom.py
[2024-09-10T02:18:58.606+0800] {processor.py:925} INFO - DAG(s) 'example_xcom' retrieved from /Users/erniesg/.pyenv/versions/3.12.5/envs/letters_home/lib/python3.12/site-packages/airflow/example_dags/example_xcom.py
[2024-09-10T02:18:58.644+0800] {logging_mixin.py:190} INFO - [2024-09-10T02:18:58.644+0800] {dag.py:3229} INFO - Sync 1 DAGs
[2024-09-10T02:18:58.650+0800] {logging_mixin.py:190} INFO - [2024-09-10T02:18:58.650+0800] {dag.py:4156} INFO - Setting next_dagrun for example_xcom to 2021-01-01 00:00:00+00:00, run_after=2021-01-01 00:00:00+00:00
[2024-09-10T02:18:58.658+0800] {processor.py:208} INFO - Processing /Users/erniesg/.pyenv/versions/3.12.5/envs/letters_home/lib/python3.12/site-packages/airflow/example_dags/example_xcom.py took 0.070 seconds
[2024-09-10T02:20:23.059+0800] {processor.py:186} INFO - Started process (PID=70363) to work on /Users/erniesg/.pyenv/versions/3.12.5/envs/letters_home/lib/python3.12/site-packages/airflow/example_dags/example_xcom.py
[2024-09-10T02:20:23.059+0800] {processor.py:914} INFO - Processing file /Users/erniesg/.pyenv/versions/3.12.5/envs/letters_home/lib/python3.12/site-packages/airflow/example_dags/example_xcom.py for tasks to queue
[2024-09-10T02:20:23.060+0800] {logging_mixin.py:190} INFO - [2024-09-10T02:20:23.060+0800] {dagbag.py:587} INFO - Filling up the DagBag from /Users/erniesg/.pyenv/versions/3.12.5/envs/letters_home/lib/python3.12/site-packages/airflow/example_dags/example_xcom.py
[2024-09-10T02:20:23.077+0800] {processor.py:925} INFO - DAG(s) 'example_xcom' retrieved from /Users/erniesg/.pyenv/versions/3.12.5/envs/letters_home/lib/python3.12/site-packages/airflow/example_dags/example_xcom.py
[2024-09-10T02:20:23.116+0800] {logging_mixin.py:190} INFO - [2024-09-10T02:20:23.116+0800] {dag.py:3229} INFO - Sync 1 DAGs
[2024-09-10T02:20:23.122+0800] {logging_mixin.py:190} INFO - [2024-09-10T02:20:23.122+0800] {dag.py:4156} INFO - Setting next_dagrun for example_xcom to 2021-01-01 00:00:00+00:00, run_after=2021-01-01 00:00:00+00:00
[2024-09-10T02:20:23.130+0800] {processor.py:208} INFO - Processing /Users/erniesg/.pyenv/versions/3.12.5/envs/letters_home/lib/python3.12/site-packages/airflow/example_dags/example_xcom.py took 0.072 seconds
[2024-09-10T02:23:21.987+0800] {processor.py:186} INFO - Started process (PID=71815) to work on /Users/erniesg/.pyenv/versions/3.12.5/envs/letters_home/lib/python3.12/site-packages/airflow/example_dags/example_xcom.py
[2024-09-10T02:23:21.988+0800] {processor.py:914} INFO - Processing file /Users/erniesg/.pyenv/versions/3.12.5/envs/letters_home/lib/python3.12/site-packages/airflow/example_dags/example_xcom.py for tasks to queue
[2024-09-10T02:23:21.988+0800] {logging_mixin.py:190} INFO - [2024-09-10T02:23:21.988+0800] {dagbag.py:587} INFO - Filling up the DagBag from /Users/erniesg/.pyenv/versions/3.12.5/envs/letters_home/lib/python3.12/site-packages/airflow/example_dags/example_xcom.py
[2024-09-10T02:23:22.004+0800] {processor.py:925} INFO - DAG(s) 'example_xcom' retrieved from /Users/erniesg/.pyenv/versions/3.12.5/envs/letters_home/lib/python3.12/site-packages/airflow/example_dags/example_xcom.py
[2024-09-10T02:23:22.041+0800] {logging_mixin.py:190} INFO - [2024-09-10T02:23:22.041+0800] {dag.py:3229} INFO - Sync 1 DAGs
[2024-09-10T02:23:22.047+0800] {logging_mixin.py:190} INFO - [2024-09-10T02:23:22.047+0800] {dag.py:4156} INFO - Setting next_dagrun for example_xcom to 2021-01-01 00:00:00+00:00, run_after=2021-01-01 00:00:00+00:00
[2024-09-10T02:23:22.055+0800] {processor.py:208} INFO - Processing /Users/erniesg/.pyenv/versions/3.12.5/envs/letters_home/lib/python3.12/site-packages/airflow/example_dags/example_xcom.py took 0.069 seconds
