[2024-09-10T01:37:38.922+0800] {processor.py:186} INFO - Started process (PID=57556) to work on /Users/erniesg/.pyenv/versions/3.12.5/envs/letters_home/lib/python3.12/site-packages/airflow/example_dags/example_setup_teardown_taskflow.py
[2024-09-10T01:37:38.923+0800] {processor.py:914} INFO - Processing file /Users/erniesg/.pyenv/versions/3.12.5/envs/letters_home/lib/python3.12/site-packages/airflow/example_dags/example_setup_teardown_taskflow.py for tasks to queue
[2024-09-10T01:37:38.923+0800] {logging_mixin.py:190} INFO - [2024-09-10T01:37:38.923+0800] {dagbag.py:587} INFO - Filling up the DagBag from /Users/erniesg/.pyenv/versions/3.12.5/envs/letters_home/lib/python3.12/site-packages/airflow/example_dags/example_setup_teardown_taskflow.py
[2024-09-10T01:37:38.938+0800] {processor.py:925} INFO - DAG(s) 'example_setup_teardown_taskflow' retrieved from /Users/erniesg/.pyenv/versions/3.12.5/envs/letters_home/lib/python3.12/site-packages/airflow/example_dags/example_setup_teardown_taskflow.py
[2024-09-10T01:37:39.006+0800] {logging_mixin.py:190} INFO - [2024-09-10T01:37:39.006+0800] {override.py:1900} INFO - Created Permission View: can read on DAG:example_setup_teardown_taskflow
[2024-09-10T01:37:39.009+0800] {logging_mixin.py:190} INFO - [2024-09-10T01:37:39.009+0800] {override.py:1900} INFO - Created Permission View: can edit on DAG:example_setup_teardown_taskflow
[2024-09-10T01:37:39.011+0800] {logging_mixin.py:190} INFO - [2024-09-10T01:37:39.011+0800] {override.py:1900} INFO - Created Permission View: can delete on DAG:example_setup_teardown_taskflow
[2024-09-10T01:37:39.014+0800] {logging_mixin.py:190} INFO - [2024-09-10T01:37:39.014+0800] {override.py:1900} INFO - Created Permission View: can read on DAG Run:example_setup_teardown_taskflow
[2024-09-10T01:37:39.016+0800] {logging_mixin.py:190} INFO - [2024-09-10T01:37:39.016+0800] {override.py:1900} INFO - Created Permission View: can create on DAG Run:example_setup_teardown_taskflow
[2024-09-10T01:37:39.018+0800] {logging_mixin.py:190} INFO - [2024-09-10T01:37:39.018+0800] {override.py:1900} INFO - Created Permission View: can delete on DAG Run:example_setup_teardown_taskflow
[2024-09-10T01:37:39.020+0800] {logging_mixin.py:190} INFO - [2024-09-10T01:37:39.019+0800] {override.py:1900} INFO - Created Permission View: menu access on DAG Run:example_setup_teardown_taskflow
[2024-09-10T01:37:39.020+0800] {logging_mixin.py:190} INFO - [2024-09-10T01:37:39.020+0800] {dag.py:3229} INFO - Sync 1 DAGs
[2024-09-10T01:37:39.024+0800] {logging_mixin.py:190} INFO - [2024-09-10T01:37:39.024+0800] {dag.py:3252} INFO - Creating ORM DAG for example_setup_teardown_taskflow
[2024-09-10T01:37:39.024+0800] {logging_mixin.py:190} INFO - [2024-09-10T01:37:39.024+0800] {dag.py:4156} INFO - Setting next_dagrun for example_setup_teardown_taskflow to None, run_after=None
[2024-09-10T01:37:39.030+0800] {processor.py:208} INFO - Processing /Users/erniesg/.pyenv/versions/3.12.5/envs/letters_home/lib/python3.12/site-packages/airflow/example_dags/example_setup_teardown_taskflow.py took 0.109 seconds
[2024-09-10T01:39:28.405+0800] {processor.py:186} INFO - Started process (PID=58084) to work on /Users/erniesg/.pyenv/versions/3.12.5/envs/letters_home/lib/python3.12/site-packages/airflow/example_dags/example_setup_teardown_taskflow.py
[2024-09-10T01:39:28.405+0800] {processor.py:914} INFO - Processing file /Users/erniesg/.pyenv/versions/3.12.5/envs/letters_home/lib/python3.12/site-packages/airflow/example_dags/example_setup_teardown_taskflow.py for tasks to queue
[2024-09-10T01:39:28.406+0800] {logging_mixin.py:190} INFO - [2024-09-10T01:39:28.406+0800] {dagbag.py:587} INFO - Filling up the DagBag from /Users/erniesg/.pyenv/versions/3.12.5/envs/letters_home/lib/python3.12/site-packages/airflow/example_dags/example_setup_teardown_taskflow.py
[2024-09-10T01:39:28.421+0800] {processor.py:925} INFO - DAG(s) 'example_setup_teardown_taskflow' retrieved from /Users/erniesg/.pyenv/versions/3.12.5/envs/letters_home/lib/python3.12/site-packages/airflow/example_dags/example_setup_teardown_taskflow.py
[2024-09-10T01:39:28.457+0800] {logging_mixin.py:190} INFO - [2024-09-10T01:39:28.457+0800] {dag.py:3229} INFO - Sync 1 DAGs
[2024-09-10T01:39:28.460+0800] {logging_mixin.py:190} INFO - [2024-09-10T01:39:28.460+0800] {dag.py:4156} INFO - Setting next_dagrun for example_setup_teardown_taskflow to None, run_after=None
[2024-09-10T01:39:28.467+0800] {processor.py:208} INFO - Processing /Users/erniesg/.pyenv/versions/3.12.5/envs/letters_home/lib/python3.12/site-packages/airflow/example_dags/example_setup_teardown_taskflow.py took 0.063 seconds
[2024-09-10T01:40:47.394+0800] {processor.py:186} INFO - Started process (PID=58159) to work on /Users/erniesg/.pyenv/versions/3.12.5/envs/letters_home/lib/python3.12/site-packages/airflow/example_dags/example_setup_teardown_taskflow.py
[2024-09-10T01:40:47.394+0800] {processor.py:914} INFO - Processing file /Users/erniesg/.pyenv/versions/3.12.5/envs/letters_home/lib/python3.12/site-packages/airflow/example_dags/example_setup_teardown_taskflow.py for tasks to queue
[2024-09-10T01:40:47.395+0800] {logging_mixin.py:190} INFO - [2024-09-10T01:40:47.395+0800] {dagbag.py:587} INFO - Filling up the DagBag from /Users/erniesg/.pyenv/versions/3.12.5/envs/letters_home/lib/python3.12/site-packages/airflow/example_dags/example_setup_teardown_taskflow.py
[2024-09-10T01:40:47.411+0800] {processor.py:925} INFO - DAG(s) 'example_setup_teardown_taskflow' retrieved from /Users/erniesg/.pyenv/versions/3.12.5/envs/letters_home/lib/python3.12/site-packages/airflow/example_dags/example_setup_teardown_taskflow.py
[2024-09-10T01:40:47.448+0800] {logging_mixin.py:190} INFO - [2024-09-10T01:40:47.448+0800] {dag.py:3229} INFO - Sync 1 DAGs
[2024-09-10T01:40:47.452+0800] {logging_mixin.py:190} INFO - [2024-09-10T01:40:47.452+0800] {dag.py:4156} INFO - Setting next_dagrun for example_setup_teardown_taskflow to None, run_after=None
[2024-09-10T01:40:47.459+0800] {processor.py:208} INFO - Processing /Users/erniesg/.pyenv/versions/3.12.5/envs/letters_home/lib/python3.12/site-packages/airflow/example_dags/example_setup_teardown_taskflow.py took 0.066 seconds
[2024-09-10T01:42:08.273+0800] {processor.py:186} INFO - Started process (PID=58226) to work on /Users/erniesg/.pyenv/versions/3.12.5/envs/letters_home/lib/python3.12/site-packages/airflow/example_dags/example_setup_teardown_taskflow.py
[2024-09-10T01:42:08.273+0800] {processor.py:914} INFO - Processing file /Users/erniesg/.pyenv/versions/3.12.5/envs/letters_home/lib/python3.12/site-packages/airflow/example_dags/example_setup_teardown_taskflow.py for tasks to queue
[2024-09-10T01:42:08.274+0800] {logging_mixin.py:190} INFO - [2024-09-10T01:42:08.273+0800] {dagbag.py:587} INFO - Filling up the DagBag from /Users/erniesg/.pyenv/versions/3.12.5/envs/letters_home/lib/python3.12/site-packages/airflow/example_dags/example_setup_teardown_taskflow.py
[2024-09-10T01:42:08.288+0800] {processor.py:925} INFO - DAG(s) 'example_setup_teardown_taskflow' retrieved from /Users/erniesg/.pyenv/versions/3.12.5/envs/letters_home/lib/python3.12/site-packages/airflow/example_dags/example_setup_teardown_taskflow.py
[2024-09-10T01:42:08.329+0800] {logging_mixin.py:190} INFO - [2024-09-10T01:42:08.328+0800] {dag.py:3229} INFO - Sync 1 DAGs
[2024-09-10T01:42:08.333+0800] {logging_mixin.py:190} INFO - [2024-09-10T01:42:08.333+0800] {dag.py:4156} INFO - Setting next_dagrun for example_setup_teardown_taskflow to None, run_after=None
[2024-09-10T01:42:08.340+0800] {processor.py:208} INFO - Processing /Users/erniesg/.pyenv/versions/3.12.5/envs/letters_home/lib/python3.12/site-packages/airflow/example_dags/example_setup_teardown_taskflow.py took 0.069 seconds
[2024-09-10T01:43:31.648+0800] {processor.py:186} INFO - Started process (PID=58714) to work on /Users/erniesg/.pyenv/versions/3.12.5/envs/letters_home/lib/python3.12/site-packages/airflow/example_dags/example_setup_teardown_taskflow.py
[2024-09-10T01:43:31.648+0800] {processor.py:914} INFO - Processing file /Users/erniesg/.pyenv/versions/3.12.5/envs/letters_home/lib/python3.12/site-packages/airflow/example_dags/example_setup_teardown_taskflow.py for tasks to queue
[2024-09-10T01:43:31.649+0800] {logging_mixin.py:190} INFO - [2024-09-10T01:43:31.649+0800] {dagbag.py:587} INFO - Filling up the DagBag from /Users/erniesg/.pyenv/versions/3.12.5/envs/letters_home/lib/python3.12/site-packages/airflow/example_dags/example_setup_teardown_taskflow.py
[2024-09-10T01:43:31.665+0800] {processor.py:925} INFO - DAG(s) 'example_setup_teardown_taskflow' retrieved from /Users/erniesg/.pyenv/versions/3.12.5/envs/letters_home/lib/python3.12/site-packages/airflow/example_dags/example_setup_teardown_taskflow.py
[2024-09-10T01:43:31.702+0800] {logging_mixin.py:190} INFO - [2024-09-10T01:43:31.702+0800] {dag.py:3229} INFO - Sync 1 DAGs
[2024-09-10T01:43:31.706+0800] {logging_mixin.py:190} INFO - [2024-09-10T01:43:31.706+0800] {dag.py:4156} INFO - Setting next_dagrun for example_setup_teardown_taskflow to None, run_after=None
[2024-09-10T01:43:31.713+0800] {processor.py:208} INFO - Processing /Users/erniesg/.pyenv/versions/3.12.5/envs/letters_home/lib/python3.12/site-packages/airflow/example_dags/example_setup_teardown_taskflow.py took 0.066 seconds
[2024-09-10T01:59:10.514+0800] {processor.py:186} INFO - Started process (PID=67480) to work on /Users/erniesg/.pyenv/versions/3.12.5/envs/letters_home/lib/python3.12/site-packages/airflow/example_dags/example_setup_teardown_taskflow.py
[2024-09-10T01:59:10.514+0800] {processor.py:914} INFO - Processing file /Users/erniesg/.pyenv/versions/3.12.5/envs/letters_home/lib/python3.12/site-packages/airflow/example_dags/example_setup_teardown_taskflow.py for tasks to queue
[2024-09-10T01:59:10.515+0800] {logging_mixin.py:190} INFO - [2024-09-10T01:59:10.515+0800] {dagbag.py:587} INFO - Filling up the DagBag from /Users/erniesg/.pyenv/versions/3.12.5/envs/letters_home/lib/python3.12/site-packages/airflow/example_dags/example_setup_teardown_taskflow.py
[2024-09-10T01:59:10.531+0800] {processor.py:925} INFO - DAG(s) 'example_setup_teardown_taskflow' retrieved from /Users/erniesg/.pyenv/versions/3.12.5/envs/letters_home/lib/python3.12/site-packages/airflow/example_dags/example_setup_teardown_taskflow.py
[2024-09-10T01:59:10.569+0800] {logging_mixin.py:190} INFO - [2024-09-10T01:59:10.569+0800] {dag.py:3229} INFO - Sync 1 DAGs
[2024-09-10T01:59:10.573+0800] {logging_mixin.py:190} INFO - [2024-09-10T01:59:10.573+0800] {dag.py:4156} INFO - Setting next_dagrun for example_setup_teardown_taskflow to None, run_after=None
[2024-09-10T01:59:10.579+0800] {processor.py:208} INFO - Processing /Users/erniesg/.pyenv/versions/3.12.5/envs/letters_home/lib/python3.12/site-packages/airflow/example_dags/example_setup_teardown_taskflow.py took 0.067 seconds
[2024-09-10T02:01:33.957+0800] {processor.py:186} INFO - Started process (PID=67908) to work on /Users/erniesg/.pyenv/versions/3.12.5/envs/letters_home/lib/python3.12/site-packages/airflow/example_dags/example_setup_teardown_taskflow.py
[2024-09-10T02:01:33.957+0800] {processor.py:914} INFO - Processing file /Users/erniesg/.pyenv/versions/3.12.5/envs/letters_home/lib/python3.12/site-packages/airflow/example_dags/example_setup_teardown_taskflow.py for tasks to queue
[2024-09-10T02:01:33.958+0800] {logging_mixin.py:190} INFO - [2024-09-10T02:01:33.958+0800] {dagbag.py:587} INFO - Filling up the DagBag from /Users/erniesg/.pyenv/versions/3.12.5/envs/letters_home/lib/python3.12/site-packages/airflow/example_dags/example_setup_teardown_taskflow.py
[2024-09-10T02:01:33.975+0800] {processor.py:925} INFO - DAG(s) 'example_setup_teardown_taskflow' retrieved from /Users/erniesg/.pyenv/versions/3.12.5/envs/letters_home/lib/python3.12/site-packages/airflow/example_dags/example_setup_teardown_taskflow.py
[2024-09-10T02:01:34.011+0800] {logging_mixin.py:190} INFO - [2024-09-10T02:01:34.011+0800] {dag.py:3229} INFO - Sync 1 DAGs
[2024-09-10T02:01:34.015+0800] {logging_mixin.py:190} INFO - [2024-09-10T02:01:34.015+0800] {dag.py:4156} INFO - Setting next_dagrun for example_setup_teardown_taskflow to None, run_after=None
[2024-09-10T02:01:34.022+0800] {processor.py:208} INFO - Processing /Users/erniesg/.pyenv/versions/3.12.5/envs/letters_home/lib/python3.12/site-packages/airflow/example_dags/example_setup_teardown_taskflow.py took 0.066 seconds
[2024-09-10T02:02:53.801+0800] {processor.py:186} INFO - Started process (PID=68000) to work on /Users/erniesg/.pyenv/versions/3.12.5/envs/letters_home/lib/python3.12/site-packages/airflow/example_dags/example_setup_teardown_taskflow.py
[2024-09-10T02:02:53.802+0800] {processor.py:914} INFO - Processing file /Users/erniesg/.pyenv/versions/3.12.5/envs/letters_home/lib/python3.12/site-packages/airflow/example_dags/example_setup_teardown_taskflow.py for tasks to queue
[2024-09-10T02:02:53.802+0800] {logging_mixin.py:190} INFO - [2024-09-10T02:02:53.802+0800] {dagbag.py:587} INFO - Filling up the DagBag from /Users/erniesg/.pyenv/versions/3.12.5/envs/letters_home/lib/python3.12/site-packages/airflow/example_dags/example_setup_teardown_taskflow.py
[2024-09-10T02:02:53.818+0800] {processor.py:925} INFO - DAG(s) 'example_setup_teardown_taskflow' retrieved from /Users/erniesg/.pyenv/versions/3.12.5/envs/letters_home/lib/python3.12/site-packages/airflow/example_dags/example_setup_teardown_taskflow.py
[2024-09-10T02:02:53.859+0800] {logging_mixin.py:190} INFO - [2024-09-10T02:02:53.859+0800] {dag.py:3229} INFO - Sync 1 DAGs
[2024-09-10T02:02:53.863+0800] {logging_mixin.py:190} INFO - [2024-09-10T02:02:53.863+0800] {dag.py:4156} INFO - Setting next_dagrun for example_setup_teardown_taskflow to None, run_after=None
[2024-09-10T02:02:53.871+0800] {processor.py:208} INFO - Processing /Users/erniesg/.pyenv/versions/3.12.5/envs/letters_home/lib/python3.12/site-packages/airflow/example_dags/example_setup_teardown_taskflow.py took 0.071 seconds
[2024-09-10T02:04:16.264+0800] {processor.py:186} INFO - Started process (PID=68097) to work on /Users/erniesg/.pyenv/versions/3.12.5/envs/letters_home/lib/python3.12/site-packages/airflow/example_dags/example_setup_teardown_taskflow.py
[2024-09-10T02:04:16.265+0800] {processor.py:914} INFO - Processing file /Users/erniesg/.pyenv/versions/3.12.5/envs/letters_home/lib/python3.12/site-packages/airflow/example_dags/example_setup_teardown_taskflow.py for tasks to queue
[2024-09-10T02:04:16.265+0800] {logging_mixin.py:190} INFO - [2024-09-10T02:04:16.265+0800] {dagbag.py:587} INFO - Filling up the DagBag from /Users/erniesg/.pyenv/versions/3.12.5/envs/letters_home/lib/python3.12/site-packages/airflow/example_dags/example_setup_teardown_taskflow.py
[2024-09-10T02:04:16.281+0800] {processor.py:925} INFO - DAG(s) 'example_setup_teardown_taskflow' retrieved from /Users/erniesg/.pyenv/versions/3.12.5/envs/letters_home/lib/python3.12/site-packages/airflow/example_dags/example_setup_teardown_taskflow.py
[2024-09-10T02:04:16.319+0800] {logging_mixin.py:190} INFO - [2024-09-10T02:04:16.319+0800] {dag.py:3229} INFO - Sync 1 DAGs
[2024-09-10T02:04:16.323+0800] {logging_mixin.py:190} INFO - [2024-09-10T02:04:16.323+0800] {dag.py:4156} INFO - Setting next_dagrun for example_setup_teardown_taskflow to None, run_after=None
[2024-09-10T02:04:16.330+0800] {processor.py:208} INFO - Processing /Users/erniesg/.pyenv/versions/3.12.5/envs/letters_home/lib/python3.12/site-packages/airflow/example_dags/example_setup_teardown_taskflow.py took 0.067 seconds
[2024-09-10T02:05:52.195+0800] {processor.py:186} INFO - Started process (PID=68212) to work on /Users/erniesg/.pyenv/versions/3.12.5/envs/letters_home/lib/python3.12/site-packages/airflow/example_dags/example_setup_teardown_taskflow.py
[2024-09-10T02:05:52.195+0800] {processor.py:914} INFO - Processing file /Users/erniesg/.pyenv/versions/3.12.5/envs/letters_home/lib/python3.12/site-packages/airflow/example_dags/example_setup_teardown_taskflow.py for tasks to queue
[2024-09-10T02:05:52.196+0800] {logging_mixin.py:190} INFO - [2024-09-10T02:05:52.196+0800] {dagbag.py:587} INFO - Filling up the DagBag from /Users/erniesg/.pyenv/versions/3.12.5/envs/letters_home/lib/python3.12/site-packages/airflow/example_dags/example_setup_teardown_taskflow.py
[2024-09-10T02:05:52.211+0800] {processor.py:925} INFO - DAG(s) 'example_setup_teardown_taskflow' retrieved from /Users/erniesg/.pyenv/versions/3.12.5/envs/letters_home/lib/python3.12/site-packages/airflow/example_dags/example_setup_teardown_taskflow.py
[2024-09-10T02:05:52.250+0800] {logging_mixin.py:190} INFO - [2024-09-10T02:05:52.250+0800] {dag.py:3229} INFO - Sync 1 DAGs
[2024-09-10T02:05:52.255+0800] {logging_mixin.py:190} INFO - [2024-09-10T02:05:52.254+0800] {dag.py:4156} INFO - Setting next_dagrun for example_setup_teardown_taskflow to None, run_after=None
[2024-09-10T02:05:52.262+0800] {processor.py:208} INFO - Processing /Users/erniesg/.pyenv/versions/3.12.5/envs/letters_home/lib/python3.12/site-packages/airflow/example_dags/example_setup_teardown_taskflow.py took 0.068 seconds
[2024-09-10T02:07:15.887+0800] {processor.py:186} INFO - Started process (PID=68399) to work on /Users/erniesg/.pyenv/versions/3.12.5/envs/letters_home/lib/python3.12/site-packages/airflow/example_dags/example_setup_teardown_taskflow.py
[2024-09-10T02:07:15.887+0800] {processor.py:914} INFO - Processing file /Users/erniesg/.pyenv/versions/3.12.5/envs/letters_home/lib/python3.12/site-packages/airflow/example_dags/example_setup_teardown_taskflow.py for tasks to queue
[2024-09-10T02:07:15.887+0800] {logging_mixin.py:190} INFO - [2024-09-10T02:07:15.887+0800] {dagbag.py:587} INFO - Filling up the DagBag from /Users/erniesg/.pyenv/versions/3.12.5/envs/letters_home/lib/python3.12/site-packages/airflow/example_dags/example_setup_teardown_taskflow.py
[2024-09-10T02:07:15.903+0800] {processor.py:925} INFO - DAG(s) 'example_setup_teardown_taskflow' retrieved from /Users/erniesg/.pyenv/versions/3.12.5/envs/letters_home/lib/python3.12/site-packages/airflow/example_dags/example_setup_teardown_taskflow.py
[2024-09-10T02:07:15.939+0800] {logging_mixin.py:190} INFO - [2024-09-10T02:07:15.939+0800] {dag.py:3229} INFO - Sync 1 DAGs
[2024-09-10T02:07:15.943+0800] {logging_mixin.py:190} INFO - [2024-09-10T02:07:15.943+0800] {dag.py:4156} INFO - Setting next_dagrun for example_setup_teardown_taskflow to None, run_after=None
[2024-09-10T02:07:15.950+0800] {processor.py:208} INFO - Processing /Users/erniesg/.pyenv/versions/3.12.5/envs/letters_home/lib/python3.12/site-packages/airflow/example_dags/example_setup_teardown_taskflow.py took 0.065 seconds
[2024-09-10T02:08:37.376+0800] {processor.py:186} INFO - Started process (PID=68494) to work on /Users/erniesg/.pyenv/versions/3.12.5/envs/letters_home/lib/python3.12/site-packages/airflow/example_dags/example_setup_teardown_taskflow.py
[2024-09-10T02:08:37.377+0800] {processor.py:914} INFO - Processing file /Users/erniesg/.pyenv/versions/3.12.5/envs/letters_home/lib/python3.12/site-packages/airflow/example_dags/example_setup_teardown_taskflow.py for tasks to queue
[2024-09-10T02:08:37.377+0800] {logging_mixin.py:190} INFO - [2024-09-10T02:08:37.377+0800] {dagbag.py:587} INFO - Filling up the DagBag from /Users/erniesg/.pyenv/versions/3.12.5/envs/letters_home/lib/python3.12/site-packages/airflow/example_dags/example_setup_teardown_taskflow.py
[2024-09-10T02:08:37.394+0800] {processor.py:925} INFO - DAG(s) 'example_setup_teardown_taskflow' retrieved from /Users/erniesg/.pyenv/versions/3.12.5/envs/letters_home/lib/python3.12/site-packages/airflow/example_dags/example_setup_teardown_taskflow.py
[2024-09-10T02:08:37.433+0800] {logging_mixin.py:190} INFO - [2024-09-10T02:08:37.433+0800] {dag.py:3229} INFO - Sync 1 DAGs
[2024-09-10T02:08:37.437+0800] {logging_mixin.py:190} INFO - [2024-09-10T02:08:37.437+0800] {dag.py:4156} INFO - Setting next_dagrun for example_setup_teardown_taskflow to None, run_after=None
[2024-09-10T02:08:37.445+0800] {processor.py:208} INFO - Processing /Users/erniesg/.pyenv/versions/3.12.5/envs/letters_home/lib/python3.12/site-packages/airflow/example_dags/example_setup_teardown_taskflow.py took 0.069 seconds
[2024-09-10T02:10:01.204+0800] {processor.py:186} INFO - Started process (PID=68706) to work on /Users/erniesg/.pyenv/versions/3.12.5/envs/letters_home/lib/python3.12/site-packages/airflow/example_dags/example_setup_teardown_taskflow.py
[2024-09-10T02:10:01.204+0800] {processor.py:914} INFO - Processing file /Users/erniesg/.pyenv/versions/3.12.5/envs/letters_home/lib/python3.12/site-packages/airflow/example_dags/example_setup_teardown_taskflow.py for tasks to queue
[2024-09-10T02:10:01.205+0800] {logging_mixin.py:190} INFO - [2024-09-10T02:10:01.204+0800] {dagbag.py:587} INFO - Filling up the DagBag from /Users/erniesg/.pyenv/versions/3.12.5/envs/letters_home/lib/python3.12/site-packages/airflow/example_dags/example_setup_teardown_taskflow.py
[2024-09-10T02:10:01.220+0800] {processor.py:925} INFO - DAG(s) 'example_setup_teardown_taskflow' retrieved from /Users/erniesg/.pyenv/versions/3.12.5/envs/letters_home/lib/python3.12/site-packages/airflow/example_dags/example_setup_teardown_taskflow.py
[2024-09-10T02:10:01.256+0800] {logging_mixin.py:190} INFO - [2024-09-10T02:10:01.256+0800] {dag.py:3229} INFO - Sync 1 DAGs
[2024-09-10T02:10:01.260+0800] {logging_mixin.py:190} INFO - [2024-09-10T02:10:01.260+0800] {dag.py:4156} INFO - Setting next_dagrun for example_setup_teardown_taskflow to None, run_after=None
[2024-09-10T02:10:01.267+0800] {processor.py:208} INFO - Processing /Users/erniesg/.pyenv/versions/3.12.5/envs/letters_home/lib/python3.12/site-packages/airflow/example_dags/example_setup_teardown_taskflow.py took 0.064 seconds
[2024-09-10T02:12:41.786+0800] {processor.py:186} INFO - Started process (PID=69274) to work on /Users/erniesg/.pyenv/versions/3.12.5/envs/letters_home/lib/python3.12/site-packages/airflow/example_dags/example_setup_teardown_taskflow.py
[2024-09-10T02:12:41.786+0800] {processor.py:914} INFO - Processing file /Users/erniesg/.pyenv/versions/3.12.5/envs/letters_home/lib/python3.12/site-packages/airflow/example_dags/example_setup_teardown_taskflow.py for tasks to queue
[2024-09-10T02:12:41.787+0800] {logging_mixin.py:190} INFO - [2024-09-10T02:12:41.787+0800] {dagbag.py:587} INFO - Filling up the DagBag from /Users/erniesg/.pyenv/versions/3.12.5/envs/letters_home/lib/python3.12/site-packages/airflow/example_dags/example_setup_teardown_taskflow.py
[2024-09-10T02:12:41.803+0800] {processor.py:925} INFO - DAG(s) 'example_setup_teardown_taskflow' retrieved from /Users/erniesg/.pyenv/versions/3.12.5/envs/letters_home/lib/python3.12/site-packages/airflow/example_dags/example_setup_teardown_taskflow.py
[2024-09-10T02:12:41.841+0800] {logging_mixin.py:190} INFO - [2024-09-10T02:12:41.841+0800] {dag.py:3229} INFO - Sync 1 DAGs
[2024-09-10T02:12:41.845+0800] {logging_mixin.py:190} INFO - [2024-09-10T02:12:41.845+0800] {dag.py:4156} INFO - Setting next_dagrun for example_setup_teardown_taskflow to None, run_after=None
[2024-09-10T02:12:41.852+0800] {processor.py:208} INFO - Processing /Users/erniesg/.pyenv/versions/3.12.5/envs/letters_home/lib/python3.12/site-packages/airflow/example_dags/example_setup_teardown_taskflow.py took 0.067 seconds
[2024-09-10T02:14:35.677+0800] {processor.py:186} INFO - Started process (PID=69363) to work on /Users/erniesg/.pyenv/versions/3.12.5/envs/letters_home/lib/python3.12/site-packages/airflow/example_dags/example_setup_teardown_taskflow.py
[2024-09-10T02:14:35.678+0800] {processor.py:914} INFO - Processing file /Users/erniesg/.pyenv/versions/3.12.5/envs/letters_home/lib/python3.12/site-packages/airflow/example_dags/example_setup_teardown_taskflow.py for tasks to queue
[2024-09-10T02:14:35.678+0800] {logging_mixin.py:190} INFO - [2024-09-10T02:14:35.678+0800] {dagbag.py:587} INFO - Filling up the DagBag from /Users/erniesg/.pyenv/versions/3.12.5/envs/letters_home/lib/python3.12/site-packages/airflow/example_dags/example_setup_teardown_taskflow.py
[2024-09-10T02:14:35.695+0800] {processor.py:925} INFO - DAG(s) 'example_setup_teardown_taskflow' retrieved from /Users/erniesg/.pyenv/versions/3.12.5/envs/letters_home/lib/python3.12/site-packages/airflow/example_dags/example_setup_teardown_taskflow.py
[2024-09-10T02:14:35.735+0800] {logging_mixin.py:190} INFO - [2024-09-10T02:14:35.735+0800] {dag.py:3229} INFO - Sync 1 DAGs
[2024-09-10T02:14:35.738+0800] {logging_mixin.py:190} INFO - [2024-09-10T02:14:35.738+0800] {dag.py:4156} INFO - Setting next_dagrun for example_setup_teardown_taskflow to None, run_after=None
[2024-09-10T02:14:35.746+0800] {processor.py:208} INFO - Processing /Users/erniesg/.pyenv/versions/3.12.5/envs/letters_home/lib/python3.12/site-packages/airflow/example_dags/example_setup_teardown_taskflow.py took 0.070 seconds
[2024-09-10T02:16:03.926+0800] {processor.py:186} INFO - Started process (PID=69723) to work on /Users/erniesg/.pyenv/versions/3.12.5/envs/letters_home/lib/python3.12/site-packages/airflow/example_dags/example_setup_teardown_taskflow.py
[2024-09-10T02:16:03.927+0800] {processor.py:914} INFO - Processing file /Users/erniesg/.pyenv/versions/3.12.5/envs/letters_home/lib/python3.12/site-packages/airflow/example_dags/example_setup_teardown_taskflow.py for tasks to queue
[2024-09-10T02:16:03.927+0800] {logging_mixin.py:190} INFO - [2024-09-10T02:16:03.927+0800] {dagbag.py:587} INFO - Filling up the DagBag from /Users/erniesg/.pyenv/versions/3.12.5/envs/letters_home/lib/python3.12/site-packages/airflow/example_dags/example_setup_teardown_taskflow.py
[2024-09-10T02:16:03.944+0800] {processor.py:925} INFO - DAG(s) 'example_setup_teardown_taskflow' retrieved from /Users/erniesg/.pyenv/versions/3.12.5/envs/letters_home/lib/python3.12/site-packages/airflow/example_dags/example_setup_teardown_taskflow.py
[2024-09-10T02:16:03.984+0800] {logging_mixin.py:190} INFO - [2024-09-10T02:16:03.983+0800] {dag.py:3229} INFO - Sync 1 DAGs
[2024-09-10T02:16:03.988+0800] {logging_mixin.py:190} INFO - [2024-09-10T02:16:03.988+0800] {dag.py:4156} INFO - Setting next_dagrun for example_setup_teardown_taskflow to None, run_after=None
[2024-09-10T02:16:03.995+0800] {processor.py:208} INFO - Processing /Users/erniesg/.pyenv/versions/3.12.5/envs/letters_home/lib/python3.12/site-packages/airflow/example_dags/example_setup_teardown_taskflow.py took 0.070 seconds
[2024-09-10T02:17:59.588+0800] {processor.py:186} INFO - Started process (PID=69860) to work on /Users/erniesg/.pyenv/versions/3.12.5/envs/letters_home/lib/python3.12/site-packages/airflow/example_dags/example_setup_teardown_taskflow.py
[2024-09-10T02:17:59.588+0800] {processor.py:914} INFO - Processing file /Users/erniesg/.pyenv/versions/3.12.5/envs/letters_home/lib/python3.12/site-packages/airflow/example_dags/example_setup_teardown_taskflow.py for tasks to queue
[2024-09-10T02:17:59.589+0800] {logging_mixin.py:190} INFO - [2024-09-10T02:17:59.589+0800] {dagbag.py:587} INFO - Filling up the DagBag from /Users/erniesg/.pyenv/versions/3.12.5/envs/letters_home/lib/python3.12/site-packages/airflow/example_dags/example_setup_teardown_taskflow.py
[2024-09-10T02:17:59.606+0800] {processor.py:925} INFO - DAG(s) 'example_setup_teardown_taskflow' retrieved from /Users/erniesg/.pyenv/versions/3.12.5/envs/letters_home/lib/python3.12/site-packages/airflow/example_dags/example_setup_teardown_taskflow.py
[2024-09-10T02:17:59.644+0800] {logging_mixin.py:190} INFO - [2024-09-10T02:17:59.643+0800] {dag.py:3229} INFO - Sync 1 DAGs
[2024-09-10T02:17:59.648+0800] {logging_mixin.py:190} INFO - [2024-09-10T02:17:59.648+0800] {dag.py:4156} INFO - Setting next_dagrun for example_setup_teardown_taskflow to None, run_after=None
[2024-09-10T02:17:59.655+0800] {processor.py:208} INFO - Processing /Users/erniesg/.pyenv/versions/3.12.5/envs/letters_home/lib/python3.12/site-packages/airflow/example_dags/example_setup_teardown_taskflow.py took 0.068 seconds
[2024-09-10T02:19:22.392+0800] {processor.py:186} INFO - Started process (PID=70307) to work on /Users/erniesg/.pyenv/versions/3.12.5/envs/letters_home/lib/python3.12/site-packages/airflow/example_dags/example_setup_teardown_taskflow.py
[2024-09-10T02:19:22.392+0800] {processor.py:914} INFO - Processing file /Users/erniesg/.pyenv/versions/3.12.5/envs/letters_home/lib/python3.12/site-packages/airflow/example_dags/example_setup_teardown_taskflow.py for tasks to queue
[2024-09-10T02:19:22.392+0800] {logging_mixin.py:190} INFO - [2024-09-10T02:19:22.392+0800] {dagbag.py:587} INFO - Filling up the DagBag from /Users/erniesg/.pyenv/versions/3.12.5/envs/letters_home/lib/python3.12/site-packages/airflow/example_dags/example_setup_teardown_taskflow.py
[2024-09-10T02:19:22.408+0800] {processor.py:925} INFO - DAG(s) 'example_setup_teardown_taskflow' retrieved from /Users/erniesg/.pyenv/versions/3.12.5/envs/letters_home/lib/python3.12/site-packages/airflow/example_dags/example_setup_teardown_taskflow.py
[2024-09-10T02:19:22.448+0800] {logging_mixin.py:190} INFO - [2024-09-10T02:19:22.448+0800] {dag.py:3229} INFO - Sync 1 DAGs
[2024-09-10T02:19:22.452+0800] {logging_mixin.py:190} INFO - [2024-09-10T02:19:22.452+0800] {dag.py:4156} INFO - Setting next_dagrun for example_setup_teardown_taskflow to None, run_after=None
[2024-09-10T02:19:22.459+0800] {processor.py:208} INFO - Processing /Users/erniesg/.pyenv/versions/3.12.5/envs/letters_home/lib/python3.12/site-packages/airflow/example_dags/example_setup_teardown_taskflow.py took 0.069 seconds
