[2024-09-10T01:38:40.738+0800] {processor.py:186} INFO - Started process (PID=58045) to work on /Users/erniesg/.pyenv/versions/3.12.5/envs/letters_home/lib/python3.12/site-packages/airflow/example_dags/example_bash_decorator.py
[2024-09-10T01:38:40.739+0800] {processor.py:914} INFO - Processing file /Users/erniesg/.pyenv/versions/3.12.5/envs/letters_home/lib/python3.12/site-packages/airflow/example_dags/example_bash_decorator.py for tasks to queue
[2024-09-10T01:38:40.739+0800] {logging_mixin.py:190} INFO - [2024-09-10T01:38:40.739+0800] {dagbag.py:587} INFO - Filling up the DagBag from /Users/erniesg/.pyenv/versions/3.12.5/envs/letters_home/lib/python3.12/site-packages/airflow/example_dags/example_bash_decorator.py
[2024-09-10T01:38:40.757+0800] {processor.py:925} INFO - DAG(s) 'example_bash_decorator' retrieved from /Users/erniesg/.pyenv/versions/3.12.5/envs/letters_home/lib/python3.12/site-packages/airflow/example_dags/example_bash_decorator.py
[2024-09-10T01:38:40.830+0800] {logging_mixin.py:190} INFO - [2024-09-10T01:38:40.830+0800] {override.py:1900} INFO - Created Permission View: can edit on DAG:example_bash_decorator
[2024-09-10T01:38:40.833+0800] {logging_mixin.py:190} INFO - [2024-09-10T01:38:40.833+0800] {override.py:1900} INFO - Created Permission View: can delete on DAG:example_bash_decorator
[2024-09-10T01:38:40.836+0800] {logging_mixin.py:190} INFO - [2024-09-10T01:38:40.836+0800] {override.py:1900} INFO - Created Permission View: can read on DAG:example_bash_decorator
[2024-09-10T01:38:40.838+0800] {logging_mixin.py:190} INFO - [2024-09-10T01:38:40.838+0800] {override.py:1900} INFO - Created Permission View: menu access on DAG Run:example_bash_decorator
[2024-09-10T01:38:40.840+0800] {logging_mixin.py:190} INFO - [2024-09-10T01:38:40.840+0800] {override.py:1900} INFO - Created Permission View: can create on DAG Run:example_bash_decorator
[2024-09-10T01:38:40.842+0800] {logging_mixin.py:190} INFO - [2024-09-10T01:38:40.842+0800] {override.py:1900} INFO - Created Permission View: can delete on DAG Run:example_bash_decorator
[2024-09-10T01:38:40.844+0800] {logging_mixin.py:190} INFO - [2024-09-10T01:38:40.844+0800] {override.py:1900} INFO - Created Permission View: can read on DAG Run:example_bash_decorator
[2024-09-10T01:38:40.844+0800] {logging_mixin.py:190} INFO - [2024-09-10T01:38:40.844+0800] {dag.py:3229} INFO - Sync 1 DAGs
[2024-09-10T01:38:40.848+0800] {logging_mixin.py:190} INFO - [2024-09-10T01:38:40.848+0800] {dag.py:3252} INFO - Creating ORM DAG for example_bash_decorator
[2024-09-10T01:38:40.848+0800] {logging_mixin.py:190} INFO - [2024-09-10T01:38:40.848+0800] {dag.py:4156} INFO - Setting next_dagrun for example_bash_decorator to None, run_after=None
[2024-09-10T01:38:40.853+0800] {processor.py:208} INFO - Processing /Users/erniesg/.pyenv/versions/3.12.5/envs/letters_home/lib/python3.12/site-packages/airflow/example_dags/example_bash_decorator.py took 0.116 seconds
[2024-09-10T01:41:18.993+0800] {processor.py:186} INFO - Started process (PID=58180) to work on /Users/erniesg/.pyenv/versions/3.12.5/envs/letters_home/lib/python3.12/site-packages/airflow/example_dags/example_bash_decorator.py
[2024-09-10T01:41:18.994+0800] {processor.py:914} INFO - Processing file /Users/erniesg/.pyenv/versions/3.12.5/envs/letters_home/lib/python3.12/site-packages/airflow/example_dags/example_bash_decorator.py for tasks to queue
[2024-09-10T01:41:18.994+0800] {logging_mixin.py:190} INFO - [2024-09-10T01:41:18.994+0800] {dagbag.py:587} INFO - Filling up the DagBag from /Users/erniesg/.pyenv/versions/3.12.5/envs/letters_home/lib/python3.12/site-packages/airflow/example_dags/example_bash_decorator.py
[2024-09-10T01:41:19.011+0800] {processor.py:925} INFO - DAG(s) 'example_bash_decorator' retrieved from /Users/erniesg/.pyenv/versions/3.12.5/envs/letters_home/lib/python3.12/site-packages/airflow/example_dags/example_bash_decorator.py
[2024-09-10T01:41:19.085+0800] {logging_mixin.py:190} INFO - [2024-09-10T01:41:19.085+0800] {dag.py:3229} INFO - Sync 1 DAGs
[2024-09-10T01:41:19.089+0800] {logging_mixin.py:190} INFO - [2024-09-10T01:41:19.089+0800] {dag.py:4156} INFO - Setting next_dagrun for example_bash_decorator to None, run_after=None
[2024-09-10T01:41:19.096+0800] {processor.py:208} INFO - Processing /Users/erniesg/.pyenv/versions/3.12.5/envs/letters_home/lib/python3.12/site-packages/airflow/example_dags/example_bash_decorator.py took 0.104 seconds
[2024-09-10T01:44:03.365+0800] {processor.py:186} INFO - Started process (PID=58732) to work on /Users/erniesg/.pyenv/versions/3.12.5/envs/letters_home/lib/python3.12/site-packages/airflow/example_dags/example_bash_decorator.py
[2024-09-10T01:44:03.366+0800] {processor.py:914} INFO - Processing file /Users/erniesg/.pyenv/versions/3.12.5/envs/letters_home/lib/python3.12/site-packages/airflow/example_dags/example_bash_decorator.py for tasks to queue
[2024-09-10T01:44:03.366+0800] {logging_mixin.py:190} INFO - [2024-09-10T01:44:03.366+0800] {dagbag.py:587} INFO - Filling up the DagBag from /Users/erniesg/.pyenv/versions/3.12.5/envs/letters_home/lib/python3.12/site-packages/airflow/example_dags/example_bash_decorator.py
[2024-09-10T01:44:03.385+0800] {processor.py:925} INFO - DAG(s) 'example_bash_decorator' retrieved from /Users/erniesg/.pyenv/versions/3.12.5/envs/letters_home/lib/python3.12/site-packages/airflow/example_dags/example_bash_decorator.py
[2024-09-10T01:44:03.458+0800] {logging_mixin.py:190} INFO - [2024-09-10T01:44:03.458+0800] {dag.py:3229} INFO - Sync 1 DAGs
[2024-09-10T01:44:03.462+0800] {logging_mixin.py:190} INFO - [2024-09-10T01:44:03.462+0800] {dag.py:4156} INFO - Setting next_dagrun for example_bash_decorator to None, run_after=None
[2024-09-10T01:44:03.469+0800] {processor.py:208} INFO - Processing /Users/erniesg/.pyenv/versions/3.12.5/envs/letters_home/lib/python3.12/site-packages/airflow/example_dags/example_bash_decorator.py took 0.105 seconds
[2024-09-10T02:00:44.839+0800] {processor.py:186} INFO - Started process (PID=67844) to work on /Users/erniesg/.pyenv/versions/3.12.5/envs/letters_home/lib/python3.12/site-packages/airflow/example_dags/example_bash_decorator.py
[2024-09-10T02:00:44.840+0800] {processor.py:914} INFO - Processing file /Users/erniesg/.pyenv/versions/3.12.5/envs/letters_home/lib/python3.12/site-packages/airflow/example_dags/example_bash_decorator.py for tasks to queue
[2024-09-10T02:00:44.841+0800] {logging_mixin.py:190} INFO - [2024-09-10T02:00:44.841+0800] {dagbag.py:587} INFO - Filling up the DagBag from /Users/erniesg/.pyenv/versions/3.12.5/envs/letters_home/lib/python3.12/site-packages/airflow/example_dags/example_bash_decorator.py
[2024-09-10T02:00:44.858+0800] {processor.py:925} INFO - DAG(s) 'example_bash_decorator' retrieved from /Users/erniesg/.pyenv/versions/3.12.5/envs/letters_home/lib/python3.12/site-packages/airflow/example_dags/example_bash_decorator.py
[2024-09-10T02:00:44.929+0800] {logging_mixin.py:190} INFO - [2024-09-10T02:00:44.929+0800] {dag.py:3229} INFO - Sync 1 DAGs
[2024-09-10T02:00:44.933+0800] {logging_mixin.py:190} INFO - [2024-09-10T02:00:44.933+0800] {dag.py:4156} INFO - Setting next_dagrun for example_bash_decorator to None, run_after=None
[2024-09-10T02:00:44.940+0800] {processor.py:208} INFO - Processing /Users/erniesg/.pyenv/versions/3.12.5/envs/letters_home/lib/python3.12/site-packages/airflow/example_dags/example_bash_decorator.py took 0.102 seconds
[2024-09-10T02:03:26.012+0800] {processor.py:186} INFO - Started process (PID=68044) to work on /Users/erniesg/.pyenv/versions/3.12.5/envs/letters_home/lib/python3.12/site-packages/airflow/example_dags/example_bash_decorator.py
[2024-09-10T02:03:26.012+0800] {processor.py:914} INFO - Processing file /Users/erniesg/.pyenv/versions/3.12.5/envs/letters_home/lib/python3.12/site-packages/airflow/example_dags/example_bash_decorator.py for tasks to queue
[2024-09-10T02:03:26.013+0800] {logging_mixin.py:190} INFO - [2024-09-10T02:03:26.013+0800] {dagbag.py:587} INFO - Filling up the DagBag from /Users/erniesg/.pyenv/versions/3.12.5/envs/letters_home/lib/python3.12/site-packages/airflow/example_dags/example_bash_decorator.py
[2024-09-10T02:03:26.030+0800] {processor.py:925} INFO - DAG(s) 'example_bash_decorator' retrieved from /Users/erniesg/.pyenv/versions/3.12.5/envs/letters_home/lib/python3.12/site-packages/airflow/example_dags/example_bash_decorator.py
[2024-09-10T02:03:26.098+0800] {logging_mixin.py:190} INFO - [2024-09-10T02:03:26.098+0800] {dag.py:3229} INFO - Sync 1 DAGs
[2024-09-10T02:03:26.102+0800] {logging_mixin.py:190} INFO - [2024-09-10T02:03:26.102+0800] {dag.py:4156} INFO - Setting next_dagrun for example_bash_decorator to None, run_after=None
[2024-09-10T02:03:26.108+0800] {processor.py:208} INFO - Processing /Users/erniesg/.pyenv/versions/3.12.5/envs/letters_home/lib/python3.12/site-packages/airflow/example_dags/example_bash_decorator.py took 0.097 seconds
[2024-09-10T02:06:26.012+0800] {processor.py:186} INFO - Started process (PID=68245) to work on /Users/erniesg/.pyenv/versions/3.12.5/envs/letters_home/lib/python3.12/site-packages/airflow/example_dags/example_bash_decorator.py
[2024-09-10T02:06:26.013+0800] {processor.py:914} INFO - Processing file /Users/erniesg/.pyenv/versions/3.12.5/envs/letters_home/lib/python3.12/site-packages/airflow/example_dags/example_bash_decorator.py for tasks to queue
[2024-09-10T02:06:26.013+0800] {logging_mixin.py:190} INFO - [2024-09-10T02:06:26.013+0800] {dagbag.py:587} INFO - Filling up the DagBag from /Users/erniesg/.pyenv/versions/3.12.5/envs/letters_home/lib/python3.12/site-packages/airflow/example_dags/example_bash_decorator.py
[2024-09-10T02:06:26.030+0800] {processor.py:925} INFO - DAG(s) 'example_bash_decorator' retrieved from /Users/erniesg/.pyenv/versions/3.12.5/envs/letters_home/lib/python3.12/site-packages/airflow/example_dags/example_bash_decorator.py
[2024-09-10T02:06:26.099+0800] {logging_mixin.py:190} INFO - [2024-09-10T02:06:26.099+0800] {dag.py:3229} INFO - Sync 1 DAGs
[2024-09-10T02:06:26.103+0800] {logging_mixin.py:190} INFO - [2024-09-10T02:06:26.103+0800] {dag.py:4156} INFO - Setting next_dagrun for example_bash_decorator to None, run_after=None
[2024-09-10T02:06:26.110+0800] {processor.py:208} INFO - Processing /Users/erniesg/.pyenv/versions/3.12.5/envs/letters_home/lib/python3.12/site-packages/airflow/example_dags/example_bash_decorator.py took 0.099 seconds
[2024-09-10T02:09:12.143+0800] {processor.py:186} INFO - Started process (PID=68570) to work on /Users/erniesg/.pyenv/versions/3.12.5/envs/letters_home/lib/python3.12/site-packages/airflow/example_dags/example_bash_decorator.py
[2024-09-10T02:09:12.143+0800] {processor.py:914} INFO - Processing file /Users/erniesg/.pyenv/versions/3.12.5/envs/letters_home/lib/python3.12/site-packages/airflow/example_dags/example_bash_decorator.py for tasks to queue
[2024-09-10T02:09:12.144+0800] {logging_mixin.py:190} INFO - [2024-09-10T02:09:12.144+0800] {dagbag.py:587} INFO - Filling up the DagBag from /Users/erniesg/.pyenv/versions/3.12.5/envs/letters_home/lib/python3.12/site-packages/airflow/example_dags/example_bash_decorator.py
[2024-09-10T02:09:12.162+0800] {processor.py:925} INFO - DAG(s) 'example_bash_decorator' retrieved from /Users/erniesg/.pyenv/versions/3.12.5/envs/letters_home/lib/python3.12/site-packages/airflow/example_dags/example_bash_decorator.py
[2024-09-10T02:09:12.235+0800] {logging_mixin.py:190} INFO - [2024-09-10T02:09:12.234+0800] {dag.py:3229} INFO - Sync 1 DAGs
[2024-09-10T02:09:12.239+0800] {logging_mixin.py:190} INFO - [2024-09-10T02:09:12.239+0800] {dag.py:4156} INFO - Setting next_dagrun for example_bash_decorator to None, run_after=None
[2024-09-10T02:09:12.246+0800] {processor.py:208} INFO - Processing /Users/erniesg/.pyenv/versions/3.12.5/envs/letters_home/lib/python3.12/site-packages/airflow/example_dags/example_bash_decorator.py took 0.104 seconds
[2024-09-10T02:13:45.361+0800] {processor.py:186} INFO - Started process (PID=69322) to work on /Users/erniesg/.pyenv/versions/3.12.5/envs/letters_home/lib/python3.12/site-packages/airflow/example_dags/example_bash_decorator.py
[2024-09-10T02:13:45.361+0800] {processor.py:914} INFO - Processing file /Users/erniesg/.pyenv/versions/3.12.5/envs/letters_home/lib/python3.12/site-packages/airflow/example_dags/example_bash_decorator.py for tasks to queue
[2024-09-10T02:13:45.361+0800] {logging_mixin.py:190} INFO - [2024-09-10T02:13:45.361+0800] {dagbag.py:587} INFO - Filling up the DagBag from /Users/erniesg/.pyenv/versions/3.12.5/envs/letters_home/lib/python3.12/site-packages/airflow/example_dags/example_bash_decorator.py
[2024-09-10T02:13:45.379+0800] {processor.py:925} INFO - DAG(s) 'example_bash_decorator' retrieved from /Users/erniesg/.pyenv/versions/3.12.5/envs/letters_home/lib/python3.12/site-packages/airflow/example_dags/example_bash_decorator.py
[2024-09-10T02:13:45.449+0800] {logging_mixin.py:190} INFO - [2024-09-10T02:13:45.449+0800] {dag.py:3229} INFO - Sync 1 DAGs
[2024-09-10T02:13:45.453+0800] {logging_mixin.py:190} INFO - [2024-09-10T02:13:45.452+0800] {dag.py:4156} INFO - Setting next_dagrun for example_bash_decorator to None, run_after=None
[2024-09-10T02:13:45.459+0800] {processor.py:208} INFO - Processing /Users/erniesg/.pyenv/versions/3.12.5/envs/letters_home/lib/python3.12/site-packages/airflow/example_dags/example_bash_decorator.py took 0.100 seconds
[2024-09-10T02:17:07.767+0800] {processor.py:186} INFO - Started process (PID=69786) to work on /Users/erniesg/.pyenv/versions/3.12.5/envs/letters_home/lib/python3.12/site-packages/airflow/example_dags/example_bash_decorator.py
[2024-09-10T02:17:07.767+0800] {processor.py:914} INFO - Processing file /Users/erniesg/.pyenv/versions/3.12.5/envs/letters_home/lib/python3.12/site-packages/airflow/example_dags/example_bash_decorator.py for tasks to queue
[2024-09-10T02:17:07.768+0800] {logging_mixin.py:190} INFO - [2024-09-10T02:17:07.768+0800] {dagbag.py:587} INFO - Filling up the DagBag from /Users/erniesg/.pyenv/versions/3.12.5/envs/letters_home/lib/python3.12/site-packages/airflow/example_dags/example_bash_decorator.py
[2024-09-10T02:17:07.787+0800] {processor.py:925} INFO - DAG(s) 'example_bash_decorator' retrieved from /Users/erniesg/.pyenv/versions/3.12.5/envs/letters_home/lib/python3.12/site-packages/airflow/example_dags/example_bash_decorator.py
[2024-09-10T02:17:07.879+0800] {logging_mixin.py:190} INFO - [2024-09-10T02:17:07.879+0800] {dag.py:3229} INFO - Sync 1 DAGs
[2024-09-10T02:17:07.883+0800] {logging_mixin.py:190} INFO - [2024-09-10T02:17:07.883+0800] {dag.py:4156} INFO - Setting next_dagrun for example_bash_decorator to None, run_after=None
[2024-09-10T02:17:07.891+0800] {processor.py:208} INFO - Processing /Users/erniesg/.pyenv/versions/3.12.5/envs/letters_home/lib/python3.12/site-packages/airflow/example_dags/example_bash_decorator.py took 0.126 seconds
[2024-09-10T02:19:56.863+0800] {processor.py:186} INFO - Started process (PID=70335) to work on /Users/erniesg/.pyenv/versions/3.12.5/envs/letters_home/lib/python3.12/site-packages/airflow/example_dags/example_bash_decorator.py
[2024-09-10T02:19:56.864+0800] {processor.py:914} INFO - Processing file /Users/erniesg/.pyenv/versions/3.12.5/envs/letters_home/lib/python3.12/site-packages/airflow/example_dags/example_bash_decorator.py for tasks to queue
[2024-09-10T02:19:56.864+0800] {logging_mixin.py:190} INFO - [2024-09-10T02:19:56.864+0800] {dagbag.py:587} INFO - Filling up the DagBag from /Users/erniesg/.pyenv/versions/3.12.5/envs/letters_home/lib/python3.12/site-packages/airflow/example_dags/example_bash_decorator.py
[2024-09-10T02:19:56.882+0800] {processor.py:925} INFO - DAG(s) 'example_bash_decorator' retrieved from /Users/erniesg/.pyenv/versions/3.12.5/envs/letters_home/lib/python3.12/site-packages/airflow/example_dags/example_bash_decorator.py
[2024-09-10T02:19:56.957+0800] {logging_mixin.py:190} INFO - [2024-09-10T02:19:56.957+0800] {dag.py:3229} INFO - Sync 1 DAGs
[2024-09-10T02:19:56.961+0800] {logging_mixin.py:190} INFO - [2024-09-10T02:19:56.961+0800] {dag.py:4156} INFO - Setting next_dagrun for example_bash_decorator to None, run_after=None
[2024-09-10T02:19:56.968+0800] {processor.py:208} INFO - Processing /Users/erniesg/.pyenv/versions/3.12.5/envs/letters_home/lib/python3.12/site-packages/airflow/example_dags/example_bash_decorator.py took 0.106 seconds
