[2024-09-10T01:37:48.380+0800] {processor.py:186} INFO - Started process (PID=57976) to work on /Users/erniesg/.pyenv/versions/3.12.5/envs/letters_home/lib/python3.12/site-packages/airflow/example_dags/example_python_decorator.py
[2024-09-10T01:37:48.381+0800] {processor.py:914} INFO - Processing file /Users/erniesg/.pyenv/versions/3.12.5/envs/letters_home/lib/python3.12/site-packages/airflow/example_dags/example_python_decorator.py for tasks to queue
[2024-09-10T01:37:48.381+0800] {logging_mixin.py:190} INFO - [2024-09-10T01:37:48.381+0800] {dagbag.py:587} INFO - Filling up the DagBag from /Users/erniesg/.pyenv/versions/3.12.5/envs/letters_home/lib/python3.12/site-packages/airflow/example_dags/example_python_decorator.py
[2024-09-10T01:37:48.397+0800] {processor.py:925} INFO - DAG(s) 'example_python_decorator' retrieved from /Users/erniesg/.pyenv/versions/3.12.5/envs/letters_home/lib/python3.12/site-packages/airflow/example_dags/example_python_decorator.py
[2024-09-10T01:37:48.465+0800] {logging_mixin.py:190} INFO - [2024-09-10T01:37:48.464+0800] {override.py:1900} INFO - Created Permission View: can delete on DAG:example_python_decorator
[2024-09-10T01:37:48.468+0800] {logging_mixin.py:190} INFO - [2024-09-10T01:37:48.468+0800] {override.py:1900} INFO - Created Permission View: can read on DAG:example_python_decorator
[2024-09-10T01:37:48.470+0800] {logging_mixin.py:190} INFO - [2024-09-10T01:37:48.470+0800] {override.py:1900} INFO - Created Permission View: can edit on DAG:example_python_decorator
[2024-09-10T01:37:48.473+0800] {logging_mixin.py:190} INFO - [2024-09-10T01:37:48.473+0800] {override.py:1900} INFO - Created Permission View: can delete on DAG Run:example_python_decorator
[2024-09-10T01:37:48.475+0800] {logging_mixin.py:190} INFO - [2024-09-10T01:37:48.475+0800] {override.py:1900} INFO - Created Permission View: menu access on DAG Run:example_python_decorator
[2024-09-10T01:37:48.477+0800] {logging_mixin.py:190} INFO - [2024-09-10T01:37:48.477+0800] {override.py:1900} INFO - Created Permission View: can create on DAG Run:example_python_decorator
[2024-09-10T01:37:48.478+0800] {logging_mixin.py:190} INFO - [2024-09-10T01:37:48.478+0800] {override.py:1900} INFO - Created Permission View: can read on DAG Run:example_python_decorator
[2024-09-10T01:37:48.479+0800] {logging_mixin.py:190} INFO - [2024-09-10T01:37:48.478+0800] {dag.py:3229} INFO - Sync 1 DAGs
[2024-09-10T01:37:48.482+0800] {logging_mixin.py:190} INFO - [2024-09-10T01:37:48.482+0800] {dag.py:3252} INFO - Creating ORM DAG for example_python_decorator
[2024-09-10T01:37:48.483+0800] {logging_mixin.py:190} INFO - [2024-09-10T01:37:48.483+0800] {dag.py:4156} INFO - Setting next_dagrun for example_python_decorator to None, run_after=None
[2024-09-10T01:37:48.488+0800] {processor.py:208} INFO - Processing /Users/erniesg/.pyenv/versions/3.12.5/envs/letters_home/lib/python3.12/site-packages/airflow/example_dags/example_python_decorator.py took 0.109 seconds
[2024-09-10T01:39:37.072+0800] {processor.py:186} INFO - Started process (PID=58093) to work on /Users/erniesg/.pyenv/versions/3.12.5/envs/letters_home/lib/python3.12/site-packages/airflow/example_dags/example_python_decorator.py
[2024-09-10T01:39:37.073+0800] {processor.py:914} INFO - Processing file /Users/erniesg/.pyenv/versions/3.12.5/envs/letters_home/lib/python3.12/site-packages/airflow/example_dags/example_python_decorator.py for tasks to queue
[2024-09-10T01:39:37.073+0800] {logging_mixin.py:190} INFO - [2024-09-10T01:39:37.073+0800] {dagbag.py:587} INFO - Filling up the DagBag from /Users/erniesg/.pyenv/versions/3.12.5/envs/letters_home/lib/python3.12/site-packages/airflow/example_dags/example_python_decorator.py
[2024-09-10T01:39:37.089+0800] {processor.py:925} INFO - DAG(s) 'example_python_decorator' retrieved from /Users/erniesg/.pyenv/versions/3.12.5/envs/letters_home/lib/python3.12/site-packages/airflow/example_dags/example_python_decorator.py
[2024-09-10T01:39:37.159+0800] {logging_mixin.py:190} INFO - [2024-09-10T01:39:37.159+0800] {dag.py:3229} INFO - Sync 1 DAGs
[2024-09-10T01:39:37.163+0800] {logging_mixin.py:190} INFO - [2024-09-10T01:39:37.163+0800] {dag.py:4156} INFO - Setting next_dagrun for example_python_decorator to None, run_after=None
[2024-09-10T01:39:37.170+0800] {processor.py:208} INFO - Processing /Users/erniesg/.pyenv/versions/3.12.5/envs/letters_home/lib/python3.12/site-packages/airflow/example_dags/example_python_decorator.py took 0.099 seconds
[2024-09-10T01:42:18.207+0800] {processor.py:186} INFO - Started process (PID=58233) to work on /Users/erniesg/.pyenv/versions/3.12.5/envs/letters_home/lib/python3.12/site-packages/airflow/example_dags/example_python_decorator.py
[2024-09-10T01:42:18.207+0800] {processor.py:914} INFO - Processing file /Users/erniesg/.pyenv/versions/3.12.5/envs/letters_home/lib/python3.12/site-packages/airflow/example_dags/example_python_decorator.py for tasks to queue
[2024-09-10T01:42:18.207+0800] {logging_mixin.py:190} INFO - [2024-09-10T01:42:18.207+0800] {dagbag.py:587} INFO - Filling up the DagBag from /Users/erniesg/.pyenv/versions/3.12.5/envs/letters_home/lib/python3.12/site-packages/airflow/example_dags/example_python_decorator.py
[2024-09-10T01:42:18.223+0800] {processor.py:925} INFO - DAG(s) 'example_python_decorator' retrieved from /Users/erniesg/.pyenv/versions/3.12.5/envs/letters_home/lib/python3.12/site-packages/airflow/example_dags/example_python_decorator.py
[2024-09-10T01:42:18.292+0800] {logging_mixin.py:190} INFO - [2024-09-10T01:42:18.291+0800] {dag.py:3229} INFO - Sync 1 DAGs
[2024-09-10T01:42:18.295+0800] {logging_mixin.py:190} INFO - [2024-09-10T01:42:18.295+0800] {dag.py:4156} INFO - Setting next_dagrun for example_python_decorator to None, run_after=None
[2024-09-10T01:42:18.302+0800] {processor.py:208} INFO - Processing /Users/erniesg/.pyenv/versions/3.12.5/envs/letters_home/lib/python3.12/site-packages/airflow/example_dags/example_python_decorator.py took 0.096 seconds
[2024-09-10T01:59:20.595+0800] {processor.py:186} INFO - Started process (PID=67491) to work on /Users/erniesg/.pyenv/versions/3.12.5/envs/letters_home/lib/python3.12/site-packages/airflow/example_dags/example_python_decorator.py
[2024-09-10T01:59:20.595+0800] {processor.py:914} INFO - Processing file /Users/erniesg/.pyenv/versions/3.12.5/envs/letters_home/lib/python3.12/site-packages/airflow/example_dags/example_python_decorator.py for tasks to queue
[2024-09-10T01:59:20.595+0800] {logging_mixin.py:190} INFO - [2024-09-10T01:59:20.595+0800] {dagbag.py:587} INFO - Filling up the DagBag from /Users/erniesg/.pyenv/versions/3.12.5/envs/letters_home/lib/python3.12/site-packages/airflow/example_dags/example_python_decorator.py
[2024-09-10T01:59:20.611+0800] {processor.py:925} INFO - DAG(s) 'example_python_decorator' retrieved from /Users/erniesg/.pyenv/versions/3.12.5/envs/letters_home/lib/python3.12/site-packages/airflow/example_dags/example_python_decorator.py
[2024-09-10T01:59:20.680+0800] {logging_mixin.py:190} INFO - [2024-09-10T01:59:20.680+0800] {dag.py:3229} INFO - Sync 1 DAGs
[2024-09-10T01:59:20.684+0800] {logging_mixin.py:190} INFO - [2024-09-10T01:59:20.684+0800] {dag.py:4156} INFO - Setting next_dagrun for example_python_decorator to None, run_after=None
[2024-09-10T01:59:20.691+0800] {processor.py:208} INFO - Processing /Users/erniesg/.pyenv/versions/3.12.5/envs/letters_home/lib/python3.12/site-packages/airflow/example_dags/example_python_decorator.py took 0.097 seconds
[2024-09-10T02:01:44.345+0800] {processor.py:186} INFO - Started process (PID=67922) to work on /Users/erniesg/.pyenv/versions/3.12.5/envs/letters_home/lib/python3.12/site-packages/airflow/example_dags/example_python_decorator.py
[2024-09-10T02:01:44.346+0800] {processor.py:914} INFO - Processing file /Users/erniesg/.pyenv/versions/3.12.5/envs/letters_home/lib/python3.12/site-packages/airflow/example_dags/example_python_decorator.py for tasks to queue
[2024-09-10T02:01:44.346+0800] {logging_mixin.py:190} INFO - [2024-09-10T02:01:44.346+0800] {dagbag.py:587} INFO - Filling up the DagBag from /Users/erniesg/.pyenv/versions/3.12.5/envs/letters_home/lib/python3.12/site-packages/airflow/example_dags/example_python_decorator.py
[2024-09-10T02:01:44.364+0800] {processor.py:925} INFO - DAG(s) 'example_python_decorator' retrieved from /Users/erniesg/.pyenv/versions/3.12.5/envs/letters_home/lib/python3.12/site-packages/airflow/example_dags/example_python_decorator.py
[2024-09-10T02:01:44.439+0800] {logging_mixin.py:190} INFO - [2024-09-10T02:01:44.439+0800] {dag.py:3229} INFO - Sync 1 DAGs
[2024-09-10T02:01:44.443+0800] {logging_mixin.py:190} INFO - [2024-09-10T02:01:44.443+0800] {dag.py:4156} INFO - Setting next_dagrun for example_python_decorator to None, run_after=None
[2024-09-10T02:01:44.450+0800] {processor.py:208} INFO - Processing /Users/erniesg/.pyenv/versions/3.12.5/envs/letters_home/lib/python3.12/site-packages/airflow/example_dags/example_python_decorator.py took 0.106 seconds
[2024-09-10T02:04:26.297+0800] {processor.py:186} INFO - Started process (PID=68108) to work on /Users/erniesg/.pyenv/versions/3.12.5/envs/letters_home/lib/python3.12/site-packages/airflow/example_dags/example_python_decorator.py
[2024-09-10T02:04:26.297+0800] {processor.py:914} INFO - Processing file /Users/erniesg/.pyenv/versions/3.12.5/envs/letters_home/lib/python3.12/site-packages/airflow/example_dags/example_python_decorator.py for tasks to queue
[2024-09-10T02:04:26.298+0800] {logging_mixin.py:190} INFO - [2024-09-10T02:04:26.298+0800] {dagbag.py:587} INFO - Filling up the DagBag from /Users/erniesg/.pyenv/versions/3.12.5/envs/letters_home/lib/python3.12/site-packages/airflow/example_dags/example_python_decorator.py
[2024-09-10T02:04:26.314+0800] {processor.py:925} INFO - DAG(s) 'example_python_decorator' retrieved from /Users/erniesg/.pyenv/versions/3.12.5/envs/letters_home/lib/python3.12/site-packages/airflow/example_dags/example_python_decorator.py
[2024-09-10T02:04:26.383+0800] {logging_mixin.py:190} INFO - [2024-09-10T02:04:26.383+0800] {dag.py:3229} INFO - Sync 1 DAGs
[2024-09-10T02:04:26.386+0800] {logging_mixin.py:190} INFO - [2024-09-10T02:04:26.386+0800] {dag.py:4156} INFO - Setting next_dagrun for example_python_decorator to None, run_after=None
[2024-09-10T02:04:26.393+0800] {processor.py:208} INFO - Processing /Users/erniesg/.pyenv/versions/3.12.5/envs/letters_home/lib/python3.12/site-packages/airflow/example_dags/example_python_decorator.py took 0.097 seconds
[2024-09-10T02:07:26.084+0800] {processor.py:186} INFO - Started process (PID=68404) to work on /Users/erniesg/.pyenv/versions/3.12.5/envs/letters_home/lib/python3.12/site-packages/airflow/example_dags/example_python_decorator.py
[2024-09-10T02:07:26.085+0800] {processor.py:914} INFO - Processing file /Users/erniesg/.pyenv/versions/3.12.5/envs/letters_home/lib/python3.12/site-packages/airflow/example_dags/example_python_decorator.py for tasks to queue
[2024-09-10T02:07:26.085+0800] {logging_mixin.py:190} INFO - [2024-09-10T02:07:26.085+0800] {dagbag.py:587} INFO - Filling up the DagBag from /Users/erniesg/.pyenv/versions/3.12.5/envs/letters_home/lib/python3.12/site-packages/airflow/example_dags/example_python_decorator.py
[2024-09-10T02:07:26.103+0800] {processor.py:925} INFO - DAG(s) 'example_python_decorator' retrieved from /Users/erniesg/.pyenv/versions/3.12.5/envs/letters_home/lib/python3.12/site-packages/airflow/example_dags/example_python_decorator.py
[2024-09-10T02:07:26.172+0800] {logging_mixin.py:190} INFO - [2024-09-10T02:07:26.172+0800] {dag.py:3229} INFO - Sync 1 DAGs
[2024-09-10T02:07:26.176+0800] {logging_mixin.py:190} INFO - [2024-09-10T02:07:26.176+0800] {dag.py:4156} INFO - Setting next_dagrun for example_python_decorator to None, run_after=None
[2024-09-10T02:07:26.183+0800] {processor.py:208} INFO - Processing /Users/erniesg/.pyenv/versions/3.12.5/envs/letters_home/lib/python3.12/site-packages/airflow/example_dags/example_python_decorator.py took 0.100 seconds
[2024-09-10T02:12:51.999+0800] {processor.py:186} INFO - Started process (PID=69279) to work on /Users/erniesg/.pyenv/versions/3.12.5/envs/letters_home/lib/python3.12/site-packages/airflow/example_dags/example_python_decorator.py
[2024-09-10T02:12:52.000+0800] {processor.py:914} INFO - Processing file /Users/erniesg/.pyenv/versions/3.12.5/envs/letters_home/lib/python3.12/site-packages/airflow/example_dags/example_python_decorator.py for tasks to queue
[2024-09-10T02:12:52.000+0800] {logging_mixin.py:190} INFO - [2024-09-10T02:12:52.000+0800] {dagbag.py:587} INFO - Filling up the DagBag from /Users/erniesg/.pyenv/versions/3.12.5/envs/letters_home/lib/python3.12/site-packages/airflow/example_dags/example_python_decorator.py
[2024-09-10T02:12:52.017+0800] {processor.py:925} INFO - DAG(s) 'example_python_decorator' retrieved from /Users/erniesg/.pyenv/versions/3.12.5/envs/letters_home/lib/python3.12/site-packages/airflow/example_dags/example_python_decorator.py
[2024-09-10T02:12:52.089+0800] {logging_mixin.py:190} INFO - [2024-09-10T02:12:52.089+0800] {dag.py:3229} INFO - Sync 1 DAGs
[2024-09-10T02:12:52.093+0800] {logging_mixin.py:190} INFO - [2024-09-10T02:12:52.093+0800] {dag.py:4156} INFO - Setting next_dagrun for example_python_decorator to None, run_after=None
[2024-09-10T02:12:52.099+0800] {processor.py:208} INFO - Processing /Users/erniesg/.pyenv/versions/3.12.5/envs/letters_home/lib/python3.12/site-packages/airflow/example_dags/example_python_decorator.py took 0.101 seconds
[2024-09-10T02:16:14.374+0800] {processor.py:186} INFO - Started process (PID=69734) to work on /Users/erniesg/.pyenv/versions/3.12.5/envs/letters_home/lib/python3.12/site-packages/airflow/example_dags/example_python_decorator.py
[2024-09-10T02:16:14.375+0800] {processor.py:914} INFO - Processing file /Users/erniesg/.pyenv/versions/3.12.5/envs/letters_home/lib/python3.12/site-packages/airflow/example_dags/example_python_decorator.py for tasks to queue
[2024-09-10T02:16:14.375+0800] {logging_mixin.py:190} INFO - [2024-09-10T02:16:14.375+0800] {dagbag.py:587} INFO - Filling up the DagBag from /Users/erniesg/.pyenv/versions/3.12.5/envs/letters_home/lib/python3.12/site-packages/airflow/example_dags/example_python_decorator.py
[2024-09-10T02:16:14.392+0800] {processor.py:925} INFO - DAG(s) 'example_python_decorator' retrieved from /Users/erniesg/.pyenv/versions/3.12.5/envs/letters_home/lib/python3.12/site-packages/airflow/example_dags/example_python_decorator.py
[2024-09-10T02:16:14.467+0800] {logging_mixin.py:190} INFO - [2024-09-10T02:16:14.467+0800] {dag.py:3229} INFO - Sync 1 DAGs
[2024-09-10T02:16:14.471+0800] {logging_mixin.py:190} INFO - [2024-09-10T02:16:14.471+0800] {dag.py:4156} INFO - Setting next_dagrun for example_python_decorator to None, run_after=None
[2024-09-10T02:16:14.479+0800] {processor.py:208} INFO - Processing /Users/erniesg/.pyenv/versions/3.12.5/envs/letters_home/lib/python3.12/site-packages/airflow/example_dags/example_python_decorator.py took 0.106 seconds
[2024-09-10T02:18:10.251+0800] {processor.py:186} INFO - Started process (PID=69867) to work on /Users/erniesg/.pyenv/versions/3.12.5/envs/letters_home/lib/python3.12/site-packages/airflow/example_dags/example_python_decorator.py
[2024-09-10T02:18:10.252+0800] {processor.py:914} INFO - Processing file /Users/erniesg/.pyenv/versions/3.12.5/envs/letters_home/lib/python3.12/site-packages/airflow/example_dags/example_python_decorator.py for tasks to queue
[2024-09-10T02:18:10.252+0800] {logging_mixin.py:190} INFO - [2024-09-10T02:18:10.252+0800] {dagbag.py:587} INFO - Filling up the DagBag from /Users/erniesg/.pyenv/versions/3.12.5/envs/letters_home/lib/python3.12/site-packages/airflow/example_dags/example_python_decorator.py
[2024-09-10T02:18:10.271+0800] {processor.py:925} INFO - DAG(s) 'example_python_decorator' retrieved from /Users/erniesg/.pyenv/versions/3.12.5/envs/letters_home/lib/python3.12/site-packages/airflow/example_dags/example_python_decorator.py
[2024-09-10T02:18:10.350+0800] {logging_mixin.py:190} INFO - [2024-09-10T02:18:10.350+0800] {dag.py:3229} INFO - Sync 1 DAGs
[2024-09-10T02:18:10.354+0800] {logging_mixin.py:190} INFO - [2024-09-10T02:18:10.354+0800] {dag.py:4156} INFO - Setting next_dagrun for example_python_decorator to None, run_after=None
[2024-09-10T02:18:10.362+0800] {processor.py:208} INFO - Processing /Users/erniesg/.pyenv/versions/3.12.5/envs/letters_home/lib/python3.12/site-packages/airflow/example_dags/example_python_decorator.py took 0.112 seconds
