[2024-09-10T01:38:34.792+0800] {processor.py:186} INFO - Started process (PID=58041) to work on /Users/erniesg/.pyenv/versions/3.12.5/envs/letters_home/lib/python3.12/site-packages/airflow/example_dags/example_branch_day_of_week_operator.py
[2024-09-10T01:38:34.792+0800] {processor.py:914} INFO - Processing file /Users/erniesg/.pyenv/versions/3.12.5/envs/letters_home/lib/python3.12/site-packages/airflow/example_dags/example_branch_day_of_week_operator.py for tasks to queue
[2024-09-10T01:38:34.792+0800] {logging_mixin.py:190} INFO - [2024-09-10T01:38:34.792+0800] {dagbag.py:587} INFO - Filling up the DagBag from /Users/erniesg/.pyenv/versions/3.12.5/envs/letters_home/lib/python3.12/site-packages/airflow/example_dags/example_branch_day_of_week_operator.py
[2024-09-10T01:38:34.796+0800] {processor.py:925} INFO - DAG(s) 'example_weekday_branch_operator' retrieved from /Users/erniesg/.pyenv/versions/3.12.5/envs/letters_home/lib/python3.12/site-packages/airflow/example_dags/example_branch_day_of_week_operator.py
[2024-09-10T01:38:34.863+0800] {logging_mixin.py:190} INFO - [2024-09-10T01:38:34.863+0800] {override.py:1900} INFO - Created Permission View: can delete on DAG:example_weekday_branch_operator
[2024-09-10T01:38:34.866+0800] {logging_mixin.py:190} INFO - [2024-09-10T01:38:34.866+0800] {override.py:1900} INFO - Created Permission View: can read on DAG:example_weekday_branch_operator
[2024-09-10T01:38:34.868+0800] {logging_mixin.py:190} INFO - [2024-09-10T01:38:34.868+0800] {override.py:1900} INFO - Created Permission View: can edit on DAG:example_weekday_branch_operator
[2024-09-10T01:38:34.871+0800] {logging_mixin.py:190} INFO - [2024-09-10T01:38:34.870+0800] {override.py:1900} INFO - Created Permission View: can delete on DAG Run:example_weekday_branch_operator
[2024-09-10T01:38:34.872+0800] {logging_mixin.py:190} INFO - [2024-09-10T01:38:34.872+0800] {override.py:1900} INFO - Created Permission View: can create on DAG Run:example_weekday_branch_operator
[2024-09-10T01:38:34.874+0800] {logging_mixin.py:190} INFO - [2024-09-10T01:38:34.874+0800] {override.py:1900} INFO - Created Permission View: menu access on DAG Run:example_weekday_branch_operator
[2024-09-10T01:38:34.876+0800] {logging_mixin.py:190} INFO - [2024-09-10T01:38:34.876+0800] {override.py:1900} INFO - Created Permission View: can read on DAG Run:example_weekday_branch_operator
[2024-09-10T01:38:34.876+0800] {logging_mixin.py:190} INFO - [2024-09-10T01:38:34.876+0800] {dag.py:3229} INFO - Sync 1 DAGs
[2024-09-10T01:38:34.880+0800] {logging_mixin.py:190} INFO - [2024-09-10T01:38:34.880+0800] {dag.py:3252} INFO - Creating ORM DAG for example_weekday_branch_operator
[2024-09-10T01:38:34.883+0800] {logging_mixin.py:190} INFO - [2024-09-10T01:38:34.883+0800] {dag.py:4156} INFO - Setting next_dagrun for example_weekday_branch_operator to 2024-09-08 00:00:00+00:00, run_after=2024-09-09 00:00:00+00:00
[2024-09-10T01:38:34.889+0800] {processor.py:208} INFO - Processing /Users/erniesg/.pyenv/versions/3.12.5/envs/letters_home/lib/python3.12/site-packages/airflow/example_dags/example_branch_day_of_week_operator.py took 0.098 seconds
[2024-09-10T01:41:12.863+0800] {processor.py:186} INFO - Started process (PID=58177) to work on /Users/erniesg/.pyenv/versions/3.12.5/envs/letters_home/lib/python3.12/site-packages/airflow/example_dags/example_branch_day_of_week_operator.py
[2024-09-10T01:41:12.863+0800] {processor.py:914} INFO - Processing file /Users/erniesg/.pyenv/versions/3.12.5/envs/letters_home/lib/python3.12/site-packages/airflow/example_dags/example_branch_day_of_week_operator.py for tasks to queue
[2024-09-10T01:41:12.863+0800] {logging_mixin.py:190} INFO - [2024-09-10T01:41:12.863+0800] {dagbag.py:587} INFO - Filling up the DagBag from /Users/erniesg/.pyenv/versions/3.12.5/envs/letters_home/lib/python3.12/site-packages/airflow/example_dags/example_branch_day_of_week_operator.py
[2024-09-10T01:41:12.867+0800] {processor.py:925} INFO - DAG(s) 'example_weekday_branch_operator' retrieved from /Users/erniesg/.pyenv/versions/3.12.5/envs/letters_home/lib/python3.12/site-packages/airflow/example_dags/example_branch_day_of_week_operator.py
[2024-09-10T01:41:12.903+0800] {logging_mixin.py:190} INFO - [2024-09-10T01:41:12.903+0800] {dag.py:3229} INFO - Sync 1 DAGs
[2024-09-10T01:41:12.910+0800] {logging_mixin.py:190} INFO - [2024-09-10T01:41:12.910+0800] {dag.py:4156} INFO - Setting next_dagrun for example_weekday_branch_operator to 2024-09-08 00:00:00+00:00, run_after=2024-09-09 00:00:00+00:00
[2024-09-10T01:41:12.917+0800] {processor.py:208} INFO - Processing /Users/erniesg/.pyenv/versions/3.12.5/envs/letters_home/lib/python3.12/site-packages/airflow/example_dags/example_branch_day_of_week_operator.py took 0.055 seconds
[2024-09-10T01:43:57.266+0800] {processor.py:186} INFO - Started process (PID=58729) to work on /Users/erniesg/.pyenv/versions/3.12.5/envs/letters_home/lib/python3.12/site-packages/airflow/example_dags/example_branch_day_of_week_operator.py
[2024-09-10T01:43:57.266+0800] {processor.py:914} INFO - Processing file /Users/erniesg/.pyenv/versions/3.12.5/envs/letters_home/lib/python3.12/site-packages/airflow/example_dags/example_branch_day_of_week_operator.py for tasks to queue
[2024-09-10T01:43:57.267+0800] {logging_mixin.py:190} INFO - [2024-09-10T01:43:57.267+0800] {dagbag.py:587} INFO - Filling up the DagBag from /Users/erniesg/.pyenv/versions/3.12.5/envs/letters_home/lib/python3.12/site-packages/airflow/example_dags/example_branch_day_of_week_operator.py
[2024-09-10T01:43:57.270+0800] {processor.py:925} INFO - DAG(s) 'example_weekday_branch_operator' retrieved from /Users/erniesg/.pyenv/versions/3.12.5/envs/letters_home/lib/python3.12/site-packages/airflow/example_dags/example_branch_day_of_week_operator.py
[2024-09-10T01:43:57.309+0800] {logging_mixin.py:190} INFO - [2024-09-10T01:43:57.308+0800] {dag.py:3229} INFO - Sync 1 DAGs
[2024-09-10T01:43:57.316+0800] {logging_mixin.py:190} INFO - [2024-09-10T01:43:57.316+0800] {dag.py:4156} INFO - Setting next_dagrun for example_weekday_branch_operator to 2024-09-08 00:00:00+00:00, run_after=2024-09-09 00:00:00+00:00
[2024-09-10T01:43:57.323+0800] {processor.py:208} INFO - Processing /Users/erniesg/.pyenv/versions/3.12.5/envs/letters_home/lib/python3.12/site-packages/airflow/example_dags/example_branch_day_of_week_operator.py took 0.058 seconds
[2024-09-10T02:00:38.776+0800] {processor.py:186} INFO - Started process (PID=67743) to work on /Users/erniesg/.pyenv/versions/3.12.5/envs/letters_home/lib/python3.12/site-packages/airflow/example_dags/example_branch_day_of_week_operator.py
[2024-09-10T02:00:38.778+0800] {processor.py:914} INFO - Processing file /Users/erniesg/.pyenv/versions/3.12.5/envs/letters_home/lib/python3.12/site-packages/airflow/example_dags/example_branch_day_of_week_operator.py for tasks to queue
[2024-09-10T02:00:38.778+0800] {logging_mixin.py:190} INFO - [2024-09-10T02:00:38.778+0800] {dagbag.py:587} INFO - Filling up the DagBag from /Users/erniesg/.pyenv/versions/3.12.5/envs/letters_home/lib/python3.12/site-packages/airflow/example_dags/example_branch_day_of_week_operator.py
[2024-09-10T02:00:38.782+0800] {processor.py:925} INFO - DAG(s) 'example_weekday_branch_operator' retrieved from /Users/erniesg/.pyenv/versions/3.12.5/envs/letters_home/lib/python3.12/site-packages/airflow/example_dags/example_branch_day_of_week_operator.py
[2024-09-10T02:00:38.818+0800] {logging_mixin.py:190} INFO - [2024-09-10T02:00:38.818+0800] {dag.py:3229} INFO - Sync 1 DAGs
[2024-09-10T02:00:38.825+0800] {logging_mixin.py:190} INFO - [2024-09-10T02:00:38.825+0800] {dag.py:4156} INFO - Setting next_dagrun for example_weekday_branch_operator to 2024-09-08 00:00:00+00:00, run_after=2024-09-09 00:00:00+00:00
[2024-09-10T02:00:38.832+0800] {processor.py:208} INFO - Processing /Users/erniesg/.pyenv/versions/3.12.5/envs/letters_home/lib/python3.12/site-packages/airflow/example_dags/example_branch_day_of_week_operator.py took 0.057 seconds
[2024-09-10T02:03:19.819+0800] {processor.py:186} INFO - Started process (PID=68037) to work on /Users/erniesg/.pyenv/versions/3.12.5/envs/letters_home/lib/python3.12/site-packages/airflow/example_dags/example_branch_day_of_week_operator.py
[2024-09-10T02:03:19.820+0800] {processor.py:914} INFO - Processing file /Users/erniesg/.pyenv/versions/3.12.5/envs/letters_home/lib/python3.12/site-packages/airflow/example_dags/example_branch_day_of_week_operator.py for tasks to queue
[2024-09-10T02:03:19.820+0800] {logging_mixin.py:190} INFO - [2024-09-10T02:03:19.820+0800] {dagbag.py:587} INFO - Filling up the DagBag from /Users/erniesg/.pyenv/versions/3.12.5/envs/letters_home/lib/python3.12/site-packages/airflow/example_dags/example_branch_day_of_week_operator.py
[2024-09-10T02:03:19.824+0800] {processor.py:925} INFO - DAG(s) 'example_weekday_branch_operator' retrieved from /Users/erniesg/.pyenv/versions/3.12.5/envs/letters_home/lib/python3.12/site-packages/airflow/example_dags/example_branch_day_of_week_operator.py
[2024-09-10T02:03:19.861+0800] {logging_mixin.py:190} INFO - [2024-09-10T02:03:19.861+0800] {dag.py:3229} INFO - Sync 1 DAGs
[2024-09-10T02:03:19.869+0800] {logging_mixin.py:190} INFO - [2024-09-10T02:03:19.869+0800] {dag.py:4156} INFO - Setting next_dagrun for example_weekday_branch_operator to 2024-09-08 00:00:00+00:00, run_after=2024-09-09 00:00:00+00:00
[2024-09-10T02:03:19.876+0800] {processor.py:208} INFO - Processing /Users/erniesg/.pyenv/versions/3.12.5/envs/letters_home/lib/python3.12/site-packages/airflow/example_dags/example_branch_day_of_week_operator.py took 0.058 seconds
[2024-09-10T02:06:20.366+0800] {processor.py:186} INFO - Started process (PID=68242) to work on /Users/erniesg/.pyenv/versions/3.12.5/envs/letters_home/lib/python3.12/site-packages/airflow/example_dags/example_branch_day_of_week_operator.py
[2024-09-10T02:06:20.366+0800] {processor.py:914} INFO - Processing file /Users/erniesg/.pyenv/versions/3.12.5/envs/letters_home/lib/python3.12/site-packages/airflow/example_dags/example_branch_day_of_week_operator.py for tasks to queue
[2024-09-10T02:06:20.366+0800] {logging_mixin.py:190} INFO - [2024-09-10T02:06:20.366+0800] {dagbag.py:587} INFO - Filling up the DagBag from /Users/erniesg/.pyenv/versions/3.12.5/envs/letters_home/lib/python3.12/site-packages/airflow/example_dags/example_branch_day_of_week_operator.py
[2024-09-10T02:06:20.370+0800] {processor.py:925} INFO - DAG(s) 'example_weekday_branch_operator' retrieved from /Users/erniesg/.pyenv/versions/3.12.5/envs/letters_home/lib/python3.12/site-packages/airflow/example_dags/example_branch_day_of_week_operator.py
[2024-09-10T02:06:20.412+0800] {logging_mixin.py:190} INFO - [2024-09-10T02:06:20.411+0800] {dag.py:3229} INFO - Sync 1 DAGs
[2024-09-10T02:06:20.419+0800] {logging_mixin.py:190} INFO - [2024-09-10T02:06:20.419+0800] {dag.py:4156} INFO - Setting next_dagrun for example_weekday_branch_operator to 2024-09-08 00:00:00+00:00, run_after=2024-09-09 00:00:00+00:00
[2024-09-10T02:06:20.426+0800] {processor.py:208} INFO - Processing /Users/erniesg/.pyenv/versions/3.12.5/envs/letters_home/lib/python3.12/site-packages/airflow/example_dags/example_branch_day_of_week_operator.py took 0.062 seconds
[2024-09-10T02:09:06.191+0800] {processor.py:186} INFO - Started process (PID=68565) to work on /Users/erniesg/.pyenv/versions/3.12.5/envs/letters_home/lib/python3.12/site-packages/airflow/example_dags/example_branch_day_of_week_operator.py
[2024-09-10T02:09:06.192+0800] {processor.py:914} INFO - Processing file /Users/erniesg/.pyenv/versions/3.12.5/envs/letters_home/lib/python3.12/site-packages/airflow/example_dags/example_branch_day_of_week_operator.py for tasks to queue
[2024-09-10T02:09:06.192+0800] {logging_mixin.py:190} INFO - [2024-09-10T02:09:06.192+0800] {dagbag.py:587} INFO - Filling up the DagBag from /Users/erniesg/.pyenv/versions/3.12.5/envs/letters_home/lib/python3.12/site-packages/airflow/example_dags/example_branch_day_of_week_operator.py
[2024-09-10T02:09:06.196+0800] {processor.py:925} INFO - DAG(s) 'example_weekday_branch_operator' retrieved from /Users/erniesg/.pyenv/versions/3.12.5/envs/letters_home/lib/python3.12/site-packages/airflow/example_dags/example_branch_day_of_week_operator.py
[2024-09-10T02:09:06.235+0800] {logging_mixin.py:190} INFO - [2024-09-10T02:09:06.235+0800] {dag.py:3229} INFO - Sync 1 DAGs
[2024-09-10T02:09:06.243+0800] {logging_mixin.py:190} INFO - [2024-09-10T02:09:06.243+0800] {dag.py:4156} INFO - Setting next_dagrun for example_weekday_branch_operator to 2024-09-08 00:00:00+00:00, run_after=2024-09-09 00:00:00+00:00
[2024-09-10T02:09:06.250+0800] {processor.py:208} INFO - Processing /Users/erniesg/.pyenv/versions/3.12.5/envs/letters_home/lib/python3.12/site-packages/airflow/example_dags/example_branch_day_of_week_operator.py took 0.060 seconds
[2024-09-10T02:13:39.230+0800] {processor.py:186} INFO - Started process (PID=69311) to work on /Users/erniesg/.pyenv/versions/3.12.5/envs/letters_home/lib/python3.12/site-packages/airflow/example_dags/example_branch_day_of_week_operator.py
[2024-09-10T02:13:39.231+0800] {processor.py:914} INFO - Processing file /Users/erniesg/.pyenv/versions/3.12.5/envs/letters_home/lib/python3.12/site-packages/airflow/example_dags/example_branch_day_of_week_operator.py for tasks to queue
[2024-09-10T02:13:39.231+0800] {logging_mixin.py:190} INFO - [2024-09-10T02:13:39.231+0800] {dagbag.py:587} INFO - Filling up the DagBag from /Users/erniesg/.pyenv/versions/3.12.5/envs/letters_home/lib/python3.12/site-packages/airflow/example_dags/example_branch_day_of_week_operator.py
[2024-09-10T02:13:39.235+0800] {processor.py:925} INFO - DAG(s) 'example_weekday_branch_operator' retrieved from /Users/erniesg/.pyenv/versions/3.12.5/envs/letters_home/lib/python3.12/site-packages/airflow/example_dags/example_branch_day_of_week_operator.py
[2024-09-10T02:13:39.275+0800] {logging_mixin.py:190} INFO - [2024-09-10T02:13:39.274+0800] {dag.py:3229} INFO - Sync 1 DAGs
[2024-09-10T02:13:39.282+0800] {logging_mixin.py:190} INFO - [2024-09-10T02:13:39.282+0800] {dag.py:4156} INFO - Setting next_dagrun for example_weekday_branch_operator to 2024-09-08 00:00:00+00:00, run_after=2024-09-09 00:00:00+00:00
[2024-09-10T02:13:39.289+0800] {processor.py:208} INFO - Processing /Users/erniesg/.pyenv/versions/3.12.5/envs/letters_home/lib/python3.12/site-packages/airflow/example_dags/example_branch_day_of_week_operator.py took 0.060 seconds
[2024-09-10T02:17:01.416+0800] {processor.py:186} INFO - Started process (PID=69779) to work on /Users/erniesg/.pyenv/versions/3.12.5/envs/letters_home/lib/python3.12/site-packages/airflow/example_dags/example_branch_day_of_week_operator.py
[2024-09-10T02:17:01.416+0800] {processor.py:914} INFO - Processing file /Users/erniesg/.pyenv/versions/3.12.5/envs/letters_home/lib/python3.12/site-packages/airflow/example_dags/example_branch_day_of_week_operator.py for tasks to queue
[2024-09-10T02:17:01.417+0800] {logging_mixin.py:190} INFO - [2024-09-10T02:17:01.417+0800] {dagbag.py:587} INFO - Filling up the DagBag from /Users/erniesg/.pyenv/versions/3.12.5/envs/letters_home/lib/python3.12/site-packages/airflow/example_dags/example_branch_day_of_week_operator.py
[2024-09-10T02:17:01.421+0800] {processor.py:925} INFO - DAG(s) 'example_weekday_branch_operator' retrieved from /Users/erniesg/.pyenv/versions/3.12.5/envs/letters_home/lib/python3.12/site-packages/airflow/example_dags/example_branch_day_of_week_operator.py
[2024-09-10T02:17:01.461+0800] {logging_mixin.py:190} INFO - [2024-09-10T02:17:01.460+0800] {dag.py:3229} INFO - Sync 1 DAGs
[2024-09-10T02:17:01.468+0800] {logging_mixin.py:190} INFO - [2024-09-10T02:17:01.468+0800] {dag.py:4156} INFO - Setting next_dagrun for example_weekday_branch_operator to 2024-09-08 00:00:00+00:00, run_after=2024-09-09 00:00:00+00:00
[2024-09-10T02:17:01.476+0800] {processor.py:208} INFO - Processing /Users/erniesg/.pyenv/versions/3.12.5/envs/letters_home/lib/python3.12/site-packages/airflow/example_dags/example_branch_day_of_week_operator.py took 0.061 seconds
[2024-09-10T02:19:50.713+0800] {processor.py:186} INFO - Started process (PID=70322) to work on /Users/erniesg/.pyenv/versions/3.12.5/envs/letters_home/lib/python3.12/site-packages/airflow/example_dags/example_branch_day_of_week_operator.py
[2024-09-10T02:19:50.713+0800] {processor.py:914} INFO - Processing file /Users/erniesg/.pyenv/versions/3.12.5/envs/letters_home/lib/python3.12/site-packages/airflow/example_dags/example_branch_day_of_week_operator.py for tasks to queue
[2024-09-10T02:19:50.713+0800] {logging_mixin.py:190} INFO - [2024-09-10T02:19:50.713+0800] {dagbag.py:587} INFO - Filling up the DagBag from /Users/erniesg/.pyenv/versions/3.12.5/envs/letters_home/lib/python3.12/site-packages/airflow/example_dags/example_branch_day_of_week_operator.py
[2024-09-10T02:19:50.717+0800] {processor.py:925} INFO - DAG(s) 'example_weekday_branch_operator' retrieved from /Users/erniesg/.pyenv/versions/3.12.5/envs/letters_home/lib/python3.12/site-packages/airflow/example_dags/example_branch_day_of_week_operator.py
[2024-09-10T02:19:50.757+0800] {logging_mixin.py:190} INFO - [2024-09-10T02:19:50.757+0800] {dag.py:3229} INFO - Sync 1 DAGs
[2024-09-10T02:19:50.765+0800] {logging_mixin.py:190} INFO - [2024-09-10T02:19:50.765+0800] {dag.py:4156} INFO - Setting next_dagrun for example_weekday_branch_operator to 2024-09-08 00:00:00+00:00, run_after=2024-09-09 00:00:00+00:00
[2024-09-10T02:19:50.771+0800] {processor.py:208} INFO - Processing /Users/erniesg/.pyenv/versions/3.12.5/envs/letters_home/lib/python3.12/site-packages/airflow/example_dags/example_branch_day_of_week_operator.py took 0.060 seconds
