[2024-09-10T01:38:00.768+0800] {processor.py:186} INFO - Started process (PID=58001) to work on /Users/erniesg/.pyenv/versions/3.12.5/envs/letters_home/lib/python3.12/site-packages/airflow/example_dags/example_latest_only_with_trigger.py
[2024-09-10T01:38:00.768+0800] {processor.py:914} INFO - Processing file /Users/erniesg/.pyenv/versions/3.12.5/envs/letters_home/lib/python3.12/site-packages/airflow/example_dags/example_latest_only_with_trigger.py for tasks to queue
[2024-09-10T01:38:00.768+0800] {logging_mixin.py:190} INFO - [2024-09-10T01:38:00.768+0800] {dagbag.py:587} INFO - Filling up the DagBag from /Users/erniesg/.pyenv/versions/3.12.5/envs/letters_home/lib/python3.12/site-packages/airflow/example_dags/example_latest_only_with_trigger.py
[2024-09-10T01:38:00.771+0800] {processor.py:925} INFO - DAG(s) 'latest_only_with_trigger' retrieved from /Users/erniesg/.pyenv/versions/3.12.5/envs/letters_home/lib/python3.12/site-packages/airflow/example_dags/example_latest_only_with_trigger.py
[2024-09-10T01:38:00.841+0800] {logging_mixin.py:190} INFO - [2024-09-10T01:38:00.840+0800] {override.py:1900} INFO - Created Permission View: can edit on DAG:latest_only_with_trigger
[2024-09-10T01:38:00.844+0800] {logging_mixin.py:190} INFO - [2024-09-10T01:38:00.844+0800] {override.py:1900} INFO - Created Permission View: can delete on DAG:latest_only_with_trigger
[2024-09-10T01:38:00.846+0800] {logging_mixin.py:190} INFO - [2024-09-10T01:38:00.846+0800] {override.py:1900} INFO - Created Permission View: can read on DAG:latest_only_with_trigger
[2024-09-10T01:38:00.849+0800] {logging_mixin.py:190} INFO - [2024-09-10T01:38:00.849+0800] {override.py:1900} INFO - Created Permission View: can delete on DAG Run:latest_only_with_trigger
[2024-09-10T01:38:00.851+0800] {logging_mixin.py:190} INFO - [2024-09-10T01:38:00.851+0800] {override.py:1900} INFO - Created Permission View: can read on DAG Run:latest_only_with_trigger
[2024-09-10T01:38:00.853+0800] {logging_mixin.py:190} INFO - [2024-09-10T01:38:00.853+0800] {override.py:1900} INFO - Created Permission View: can create on DAG Run:latest_only_with_trigger
[2024-09-10T01:38:00.855+0800] {logging_mixin.py:190} INFO - [2024-09-10T01:38:00.855+0800] {override.py:1900} INFO - Created Permission View: menu access on DAG Run:latest_only_with_trigger
[2024-09-10T01:38:00.855+0800] {logging_mixin.py:190} INFO - [2024-09-10T01:38:00.855+0800] {dag.py:3229} INFO - Sync 1 DAGs
[2024-09-10T01:38:00.859+0800] {logging_mixin.py:190} INFO - [2024-09-10T01:38:00.859+0800] {dag.py:3252} INFO - Creating ORM DAG for latest_only_with_trigger
[2024-09-10T01:38:00.862+0800] {logging_mixin.py:190} INFO - [2024-09-10T01:38:00.862+0800] {dag.py:4156} INFO - Setting next_dagrun for latest_only_with_trigger to 2024-09-09 12:00:00+00:00, run_after=2024-09-09 16:00:00+00:00
[2024-09-10T01:38:00.868+0800] {processor.py:208} INFO - Processing /Users/erniesg/.pyenv/versions/3.12.5/envs/letters_home/lib/python3.12/site-packages/airflow/example_dags/example_latest_only_with_trigger.py took 0.101 seconds
[2024-09-10T01:39:50.526+0800] {processor.py:186} INFO - Started process (PID=58106) to work on /Users/erniesg/.pyenv/versions/3.12.5/envs/letters_home/lib/python3.12/site-packages/airflow/example_dags/example_latest_only_with_trigger.py
[2024-09-10T01:39:50.527+0800] {processor.py:914} INFO - Processing file /Users/erniesg/.pyenv/versions/3.12.5/envs/letters_home/lib/python3.12/site-packages/airflow/example_dags/example_latest_only_with_trigger.py for tasks to queue
[2024-09-10T01:39:50.527+0800] {logging_mixin.py:190} INFO - [2024-09-10T01:39:50.527+0800] {dagbag.py:587} INFO - Filling up the DagBag from /Users/erniesg/.pyenv/versions/3.12.5/envs/letters_home/lib/python3.12/site-packages/airflow/example_dags/example_latest_only_with_trigger.py
[2024-09-10T01:39:50.530+0800] {processor.py:925} INFO - DAG(s) 'latest_only_with_trigger' retrieved from /Users/erniesg/.pyenv/versions/3.12.5/envs/letters_home/lib/python3.12/site-packages/airflow/example_dags/example_latest_only_with_trigger.py
[2024-09-10T01:39:50.566+0800] {logging_mixin.py:190} INFO - [2024-09-10T01:39:50.565+0800] {dag.py:3229} INFO - Sync 1 DAGs
[2024-09-10T01:39:50.572+0800] {logging_mixin.py:190} INFO - [2024-09-10T01:39:50.572+0800] {dag.py:4156} INFO - Setting next_dagrun for latest_only_with_trigger to 2024-09-09 12:00:00+00:00, run_after=2024-09-09 16:00:00+00:00
[2024-09-10T01:39:50.579+0800] {processor.py:208} INFO - Processing /Users/erniesg/.pyenv/versions/3.12.5/envs/letters_home/lib/python3.12/site-packages/airflow/example_dags/example_latest_only_with_trigger.py took 0.054 seconds
[2024-09-10T01:42:31.705+0800] {processor.py:186} INFO - Started process (PID=58253) to work on /Users/erniesg/.pyenv/versions/3.12.5/envs/letters_home/lib/python3.12/site-packages/airflow/example_dags/example_latest_only_with_trigger.py
[2024-09-10T01:42:31.705+0800] {processor.py:914} INFO - Processing file /Users/erniesg/.pyenv/versions/3.12.5/envs/letters_home/lib/python3.12/site-packages/airflow/example_dags/example_latest_only_with_trigger.py for tasks to queue
[2024-09-10T01:42:31.705+0800] {logging_mixin.py:190} INFO - [2024-09-10T01:42:31.705+0800] {dagbag.py:587} INFO - Filling up the DagBag from /Users/erniesg/.pyenv/versions/3.12.5/envs/letters_home/lib/python3.12/site-packages/airflow/example_dags/example_latest_only_with_trigger.py
[2024-09-10T01:42:31.708+0800] {processor.py:925} INFO - DAG(s) 'latest_only_with_trigger' retrieved from /Users/erniesg/.pyenv/versions/3.12.5/envs/letters_home/lib/python3.12/site-packages/airflow/example_dags/example_latest_only_with_trigger.py
[2024-09-10T01:42:31.745+0800] {logging_mixin.py:190} INFO - [2024-09-10T01:42:31.745+0800] {dag.py:3229} INFO - Sync 1 DAGs
[2024-09-10T01:42:31.752+0800] {logging_mixin.py:190} INFO - [2024-09-10T01:42:31.751+0800] {dag.py:4156} INFO - Setting next_dagrun for latest_only_with_trigger to 2024-09-09 12:00:00+00:00, run_after=2024-09-09 16:00:00+00:00
[2024-09-10T01:42:31.758+0800] {processor.py:208} INFO - Processing /Users/erniesg/.pyenv/versions/3.12.5/envs/letters_home/lib/python3.12/site-packages/airflow/example_dags/example_latest_only_with_trigger.py took 0.054 seconds
[2024-09-10T01:59:35.660+0800] {processor.py:186} INFO - Started process (PID=67517) to work on /Users/erniesg/.pyenv/versions/3.12.5/envs/letters_home/lib/python3.12/site-packages/airflow/example_dags/example_latest_only_with_trigger.py
[2024-09-10T01:59:35.660+0800] {processor.py:914} INFO - Processing file /Users/erniesg/.pyenv/versions/3.12.5/envs/letters_home/lib/python3.12/site-packages/airflow/example_dags/example_latest_only_with_trigger.py for tasks to queue
[2024-09-10T01:59:35.660+0800] {logging_mixin.py:190} INFO - [2024-09-10T01:59:35.660+0800] {dagbag.py:587} INFO - Filling up the DagBag from /Users/erniesg/.pyenv/versions/3.12.5/envs/letters_home/lib/python3.12/site-packages/airflow/example_dags/example_latest_only_with_trigger.py
[2024-09-10T01:59:35.663+0800] {processor.py:925} INFO - DAG(s) 'latest_only_with_trigger' retrieved from /Users/erniesg/.pyenv/versions/3.12.5/envs/letters_home/lib/python3.12/site-packages/airflow/example_dags/example_latest_only_with_trigger.py
[2024-09-10T01:59:35.700+0800] {logging_mixin.py:190} INFO - [2024-09-10T01:59:35.700+0800] {dag.py:3229} INFO - Sync 1 DAGs
[2024-09-10T01:59:35.707+0800] {logging_mixin.py:190} INFO - [2024-09-10T01:59:35.707+0800] {dag.py:4156} INFO - Setting next_dagrun for latest_only_with_trigger to 2024-09-09 12:00:00+00:00, run_after=2024-09-09 16:00:00+00:00
[2024-09-10T01:59:35.714+0800] {processor.py:208} INFO - Processing /Users/erniesg/.pyenv/versions/3.12.5/envs/letters_home/lib/python3.12/site-packages/airflow/example_dags/example_latest_only_with_trigger.py took 0.055 seconds
[2024-09-10T02:01:56.651+0800] {processor.py:186} INFO - Started process (PID=67933) to work on /Users/erniesg/.pyenv/versions/3.12.5/envs/letters_home/lib/python3.12/site-packages/airflow/example_dags/example_latest_only_with_trigger.py
[2024-09-10T02:01:56.651+0800] {processor.py:914} INFO - Processing file /Users/erniesg/.pyenv/versions/3.12.5/envs/letters_home/lib/python3.12/site-packages/airflow/example_dags/example_latest_only_with_trigger.py for tasks to queue
[2024-09-10T02:01:56.652+0800] {logging_mixin.py:190} INFO - [2024-09-10T02:01:56.652+0800] {dagbag.py:587} INFO - Filling up the DagBag from /Users/erniesg/.pyenv/versions/3.12.5/envs/letters_home/lib/python3.12/site-packages/airflow/example_dags/example_latest_only_with_trigger.py
[2024-09-10T02:01:56.655+0800] {processor.py:925} INFO - DAG(s) 'latest_only_with_trigger' retrieved from /Users/erniesg/.pyenv/versions/3.12.5/envs/letters_home/lib/python3.12/site-packages/airflow/example_dags/example_latest_only_with_trigger.py
[2024-09-10T02:01:56.696+0800] {logging_mixin.py:190} INFO - [2024-09-10T02:01:56.696+0800] {dag.py:3229} INFO - Sync 1 DAGs
[2024-09-10T02:01:56.703+0800] {logging_mixin.py:190} INFO - [2024-09-10T02:01:56.702+0800] {dag.py:4156} INFO - Setting next_dagrun for latest_only_with_trigger to 2024-09-09 12:00:00+00:00, run_after=2024-09-09 16:00:00+00:00
[2024-09-10T02:01:56.710+0800] {processor.py:208} INFO - Processing /Users/erniesg/.pyenv/versions/3.12.5/envs/letters_home/lib/python3.12/site-packages/airflow/example_dags/example_latest_only_with_trigger.py took 0.061 seconds
[2024-09-10T02:04:41.576+0800] {processor.py:186} INFO - Started process (PID=68124) to work on /Users/erniesg/.pyenv/versions/3.12.5/envs/letters_home/lib/python3.12/site-packages/airflow/example_dags/example_latest_only_with_trigger.py
[2024-09-10T02:04:41.576+0800] {processor.py:914} INFO - Processing file /Users/erniesg/.pyenv/versions/3.12.5/envs/letters_home/lib/python3.12/site-packages/airflow/example_dags/example_latest_only_with_trigger.py for tasks to queue
[2024-09-10T02:04:41.577+0800] {logging_mixin.py:190} INFO - [2024-09-10T02:04:41.577+0800] {dagbag.py:587} INFO - Filling up the DagBag from /Users/erniesg/.pyenv/versions/3.12.5/envs/letters_home/lib/python3.12/site-packages/airflow/example_dags/example_latest_only_with_trigger.py
[2024-09-10T02:04:41.580+0800] {processor.py:925} INFO - DAG(s) 'latest_only_with_trigger' retrieved from /Users/erniesg/.pyenv/versions/3.12.5/envs/letters_home/lib/python3.12/site-packages/airflow/example_dags/example_latest_only_with_trigger.py
[2024-09-10T02:04:41.618+0800] {logging_mixin.py:190} INFO - [2024-09-10T02:04:41.617+0800] {dag.py:3229} INFO - Sync 1 DAGs
[2024-09-10T02:04:41.625+0800] {logging_mixin.py:190} INFO - [2024-09-10T02:04:41.625+0800] {dag.py:4156} INFO - Setting next_dagrun for latest_only_with_trigger to 2024-09-09 12:00:00+00:00, run_after=2024-09-09 16:00:00+00:00
[2024-09-10T02:04:41.632+0800] {processor.py:208} INFO - Processing /Users/erniesg/.pyenv/versions/3.12.5/envs/letters_home/lib/python3.12/site-packages/airflow/example_dags/example_latest_only_with_trigger.py took 0.057 seconds
[2024-09-10T02:07:40.215+0800] {processor.py:186} INFO - Started process (PID=68427) to work on /Users/erniesg/.pyenv/versions/3.12.5/envs/letters_home/lib/python3.12/site-packages/airflow/example_dags/example_latest_only_with_trigger.py
[2024-09-10T02:07:40.215+0800] {processor.py:914} INFO - Processing file /Users/erniesg/.pyenv/versions/3.12.5/envs/letters_home/lib/python3.12/site-packages/airflow/example_dags/example_latest_only_with_trigger.py for tasks to queue
[2024-09-10T02:07:40.216+0800] {logging_mixin.py:190} INFO - [2024-09-10T02:07:40.216+0800] {dagbag.py:587} INFO - Filling up the DagBag from /Users/erniesg/.pyenv/versions/3.12.5/envs/letters_home/lib/python3.12/site-packages/airflow/example_dags/example_latest_only_with_trigger.py
[2024-09-10T02:07:40.219+0800] {processor.py:925} INFO - DAG(s) 'latest_only_with_trigger' retrieved from /Users/erniesg/.pyenv/versions/3.12.5/envs/letters_home/lib/python3.12/site-packages/airflow/example_dags/example_latest_only_with_trigger.py
[2024-09-10T02:07:40.255+0800] {logging_mixin.py:190} INFO - [2024-09-10T02:07:40.255+0800] {dag.py:3229} INFO - Sync 1 DAGs
[2024-09-10T02:07:40.262+0800] {logging_mixin.py:190} INFO - [2024-09-10T02:07:40.262+0800] {dag.py:4156} INFO - Setting next_dagrun for latest_only_with_trigger to 2024-09-09 12:00:00+00:00, run_after=2024-09-09 16:00:00+00:00
[2024-09-10T02:07:40.270+0800] {processor.py:208} INFO - Processing /Users/erniesg/.pyenv/versions/3.12.5/envs/letters_home/lib/python3.12/site-packages/airflow/example_dags/example_latest_only_with_trigger.py took 0.056 seconds
[2024-09-10T02:13:05.197+0800] {processor.py:186} INFO - Started process (PID=69290) to work on /Users/erniesg/.pyenv/versions/3.12.5/envs/letters_home/lib/python3.12/site-packages/airflow/example_dags/example_latest_only_with_trigger.py
[2024-09-10T02:13:05.198+0800] {processor.py:914} INFO - Processing file /Users/erniesg/.pyenv/versions/3.12.5/envs/letters_home/lib/python3.12/site-packages/airflow/example_dags/example_latest_only_with_trigger.py for tasks to queue
[2024-09-10T02:13:05.198+0800] {logging_mixin.py:190} INFO - [2024-09-10T02:13:05.198+0800] {dagbag.py:587} INFO - Filling up the DagBag from /Users/erniesg/.pyenv/versions/3.12.5/envs/letters_home/lib/python3.12/site-packages/airflow/example_dags/example_latest_only_with_trigger.py
[2024-09-10T02:13:05.201+0800] {processor.py:925} INFO - DAG(s) 'latest_only_with_trigger' retrieved from /Users/erniesg/.pyenv/versions/3.12.5/envs/letters_home/lib/python3.12/site-packages/airflow/example_dags/example_latest_only_with_trigger.py
[2024-09-10T02:13:05.237+0800] {logging_mixin.py:190} INFO - [2024-09-10T02:13:05.237+0800] {dag.py:3229} INFO - Sync 1 DAGs
[2024-09-10T02:13:05.244+0800] {logging_mixin.py:190} INFO - [2024-09-10T02:13:05.244+0800] {dag.py:4156} INFO - Setting next_dagrun for latest_only_with_trigger to 2024-09-09 12:00:00+00:00, run_after=2024-09-09 16:00:00+00:00
[2024-09-10T02:13:05.251+0800] {processor.py:208} INFO - Processing /Users/erniesg/.pyenv/versions/3.12.5/envs/letters_home/lib/python3.12/site-packages/airflow/example_dags/example_latest_only_with_trigger.py took 0.055 seconds
[2024-09-10T02:16:28.343+0800] {processor.py:186} INFO - Started process (PID=69747) to work on /Users/erniesg/.pyenv/versions/3.12.5/envs/letters_home/lib/python3.12/site-packages/airflow/example_dags/example_latest_only_with_trigger.py
[2024-09-10T02:16:28.344+0800] {processor.py:914} INFO - Processing file /Users/erniesg/.pyenv/versions/3.12.5/envs/letters_home/lib/python3.12/site-packages/airflow/example_dags/example_latest_only_with_trigger.py for tasks to queue
[2024-09-10T02:16:28.344+0800] {logging_mixin.py:190} INFO - [2024-09-10T02:16:28.344+0800] {dagbag.py:587} INFO - Filling up the DagBag from /Users/erniesg/.pyenv/versions/3.12.5/envs/letters_home/lib/python3.12/site-packages/airflow/example_dags/example_latest_only_with_trigger.py
[2024-09-10T02:16:28.347+0800] {processor.py:925} INFO - DAG(s) 'latest_only_with_trigger' retrieved from /Users/erniesg/.pyenv/versions/3.12.5/envs/letters_home/lib/python3.12/site-packages/airflow/example_dags/example_latest_only_with_trigger.py
[2024-09-10T02:16:28.384+0800] {logging_mixin.py:190} INFO - [2024-09-10T02:16:28.384+0800] {dag.py:3229} INFO - Sync 1 DAGs
[2024-09-10T02:16:28.392+0800] {logging_mixin.py:190} INFO - [2024-09-10T02:16:28.392+0800] {dag.py:4156} INFO - Setting next_dagrun for latest_only_with_trigger to 2024-09-09 12:00:00+00:00, run_after=2024-09-09 16:00:00+00:00
[2024-09-10T02:16:28.399+0800] {processor.py:208} INFO - Processing /Users/erniesg/.pyenv/versions/3.12.5/envs/letters_home/lib/python3.12/site-packages/airflow/example_dags/example_latest_only_with_trigger.py took 0.057 seconds
[2024-09-10T02:18:23.193+0800] {processor.py:186} INFO - Started process (PID=69907) to work on /Users/erniesg/.pyenv/versions/3.12.5/envs/letters_home/lib/python3.12/site-packages/airflow/example_dags/example_latest_only_with_trigger.py
[2024-09-10T02:18:23.193+0800] {processor.py:914} INFO - Processing file /Users/erniesg/.pyenv/versions/3.12.5/envs/letters_home/lib/python3.12/site-packages/airflow/example_dags/example_latest_only_with_trigger.py for tasks to queue
[2024-09-10T02:18:23.194+0800] {logging_mixin.py:190} INFO - [2024-09-10T02:18:23.194+0800] {dagbag.py:587} INFO - Filling up the DagBag from /Users/erniesg/.pyenv/versions/3.12.5/envs/letters_home/lib/python3.12/site-packages/airflow/example_dags/example_latest_only_with_trigger.py
[2024-09-10T02:18:23.196+0800] {processor.py:925} INFO - DAG(s) 'latest_only_with_trigger' retrieved from /Users/erniesg/.pyenv/versions/3.12.5/envs/letters_home/lib/python3.12/site-packages/airflow/example_dags/example_latest_only_with_trigger.py
[2024-09-10T02:18:23.237+0800] {logging_mixin.py:190} INFO - [2024-09-10T02:18:23.237+0800] {dag.py:3229} INFO - Sync 1 DAGs
[2024-09-10T02:18:23.244+0800] {logging_mixin.py:190} INFO - [2024-09-10T02:18:23.244+0800] {dag.py:4156} INFO - Setting next_dagrun for latest_only_with_trigger to 2024-09-09 12:00:00+00:00, run_after=2024-09-09 16:00:00+00:00
[2024-09-10T02:18:23.251+0800] {processor.py:208} INFO - Processing /Users/erniesg/.pyenv/versions/3.12.5/envs/letters_home/lib/python3.12/site-packages/airflow/example_dags/example_latest_only_with_trigger.py took 0.060 seconds
