[2024-09-10T01:37:35.269+0800] {processor.py:186} INFO - Started process (PID=57554) to work on /Users/erniesg/.pyenv/versions/3.12.5/envs/letters_home/lib/python3.12/site-packages/airflow/example_dags/example_short_circuit_operator.py
[2024-09-10T01:37:35.270+0800] {processor.py:914} INFO - Processing file /Users/erniesg/.pyenv/versions/3.12.5/envs/letters_home/lib/python3.12/site-packages/airflow/example_dags/example_short_circuit_operator.py for tasks to queue
[2024-09-10T01:37:35.270+0800] {logging_mixin.py:190} INFO - [2024-09-10T01:37:35.270+0800] {dagbag.py:587} INFO - Filling up the DagBag from /Users/erniesg/.pyenv/versions/3.12.5/envs/letters_home/lib/python3.12/site-packages/airflow/example_dags/example_short_circuit_operator.py
[2024-09-10T01:37:35.281+0800] {processor.py:925} INFO - DAG(s) 'example_short_circuit_operator' retrieved from /Users/erniesg/.pyenv/versions/3.12.5/envs/letters_home/lib/python3.12/site-packages/airflow/example_dags/example_short_circuit_operator.py
[2024-09-10T01:37:35.350+0800] {logging_mixin.py:190} INFO - [2024-09-10T01:37:35.350+0800] {override.py:1900} INFO - Created Permission View: can delete on DAG:example_short_circuit_operator
[2024-09-10T01:37:35.353+0800] {logging_mixin.py:190} INFO - [2024-09-10T01:37:35.353+0800] {override.py:1900} INFO - Created Permission View: can read on DAG:example_short_circuit_operator
[2024-09-10T01:37:35.355+0800] {logging_mixin.py:190} INFO - [2024-09-10T01:37:35.355+0800] {override.py:1900} INFO - Created Permission View: can edit on DAG:example_short_circuit_operator
[2024-09-10T01:37:35.358+0800] {logging_mixin.py:190} INFO - [2024-09-10T01:37:35.358+0800] {override.py:1900} INFO - Created Permission View: can delete on DAG Run:example_short_circuit_operator
[2024-09-10T01:37:35.360+0800] {logging_mixin.py:190} INFO - [2024-09-10T01:37:35.360+0800] {override.py:1900} INFO - Created Permission View: menu access on DAG Run:example_short_circuit_operator
[2024-09-10T01:37:35.362+0800] {logging_mixin.py:190} INFO - [2024-09-10T01:37:35.362+0800] {override.py:1900} INFO - Created Permission View: can create on DAG Run:example_short_circuit_operator
[2024-09-10T01:37:35.364+0800] {logging_mixin.py:190} INFO - [2024-09-10T01:37:35.364+0800] {override.py:1900} INFO - Created Permission View: can read on DAG Run:example_short_circuit_operator
[2024-09-10T01:37:35.364+0800] {logging_mixin.py:190} INFO - [2024-09-10T01:37:35.364+0800] {dag.py:3229} INFO - Sync 1 DAGs
[2024-09-10T01:37:35.369+0800] {logging_mixin.py:190} INFO - [2024-09-10T01:37:35.369+0800] {dag.py:3252} INFO - Creating ORM DAG for example_short_circuit_operator
[2024-09-10T01:37:35.369+0800] {logging_mixin.py:190} INFO - [2024-09-10T01:37:35.369+0800] {dag.py:4156} INFO - Setting next_dagrun for example_short_circuit_operator to None, run_after=None
[2024-09-10T01:37:35.375+0800] {processor.py:208} INFO - Processing /Users/erniesg/.pyenv/versions/3.12.5/envs/letters_home/lib/python3.12/site-packages/airflow/example_dags/example_short_circuit_operator.py took 0.106 seconds
[2024-09-10T01:39:24.808+0800] {processor.py:186} INFO - Started process (PID=58082) to work on /Users/erniesg/.pyenv/versions/3.12.5/envs/letters_home/lib/python3.12/site-packages/airflow/example_dags/example_short_circuit_operator.py
[2024-09-10T01:39:24.808+0800] {processor.py:914} INFO - Processing file /Users/erniesg/.pyenv/versions/3.12.5/envs/letters_home/lib/python3.12/site-packages/airflow/example_dags/example_short_circuit_operator.py for tasks to queue
[2024-09-10T01:39:24.809+0800] {logging_mixin.py:190} INFO - [2024-09-10T01:39:24.809+0800] {dagbag.py:587} INFO - Filling up the DagBag from /Users/erniesg/.pyenv/versions/3.12.5/envs/letters_home/lib/python3.12/site-packages/airflow/example_dags/example_short_circuit_operator.py
[2024-09-10T01:39:24.820+0800] {processor.py:925} INFO - DAG(s) 'example_short_circuit_operator' retrieved from /Users/erniesg/.pyenv/versions/3.12.5/envs/letters_home/lib/python3.12/site-packages/airflow/example_dags/example_short_circuit_operator.py
[2024-09-10T01:39:24.859+0800] {logging_mixin.py:190} INFO - [2024-09-10T01:39:24.859+0800] {dag.py:3229} INFO - Sync 1 DAGs
[2024-09-10T01:39:24.864+0800] {logging_mixin.py:190} INFO - [2024-09-10T01:39:24.863+0800] {dag.py:4156} INFO - Setting next_dagrun for example_short_circuit_operator to None, run_after=None
[2024-09-10T01:39:24.871+0800] {processor.py:208} INFO - Processing /Users/erniesg/.pyenv/versions/3.12.5/envs/letters_home/lib/python3.12/site-packages/airflow/example_dags/example_short_circuit_operator.py took 0.064 seconds
[2024-09-10T01:40:44.382+0800] {processor.py:186} INFO - Started process (PID=58157) to work on /Users/erniesg/.pyenv/versions/3.12.5/envs/letters_home/lib/python3.12/site-packages/airflow/example_dags/example_short_circuit_operator.py
[2024-09-10T01:40:44.382+0800] {processor.py:914} INFO - Processing file /Users/erniesg/.pyenv/versions/3.12.5/envs/letters_home/lib/python3.12/site-packages/airflow/example_dags/example_short_circuit_operator.py for tasks to queue
[2024-09-10T01:40:44.382+0800] {logging_mixin.py:190} INFO - [2024-09-10T01:40:44.382+0800] {dagbag.py:587} INFO - Filling up the DagBag from /Users/erniesg/.pyenv/versions/3.12.5/envs/letters_home/lib/python3.12/site-packages/airflow/example_dags/example_short_circuit_operator.py
[2024-09-10T01:40:44.393+0800] {processor.py:925} INFO - DAG(s) 'example_short_circuit_operator' retrieved from /Users/erniesg/.pyenv/versions/3.12.5/envs/letters_home/lib/python3.12/site-packages/airflow/example_dags/example_short_circuit_operator.py
[2024-09-10T01:40:44.429+0800] {logging_mixin.py:190} INFO - [2024-09-10T01:40:44.429+0800] {dag.py:3229} INFO - Sync 1 DAGs
[2024-09-10T01:40:44.433+0800] {logging_mixin.py:190} INFO - [2024-09-10T01:40:44.433+0800] {dag.py:4156} INFO - Setting next_dagrun for example_short_circuit_operator to None, run_after=None
[2024-09-10T01:40:44.440+0800] {processor.py:208} INFO - Processing /Users/erniesg/.pyenv/versions/3.12.5/envs/letters_home/lib/python3.12/site-packages/airflow/example_dags/example_short_circuit_operator.py took 0.059 seconds
[2024-09-10T01:42:04.016+0800] {processor.py:186} INFO - Started process (PID=58219) to work on /Users/erniesg/.pyenv/versions/3.12.5/envs/letters_home/lib/python3.12/site-packages/airflow/example_dags/example_short_circuit_operator.py
[2024-09-10T01:42:04.016+0800] {processor.py:914} INFO - Processing file /Users/erniesg/.pyenv/versions/3.12.5/envs/letters_home/lib/python3.12/site-packages/airflow/example_dags/example_short_circuit_operator.py for tasks to queue
[2024-09-10T01:42:04.016+0800] {logging_mixin.py:190} INFO - [2024-09-10T01:42:04.016+0800] {dagbag.py:587} INFO - Filling up the DagBag from /Users/erniesg/.pyenv/versions/3.12.5/envs/letters_home/lib/python3.12/site-packages/airflow/example_dags/example_short_circuit_operator.py
[2024-09-10T01:42:04.028+0800] {processor.py:925} INFO - DAG(s) 'example_short_circuit_operator' retrieved from /Users/erniesg/.pyenv/versions/3.12.5/envs/letters_home/lib/python3.12/site-packages/airflow/example_dags/example_short_circuit_operator.py
[2024-09-10T01:42:04.068+0800] {logging_mixin.py:190} INFO - [2024-09-10T01:42:04.068+0800] {dag.py:3229} INFO - Sync 1 DAGs
[2024-09-10T01:42:04.072+0800] {logging_mixin.py:190} INFO - [2024-09-10T01:42:04.072+0800] {dag.py:4156} INFO - Setting next_dagrun for example_short_circuit_operator to None, run_after=None
[2024-09-10T01:42:04.080+0800] {processor.py:208} INFO - Processing /Users/erniesg/.pyenv/versions/3.12.5/envs/letters_home/lib/python3.12/site-packages/airflow/example_dags/example_short_circuit_operator.py took 0.066 seconds
[2024-09-10T01:43:27.504+0800] {processor.py:186} INFO - Started process (PID=58710) to work on /Users/erniesg/.pyenv/versions/3.12.5/envs/letters_home/lib/python3.12/site-packages/airflow/example_dags/example_short_circuit_operator.py
[2024-09-10T01:43:27.505+0800] {processor.py:914} INFO - Processing file /Users/erniesg/.pyenv/versions/3.12.5/envs/letters_home/lib/python3.12/site-packages/airflow/example_dags/example_short_circuit_operator.py for tasks to queue
[2024-09-10T01:43:27.505+0800] {logging_mixin.py:190} INFO - [2024-09-10T01:43:27.505+0800] {dagbag.py:587} INFO - Filling up the DagBag from /Users/erniesg/.pyenv/versions/3.12.5/envs/letters_home/lib/python3.12/site-packages/airflow/example_dags/example_short_circuit_operator.py
[2024-09-10T01:43:27.515+0800] {processor.py:925} INFO - DAG(s) 'example_short_circuit_operator' retrieved from /Users/erniesg/.pyenv/versions/3.12.5/envs/letters_home/lib/python3.12/site-packages/airflow/example_dags/example_short_circuit_operator.py
[2024-09-10T01:43:27.552+0800] {logging_mixin.py:190} INFO - [2024-09-10T01:43:27.552+0800] {dag.py:3229} INFO - Sync 1 DAGs
[2024-09-10T01:43:27.556+0800] {logging_mixin.py:190} INFO - [2024-09-10T01:43:27.556+0800] {dag.py:4156} INFO - Setting next_dagrun for example_short_circuit_operator to None, run_after=None
[2024-09-10T01:43:27.565+0800] {processor.py:208} INFO - Processing /Users/erniesg/.pyenv/versions/3.12.5/envs/letters_home/lib/python3.12/site-packages/airflow/example_dags/example_short_circuit_operator.py took 0.062 seconds
[2024-09-10T01:59:06.406+0800] {processor.py:186} INFO - Started process (PID=67472) to work on /Users/erniesg/.pyenv/versions/3.12.5/envs/letters_home/lib/python3.12/site-packages/airflow/example_dags/example_short_circuit_operator.py
[2024-09-10T01:59:06.406+0800] {processor.py:914} INFO - Processing file /Users/erniesg/.pyenv/versions/3.12.5/envs/letters_home/lib/python3.12/site-packages/airflow/example_dags/example_short_circuit_operator.py for tasks to queue
[2024-09-10T01:59:06.407+0800] {logging_mixin.py:190} INFO - [2024-09-10T01:59:06.407+0800] {dagbag.py:587} INFO - Filling up the DagBag from /Users/erniesg/.pyenv/versions/3.12.5/envs/letters_home/lib/python3.12/site-packages/airflow/example_dags/example_short_circuit_operator.py
[2024-09-10T01:59:06.418+0800] {processor.py:925} INFO - DAG(s) 'example_short_circuit_operator' retrieved from /Users/erniesg/.pyenv/versions/3.12.5/envs/letters_home/lib/python3.12/site-packages/airflow/example_dags/example_short_circuit_operator.py
[2024-09-10T01:59:06.454+0800] {logging_mixin.py:190} INFO - [2024-09-10T01:59:06.454+0800] {dag.py:3229} INFO - Sync 1 DAGs
[2024-09-10T01:59:06.458+0800] {logging_mixin.py:190} INFO - [2024-09-10T01:59:06.458+0800] {dag.py:4156} INFO - Setting next_dagrun for example_short_circuit_operator to None, run_after=None
[2024-09-10T01:59:06.465+0800] {processor.py:208} INFO - Processing /Users/erniesg/.pyenv/versions/3.12.5/envs/letters_home/lib/python3.12/site-packages/airflow/example_dags/example_short_circuit_operator.py took 0.060 seconds
[2024-09-10T02:01:30.007+0800] {processor.py:186} INFO - Started process (PID=67906) to work on /Users/erniesg/.pyenv/versions/3.12.5/envs/letters_home/lib/python3.12/site-packages/airflow/example_dags/example_short_circuit_operator.py
[2024-09-10T02:01:30.008+0800] {processor.py:914} INFO - Processing file /Users/erniesg/.pyenv/versions/3.12.5/envs/letters_home/lib/python3.12/site-packages/airflow/example_dags/example_short_circuit_operator.py for tasks to queue
[2024-09-10T02:01:30.008+0800] {logging_mixin.py:190} INFO - [2024-09-10T02:01:30.008+0800] {dagbag.py:587} INFO - Filling up the DagBag from /Users/erniesg/.pyenv/versions/3.12.5/envs/letters_home/lib/python3.12/site-packages/airflow/example_dags/example_short_circuit_operator.py
[2024-09-10T02:01:30.018+0800] {processor.py:925} INFO - DAG(s) 'example_short_circuit_operator' retrieved from /Users/erniesg/.pyenv/versions/3.12.5/envs/letters_home/lib/python3.12/site-packages/airflow/example_dags/example_short_circuit_operator.py
[2024-09-10T02:01:30.054+0800] {logging_mixin.py:190} INFO - [2024-09-10T02:01:30.054+0800] {dag.py:3229} INFO - Sync 1 DAGs
[2024-09-10T02:01:30.058+0800] {logging_mixin.py:190} INFO - [2024-09-10T02:01:30.058+0800] {dag.py:4156} INFO - Setting next_dagrun for example_short_circuit_operator to None, run_after=None
[2024-09-10T02:01:30.064+0800] {processor.py:208} INFO - Processing /Users/erniesg/.pyenv/versions/3.12.5/envs/letters_home/lib/python3.12/site-packages/airflow/example_dags/example_short_circuit_operator.py took 0.058 seconds
[2024-09-10T02:02:49.765+0800] {processor.py:186} INFO - Started process (PID=67998) to work on /Users/erniesg/.pyenv/versions/3.12.5/envs/letters_home/lib/python3.12/site-packages/airflow/example_dags/example_short_circuit_operator.py
[2024-09-10T02:02:49.765+0800] {processor.py:914} INFO - Processing file /Users/erniesg/.pyenv/versions/3.12.5/envs/letters_home/lib/python3.12/site-packages/airflow/example_dags/example_short_circuit_operator.py for tasks to queue
[2024-09-10T02:02:49.766+0800] {logging_mixin.py:190} INFO - [2024-09-10T02:02:49.766+0800] {dagbag.py:587} INFO - Filling up the DagBag from /Users/erniesg/.pyenv/versions/3.12.5/envs/letters_home/lib/python3.12/site-packages/airflow/example_dags/example_short_circuit_operator.py
[2024-09-10T02:02:49.776+0800] {processor.py:925} INFO - DAG(s) 'example_short_circuit_operator' retrieved from /Users/erniesg/.pyenv/versions/3.12.5/envs/letters_home/lib/python3.12/site-packages/airflow/example_dags/example_short_circuit_operator.py
[2024-09-10T02:02:49.812+0800] {logging_mixin.py:190} INFO - [2024-09-10T02:02:49.812+0800] {dag.py:3229} INFO - Sync 1 DAGs
[2024-09-10T02:02:49.816+0800] {logging_mixin.py:190} INFO - [2024-09-10T02:02:49.815+0800] {dag.py:4156} INFO - Setting next_dagrun for example_short_circuit_operator to None, run_after=None
[2024-09-10T02:02:49.822+0800] {processor.py:208} INFO - Processing /Users/erniesg/.pyenv/versions/3.12.5/envs/letters_home/lib/python3.12/site-packages/airflow/example_dags/example_short_circuit_operator.py took 0.058 seconds
[2024-09-10T02:04:12.110+0800] {processor.py:186} INFO - Started process (PID=68093) to work on /Users/erniesg/.pyenv/versions/3.12.5/envs/letters_home/lib/python3.12/site-packages/airflow/example_dags/example_short_circuit_operator.py
[2024-09-10T02:04:12.111+0800] {processor.py:914} INFO - Processing file /Users/erniesg/.pyenv/versions/3.12.5/envs/letters_home/lib/python3.12/site-packages/airflow/example_dags/example_short_circuit_operator.py for tasks to queue
[2024-09-10T02:04:12.111+0800] {logging_mixin.py:190} INFO - [2024-09-10T02:04:12.111+0800] {dagbag.py:587} INFO - Filling up the DagBag from /Users/erniesg/.pyenv/versions/3.12.5/envs/letters_home/lib/python3.12/site-packages/airflow/example_dags/example_short_circuit_operator.py
[2024-09-10T02:04:12.122+0800] {processor.py:925} INFO - DAG(s) 'example_short_circuit_operator' retrieved from /Users/erniesg/.pyenv/versions/3.12.5/envs/letters_home/lib/python3.12/site-packages/airflow/example_dags/example_short_circuit_operator.py
[2024-09-10T02:04:12.161+0800] {logging_mixin.py:190} INFO - [2024-09-10T02:04:12.161+0800] {dag.py:3229} INFO - Sync 1 DAGs
[2024-09-10T02:04:12.165+0800] {logging_mixin.py:190} INFO - [2024-09-10T02:04:12.165+0800] {dag.py:4156} INFO - Setting next_dagrun for example_short_circuit_operator to None, run_after=None
[2024-09-10T02:04:12.172+0800] {processor.py:208} INFO - Processing /Users/erniesg/.pyenv/versions/3.12.5/envs/letters_home/lib/python3.12/site-packages/airflow/example_dags/example_short_circuit_operator.py took 0.063 seconds
[2024-09-10T02:05:48.108+0800] {processor.py:186} INFO - Started process (PID=68210) to work on /Users/erniesg/.pyenv/versions/3.12.5/envs/letters_home/lib/python3.12/site-packages/airflow/example_dags/example_short_circuit_operator.py
[2024-09-10T02:05:48.108+0800] {processor.py:914} INFO - Processing file /Users/erniesg/.pyenv/versions/3.12.5/envs/letters_home/lib/python3.12/site-packages/airflow/example_dags/example_short_circuit_operator.py for tasks to queue
[2024-09-10T02:05:48.109+0800] {logging_mixin.py:190} INFO - [2024-09-10T02:05:48.109+0800] {dagbag.py:587} INFO - Filling up the DagBag from /Users/erniesg/.pyenv/versions/3.12.5/envs/letters_home/lib/python3.12/site-packages/airflow/example_dags/example_short_circuit_operator.py
[2024-09-10T02:05:48.120+0800] {processor.py:925} INFO - DAG(s) 'example_short_circuit_operator' retrieved from /Users/erniesg/.pyenv/versions/3.12.5/envs/letters_home/lib/python3.12/site-packages/airflow/example_dags/example_short_circuit_operator.py
[2024-09-10T02:05:48.159+0800] {logging_mixin.py:190} INFO - [2024-09-10T02:05:48.159+0800] {dag.py:3229} INFO - Sync 1 DAGs
[2024-09-10T02:05:48.163+0800] {logging_mixin.py:190} INFO - [2024-09-10T02:05:48.163+0800] {dag.py:4156} INFO - Setting next_dagrun for example_short_circuit_operator to None, run_after=None
[2024-09-10T02:05:48.170+0800] {processor.py:208} INFO - Processing /Users/erniesg/.pyenv/versions/3.12.5/envs/letters_home/lib/python3.12/site-packages/airflow/example_dags/example_short_circuit_operator.py took 0.064 seconds
[2024-09-10T02:07:12.022+0800] {processor.py:186} INFO - Started process (PID=68395) to work on /Users/erniesg/.pyenv/versions/3.12.5/envs/letters_home/lib/python3.12/site-packages/airflow/example_dags/example_short_circuit_operator.py
[2024-09-10T02:07:12.022+0800] {processor.py:914} INFO - Processing file /Users/erniesg/.pyenv/versions/3.12.5/envs/letters_home/lib/python3.12/site-packages/airflow/example_dags/example_short_circuit_operator.py for tasks to queue
[2024-09-10T02:07:12.022+0800] {logging_mixin.py:190} INFO - [2024-09-10T02:07:12.022+0800] {dagbag.py:587} INFO - Filling up the DagBag from /Users/erniesg/.pyenv/versions/3.12.5/envs/letters_home/lib/python3.12/site-packages/airflow/example_dags/example_short_circuit_operator.py
[2024-09-10T02:07:12.033+0800] {processor.py:925} INFO - DAG(s) 'example_short_circuit_operator' retrieved from /Users/erniesg/.pyenv/versions/3.12.5/envs/letters_home/lib/python3.12/site-packages/airflow/example_dags/example_short_circuit_operator.py
[2024-09-10T02:07:12.068+0800] {logging_mixin.py:190} INFO - [2024-09-10T02:07:12.068+0800] {dag.py:3229} INFO - Sync 1 DAGs
[2024-09-10T02:07:12.072+0800] {logging_mixin.py:190} INFO - [2024-09-10T02:07:12.072+0800] {dag.py:4156} INFO - Setting next_dagrun for example_short_circuit_operator to None, run_after=None
[2024-09-10T02:07:12.080+0800] {processor.py:208} INFO - Processing /Users/erniesg/.pyenv/versions/3.12.5/envs/letters_home/lib/python3.12/site-packages/airflow/example_dags/example_short_circuit_operator.py took 0.059 seconds
[2024-09-10T02:08:33.429+0800] {processor.py:186} INFO - Started process (PID=68492) to work on /Users/erniesg/.pyenv/versions/3.12.5/envs/letters_home/lib/python3.12/site-packages/airflow/example_dags/example_short_circuit_operator.py
[2024-09-10T02:08:33.430+0800] {processor.py:914} INFO - Processing file /Users/erniesg/.pyenv/versions/3.12.5/envs/letters_home/lib/python3.12/site-packages/airflow/example_dags/example_short_circuit_operator.py for tasks to queue
[2024-09-10T02:08:33.430+0800] {logging_mixin.py:190} INFO - [2024-09-10T02:08:33.430+0800] {dagbag.py:587} INFO - Filling up the DagBag from /Users/erniesg/.pyenv/versions/3.12.5/envs/letters_home/lib/python3.12/site-packages/airflow/example_dags/example_short_circuit_operator.py
[2024-09-10T02:08:33.442+0800] {processor.py:925} INFO - DAG(s) 'example_short_circuit_operator' retrieved from /Users/erniesg/.pyenv/versions/3.12.5/envs/letters_home/lib/python3.12/site-packages/airflow/example_dags/example_short_circuit_operator.py
[2024-09-10T02:08:33.478+0800] {logging_mixin.py:190} INFO - [2024-09-10T02:08:33.477+0800] {dag.py:3229} INFO - Sync 1 DAGs
[2024-09-10T02:08:33.481+0800] {logging_mixin.py:190} INFO - [2024-09-10T02:08:33.481+0800] {dag.py:4156} INFO - Setting next_dagrun for example_short_circuit_operator to None, run_after=None
[2024-09-10T02:08:33.488+0800] {processor.py:208} INFO - Processing /Users/erniesg/.pyenv/versions/3.12.5/envs/letters_home/lib/python3.12/site-packages/airflow/example_dags/example_short_circuit_operator.py took 0.060 seconds
[2024-09-10T02:09:57.663+0800] {processor.py:186} INFO - Started process (PID=68604) to work on /Users/erniesg/.pyenv/versions/3.12.5/envs/letters_home/lib/python3.12/site-packages/airflow/example_dags/example_short_circuit_operator.py
[2024-09-10T02:09:57.663+0800] {processor.py:914} INFO - Processing file /Users/erniesg/.pyenv/versions/3.12.5/envs/letters_home/lib/python3.12/site-packages/airflow/example_dags/example_short_circuit_operator.py for tasks to queue
[2024-09-10T02:09:57.664+0800] {logging_mixin.py:190} INFO - [2024-09-10T02:09:57.663+0800] {dagbag.py:587} INFO - Filling up the DagBag from /Users/erniesg/.pyenv/versions/3.12.5/envs/letters_home/lib/python3.12/site-packages/airflow/example_dags/example_short_circuit_operator.py
[2024-09-10T02:09:57.674+0800] {processor.py:925} INFO - DAG(s) 'example_short_circuit_operator' retrieved from /Users/erniesg/.pyenv/versions/3.12.5/envs/letters_home/lib/python3.12/site-packages/airflow/example_dags/example_short_circuit_operator.py
[2024-09-10T02:09:57.710+0800] {logging_mixin.py:190} INFO - [2024-09-10T02:09:57.710+0800] {dag.py:3229} INFO - Sync 1 DAGs
[2024-09-10T02:09:57.713+0800] {logging_mixin.py:190} INFO - [2024-09-10T02:09:57.713+0800] {dag.py:4156} INFO - Setting next_dagrun for example_short_circuit_operator to None, run_after=None
[2024-09-10T02:09:57.720+0800] {processor.py:208} INFO - Processing /Users/erniesg/.pyenv/versions/3.12.5/envs/letters_home/lib/python3.12/site-packages/airflow/example_dags/example_short_circuit_operator.py took 0.058 seconds
[2024-09-10T02:12:37.920+0800] {processor.py:186} INFO - Started process (PID=69267) to work on /Users/erniesg/.pyenv/versions/3.12.5/envs/letters_home/lib/python3.12/site-packages/airflow/example_dags/example_short_circuit_operator.py
[2024-09-10T02:12:37.921+0800] {processor.py:914} INFO - Processing file /Users/erniesg/.pyenv/versions/3.12.5/envs/letters_home/lib/python3.12/site-packages/airflow/example_dags/example_short_circuit_operator.py for tasks to queue
[2024-09-10T02:12:37.921+0800] {logging_mixin.py:190} INFO - [2024-09-10T02:12:37.921+0800] {dagbag.py:587} INFO - Filling up the DagBag from /Users/erniesg/.pyenv/versions/3.12.5/envs/letters_home/lib/python3.12/site-packages/airflow/example_dags/example_short_circuit_operator.py
[2024-09-10T02:12:37.933+0800] {processor.py:925} INFO - DAG(s) 'example_short_circuit_operator' retrieved from /Users/erniesg/.pyenv/versions/3.12.5/envs/letters_home/lib/python3.12/site-packages/airflow/example_dags/example_short_circuit_operator.py
[2024-09-10T02:12:37.974+0800] {logging_mixin.py:190} INFO - [2024-09-10T02:12:37.974+0800] {dag.py:3229} INFO - Sync 1 DAGs
[2024-09-10T02:12:37.978+0800] {logging_mixin.py:190} INFO - [2024-09-10T02:12:37.978+0800] {dag.py:4156} INFO - Setting next_dagrun for example_short_circuit_operator to None, run_after=None
[2024-09-10T02:12:37.986+0800] {processor.py:208} INFO - Processing /Users/erniesg/.pyenv/versions/3.12.5/envs/letters_home/lib/python3.12/site-packages/airflow/example_dags/example_short_circuit_operator.py took 0.066 seconds
[2024-09-10T02:14:31.357+0800] {processor.py:186} INFO - Started process (PID=69361) to work on /Users/erniesg/.pyenv/versions/3.12.5/envs/letters_home/lib/python3.12/site-packages/airflow/example_dags/example_short_circuit_operator.py
[2024-09-10T02:14:31.357+0800] {processor.py:914} INFO - Processing file /Users/erniesg/.pyenv/versions/3.12.5/envs/letters_home/lib/python3.12/site-packages/airflow/example_dags/example_short_circuit_operator.py for tasks to queue
[2024-09-10T02:14:31.358+0800] {logging_mixin.py:190} INFO - [2024-09-10T02:14:31.358+0800] {dagbag.py:587} INFO - Filling up the DagBag from /Users/erniesg/.pyenv/versions/3.12.5/envs/letters_home/lib/python3.12/site-packages/airflow/example_dags/example_short_circuit_operator.py
[2024-09-10T02:14:31.369+0800] {processor.py:925} INFO - DAG(s) 'example_short_circuit_operator' retrieved from /Users/erniesg/.pyenv/versions/3.12.5/envs/letters_home/lib/python3.12/site-packages/airflow/example_dags/example_short_circuit_operator.py
[2024-09-10T02:14:31.409+0800] {logging_mixin.py:190} INFO - [2024-09-10T02:14:31.409+0800] {dag.py:3229} INFO - Sync 1 DAGs
[2024-09-10T02:14:31.413+0800] {logging_mixin.py:190} INFO - [2024-09-10T02:14:31.413+0800] {dag.py:4156} INFO - Setting next_dagrun for example_short_circuit_operator to None, run_after=None
[2024-09-10T02:14:31.420+0800] {processor.py:208} INFO - Processing /Users/erniesg/.pyenv/versions/3.12.5/envs/letters_home/lib/python3.12/site-packages/airflow/example_dags/example_short_circuit_operator.py took 0.064 seconds
[2024-09-10T02:15:59.876+0800] {processor.py:186} INFO - Started process (PID=69718) to work on /Users/erniesg/.pyenv/versions/3.12.5/envs/letters_home/lib/python3.12/site-packages/airflow/example_dags/example_short_circuit_operator.py
[2024-09-10T02:15:59.877+0800] {processor.py:914} INFO - Processing file /Users/erniesg/.pyenv/versions/3.12.5/envs/letters_home/lib/python3.12/site-packages/airflow/example_dags/example_short_circuit_operator.py for tasks to queue
[2024-09-10T02:15:59.877+0800] {logging_mixin.py:190} INFO - [2024-09-10T02:15:59.877+0800] {dagbag.py:587} INFO - Filling up the DagBag from /Users/erniesg/.pyenv/versions/3.12.5/envs/letters_home/lib/python3.12/site-packages/airflow/example_dags/example_short_circuit_operator.py
[2024-09-10T02:15:59.889+0800] {processor.py:925} INFO - DAG(s) 'example_short_circuit_operator' retrieved from /Users/erniesg/.pyenv/versions/3.12.5/envs/letters_home/lib/python3.12/site-packages/airflow/example_dags/example_short_circuit_operator.py
[2024-09-10T02:15:59.928+0800] {logging_mixin.py:190} INFO - [2024-09-10T02:15:59.928+0800] {dag.py:3229} INFO - Sync 1 DAGs
[2024-09-10T02:15:59.933+0800] {logging_mixin.py:190} INFO - [2024-09-10T02:15:59.932+0800] {dag.py:4156} INFO - Setting next_dagrun for example_short_circuit_operator to None, run_after=None
[2024-09-10T02:15:59.940+0800] {processor.py:208} INFO - Processing /Users/erniesg/.pyenv/versions/3.12.5/envs/letters_home/lib/python3.12/site-packages/airflow/example_dags/example_short_circuit_operator.py took 0.065 seconds
[2024-09-10T02:17:55.423+0800] {processor.py:186} INFO - Started process (PID=69850) to work on /Users/erniesg/.pyenv/versions/3.12.5/envs/letters_home/lib/python3.12/site-packages/airflow/example_dags/example_short_circuit_operator.py
[2024-09-10T02:17:55.424+0800] {processor.py:914} INFO - Processing file /Users/erniesg/.pyenv/versions/3.12.5/envs/letters_home/lib/python3.12/site-packages/airflow/example_dags/example_short_circuit_operator.py for tasks to queue
[2024-09-10T02:17:55.424+0800] {logging_mixin.py:190} INFO - [2024-09-10T02:17:55.424+0800] {dagbag.py:587} INFO - Filling up the DagBag from /Users/erniesg/.pyenv/versions/3.12.5/envs/letters_home/lib/python3.12/site-packages/airflow/example_dags/example_short_circuit_operator.py
[2024-09-10T02:17:55.436+0800] {processor.py:925} INFO - DAG(s) 'example_short_circuit_operator' retrieved from /Users/erniesg/.pyenv/versions/3.12.5/envs/letters_home/lib/python3.12/site-packages/airflow/example_dags/example_short_circuit_operator.py
[2024-09-10T02:17:55.475+0800] {logging_mixin.py:190} INFO - [2024-09-10T02:17:55.475+0800] {dag.py:3229} INFO - Sync 1 DAGs
[2024-09-10T02:17:55.479+0800] {logging_mixin.py:190} INFO - [2024-09-10T02:17:55.479+0800] {dag.py:4156} INFO - Setting next_dagrun for example_short_circuit_operator to None, run_after=None
[2024-09-10T02:17:55.486+0800] {processor.py:208} INFO - Processing /Users/erniesg/.pyenv/versions/3.12.5/envs/letters_home/lib/python3.12/site-packages/airflow/example_dags/example_short_circuit_operator.py took 0.064 seconds
[2024-09-10T02:19:18.387+0800] {processor.py:186} INFO - Started process (PID=70297) to work on /Users/erniesg/.pyenv/versions/3.12.5/envs/letters_home/lib/python3.12/site-packages/airflow/example_dags/example_short_circuit_operator.py
[2024-09-10T02:19:18.387+0800] {processor.py:914} INFO - Processing file /Users/erniesg/.pyenv/versions/3.12.5/envs/letters_home/lib/python3.12/site-packages/airflow/example_dags/example_short_circuit_operator.py for tasks to queue
[2024-09-10T02:19:18.388+0800] {logging_mixin.py:190} INFO - [2024-09-10T02:19:18.388+0800] {dagbag.py:587} INFO - Filling up the DagBag from /Users/erniesg/.pyenv/versions/3.12.5/envs/letters_home/lib/python3.12/site-packages/airflow/example_dags/example_short_circuit_operator.py
[2024-09-10T02:19:18.400+0800] {processor.py:925} INFO - DAG(s) 'example_short_circuit_operator' retrieved from /Users/erniesg/.pyenv/versions/3.12.5/envs/letters_home/lib/python3.12/site-packages/airflow/example_dags/example_short_circuit_operator.py
[2024-09-10T02:19:18.440+0800] {logging_mixin.py:190} INFO - [2024-09-10T02:19:18.440+0800] {dag.py:3229} INFO - Sync 1 DAGs
[2024-09-10T02:19:18.445+0800] {logging_mixin.py:190} INFO - [2024-09-10T02:19:18.444+0800] {dag.py:4156} INFO - Setting next_dagrun for example_short_circuit_operator to None, run_after=None
[2024-09-10T02:19:18.452+0800] {processor.py:208} INFO - Processing /Users/erniesg/.pyenv/versions/3.12.5/envs/letters_home/lib/python3.12/site-packages/airflow/example_dags/example_short_circuit_operator.py took 0.066 seconds
[2024-09-10T02:20:43.135+0800] {processor.py:186} INFO - Started process (PID=70391) to work on /Users/erniesg/.pyenv/versions/3.12.5/envs/letters_home/lib/python3.12/site-packages/airflow/example_dags/example_short_circuit_operator.py
[2024-09-10T02:20:43.135+0800] {processor.py:914} INFO - Processing file /Users/erniesg/.pyenv/versions/3.12.5/envs/letters_home/lib/python3.12/site-packages/airflow/example_dags/example_short_circuit_operator.py for tasks to queue
[2024-09-10T02:20:43.136+0800] {logging_mixin.py:190} INFO - [2024-09-10T02:20:43.136+0800] {dagbag.py:587} INFO - Filling up the DagBag from /Users/erniesg/.pyenv/versions/3.12.5/envs/letters_home/lib/python3.12/site-packages/airflow/example_dags/example_short_circuit_operator.py
[2024-09-10T02:20:43.147+0800] {processor.py:925} INFO - DAG(s) 'example_short_circuit_operator' retrieved from /Users/erniesg/.pyenv/versions/3.12.5/envs/letters_home/lib/python3.12/site-packages/airflow/example_dags/example_short_circuit_operator.py
[2024-09-10T02:20:43.183+0800] {logging_mixin.py:190} INFO - [2024-09-10T02:20:43.183+0800] {dag.py:3229} INFO - Sync 1 DAGs
[2024-09-10T02:20:43.187+0800] {logging_mixin.py:190} INFO - [2024-09-10T02:20:43.187+0800] {dag.py:4156} INFO - Setting next_dagrun for example_short_circuit_operator to None, run_after=None
[2024-09-10T02:20:43.194+0800] {processor.py:208} INFO - Processing /Users/erniesg/.pyenv/versions/3.12.5/envs/letters_home/lib/python3.12/site-packages/airflow/example_dags/example_short_circuit_operator.py took 0.060 seconds
