[2024-09-10T01:38:18.893+0800] {processor.py:186} INFO - Started process (PID=58014) to work on /Users/erniesg/.pyenv/versions/3.12.5/envs/letters_home/lib/python3.12/site-packages/airflow/example_dags/example_dataset_alias_with_no_taskflow.py
[2024-09-10T01:38:18.894+0800] {processor.py:914} INFO - Processing file /Users/erniesg/.pyenv/versions/3.12.5/envs/letters_home/lib/python3.12/site-packages/airflow/example_dags/example_dataset_alias_with_no_taskflow.py for tasks to queue
[2024-09-10T01:38:18.894+0800] {logging_mixin.py:190} INFO - [2024-09-10T01:38:18.894+0800] {dagbag.py:587} INFO - Filling up the DagBag from /Users/erniesg/.pyenv/versions/3.12.5/envs/letters_home/lib/python3.12/site-packages/airflow/example_dags/example_dataset_alias_with_no_taskflow.py
[2024-09-10T01:38:18.952+0800] {processor.py:925} INFO - DAG(s) 'dataset_s3_bucket_producer_with_no_taskflow', 'dataset_s3_bucket_consumer_with_no_taskflow', 'dataset_alias_example_alias_producer_with_no_taskflow', 'dataset_alias_example_alias_consumer_with_no_taskflow' retrieved from /Users/erniesg/.pyenv/versions/3.12.5/envs/letters_home/lib/python3.12/site-packages/airflow/example_dags/example_dataset_alias_with_no_taskflow.py
[2024-09-10T01:38:18.988+0800] {logging_mixin.py:190} INFO - [2024-09-10T01:38:18.988+0800] {override.py:1900} INFO - Created Permission View: can edit on DAG:dataset_s3_bucket_producer_with_no_taskflow
[2024-09-10T01:38:18.991+0800] {logging_mixin.py:190} INFO - [2024-09-10T01:38:18.991+0800] {override.py:1900} INFO - Created Permission View: can read on DAG:dataset_s3_bucket_producer_with_no_taskflow
[2024-09-10T01:38:18.993+0800] {logging_mixin.py:190} INFO - [2024-09-10T01:38:18.993+0800] {override.py:1900} INFO - Created Permission View: can delete on DAG:dataset_s3_bucket_producer_with_no_taskflow
[2024-09-10T01:38:18.996+0800] {logging_mixin.py:190} INFO - [2024-09-10T01:38:18.996+0800] {override.py:1900} INFO - Created Permission View: can create on DAG Run:dataset_s3_bucket_producer_with_no_taskflow
[2024-09-10T01:38:18.998+0800] {logging_mixin.py:190} INFO - [2024-09-10T01:38:18.998+0800] {override.py:1900} INFO - Created Permission View: menu access on DAG Run:dataset_s3_bucket_producer_with_no_taskflow
[2024-09-10T01:38:18.999+0800] {logging_mixin.py:190} INFO - [2024-09-10T01:38:18.999+0800] {override.py:1900} INFO - Created Permission View: can read on DAG Run:dataset_s3_bucket_producer_with_no_taskflow
[2024-09-10T01:38:19.001+0800] {logging_mixin.py:190} INFO - [2024-09-10T01:38:19.001+0800] {override.py:1900} INFO - Created Permission View: can delete on DAG Run:dataset_s3_bucket_producer_with_no_taskflow
[2024-09-10T01:38:19.005+0800] {logging_mixin.py:190} INFO - [2024-09-10T01:38:19.005+0800] {override.py:1900} INFO - Created Permission View: can edit on DAG:dataset_s3_bucket_consumer_with_no_taskflow
[2024-09-10T01:38:19.007+0800] {logging_mixin.py:190} INFO - [2024-09-10T01:38:19.007+0800] {override.py:1900} INFO - Created Permission View: can read on DAG:dataset_s3_bucket_consumer_with_no_taskflow
[2024-09-10T01:38:19.009+0800] {logging_mixin.py:190} INFO - [2024-09-10T01:38:19.009+0800] {override.py:1900} INFO - Created Permission View: can delete on DAG:dataset_s3_bucket_consumer_with_no_taskflow
[2024-09-10T01:38:19.011+0800] {logging_mixin.py:190} INFO - [2024-09-10T01:38:19.011+0800] {override.py:1900} INFO - Created Permission View: can create on DAG Run:dataset_s3_bucket_consumer_with_no_taskflow
[2024-09-10T01:38:19.013+0800] {logging_mixin.py:190} INFO - [2024-09-10T01:38:19.013+0800] {override.py:1900} INFO - Created Permission View: menu access on DAG Run:dataset_s3_bucket_consumer_with_no_taskflow
[2024-09-10T01:38:19.015+0800] {logging_mixin.py:190} INFO - [2024-09-10T01:38:19.015+0800] {override.py:1900} INFO - Created Permission View: can read on DAG Run:dataset_s3_bucket_consumer_with_no_taskflow
[2024-09-10T01:38:19.017+0800] {logging_mixin.py:190} INFO - [2024-09-10T01:38:19.017+0800] {override.py:1900} INFO - Created Permission View: can delete on DAG Run:dataset_s3_bucket_consumer_with_no_taskflow
[2024-09-10T01:38:19.021+0800] {logging_mixin.py:190} INFO - [2024-09-10T01:38:19.021+0800] {override.py:1900} INFO - Created Permission View: can edit on DAG:dataset_alias_example_alias_producer_with_no_taskflow
[2024-09-10T01:38:19.023+0800] {logging_mixin.py:190} INFO - [2024-09-10T01:38:19.023+0800] {override.py:1900} INFO - Created Permission View: can read on DAG:dataset_alias_example_alias_producer_with_no_taskflow
[2024-09-10T01:38:19.025+0800] {logging_mixin.py:190} INFO - [2024-09-10T01:38:19.025+0800] {override.py:1900} INFO - Created Permission View: can delete on DAG:dataset_alias_example_alias_producer_with_no_taskflow
[2024-09-10T01:38:19.027+0800] {logging_mixin.py:190} INFO - [2024-09-10T01:38:19.027+0800] {override.py:1900} INFO - Created Permission View: can create on DAG Run:dataset_alias_example_alias_producer_with_no_taskflow
[2024-09-10T01:38:19.029+0800] {logging_mixin.py:190} INFO - [2024-09-10T01:38:19.029+0800] {override.py:1900} INFO - Created Permission View: menu access on DAG Run:dataset_alias_example_alias_producer_with_no_taskflow
[2024-09-10T01:38:19.031+0800] {logging_mixin.py:190} INFO - [2024-09-10T01:38:19.031+0800] {override.py:1900} INFO - Created Permission View: can read on DAG Run:dataset_alias_example_alias_producer_with_no_taskflow
[2024-09-10T01:38:19.033+0800] {logging_mixin.py:190} INFO - [2024-09-10T01:38:19.033+0800] {override.py:1900} INFO - Created Permission View: can delete on DAG Run:dataset_alias_example_alias_producer_with_no_taskflow
[2024-09-10T01:38:19.036+0800] {logging_mixin.py:190} INFO - [2024-09-10T01:38:19.036+0800] {override.py:1900} INFO - Created Permission View: can edit on DAG:dataset_alias_example_alias_consumer_with_no_taskflow
[2024-09-10T01:38:19.038+0800] {logging_mixin.py:190} INFO - [2024-09-10T01:38:19.038+0800] {override.py:1900} INFO - Created Permission View: can read on DAG:dataset_alias_example_alias_consumer_with_no_taskflow
[2024-09-10T01:38:19.040+0800] {logging_mixin.py:190} INFO - [2024-09-10T01:38:19.040+0800] {override.py:1900} INFO - Created Permission View: can delete on DAG:dataset_alias_example_alias_consumer_with_no_taskflow
[2024-09-10T01:38:19.043+0800] {logging_mixin.py:190} INFO - [2024-09-10T01:38:19.042+0800] {override.py:1900} INFO - Created Permission View: can create on DAG Run:dataset_alias_example_alias_consumer_with_no_taskflow
[2024-09-10T01:38:19.044+0800] {logging_mixin.py:190} INFO - [2024-09-10T01:38:19.044+0800] {override.py:1900} INFO - Created Permission View: menu access on DAG Run:dataset_alias_example_alias_consumer_with_no_taskflow
[2024-09-10T01:38:19.046+0800] {logging_mixin.py:190} INFO - [2024-09-10T01:38:19.046+0800] {override.py:1900} INFO - Created Permission View: can read on DAG Run:dataset_alias_example_alias_consumer_with_no_taskflow
[2024-09-10T01:38:19.048+0800] {logging_mixin.py:190} INFO - [2024-09-10T01:38:19.048+0800] {override.py:1900} INFO - Created Permission View: can delete on DAG Run:dataset_alias_example_alias_consumer_with_no_taskflow
[2024-09-10T01:38:19.048+0800] {logging_mixin.py:190} INFO - [2024-09-10T01:38:19.048+0800] {dag.py:3229} INFO - Sync 4 DAGs
[2024-09-10T01:38:19.052+0800] {logging_mixin.py:190} INFO - [2024-09-10T01:38:19.052+0800] {dag.py:3252} INFO - Creating ORM DAG for dataset_s3_bucket_consumer_with_no_taskflow
[2024-09-10T01:38:19.052+0800] {logging_mixin.py:190} INFO - [2024-09-10T01:38:19.052+0800] {dag.py:3252} INFO - Creating ORM DAG for dataset_alias_example_alias_producer_with_no_taskflow
[2024-09-10T01:38:19.052+0800] {logging_mixin.py:190} INFO - [2024-09-10T01:38:19.052+0800] {dag.py:3252} INFO - Creating ORM DAG for dataset_s3_bucket_producer_with_no_taskflow
[2024-09-10T01:38:19.053+0800] {logging_mixin.py:190} INFO - [2024-09-10T01:38:19.053+0800] {dag.py:3252} INFO - Creating ORM DAG for dataset_alias_example_alias_consumer_with_no_taskflow
[2024-09-10T01:38:19.055+0800] {logging_mixin.py:190} INFO - [2024-09-10T01:38:19.055+0800] {dag.py:4156} INFO - Setting next_dagrun for dataset_alias_example_alias_consumer_with_no_taskflow to None, run_after=None
[2024-09-10T01:38:19.055+0800] {logging_mixin.py:190} INFO - [2024-09-10T01:38:19.055+0800] {dag.py:4156} INFO - Setting next_dagrun for dataset_alias_example_alias_producer_with_no_taskflow to None, run_after=None
[2024-09-10T01:38:19.056+0800] {logging_mixin.py:190} INFO - [2024-09-10T01:38:19.056+0800] {dag.py:4156} INFO - Setting next_dagrun for dataset_s3_bucket_consumer_with_no_taskflow to None, run_after=None
[2024-09-10T01:38:19.056+0800] {logging_mixin.py:190} INFO - [2024-09-10T01:38:19.056+0800] {dag.py:4156} INFO - Setting next_dagrun for dataset_s3_bucket_producer_with_no_taskflow to None, run_after=None
[2024-09-10T01:38:19.202+0800] {processor.py:208} INFO - Processing /Users/erniesg/.pyenv/versions/3.12.5/envs/letters_home/lib/python3.12/site-packages/airflow/example_dags/example_dataset_alias_with_no_taskflow.py took 0.310 seconds
[2024-09-10T01:40:56.729+0800] {processor.py:186} INFO - Started process (PID=58164) to work on /Users/erniesg/.pyenv/versions/3.12.5/envs/letters_home/lib/python3.12/site-packages/airflow/example_dags/example_dataset_alias_with_no_taskflow.py
[2024-09-10T01:40:56.730+0800] {processor.py:914} INFO - Processing file /Users/erniesg/.pyenv/versions/3.12.5/envs/letters_home/lib/python3.12/site-packages/airflow/example_dags/example_dataset_alias_with_no_taskflow.py for tasks to queue
[2024-09-10T01:40:56.730+0800] {logging_mixin.py:190} INFO - [2024-09-10T01:40:56.730+0800] {dagbag.py:587} INFO - Filling up the DagBag from /Users/erniesg/.pyenv/versions/3.12.5/envs/letters_home/lib/python3.12/site-packages/airflow/example_dags/example_dataset_alias_with_no_taskflow.py
[2024-09-10T01:40:56.789+0800] {processor.py:925} INFO - DAG(s) 'dataset_s3_bucket_consumer_with_no_taskflow', 'dataset_alias_example_alias_producer_with_no_taskflow', 'dataset_s3_bucket_producer_with_no_taskflow', 'dataset_alias_example_alias_consumer_with_no_taskflow' retrieved from /Users/erniesg/.pyenv/versions/3.12.5/envs/letters_home/lib/python3.12/site-packages/airflow/example_dags/example_dataset_alias_with_no_taskflow.py
[2024-09-10T01:40:56.798+0800] {logging_mixin.py:190} INFO - [2024-09-10T01:40:56.798+0800] {dag.py:3229} INFO - Sync 4 DAGs
[2024-09-10T01:40:56.805+0800] {logging_mixin.py:190} INFO - [2024-09-10T01:40:56.805+0800] {dag.py:4156} INFO - Setting next_dagrun for dataset_alias_example_alias_consumer_with_no_taskflow to None, run_after=None
[2024-09-10T01:40:56.805+0800] {logging_mixin.py:190} INFO - [2024-09-10T01:40:56.805+0800] {dag.py:4156} INFO - Setting next_dagrun for dataset_alias_example_alias_producer_with_no_taskflow to None, run_after=None
[2024-09-10T01:40:56.806+0800] {logging_mixin.py:190} INFO - [2024-09-10T01:40:56.806+0800] {dag.py:4156} INFO - Setting next_dagrun for dataset_s3_bucket_consumer_with_no_taskflow to None, run_after=None
[2024-09-10T01:40:56.806+0800] {logging_mixin.py:190} INFO - [2024-09-10T01:40:56.806+0800] {dag.py:4156} INFO - Setting next_dagrun for dataset_s3_bucket_producer_with_no_taskflow to None, run_after=None
[2024-09-10T01:40:56.813+0800] {processor.py:208} INFO - Processing /Users/erniesg/.pyenv/versions/3.12.5/envs/letters_home/lib/python3.12/site-packages/airflow/example_dags/example_dataset_alias_with_no_taskflow.py took 0.085 seconds
[2024-09-10T01:43:43.338+0800] {processor.py:186} INFO - Started process (PID=58721) to work on /Users/erniesg/.pyenv/versions/3.12.5/envs/letters_home/lib/python3.12/site-packages/airflow/example_dags/example_dataset_alias_with_no_taskflow.py
[2024-09-10T01:43:43.338+0800] {processor.py:914} INFO - Processing file /Users/erniesg/.pyenv/versions/3.12.5/envs/letters_home/lib/python3.12/site-packages/airflow/example_dags/example_dataset_alias_with_no_taskflow.py for tasks to queue
[2024-09-10T01:43:43.339+0800] {logging_mixin.py:190} INFO - [2024-09-10T01:43:43.339+0800] {dagbag.py:587} INFO - Filling up the DagBag from /Users/erniesg/.pyenv/versions/3.12.5/envs/letters_home/lib/python3.12/site-packages/airflow/example_dags/example_dataset_alias_with_no_taskflow.py
[2024-09-10T01:43:43.402+0800] {processor.py:925} INFO - DAG(s) 'dataset_alias_example_alias_consumer_with_no_taskflow', 'dataset_alias_example_alias_producer_with_no_taskflow', 'dataset_s3_bucket_consumer_with_no_taskflow', 'dataset_s3_bucket_producer_with_no_taskflow' retrieved from /Users/erniesg/.pyenv/versions/3.12.5/envs/letters_home/lib/python3.12/site-packages/airflow/example_dags/example_dataset_alias_with_no_taskflow.py
[2024-09-10T01:43:43.412+0800] {logging_mixin.py:190} INFO - [2024-09-10T01:43:43.412+0800] {dag.py:3229} INFO - Sync 4 DAGs
[2024-09-10T01:43:43.419+0800] {logging_mixin.py:190} INFO - [2024-09-10T01:43:43.419+0800] {dag.py:4156} INFO - Setting next_dagrun for dataset_alias_example_alias_consumer_with_no_taskflow to None, run_after=None
[2024-09-10T01:43:43.420+0800] {logging_mixin.py:190} INFO - [2024-09-10T01:43:43.420+0800] {dag.py:4156} INFO - Setting next_dagrun for dataset_alias_example_alias_producer_with_no_taskflow to None, run_after=None
[2024-09-10T01:43:43.420+0800] {logging_mixin.py:190} INFO - [2024-09-10T01:43:43.420+0800] {dag.py:4156} INFO - Setting next_dagrun for dataset_s3_bucket_consumer_with_no_taskflow to None, run_after=None
[2024-09-10T01:43:43.421+0800] {logging_mixin.py:190} INFO - [2024-09-10T01:43:43.421+0800] {dag.py:4156} INFO - Setting next_dagrun for dataset_s3_bucket_producer_with_no_taskflow to None, run_after=None
[2024-09-10T01:43:43.430+0800] {processor.py:208} INFO - Processing /Users/erniesg/.pyenv/versions/3.12.5/envs/letters_home/lib/python3.12/site-packages/airflow/example_dags/example_dataset_alias_with_no_taskflow.py took 0.093 seconds
[2024-09-10T02:00:22.939+0800] {processor.py:186} INFO - Started process (PID=67609) to work on /Users/erniesg/.pyenv/versions/3.12.5/envs/letters_home/lib/python3.12/site-packages/airflow/example_dags/example_dataset_alias_with_no_taskflow.py
[2024-09-10T02:00:22.939+0800] {processor.py:914} INFO - Processing file /Users/erniesg/.pyenv/versions/3.12.5/envs/letters_home/lib/python3.12/site-packages/airflow/example_dags/example_dataset_alias_with_no_taskflow.py for tasks to queue
[2024-09-10T02:00:22.939+0800] {logging_mixin.py:190} INFO - [2024-09-10T02:00:22.939+0800] {dagbag.py:587} INFO - Filling up the DagBag from /Users/erniesg/.pyenv/versions/3.12.5/envs/letters_home/lib/python3.12/site-packages/airflow/example_dags/example_dataset_alias_with_no_taskflow.py
[2024-09-10T02:00:23.002+0800] {processor.py:925} INFO - DAG(s) 'dataset_s3_bucket_consumer_with_no_taskflow', 'dataset_alias_example_alias_consumer_with_no_taskflow', 'dataset_s3_bucket_producer_with_no_taskflow', 'dataset_alias_example_alias_producer_with_no_taskflow' retrieved from /Users/erniesg/.pyenv/versions/3.12.5/envs/letters_home/lib/python3.12/site-packages/airflow/example_dags/example_dataset_alias_with_no_taskflow.py
[2024-09-10T02:00:23.012+0800] {logging_mixin.py:190} INFO - [2024-09-10T02:00:23.012+0800] {dag.py:3229} INFO - Sync 4 DAGs
[2024-09-10T02:00:23.019+0800] {logging_mixin.py:190} INFO - [2024-09-10T02:00:23.019+0800] {dag.py:4156} INFO - Setting next_dagrun for dataset_alias_example_alias_consumer_with_no_taskflow to None, run_after=None
[2024-09-10T02:00:23.020+0800] {logging_mixin.py:190} INFO - [2024-09-10T02:00:23.020+0800] {dag.py:4156} INFO - Setting next_dagrun for dataset_alias_example_alias_producer_with_no_taskflow to None, run_after=None
[2024-09-10T02:00:23.021+0800] {logging_mixin.py:190} INFO - [2024-09-10T02:00:23.020+0800] {dag.py:4156} INFO - Setting next_dagrun for dataset_s3_bucket_consumer_with_no_taskflow to None, run_after=None
[2024-09-10T02:00:23.021+0800] {logging_mixin.py:190} INFO - [2024-09-10T02:00:23.021+0800] {dag.py:4156} INFO - Setting next_dagrun for dataset_s3_bucket_producer_with_no_taskflow to None, run_after=None
[2024-09-10T02:00:23.029+0800] {processor.py:208} INFO - Processing /Users/erniesg/.pyenv/versions/3.12.5/envs/letters_home/lib/python3.12/site-packages/airflow/example_dags/example_dataset_alias_with_no_taskflow.py took 0.091 seconds
[2024-09-10T02:03:04.260+0800] {processor.py:186} INFO - Started process (PID=68023) to work on /Users/erniesg/.pyenv/versions/3.12.5/envs/letters_home/lib/python3.12/site-packages/airflow/example_dags/example_dataset_alias_with_no_taskflow.py
[2024-09-10T02:03:04.261+0800] {processor.py:914} INFO - Processing file /Users/erniesg/.pyenv/versions/3.12.5/envs/letters_home/lib/python3.12/site-packages/airflow/example_dags/example_dataset_alias_with_no_taskflow.py for tasks to queue
[2024-09-10T02:03:04.261+0800] {logging_mixin.py:190} INFO - [2024-09-10T02:03:04.261+0800] {dagbag.py:587} INFO - Filling up the DagBag from /Users/erniesg/.pyenv/versions/3.12.5/envs/letters_home/lib/python3.12/site-packages/airflow/example_dags/example_dataset_alias_with_no_taskflow.py
[2024-09-10T02:03:04.325+0800] {processor.py:925} INFO - DAG(s) 'dataset_s3_bucket_producer_with_no_taskflow', 'dataset_s3_bucket_consumer_with_no_taskflow', 'dataset_alias_example_alias_producer_with_no_taskflow', 'dataset_alias_example_alias_consumer_with_no_taskflow' retrieved from /Users/erniesg/.pyenv/versions/3.12.5/envs/letters_home/lib/python3.12/site-packages/airflow/example_dags/example_dataset_alias_with_no_taskflow.py
[2024-09-10T02:03:04.334+0800] {logging_mixin.py:190} INFO - [2024-09-10T02:03:04.334+0800] {dag.py:3229} INFO - Sync 4 DAGs
[2024-09-10T02:03:04.341+0800] {logging_mixin.py:190} INFO - [2024-09-10T02:03:04.341+0800] {dag.py:4156} INFO - Setting next_dagrun for dataset_alias_example_alias_consumer_with_no_taskflow to None, run_after=None
[2024-09-10T02:03:04.342+0800] {logging_mixin.py:190} INFO - [2024-09-10T02:03:04.342+0800] {dag.py:4156} INFO - Setting next_dagrun for dataset_alias_example_alias_producer_with_no_taskflow to None, run_after=None
[2024-09-10T02:03:04.342+0800] {logging_mixin.py:190} INFO - [2024-09-10T02:03:04.342+0800] {dag.py:4156} INFO - Setting next_dagrun for dataset_s3_bucket_consumer_with_no_taskflow to None, run_after=None
[2024-09-10T02:03:04.343+0800] {logging_mixin.py:190} INFO - [2024-09-10T02:03:04.343+0800] {dag.py:4156} INFO - Setting next_dagrun for dataset_s3_bucket_producer_with_no_taskflow to None, run_after=None
[2024-09-10T02:03:04.351+0800] {processor.py:208} INFO - Processing /Users/erniesg/.pyenv/versions/3.12.5/envs/letters_home/lib/python3.12/site-packages/airflow/example_dags/example_dataset_alias_with_no_taskflow.py took 0.092 seconds
[2024-09-10T02:06:04.287+0800] {processor.py:186} INFO - Started process (PID=68222) to work on /Users/erniesg/.pyenv/versions/3.12.5/envs/letters_home/lib/python3.12/site-packages/airflow/example_dags/example_dataset_alias_with_no_taskflow.py
[2024-09-10T02:06:04.287+0800] {processor.py:914} INFO - Processing file /Users/erniesg/.pyenv/versions/3.12.5/envs/letters_home/lib/python3.12/site-packages/airflow/example_dags/example_dataset_alias_with_no_taskflow.py for tasks to queue
[2024-09-10T02:06:04.287+0800] {logging_mixin.py:190} INFO - [2024-09-10T02:06:04.287+0800] {dagbag.py:587} INFO - Filling up the DagBag from /Users/erniesg/.pyenv/versions/3.12.5/envs/letters_home/lib/python3.12/site-packages/airflow/example_dags/example_dataset_alias_with_no_taskflow.py
[2024-09-10T02:06:04.352+0800] {processor.py:925} INFO - DAG(s) 'dataset_alias_example_alias_producer_with_no_taskflow', 'dataset_s3_bucket_producer_with_no_taskflow', 'dataset_s3_bucket_consumer_with_no_taskflow', 'dataset_alias_example_alias_consumer_with_no_taskflow' retrieved from /Users/erniesg/.pyenv/versions/3.12.5/envs/letters_home/lib/python3.12/site-packages/airflow/example_dags/example_dataset_alias_with_no_taskflow.py
[2024-09-10T02:06:04.362+0800] {logging_mixin.py:190} INFO - [2024-09-10T02:06:04.362+0800] {dag.py:3229} INFO - Sync 4 DAGs
[2024-09-10T02:06:04.370+0800] {logging_mixin.py:190} INFO - [2024-09-10T02:06:04.370+0800] {dag.py:4156} INFO - Setting next_dagrun for dataset_alias_example_alias_consumer_with_no_taskflow to None, run_after=None
[2024-09-10T02:06:04.371+0800] {logging_mixin.py:190} INFO - [2024-09-10T02:06:04.370+0800] {dag.py:4156} INFO - Setting next_dagrun for dataset_alias_example_alias_producer_with_no_taskflow to None, run_after=None
[2024-09-10T02:06:04.371+0800] {logging_mixin.py:190} INFO - [2024-09-10T02:06:04.371+0800] {dag.py:4156} INFO - Setting next_dagrun for dataset_s3_bucket_consumer_with_no_taskflow to None, run_after=None
[2024-09-10T02:06:04.371+0800] {logging_mixin.py:190} INFO - [2024-09-10T02:06:04.371+0800] {dag.py:4156} INFO - Setting next_dagrun for dataset_s3_bucket_producer_with_no_taskflow to None, run_after=None
[2024-09-10T02:06:04.379+0800] {processor.py:208} INFO - Processing /Users/erniesg/.pyenv/versions/3.12.5/envs/letters_home/lib/python3.12/site-packages/airflow/example_dags/example_dataset_alias_with_no_taskflow.py took 0.094 seconds
[2024-09-10T02:08:49.527+0800] {processor.py:186} INFO - Started process (PID=68546) to work on /Users/erniesg/.pyenv/versions/3.12.5/envs/letters_home/lib/python3.12/site-packages/airflow/example_dags/example_dataset_alias_with_no_taskflow.py
[2024-09-10T02:08:49.528+0800] {processor.py:914} INFO - Processing file /Users/erniesg/.pyenv/versions/3.12.5/envs/letters_home/lib/python3.12/site-packages/airflow/example_dags/example_dataset_alias_with_no_taskflow.py for tasks to queue
[2024-09-10T02:08:49.528+0800] {logging_mixin.py:190} INFO - [2024-09-10T02:08:49.528+0800] {dagbag.py:587} INFO - Filling up the DagBag from /Users/erniesg/.pyenv/versions/3.12.5/envs/letters_home/lib/python3.12/site-packages/airflow/example_dags/example_dataset_alias_with_no_taskflow.py
[2024-09-10T02:08:49.589+0800] {processor.py:925} INFO - DAG(s) 'dataset_alias_example_alias_producer_with_no_taskflow', 'dataset_s3_bucket_producer_with_no_taskflow', 'dataset_alias_example_alias_consumer_with_no_taskflow', 'dataset_s3_bucket_consumer_with_no_taskflow' retrieved from /Users/erniesg/.pyenv/versions/3.12.5/envs/letters_home/lib/python3.12/site-packages/airflow/example_dags/example_dataset_alias_with_no_taskflow.py
[2024-09-10T02:08:49.598+0800] {logging_mixin.py:190} INFO - [2024-09-10T02:08:49.598+0800] {dag.py:3229} INFO - Sync 4 DAGs
[2024-09-10T02:08:49.605+0800] {logging_mixin.py:190} INFO - [2024-09-10T02:08:49.605+0800] {dag.py:4156} INFO - Setting next_dagrun for dataset_alias_example_alias_consumer_with_no_taskflow to None, run_after=None
[2024-09-10T02:08:49.606+0800] {logging_mixin.py:190} INFO - [2024-09-10T02:08:49.606+0800] {dag.py:4156} INFO - Setting next_dagrun for dataset_alias_example_alias_producer_with_no_taskflow to None, run_after=None
[2024-09-10T02:08:49.607+0800] {logging_mixin.py:190} INFO - [2024-09-10T02:08:49.607+0800] {dag.py:4156} INFO - Setting next_dagrun for dataset_s3_bucket_consumer_with_no_taskflow to None, run_after=None
[2024-09-10T02:08:49.607+0800] {logging_mixin.py:190} INFO - [2024-09-10T02:08:49.607+0800] {dag.py:4156} INFO - Setting next_dagrun for dataset_s3_bucket_producer_with_no_taskflow to None, run_after=None
[2024-09-10T02:08:49.615+0800] {processor.py:208} INFO - Processing /Users/erniesg/.pyenv/versions/3.12.5/envs/letters_home/lib/python3.12/site-packages/airflow/example_dags/example_dataset_alias_with_no_taskflow.py took 0.088 seconds
[2024-09-10T02:13:23.776+0800] {processor.py:186} INFO - Started process (PID=69301) to work on /Users/erniesg/.pyenv/versions/3.12.5/envs/letters_home/lib/python3.12/site-packages/airflow/example_dags/example_dataset_alias_with_no_taskflow.py
[2024-09-10T02:13:23.776+0800] {processor.py:914} INFO - Processing file /Users/erniesg/.pyenv/versions/3.12.5/envs/letters_home/lib/python3.12/site-packages/airflow/example_dags/example_dataset_alias_with_no_taskflow.py for tasks to queue
[2024-09-10T02:13:23.776+0800] {logging_mixin.py:190} INFO - [2024-09-10T02:13:23.776+0800] {dagbag.py:587} INFO - Filling up the DagBag from /Users/erniesg/.pyenv/versions/3.12.5/envs/letters_home/lib/python3.12/site-packages/airflow/example_dags/example_dataset_alias_with_no_taskflow.py
[2024-09-10T02:13:23.846+0800] {processor.py:925} INFO - DAG(s) 'dataset_s3_bucket_producer_with_no_taskflow', 'dataset_alias_example_alias_producer_with_no_taskflow', 'dataset_alias_example_alias_consumer_with_no_taskflow', 'dataset_s3_bucket_consumer_with_no_taskflow' retrieved from /Users/erniesg/.pyenv/versions/3.12.5/envs/letters_home/lib/python3.12/site-packages/airflow/example_dags/example_dataset_alias_with_no_taskflow.py
[2024-09-10T02:13:23.856+0800] {logging_mixin.py:190} INFO - [2024-09-10T02:13:23.856+0800] {dag.py:3229} INFO - Sync 4 DAGs
[2024-09-10T02:13:23.864+0800] {logging_mixin.py:190} INFO - [2024-09-10T02:13:23.864+0800] {dag.py:4156} INFO - Setting next_dagrun for dataset_alias_example_alias_consumer_with_no_taskflow to None, run_after=None
[2024-09-10T02:13:23.865+0800] {logging_mixin.py:190} INFO - [2024-09-10T02:13:23.865+0800] {dag.py:4156} INFO - Setting next_dagrun for dataset_alias_example_alias_producer_with_no_taskflow to None, run_after=None
[2024-09-10T02:13:23.866+0800] {logging_mixin.py:190} INFO - [2024-09-10T02:13:23.866+0800] {dag.py:4156} INFO - Setting next_dagrun for dataset_s3_bucket_consumer_with_no_taskflow to None, run_after=None
[2024-09-10T02:13:23.866+0800] {logging_mixin.py:190} INFO - [2024-09-10T02:13:23.866+0800] {dag.py:4156} INFO - Setting next_dagrun for dataset_s3_bucket_producer_with_no_taskflow to None, run_after=None
[2024-09-10T02:13:23.875+0800] {processor.py:208} INFO - Processing /Users/erniesg/.pyenv/versions/3.12.5/envs/letters_home/lib/python3.12/site-packages/airflow/example_dags/example_dataset_alias_with_no_taskflow.py took 0.101 seconds
[2024-09-10T02:16:45.970+0800] {processor.py:186} INFO - Started process (PID=69765) to work on /Users/erniesg/.pyenv/versions/3.12.5/envs/letters_home/lib/python3.12/site-packages/airflow/example_dags/example_dataset_alias_with_no_taskflow.py
[2024-09-10T02:16:45.971+0800] {processor.py:914} INFO - Processing file /Users/erniesg/.pyenv/versions/3.12.5/envs/letters_home/lib/python3.12/site-packages/airflow/example_dags/example_dataset_alias_with_no_taskflow.py for tasks to queue
[2024-09-10T02:16:45.971+0800] {logging_mixin.py:190} INFO - [2024-09-10T02:16:45.971+0800] {dagbag.py:587} INFO - Filling up the DagBag from /Users/erniesg/.pyenv/versions/3.12.5/envs/letters_home/lib/python3.12/site-packages/airflow/example_dags/example_dataset_alias_with_no_taskflow.py
[2024-09-10T02:16:46.032+0800] {processor.py:925} INFO - DAG(s) 'dataset_s3_bucket_producer_with_no_taskflow', 'dataset_alias_example_alias_consumer_with_no_taskflow', 'dataset_s3_bucket_consumer_with_no_taskflow', 'dataset_alias_example_alias_producer_with_no_taskflow' retrieved from /Users/erniesg/.pyenv/versions/3.12.5/envs/letters_home/lib/python3.12/site-packages/airflow/example_dags/example_dataset_alias_with_no_taskflow.py
[2024-09-10T02:16:46.040+0800] {logging_mixin.py:190} INFO - [2024-09-10T02:16:46.040+0800] {dag.py:3229} INFO - Sync 4 DAGs
[2024-09-10T02:16:46.047+0800] {logging_mixin.py:190} INFO - [2024-09-10T02:16:46.047+0800] {dag.py:4156} INFO - Setting next_dagrun for dataset_alias_example_alias_consumer_with_no_taskflow to None, run_after=None
[2024-09-10T02:16:46.047+0800] {logging_mixin.py:190} INFO - [2024-09-10T02:16:46.047+0800] {dag.py:4156} INFO - Setting next_dagrun for dataset_alias_example_alias_producer_with_no_taskflow to None, run_after=None
[2024-09-10T02:16:46.048+0800] {logging_mixin.py:190} INFO - [2024-09-10T02:16:46.048+0800] {dag.py:4156} INFO - Setting next_dagrun for dataset_s3_bucket_consumer_with_no_taskflow to None, run_after=None
[2024-09-10T02:16:46.048+0800] {logging_mixin.py:190} INFO - [2024-09-10T02:16:46.048+0800] {dag.py:4156} INFO - Setting next_dagrun for dataset_s3_bucket_producer_with_no_taskflow to None, run_after=None
[2024-09-10T02:16:46.055+0800] {processor.py:208} INFO - Processing /Users/erniesg/.pyenv/versions/3.12.5/envs/letters_home/lib/python3.12/site-packages/airflow/example_dags/example_dataset_alias_with_no_taskflow.py took 0.086 seconds
[2024-09-10T02:19:34.857+0800] {processor.py:186} INFO - Started process (PID=70314) to work on /Users/erniesg/.pyenv/versions/3.12.5/envs/letters_home/lib/python3.12/site-packages/airflow/example_dags/example_dataset_alias_with_no_taskflow.py
[2024-09-10T02:19:34.857+0800] {processor.py:914} INFO - Processing file /Users/erniesg/.pyenv/versions/3.12.5/envs/letters_home/lib/python3.12/site-packages/airflow/example_dags/example_dataset_alias_with_no_taskflow.py for tasks to queue
[2024-09-10T02:19:34.858+0800] {logging_mixin.py:190} INFO - [2024-09-10T02:19:34.858+0800] {dagbag.py:587} INFO - Filling up the DagBag from /Users/erniesg/.pyenv/versions/3.12.5/envs/letters_home/lib/python3.12/site-packages/airflow/example_dags/example_dataset_alias_with_no_taskflow.py
[2024-09-10T02:19:34.921+0800] {processor.py:925} INFO - DAG(s) 'dataset_alias_example_alias_producer_with_no_taskflow', 'dataset_s3_bucket_producer_with_no_taskflow', 'dataset_s3_bucket_consumer_with_no_taskflow', 'dataset_alias_example_alias_consumer_with_no_taskflow' retrieved from /Users/erniesg/.pyenv/versions/3.12.5/envs/letters_home/lib/python3.12/site-packages/airflow/example_dags/example_dataset_alias_with_no_taskflow.py
[2024-09-10T02:19:34.930+0800] {logging_mixin.py:190} INFO - [2024-09-10T02:19:34.930+0800] {dag.py:3229} INFO - Sync 4 DAGs
[2024-09-10T02:19:34.938+0800] {logging_mixin.py:190} INFO - [2024-09-10T02:19:34.938+0800] {dag.py:4156} INFO - Setting next_dagrun for dataset_alias_example_alias_consumer_with_no_taskflow to None, run_after=None
[2024-09-10T02:19:34.939+0800] {logging_mixin.py:190} INFO - [2024-09-10T02:19:34.939+0800] {dag.py:4156} INFO - Setting next_dagrun for dataset_alias_example_alias_producer_with_no_taskflow to None, run_after=None
[2024-09-10T02:19:34.939+0800] {logging_mixin.py:190} INFO - [2024-09-10T02:19:34.939+0800] {dag.py:4156} INFO - Setting next_dagrun for dataset_s3_bucket_consumer_with_no_taskflow to None, run_after=None
[2024-09-10T02:19:34.939+0800] {logging_mixin.py:190} INFO - [2024-09-10T02:19:34.939+0800] {dag.py:4156} INFO - Setting next_dagrun for dataset_s3_bucket_producer_with_no_taskflow to None, run_after=None
[2024-09-10T02:19:34.947+0800] {processor.py:208} INFO - Processing /Users/erniesg/.pyenv/versions/3.12.5/envs/letters_home/lib/python3.12/site-packages/airflow/example_dags/example_dataset_alias_with_no_taskflow.py took 0.091 seconds
