[2024-09-10T01:38:14.952+0800] {processor.py:186} INFO - Started process (PID=58012) to work on /Users/erniesg/.pyenv/versions/3.12.5/envs/letters_home/lib/python3.12/site-packages/airflow/example_dags/example_display_name.py
[2024-09-10T01:38:14.952+0800] {processor.py:914} INFO - Processing file /Users/erniesg/.pyenv/versions/3.12.5/envs/letters_home/lib/python3.12/site-packages/airflow/example_dags/example_display_name.py for tasks to queue
[2024-09-10T01:38:14.953+0800] {logging_mixin.py:190} INFO - [2024-09-10T01:38:14.953+0800] {dagbag.py:587} INFO - Filling up the DagBag from /Users/erniesg/.pyenv/versions/3.12.5/envs/letters_home/lib/python3.12/site-packages/airflow/example_dags/example_display_name.py
[2024-09-10T01:38:14.968+0800] {processor.py:925} INFO - DAG(s) 'example_display_name' retrieved from /Users/erniesg/.pyenv/versions/3.12.5/envs/letters_home/lib/python3.12/site-packages/airflow/example_dags/example_display_name.py
[2024-09-10T01:38:15.039+0800] {logging_mixin.py:190} INFO - [2024-09-10T01:38:15.039+0800] {override.py:1900} INFO - Created Permission View: can edit on DAG:example_display_name
[2024-09-10T01:38:15.043+0800] {logging_mixin.py:190} INFO - [2024-09-10T01:38:15.043+0800] {override.py:1900} INFO - Created Permission View: can read on DAG:example_display_name
[2024-09-10T01:38:15.045+0800] {logging_mixin.py:190} INFO - [2024-09-10T01:38:15.045+0800] {override.py:1900} INFO - Created Permission View: can delete on DAG:example_display_name
[2024-09-10T01:38:15.048+0800] {logging_mixin.py:190} INFO - [2024-09-10T01:38:15.048+0800] {override.py:1900} INFO - Created Permission View: can read on DAG Run:example_display_name
[2024-09-10T01:38:15.050+0800] {logging_mixin.py:190} INFO - [2024-09-10T01:38:15.050+0800] {override.py:1900} INFO - Created Permission View: menu access on DAG Run:example_display_name
[2024-09-10T01:38:15.051+0800] {logging_mixin.py:190} INFO - [2024-09-10T01:38:15.051+0800] {override.py:1900} INFO - Created Permission View: can create on DAG Run:example_display_name
[2024-09-10T01:38:15.053+0800] {logging_mixin.py:190} INFO - [2024-09-10T01:38:15.053+0800] {override.py:1900} INFO - Created Permission View: can delete on DAG Run:example_display_name
[2024-09-10T01:38:15.054+0800] {logging_mixin.py:190} INFO - [2024-09-10T01:38:15.053+0800] {dag.py:3229} INFO - Sync 1 DAGs
[2024-09-10T01:38:15.058+0800] {logging_mixin.py:190} INFO - [2024-09-10T01:38:15.058+0800] {dag.py:3252} INFO - Creating ORM DAG for example_display_name
[2024-09-10T01:38:15.058+0800] {logging_mixin.py:190} INFO - [2024-09-10T01:38:15.058+0800] {dag.py:4156} INFO - Setting next_dagrun for example_display_name to None, run_after=None
[2024-09-10T01:38:15.064+0800] {processor.py:208} INFO - Processing /Users/erniesg/.pyenv/versions/3.12.5/envs/letters_home/lib/python3.12/site-packages/airflow/example_dags/example_display_name.py took 0.113 seconds
[2024-09-10T01:40:52.719+0800] {processor.py:186} INFO - Started process (PID=58162) to work on /Users/erniesg/.pyenv/versions/3.12.5/envs/letters_home/lib/python3.12/site-packages/airflow/example_dags/example_display_name.py
[2024-09-10T01:40:52.719+0800] {processor.py:914} INFO - Processing file /Users/erniesg/.pyenv/versions/3.12.5/envs/letters_home/lib/python3.12/site-packages/airflow/example_dags/example_display_name.py for tasks to queue
[2024-09-10T01:40:52.720+0800] {logging_mixin.py:190} INFO - [2024-09-10T01:40:52.720+0800] {dagbag.py:587} INFO - Filling up the DagBag from /Users/erniesg/.pyenv/versions/3.12.5/envs/letters_home/lib/python3.12/site-packages/airflow/example_dags/example_display_name.py
[2024-09-10T01:40:52.735+0800] {processor.py:925} INFO - DAG(s) 'example_display_name' retrieved from /Users/erniesg/.pyenv/versions/3.12.5/envs/letters_home/lib/python3.12/site-packages/airflow/example_dags/example_display_name.py
[2024-09-10T01:40:52.770+0800] {logging_mixin.py:190} INFO - [2024-09-10T01:40:52.770+0800] {dag.py:3229} INFO - Sync 1 DAGs
[2024-09-10T01:40:52.774+0800] {logging_mixin.py:190} INFO - [2024-09-10T01:40:52.774+0800] {dag.py:4156} INFO - Setting next_dagrun for example_display_name to None, run_after=None
[2024-09-10T01:40:52.781+0800] {processor.py:208} INFO - Processing /Users/erniesg/.pyenv/versions/3.12.5/envs/letters_home/lib/python3.12/site-packages/airflow/example_dags/example_display_name.py took 0.063 seconds
[2024-09-10T01:43:39.057+0800] {processor.py:186} INFO - Started process (PID=58719) to work on /Users/erniesg/.pyenv/versions/3.12.5/envs/letters_home/lib/python3.12/site-packages/airflow/example_dags/example_display_name.py
[2024-09-10T01:43:39.057+0800] {processor.py:914} INFO - Processing file /Users/erniesg/.pyenv/versions/3.12.5/envs/letters_home/lib/python3.12/site-packages/airflow/example_dags/example_display_name.py for tasks to queue
[2024-09-10T01:43:39.057+0800] {logging_mixin.py:190} INFO - [2024-09-10T01:43:39.057+0800] {dagbag.py:587} INFO - Filling up the DagBag from /Users/erniesg/.pyenv/versions/3.12.5/envs/letters_home/lib/python3.12/site-packages/airflow/example_dags/example_display_name.py
[2024-09-10T01:43:39.071+0800] {processor.py:925} INFO - DAG(s) 'example_display_name' retrieved from /Users/erniesg/.pyenv/versions/3.12.5/envs/letters_home/lib/python3.12/site-packages/airflow/example_dags/example_display_name.py
[2024-09-10T01:43:39.104+0800] {logging_mixin.py:190} INFO - [2024-09-10T01:43:39.104+0800] {dag.py:3229} INFO - Sync 1 DAGs
[2024-09-10T01:43:39.108+0800] {logging_mixin.py:190} INFO - [2024-09-10T01:43:39.108+0800] {dag.py:4156} INFO - Setting next_dagrun for example_display_name to None, run_after=None
[2024-09-10T01:43:39.115+0800] {processor.py:208} INFO - Processing /Users/erniesg/.pyenv/versions/3.12.5/envs/letters_home/lib/python3.12/site-packages/airflow/example_dags/example_display_name.py took 0.060 seconds
[2024-09-10T02:00:20.249+0800] {processor.py:186} INFO - Started process (PID=67607) to work on /Users/erniesg/.pyenv/versions/3.12.5/envs/letters_home/lib/python3.12/site-packages/airflow/example_dags/example_display_name.py
[2024-09-10T02:00:20.250+0800] {processor.py:914} INFO - Processing file /Users/erniesg/.pyenv/versions/3.12.5/envs/letters_home/lib/python3.12/site-packages/airflow/example_dags/example_display_name.py for tasks to queue
[2024-09-10T02:00:20.250+0800] {logging_mixin.py:190} INFO - [2024-09-10T02:00:20.250+0800] {dagbag.py:587} INFO - Filling up the DagBag from /Users/erniesg/.pyenv/versions/3.12.5/envs/letters_home/lib/python3.12/site-packages/airflow/example_dags/example_display_name.py
[2024-09-10T02:00:20.266+0800] {processor.py:925} INFO - DAG(s) 'example_display_name' retrieved from /Users/erniesg/.pyenv/versions/3.12.5/envs/letters_home/lib/python3.12/site-packages/airflow/example_dags/example_display_name.py
[2024-09-10T02:00:20.304+0800] {logging_mixin.py:190} INFO - [2024-09-10T02:00:20.304+0800] {dag.py:3229} INFO - Sync 1 DAGs
[2024-09-10T02:00:20.308+0800] {logging_mixin.py:190} INFO - [2024-09-10T02:00:20.308+0800] {dag.py:4156} INFO - Setting next_dagrun for example_display_name to None, run_after=None
[2024-09-10T02:00:20.316+0800] {processor.py:208} INFO - Processing /Users/erniesg/.pyenv/versions/3.12.5/envs/letters_home/lib/python3.12/site-packages/airflow/example_dags/example_display_name.py took 0.067 seconds
[2024-09-10T02:03:00.071+0800] {processor.py:186} INFO - Started process (PID=68019) to work on /Users/erniesg/.pyenv/versions/3.12.5/envs/letters_home/lib/python3.12/site-packages/airflow/example_dags/example_display_name.py
[2024-09-10T02:03:00.071+0800] {processor.py:914} INFO - Processing file /Users/erniesg/.pyenv/versions/3.12.5/envs/letters_home/lib/python3.12/site-packages/airflow/example_dags/example_display_name.py for tasks to queue
[2024-09-10T02:03:00.072+0800] {logging_mixin.py:190} INFO - [2024-09-10T02:03:00.072+0800] {dagbag.py:587} INFO - Filling up the DagBag from /Users/erniesg/.pyenv/versions/3.12.5/envs/letters_home/lib/python3.12/site-packages/airflow/example_dags/example_display_name.py
[2024-09-10T02:03:00.087+0800] {processor.py:925} INFO - DAG(s) 'example_display_name' retrieved from /Users/erniesg/.pyenv/versions/3.12.5/envs/letters_home/lib/python3.12/site-packages/airflow/example_dags/example_display_name.py
[2024-09-10T02:03:00.123+0800] {logging_mixin.py:190} INFO - [2024-09-10T02:03:00.122+0800] {dag.py:3229} INFO - Sync 1 DAGs
[2024-09-10T02:03:00.126+0800] {logging_mixin.py:190} INFO - [2024-09-10T02:03:00.126+0800] {dag.py:4156} INFO - Setting next_dagrun for example_display_name to None, run_after=None
[2024-09-10T02:03:00.133+0800] {processor.py:208} INFO - Processing /Users/erniesg/.pyenv/versions/3.12.5/envs/letters_home/lib/python3.12/site-packages/airflow/example_dags/example_display_name.py took 0.063 seconds
[2024-09-10T02:06:00.456+0800] {processor.py:186} INFO - Started process (PID=68218) to work on /Users/erniesg/.pyenv/versions/3.12.5/envs/letters_home/lib/python3.12/site-packages/airflow/example_dags/example_display_name.py
[2024-09-10T02:06:00.457+0800] {processor.py:914} INFO - Processing file /Users/erniesg/.pyenv/versions/3.12.5/envs/letters_home/lib/python3.12/site-packages/airflow/example_dags/example_display_name.py for tasks to queue
[2024-09-10T02:06:00.457+0800] {logging_mixin.py:190} INFO - [2024-09-10T02:06:00.457+0800] {dagbag.py:587} INFO - Filling up the DagBag from /Users/erniesg/.pyenv/versions/3.12.5/envs/letters_home/lib/python3.12/site-packages/airflow/example_dags/example_display_name.py
[2024-09-10T02:06:00.472+0800] {processor.py:925} INFO - DAG(s) 'example_display_name' retrieved from /Users/erniesg/.pyenv/versions/3.12.5/envs/letters_home/lib/python3.12/site-packages/airflow/example_dags/example_display_name.py
[2024-09-10T02:06:00.510+0800] {logging_mixin.py:190} INFO - [2024-09-10T02:06:00.510+0800] {dag.py:3229} INFO - Sync 1 DAGs
[2024-09-10T02:06:00.514+0800] {logging_mixin.py:190} INFO - [2024-09-10T02:06:00.514+0800] {dag.py:4156} INFO - Setting next_dagrun for example_display_name to None, run_after=None
[2024-09-10T02:06:00.522+0800] {processor.py:208} INFO - Processing /Users/erniesg/.pyenv/versions/3.12.5/envs/letters_home/lib/python3.12/site-packages/airflow/example_dags/example_display_name.py took 0.066 seconds
[2024-09-10T02:08:45.526+0800] {processor.py:186} INFO - Started process (PID=68539) to work on /Users/erniesg/.pyenv/versions/3.12.5/envs/letters_home/lib/python3.12/site-packages/airflow/example_dags/example_display_name.py
[2024-09-10T02:08:45.526+0800] {processor.py:914} INFO - Processing file /Users/erniesg/.pyenv/versions/3.12.5/envs/letters_home/lib/python3.12/site-packages/airflow/example_dags/example_display_name.py for tasks to queue
[2024-09-10T02:08:45.527+0800] {logging_mixin.py:190} INFO - [2024-09-10T02:08:45.527+0800] {dagbag.py:587} INFO - Filling up the DagBag from /Users/erniesg/.pyenv/versions/3.12.5/envs/letters_home/lib/python3.12/site-packages/airflow/example_dags/example_display_name.py
[2024-09-10T02:08:45.542+0800] {processor.py:925} INFO - DAG(s) 'example_display_name' retrieved from /Users/erniesg/.pyenv/versions/3.12.5/envs/letters_home/lib/python3.12/site-packages/airflow/example_dags/example_display_name.py
[2024-09-10T02:08:45.576+0800] {logging_mixin.py:190} INFO - [2024-09-10T02:08:45.576+0800] {dag.py:3229} INFO - Sync 1 DAGs
[2024-09-10T02:08:45.580+0800] {logging_mixin.py:190} INFO - [2024-09-10T02:08:45.580+0800] {dag.py:4156} INFO - Setting next_dagrun for example_display_name to None, run_after=None
[2024-09-10T02:08:45.587+0800] {processor.py:208} INFO - Processing /Users/erniesg/.pyenv/versions/3.12.5/envs/letters_home/lib/python3.12/site-packages/airflow/example_dags/example_display_name.py took 0.062 seconds
[2024-09-10T02:13:19.589+0800] {processor.py:186} INFO - Started process (PID=69298) to work on /Users/erniesg/.pyenv/versions/3.12.5/envs/letters_home/lib/python3.12/site-packages/airflow/example_dags/example_display_name.py
[2024-09-10T02:13:19.590+0800] {processor.py:914} INFO - Processing file /Users/erniesg/.pyenv/versions/3.12.5/envs/letters_home/lib/python3.12/site-packages/airflow/example_dags/example_display_name.py for tasks to queue
[2024-09-10T02:13:19.590+0800] {logging_mixin.py:190} INFO - [2024-09-10T02:13:19.590+0800] {dagbag.py:587} INFO - Filling up the DagBag from /Users/erniesg/.pyenv/versions/3.12.5/envs/letters_home/lib/python3.12/site-packages/airflow/example_dags/example_display_name.py
[2024-09-10T02:13:19.605+0800] {processor.py:925} INFO - DAG(s) 'example_display_name' retrieved from /Users/erniesg/.pyenv/versions/3.12.5/envs/letters_home/lib/python3.12/site-packages/airflow/example_dags/example_display_name.py
[2024-09-10T02:13:19.642+0800] {logging_mixin.py:190} INFO - [2024-09-10T02:13:19.642+0800] {dag.py:3229} INFO - Sync 1 DAGs
[2024-09-10T02:13:19.646+0800] {logging_mixin.py:190} INFO - [2024-09-10T02:13:19.646+0800] {dag.py:4156} INFO - Setting next_dagrun for example_display_name to None, run_after=None
[2024-09-10T02:13:19.653+0800] {processor.py:208} INFO - Processing /Users/erniesg/.pyenv/versions/3.12.5/envs/letters_home/lib/python3.12/site-packages/airflow/example_dags/example_display_name.py took 0.065 seconds
[2024-09-10T02:16:41.976+0800] {processor.py:186} INFO - Started process (PID=69761) to work on /Users/erniesg/.pyenv/versions/3.12.5/envs/letters_home/lib/python3.12/site-packages/airflow/example_dags/example_display_name.py
[2024-09-10T02:16:41.976+0800] {processor.py:914} INFO - Processing file /Users/erniesg/.pyenv/versions/3.12.5/envs/letters_home/lib/python3.12/site-packages/airflow/example_dags/example_display_name.py for tasks to queue
[2024-09-10T02:16:41.977+0800] {logging_mixin.py:190} INFO - [2024-09-10T02:16:41.977+0800] {dagbag.py:587} INFO - Filling up the DagBag from /Users/erniesg/.pyenv/versions/3.12.5/envs/letters_home/lib/python3.12/site-packages/airflow/example_dags/example_display_name.py
[2024-09-10T02:16:41.992+0800] {processor.py:925} INFO - DAG(s) 'example_display_name' retrieved from /Users/erniesg/.pyenv/versions/3.12.5/envs/letters_home/lib/python3.12/site-packages/airflow/example_dags/example_display_name.py
[2024-09-10T02:16:42.029+0800] {logging_mixin.py:190} INFO - [2024-09-10T02:16:42.029+0800] {dag.py:3229} INFO - Sync 1 DAGs
[2024-09-10T02:16:42.033+0800] {logging_mixin.py:190} INFO - [2024-09-10T02:16:42.032+0800] {dag.py:4156} INFO - Setting next_dagrun for example_display_name to None, run_after=None
[2024-09-10T02:16:42.039+0800] {processor.py:208} INFO - Processing /Users/erniesg/.pyenv/versions/3.12.5/envs/letters_home/lib/python3.12/site-packages/airflow/example_dags/example_display_name.py took 0.064 seconds
[2024-09-10T02:19:30.968+0800] {processor.py:186} INFO - Started process (PID=70312) to work on /Users/erniesg/.pyenv/versions/3.12.5/envs/letters_home/lib/python3.12/site-packages/airflow/example_dags/example_display_name.py
[2024-09-10T02:19:30.969+0800] {processor.py:914} INFO - Processing file /Users/erniesg/.pyenv/versions/3.12.5/envs/letters_home/lib/python3.12/site-packages/airflow/example_dags/example_display_name.py for tasks to queue
[2024-09-10T02:19:30.969+0800] {logging_mixin.py:190} INFO - [2024-09-10T02:19:30.969+0800] {dagbag.py:587} INFO - Filling up the DagBag from /Users/erniesg/.pyenv/versions/3.12.5/envs/letters_home/lib/python3.12/site-packages/airflow/example_dags/example_display_name.py
[2024-09-10T02:19:30.985+0800] {processor.py:925} INFO - DAG(s) 'example_display_name' retrieved from /Users/erniesg/.pyenv/versions/3.12.5/envs/letters_home/lib/python3.12/site-packages/airflow/example_dags/example_display_name.py
[2024-09-10T02:19:31.022+0800] {logging_mixin.py:190} INFO - [2024-09-10T02:19:31.022+0800] {dag.py:3229} INFO - Sync 1 DAGs
[2024-09-10T02:19:31.026+0800] {logging_mixin.py:190} INFO - [2024-09-10T02:19:31.026+0800] {dag.py:4156} INFO - Setting next_dagrun for example_display_name to None, run_after=None
[2024-09-10T02:19:31.033+0800] {processor.py:208} INFO - Processing /Users/erniesg/.pyenv/versions/3.12.5/envs/letters_home/lib/python3.12/site-packages/airflow/example_dags/example_display_name.py took 0.066 seconds
