[2024-09-10T01:37:31.030+0800] {processor.py:186} INFO - Started process (PID=57540) to work on /Users/erniesg/.pyenv/versions/3.12.5/envs/letters_home/lib/python3.12/site-packages/airflow/example_dags/example_sla_dag.py
[2024-09-10T01:37:31.030+0800] {processor.py:914} INFO - Processing file /Users/erniesg/.pyenv/versions/3.12.5/envs/letters_home/lib/python3.12/site-packages/airflow/example_dags/example_sla_dag.py for tasks to queue
[2024-09-10T01:37:31.030+0800] {logging_mixin.py:190} INFO - [2024-09-10T01:37:31.030+0800] {dagbag.py:587} INFO - Filling up the DagBag from /Users/erniesg/.pyenv/versions/3.12.5/envs/letters_home/lib/python3.12/site-packages/airflow/example_dags/example_sla_dag.py
[2024-09-10T01:37:31.045+0800] {processor.py:925} INFO - DAG(s) 'example_sla_dag' retrieved from /Users/erniesg/.pyenv/versions/3.12.5/envs/letters_home/lib/python3.12/site-packages/airflow/example_dags/example_sla_dag.py
[2024-09-10T01:37:31.119+0800] {logging_mixin.py:190} INFO - [2024-09-10T01:37:31.119+0800] {override.py:1900} INFO - Created Permission View: can edit on DAG:example_sla_dag
[2024-09-10T01:37:31.122+0800] {logging_mixin.py:190} INFO - [2024-09-10T01:37:31.122+0800] {override.py:1900} INFO - Created Permission View: can delete on DAG:example_sla_dag
[2024-09-10T01:37:31.124+0800] {logging_mixin.py:190} INFO - [2024-09-10T01:37:31.124+0800] {override.py:1900} INFO - Created Permission View: can read on DAG:example_sla_dag
[2024-09-10T01:37:31.128+0800] {logging_mixin.py:190} INFO - [2024-09-10T01:37:31.128+0800] {override.py:1900} INFO - Created Permission View: can delete on DAG Run:example_sla_dag
[2024-09-10T01:37:31.130+0800] {logging_mixin.py:190} INFO - [2024-09-10T01:37:31.130+0800] {override.py:1900} INFO - Created Permission View: menu access on DAG Run:example_sla_dag
[2024-09-10T01:37:31.132+0800] {logging_mixin.py:190} INFO - [2024-09-10T01:37:31.132+0800] {override.py:1900} INFO - Created Permission View: can read on DAG Run:example_sla_dag
[2024-09-10T01:37:31.134+0800] {logging_mixin.py:190} INFO - [2024-09-10T01:37:31.134+0800] {override.py:1900} INFO - Created Permission View: can create on DAG Run:example_sla_dag
[2024-09-10T01:37:31.134+0800] {logging_mixin.py:190} INFO - [2024-09-10T01:37:31.134+0800] {dag.py:3229} INFO - Sync 1 DAGs
[2024-09-10T01:37:31.139+0800] {logging_mixin.py:190} INFO - [2024-09-10T01:37:31.139+0800] {dag.py:3252} INFO - Creating ORM DAG for example_sla_dag
[2024-09-10T01:37:31.143+0800] {logging_mixin.py:190} INFO - [2024-09-10T01:37:31.143+0800] {dag.py:4156} INFO - Setting next_dagrun for example_sla_dag to 2024-09-09 17:34:00+00:00, run_after=2024-09-09 17:36:00+00:00
[2024-09-10T01:37:31.149+0800] {processor.py:208} INFO - Processing /Users/erniesg/.pyenv/versions/3.12.5/envs/letters_home/lib/python3.12/site-packages/airflow/example_dags/example_sla_dag.py took 0.120 seconds
[2024-09-10T01:39:20.740+0800] {processor.py:186} INFO - Started process (PID=58072) to work on /Users/erniesg/.pyenv/versions/3.12.5/envs/letters_home/lib/python3.12/site-packages/airflow/example_dags/example_sla_dag.py
[2024-09-10T01:39:20.741+0800] {processor.py:914} INFO - Processing file /Users/erniesg/.pyenv/versions/3.12.5/envs/letters_home/lib/python3.12/site-packages/airflow/example_dags/example_sla_dag.py for tasks to queue
[2024-09-10T01:39:20.741+0800] {logging_mixin.py:190} INFO - [2024-09-10T01:39:20.741+0800] {dagbag.py:587} INFO - Filling up the DagBag from /Users/erniesg/.pyenv/versions/3.12.5/envs/letters_home/lib/python3.12/site-packages/airflow/example_dags/example_sla_dag.py
[2024-09-10T01:39:20.757+0800] {processor.py:925} INFO - DAG(s) 'example_sla_dag' retrieved from /Users/erniesg/.pyenv/versions/3.12.5/envs/letters_home/lib/python3.12/site-packages/airflow/example_dags/example_sla_dag.py
[2024-09-10T01:39:20.793+0800] {logging_mixin.py:190} INFO - [2024-09-10T01:39:20.793+0800] {dag.py:3229} INFO - Sync 1 DAGs
[2024-09-10T01:39:20.800+0800] {logging_mixin.py:190} INFO - [2024-09-10T01:39:20.800+0800] {dag.py:4156} INFO - Setting next_dagrun for example_sla_dag to 2024-09-09 17:36:00+00:00, run_after=2024-09-09 17:38:00+00:00
[2024-09-10T01:39:20.807+0800] {processor.py:208} INFO - Processing /Users/erniesg/.pyenv/versions/3.12.5/envs/letters_home/lib/python3.12/site-packages/airflow/example_dags/example_sla_dag.py took 0.068 seconds
[2024-09-10T01:40:41.391+0800] {processor.py:186} INFO - Started process (PID=58155) to work on /Users/erniesg/.pyenv/versions/3.12.5/envs/letters_home/lib/python3.12/site-packages/airflow/example_dags/example_sla_dag.py
[2024-09-10T01:40:41.391+0800] {processor.py:914} INFO - Processing file /Users/erniesg/.pyenv/versions/3.12.5/envs/letters_home/lib/python3.12/site-packages/airflow/example_dags/example_sla_dag.py for tasks to queue
[2024-09-10T01:40:41.391+0800] {logging_mixin.py:190} INFO - [2024-09-10T01:40:41.391+0800] {dagbag.py:587} INFO - Filling up the DagBag from /Users/erniesg/.pyenv/versions/3.12.5/envs/letters_home/lib/python3.12/site-packages/airflow/example_dags/example_sla_dag.py
[2024-09-10T01:40:41.406+0800] {processor.py:925} INFO - DAG(s) 'example_sla_dag' retrieved from /Users/erniesg/.pyenv/versions/3.12.5/envs/letters_home/lib/python3.12/site-packages/airflow/example_dags/example_sla_dag.py
[2024-09-10T01:40:41.441+0800] {logging_mixin.py:190} INFO - [2024-09-10T01:40:41.441+0800] {dag.py:3229} INFO - Sync 1 DAGs
[2024-09-10T01:40:41.448+0800] {logging_mixin.py:190} INFO - [2024-09-10T01:40:41.448+0800] {dag.py:4156} INFO - Setting next_dagrun for example_sla_dag to 2024-09-09 17:38:00+00:00, run_after=2024-09-09 17:40:00+00:00
[2024-09-10T01:40:41.455+0800] {processor.py:208} INFO - Processing /Users/erniesg/.pyenv/versions/3.12.5/envs/letters_home/lib/python3.12/site-packages/airflow/example_dags/example_sla_dag.py took 0.065 seconds
[2024-09-10T01:42:00.063+0800] {processor.py:186} INFO - Started process (PID=58217) to work on /Users/erniesg/.pyenv/versions/3.12.5/envs/letters_home/lib/python3.12/site-packages/airflow/example_dags/example_sla_dag.py
[2024-09-10T01:42:00.063+0800] {processor.py:914} INFO - Processing file /Users/erniesg/.pyenv/versions/3.12.5/envs/letters_home/lib/python3.12/site-packages/airflow/example_dags/example_sla_dag.py for tasks to queue
[2024-09-10T01:42:00.064+0800] {logging_mixin.py:190} INFO - [2024-09-10T01:42:00.064+0800] {dagbag.py:587} INFO - Filling up the DagBag from /Users/erniesg/.pyenv/versions/3.12.5/envs/letters_home/lib/python3.12/site-packages/airflow/example_dags/example_sla_dag.py
[2024-09-10T01:42:00.079+0800] {processor.py:925} INFO - DAG(s) 'example_sla_dag' retrieved from /Users/erniesg/.pyenv/versions/3.12.5/envs/letters_home/lib/python3.12/site-packages/airflow/example_dags/example_sla_dag.py
[2024-09-10T01:42:00.114+0800] {logging_mixin.py:190} INFO - [2024-09-10T01:42:00.114+0800] {dag.py:3229} INFO - Sync 1 DAGs
[2024-09-10T01:42:00.121+0800] {logging_mixin.py:190} INFO - [2024-09-10T01:42:00.121+0800] {dag.py:4156} INFO - Setting next_dagrun for example_sla_dag to 2024-09-09 17:40:00+00:00, run_after=2024-09-09 17:42:00+00:00
[2024-09-10T01:42:00.128+0800] {processor.py:208} INFO - Processing /Users/erniesg/.pyenv/versions/3.12.5/envs/letters_home/lib/python3.12/site-packages/airflow/example_dags/example_sla_dag.py took 0.066 seconds
[2024-09-10T01:43:24.111+0800] {processor.py:186} INFO - Started process (PID=58708) to work on /Users/erniesg/.pyenv/versions/3.12.5/envs/letters_home/lib/python3.12/site-packages/airflow/example_dags/example_sla_dag.py
[2024-09-10T01:43:24.111+0800] {processor.py:914} INFO - Processing file /Users/erniesg/.pyenv/versions/3.12.5/envs/letters_home/lib/python3.12/site-packages/airflow/example_dags/example_sla_dag.py for tasks to queue
[2024-09-10T01:43:24.112+0800] {logging_mixin.py:190} INFO - [2024-09-10T01:43:24.112+0800] {dagbag.py:587} INFO - Filling up the DagBag from /Users/erniesg/.pyenv/versions/3.12.5/envs/letters_home/lib/python3.12/site-packages/airflow/example_dags/example_sla_dag.py
[2024-09-10T01:43:24.129+0800] {processor.py:925} INFO - DAG(s) 'example_sla_dag' retrieved from /Users/erniesg/.pyenv/versions/3.12.5/envs/letters_home/lib/python3.12/site-packages/airflow/example_dags/example_sla_dag.py
[2024-09-10T01:43:24.168+0800] {logging_mixin.py:190} INFO - [2024-09-10T01:43:24.168+0800] {dag.py:3229} INFO - Sync 1 DAGs
[2024-09-10T01:43:24.176+0800] {logging_mixin.py:190} INFO - [2024-09-10T01:43:24.176+0800] {dag.py:4156} INFO - Setting next_dagrun for example_sla_dag to 2024-09-09 17:40:00+00:00, run_after=2024-09-09 17:42:00+00:00
[2024-09-10T01:43:24.184+0800] {processor.py:208} INFO - Processing /Users/erniesg/.pyenv/versions/3.12.5/envs/letters_home/lib/python3.12/site-packages/airflow/example_dags/example_sla_dag.py took 0.074 seconds
[2024-09-10T01:59:02.337+0800] {processor.py:186} INFO - Started process (PID=67468) to work on /Users/erniesg/.pyenv/versions/3.12.5/envs/letters_home/lib/python3.12/site-packages/airflow/example_dags/example_sla_dag.py
[2024-09-10T01:59:02.337+0800] {processor.py:914} INFO - Processing file /Users/erniesg/.pyenv/versions/3.12.5/envs/letters_home/lib/python3.12/site-packages/airflow/example_dags/example_sla_dag.py for tasks to queue
[2024-09-10T01:59:02.338+0800] {logging_mixin.py:190} INFO - [2024-09-10T01:59:02.338+0800] {dagbag.py:587} INFO - Filling up the DagBag from /Users/erniesg/.pyenv/versions/3.12.5/envs/letters_home/lib/python3.12/site-packages/airflow/example_dags/example_sla_dag.py
[2024-09-10T01:59:02.353+0800] {processor.py:925} INFO - DAG(s) 'example_sla_dag' retrieved from /Users/erniesg/.pyenv/versions/3.12.5/envs/letters_home/lib/python3.12/site-packages/airflow/example_dags/example_sla_dag.py
[2024-09-10T01:59:02.388+0800] {logging_mixin.py:190} INFO - [2024-09-10T01:59:02.388+0800] {dag.py:3229} INFO - Sync 1 DAGs
[2024-09-10T01:59:02.395+0800] {logging_mixin.py:190} INFO - [2024-09-10T01:59:02.395+0800] {dag.py:4156} INFO - Setting next_dagrun for example_sla_dag to 2024-09-09 17:56:00+00:00, run_after=2024-09-09 17:58:00+00:00
[2024-09-10T01:59:02.402+0800] {processor.py:208} INFO - Processing /Users/erniesg/.pyenv/versions/3.12.5/envs/letters_home/lib/python3.12/site-packages/airflow/example_dags/example_sla_dag.py took 0.066 seconds
[2024-09-10T02:01:25.734+0800] {processor.py:186} INFO - Started process (PID=67902) to work on /Users/erniesg/.pyenv/versions/3.12.5/envs/letters_home/lib/python3.12/site-packages/airflow/example_dags/example_sla_dag.py
[2024-09-10T02:01:25.735+0800] {processor.py:914} INFO - Processing file /Users/erniesg/.pyenv/versions/3.12.5/envs/letters_home/lib/python3.12/site-packages/airflow/example_dags/example_sla_dag.py for tasks to queue
[2024-09-10T02:01:25.735+0800] {logging_mixin.py:190} INFO - [2024-09-10T02:01:25.735+0800] {dagbag.py:587} INFO - Filling up the DagBag from /Users/erniesg/.pyenv/versions/3.12.5/envs/letters_home/lib/python3.12/site-packages/airflow/example_dags/example_sla_dag.py
[2024-09-10T02:01:25.769+0800] {processor.py:925} INFO - DAG(s) 'example_sla_dag' retrieved from /Users/erniesg/.pyenv/versions/3.12.5/envs/letters_home/lib/python3.12/site-packages/airflow/example_dags/example_sla_dag.py
[2024-09-10T02:01:25.807+0800] {logging_mixin.py:190} INFO - [2024-09-10T02:01:25.807+0800] {dag.py:3229} INFO - Sync 1 DAGs
[2024-09-10T02:01:25.814+0800] {logging_mixin.py:190} INFO - [2024-09-10T02:01:25.814+0800] {dag.py:4156} INFO - Setting next_dagrun for example_sla_dag to 2024-09-09 17:58:00+00:00, run_after=2024-09-09 18:00:00+00:00
[2024-09-10T02:01:25.823+0800] {processor.py:208} INFO - Processing /Users/erniesg/.pyenv/versions/3.12.5/envs/letters_home/lib/python3.12/site-packages/airflow/example_dags/example_sla_dag.py took 0.090 seconds
[2024-09-10T02:02:46.119+0800] {processor.py:186} INFO - Started process (PID=67982) to work on /Users/erniesg/.pyenv/versions/3.12.5/envs/letters_home/lib/python3.12/site-packages/airflow/example_dags/example_sla_dag.py
[2024-09-10T02:02:46.119+0800] {processor.py:914} INFO - Processing file /Users/erniesg/.pyenv/versions/3.12.5/envs/letters_home/lib/python3.12/site-packages/airflow/example_dags/example_sla_dag.py for tasks to queue
[2024-09-10T02:02:46.120+0800] {logging_mixin.py:190} INFO - [2024-09-10T02:02:46.120+0800] {dagbag.py:587} INFO - Filling up the DagBag from /Users/erniesg/.pyenv/versions/3.12.5/envs/letters_home/lib/python3.12/site-packages/airflow/example_dags/example_sla_dag.py
[2024-09-10T02:02:46.136+0800] {processor.py:925} INFO - DAG(s) 'example_sla_dag' retrieved from /Users/erniesg/.pyenv/versions/3.12.5/envs/letters_home/lib/python3.12/site-packages/airflow/example_dags/example_sla_dag.py
[2024-09-10T02:02:46.172+0800] {logging_mixin.py:190} INFO - [2024-09-10T02:02:46.172+0800] {dag.py:3229} INFO - Sync 1 DAGs
[2024-09-10T02:02:46.180+0800] {logging_mixin.py:190} INFO - [2024-09-10T02:02:46.180+0800] {dag.py:4156} INFO - Setting next_dagrun for example_sla_dag to 2024-09-09 18:00:00+00:00, run_after=2024-09-09 18:02:00+00:00
[2024-09-10T02:02:46.188+0800] {processor.py:208} INFO - Processing /Users/erniesg/.pyenv/versions/3.12.5/envs/letters_home/lib/python3.12/site-packages/airflow/example_dags/example_sla_dag.py took 0.070 seconds
[2024-09-10T02:04:08.137+0800] {processor.py:186} INFO - Started process (PID=68089) to work on /Users/erniesg/.pyenv/versions/3.12.5/envs/letters_home/lib/python3.12/site-packages/airflow/example_dags/example_sla_dag.py
[2024-09-10T02:04:08.137+0800] {processor.py:914} INFO - Processing file /Users/erniesg/.pyenv/versions/3.12.5/envs/letters_home/lib/python3.12/site-packages/airflow/example_dags/example_sla_dag.py for tasks to queue
[2024-09-10T02:04:08.138+0800] {logging_mixin.py:190} INFO - [2024-09-10T02:04:08.137+0800] {dagbag.py:587} INFO - Filling up the DagBag from /Users/erniesg/.pyenv/versions/3.12.5/envs/letters_home/lib/python3.12/site-packages/airflow/example_dags/example_sla_dag.py
[2024-09-10T02:04:08.154+0800] {processor.py:925} INFO - DAG(s) 'example_sla_dag' retrieved from /Users/erniesg/.pyenv/versions/3.12.5/envs/letters_home/lib/python3.12/site-packages/airflow/example_dags/example_sla_dag.py
[2024-09-10T02:04:08.189+0800] {logging_mixin.py:190} INFO - [2024-09-10T02:04:08.189+0800] {dag.py:3229} INFO - Sync 1 DAGs
[2024-09-10T02:04:08.197+0800] {logging_mixin.py:190} INFO - [2024-09-10T02:04:08.197+0800] {dag.py:4156} INFO - Setting next_dagrun for example_sla_dag to 2024-09-09 18:02:00+00:00, run_after=2024-09-09 18:04:00+00:00
[2024-09-10T02:04:08.204+0800] {processor.py:208} INFO - Processing /Users/erniesg/.pyenv/versions/3.12.5/envs/letters_home/lib/python3.12/site-packages/airflow/example_dags/example_sla_dag.py took 0.069 seconds
[2024-09-10T02:05:43.993+0800] {processor.py:186} INFO - Started process (PID=68208) to work on /Users/erniesg/.pyenv/versions/3.12.5/envs/letters_home/lib/python3.12/site-packages/airflow/example_dags/example_sla_dag.py
[2024-09-10T02:05:43.994+0800] {processor.py:914} INFO - Processing file /Users/erniesg/.pyenv/versions/3.12.5/envs/letters_home/lib/python3.12/site-packages/airflow/example_dags/example_sla_dag.py for tasks to queue
[2024-09-10T02:05:43.994+0800] {logging_mixin.py:190} INFO - [2024-09-10T02:05:43.994+0800] {dagbag.py:587} INFO - Filling up the DagBag from /Users/erniesg/.pyenv/versions/3.12.5/envs/letters_home/lib/python3.12/site-packages/airflow/example_dags/example_sla_dag.py
[2024-09-10T02:05:44.009+0800] {processor.py:925} INFO - DAG(s) 'example_sla_dag' retrieved from /Users/erniesg/.pyenv/versions/3.12.5/envs/letters_home/lib/python3.12/site-packages/airflow/example_dags/example_sla_dag.py
[2024-09-10T02:05:44.047+0800] {logging_mixin.py:190} INFO - [2024-09-10T02:05:44.047+0800] {dag.py:3229} INFO - Sync 1 DAGs
[2024-09-10T02:05:44.054+0800] {logging_mixin.py:190} INFO - [2024-09-10T02:05:44.054+0800] {dag.py:4156} INFO - Setting next_dagrun for example_sla_dag to 2024-09-09 18:02:00+00:00, run_after=2024-09-09 18:04:00+00:00
[2024-09-10T02:05:44.062+0800] {processor.py:208} INFO - Processing /Users/erniesg/.pyenv/versions/3.12.5/envs/letters_home/lib/python3.12/site-packages/airflow/example_dags/example_sla_dag.py took 0.069 seconds
[2024-09-10T02:07:07.709+0800] {processor.py:186} INFO - Started process (PID=68391) to work on /Users/erniesg/.pyenv/versions/3.12.5/envs/letters_home/lib/python3.12/site-packages/airflow/example_dags/example_sla_dag.py
[2024-09-10T02:07:07.710+0800] {processor.py:914} INFO - Processing file /Users/erniesg/.pyenv/versions/3.12.5/envs/letters_home/lib/python3.12/site-packages/airflow/example_dags/example_sla_dag.py for tasks to queue
[2024-09-10T02:07:07.710+0800] {logging_mixin.py:190} INFO - [2024-09-10T02:07:07.710+0800] {dagbag.py:587} INFO - Filling up the DagBag from /Users/erniesg/.pyenv/versions/3.12.5/envs/letters_home/lib/python3.12/site-packages/airflow/example_dags/example_sla_dag.py
[2024-09-10T02:07:07.727+0800] {processor.py:925} INFO - DAG(s) 'example_sla_dag' retrieved from /Users/erniesg/.pyenv/versions/3.12.5/envs/letters_home/lib/python3.12/site-packages/airflow/example_dags/example_sla_dag.py
[2024-09-10T02:07:07.767+0800] {logging_mixin.py:190} INFO - [2024-09-10T02:07:07.766+0800] {dag.py:3229} INFO - Sync 1 DAGs
[2024-09-10T02:07:07.774+0800] {logging_mixin.py:190} INFO - [2024-09-10T02:07:07.774+0800] {dag.py:4156} INFO - Setting next_dagrun for example_sla_dag to 2024-09-09 18:04:00+00:00, run_after=2024-09-09 18:06:00+00:00
[2024-09-10T02:07:07.782+0800] {processor.py:208} INFO - Processing /Users/erniesg/.pyenv/versions/3.12.5/envs/letters_home/lib/python3.12/site-packages/airflow/example_dags/example_sla_dag.py took 0.075 seconds
[2024-09-10T02:08:29.348+0800] {processor.py:186} INFO - Started process (PID=68490) to work on /Users/erniesg/.pyenv/versions/3.12.5/envs/letters_home/lib/python3.12/site-packages/airflow/example_dags/example_sla_dag.py
[2024-09-10T02:08:29.349+0800] {processor.py:914} INFO - Processing file /Users/erniesg/.pyenv/versions/3.12.5/envs/letters_home/lib/python3.12/site-packages/airflow/example_dags/example_sla_dag.py for tasks to queue
[2024-09-10T02:08:29.349+0800] {logging_mixin.py:190} INFO - [2024-09-10T02:08:29.349+0800] {dagbag.py:587} INFO - Filling up the DagBag from /Users/erniesg/.pyenv/versions/3.12.5/envs/letters_home/lib/python3.12/site-packages/airflow/example_dags/example_sla_dag.py
[2024-09-10T02:08:29.364+0800] {processor.py:925} INFO - DAG(s) 'example_sla_dag' retrieved from /Users/erniesg/.pyenv/versions/3.12.5/envs/letters_home/lib/python3.12/site-packages/airflow/example_dags/example_sla_dag.py
[2024-09-10T02:08:29.400+0800] {logging_mixin.py:190} INFO - [2024-09-10T02:08:29.400+0800] {dag.py:3229} INFO - Sync 1 DAGs
[2024-09-10T02:08:29.407+0800] {logging_mixin.py:190} INFO - [2024-09-10T02:08:29.407+0800] {dag.py:4156} INFO - Setting next_dagrun for example_sla_dag to 2024-09-09 18:06:00+00:00, run_after=2024-09-09 18:08:00+00:00
[2024-09-10T02:08:29.414+0800] {processor.py:208} INFO - Processing /Users/erniesg/.pyenv/versions/3.12.5/envs/letters_home/lib/python3.12/site-packages/airflow/example_dags/example_sla_dag.py took 0.067 seconds
[2024-09-10T02:09:54.024+0800] {processor.py:186} INFO - Started process (PID=68602) to work on /Users/erniesg/.pyenv/versions/3.12.5/envs/letters_home/lib/python3.12/site-packages/airflow/example_dags/example_sla_dag.py
[2024-09-10T02:09:54.025+0800] {processor.py:914} INFO - Processing file /Users/erniesg/.pyenv/versions/3.12.5/envs/letters_home/lib/python3.12/site-packages/airflow/example_dags/example_sla_dag.py for tasks to queue
[2024-09-10T02:09:54.025+0800] {logging_mixin.py:190} INFO - [2024-09-10T02:09:54.025+0800] {dagbag.py:587} INFO - Filling up the DagBag from /Users/erniesg/.pyenv/versions/3.12.5/envs/letters_home/lib/python3.12/site-packages/airflow/example_dags/example_sla_dag.py
[2024-09-10T02:09:54.042+0800] {processor.py:925} INFO - DAG(s) 'example_sla_dag' retrieved from /Users/erniesg/.pyenv/versions/3.12.5/envs/letters_home/lib/python3.12/site-packages/airflow/example_dags/example_sla_dag.py
[2024-09-10T02:09:54.079+0800] {logging_mixin.py:190} INFO - [2024-09-10T02:09:54.078+0800] {dag.py:3229} INFO - Sync 1 DAGs
[2024-09-10T02:09:54.086+0800] {logging_mixin.py:190} INFO - [2024-09-10T02:09:54.086+0800] {dag.py:4156} INFO - Setting next_dagrun for example_sla_dag to 2024-09-09 18:06:00+00:00, run_after=2024-09-09 18:08:00+00:00
[2024-09-10T02:09:54.093+0800] {processor.py:208} INFO - Processing /Users/erniesg/.pyenv/versions/3.12.5/envs/letters_home/lib/python3.12/site-packages/airflow/example_dags/example_sla_dag.py took 0.069 seconds
[2024-09-10T02:11:42.169+0800] {processor.py:186} INFO - Started process (PID=69050) to work on /Users/erniesg/.pyenv/versions/3.12.5/envs/letters_home/lib/python3.12/site-packages/airflow/example_dags/example_sla_dag.py
[2024-09-10T02:11:42.169+0800] {processor.py:914} INFO - Processing file /Users/erniesg/.pyenv/versions/3.12.5/envs/letters_home/lib/python3.12/site-packages/airflow/example_dags/example_sla_dag.py for tasks to queue
[2024-09-10T02:11:42.170+0800] {logging_mixin.py:190} INFO - [2024-09-10T02:11:42.170+0800] {dagbag.py:587} INFO - Filling up the DagBag from /Users/erniesg/.pyenv/versions/3.12.5/envs/letters_home/lib/python3.12/site-packages/airflow/example_dags/example_sla_dag.py
[2024-09-10T02:11:42.185+0800] {processor.py:925} INFO - DAG(s) 'example_sla_dag' retrieved from /Users/erniesg/.pyenv/versions/3.12.5/envs/letters_home/lib/python3.12/site-packages/airflow/example_dags/example_sla_dag.py
[2024-09-10T02:11:42.220+0800] {logging_mixin.py:190} INFO - [2024-09-10T02:11:42.220+0800] {dag.py:3229} INFO - Sync 1 DAGs
[2024-09-10T02:11:42.228+0800] {logging_mixin.py:190} INFO - [2024-09-10T02:11:42.228+0800] {dag.py:4156} INFO - Setting next_dagrun for example_sla_dag to 2024-09-09 18:08:00+00:00, run_after=2024-09-09 18:10:00+00:00
[2024-09-10T02:11:42.236+0800] {processor.py:208} INFO - Processing /Users/erniesg/.pyenv/versions/3.12.5/envs/letters_home/lib/python3.12/site-packages/airflow/example_dags/example_sla_dag.py took 0.068 seconds
[2024-09-10T02:12:33.778+0800] {processor.py:186} INFO - Started process (PID=69265) to work on /Users/erniesg/.pyenv/versions/3.12.5/envs/letters_home/lib/python3.12/site-packages/airflow/example_dags/example_sla_dag.py
[2024-09-10T02:12:33.779+0800] {processor.py:914} INFO - Processing file /Users/erniesg/.pyenv/versions/3.12.5/envs/letters_home/lib/python3.12/site-packages/airflow/example_dags/example_sla_dag.py for tasks to queue
[2024-09-10T02:12:33.779+0800] {logging_mixin.py:190} INFO - [2024-09-10T02:12:33.779+0800] {dagbag.py:587} INFO - Filling up the DagBag from /Users/erniesg/.pyenv/versions/3.12.5/envs/letters_home/lib/python3.12/site-packages/airflow/example_dags/example_sla_dag.py
[2024-09-10T02:12:33.795+0800] {processor.py:925} INFO - DAG(s) 'example_sla_dag' retrieved from /Users/erniesg/.pyenv/versions/3.12.5/envs/letters_home/lib/python3.12/site-packages/airflow/example_dags/example_sla_dag.py
[2024-09-10T02:12:33.832+0800] {logging_mixin.py:190} INFO - [2024-09-10T02:12:33.832+0800] {dag.py:3229} INFO - Sync 1 DAGs
[2024-09-10T02:12:33.839+0800] {logging_mixin.py:190} INFO - [2024-09-10T02:12:33.839+0800] {dag.py:4156} INFO - Setting next_dagrun for example_sla_dag to 2024-09-09 18:10:00+00:00, run_after=2024-09-09 18:12:00+00:00
[2024-09-10T02:12:33.846+0800] {processor.py:208} INFO - Processing /Users/erniesg/.pyenv/versions/3.12.5/envs/letters_home/lib/python3.12/site-packages/airflow/example_dags/example_sla_dag.py took 0.069 seconds
[2024-09-10T02:14:28.063+0800] {processor.py:186} INFO - Started process (PID=69359) to work on /Users/erniesg/.pyenv/versions/3.12.5/envs/letters_home/lib/python3.12/site-packages/airflow/example_dags/example_sla_dag.py
[2024-09-10T02:14:28.064+0800] {processor.py:914} INFO - Processing file /Users/erniesg/.pyenv/versions/3.12.5/envs/letters_home/lib/python3.12/site-packages/airflow/example_dags/example_sla_dag.py for tasks to queue
[2024-09-10T02:14:28.064+0800] {logging_mixin.py:190} INFO - [2024-09-10T02:14:28.064+0800] {dagbag.py:587} INFO - Filling up the DagBag from /Users/erniesg/.pyenv/versions/3.12.5/envs/letters_home/lib/python3.12/site-packages/airflow/example_dags/example_sla_dag.py
[2024-09-10T02:14:28.081+0800] {processor.py:925} INFO - DAG(s) 'example_sla_dag' retrieved from /Users/erniesg/.pyenv/versions/3.12.5/envs/letters_home/lib/python3.12/site-packages/airflow/example_dags/example_sla_dag.py
[2024-09-10T02:14:28.119+0800] {logging_mixin.py:190} INFO - [2024-09-10T02:14:28.119+0800] {dag.py:3229} INFO - Sync 1 DAGs
[2024-09-10T02:14:28.127+0800] {logging_mixin.py:190} INFO - [2024-09-10T02:14:28.127+0800] {dag.py:4156} INFO - Setting next_dagrun for example_sla_dag to 2024-09-09 18:12:00+00:00, run_after=2024-09-09 18:14:00+00:00
[2024-09-10T02:14:28.135+0800] {processor.py:208} INFO - Processing /Users/erniesg/.pyenv/versions/3.12.5/envs/letters_home/lib/python3.12/site-packages/airflow/example_dags/example_sla_dag.py took 0.073 seconds
[2024-09-10T02:15:56.086+0800] {processor.py:186} INFO - Started process (PID=69713) to work on /Users/erniesg/.pyenv/versions/3.12.5/envs/letters_home/lib/python3.12/site-packages/airflow/example_dags/example_sla_dag.py
[2024-09-10T02:15:56.086+0800] {processor.py:914} INFO - Processing file /Users/erniesg/.pyenv/versions/3.12.5/envs/letters_home/lib/python3.12/site-packages/airflow/example_dags/example_sla_dag.py for tasks to queue
[2024-09-10T02:15:56.087+0800] {logging_mixin.py:190} INFO - [2024-09-10T02:15:56.087+0800] {dagbag.py:587} INFO - Filling up the DagBag from /Users/erniesg/.pyenv/versions/3.12.5/envs/letters_home/lib/python3.12/site-packages/airflow/example_dags/example_sla_dag.py
[2024-09-10T02:15:56.103+0800] {processor.py:925} INFO - DAG(s) 'example_sla_dag' retrieved from /Users/erniesg/.pyenv/versions/3.12.5/envs/letters_home/lib/python3.12/site-packages/airflow/example_dags/example_sla_dag.py
[2024-09-10T02:15:56.138+0800] {logging_mixin.py:190} INFO - [2024-09-10T02:15:56.138+0800] {dag.py:3229} INFO - Sync 1 DAGs
[2024-09-10T02:15:56.146+0800] {logging_mixin.py:190} INFO - [2024-09-10T02:15:56.146+0800] {dag.py:4156} INFO - Setting next_dagrun for example_sla_dag to 2024-09-09 18:12:00+00:00, run_after=2024-09-09 18:14:00+00:00
[2024-09-10T02:15:56.158+0800] {processor.py:208} INFO - Processing /Users/erniesg/.pyenv/versions/3.12.5/envs/letters_home/lib/python3.12/site-packages/airflow/example_dags/example_sla_dag.py took 0.073 seconds
[2024-09-10T02:17:52.690+0800] {processor.py:186} INFO - Started process (PID=69844) to work on /Users/erniesg/.pyenv/versions/3.12.5/envs/letters_home/lib/python3.12/site-packages/airflow/example_dags/example_sla_dag.py
[2024-09-10T02:17:52.690+0800] {processor.py:914} INFO - Processing file /Users/erniesg/.pyenv/versions/3.12.5/envs/letters_home/lib/python3.12/site-packages/airflow/example_dags/example_sla_dag.py for tasks to queue
[2024-09-10T02:17:52.690+0800] {logging_mixin.py:190} INFO - [2024-09-10T02:17:52.690+0800] {dagbag.py:587} INFO - Filling up the DagBag from /Users/erniesg/.pyenv/versions/3.12.5/envs/letters_home/lib/python3.12/site-packages/airflow/example_dags/example_sla_dag.py
[2024-09-10T02:17:52.706+0800] {processor.py:925} INFO - DAG(s) 'example_sla_dag' retrieved from /Users/erniesg/.pyenv/versions/3.12.5/envs/letters_home/lib/python3.12/site-packages/airflow/example_dags/example_sla_dag.py
[2024-09-10T02:17:52.742+0800] {logging_mixin.py:190} INFO - [2024-09-10T02:17:52.741+0800] {dag.py:3229} INFO - Sync 1 DAGs
[2024-09-10T02:17:52.748+0800] {logging_mixin.py:190} INFO - [2024-09-10T02:17:52.748+0800] {dag.py:4156} INFO - Setting next_dagrun for example_sla_dag to 2024-09-09 18:14:00+00:00, run_after=2024-09-09 18:16:00+00:00
[2024-09-10T02:17:52.755+0800] {processor.py:208} INFO - Processing /Users/erniesg/.pyenv/versions/3.12.5/envs/letters_home/lib/python3.12/site-packages/airflow/example_dags/example_sla_dag.py took 0.067 seconds
[2024-09-10T02:19:14.791+0800] {processor.py:186} INFO - Started process (PID=70288) to work on /Users/erniesg/.pyenv/versions/3.12.5/envs/letters_home/lib/python3.12/site-packages/airflow/example_dags/example_sla_dag.py
[2024-09-10T02:19:14.792+0800] {processor.py:914} INFO - Processing file /Users/erniesg/.pyenv/versions/3.12.5/envs/letters_home/lib/python3.12/site-packages/airflow/example_dags/example_sla_dag.py for tasks to queue
[2024-09-10T02:19:14.792+0800] {logging_mixin.py:190} INFO - [2024-09-10T02:19:14.792+0800] {dagbag.py:587} INFO - Filling up the DagBag from /Users/erniesg/.pyenv/versions/3.12.5/envs/letters_home/lib/python3.12/site-packages/airflow/example_dags/example_sla_dag.py
[2024-09-10T02:19:14.808+0800] {processor.py:925} INFO - DAG(s) 'example_sla_dag' retrieved from /Users/erniesg/.pyenv/versions/3.12.5/envs/letters_home/lib/python3.12/site-packages/airflow/example_dags/example_sla_dag.py
[2024-09-10T02:19:14.848+0800] {logging_mixin.py:190} INFO - [2024-09-10T02:19:14.848+0800] {dag.py:3229} INFO - Sync 1 DAGs
[2024-09-10T02:19:14.856+0800] {logging_mixin.py:190} INFO - [2024-09-10T02:19:14.856+0800] {dag.py:4156} INFO - Setting next_dagrun for example_sla_dag to 2024-09-09 18:16:00+00:00, run_after=2024-09-09 18:18:00+00:00
[2024-09-10T02:19:14.865+0800] {processor.py:208} INFO - Processing /Users/erniesg/.pyenv/versions/3.12.5/envs/letters_home/lib/python3.12/site-packages/airflow/example_dags/example_sla_dag.py took 0.075 seconds
[2024-09-10T02:20:39.454+0800] {processor.py:186} INFO - Started process (PID=70387) to work on /Users/erniesg/.pyenv/versions/3.12.5/envs/letters_home/lib/python3.12/site-packages/airflow/example_dags/example_sla_dag.py
[2024-09-10T02:20:39.455+0800] {processor.py:914} INFO - Processing file /Users/erniesg/.pyenv/versions/3.12.5/envs/letters_home/lib/python3.12/site-packages/airflow/example_dags/example_sla_dag.py for tasks to queue
[2024-09-10T02:20:39.455+0800] {logging_mixin.py:190} INFO - [2024-09-10T02:20:39.455+0800] {dagbag.py:587} INFO - Filling up the DagBag from /Users/erniesg/.pyenv/versions/3.12.5/envs/letters_home/lib/python3.12/site-packages/airflow/example_dags/example_sla_dag.py
[2024-09-10T02:20:39.471+0800] {processor.py:925} INFO - DAG(s) 'example_sla_dag' retrieved from /Users/erniesg/.pyenv/versions/3.12.5/envs/letters_home/lib/python3.12/site-packages/airflow/example_dags/example_sla_dag.py
[2024-09-10T02:20:39.507+0800] {logging_mixin.py:190} INFO - [2024-09-10T02:20:39.507+0800] {dag.py:3229} INFO - Sync 1 DAGs
[2024-09-10T02:20:39.514+0800] {logging_mixin.py:190} INFO - [2024-09-10T02:20:39.514+0800] {dag.py:4156} INFO - Setting next_dagrun for example_sla_dag to 2024-09-09 18:18:00+00:00, run_after=2024-09-09 18:20:00+00:00
[2024-09-10T02:20:39.521+0800] {processor.py:208} INFO - Processing /Users/erniesg/.pyenv/versions/3.12.5/envs/letters_home/lib/python3.12/site-packages/airflow/example_dags/example_sla_dag.py took 0.068 seconds
