[2024-09-10T01:38:32.704+0800] {processor.py:186} INFO - Started process (PID=58040) to work on /Users/erniesg/.pyenv/versions/3.12.5/envs/letters_home/lib/python3.12/site-packages/airflow/example_dags/example_branch_labels.py
[2024-09-10T01:38:32.705+0800] {processor.py:914} INFO - Processing file /Users/erniesg/.pyenv/versions/3.12.5/envs/letters_home/lib/python3.12/site-packages/airflow/example_dags/example_branch_labels.py for tasks to queue
[2024-09-10T01:38:32.705+0800] {logging_mixin.py:190} INFO - [2024-09-10T01:38:32.705+0800] {dagbag.py:587} INFO - Filling up the DagBag from /Users/erniesg/.pyenv/versions/3.12.5/envs/letters_home/lib/python3.12/site-packages/airflow/example_dags/example_branch_labels.py
[2024-09-10T01:38:32.708+0800] {processor.py:925} INFO - DAG(s) 'example_branch_labels' retrieved from /Users/erniesg/.pyenv/versions/3.12.5/envs/letters_home/lib/python3.12/site-packages/airflow/example_dags/example_branch_labels.py
[2024-09-10T01:38:32.785+0800] {logging_mixin.py:190} INFO - [2024-09-10T01:38:32.784+0800] {override.py:1900} INFO - Created Permission View: can delete on DAG:example_branch_labels
[2024-09-10T01:38:32.788+0800] {logging_mixin.py:190} INFO - [2024-09-10T01:38:32.788+0800] {override.py:1900} INFO - Created Permission View: can edit on DAG:example_branch_labels
[2024-09-10T01:38:32.790+0800] {logging_mixin.py:190} INFO - [2024-09-10T01:38:32.790+0800] {override.py:1900} INFO - Created Permission View: can read on DAG:example_branch_labels
[2024-09-10T01:38:32.793+0800] {logging_mixin.py:190} INFO - [2024-09-10T01:38:32.793+0800] {override.py:1900} INFO - Created Permission View: can create on DAG Run:example_branch_labels
[2024-09-10T01:38:32.795+0800] {logging_mixin.py:190} INFO - [2024-09-10T01:38:32.795+0800] {override.py:1900} INFO - Created Permission View: can delete on DAG Run:example_branch_labels
[2024-09-10T01:38:32.797+0800] {logging_mixin.py:190} INFO - [2024-09-10T01:38:32.797+0800] {override.py:1900} INFO - Created Permission View: menu access on DAG Run:example_branch_labels
[2024-09-10T01:38:32.799+0800] {logging_mixin.py:190} INFO - [2024-09-10T01:38:32.799+0800] {override.py:1900} INFO - Created Permission View: can read on DAG Run:example_branch_labels
[2024-09-10T01:38:32.799+0800] {logging_mixin.py:190} INFO - [2024-09-10T01:38:32.799+0800] {dag.py:3229} INFO - Sync 1 DAGs
[2024-09-10T01:38:32.803+0800] {logging_mixin.py:190} INFO - [2024-09-10T01:38:32.803+0800] {dag.py:3252} INFO - Creating ORM DAG for example_branch_labels
[2024-09-10T01:38:32.806+0800] {logging_mixin.py:190} INFO - [2024-09-10T01:38:32.806+0800] {dag.py:4156} INFO - Setting next_dagrun for example_branch_labels to 2024-09-08 00:00:00+00:00, run_after=2024-09-09 00:00:00+00:00
[2024-09-10T01:38:32.811+0800] {processor.py:208} INFO - Processing /Users/erniesg/.pyenv/versions/3.12.5/envs/letters_home/lib/python3.12/site-packages/airflow/example_dags/example_branch_labels.py took 0.108 seconds
[2024-09-10T01:41:10.852+0800] {processor.py:186} INFO - Started process (PID=58176) to work on /Users/erniesg/.pyenv/versions/3.12.5/envs/letters_home/lib/python3.12/site-packages/airflow/example_dags/example_branch_labels.py
[2024-09-10T01:41:10.853+0800] {processor.py:914} INFO - Processing file /Users/erniesg/.pyenv/versions/3.12.5/envs/letters_home/lib/python3.12/site-packages/airflow/example_dags/example_branch_labels.py for tasks to queue
[2024-09-10T01:41:10.853+0800] {logging_mixin.py:190} INFO - [2024-09-10T01:41:10.853+0800] {dagbag.py:587} INFO - Filling up the DagBag from /Users/erniesg/.pyenv/versions/3.12.5/envs/letters_home/lib/python3.12/site-packages/airflow/example_dags/example_branch_labels.py
[2024-09-10T01:41:10.856+0800] {processor.py:925} INFO - DAG(s) 'example_branch_labels' retrieved from /Users/erniesg/.pyenv/versions/3.12.5/envs/letters_home/lib/python3.12/site-packages/airflow/example_dags/example_branch_labels.py
[2024-09-10T01:41:10.893+0800] {logging_mixin.py:190} INFO - [2024-09-10T01:41:10.893+0800] {dag.py:3229} INFO - Sync 1 DAGs
[2024-09-10T01:41:10.900+0800] {logging_mixin.py:190} INFO - [2024-09-10T01:41:10.900+0800] {dag.py:4156} INFO - Setting next_dagrun for example_branch_labels to 2024-09-08 00:00:00+00:00, run_after=2024-09-09 00:00:00+00:00
[2024-09-10T01:41:10.907+0800] {processor.py:208} INFO - Processing /Users/erniesg/.pyenv/versions/3.12.5/envs/letters_home/lib/python3.12/site-packages/airflow/example_dags/example_branch_labels.py took 0.056 seconds
[2024-09-10T01:43:55.979+0800] {processor.py:186} INFO - Started process (PID=58728) to work on /Users/erniesg/.pyenv/versions/3.12.5/envs/letters_home/lib/python3.12/site-packages/airflow/example_dags/example_branch_labels.py
[2024-09-10T01:43:55.979+0800] {processor.py:914} INFO - Processing file /Users/erniesg/.pyenv/versions/3.12.5/envs/letters_home/lib/python3.12/site-packages/airflow/example_dags/example_branch_labels.py for tasks to queue
[2024-09-10T01:43:55.979+0800] {logging_mixin.py:190} INFO - [2024-09-10T01:43:55.979+0800] {dagbag.py:587} INFO - Filling up the DagBag from /Users/erniesg/.pyenv/versions/3.12.5/envs/letters_home/lib/python3.12/site-packages/airflow/example_dags/example_branch_labels.py
[2024-09-10T01:43:55.983+0800] {processor.py:925} INFO - DAG(s) 'example_branch_labels' retrieved from /Users/erniesg/.pyenv/versions/3.12.5/envs/letters_home/lib/python3.12/site-packages/airflow/example_dags/example_branch_labels.py
[2024-09-10T01:43:56.021+0800] {logging_mixin.py:190} INFO - [2024-09-10T01:43:56.021+0800] {dag.py:3229} INFO - Sync 1 DAGs
[2024-09-10T01:43:56.028+0800] {logging_mixin.py:190} INFO - [2024-09-10T01:43:56.028+0800] {dag.py:4156} INFO - Setting next_dagrun for example_branch_labels to 2024-09-08 00:00:00+00:00, run_after=2024-09-09 00:00:00+00:00
[2024-09-10T01:43:56.035+0800] {processor.py:208} INFO - Processing /Users/erniesg/.pyenv/versions/3.12.5/envs/letters_home/lib/python3.12/site-packages/airflow/example_dags/example_branch_labels.py took 0.057 seconds
[2024-09-10T02:00:36.864+0800] {processor.py:186} INFO - Started process (PID=67622) to work on /Users/erniesg/.pyenv/versions/3.12.5/envs/letters_home/lib/python3.12/site-packages/airflow/example_dags/example_branch_labels.py
[2024-09-10T02:00:36.866+0800] {processor.py:914} INFO - Processing file /Users/erniesg/.pyenv/versions/3.12.5/envs/letters_home/lib/python3.12/site-packages/airflow/example_dags/example_branch_labels.py for tasks to queue
[2024-09-10T02:00:36.866+0800] {logging_mixin.py:190} INFO - [2024-09-10T02:00:36.866+0800] {dagbag.py:587} INFO - Filling up the DagBag from /Users/erniesg/.pyenv/versions/3.12.5/envs/letters_home/lib/python3.12/site-packages/airflow/example_dags/example_branch_labels.py
[2024-09-10T02:00:36.869+0800] {processor.py:925} INFO - DAG(s) 'example_branch_labels' retrieved from /Users/erniesg/.pyenv/versions/3.12.5/envs/letters_home/lib/python3.12/site-packages/airflow/example_dags/example_branch_labels.py
[2024-09-10T02:00:36.905+0800] {logging_mixin.py:190} INFO - [2024-09-10T02:00:36.905+0800] {dag.py:3229} INFO - Sync 1 DAGs
[2024-09-10T02:00:36.912+0800] {logging_mixin.py:190} INFO - [2024-09-10T02:00:36.912+0800] {dag.py:4156} INFO - Setting next_dagrun for example_branch_labels to 2024-09-08 00:00:00+00:00, run_after=2024-09-09 00:00:00+00:00
[2024-09-10T02:00:36.918+0800] {processor.py:208} INFO - Processing /Users/erniesg/.pyenv/versions/3.12.5/envs/letters_home/lib/python3.12/site-packages/airflow/example_dags/example_branch_labels.py took 0.055 seconds
[2024-09-10T02:03:17.736+0800] {processor.py:186} INFO - Started process (PID=68034) to work on /Users/erniesg/.pyenv/versions/3.12.5/envs/letters_home/lib/python3.12/site-packages/airflow/example_dags/example_branch_labels.py
[2024-09-10T02:03:17.736+0800] {processor.py:914} INFO - Processing file /Users/erniesg/.pyenv/versions/3.12.5/envs/letters_home/lib/python3.12/site-packages/airflow/example_dags/example_branch_labels.py for tasks to queue
[2024-09-10T02:03:17.737+0800] {logging_mixin.py:190} INFO - [2024-09-10T02:03:17.736+0800] {dagbag.py:587} INFO - Filling up the DagBag from /Users/erniesg/.pyenv/versions/3.12.5/envs/letters_home/lib/python3.12/site-packages/airflow/example_dags/example_branch_labels.py
[2024-09-10T02:03:17.740+0800] {processor.py:925} INFO - DAG(s) 'example_branch_labels' retrieved from /Users/erniesg/.pyenv/versions/3.12.5/envs/letters_home/lib/python3.12/site-packages/airflow/example_dags/example_branch_labels.py
[2024-09-10T02:03:17.780+0800] {logging_mixin.py:190} INFO - [2024-09-10T02:03:17.779+0800] {dag.py:3229} INFO - Sync 1 DAGs
[2024-09-10T02:03:17.787+0800] {logging_mixin.py:190} INFO - [2024-09-10T02:03:17.787+0800] {dag.py:4156} INFO - Setting next_dagrun for example_branch_labels to 2024-09-08 00:00:00+00:00, run_after=2024-09-09 00:00:00+00:00
[2024-09-10T02:03:17.794+0800] {processor.py:208} INFO - Processing /Users/erniesg/.pyenv/versions/3.12.5/envs/letters_home/lib/python3.12/site-packages/airflow/example_dags/example_branch_labels.py took 0.060 seconds
[2024-09-10T02:06:18.333+0800] {processor.py:186} INFO - Started process (PID=68241) to work on /Users/erniesg/.pyenv/versions/3.12.5/envs/letters_home/lib/python3.12/site-packages/airflow/example_dags/example_branch_labels.py
[2024-09-10T02:06:18.333+0800] {processor.py:914} INFO - Processing file /Users/erniesg/.pyenv/versions/3.12.5/envs/letters_home/lib/python3.12/site-packages/airflow/example_dags/example_branch_labels.py for tasks to queue
[2024-09-10T02:06:18.334+0800] {logging_mixin.py:190} INFO - [2024-09-10T02:06:18.333+0800] {dagbag.py:587} INFO - Filling up the DagBag from /Users/erniesg/.pyenv/versions/3.12.5/envs/letters_home/lib/python3.12/site-packages/airflow/example_dags/example_branch_labels.py
[2024-09-10T02:06:18.337+0800] {processor.py:925} INFO - DAG(s) 'example_branch_labels' retrieved from /Users/erniesg/.pyenv/versions/3.12.5/envs/letters_home/lib/python3.12/site-packages/airflow/example_dags/example_branch_labels.py
[2024-09-10T02:06:18.376+0800] {logging_mixin.py:190} INFO - [2024-09-10T02:06:18.375+0800] {dag.py:3229} INFO - Sync 1 DAGs
[2024-09-10T02:06:18.383+0800] {logging_mixin.py:190} INFO - [2024-09-10T02:06:18.383+0800] {dag.py:4156} INFO - Setting next_dagrun for example_branch_labels to 2024-09-08 00:00:00+00:00, run_after=2024-09-09 00:00:00+00:00
[2024-09-10T02:06:18.390+0800] {processor.py:208} INFO - Processing /Users/erniesg/.pyenv/versions/3.12.5/envs/letters_home/lib/python3.12/site-packages/airflow/example_dags/example_branch_labels.py took 0.058 seconds
[2024-09-10T02:09:04.013+0800] {processor.py:186} INFO - Started process (PID=68557) to work on /Users/erniesg/.pyenv/versions/3.12.5/envs/letters_home/lib/python3.12/site-packages/airflow/example_dags/example_branch_labels.py
[2024-09-10T02:09:04.014+0800] {processor.py:914} INFO - Processing file /Users/erniesg/.pyenv/versions/3.12.5/envs/letters_home/lib/python3.12/site-packages/airflow/example_dags/example_branch_labels.py for tasks to queue
[2024-09-10T02:09:04.014+0800] {logging_mixin.py:190} INFO - [2024-09-10T02:09:04.014+0800] {dagbag.py:587} INFO - Filling up the DagBag from /Users/erniesg/.pyenv/versions/3.12.5/envs/letters_home/lib/python3.12/site-packages/airflow/example_dags/example_branch_labels.py
[2024-09-10T02:09:04.019+0800] {processor.py:925} INFO - DAG(s) 'example_branch_labels' retrieved from /Users/erniesg/.pyenv/versions/3.12.5/envs/letters_home/lib/python3.12/site-packages/airflow/example_dags/example_branch_labels.py
[2024-09-10T02:09:04.062+0800] {logging_mixin.py:190} INFO - [2024-09-10T02:09:04.062+0800] {dag.py:3229} INFO - Sync 1 DAGs
[2024-09-10T02:09:04.070+0800] {logging_mixin.py:190} INFO - [2024-09-10T02:09:04.070+0800] {dag.py:4156} INFO - Setting next_dagrun for example_branch_labels to 2024-09-08 00:00:00+00:00, run_after=2024-09-09 00:00:00+00:00
[2024-09-10T02:09:04.078+0800] {processor.py:208} INFO - Processing /Users/erniesg/.pyenv/versions/3.12.5/envs/letters_home/lib/python3.12/site-packages/airflow/example_dags/example_branch_labels.py took 0.070 seconds
[2024-09-10T02:13:37.086+0800] {processor.py:186} INFO - Started process (PID=69310) to work on /Users/erniesg/.pyenv/versions/3.12.5/envs/letters_home/lib/python3.12/site-packages/airflow/example_dags/example_branch_labels.py
[2024-09-10T02:13:37.086+0800] {processor.py:914} INFO - Processing file /Users/erniesg/.pyenv/versions/3.12.5/envs/letters_home/lib/python3.12/site-packages/airflow/example_dags/example_branch_labels.py for tasks to queue
[2024-09-10T02:13:37.087+0800] {logging_mixin.py:190} INFO - [2024-09-10T02:13:37.087+0800] {dagbag.py:587} INFO - Filling up the DagBag from /Users/erniesg/.pyenv/versions/3.12.5/envs/letters_home/lib/python3.12/site-packages/airflow/example_dags/example_branch_labels.py
[2024-09-10T02:13:37.090+0800] {processor.py:925} INFO - DAG(s) 'example_branch_labels' retrieved from /Users/erniesg/.pyenv/versions/3.12.5/envs/letters_home/lib/python3.12/site-packages/airflow/example_dags/example_branch_labels.py
[2024-09-10T02:13:37.130+0800] {logging_mixin.py:190} INFO - [2024-09-10T02:13:37.130+0800] {dag.py:3229} INFO - Sync 1 DAGs
[2024-09-10T02:13:37.137+0800] {logging_mixin.py:190} INFO - [2024-09-10T02:13:37.137+0800] {dag.py:4156} INFO - Setting next_dagrun for example_branch_labels to 2024-09-08 00:00:00+00:00, run_after=2024-09-09 00:00:00+00:00
[2024-09-10T02:13:37.144+0800] {processor.py:208} INFO - Processing /Users/erniesg/.pyenv/versions/3.12.5/envs/letters_home/lib/python3.12/site-packages/airflow/example_dags/example_branch_labels.py took 0.060 seconds
[2024-09-10T02:17:00.298+0800] {processor.py:186} INFO - Started process (PID=69778) to work on /Users/erniesg/.pyenv/versions/3.12.5/envs/letters_home/lib/python3.12/site-packages/airflow/example_dags/example_branch_labels.py
[2024-09-10T02:17:00.298+0800] {processor.py:914} INFO - Processing file /Users/erniesg/.pyenv/versions/3.12.5/envs/letters_home/lib/python3.12/site-packages/airflow/example_dags/example_branch_labels.py for tasks to queue
[2024-09-10T02:17:00.299+0800] {logging_mixin.py:190} INFO - [2024-09-10T02:17:00.298+0800] {dagbag.py:587} INFO - Filling up the DagBag from /Users/erniesg/.pyenv/versions/3.12.5/envs/letters_home/lib/python3.12/site-packages/airflow/example_dags/example_branch_labels.py
[2024-09-10T02:17:00.302+0800] {processor.py:925} INFO - DAG(s) 'example_branch_labels' retrieved from /Users/erniesg/.pyenv/versions/3.12.5/envs/letters_home/lib/python3.12/site-packages/airflow/example_dags/example_branch_labels.py
[2024-09-10T02:17:00.338+0800] {logging_mixin.py:190} INFO - [2024-09-10T02:17:00.338+0800] {dag.py:3229} INFO - Sync 1 DAGs
[2024-09-10T02:17:00.345+0800] {logging_mixin.py:190} INFO - [2024-09-10T02:17:00.345+0800] {dag.py:4156} INFO - Setting next_dagrun for example_branch_labels to 2024-09-08 00:00:00+00:00, run_after=2024-09-09 00:00:00+00:00
[2024-09-10T02:17:00.351+0800] {processor.py:208} INFO - Processing /Users/erniesg/.pyenv/versions/3.12.5/envs/letters_home/lib/python3.12/site-packages/airflow/example_dags/example_branch_labels.py took 0.055 seconds
[2024-09-10T02:19:48.678+0800] {processor.py:186} INFO - Started process (PID=70321) to work on /Users/erniesg/.pyenv/versions/3.12.5/envs/letters_home/lib/python3.12/site-packages/airflow/example_dags/example_branch_labels.py
[2024-09-10T02:19:48.679+0800] {processor.py:914} INFO - Processing file /Users/erniesg/.pyenv/versions/3.12.5/envs/letters_home/lib/python3.12/site-packages/airflow/example_dags/example_branch_labels.py for tasks to queue
[2024-09-10T02:19:48.679+0800] {logging_mixin.py:190} INFO - [2024-09-10T02:19:48.679+0800] {dagbag.py:587} INFO - Filling up the DagBag from /Users/erniesg/.pyenv/versions/3.12.5/envs/letters_home/lib/python3.12/site-packages/airflow/example_dags/example_branch_labels.py
[2024-09-10T02:19:48.682+0800] {processor.py:925} INFO - DAG(s) 'example_branch_labels' retrieved from /Users/erniesg/.pyenv/versions/3.12.5/envs/letters_home/lib/python3.12/site-packages/airflow/example_dags/example_branch_labels.py
[2024-09-10T02:19:48.722+0800] {logging_mixin.py:190} INFO - [2024-09-10T02:19:48.722+0800] {dag.py:3229} INFO - Sync 1 DAGs
[2024-09-10T02:19:48.730+0800] {logging_mixin.py:190} INFO - [2024-09-10T02:19:48.730+0800] {dag.py:4156} INFO - Setting next_dagrun for example_branch_labels to 2024-09-08 00:00:00+00:00, run_after=2024-09-09 00:00:00+00:00
[2024-09-10T02:19:48.737+0800] {processor.py:208} INFO - Processing /Users/erniesg/.pyenv/versions/3.12.5/envs/letters_home/lib/python3.12/site-packages/airflow/example_dags/example_branch_labels.py took 0.060 seconds
