[2024-09-10T01:38:30.435+0800] {processor.py:186} INFO - Started process (PID=58031) to work on /Users/erniesg/.pyenv/versions/3.12.5/envs/letters_home/lib/python3.12/site-packages/airflow/example_dags/example_branch_operator.py
[2024-09-10T01:38:30.435+0800] {processor.py:914} INFO - Processing file /Users/erniesg/.pyenv/versions/3.12.5/envs/letters_home/lib/python3.12/site-packages/airflow/example_dags/example_branch_operator.py for tasks to queue
[2024-09-10T01:38:30.435+0800] {logging_mixin.py:190} INFO - [2024-09-10T01:38:30.435+0800] {dagbag.py:587} INFO - Filling up the DagBag from /Users/erniesg/.pyenv/versions/3.12.5/envs/letters_home/lib/python3.12/site-packages/airflow/example_dags/example_branch_operator.py
[2024-09-10T01:38:30.451+0800] {processor.py:925} INFO - DAG(s) 'example_branch_operator' retrieved from /Users/erniesg/.pyenv/versions/3.12.5/envs/letters_home/lib/python3.12/site-packages/airflow/example_dags/example_branch_operator.py
[2024-09-10T01:38:30.533+0800] {logging_mixin.py:190} INFO - [2024-09-10T01:38:30.533+0800] {override.py:1900} INFO - Created Permission View: can edit on DAG:example_branch_operator
[2024-09-10T01:38:30.537+0800] {logging_mixin.py:190} INFO - [2024-09-10T01:38:30.537+0800] {override.py:1900} INFO - Created Permission View: can delete on DAG:example_branch_operator
[2024-09-10T01:38:30.539+0800] {logging_mixin.py:190} INFO - [2024-09-10T01:38:30.539+0800] {override.py:1900} INFO - Created Permission View: can read on DAG:example_branch_operator
[2024-09-10T01:38:30.542+0800] {logging_mixin.py:190} INFO - [2024-09-10T01:38:30.542+0800] {override.py:1900} INFO - Created Permission View: menu access on DAG Run:example_branch_operator
[2024-09-10T01:38:30.545+0800] {logging_mixin.py:190} INFO - [2024-09-10T01:38:30.544+0800] {override.py:1900} INFO - Created Permission View: can delete on DAG Run:example_branch_operator
[2024-09-10T01:38:30.547+0800] {logging_mixin.py:190} INFO - [2024-09-10T01:38:30.547+0800] {override.py:1900} INFO - Created Permission View: can read on DAG Run:example_branch_operator
[2024-09-10T01:38:30.549+0800] {logging_mixin.py:190} INFO - [2024-09-10T01:38:30.549+0800] {override.py:1900} INFO - Created Permission View: can create on DAG Run:example_branch_operator
[2024-09-10T01:38:30.549+0800] {logging_mixin.py:190} INFO - [2024-09-10T01:38:30.549+0800] {dag.py:3229} INFO - Sync 1 DAGs
[2024-09-10T01:38:30.554+0800] {logging_mixin.py:190} INFO - [2024-09-10T01:38:30.554+0800] {dag.py:3252} INFO - Creating ORM DAG for example_branch_operator
[2024-09-10T01:38:30.558+0800] {logging_mixin.py:190} INFO - [2024-09-10T01:38:30.558+0800] {dag.py:4156} INFO - Setting next_dagrun for example_branch_operator to 2024-09-08 00:00:00+00:00, run_after=2024-09-09 00:00:00+00:00
[2024-09-10T01:38:30.564+0800] {processor.py:208} INFO - Processing /Users/erniesg/.pyenv/versions/3.12.5/envs/letters_home/lib/python3.12/site-packages/airflow/example_dags/example_branch_operator.py took 0.131 seconds
[2024-09-10T01:41:08.873+0800] {processor.py:186} INFO - Started process (PID=58171) to work on /Users/erniesg/.pyenv/versions/3.12.5/envs/letters_home/lib/python3.12/site-packages/airflow/example_dags/example_branch_operator.py
[2024-09-10T01:41:08.873+0800] {processor.py:914} INFO - Processing file /Users/erniesg/.pyenv/versions/3.12.5/envs/letters_home/lib/python3.12/site-packages/airflow/example_dags/example_branch_operator.py for tasks to queue
[2024-09-10T01:41:08.873+0800] {logging_mixin.py:190} INFO - [2024-09-10T01:41:08.873+0800] {dagbag.py:587} INFO - Filling up the DagBag from /Users/erniesg/.pyenv/versions/3.12.5/envs/letters_home/lib/python3.12/site-packages/airflow/example_dags/example_branch_operator.py
[2024-09-10T01:41:08.887+0800] {processor.py:925} INFO - DAG(s) 'example_branch_operator' retrieved from /Users/erniesg/.pyenv/versions/3.12.5/envs/letters_home/lib/python3.12/site-packages/airflow/example_dags/example_branch_operator.py
[2024-09-10T01:41:08.961+0800] {logging_mixin.py:190} INFO - [2024-09-10T01:41:08.961+0800] {dag.py:3229} INFO - Sync 1 DAGs
[2024-09-10T01:41:08.968+0800] {logging_mixin.py:190} INFO - [2024-09-10T01:41:08.968+0800] {dag.py:4156} INFO - Setting next_dagrun for example_branch_operator to 2024-09-08 00:00:00+00:00, run_after=2024-09-09 00:00:00+00:00
[2024-09-10T01:41:08.975+0800] {processor.py:208} INFO - Processing /Users/erniesg/.pyenv/versions/3.12.5/envs/letters_home/lib/python3.12/site-packages/airflow/example_dags/example_branch_operator.py took 0.104 seconds
[2024-09-10T01:43:54.357+0800] {processor.py:186} INFO - Started process (PID=58727) to work on /Users/erniesg/.pyenv/versions/3.12.5/envs/letters_home/lib/python3.12/site-packages/airflow/example_dags/example_branch_operator.py
[2024-09-10T01:43:54.357+0800] {processor.py:914} INFO - Processing file /Users/erniesg/.pyenv/versions/3.12.5/envs/letters_home/lib/python3.12/site-packages/airflow/example_dags/example_branch_operator.py for tasks to queue
[2024-09-10T01:43:54.358+0800] {logging_mixin.py:190} INFO - [2024-09-10T01:43:54.358+0800] {dagbag.py:587} INFO - Filling up the DagBag from /Users/erniesg/.pyenv/versions/3.12.5/envs/letters_home/lib/python3.12/site-packages/airflow/example_dags/example_branch_operator.py
[2024-09-10T01:43:54.371+0800] {processor.py:925} INFO - DAG(s) 'example_branch_operator' retrieved from /Users/erniesg/.pyenv/versions/3.12.5/envs/letters_home/lib/python3.12/site-packages/airflow/example_dags/example_branch_operator.py
[2024-09-10T01:43:54.440+0800] {logging_mixin.py:190} INFO - [2024-09-10T01:43:54.440+0800] {dag.py:3229} INFO - Sync 1 DAGs
[2024-09-10T01:43:54.447+0800] {logging_mixin.py:190} INFO - [2024-09-10T01:43:54.447+0800] {dag.py:4156} INFO - Setting next_dagrun for example_branch_operator to 2024-09-08 00:00:00+00:00, run_after=2024-09-09 00:00:00+00:00
[2024-09-10T01:43:54.454+0800] {processor.py:208} INFO - Processing /Users/erniesg/.pyenv/versions/3.12.5/envs/letters_home/lib/python3.12/site-packages/airflow/example_dags/example_branch_operator.py took 0.098 seconds
[2024-09-10T02:00:34.807+0800] {processor.py:186} INFO - Started process (PID=67621) to work on /Users/erniesg/.pyenv/versions/3.12.5/envs/letters_home/lib/python3.12/site-packages/airflow/example_dags/example_branch_operator.py
[2024-09-10T02:00:34.808+0800] {processor.py:914} INFO - Processing file /Users/erniesg/.pyenv/versions/3.12.5/envs/letters_home/lib/python3.12/site-packages/airflow/example_dags/example_branch_operator.py for tasks to queue
[2024-09-10T02:00:34.809+0800] {logging_mixin.py:190} INFO - [2024-09-10T02:00:34.809+0800] {dagbag.py:587} INFO - Filling up the DagBag from /Users/erniesg/.pyenv/versions/3.12.5/envs/letters_home/lib/python3.12/site-packages/airflow/example_dags/example_branch_operator.py
[2024-09-10T02:00:34.822+0800] {processor.py:925} INFO - DAG(s) 'example_branch_operator' retrieved from /Users/erniesg/.pyenv/versions/3.12.5/envs/letters_home/lib/python3.12/site-packages/airflow/example_dags/example_branch_operator.py
[2024-09-10T02:00:34.892+0800] {logging_mixin.py:190} INFO - [2024-09-10T02:00:34.892+0800] {dag.py:3229} INFO - Sync 1 DAGs
[2024-09-10T02:00:34.899+0800] {logging_mixin.py:190} INFO - [2024-09-10T02:00:34.899+0800] {dag.py:4156} INFO - Setting next_dagrun for example_branch_operator to 2024-09-08 00:00:00+00:00, run_after=2024-09-09 00:00:00+00:00
[2024-09-10T02:00:34.906+0800] {processor.py:208} INFO - Processing /Users/erniesg/.pyenv/versions/3.12.5/envs/letters_home/lib/python3.12/site-packages/airflow/example_dags/example_branch_operator.py took 0.100 seconds
[2024-09-10T02:03:15.494+0800] {processor.py:186} INFO - Started process (PID=68033) to work on /Users/erniesg/.pyenv/versions/3.12.5/envs/letters_home/lib/python3.12/site-packages/airflow/example_dags/example_branch_operator.py
[2024-09-10T02:03:15.494+0800] {processor.py:914} INFO - Processing file /Users/erniesg/.pyenv/versions/3.12.5/envs/letters_home/lib/python3.12/site-packages/airflow/example_dags/example_branch_operator.py for tasks to queue
[2024-09-10T02:03:15.494+0800] {logging_mixin.py:190} INFO - [2024-09-10T02:03:15.494+0800] {dagbag.py:587} INFO - Filling up the DagBag from /Users/erniesg/.pyenv/versions/3.12.5/envs/letters_home/lib/python3.12/site-packages/airflow/example_dags/example_branch_operator.py
[2024-09-10T02:03:15.508+0800] {processor.py:925} INFO - DAG(s) 'example_branch_operator' retrieved from /Users/erniesg/.pyenv/versions/3.12.5/envs/letters_home/lib/python3.12/site-packages/airflow/example_dags/example_branch_operator.py
[2024-09-10T02:03:15.586+0800] {logging_mixin.py:190} INFO - [2024-09-10T02:03:15.585+0800] {dag.py:3229} INFO - Sync 1 DAGs
[2024-09-10T02:03:15.593+0800] {logging_mixin.py:190} INFO - [2024-09-10T02:03:15.593+0800] {dag.py:4156} INFO - Setting next_dagrun for example_branch_operator to 2024-09-08 00:00:00+00:00, run_after=2024-09-09 00:00:00+00:00
[2024-09-10T02:03:15.601+0800] {processor.py:208} INFO - Processing /Users/erniesg/.pyenv/versions/3.12.5/envs/letters_home/lib/python3.12/site-packages/airflow/example_dags/example_branch_operator.py took 0.109 seconds
[2024-09-10T02:06:16.731+0800] {processor.py:186} INFO - Started process (PID=68236) to work on /Users/erniesg/.pyenv/versions/3.12.5/envs/letters_home/lib/python3.12/site-packages/airflow/example_dags/example_branch_operator.py
[2024-09-10T02:06:16.731+0800] {processor.py:914} INFO - Processing file /Users/erniesg/.pyenv/versions/3.12.5/envs/letters_home/lib/python3.12/site-packages/airflow/example_dags/example_branch_operator.py for tasks to queue
[2024-09-10T02:06:16.731+0800] {logging_mixin.py:190} INFO - [2024-09-10T02:06:16.731+0800] {dagbag.py:587} INFO - Filling up the DagBag from /Users/erniesg/.pyenv/versions/3.12.5/envs/letters_home/lib/python3.12/site-packages/airflow/example_dags/example_branch_operator.py
[2024-09-10T02:06:16.746+0800] {processor.py:925} INFO - DAG(s) 'example_branch_operator' retrieved from /Users/erniesg/.pyenv/versions/3.12.5/envs/letters_home/lib/python3.12/site-packages/airflow/example_dags/example_branch_operator.py
[2024-09-10T02:06:16.825+0800] {logging_mixin.py:190} INFO - [2024-09-10T02:06:16.825+0800] {dag.py:3229} INFO - Sync 1 DAGs
[2024-09-10T02:06:16.833+0800] {logging_mixin.py:190} INFO - [2024-09-10T02:06:16.833+0800] {dag.py:4156} INFO - Setting next_dagrun for example_branch_operator to 2024-09-08 00:00:00+00:00, run_after=2024-09-09 00:00:00+00:00
[2024-09-10T02:06:16.842+0800] {processor.py:208} INFO - Processing /Users/erniesg/.pyenv/versions/3.12.5/envs/letters_home/lib/python3.12/site-packages/airflow/example_dags/example_branch_operator.py took 0.112 seconds
[2024-09-10T02:09:01.743+0800] {processor.py:186} INFO - Started process (PID=68556) to work on /Users/erniesg/.pyenv/versions/3.12.5/envs/letters_home/lib/python3.12/site-packages/airflow/example_dags/example_branch_operator.py
[2024-09-10T02:09:01.743+0800] {processor.py:914} INFO - Processing file /Users/erniesg/.pyenv/versions/3.12.5/envs/letters_home/lib/python3.12/site-packages/airflow/example_dags/example_branch_operator.py for tasks to queue
[2024-09-10T02:09:01.744+0800] {logging_mixin.py:190} INFO - [2024-09-10T02:09:01.743+0800] {dagbag.py:587} INFO - Filling up the DagBag from /Users/erniesg/.pyenv/versions/3.12.5/envs/letters_home/lib/python3.12/site-packages/airflow/example_dags/example_branch_operator.py
[2024-09-10T02:09:01.757+0800] {processor.py:925} INFO - DAG(s) 'example_branch_operator' retrieved from /Users/erniesg/.pyenv/versions/3.12.5/envs/letters_home/lib/python3.12/site-packages/airflow/example_dags/example_branch_operator.py
[2024-09-10T02:09:01.837+0800] {logging_mixin.py:190} INFO - [2024-09-10T02:09:01.837+0800] {dag.py:3229} INFO - Sync 1 DAGs
[2024-09-10T02:09:01.845+0800] {logging_mixin.py:190} INFO - [2024-09-10T02:09:01.844+0800] {dag.py:4156} INFO - Setting next_dagrun for example_branch_operator to 2024-09-08 00:00:00+00:00, run_after=2024-09-09 00:00:00+00:00
[2024-09-10T02:09:01.853+0800] {processor.py:208} INFO - Processing /Users/erniesg/.pyenv/versions/3.12.5/envs/letters_home/lib/python3.12/site-packages/airflow/example_dags/example_branch_operator.py took 0.111 seconds
[2024-09-10T02:13:35.829+0800] {processor.py:186} INFO - Started process (PID=69309) to work on /Users/erniesg/.pyenv/versions/3.12.5/envs/letters_home/lib/python3.12/site-packages/airflow/example_dags/example_branch_operator.py
[2024-09-10T02:13:35.830+0800] {processor.py:914} INFO - Processing file /Users/erniesg/.pyenv/versions/3.12.5/envs/letters_home/lib/python3.12/site-packages/airflow/example_dags/example_branch_operator.py for tasks to queue
[2024-09-10T02:13:35.830+0800] {logging_mixin.py:190} INFO - [2024-09-10T02:13:35.830+0800] {dagbag.py:587} INFO - Filling up the DagBag from /Users/erniesg/.pyenv/versions/3.12.5/envs/letters_home/lib/python3.12/site-packages/airflow/example_dags/example_branch_operator.py
[2024-09-10T02:13:35.844+0800] {processor.py:925} INFO - DAG(s) 'example_branch_operator' retrieved from /Users/erniesg/.pyenv/versions/3.12.5/envs/letters_home/lib/python3.12/site-packages/airflow/example_dags/example_branch_operator.py
[2024-09-10T02:13:35.917+0800] {logging_mixin.py:190} INFO - [2024-09-10T02:13:35.917+0800] {dag.py:3229} INFO - Sync 1 DAGs
[2024-09-10T02:13:35.924+0800] {logging_mixin.py:190} INFO - [2024-09-10T02:13:35.924+0800] {dag.py:4156} INFO - Setting next_dagrun for example_branch_operator to 2024-09-08 00:00:00+00:00, run_after=2024-09-09 00:00:00+00:00
[2024-09-10T02:13:35.931+0800] {processor.py:208} INFO - Processing /Users/erniesg/.pyenv/versions/3.12.5/envs/letters_home/lib/python3.12/site-packages/airflow/example_dags/example_branch_operator.py took 0.103 seconds
[2024-09-10T02:16:58.227+0800] {processor.py:186} INFO - Started process (PID=69775) to work on /Users/erniesg/.pyenv/versions/3.12.5/envs/letters_home/lib/python3.12/site-packages/airflow/example_dags/example_branch_operator.py
[2024-09-10T02:16:58.227+0800] {processor.py:914} INFO - Processing file /Users/erniesg/.pyenv/versions/3.12.5/envs/letters_home/lib/python3.12/site-packages/airflow/example_dags/example_branch_operator.py for tasks to queue
[2024-09-10T02:16:58.227+0800] {logging_mixin.py:190} INFO - [2024-09-10T02:16:58.227+0800] {dagbag.py:587} INFO - Filling up the DagBag from /Users/erniesg/.pyenv/versions/3.12.5/envs/letters_home/lib/python3.12/site-packages/airflow/example_dags/example_branch_operator.py
[2024-09-10T02:16:58.241+0800] {processor.py:925} INFO - DAG(s) 'example_branch_operator' retrieved from /Users/erniesg/.pyenv/versions/3.12.5/envs/letters_home/lib/python3.12/site-packages/airflow/example_dags/example_branch_operator.py
[2024-09-10T02:16:58.310+0800] {logging_mixin.py:190} INFO - [2024-09-10T02:16:58.310+0800] {dag.py:3229} INFO - Sync 1 DAGs
[2024-09-10T02:16:58.317+0800] {logging_mixin.py:190} INFO - [2024-09-10T02:16:58.317+0800] {dag.py:4156} INFO - Setting next_dagrun for example_branch_operator to 2024-09-08 00:00:00+00:00, run_after=2024-09-09 00:00:00+00:00
[2024-09-10T02:16:58.324+0800] {processor.py:208} INFO - Processing /Users/erniesg/.pyenv/versions/3.12.5/envs/letters_home/lib/python3.12/site-packages/airflow/example_dags/example_branch_operator.py took 0.098 seconds
[2024-09-10T02:19:46.451+0800] {processor.py:186} INFO - Started process (PID=70320) to work on /Users/erniesg/.pyenv/versions/3.12.5/envs/letters_home/lib/python3.12/site-packages/airflow/example_dags/example_branch_operator.py
[2024-09-10T02:19:46.451+0800] {processor.py:914} INFO - Processing file /Users/erniesg/.pyenv/versions/3.12.5/envs/letters_home/lib/python3.12/site-packages/airflow/example_dags/example_branch_operator.py for tasks to queue
[2024-09-10T02:19:46.452+0800] {logging_mixin.py:190} INFO - [2024-09-10T02:19:46.452+0800] {dagbag.py:587} INFO - Filling up the DagBag from /Users/erniesg/.pyenv/versions/3.12.5/envs/letters_home/lib/python3.12/site-packages/airflow/example_dags/example_branch_operator.py
[2024-09-10T02:19:46.466+0800] {processor.py:925} INFO - DAG(s) 'example_branch_operator' retrieved from /Users/erniesg/.pyenv/versions/3.12.5/envs/letters_home/lib/python3.12/site-packages/airflow/example_dags/example_branch_operator.py
[2024-09-10T02:19:46.540+0800] {logging_mixin.py:190} INFO - [2024-09-10T02:19:46.539+0800] {dag.py:3229} INFO - Sync 1 DAGs
[2024-09-10T02:19:46.546+0800] {logging_mixin.py:190} INFO - [2024-09-10T02:19:46.546+0800] {dag.py:4156} INFO - Setting next_dagrun for example_branch_operator to 2024-09-08 00:00:00+00:00, run_after=2024-09-09 00:00:00+00:00
[2024-09-10T02:19:46.553+0800] {processor.py:208} INFO - Processing /Users/erniesg/.pyenv/versions/3.12.5/envs/letters_home/lib/python3.12/site-packages/airflow/example_dags/example_branch_operator.py took 0.104 seconds
