[2024-09-10T01:37:54.443+0800] {processor.py:186} INFO - Started process (PID=57990) to work on /Users/erniesg/.pyenv/versions/3.12.5/envs/letters_home/lib/python3.12/site-packages/airflow/example_dags/example_outlet_event_extra.py
[2024-09-10T01:37:54.444+0800] {processor.py:914} INFO - Processing file /Users/erniesg/.pyenv/versions/3.12.5/envs/letters_home/lib/python3.12/site-packages/airflow/example_dags/example_outlet_event_extra.py for tasks to queue
[2024-09-10T01:37:54.444+0800] {logging_mixin.py:190} INFO - [2024-09-10T01:37:54.444+0800] {dagbag.py:587} INFO - Filling up the DagBag from /Users/erniesg/.pyenv/versions/3.12.5/envs/letters_home/lib/python3.12/site-packages/airflow/example_dags/example_outlet_event_extra.py
[2024-09-10T01:37:54.480+0800] {processor.py:925} INFO - DAG(s) 'dataset_with_extra_by_context', 'dataset_with_extra_by_yield', 'dataset_with_extra_from_classic_operator' retrieved from /Users/erniesg/.pyenv/versions/3.12.5/envs/letters_home/lib/python3.12/site-packages/airflow/example_dags/example_outlet_event_extra.py
[2024-09-10T01:37:54.548+0800] {logging_mixin.py:190} INFO - [2024-09-10T01:37:54.548+0800] {override.py:1900} INFO - Created Permission View: can delete on DAG:dataset_with_extra_by_context
[2024-09-10T01:37:54.552+0800] {logging_mixin.py:190} INFO - [2024-09-10T01:37:54.551+0800] {override.py:1900} INFO - Created Permission View: can edit on DAG:dataset_with_extra_by_context
[2024-09-10T01:37:54.553+0800] {logging_mixin.py:190} INFO - [2024-09-10T01:37:54.553+0800] {override.py:1900} INFO - Created Permission View: can read on DAG:dataset_with_extra_by_context
[2024-09-10T01:37:54.556+0800] {logging_mixin.py:190} INFO - [2024-09-10T01:37:54.556+0800] {override.py:1900} INFO - Created Permission View: can delete on DAG Run:dataset_with_extra_by_context
[2024-09-10T01:37:54.558+0800] {logging_mixin.py:190} INFO - [2024-09-10T01:37:54.558+0800] {override.py:1900} INFO - Created Permission View: can create on DAG Run:dataset_with_extra_by_context
[2024-09-10T01:37:54.560+0800] {logging_mixin.py:190} INFO - [2024-09-10T01:37:54.560+0800] {override.py:1900} INFO - Created Permission View: menu access on DAG Run:dataset_with_extra_by_context
[2024-09-10T01:37:54.562+0800] {logging_mixin.py:190} INFO - [2024-09-10T01:37:54.562+0800] {override.py:1900} INFO - Created Permission View: can read on DAG Run:dataset_with_extra_by_context
[2024-09-10T01:37:54.566+0800] {logging_mixin.py:190} INFO - [2024-09-10T01:37:54.566+0800] {override.py:1900} INFO - Created Permission View: can delete on DAG:dataset_with_extra_by_yield
[2024-09-10T01:37:54.568+0800] {logging_mixin.py:190} INFO - [2024-09-10T01:37:54.568+0800] {override.py:1900} INFO - Created Permission View: can edit on DAG:dataset_with_extra_by_yield
[2024-09-10T01:37:54.570+0800] {logging_mixin.py:190} INFO - [2024-09-10T01:37:54.570+0800] {override.py:1900} INFO - Created Permission View: can read on DAG:dataset_with_extra_by_yield
[2024-09-10T01:37:54.572+0800] {logging_mixin.py:190} INFO - [2024-09-10T01:37:54.572+0800] {override.py:1900} INFO - Created Permission View: can delete on DAG Run:dataset_with_extra_by_yield
[2024-09-10T01:37:54.574+0800] {logging_mixin.py:190} INFO - [2024-09-10T01:37:54.574+0800] {override.py:1900} INFO - Created Permission View: can create on DAG Run:dataset_with_extra_by_yield
[2024-09-10T01:37:54.576+0800] {logging_mixin.py:190} INFO - [2024-09-10T01:37:54.576+0800] {override.py:1900} INFO - Created Permission View: menu access on DAG Run:dataset_with_extra_by_yield
[2024-09-10T01:37:54.578+0800] {logging_mixin.py:190} INFO - [2024-09-10T01:37:54.578+0800] {override.py:1900} INFO - Created Permission View: can read on DAG Run:dataset_with_extra_by_yield
[2024-09-10T01:37:54.582+0800] {logging_mixin.py:190} INFO - [2024-09-10T01:37:54.582+0800] {override.py:1900} INFO - Created Permission View: can delete on DAG:dataset_with_extra_from_classic_operator
[2024-09-10T01:37:54.584+0800] {logging_mixin.py:190} INFO - [2024-09-10T01:37:54.584+0800] {override.py:1900} INFO - Created Permission View: can edit on DAG:dataset_with_extra_from_classic_operator
[2024-09-10T01:37:54.586+0800] {logging_mixin.py:190} INFO - [2024-09-10T01:37:54.586+0800] {override.py:1900} INFO - Created Permission View: can read on DAG:dataset_with_extra_from_classic_operator
[2024-09-10T01:37:54.588+0800] {logging_mixin.py:190} INFO - [2024-09-10T01:37:54.588+0800] {override.py:1900} INFO - Created Permission View: can delete on DAG Run:dataset_with_extra_from_classic_operator
[2024-09-10T01:37:54.590+0800] {logging_mixin.py:190} INFO - [2024-09-10T01:37:54.590+0800] {override.py:1900} INFO - Created Permission View: can create on DAG Run:dataset_with_extra_from_classic_operator
[2024-09-10T01:37:54.592+0800] {logging_mixin.py:190} INFO - [2024-09-10T01:37:54.592+0800] {override.py:1900} INFO - Created Permission View: menu access on DAG Run:dataset_with_extra_from_classic_operator
[2024-09-10T01:37:54.594+0800] {logging_mixin.py:190} INFO - [2024-09-10T01:37:54.594+0800] {override.py:1900} INFO - Created Permission View: can read on DAG Run:dataset_with_extra_from_classic_operator
[2024-09-10T01:37:54.594+0800] {logging_mixin.py:190} INFO - [2024-09-10T01:37:54.594+0800] {dag.py:3229} INFO - Sync 3 DAGs
[2024-09-10T01:37:54.598+0800] {logging_mixin.py:190} INFO - [2024-09-10T01:37:54.598+0800] {dag.py:3252} INFO - Creating ORM DAG for dataset_with_extra_by_yield
[2024-09-10T01:37:54.599+0800] {logging_mixin.py:190} INFO - [2024-09-10T01:37:54.599+0800] {dag.py:3252} INFO - Creating ORM DAG for dataset_with_extra_from_classic_operator
[2024-09-10T01:37:54.599+0800] {logging_mixin.py:190} INFO - [2024-09-10T01:37:54.599+0800] {dag.py:3252} INFO - Creating ORM DAG for dataset_with_extra_by_context
[2024-09-10T01:37:54.602+0800] {logging_mixin.py:190} INFO - [2024-09-10T01:37:54.602+0800] {dag.py:4156} INFO - Setting next_dagrun for dataset_with_extra_by_context to 2024-09-08 00:00:00+00:00, run_after=2024-09-09 00:00:00+00:00
[2024-09-10T01:37:54.602+0800] {logging_mixin.py:190} INFO - [2024-09-10T01:37:54.602+0800] {dag.py:4156} INFO - Setting next_dagrun for dataset_with_extra_by_yield to 2024-09-08 00:00:00+00:00, run_after=2024-09-09 00:00:00+00:00
[2024-09-10T01:37:54.603+0800] {logging_mixin.py:190} INFO - [2024-09-10T01:37:54.603+0800] {dag.py:4156} INFO - Setting next_dagrun for dataset_with_extra_from_classic_operator to 2024-09-08 00:00:00+00:00, run_after=2024-09-09 00:00:00+00:00
[2024-09-10T01:37:54.760+0800] {processor.py:208} INFO - Processing /Users/erniesg/.pyenv/versions/3.12.5/envs/letters_home/lib/python3.12/site-packages/airflow/example_dags/example_outlet_event_extra.py took 0.318 seconds
[2024-09-10T01:39:44.398+0800] {processor.py:186} INFO - Started process (PID=58099) to work on /Users/erniesg/.pyenv/versions/3.12.5/envs/letters_home/lib/python3.12/site-packages/airflow/example_dags/example_outlet_event_extra.py
[2024-09-10T01:39:44.398+0800] {processor.py:914} INFO - Processing file /Users/erniesg/.pyenv/versions/3.12.5/envs/letters_home/lib/python3.12/site-packages/airflow/example_dags/example_outlet_event_extra.py for tasks to queue
[2024-09-10T01:39:44.399+0800] {logging_mixin.py:190} INFO - [2024-09-10T01:39:44.399+0800] {dagbag.py:587} INFO - Filling up the DagBag from /Users/erniesg/.pyenv/versions/3.12.5/envs/letters_home/lib/python3.12/site-packages/airflow/example_dags/example_outlet_event_extra.py
[2024-09-10T01:39:44.435+0800] {processor.py:925} INFO - DAG(s) 'dataset_with_extra_from_classic_operator', 'dataset_with_extra_by_yield', 'dataset_with_extra_by_context' retrieved from /Users/erniesg/.pyenv/versions/3.12.5/envs/letters_home/lib/python3.12/site-packages/airflow/example_dags/example_outlet_event_extra.py
[2024-09-10T01:39:44.473+0800] {logging_mixin.py:190} INFO - [2024-09-10T01:39:44.473+0800] {dag.py:3229} INFO - Sync 3 DAGs
[2024-09-10T01:39:44.481+0800] {logging_mixin.py:190} INFO - [2024-09-10T01:39:44.481+0800] {dag.py:4156} INFO - Setting next_dagrun for dataset_with_extra_by_context to 2024-09-08 00:00:00+00:00, run_after=2024-09-09 00:00:00+00:00
[2024-09-10T01:39:44.483+0800] {logging_mixin.py:190} INFO - [2024-09-10T01:39:44.483+0800] {dag.py:4156} INFO - Setting next_dagrun for dataset_with_extra_by_yield to 2024-09-08 00:00:00+00:00, run_after=2024-09-09 00:00:00+00:00
[2024-09-10T01:39:44.483+0800] {logging_mixin.py:190} INFO - [2024-09-10T01:39:44.483+0800] {dag.py:4156} INFO - Setting next_dagrun for dataset_with_extra_from_classic_operator to 2024-09-08 00:00:00+00:00, run_after=2024-09-09 00:00:00+00:00
[2024-09-10T01:39:44.492+0800] {processor.py:208} INFO - Processing /Users/erniesg/.pyenv/versions/3.12.5/envs/letters_home/lib/python3.12/site-packages/airflow/example_dags/example_outlet_event_extra.py took 0.095 seconds
[2024-09-10T01:42:25.544+0800] {processor.py:186} INFO - Started process (PID=58238) to work on /Users/erniesg/.pyenv/versions/3.12.5/envs/letters_home/lib/python3.12/site-packages/airflow/example_dags/example_outlet_event_extra.py
[2024-09-10T01:42:25.545+0800] {processor.py:914} INFO - Processing file /Users/erniesg/.pyenv/versions/3.12.5/envs/letters_home/lib/python3.12/site-packages/airflow/example_dags/example_outlet_event_extra.py for tasks to queue
[2024-09-10T01:42:25.545+0800] {logging_mixin.py:190} INFO - [2024-09-10T01:42:25.545+0800] {dagbag.py:587} INFO - Filling up the DagBag from /Users/erniesg/.pyenv/versions/3.12.5/envs/letters_home/lib/python3.12/site-packages/airflow/example_dags/example_outlet_event_extra.py
[2024-09-10T01:42:25.581+0800] {processor.py:925} INFO - DAG(s) 'dataset_with_extra_from_classic_operator', 'dataset_with_extra_by_context', 'dataset_with_extra_by_yield' retrieved from /Users/erniesg/.pyenv/versions/3.12.5/envs/letters_home/lib/python3.12/site-packages/airflow/example_dags/example_outlet_event_extra.py
[2024-09-10T01:42:25.618+0800] {logging_mixin.py:190} INFO - [2024-09-10T01:42:25.618+0800] {dag.py:3229} INFO - Sync 3 DAGs
[2024-09-10T01:42:25.625+0800] {logging_mixin.py:190} INFO - [2024-09-10T01:42:25.625+0800] {dag.py:4156} INFO - Setting next_dagrun for dataset_with_extra_by_context to 2024-09-08 00:00:00+00:00, run_after=2024-09-09 00:00:00+00:00
[2024-09-10T01:42:25.627+0800] {logging_mixin.py:190} INFO - [2024-09-10T01:42:25.627+0800] {dag.py:4156} INFO - Setting next_dagrun for dataset_with_extra_by_yield to 2024-09-08 00:00:00+00:00, run_after=2024-09-09 00:00:00+00:00
[2024-09-10T01:42:25.628+0800] {logging_mixin.py:190} INFO - [2024-09-10T01:42:25.628+0800] {dag.py:4156} INFO - Setting next_dagrun for dataset_with_extra_from_classic_operator to 2024-09-08 00:00:00+00:00, run_after=2024-09-09 00:00:00+00:00
[2024-09-10T01:42:25.635+0800] {processor.py:208} INFO - Processing /Users/erniesg/.pyenv/versions/3.12.5/envs/letters_home/lib/python3.12/site-packages/airflow/example_dags/example_outlet_event_extra.py took 0.091 seconds
[2024-09-10T01:59:27.805+0800] {processor.py:186} INFO - Started process (PID=67500) to work on /Users/erniesg/.pyenv/versions/3.12.5/envs/letters_home/lib/python3.12/site-packages/airflow/example_dags/example_outlet_event_extra.py
[2024-09-10T01:59:27.805+0800] {processor.py:914} INFO - Processing file /Users/erniesg/.pyenv/versions/3.12.5/envs/letters_home/lib/python3.12/site-packages/airflow/example_dags/example_outlet_event_extra.py for tasks to queue
[2024-09-10T01:59:27.805+0800] {logging_mixin.py:190} INFO - [2024-09-10T01:59:27.805+0800] {dagbag.py:587} INFO - Filling up the DagBag from /Users/erniesg/.pyenv/versions/3.12.5/envs/letters_home/lib/python3.12/site-packages/airflow/example_dags/example_outlet_event_extra.py
[2024-09-10T01:59:27.840+0800] {processor.py:925} INFO - DAG(s) 'dataset_with_extra_from_classic_operator', 'dataset_with_extra_by_context', 'dataset_with_extra_by_yield' retrieved from /Users/erniesg/.pyenv/versions/3.12.5/envs/letters_home/lib/python3.12/site-packages/airflow/example_dags/example_outlet_event_extra.py
[2024-09-10T01:59:27.876+0800] {logging_mixin.py:190} INFO - [2024-09-10T01:59:27.875+0800] {dag.py:3229} INFO - Sync 3 DAGs
[2024-09-10T01:59:27.883+0800] {logging_mixin.py:190} INFO - [2024-09-10T01:59:27.883+0800] {dag.py:4156} INFO - Setting next_dagrun for dataset_with_extra_by_context to 2024-09-08 00:00:00+00:00, run_after=2024-09-09 00:00:00+00:00
[2024-09-10T01:59:27.884+0800] {logging_mixin.py:190} INFO - [2024-09-10T01:59:27.884+0800] {dag.py:4156} INFO - Setting next_dagrun for dataset_with_extra_by_yield to 2024-09-08 00:00:00+00:00, run_after=2024-09-09 00:00:00+00:00
[2024-09-10T01:59:27.885+0800] {logging_mixin.py:190} INFO - [2024-09-10T01:59:27.885+0800] {dag.py:4156} INFO - Setting next_dagrun for dataset_with_extra_from_classic_operator to 2024-09-08 00:00:00+00:00, run_after=2024-09-09 00:00:00+00:00
[2024-09-10T01:59:27.892+0800] {processor.py:208} INFO - Processing /Users/erniesg/.pyenv/versions/3.12.5/envs/letters_home/lib/python3.12/site-packages/airflow/example_dags/example_outlet_event_extra.py took 0.088 seconds
[2024-09-10T02:01:50.472+0800] {processor.py:186} INFO - Started process (PID=67927) to work on /Users/erniesg/.pyenv/versions/3.12.5/envs/letters_home/lib/python3.12/site-packages/airflow/example_dags/example_outlet_event_extra.py
[2024-09-10T02:01:50.473+0800] {processor.py:914} INFO - Processing file /Users/erniesg/.pyenv/versions/3.12.5/envs/letters_home/lib/python3.12/site-packages/airflow/example_dags/example_outlet_event_extra.py for tasks to queue
[2024-09-10T02:01:50.473+0800] {logging_mixin.py:190} INFO - [2024-09-10T02:01:50.473+0800] {dagbag.py:587} INFO - Filling up the DagBag from /Users/erniesg/.pyenv/versions/3.12.5/envs/letters_home/lib/python3.12/site-packages/airflow/example_dags/example_outlet_event_extra.py
[2024-09-10T02:01:50.508+0800] {processor.py:925} INFO - DAG(s) 'dataset_with_extra_by_context', 'dataset_with_extra_from_classic_operator', 'dataset_with_extra_by_yield' retrieved from /Users/erniesg/.pyenv/versions/3.12.5/envs/letters_home/lib/python3.12/site-packages/airflow/example_dags/example_outlet_event_extra.py
[2024-09-10T02:01:50.544+0800] {logging_mixin.py:190} INFO - [2024-09-10T02:01:50.543+0800] {dag.py:3229} INFO - Sync 3 DAGs
[2024-09-10T02:01:50.551+0800] {logging_mixin.py:190} INFO - [2024-09-10T02:01:50.551+0800] {dag.py:4156} INFO - Setting next_dagrun for dataset_with_extra_by_context to 2024-09-08 00:00:00+00:00, run_after=2024-09-09 00:00:00+00:00
[2024-09-10T02:01:50.552+0800] {logging_mixin.py:190} INFO - [2024-09-10T02:01:50.552+0800] {dag.py:4156} INFO - Setting next_dagrun for dataset_with_extra_by_yield to 2024-09-08 00:00:00+00:00, run_after=2024-09-09 00:00:00+00:00
[2024-09-10T02:01:50.553+0800] {logging_mixin.py:190} INFO - [2024-09-10T02:01:50.553+0800] {dag.py:4156} INFO - Setting next_dagrun for dataset_with_extra_from_classic_operator to 2024-09-08 00:00:00+00:00, run_after=2024-09-09 00:00:00+00:00
[2024-09-10T02:01:50.560+0800] {processor.py:208} INFO - Processing /Users/erniesg/.pyenv/versions/3.12.5/envs/letters_home/lib/python3.12/site-packages/airflow/example_dags/example_outlet_event_extra.py took 0.089 seconds
[2024-09-10T02:04:34.654+0800] {processor.py:186} INFO - Started process (PID=68116) to work on /Users/erniesg/.pyenv/versions/3.12.5/envs/letters_home/lib/python3.12/site-packages/airflow/example_dags/example_outlet_event_extra.py
[2024-09-10T02:04:34.654+0800] {processor.py:914} INFO - Processing file /Users/erniesg/.pyenv/versions/3.12.5/envs/letters_home/lib/python3.12/site-packages/airflow/example_dags/example_outlet_event_extra.py for tasks to queue
[2024-09-10T02:04:34.654+0800] {logging_mixin.py:190} INFO - [2024-09-10T02:04:34.654+0800] {dagbag.py:587} INFO - Filling up the DagBag from /Users/erniesg/.pyenv/versions/3.12.5/envs/letters_home/lib/python3.12/site-packages/airflow/example_dags/example_outlet_event_extra.py
[2024-09-10T02:04:34.689+0800] {processor.py:925} INFO - DAG(s) 'dataset_with_extra_by_yield', 'dataset_with_extra_from_classic_operator', 'dataset_with_extra_by_context' retrieved from /Users/erniesg/.pyenv/versions/3.12.5/envs/letters_home/lib/python3.12/site-packages/airflow/example_dags/example_outlet_event_extra.py
[2024-09-10T02:04:34.725+0800] {logging_mixin.py:190} INFO - [2024-09-10T02:04:34.725+0800] {dag.py:3229} INFO - Sync 3 DAGs
[2024-09-10T02:04:34.733+0800] {logging_mixin.py:190} INFO - [2024-09-10T02:04:34.733+0800] {dag.py:4156} INFO - Setting next_dagrun for dataset_with_extra_by_context to 2024-09-08 00:00:00+00:00, run_after=2024-09-09 00:00:00+00:00
[2024-09-10T02:04:34.734+0800] {logging_mixin.py:190} INFO - [2024-09-10T02:04:34.734+0800] {dag.py:4156} INFO - Setting next_dagrun for dataset_with_extra_by_yield to 2024-09-08 00:00:00+00:00, run_after=2024-09-09 00:00:00+00:00
[2024-09-10T02:04:34.735+0800] {logging_mixin.py:190} INFO - [2024-09-10T02:04:34.735+0800] {dag.py:4156} INFO - Setting next_dagrun for dataset_with_extra_from_classic_operator to 2024-09-08 00:00:00+00:00, run_after=2024-09-09 00:00:00+00:00
[2024-09-10T02:04:34.742+0800] {processor.py:208} INFO - Processing /Users/erniesg/.pyenv/versions/3.12.5/envs/letters_home/lib/python3.12/site-packages/airflow/example_dags/example_outlet_event_extra.py took 0.089 seconds
[2024-09-10T02:07:34.309+0800] {processor.py:186} INFO - Started process (PID=68424) to work on /Users/erniesg/.pyenv/versions/3.12.5/envs/letters_home/lib/python3.12/site-packages/airflow/example_dags/example_outlet_event_extra.py
[2024-09-10T02:07:34.309+0800] {processor.py:914} INFO - Processing file /Users/erniesg/.pyenv/versions/3.12.5/envs/letters_home/lib/python3.12/site-packages/airflow/example_dags/example_outlet_event_extra.py for tasks to queue
[2024-09-10T02:07:34.310+0800] {logging_mixin.py:190} INFO - [2024-09-10T02:07:34.310+0800] {dagbag.py:587} INFO - Filling up the DagBag from /Users/erniesg/.pyenv/versions/3.12.5/envs/letters_home/lib/python3.12/site-packages/airflow/example_dags/example_outlet_event_extra.py
[2024-09-10T02:07:34.345+0800] {processor.py:925} INFO - DAG(s) 'dataset_with_extra_by_context', 'dataset_with_extra_by_yield', 'dataset_with_extra_from_classic_operator' retrieved from /Users/erniesg/.pyenv/versions/3.12.5/envs/letters_home/lib/python3.12/site-packages/airflow/example_dags/example_outlet_event_extra.py
[2024-09-10T02:07:34.383+0800] {logging_mixin.py:190} INFO - [2024-09-10T02:07:34.383+0800] {dag.py:3229} INFO - Sync 3 DAGs
[2024-09-10T02:07:34.392+0800] {logging_mixin.py:190} INFO - [2024-09-10T02:07:34.392+0800] {dag.py:4156} INFO - Setting next_dagrun for dataset_with_extra_by_context to 2024-09-08 00:00:00+00:00, run_after=2024-09-09 00:00:00+00:00
[2024-09-10T02:07:34.394+0800] {logging_mixin.py:190} INFO - [2024-09-10T02:07:34.394+0800] {dag.py:4156} INFO - Setting next_dagrun for dataset_with_extra_by_yield to 2024-09-08 00:00:00+00:00, run_after=2024-09-09 00:00:00+00:00
[2024-09-10T02:07:34.395+0800] {logging_mixin.py:190} INFO - [2024-09-10T02:07:34.395+0800] {dag.py:4156} INFO - Setting next_dagrun for dataset_with_extra_from_classic_operator to 2024-09-08 00:00:00+00:00, run_after=2024-09-09 00:00:00+00:00
[2024-09-10T02:07:34.402+0800] {processor.py:208} INFO - Processing /Users/erniesg/.pyenv/versions/3.12.5/envs/letters_home/lib/python3.12/site-packages/airflow/example_dags/example_outlet_event_extra.py took 0.095 seconds
[2024-09-10T02:12:59.818+0800] {processor.py:186} INFO - Started process (PID=69283) to work on /Users/erniesg/.pyenv/versions/3.12.5/envs/letters_home/lib/python3.12/site-packages/airflow/example_dags/example_outlet_event_extra.py
[2024-09-10T02:12:59.818+0800] {processor.py:914} INFO - Processing file /Users/erniesg/.pyenv/versions/3.12.5/envs/letters_home/lib/python3.12/site-packages/airflow/example_dags/example_outlet_event_extra.py for tasks to queue
[2024-09-10T02:12:59.819+0800] {logging_mixin.py:190} INFO - [2024-09-10T02:12:59.819+0800] {dagbag.py:587} INFO - Filling up the DagBag from /Users/erniesg/.pyenv/versions/3.12.5/envs/letters_home/lib/python3.12/site-packages/airflow/example_dags/example_outlet_event_extra.py
[2024-09-10T02:12:59.853+0800] {processor.py:925} INFO - DAG(s) 'dataset_with_extra_by_yield', 'dataset_with_extra_by_context', 'dataset_with_extra_from_classic_operator' retrieved from /Users/erniesg/.pyenv/versions/3.12.5/envs/letters_home/lib/python3.12/site-packages/airflow/example_dags/example_outlet_event_extra.py
[2024-09-10T02:12:59.892+0800] {logging_mixin.py:190} INFO - [2024-09-10T02:12:59.892+0800] {dag.py:3229} INFO - Sync 3 DAGs
[2024-09-10T02:12:59.900+0800] {logging_mixin.py:190} INFO - [2024-09-10T02:12:59.899+0800] {dag.py:4156} INFO - Setting next_dagrun for dataset_with_extra_by_context to 2024-09-08 00:00:00+00:00, run_after=2024-09-09 00:00:00+00:00
[2024-09-10T02:12:59.901+0800] {logging_mixin.py:190} INFO - [2024-09-10T02:12:59.901+0800] {dag.py:4156} INFO - Setting next_dagrun for dataset_with_extra_by_yield to 2024-09-08 00:00:00+00:00, run_after=2024-09-09 00:00:00+00:00
[2024-09-10T02:12:59.902+0800] {logging_mixin.py:190} INFO - [2024-09-10T02:12:59.902+0800] {dag.py:4156} INFO - Setting next_dagrun for dataset_with_extra_from_classic_operator to 2024-09-08 00:00:00+00:00, run_after=2024-09-09 00:00:00+00:00
[2024-09-10T02:12:59.909+0800] {processor.py:208} INFO - Processing /Users/erniesg/.pyenv/versions/3.12.5/envs/letters_home/lib/python3.12/site-packages/airflow/example_dags/example_outlet_event_extra.py took 0.092 seconds
[2024-09-10T02:16:22.243+0800] {processor.py:186} INFO - Started process (PID=69742) to work on /Users/erniesg/.pyenv/versions/3.12.5/envs/letters_home/lib/python3.12/site-packages/airflow/example_dags/example_outlet_event_extra.py
[2024-09-10T02:16:22.244+0800] {processor.py:914} INFO - Processing file /Users/erniesg/.pyenv/versions/3.12.5/envs/letters_home/lib/python3.12/site-packages/airflow/example_dags/example_outlet_event_extra.py for tasks to queue
[2024-09-10T02:16:22.244+0800] {logging_mixin.py:190} INFO - [2024-09-10T02:16:22.244+0800] {dagbag.py:587} INFO - Filling up the DagBag from /Users/erniesg/.pyenv/versions/3.12.5/envs/letters_home/lib/python3.12/site-packages/airflow/example_dags/example_outlet_event_extra.py
[2024-09-10T02:16:22.280+0800] {processor.py:925} INFO - DAG(s) 'dataset_with_extra_by_yield', 'dataset_with_extra_from_classic_operator', 'dataset_with_extra_by_context' retrieved from /Users/erniesg/.pyenv/versions/3.12.5/envs/letters_home/lib/python3.12/site-packages/airflow/example_dags/example_outlet_event_extra.py
[2024-09-10T02:16:22.319+0800] {logging_mixin.py:190} INFO - [2024-09-10T02:16:22.319+0800] {dag.py:3229} INFO - Sync 3 DAGs
[2024-09-10T02:16:22.326+0800] {logging_mixin.py:190} INFO - [2024-09-10T02:16:22.326+0800] {dag.py:4156} INFO - Setting next_dagrun for dataset_with_extra_by_context to 2024-09-08 00:00:00+00:00, run_after=2024-09-09 00:00:00+00:00
[2024-09-10T02:16:22.328+0800] {logging_mixin.py:190} INFO - [2024-09-10T02:16:22.328+0800] {dag.py:4156} INFO - Setting next_dagrun for dataset_with_extra_by_yield to 2024-09-08 00:00:00+00:00, run_after=2024-09-09 00:00:00+00:00
[2024-09-10T02:16:22.329+0800] {logging_mixin.py:190} INFO - [2024-09-10T02:16:22.329+0800] {dag.py:4156} INFO - Setting next_dagrun for dataset_with_extra_from_classic_operator to 2024-09-08 00:00:00+00:00, run_after=2024-09-09 00:00:00+00:00
[2024-09-10T02:16:22.336+0800] {processor.py:208} INFO - Processing /Users/erniesg/.pyenv/versions/3.12.5/envs/letters_home/lib/python3.12/site-packages/airflow/example_dags/example_outlet_event_extra.py took 0.094 seconds
[2024-09-10T02:18:17.087+0800] {processor.py:186} INFO - Started process (PID=69892) to work on /Users/erniesg/.pyenv/versions/3.12.5/envs/letters_home/lib/python3.12/site-packages/airflow/example_dags/example_outlet_event_extra.py
[2024-09-10T02:18:17.087+0800] {processor.py:914} INFO - Processing file /Users/erniesg/.pyenv/versions/3.12.5/envs/letters_home/lib/python3.12/site-packages/airflow/example_dags/example_outlet_event_extra.py for tasks to queue
[2024-09-10T02:18:17.088+0800] {logging_mixin.py:190} INFO - [2024-09-10T02:18:17.088+0800] {dagbag.py:587} INFO - Filling up the DagBag from /Users/erniesg/.pyenv/versions/3.12.5/envs/letters_home/lib/python3.12/site-packages/airflow/example_dags/example_outlet_event_extra.py
[2024-09-10T02:18:17.123+0800] {processor.py:925} INFO - DAG(s) 'dataset_with_extra_by_context', 'dataset_with_extra_from_classic_operator', 'dataset_with_extra_by_yield' retrieved from /Users/erniesg/.pyenv/versions/3.12.5/envs/letters_home/lib/python3.12/site-packages/airflow/example_dags/example_outlet_event_extra.py
[2024-09-10T02:18:17.158+0800] {logging_mixin.py:190} INFO - [2024-09-10T02:18:17.158+0800] {dag.py:3229} INFO - Sync 3 DAGs
[2024-09-10T02:18:17.166+0800] {logging_mixin.py:190} INFO - [2024-09-10T02:18:17.165+0800] {dag.py:4156} INFO - Setting next_dagrun for dataset_with_extra_by_context to 2024-09-08 00:00:00+00:00, run_after=2024-09-09 00:00:00+00:00
[2024-09-10T02:18:17.167+0800] {logging_mixin.py:190} INFO - [2024-09-10T02:18:17.167+0800] {dag.py:4156} INFO - Setting next_dagrun for dataset_with_extra_by_yield to 2024-09-08 00:00:00+00:00, run_after=2024-09-09 00:00:00+00:00
[2024-09-10T02:18:17.168+0800] {logging_mixin.py:190} INFO - [2024-09-10T02:18:17.168+0800] {dag.py:4156} INFO - Setting next_dagrun for dataset_with_extra_from_classic_operator to 2024-09-08 00:00:00+00:00, run_after=2024-09-09 00:00:00+00:00
[2024-09-10T02:18:17.175+0800] {processor.py:208} INFO - Processing /Users/erniesg/.pyenv/versions/3.12.5/envs/letters_home/lib/python3.12/site-packages/airflow/example_dags/example_outlet_event_extra.py took 0.089 seconds
