[2024-09-10T01:37:56.746+0800] {processor.py:186} INFO - Started process (PID=57999) to work on /Users/erniesg/.pyenv/versions/3.12.5/envs/letters_home/lib/python3.12/site-packages/airflow/example_dags/example_nested_branch_dag.py
[2024-09-10T01:37:56.747+0800] {processor.py:914} INFO - Processing file /Users/erniesg/.pyenv/versions/3.12.5/envs/letters_home/lib/python3.12/site-packages/airflow/example_dags/example_nested_branch_dag.py for tasks to queue
[2024-09-10T01:37:56.747+0800] {logging_mixin.py:190} INFO - [2024-09-10T01:37:56.747+0800] {dagbag.py:587} INFO - Filling up the DagBag from /Users/erniesg/.pyenv/versions/3.12.5/envs/letters_home/lib/python3.12/site-packages/airflow/example_dags/example_nested_branch_dag.py
[2024-09-10T01:37:56.763+0800] {processor.py:925} INFO - DAG(s) 'example_nested_branch_dag' retrieved from /Users/erniesg/.pyenv/versions/3.12.5/envs/letters_home/lib/python3.12/site-packages/airflow/example_dags/example_nested_branch_dag.py
[2024-09-10T01:37:56.832+0800] {logging_mixin.py:190} INFO - [2024-09-10T01:37:56.832+0800] {override.py:1900} INFO - Created Permission View: can delete on DAG:example_nested_branch_dag
[2024-09-10T01:37:56.835+0800] {logging_mixin.py:190} INFO - [2024-09-10T01:37:56.835+0800] {override.py:1900} INFO - Created Permission View: can edit on DAG:example_nested_branch_dag
[2024-09-10T01:37:56.837+0800] {logging_mixin.py:190} INFO - [2024-09-10T01:37:56.837+0800] {override.py:1900} INFO - Created Permission View: can read on DAG:example_nested_branch_dag
[2024-09-10T01:37:56.840+0800] {logging_mixin.py:190} INFO - [2024-09-10T01:37:56.839+0800] {override.py:1900} INFO - Created Permission View: can delete on DAG Run:example_nested_branch_dag
[2024-09-10T01:37:56.841+0800] {logging_mixin.py:190} INFO - [2024-09-10T01:37:56.841+0800] {override.py:1900} INFO - Created Permission View: can create on DAG Run:example_nested_branch_dag
[2024-09-10T01:37:56.843+0800] {logging_mixin.py:190} INFO - [2024-09-10T01:37:56.843+0800] {override.py:1900} INFO - Created Permission View: menu access on DAG Run:example_nested_branch_dag
[2024-09-10T01:37:56.845+0800] {logging_mixin.py:190} INFO - [2024-09-10T01:37:56.845+0800] {override.py:1900} INFO - Created Permission View: can read on DAG Run:example_nested_branch_dag
[2024-09-10T01:37:56.845+0800] {logging_mixin.py:190} INFO - [2024-09-10T01:37:56.845+0800] {dag.py:3229} INFO - Sync 1 DAGs
[2024-09-10T01:37:56.850+0800] {logging_mixin.py:190} INFO - [2024-09-10T01:37:56.850+0800] {dag.py:3252} INFO - Creating ORM DAG for example_nested_branch_dag
[2024-09-10T01:37:56.853+0800] {logging_mixin.py:190} INFO - [2024-09-10T01:37:56.853+0800] {dag.py:4156} INFO - Setting next_dagrun for example_nested_branch_dag to 2024-09-08 00:00:00+00:00, run_after=2024-09-09 00:00:00+00:00
[2024-09-10T01:37:56.859+0800] {processor.py:208} INFO - Processing /Users/erniesg/.pyenv/versions/3.12.5/envs/letters_home/lib/python3.12/site-packages/airflow/example_dags/example_nested_branch_dag.py took 0.113 seconds
[2024-09-10T01:39:46.473+0800] {processor.py:186} INFO - Started process (PID=58100) to work on /Users/erniesg/.pyenv/versions/3.12.5/envs/letters_home/lib/python3.12/site-packages/airflow/example_dags/example_nested_branch_dag.py
[2024-09-10T01:39:46.474+0800] {processor.py:914} INFO - Processing file /Users/erniesg/.pyenv/versions/3.12.5/envs/letters_home/lib/python3.12/site-packages/airflow/example_dags/example_nested_branch_dag.py for tasks to queue
[2024-09-10T01:39:46.474+0800] {logging_mixin.py:190} INFO - [2024-09-10T01:39:46.474+0800] {dagbag.py:587} INFO - Filling up the DagBag from /Users/erniesg/.pyenv/versions/3.12.5/envs/letters_home/lib/python3.12/site-packages/airflow/example_dags/example_nested_branch_dag.py
[2024-09-10T01:39:46.490+0800] {processor.py:925} INFO - DAG(s) 'example_nested_branch_dag' retrieved from /Users/erniesg/.pyenv/versions/3.12.5/envs/letters_home/lib/python3.12/site-packages/airflow/example_dags/example_nested_branch_dag.py
[2024-09-10T01:39:46.525+0800] {logging_mixin.py:190} INFO - [2024-09-10T01:39:46.525+0800] {dag.py:3229} INFO - Sync 1 DAGs
[2024-09-10T01:39:46.532+0800] {logging_mixin.py:190} INFO - [2024-09-10T01:39:46.532+0800] {dag.py:4156} INFO - Setting next_dagrun for example_nested_branch_dag to 2024-09-08 00:00:00+00:00, run_after=2024-09-09 00:00:00+00:00
[2024-09-10T01:39:46.539+0800] {processor.py:208} INFO - Processing /Users/erniesg/.pyenv/versions/3.12.5/envs/letters_home/lib/python3.12/site-packages/airflow/example_dags/example_nested_branch_dag.py took 0.066 seconds
[2024-09-10T01:42:27.529+0800] {processor.py:186} INFO - Started process (PID=58239) to work on /Users/erniesg/.pyenv/versions/3.12.5/envs/letters_home/lib/python3.12/site-packages/airflow/example_dags/example_nested_branch_dag.py
[2024-09-10T01:42:27.530+0800] {processor.py:914} INFO - Processing file /Users/erniesg/.pyenv/versions/3.12.5/envs/letters_home/lib/python3.12/site-packages/airflow/example_dags/example_nested_branch_dag.py for tasks to queue
[2024-09-10T01:42:27.530+0800] {logging_mixin.py:190} INFO - [2024-09-10T01:42:27.530+0800] {dagbag.py:587} INFO - Filling up the DagBag from /Users/erniesg/.pyenv/versions/3.12.5/envs/letters_home/lib/python3.12/site-packages/airflow/example_dags/example_nested_branch_dag.py
[2024-09-10T01:42:27.547+0800] {processor.py:925} INFO - DAG(s) 'example_nested_branch_dag' retrieved from /Users/erniesg/.pyenv/versions/3.12.5/envs/letters_home/lib/python3.12/site-packages/airflow/example_dags/example_nested_branch_dag.py
[2024-09-10T01:42:27.587+0800] {logging_mixin.py:190} INFO - [2024-09-10T01:42:27.587+0800] {dag.py:3229} INFO - Sync 1 DAGs
[2024-09-10T01:42:27.594+0800] {logging_mixin.py:190} INFO - [2024-09-10T01:42:27.594+0800] {dag.py:4156} INFO - Setting next_dagrun for example_nested_branch_dag to 2024-09-08 00:00:00+00:00, run_after=2024-09-09 00:00:00+00:00
[2024-09-10T01:42:27.601+0800] {processor.py:208} INFO - Processing /Users/erniesg/.pyenv/versions/3.12.5/envs/letters_home/lib/python3.12/site-packages/airflow/example_dags/example_nested_branch_dag.py took 0.073 seconds
[2024-09-10T01:59:29.869+0800] {processor.py:186} INFO - Started process (PID=67505) to work on /Users/erniesg/.pyenv/versions/3.12.5/envs/letters_home/lib/python3.12/site-packages/airflow/example_dags/example_nested_branch_dag.py
[2024-09-10T01:59:29.870+0800] {processor.py:914} INFO - Processing file /Users/erniesg/.pyenv/versions/3.12.5/envs/letters_home/lib/python3.12/site-packages/airflow/example_dags/example_nested_branch_dag.py for tasks to queue
[2024-09-10T01:59:29.870+0800] {logging_mixin.py:190} INFO - [2024-09-10T01:59:29.870+0800] {dagbag.py:587} INFO - Filling up the DagBag from /Users/erniesg/.pyenv/versions/3.12.5/envs/letters_home/lib/python3.12/site-packages/airflow/example_dags/example_nested_branch_dag.py
[2024-09-10T01:59:29.886+0800] {processor.py:925} INFO - DAG(s) 'example_nested_branch_dag' retrieved from /Users/erniesg/.pyenv/versions/3.12.5/envs/letters_home/lib/python3.12/site-packages/airflow/example_dags/example_nested_branch_dag.py
[2024-09-10T01:59:29.923+0800] {logging_mixin.py:190} INFO - [2024-09-10T01:59:29.923+0800] {dag.py:3229} INFO - Sync 1 DAGs
[2024-09-10T01:59:29.930+0800] {logging_mixin.py:190} INFO - [2024-09-10T01:59:29.930+0800] {dag.py:4156} INFO - Setting next_dagrun for example_nested_branch_dag to 2024-09-08 00:00:00+00:00, run_after=2024-09-09 00:00:00+00:00
[2024-09-10T01:59:29.938+0800] {processor.py:208} INFO - Processing /Users/erniesg/.pyenv/versions/3.12.5/envs/letters_home/lib/python3.12/site-packages/airflow/example_dags/example_nested_branch_dag.py took 0.070 seconds
[2024-09-10T02:01:52.605+0800] {processor.py:186} INFO - Started process (PID=67928) to work on /Users/erniesg/.pyenv/versions/3.12.5/envs/letters_home/lib/python3.12/site-packages/airflow/example_dags/example_nested_branch_dag.py
[2024-09-10T02:01:52.606+0800] {processor.py:914} INFO - Processing file /Users/erniesg/.pyenv/versions/3.12.5/envs/letters_home/lib/python3.12/site-packages/airflow/example_dags/example_nested_branch_dag.py for tasks to queue
[2024-09-10T02:01:52.606+0800] {logging_mixin.py:190} INFO - [2024-09-10T02:01:52.606+0800] {dagbag.py:587} INFO - Filling up the DagBag from /Users/erniesg/.pyenv/versions/3.12.5/envs/letters_home/lib/python3.12/site-packages/airflow/example_dags/example_nested_branch_dag.py
[2024-09-10T02:01:52.623+0800] {processor.py:925} INFO - DAG(s) 'example_nested_branch_dag' retrieved from /Users/erniesg/.pyenv/versions/3.12.5/envs/letters_home/lib/python3.12/site-packages/airflow/example_dags/example_nested_branch_dag.py
[2024-09-10T02:01:52.667+0800] {logging_mixin.py:190} INFO - [2024-09-10T02:01:52.666+0800] {dag.py:3229} INFO - Sync 1 DAGs
[2024-09-10T02:01:52.674+0800] {logging_mixin.py:190} INFO - [2024-09-10T02:01:52.674+0800] {dag.py:4156} INFO - Setting next_dagrun for example_nested_branch_dag to 2024-09-08 00:00:00+00:00, run_after=2024-09-09 00:00:00+00:00
[2024-09-10T02:01:52.681+0800] {processor.py:208} INFO - Processing /Users/erniesg/.pyenv/versions/3.12.5/envs/letters_home/lib/python3.12/site-packages/airflow/example_dags/example_nested_branch_dag.py took 0.077 seconds
[2024-09-10T02:04:37.401+0800] {processor.py:186} INFO - Started process (PID=68120) to work on /Users/erniesg/.pyenv/versions/3.12.5/envs/letters_home/lib/python3.12/site-packages/airflow/example_dags/example_nested_branch_dag.py
[2024-09-10T02:04:37.402+0800] {processor.py:914} INFO - Processing file /Users/erniesg/.pyenv/versions/3.12.5/envs/letters_home/lib/python3.12/site-packages/airflow/example_dags/example_nested_branch_dag.py for tasks to queue
[2024-09-10T02:04:37.402+0800] {logging_mixin.py:190} INFO - [2024-09-10T02:04:37.402+0800] {dagbag.py:587} INFO - Filling up the DagBag from /Users/erniesg/.pyenv/versions/3.12.5/envs/letters_home/lib/python3.12/site-packages/airflow/example_dags/example_nested_branch_dag.py
[2024-09-10T02:04:37.418+0800] {processor.py:925} INFO - DAG(s) 'example_nested_branch_dag' retrieved from /Users/erniesg/.pyenv/versions/3.12.5/envs/letters_home/lib/python3.12/site-packages/airflow/example_dags/example_nested_branch_dag.py
[2024-09-10T02:04:37.453+0800] {logging_mixin.py:190} INFO - [2024-09-10T02:04:37.453+0800] {dag.py:3229} INFO - Sync 1 DAGs
[2024-09-10T02:04:37.459+0800] {logging_mixin.py:190} INFO - [2024-09-10T02:04:37.459+0800] {dag.py:4156} INFO - Setting next_dagrun for example_nested_branch_dag to 2024-09-08 00:00:00+00:00, run_after=2024-09-09 00:00:00+00:00
[2024-09-10T02:04:37.466+0800] {processor.py:208} INFO - Processing /Users/erniesg/.pyenv/versions/3.12.5/envs/letters_home/lib/python3.12/site-packages/airflow/example_dags/example_nested_branch_dag.py took 0.066 seconds
[2024-09-10T02:07:36.464+0800] {processor.py:186} INFO - Started process (PID=68425) to work on /Users/erniesg/.pyenv/versions/3.12.5/envs/letters_home/lib/python3.12/site-packages/airflow/example_dags/example_nested_branch_dag.py
[2024-09-10T02:07:36.464+0800] {processor.py:914} INFO - Processing file /Users/erniesg/.pyenv/versions/3.12.5/envs/letters_home/lib/python3.12/site-packages/airflow/example_dags/example_nested_branch_dag.py for tasks to queue
[2024-09-10T02:07:36.465+0800] {logging_mixin.py:190} INFO - [2024-09-10T02:07:36.465+0800] {dagbag.py:587} INFO - Filling up the DagBag from /Users/erniesg/.pyenv/versions/3.12.5/envs/letters_home/lib/python3.12/site-packages/airflow/example_dags/example_nested_branch_dag.py
[2024-09-10T02:07:36.481+0800] {processor.py:925} INFO - DAG(s) 'example_nested_branch_dag' retrieved from /Users/erniesg/.pyenv/versions/3.12.5/envs/letters_home/lib/python3.12/site-packages/airflow/example_dags/example_nested_branch_dag.py
[2024-09-10T02:07:36.517+0800] {logging_mixin.py:190} INFO - [2024-09-10T02:07:36.517+0800] {dag.py:3229} INFO - Sync 1 DAGs
[2024-09-10T02:07:36.524+0800] {logging_mixin.py:190} INFO - [2024-09-10T02:07:36.523+0800] {dag.py:4156} INFO - Setting next_dagrun for example_nested_branch_dag to 2024-09-08 00:00:00+00:00, run_after=2024-09-09 00:00:00+00:00
[2024-09-10T02:07:36.531+0800] {processor.py:208} INFO - Processing /Users/erniesg/.pyenv/versions/3.12.5/envs/letters_home/lib/python3.12/site-packages/airflow/example_dags/example_nested_branch_dag.py took 0.068 seconds
[2024-09-10T02:13:01.877+0800] {processor.py:186} INFO - Started process (PID=69284) to work on /Users/erniesg/.pyenv/versions/3.12.5/envs/letters_home/lib/python3.12/site-packages/airflow/example_dags/example_nested_branch_dag.py
[2024-09-10T02:13:01.878+0800] {processor.py:914} INFO - Processing file /Users/erniesg/.pyenv/versions/3.12.5/envs/letters_home/lib/python3.12/site-packages/airflow/example_dags/example_nested_branch_dag.py for tasks to queue
[2024-09-10T02:13:01.878+0800] {logging_mixin.py:190} INFO - [2024-09-10T02:13:01.878+0800] {dagbag.py:587} INFO - Filling up the DagBag from /Users/erniesg/.pyenv/versions/3.12.5/envs/letters_home/lib/python3.12/site-packages/airflow/example_dags/example_nested_branch_dag.py
[2024-09-10T02:13:01.896+0800] {processor.py:925} INFO - DAG(s) 'example_nested_branch_dag' retrieved from /Users/erniesg/.pyenv/versions/3.12.5/envs/letters_home/lib/python3.12/site-packages/airflow/example_dags/example_nested_branch_dag.py
[2024-09-10T02:13:01.935+0800] {logging_mixin.py:190} INFO - [2024-09-10T02:13:01.934+0800] {dag.py:3229} INFO - Sync 1 DAGs
[2024-09-10T02:13:01.942+0800] {logging_mixin.py:190} INFO - [2024-09-10T02:13:01.942+0800] {dag.py:4156} INFO - Setting next_dagrun for example_nested_branch_dag to 2024-09-08 00:00:00+00:00, run_after=2024-09-09 00:00:00+00:00
[2024-09-10T02:13:01.951+0800] {processor.py:208} INFO - Processing /Users/erniesg/.pyenv/versions/3.12.5/envs/letters_home/lib/python3.12/site-packages/airflow/example_dags/example_nested_branch_dag.py took 0.074 seconds
[2024-09-10T02:16:24.322+0800] {processor.py:186} INFO - Started process (PID=69743) to work on /Users/erniesg/.pyenv/versions/3.12.5/envs/letters_home/lib/python3.12/site-packages/airflow/example_dags/example_nested_branch_dag.py
[2024-09-10T02:16:24.322+0800] {processor.py:914} INFO - Processing file /Users/erniesg/.pyenv/versions/3.12.5/envs/letters_home/lib/python3.12/site-packages/airflow/example_dags/example_nested_branch_dag.py for tasks to queue
[2024-09-10T02:16:24.323+0800] {logging_mixin.py:190} INFO - [2024-09-10T02:16:24.323+0800] {dagbag.py:587} INFO - Filling up the DagBag from /Users/erniesg/.pyenv/versions/3.12.5/envs/letters_home/lib/python3.12/site-packages/airflow/example_dags/example_nested_branch_dag.py
[2024-09-10T02:16:24.338+0800] {processor.py:925} INFO - DAG(s) 'example_nested_branch_dag' retrieved from /Users/erniesg/.pyenv/versions/3.12.5/envs/letters_home/lib/python3.12/site-packages/airflow/example_dags/example_nested_branch_dag.py
[2024-09-10T02:16:24.375+0800] {logging_mixin.py:190} INFO - [2024-09-10T02:16:24.375+0800] {dag.py:3229} INFO - Sync 1 DAGs
[2024-09-10T02:16:24.382+0800] {logging_mixin.py:190} INFO - [2024-09-10T02:16:24.381+0800] {dag.py:4156} INFO - Setting next_dagrun for example_nested_branch_dag to 2024-09-08 00:00:00+00:00, run_after=2024-09-09 00:00:00+00:00
[2024-09-10T02:16:24.389+0800] {processor.py:208} INFO - Processing /Users/erniesg/.pyenv/versions/3.12.5/envs/letters_home/lib/python3.12/site-packages/airflow/example_dags/example_nested_branch_dag.py took 0.068 seconds
[2024-09-10T02:18:19.267+0800] {processor.py:186} INFO - Started process (PID=69893) to work on /Users/erniesg/.pyenv/versions/3.12.5/envs/letters_home/lib/python3.12/site-packages/airflow/example_dags/example_nested_branch_dag.py
[2024-09-10T02:18:19.268+0800] {processor.py:914} INFO - Processing file /Users/erniesg/.pyenv/versions/3.12.5/envs/letters_home/lib/python3.12/site-packages/airflow/example_dags/example_nested_branch_dag.py for tasks to queue
[2024-09-10T02:18:19.268+0800] {logging_mixin.py:190} INFO - [2024-09-10T02:18:19.268+0800] {dagbag.py:587} INFO - Filling up the DagBag from /Users/erniesg/.pyenv/versions/3.12.5/envs/letters_home/lib/python3.12/site-packages/airflow/example_dags/example_nested_branch_dag.py
[2024-09-10T02:18:19.285+0800] {processor.py:925} INFO - DAG(s) 'example_nested_branch_dag' retrieved from /Users/erniesg/.pyenv/versions/3.12.5/envs/letters_home/lib/python3.12/site-packages/airflow/example_dags/example_nested_branch_dag.py
[2024-09-10T02:18:19.322+0800] {logging_mixin.py:190} INFO - [2024-09-10T02:18:19.322+0800] {dag.py:3229} INFO - Sync 1 DAGs
[2024-09-10T02:18:19.330+0800] {logging_mixin.py:190} INFO - [2024-09-10T02:18:19.329+0800] {dag.py:4156} INFO - Setting next_dagrun for example_nested_branch_dag to 2024-09-08 00:00:00+00:00, run_after=2024-09-09 00:00:00+00:00
[2024-09-10T02:18:19.337+0800] {processor.py:208} INFO - Processing /Users/erniesg/.pyenv/versions/3.12.5/envs/letters_home/lib/python3.12/site-packages/airflow/example_dags/example_nested_branch_dag.py took 0.071 seconds
