[2024-09-10T01:37:44.488+0800] {processor.py:186} INFO - Started process (PID=57844) to work on /Users/erniesg/.pyenv/versions/3.12.5/envs/letters_home/lib/python3.12/site-packages/airflow/example_dags/example_sensor_decorator.py
[2024-09-10T01:37:44.488+0800] {processor.py:914} INFO - Processing file /Users/erniesg/.pyenv/versions/3.12.5/envs/letters_home/lib/python3.12/site-packages/airflow/example_dags/example_sensor_decorator.py for tasks to queue
[2024-09-10T01:37:44.488+0800] {logging_mixin.py:190} INFO - [2024-09-10T01:37:44.488+0800] {dagbag.py:587} INFO - Filling up the DagBag from /Users/erniesg/.pyenv/versions/3.12.5/envs/letters_home/lib/python3.12/site-packages/airflow/example_dags/example_sensor_decorator.py
[2024-09-10T01:37:44.503+0800] {processor.py:925} INFO - DAG(s) 'example_sensor_decorator' retrieved from /Users/erniesg/.pyenv/versions/3.12.5/envs/letters_home/lib/python3.12/site-packages/airflow/example_dags/example_sensor_decorator.py
[2024-09-10T01:37:44.750+0800] {logging_mixin.py:190} INFO - [2024-09-10T01:37:44.750+0800] {override.py:1900} INFO - Created Permission View: can delete on DAG:example_sensor_decorator
[2024-09-10T01:37:44.754+0800] {logging_mixin.py:190} INFO - [2024-09-10T01:37:44.754+0800] {override.py:1900} INFO - Created Permission View: can edit on DAG:example_sensor_decorator
[2024-09-10T01:37:44.757+0800] {logging_mixin.py:190} INFO - [2024-09-10T01:37:44.757+0800] {override.py:1900} INFO - Created Permission View: can read on DAG:example_sensor_decorator
[2024-09-10T01:37:44.760+0800] {logging_mixin.py:190} INFO - [2024-09-10T01:37:44.760+0800] {override.py:1900} INFO - Created Permission View: menu access on DAG Run:example_sensor_decorator
[2024-09-10T01:37:44.762+0800] {logging_mixin.py:190} INFO - [2024-09-10T01:37:44.762+0800] {override.py:1900} INFO - Created Permission View: can delete on DAG Run:example_sensor_decorator
[2024-09-10T01:37:44.764+0800] {logging_mixin.py:190} INFO - [2024-09-10T01:37:44.764+0800] {override.py:1900} INFO - Created Permission View: can create on DAG Run:example_sensor_decorator
[2024-09-10T01:37:44.766+0800] {logging_mixin.py:190} INFO - [2024-09-10T01:37:44.766+0800] {override.py:1900} INFO - Created Permission View: can read on DAG Run:example_sensor_decorator
[2024-09-10T01:37:44.766+0800] {logging_mixin.py:190} INFO - [2024-09-10T01:37:44.766+0800] {dag.py:3229} INFO - Sync 1 DAGs
[2024-09-10T01:37:44.772+0800] {logging_mixin.py:190} INFO - [2024-09-10T01:37:44.771+0800] {dag.py:3252} INFO - Creating ORM DAG for example_sensor_decorator
[2024-09-10T01:37:44.772+0800] {logging_mixin.py:190} INFO - [2024-09-10T01:37:44.772+0800] {dag.py:4156} INFO - Setting next_dagrun for example_sensor_decorator to None, run_after=None
[2024-09-10T01:37:44.778+0800] {processor.py:208} INFO - Processing /Users/erniesg/.pyenv/versions/3.12.5/envs/letters_home/lib/python3.12/site-packages/airflow/example_dags/example_sensor_decorator.py took 0.292 seconds
[2024-09-10T01:39:33.058+0800] {processor.py:186} INFO - Started process (PID=58091) to work on /Users/erniesg/.pyenv/versions/3.12.5/envs/letters_home/lib/python3.12/site-packages/airflow/example_dags/example_sensor_decorator.py
[2024-09-10T01:39:33.058+0800] {processor.py:914} INFO - Processing file /Users/erniesg/.pyenv/versions/3.12.5/envs/letters_home/lib/python3.12/site-packages/airflow/example_dags/example_sensor_decorator.py for tasks to queue
[2024-09-10T01:39:33.058+0800] {logging_mixin.py:190} INFO - [2024-09-10T01:39:33.058+0800] {dagbag.py:587} INFO - Filling up the DagBag from /Users/erniesg/.pyenv/versions/3.12.5/envs/letters_home/lib/python3.12/site-packages/airflow/example_dags/example_sensor_decorator.py
[2024-09-10T01:39:33.073+0800] {processor.py:925} INFO - DAG(s) 'example_sensor_decorator' retrieved from /Users/erniesg/.pyenv/versions/3.12.5/envs/letters_home/lib/python3.12/site-packages/airflow/example_dags/example_sensor_decorator.py
[2024-09-10T01:39:33.264+0800] {logging_mixin.py:190} INFO - [2024-09-10T01:39:33.263+0800] {dag.py:3229} INFO - Sync 1 DAGs
[2024-09-10T01:39:33.267+0800] {logging_mixin.py:190} INFO - [2024-09-10T01:39:33.267+0800] {dag.py:4156} INFO - Setting next_dagrun for example_sensor_decorator to None, run_after=None
[2024-09-10T01:39:33.274+0800] {processor.py:208} INFO - Processing /Users/erniesg/.pyenv/versions/3.12.5/envs/letters_home/lib/python3.12/site-packages/airflow/example_dags/example_sensor_decorator.py took 0.218 seconds
[2024-09-10T01:42:14.300+0800] {processor.py:186} INFO - Started process (PID=58231) to work on /Users/erniesg/.pyenv/versions/3.12.5/envs/letters_home/lib/python3.12/site-packages/airflow/example_dags/example_sensor_decorator.py
[2024-09-10T01:42:14.300+0800] {processor.py:914} INFO - Processing file /Users/erniesg/.pyenv/versions/3.12.5/envs/letters_home/lib/python3.12/site-packages/airflow/example_dags/example_sensor_decorator.py for tasks to queue
[2024-09-10T01:42:14.301+0800] {logging_mixin.py:190} INFO - [2024-09-10T01:42:14.301+0800] {dagbag.py:587} INFO - Filling up the DagBag from /Users/erniesg/.pyenv/versions/3.12.5/envs/letters_home/lib/python3.12/site-packages/airflow/example_dags/example_sensor_decorator.py
[2024-09-10T01:42:14.315+0800] {processor.py:925} INFO - DAG(s) 'example_sensor_decorator' retrieved from /Users/erniesg/.pyenv/versions/3.12.5/envs/letters_home/lib/python3.12/site-packages/airflow/example_dags/example_sensor_decorator.py
[2024-09-10T01:42:14.504+0800] {logging_mixin.py:190} INFO - [2024-09-10T01:42:14.504+0800] {dag.py:3229} INFO - Sync 1 DAGs
[2024-09-10T01:42:14.508+0800] {logging_mixin.py:190} INFO - [2024-09-10T01:42:14.508+0800] {dag.py:4156} INFO - Setting next_dagrun for example_sensor_decorator to None, run_after=None
[2024-09-10T01:42:14.515+0800] {processor.py:208} INFO - Processing /Users/erniesg/.pyenv/versions/3.12.5/envs/letters_home/lib/python3.12/site-packages/airflow/example_dags/example_sensor_decorator.py took 0.216 seconds
[2024-09-10T01:59:16.611+0800] {processor.py:186} INFO - Started process (PID=67486) to work on /Users/erniesg/.pyenv/versions/3.12.5/envs/letters_home/lib/python3.12/site-packages/airflow/example_dags/example_sensor_decorator.py
[2024-09-10T01:59:16.611+0800] {processor.py:914} INFO - Processing file /Users/erniesg/.pyenv/versions/3.12.5/envs/letters_home/lib/python3.12/site-packages/airflow/example_dags/example_sensor_decorator.py for tasks to queue
[2024-09-10T01:59:16.611+0800] {logging_mixin.py:190} INFO - [2024-09-10T01:59:16.611+0800] {dagbag.py:587} INFO - Filling up the DagBag from /Users/erniesg/.pyenv/versions/3.12.5/envs/letters_home/lib/python3.12/site-packages/airflow/example_dags/example_sensor_decorator.py
[2024-09-10T01:59:16.626+0800] {processor.py:925} INFO - DAG(s) 'example_sensor_decorator' retrieved from /Users/erniesg/.pyenv/versions/3.12.5/envs/letters_home/lib/python3.12/site-packages/airflow/example_dags/example_sensor_decorator.py
[2024-09-10T01:59:16.816+0800] {logging_mixin.py:190} INFO - [2024-09-10T01:59:16.815+0800] {dag.py:3229} INFO - Sync 1 DAGs
[2024-09-10T01:59:16.820+0800] {logging_mixin.py:190} INFO - [2024-09-10T01:59:16.820+0800] {dag.py:4156} INFO - Setting next_dagrun for example_sensor_decorator to None, run_after=None
[2024-09-10T01:59:16.827+0800] {processor.py:208} INFO - Processing /Users/erniesg/.pyenv/versions/3.12.5/envs/letters_home/lib/python3.12/site-packages/airflow/example_dags/example_sensor_decorator.py took 0.217 seconds
[2024-09-10T02:01:40.374+0800] {processor.py:186} INFO - Started process (PID=67916) to work on /Users/erniesg/.pyenv/versions/3.12.5/envs/letters_home/lib/python3.12/site-packages/airflow/example_dags/example_sensor_decorator.py
[2024-09-10T02:01:40.374+0800] {processor.py:914} INFO - Processing file /Users/erniesg/.pyenv/versions/3.12.5/envs/letters_home/lib/python3.12/site-packages/airflow/example_dags/example_sensor_decorator.py for tasks to queue
[2024-09-10T02:01:40.374+0800] {logging_mixin.py:190} INFO - [2024-09-10T02:01:40.374+0800] {dagbag.py:587} INFO - Filling up the DagBag from /Users/erniesg/.pyenv/versions/3.12.5/envs/letters_home/lib/python3.12/site-packages/airflow/example_dags/example_sensor_decorator.py
[2024-09-10T02:01:40.389+0800] {processor.py:925} INFO - DAG(s) 'example_sensor_decorator' retrieved from /Users/erniesg/.pyenv/versions/3.12.5/envs/letters_home/lib/python3.12/site-packages/airflow/example_dags/example_sensor_decorator.py
[2024-09-10T02:01:40.572+0800] {logging_mixin.py:190} INFO - [2024-09-10T02:01:40.572+0800] {dag.py:3229} INFO - Sync 1 DAGs
[2024-09-10T02:01:40.576+0800] {logging_mixin.py:190} INFO - [2024-09-10T02:01:40.576+0800] {dag.py:4156} INFO - Setting next_dagrun for example_sensor_decorator to None, run_after=None
[2024-09-10T02:01:40.583+0800] {processor.py:208} INFO - Processing /Users/erniesg/.pyenv/versions/3.12.5/envs/letters_home/lib/python3.12/site-packages/airflow/example_dags/example_sensor_decorator.py took 0.210 seconds
[2024-09-10T02:04:22.754+0800] {processor.py:186} INFO - Started process (PID=68104) to work on /Users/erniesg/.pyenv/versions/3.12.5/envs/letters_home/lib/python3.12/site-packages/airflow/example_dags/example_sensor_decorator.py
[2024-09-10T02:04:22.754+0800] {processor.py:914} INFO - Processing file /Users/erniesg/.pyenv/versions/3.12.5/envs/letters_home/lib/python3.12/site-packages/airflow/example_dags/example_sensor_decorator.py for tasks to queue
[2024-09-10T02:04:22.754+0800] {logging_mixin.py:190} INFO - [2024-09-10T02:04:22.754+0800] {dagbag.py:587} INFO - Filling up the DagBag from /Users/erniesg/.pyenv/versions/3.12.5/envs/letters_home/lib/python3.12/site-packages/airflow/example_dags/example_sensor_decorator.py
[2024-09-10T02:04:22.769+0800] {processor.py:925} INFO - DAG(s) 'example_sensor_decorator' retrieved from /Users/erniesg/.pyenv/versions/3.12.5/envs/letters_home/lib/python3.12/site-packages/airflow/example_dags/example_sensor_decorator.py
[2024-09-10T02:04:22.951+0800] {logging_mixin.py:190} INFO - [2024-09-10T02:04:22.951+0800] {dag.py:3229} INFO - Sync 1 DAGs
[2024-09-10T02:04:22.955+0800] {logging_mixin.py:190} INFO - [2024-09-10T02:04:22.955+0800] {dag.py:4156} INFO - Setting next_dagrun for example_sensor_decorator to None, run_after=None
[2024-09-10T02:04:22.962+0800] {processor.py:208} INFO - Processing /Users/erniesg/.pyenv/versions/3.12.5/envs/letters_home/lib/python3.12/site-packages/airflow/example_dags/example_sensor_decorator.py took 0.209 seconds
[2024-09-10T02:07:21.803+0800] {processor.py:186} INFO - Started process (PID=68402) to work on /Users/erniesg/.pyenv/versions/3.12.5/envs/letters_home/lib/python3.12/site-packages/airflow/example_dags/example_sensor_decorator.py
[2024-09-10T02:07:21.804+0800] {processor.py:914} INFO - Processing file /Users/erniesg/.pyenv/versions/3.12.5/envs/letters_home/lib/python3.12/site-packages/airflow/example_dags/example_sensor_decorator.py for tasks to queue
[2024-09-10T02:07:21.804+0800] {logging_mixin.py:190} INFO - [2024-09-10T02:07:21.804+0800] {dagbag.py:587} INFO - Filling up the DagBag from /Users/erniesg/.pyenv/versions/3.12.5/envs/letters_home/lib/python3.12/site-packages/airflow/example_dags/example_sensor_decorator.py
[2024-09-10T02:07:21.819+0800] {processor.py:925} INFO - DAG(s) 'example_sensor_decorator' retrieved from /Users/erniesg/.pyenv/versions/3.12.5/envs/letters_home/lib/python3.12/site-packages/airflow/example_dags/example_sensor_decorator.py
[2024-09-10T02:07:22.003+0800] {logging_mixin.py:190} INFO - [2024-09-10T02:07:22.002+0800] {dag.py:3229} INFO - Sync 1 DAGs
[2024-09-10T02:07:22.006+0800] {logging_mixin.py:190} INFO - [2024-09-10T02:07:22.006+0800] {dag.py:4156} INFO - Setting next_dagrun for example_sensor_decorator to None, run_after=None
[2024-09-10T02:07:22.013+0800] {processor.py:208} INFO - Processing /Users/erniesg/.pyenv/versions/3.12.5/envs/letters_home/lib/python3.12/site-packages/airflow/example_dags/example_sensor_decorator.py took 0.211 seconds
[2024-09-10T02:12:48.044+0800] {processor.py:186} INFO - Started process (PID=69277) to work on /Users/erniesg/.pyenv/versions/3.12.5/envs/letters_home/lib/python3.12/site-packages/airflow/example_dags/example_sensor_decorator.py
[2024-09-10T02:12:48.045+0800] {processor.py:914} INFO - Processing file /Users/erniesg/.pyenv/versions/3.12.5/envs/letters_home/lib/python3.12/site-packages/airflow/example_dags/example_sensor_decorator.py for tasks to queue
[2024-09-10T02:12:48.045+0800] {logging_mixin.py:190} INFO - [2024-09-10T02:12:48.045+0800] {dagbag.py:587} INFO - Filling up the DagBag from /Users/erniesg/.pyenv/versions/3.12.5/envs/letters_home/lib/python3.12/site-packages/airflow/example_dags/example_sensor_decorator.py
[2024-09-10T02:12:48.061+0800] {processor.py:925} INFO - DAG(s) 'example_sensor_decorator' retrieved from /Users/erniesg/.pyenv/versions/3.12.5/envs/letters_home/lib/python3.12/site-packages/airflow/example_dags/example_sensor_decorator.py
[2024-09-10T02:12:48.266+0800] {logging_mixin.py:190} INFO - [2024-09-10T02:12:48.266+0800] {dag.py:3229} INFO - Sync 1 DAGs
[2024-09-10T02:12:48.271+0800] {logging_mixin.py:190} INFO - [2024-09-10T02:12:48.270+0800] {dag.py:4156} INFO - Setting next_dagrun for example_sensor_decorator to None, run_after=None
[2024-09-10T02:12:48.278+0800] {processor.py:208} INFO - Processing /Users/erniesg/.pyenv/versions/3.12.5/envs/letters_home/lib/python3.12/site-packages/airflow/example_dags/example_sensor_decorator.py took 0.234 seconds
[2024-09-10T02:14:41.852+0800] {processor.py:186} INFO - Started process (PID=69366) to work on /Users/erniesg/.pyenv/versions/3.12.5/envs/letters_home/lib/python3.12/site-packages/airflow/example_dags/example_sensor_decorator.py
[2024-09-10T02:14:41.852+0800] {processor.py:914} INFO - Processing file /Users/erniesg/.pyenv/versions/3.12.5/envs/letters_home/lib/python3.12/site-packages/airflow/example_dags/example_sensor_decorator.py for tasks to queue
[2024-09-10T02:14:41.852+0800] {logging_mixin.py:190} INFO - [2024-09-10T02:14:41.852+0800] {dagbag.py:587} INFO - Filling up the DagBag from /Users/erniesg/.pyenv/versions/3.12.5/envs/letters_home/lib/python3.12/site-packages/airflow/example_dags/example_sensor_decorator.py
[2024-09-10T02:14:41.870+0800] {processor.py:925} INFO - DAG(s) 'example_sensor_decorator' retrieved from /Users/erniesg/.pyenv/versions/3.12.5/envs/letters_home/lib/python3.12/site-packages/airflow/example_dags/example_sensor_decorator.py
[2024-09-10T02:14:42.080+0800] {logging_mixin.py:190} INFO - [2024-09-10T02:14:42.080+0800] {dag.py:3229} INFO - Sync 1 DAGs
[2024-09-10T02:14:42.085+0800] {logging_mixin.py:190} INFO - [2024-09-10T02:14:42.085+0800] {dag.py:4156} INFO - Setting next_dagrun for example_sensor_decorator to None, run_after=None
[2024-09-10T02:14:42.092+0800] {processor.py:208} INFO - Processing /Users/erniesg/.pyenv/versions/3.12.5/envs/letters_home/lib/python3.12/site-packages/airflow/example_dags/example_sensor_decorator.py took 0.242 seconds
[2024-09-10T02:16:10.055+0800] {processor.py:186} INFO - Started process (PID=69732) to work on /Users/erniesg/.pyenv/versions/3.12.5/envs/letters_home/lib/python3.12/site-packages/airflow/example_dags/example_sensor_decorator.py
[2024-09-10T02:16:10.056+0800] {processor.py:914} INFO - Processing file /Users/erniesg/.pyenv/versions/3.12.5/envs/letters_home/lib/python3.12/site-packages/airflow/example_dags/example_sensor_decorator.py for tasks to queue
[2024-09-10T02:16:10.056+0800] {logging_mixin.py:190} INFO - [2024-09-10T02:16:10.056+0800] {dagbag.py:587} INFO - Filling up the DagBag from /Users/erniesg/.pyenv/versions/3.12.5/envs/letters_home/lib/python3.12/site-packages/airflow/example_dags/example_sensor_decorator.py
[2024-09-10T02:16:10.072+0800] {processor.py:925} INFO - DAG(s) 'example_sensor_decorator' retrieved from /Users/erniesg/.pyenv/versions/3.12.5/envs/letters_home/lib/python3.12/site-packages/airflow/example_dags/example_sensor_decorator.py
[2024-09-10T02:16:10.255+0800] {logging_mixin.py:190} INFO - [2024-09-10T02:16:10.255+0800] {dag.py:3229} INFO - Sync 1 DAGs
[2024-09-10T02:16:10.259+0800] {logging_mixin.py:190} INFO - [2024-09-10T02:16:10.259+0800] {dag.py:4156} INFO - Setting next_dagrun for example_sensor_decorator to None, run_after=None
[2024-09-10T02:16:10.266+0800] {processor.py:208} INFO - Processing /Users/erniesg/.pyenv/versions/3.12.5/envs/letters_home/lib/python3.12/site-packages/airflow/example_dags/example_sensor_decorator.py took 0.212 seconds
[2024-09-10T02:18:05.732+0800] {processor.py:186} INFO - Started process (PID=69864) to work on /Users/erniesg/.pyenv/versions/3.12.5/envs/letters_home/lib/python3.12/site-packages/airflow/example_dags/example_sensor_decorator.py
[2024-09-10T02:18:05.732+0800] {processor.py:914} INFO - Processing file /Users/erniesg/.pyenv/versions/3.12.5/envs/letters_home/lib/python3.12/site-packages/airflow/example_dags/example_sensor_decorator.py for tasks to queue
[2024-09-10T02:18:05.732+0800] {logging_mixin.py:190} INFO - [2024-09-10T02:18:05.732+0800] {dagbag.py:587} INFO - Filling up the DagBag from /Users/erniesg/.pyenv/versions/3.12.5/envs/letters_home/lib/python3.12/site-packages/airflow/example_dags/example_sensor_decorator.py
[2024-09-10T02:18:05.748+0800] {processor.py:925} INFO - DAG(s) 'example_sensor_decorator' retrieved from /Users/erniesg/.pyenv/versions/3.12.5/envs/letters_home/lib/python3.12/site-packages/airflow/example_dags/example_sensor_decorator.py
[2024-09-10T02:18:05.947+0800] {logging_mixin.py:190} INFO - [2024-09-10T02:18:05.947+0800] {dag.py:3229} INFO - Sync 1 DAGs
[2024-09-10T02:18:05.951+0800] {logging_mixin.py:190} INFO - [2024-09-10T02:18:05.951+0800] {dag.py:4156} INFO - Setting next_dagrun for example_sensor_decorator to None, run_after=None
[2024-09-10T02:18:05.959+0800] {processor.py:208} INFO - Processing /Users/erniesg/.pyenv/versions/3.12.5/envs/letters_home/lib/python3.12/site-packages/airflow/example_dags/example_sensor_decorator.py took 0.228 seconds
