[2024-09-10T01:37:22.781+0800] {processor.py:186} INFO - Started process (PID=57532) to work on /Users/erniesg/.pyenv/versions/3.12.5/envs/letters_home/lib/python3.12/site-packages/airflow/example_dags/example_time_delta_sensor_async.py
[2024-09-10T01:37:22.782+0800] {processor.py:914} INFO - Processing file /Users/erniesg/.pyenv/versions/3.12.5/envs/letters_home/lib/python3.12/site-packages/airflow/example_dags/example_time_delta_sensor_async.py for tasks to queue
[2024-09-10T01:37:22.782+0800] {logging_mixin.py:190} INFO - [2024-09-10T01:37:22.782+0800] {dagbag.py:587} INFO - Filling up the DagBag from /Users/erniesg/.pyenv/versions/3.12.5/envs/letters_home/lib/python3.12/site-packages/airflow/example_dags/example_time_delta_sensor_async.py
[2024-09-10T01:37:22.784+0800] {processor.py:925} INFO - DAG(s) 'example_time_delta_sensor_async' retrieved from /Users/erniesg/.pyenv/versions/3.12.5/envs/letters_home/lib/python3.12/site-packages/airflow/example_dags/example_time_delta_sensor_async.py
[2024-09-10T01:37:23.011+0800] {logging_mixin.py:190} INFO - [2024-09-10T01:37:23.010+0800] {override.py:1900} INFO - Created Permission View: can edit on DAG:example_time_delta_sensor_async
[2024-09-10T01:37:23.014+0800] {logging_mixin.py:190} INFO - [2024-09-10T01:37:23.014+0800] {override.py:1900} INFO - Created Permission View: can read on DAG:example_time_delta_sensor_async
[2024-09-10T01:37:23.016+0800] {logging_mixin.py:190} INFO - [2024-09-10T01:37:23.016+0800] {override.py:1900} INFO - Created Permission View: can delete on DAG:example_time_delta_sensor_async
[2024-09-10T01:37:23.019+0800] {logging_mixin.py:190} INFO - [2024-09-10T01:37:23.018+0800] {override.py:1900} INFO - Created Permission View: can delete on DAG Run:example_time_delta_sensor_async
[2024-09-10T01:37:23.020+0800] {logging_mixin.py:190} INFO - [2024-09-10T01:37:23.020+0800] {override.py:1900} INFO - Created Permission View: menu access on DAG Run:example_time_delta_sensor_async
[2024-09-10T01:37:23.022+0800] {logging_mixin.py:190} INFO - [2024-09-10T01:37:23.022+0800] {override.py:1900} INFO - Created Permission View: can read on DAG Run:example_time_delta_sensor_async
[2024-09-10T01:37:23.024+0800] {logging_mixin.py:190} INFO - [2024-09-10T01:37:23.024+0800] {override.py:1900} INFO - Created Permission View: can create on DAG Run:example_time_delta_sensor_async
[2024-09-10T01:37:23.024+0800] {logging_mixin.py:190} INFO - [2024-09-10T01:37:23.024+0800] {dag.py:3229} INFO - Sync 1 DAGs
[2024-09-10T01:37:23.029+0800] {logging_mixin.py:190} INFO - [2024-09-10T01:37:23.028+0800] {dag.py:3252} INFO - Creating ORM DAG for example_time_delta_sensor_async
[2024-09-10T01:37:23.029+0800] {logging_mixin.py:190} INFO - [2024-09-10T01:37:23.029+0800] {dag.py:4156} INFO - Setting next_dagrun for example_time_delta_sensor_async to None, run_after=None
[2024-09-10T01:37:23.034+0800] {processor.py:208} INFO - Processing /Users/erniesg/.pyenv/versions/3.12.5/envs/letters_home/lib/python3.12/site-packages/airflow/example_dags/example_time_delta_sensor_async.py took 0.254 seconds
[2024-09-10T01:39:12.267+0800] {processor.py:186} INFO - Started process (PID=58063) to work on /Users/erniesg/.pyenv/versions/3.12.5/envs/letters_home/lib/python3.12/site-packages/airflow/example_dags/example_time_delta_sensor_async.py
[2024-09-10T01:39:12.267+0800] {processor.py:914} INFO - Processing file /Users/erniesg/.pyenv/versions/3.12.5/envs/letters_home/lib/python3.12/site-packages/airflow/example_dags/example_time_delta_sensor_async.py for tasks to queue
[2024-09-10T01:39:12.268+0800] {logging_mixin.py:190} INFO - [2024-09-10T01:39:12.268+0800] {dagbag.py:587} INFO - Filling up the DagBag from /Users/erniesg/.pyenv/versions/3.12.5/envs/letters_home/lib/python3.12/site-packages/airflow/example_dags/example_time_delta_sensor_async.py
[2024-09-10T01:39:12.270+0800] {processor.py:925} INFO - DAG(s) 'example_time_delta_sensor_async' retrieved from /Users/erniesg/.pyenv/versions/3.12.5/envs/letters_home/lib/python3.12/site-packages/airflow/example_dags/example_time_delta_sensor_async.py
[2024-09-10T01:39:12.457+0800] {logging_mixin.py:190} INFO - [2024-09-10T01:39:12.457+0800] {dag.py:3229} INFO - Sync 1 DAGs
[2024-09-10T01:39:12.461+0800] {logging_mixin.py:190} INFO - [2024-09-10T01:39:12.461+0800] {dag.py:4156} INFO - Setting next_dagrun for example_time_delta_sensor_async to None, run_after=None
[2024-09-10T01:39:12.468+0800] {processor.py:208} INFO - Processing /Users/erniesg/.pyenv/versions/3.12.5/envs/letters_home/lib/python3.12/site-packages/airflow/example_dags/example_time_delta_sensor_async.py took 0.202 seconds
[2024-09-10T01:40:33.215+0800] {processor.py:186} INFO - Started process (PID=58150) to work on /Users/erniesg/.pyenv/versions/3.12.5/envs/letters_home/lib/python3.12/site-packages/airflow/example_dags/example_time_delta_sensor_async.py
[2024-09-10T01:40:33.216+0800] {processor.py:914} INFO - Processing file /Users/erniesg/.pyenv/versions/3.12.5/envs/letters_home/lib/python3.12/site-packages/airflow/example_dags/example_time_delta_sensor_async.py for tasks to queue
[2024-09-10T01:40:33.216+0800] {logging_mixin.py:190} INFO - [2024-09-10T01:40:33.216+0800] {dagbag.py:587} INFO - Filling up the DagBag from /Users/erniesg/.pyenv/versions/3.12.5/envs/letters_home/lib/python3.12/site-packages/airflow/example_dags/example_time_delta_sensor_async.py
[2024-09-10T01:40:33.219+0800] {processor.py:925} INFO - DAG(s) 'example_time_delta_sensor_async' retrieved from /Users/erniesg/.pyenv/versions/3.12.5/envs/letters_home/lib/python3.12/site-packages/airflow/example_dags/example_time_delta_sensor_async.py
[2024-09-10T01:40:33.424+0800] {logging_mixin.py:190} INFO - [2024-09-10T01:40:33.424+0800] {dag.py:3229} INFO - Sync 1 DAGs
[2024-09-10T01:40:33.428+0800] {logging_mixin.py:190} INFO - [2024-09-10T01:40:33.428+0800] {dag.py:4156} INFO - Setting next_dagrun for example_time_delta_sensor_async to None, run_after=None
[2024-09-10T01:40:33.435+0800] {processor.py:208} INFO - Processing /Users/erniesg/.pyenv/versions/3.12.5/envs/letters_home/lib/python3.12/site-packages/airflow/example_dags/example_time_delta_sensor_async.py took 0.221 seconds
[2024-09-10T01:41:52.324+0800] {processor.py:186} INFO - Started process (PID=58211) to work on /Users/erniesg/.pyenv/versions/3.12.5/envs/letters_home/lib/python3.12/site-packages/airflow/example_dags/example_time_delta_sensor_async.py
[2024-09-10T01:41:52.324+0800] {processor.py:914} INFO - Processing file /Users/erniesg/.pyenv/versions/3.12.5/envs/letters_home/lib/python3.12/site-packages/airflow/example_dags/example_time_delta_sensor_async.py for tasks to queue
[2024-09-10T01:41:52.325+0800] {logging_mixin.py:190} INFO - [2024-09-10T01:41:52.325+0800] {dagbag.py:587} INFO - Filling up the DagBag from /Users/erniesg/.pyenv/versions/3.12.5/envs/letters_home/lib/python3.12/site-packages/airflow/example_dags/example_time_delta_sensor_async.py
[2024-09-10T01:41:52.331+0800] {processor.py:925} INFO - DAG(s) 'example_time_delta_sensor_async' retrieved from /Users/erniesg/.pyenv/versions/3.12.5/envs/letters_home/lib/python3.12/site-packages/airflow/example_dags/example_time_delta_sensor_async.py
[2024-09-10T01:41:52.524+0800] {logging_mixin.py:190} INFO - [2024-09-10T01:41:52.524+0800] {dag.py:3229} INFO - Sync 1 DAGs
[2024-09-10T01:41:52.528+0800] {logging_mixin.py:190} INFO - [2024-09-10T01:41:52.528+0800] {dag.py:4156} INFO - Setting next_dagrun for example_time_delta_sensor_async to None, run_after=None
[2024-09-10T01:41:52.534+0800] {processor.py:208} INFO - Processing /Users/erniesg/.pyenv/versions/3.12.5/envs/letters_home/lib/python3.12/site-packages/airflow/example_dags/example_time_delta_sensor_async.py took 0.212 seconds
[2024-09-10T01:43:15.568+0800] {processor.py:186} INFO - Started process (PID=58598) to work on /Users/erniesg/.pyenv/versions/3.12.5/envs/letters_home/lib/python3.12/site-packages/airflow/example_dags/example_time_delta_sensor_async.py
[2024-09-10T01:43:15.568+0800] {processor.py:914} INFO - Processing file /Users/erniesg/.pyenv/versions/3.12.5/envs/letters_home/lib/python3.12/site-packages/airflow/example_dags/example_time_delta_sensor_async.py for tasks to queue
[2024-09-10T01:43:15.569+0800] {logging_mixin.py:190} INFO - [2024-09-10T01:43:15.569+0800] {dagbag.py:587} INFO - Filling up the DagBag from /Users/erniesg/.pyenv/versions/3.12.5/envs/letters_home/lib/python3.12/site-packages/airflow/example_dags/example_time_delta_sensor_async.py
[2024-09-10T01:43:15.572+0800] {processor.py:925} INFO - DAG(s) 'example_time_delta_sensor_async' retrieved from /Users/erniesg/.pyenv/versions/3.12.5/envs/letters_home/lib/python3.12/site-packages/airflow/example_dags/example_time_delta_sensor_async.py
[2024-09-10T01:43:15.776+0800] {logging_mixin.py:190} INFO - [2024-09-10T01:43:15.776+0800] {dag.py:3229} INFO - Sync 1 DAGs
[2024-09-10T01:43:15.780+0800] {logging_mixin.py:190} INFO - [2024-09-10T01:43:15.780+0800] {dag.py:4156} INFO - Setting next_dagrun for example_time_delta_sensor_async to None, run_after=None
[2024-09-10T01:43:15.787+0800] {processor.py:208} INFO - Processing /Users/erniesg/.pyenv/versions/3.12.5/envs/letters_home/lib/python3.12/site-packages/airflow/example_dags/example_time_delta_sensor_async.py took 0.220 seconds
[2024-09-10T01:44:37.101+0800] {processor.py:186} INFO - Started process (PID=58763) to work on /Users/erniesg/.pyenv/versions/3.12.5/envs/letters_home/lib/python3.12/site-packages/airflow/example_dags/example_time_delta_sensor_async.py
[2024-09-10T01:44:37.101+0800] {processor.py:914} INFO - Processing file /Users/erniesg/.pyenv/versions/3.12.5/envs/letters_home/lib/python3.12/site-packages/airflow/example_dags/example_time_delta_sensor_async.py for tasks to queue
[2024-09-10T01:44:37.101+0800] {logging_mixin.py:190} INFO - [2024-09-10T01:44:37.101+0800] {dagbag.py:587} INFO - Filling up the DagBag from /Users/erniesg/.pyenv/versions/3.12.5/envs/letters_home/lib/python3.12/site-packages/airflow/example_dags/example_time_delta_sensor_async.py
[2024-09-10T01:44:37.104+0800] {processor.py:925} INFO - DAG(s) 'example_time_delta_sensor_async' retrieved from /Users/erniesg/.pyenv/versions/3.12.5/envs/letters_home/lib/python3.12/site-packages/airflow/example_dags/example_time_delta_sensor_async.py
[2024-09-10T01:44:37.330+0800] {logging_mixin.py:190} INFO - [2024-09-10T01:44:37.329+0800] {dag.py:3229} INFO - Sync 1 DAGs
[2024-09-10T01:44:37.333+0800] {logging_mixin.py:190} INFO - [2024-09-10T01:44:37.333+0800] {dag.py:4156} INFO - Setting next_dagrun for example_time_delta_sensor_async to None, run_after=None
[2024-09-10T01:44:37.340+0800] {processor.py:208} INFO - Processing /Users/erniesg/.pyenv/versions/3.12.5/envs/letters_home/lib/python3.12/site-packages/airflow/example_dags/example_time_delta_sensor_async.py took 0.241 seconds
[2024-09-10T01:58:54.357+0800] {processor.py:186} INFO - Started process (PID=67462) to work on /Users/erniesg/.pyenv/versions/3.12.5/envs/letters_home/lib/python3.12/site-packages/airflow/example_dags/example_time_delta_sensor_async.py
[2024-09-10T01:58:54.357+0800] {processor.py:914} INFO - Processing file /Users/erniesg/.pyenv/versions/3.12.5/envs/letters_home/lib/python3.12/site-packages/airflow/example_dags/example_time_delta_sensor_async.py for tasks to queue
[2024-09-10T01:58:54.358+0800] {logging_mixin.py:190} INFO - [2024-09-10T01:58:54.358+0800] {dagbag.py:587} INFO - Filling up the DagBag from /Users/erniesg/.pyenv/versions/3.12.5/envs/letters_home/lib/python3.12/site-packages/airflow/example_dags/example_time_delta_sensor_async.py
[2024-09-10T01:58:54.360+0800] {processor.py:925} INFO - DAG(s) 'example_time_delta_sensor_async' retrieved from /Users/erniesg/.pyenv/versions/3.12.5/envs/letters_home/lib/python3.12/site-packages/airflow/example_dags/example_time_delta_sensor_async.py
[2024-09-10T01:58:54.589+0800] {logging_mixin.py:190} INFO - [2024-09-10T01:58:54.589+0800] {dag.py:3229} INFO - Sync 1 DAGs
[2024-09-10T01:58:54.593+0800] {logging_mixin.py:190} INFO - [2024-09-10T01:58:54.593+0800] {dag.py:4156} INFO - Setting next_dagrun for example_time_delta_sensor_async to None, run_after=None
[2024-09-10T01:58:54.600+0800] {processor.py:208} INFO - Processing /Users/erniesg/.pyenv/versions/3.12.5/envs/letters_home/lib/python3.12/site-packages/airflow/example_dags/example_time_delta_sensor_async.py took 0.244 seconds
[2024-09-10T02:01:18.401+0800] {processor.py:186} INFO - Started process (PID=67893) to work on /Users/erniesg/.pyenv/versions/3.12.5/envs/letters_home/lib/python3.12/site-packages/airflow/example_dags/example_time_delta_sensor_async.py
[2024-09-10T02:01:18.401+0800] {processor.py:914} INFO - Processing file /Users/erniesg/.pyenv/versions/3.12.5/envs/letters_home/lib/python3.12/site-packages/airflow/example_dags/example_time_delta_sensor_async.py for tasks to queue
[2024-09-10T02:01:18.402+0800] {logging_mixin.py:190} INFO - [2024-09-10T02:01:18.402+0800] {dagbag.py:587} INFO - Filling up the DagBag from /Users/erniesg/.pyenv/versions/3.12.5/envs/letters_home/lib/python3.12/site-packages/airflow/example_dags/example_time_delta_sensor_async.py
[2024-09-10T02:01:18.404+0800] {processor.py:925} INFO - DAG(s) 'example_time_delta_sensor_async' retrieved from /Users/erniesg/.pyenv/versions/3.12.5/envs/letters_home/lib/python3.12/site-packages/airflow/example_dags/example_time_delta_sensor_async.py
[2024-09-10T02:01:18.591+0800] {logging_mixin.py:190} INFO - [2024-09-10T02:01:18.590+0800] {dag.py:3229} INFO - Sync 1 DAGs
[2024-09-10T02:01:18.594+0800] {logging_mixin.py:190} INFO - [2024-09-10T02:01:18.594+0800] {dag.py:4156} INFO - Setting next_dagrun for example_time_delta_sensor_async to None, run_after=None
[2024-09-10T02:01:18.601+0800] {processor.py:208} INFO - Processing /Users/erniesg/.pyenv/versions/3.12.5/envs/letters_home/lib/python3.12/site-packages/airflow/example_dags/example_time_delta_sensor_async.py took 0.201 seconds
[2024-09-10T02:02:38.263+0800] {processor.py:186} INFO - Started process (PID=67974) to work on /Users/erniesg/.pyenv/versions/3.12.5/envs/letters_home/lib/python3.12/site-packages/airflow/example_dags/example_time_delta_sensor_async.py
[2024-09-10T02:02:38.263+0800] {processor.py:914} INFO - Processing file /Users/erniesg/.pyenv/versions/3.12.5/envs/letters_home/lib/python3.12/site-packages/airflow/example_dags/example_time_delta_sensor_async.py for tasks to queue
[2024-09-10T02:02:38.264+0800] {logging_mixin.py:190} INFO - [2024-09-10T02:02:38.263+0800] {dagbag.py:587} INFO - Filling up the DagBag from /Users/erniesg/.pyenv/versions/3.12.5/envs/letters_home/lib/python3.12/site-packages/airflow/example_dags/example_time_delta_sensor_async.py
[2024-09-10T02:02:38.266+0800] {processor.py:925} INFO - DAG(s) 'example_time_delta_sensor_async' retrieved from /Users/erniesg/.pyenv/versions/3.12.5/envs/letters_home/lib/python3.12/site-packages/airflow/example_dags/example_time_delta_sensor_async.py
[2024-09-10T02:02:38.473+0800] {logging_mixin.py:190} INFO - [2024-09-10T02:02:38.473+0800] {dag.py:3229} INFO - Sync 1 DAGs
[2024-09-10T02:02:38.477+0800] {logging_mixin.py:190} INFO - [2024-09-10T02:02:38.477+0800] {dag.py:4156} INFO - Setting next_dagrun for example_time_delta_sensor_async to None, run_after=None
[2024-09-10T02:02:38.484+0800] {processor.py:208} INFO - Processing /Users/erniesg/.pyenv/versions/3.12.5/envs/letters_home/lib/python3.12/site-packages/airflow/example_dags/example_time_delta_sensor_async.py took 0.223 seconds
[2024-09-10T02:03:59.583+0800] {processor.py:186} INFO - Started process (PID=68083) to work on /Users/erniesg/.pyenv/versions/3.12.5/envs/letters_home/lib/python3.12/site-packages/airflow/example_dags/example_time_delta_sensor_async.py
[2024-09-10T02:03:59.583+0800] {processor.py:914} INFO - Processing file /Users/erniesg/.pyenv/versions/3.12.5/envs/letters_home/lib/python3.12/site-packages/airflow/example_dags/example_time_delta_sensor_async.py for tasks to queue
[2024-09-10T02:03:59.584+0800] {logging_mixin.py:190} INFO - [2024-09-10T02:03:59.584+0800] {dagbag.py:587} INFO - Filling up the DagBag from /Users/erniesg/.pyenv/versions/3.12.5/envs/letters_home/lib/python3.12/site-packages/airflow/example_dags/example_time_delta_sensor_async.py
[2024-09-10T02:03:59.586+0800] {processor.py:925} INFO - DAG(s) 'example_time_delta_sensor_async' retrieved from /Users/erniesg/.pyenv/versions/3.12.5/envs/letters_home/lib/python3.12/site-packages/airflow/example_dags/example_time_delta_sensor_async.py
[2024-09-10T02:03:59.782+0800] {logging_mixin.py:190} INFO - [2024-09-10T02:03:59.782+0800] {dag.py:3229} INFO - Sync 1 DAGs
[2024-09-10T02:03:59.786+0800] {logging_mixin.py:190} INFO - [2024-09-10T02:03:59.786+0800] {dag.py:4156} INFO - Setting next_dagrun for example_time_delta_sensor_async to None, run_after=None
[2024-09-10T02:03:59.794+0800] {processor.py:208} INFO - Processing /Users/erniesg/.pyenv/versions/3.12.5/envs/letters_home/lib/python3.12/site-packages/airflow/example_dags/example_time_delta_sensor_async.py took 0.212 seconds
[2024-09-10T02:05:35.734+0800] {processor.py:186} INFO - Started process (PID=68200) to work on /Users/erniesg/.pyenv/versions/3.12.5/envs/letters_home/lib/python3.12/site-packages/airflow/example_dags/example_time_delta_sensor_async.py
[2024-09-10T02:05:35.735+0800] {processor.py:914} INFO - Processing file /Users/erniesg/.pyenv/versions/3.12.5/envs/letters_home/lib/python3.12/site-packages/airflow/example_dags/example_time_delta_sensor_async.py for tasks to queue
[2024-09-10T02:05:35.735+0800] {logging_mixin.py:190} INFO - [2024-09-10T02:05:35.735+0800] {dagbag.py:587} INFO - Filling up the DagBag from /Users/erniesg/.pyenv/versions/3.12.5/envs/letters_home/lib/python3.12/site-packages/airflow/example_dags/example_time_delta_sensor_async.py
[2024-09-10T02:05:35.738+0800] {processor.py:925} INFO - DAG(s) 'example_time_delta_sensor_async' retrieved from /Users/erniesg/.pyenv/versions/3.12.5/envs/letters_home/lib/python3.12/site-packages/airflow/example_dags/example_time_delta_sensor_async.py
[2024-09-10T02:05:35.923+0800] {logging_mixin.py:190} INFO - [2024-09-10T02:05:35.922+0800] {dag.py:3229} INFO - Sync 1 DAGs
[2024-09-10T02:05:35.927+0800] {logging_mixin.py:190} INFO - [2024-09-10T02:05:35.926+0800] {dag.py:4156} INFO - Setting next_dagrun for example_time_delta_sensor_async to None, run_after=None
[2024-09-10T02:05:35.933+0800] {processor.py:208} INFO - Processing /Users/erniesg/.pyenv/versions/3.12.5/envs/letters_home/lib/python3.12/site-packages/airflow/example_dags/example_time_delta_sensor_async.py took 0.200 seconds
[2024-09-10T02:06:59.418+0800] {processor.py:186} INFO - Started process (PID=68277) to work on /Users/erniesg/.pyenv/versions/3.12.5/envs/letters_home/lib/python3.12/site-packages/airflow/example_dags/example_time_delta_sensor_async.py
[2024-09-10T02:06:59.419+0800] {processor.py:914} INFO - Processing file /Users/erniesg/.pyenv/versions/3.12.5/envs/letters_home/lib/python3.12/site-packages/airflow/example_dags/example_time_delta_sensor_async.py for tasks to queue
[2024-09-10T02:06:59.419+0800] {logging_mixin.py:190} INFO - [2024-09-10T02:06:59.419+0800] {dagbag.py:587} INFO - Filling up the DagBag from /Users/erniesg/.pyenv/versions/3.12.5/envs/letters_home/lib/python3.12/site-packages/airflow/example_dags/example_time_delta_sensor_async.py
[2024-09-10T02:06:59.422+0800] {processor.py:925} INFO - DAG(s) 'example_time_delta_sensor_async' retrieved from /Users/erniesg/.pyenv/versions/3.12.5/envs/letters_home/lib/python3.12/site-packages/airflow/example_dags/example_time_delta_sensor_async.py
[2024-09-10T02:06:59.631+0800] {logging_mixin.py:190} INFO - [2024-09-10T02:06:59.630+0800] {dag.py:3229} INFO - Sync 1 DAGs
[2024-09-10T02:06:59.635+0800] {logging_mixin.py:190} INFO - [2024-09-10T02:06:59.635+0800] {dag.py:4156} INFO - Setting next_dagrun for example_time_delta_sensor_async to None, run_after=None
[2024-09-10T02:06:59.643+0800] {processor.py:208} INFO - Processing /Users/erniesg/.pyenv/versions/3.12.5/envs/letters_home/lib/python3.12/site-packages/airflow/example_dags/example_time_delta_sensor_async.py took 0.226 seconds
[2024-09-10T02:08:22.269+0800] {processor.py:186} INFO - Started process (PID=68472) to work on /Users/erniesg/.pyenv/versions/3.12.5/envs/letters_home/lib/python3.12/site-packages/airflow/example_dags/example_time_delta_sensor_async.py
[2024-09-10T02:08:22.270+0800] {processor.py:914} INFO - Processing file /Users/erniesg/.pyenv/versions/3.12.5/envs/letters_home/lib/python3.12/site-packages/airflow/example_dags/example_time_delta_sensor_async.py for tasks to queue
[2024-09-10T02:08:22.270+0800] {logging_mixin.py:190} INFO - [2024-09-10T02:08:22.270+0800] {dagbag.py:587} INFO - Filling up the DagBag from /Users/erniesg/.pyenv/versions/3.12.5/envs/letters_home/lib/python3.12/site-packages/airflow/example_dags/example_time_delta_sensor_async.py
[2024-09-10T02:08:22.272+0800] {processor.py:925} INFO - DAG(s) 'example_time_delta_sensor_async' retrieved from /Users/erniesg/.pyenv/versions/3.12.5/envs/letters_home/lib/python3.12/site-packages/airflow/example_dags/example_time_delta_sensor_async.py
[2024-09-10T02:08:22.471+0800] {logging_mixin.py:190} INFO - [2024-09-10T02:08:22.471+0800] {dag.py:3229} INFO - Sync 1 DAGs
[2024-09-10T02:08:22.475+0800] {logging_mixin.py:190} INFO - [2024-09-10T02:08:22.475+0800] {dag.py:4156} INFO - Setting next_dagrun for example_time_delta_sensor_async to None, run_after=None
[2024-09-10T02:08:22.483+0800] {processor.py:208} INFO - Processing /Users/erniesg/.pyenv/versions/3.12.5/envs/letters_home/lib/python3.12/site-packages/airflow/example_dags/example_time_delta_sensor_async.py took 0.215 seconds
[2024-09-10T02:09:45.704+0800] {processor.py:186} INFO - Started process (PID=68589) to work on /Users/erniesg/.pyenv/versions/3.12.5/envs/letters_home/lib/python3.12/site-packages/airflow/example_dags/example_time_delta_sensor_async.py
[2024-09-10T02:09:45.704+0800] {processor.py:914} INFO - Processing file /Users/erniesg/.pyenv/versions/3.12.5/envs/letters_home/lib/python3.12/site-packages/airflow/example_dags/example_time_delta_sensor_async.py for tasks to queue
[2024-09-10T02:09:45.705+0800] {logging_mixin.py:190} INFO - [2024-09-10T02:09:45.705+0800] {dagbag.py:587} INFO - Filling up the DagBag from /Users/erniesg/.pyenv/versions/3.12.5/envs/letters_home/lib/python3.12/site-packages/airflow/example_dags/example_time_delta_sensor_async.py
[2024-09-10T02:09:45.707+0800] {processor.py:925} INFO - DAG(s) 'example_time_delta_sensor_async' retrieved from /Users/erniesg/.pyenv/versions/3.12.5/envs/letters_home/lib/python3.12/site-packages/airflow/example_dags/example_time_delta_sensor_async.py
[2024-09-10T02:09:45.916+0800] {logging_mixin.py:190} INFO - [2024-09-10T02:09:45.916+0800] {dag.py:3229} INFO - Sync 1 DAGs
[2024-09-10T02:09:45.921+0800] {logging_mixin.py:190} INFO - [2024-09-10T02:09:45.921+0800] {dag.py:4156} INFO - Setting next_dagrun for example_time_delta_sensor_async to None, run_after=None
[2024-09-10T02:09:45.928+0800] {processor.py:208} INFO - Processing /Users/erniesg/.pyenv/versions/3.12.5/envs/letters_home/lib/python3.12/site-packages/airflow/example_dags/example_time_delta_sensor_async.py took 0.226 seconds
[2024-09-10T02:11:34.156+0800] {processor.py:186} INFO - Started process (PID=68944) to work on /Users/erniesg/.pyenv/versions/3.12.5/envs/letters_home/lib/python3.12/site-packages/airflow/example_dags/example_time_delta_sensor_async.py
[2024-09-10T02:11:34.157+0800] {processor.py:914} INFO - Processing file /Users/erniesg/.pyenv/versions/3.12.5/envs/letters_home/lib/python3.12/site-packages/airflow/example_dags/example_time_delta_sensor_async.py for tasks to queue
[2024-09-10T02:11:34.157+0800] {logging_mixin.py:190} INFO - [2024-09-10T02:11:34.157+0800] {dagbag.py:587} INFO - Filling up the DagBag from /Users/erniesg/.pyenv/versions/3.12.5/envs/letters_home/lib/python3.12/site-packages/airflow/example_dags/example_time_delta_sensor_async.py
[2024-09-10T02:11:34.160+0800] {processor.py:925} INFO - DAG(s) 'example_time_delta_sensor_async' retrieved from /Users/erniesg/.pyenv/versions/3.12.5/envs/letters_home/lib/python3.12/site-packages/airflow/example_dags/example_time_delta_sensor_async.py
[2024-09-10T02:11:34.353+0800] {logging_mixin.py:190} INFO - [2024-09-10T02:11:34.353+0800] {dag.py:3229} INFO - Sync 1 DAGs
[2024-09-10T02:11:34.357+0800] {logging_mixin.py:190} INFO - [2024-09-10T02:11:34.357+0800] {dag.py:4156} INFO - Setting next_dagrun for example_time_delta_sensor_async to None, run_after=None
[2024-09-10T02:11:34.364+0800] {processor.py:208} INFO - Processing /Users/erniesg/.pyenv/versions/3.12.5/envs/letters_home/lib/python3.12/site-packages/airflow/example_dags/example_time_delta_sensor_async.py took 0.209 seconds
[2024-09-10T02:12:25.656+0800] {processor.py:186} INFO - Started process (PID=69261) to work on /Users/erniesg/.pyenv/versions/3.12.5/envs/letters_home/lib/python3.12/site-packages/airflow/example_dags/example_time_delta_sensor_async.py
[2024-09-10T02:12:25.657+0800] {processor.py:914} INFO - Processing file /Users/erniesg/.pyenv/versions/3.12.5/envs/letters_home/lib/python3.12/site-packages/airflow/example_dags/example_time_delta_sensor_async.py for tasks to queue
[2024-09-10T02:12:25.657+0800] {logging_mixin.py:190} INFO - [2024-09-10T02:12:25.657+0800] {dagbag.py:587} INFO - Filling up the DagBag from /Users/erniesg/.pyenv/versions/3.12.5/envs/letters_home/lib/python3.12/site-packages/airflow/example_dags/example_time_delta_sensor_async.py
[2024-09-10T02:12:25.660+0800] {processor.py:925} INFO - DAG(s) 'example_time_delta_sensor_async' retrieved from /Users/erniesg/.pyenv/versions/3.12.5/envs/letters_home/lib/python3.12/site-packages/airflow/example_dags/example_time_delta_sensor_async.py
[2024-09-10T02:12:25.871+0800] {logging_mixin.py:190} INFO - [2024-09-10T02:12:25.871+0800] {dag.py:3229} INFO - Sync 1 DAGs
[2024-09-10T02:12:25.876+0800] {logging_mixin.py:190} INFO - [2024-09-10T02:12:25.876+0800] {dag.py:4156} INFO - Setting next_dagrun for example_time_delta_sensor_async to None, run_after=None
[2024-09-10T02:12:25.883+0800] {processor.py:208} INFO - Processing /Users/erniesg/.pyenv/versions/3.12.5/envs/letters_home/lib/python3.12/site-packages/airflow/example_dags/example_time_delta_sensor_async.py took 0.228 seconds
[2024-09-10T02:14:20.116+0800] {processor.py:186} INFO - Started process (PID=69355) to work on /Users/erniesg/.pyenv/versions/3.12.5/envs/letters_home/lib/python3.12/site-packages/airflow/example_dags/example_time_delta_sensor_async.py
[2024-09-10T02:14:20.116+0800] {processor.py:914} INFO - Processing file /Users/erniesg/.pyenv/versions/3.12.5/envs/letters_home/lib/python3.12/site-packages/airflow/example_dags/example_time_delta_sensor_async.py for tasks to queue
[2024-09-10T02:14:20.117+0800] {logging_mixin.py:190} INFO - [2024-09-10T02:14:20.116+0800] {dagbag.py:587} INFO - Filling up the DagBag from /Users/erniesg/.pyenv/versions/3.12.5/envs/letters_home/lib/python3.12/site-packages/airflow/example_dags/example_time_delta_sensor_async.py
[2024-09-10T02:14:20.119+0800] {processor.py:925} INFO - DAG(s) 'example_time_delta_sensor_async' retrieved from /Users/erniesg/.pyenv/versions/3.12.5/envs/letters_home/lib/python3.12/site-packages/airflow/example_dags/example_time_delta_sensor_async.py
[2024-09-10T02:14:20.322+0800] {logging_mixin.py:190} INFO - [2024-09-10T02:14:20.322+0800] {dag.py:3229} INFO - Sync 1 DAGs
[2024-09-10T02:14:20.326+0800] {logging_mixin.py:190} INFO - [2024-09-10T02:14:20.326+0800] {dag.py:4156} INFO - Setting next_dagrun for example_time_delta_sensor_async to None, run_after=None
[2024-09-10T02:14:20.334+0800] {processor.py:208} INFO - Processing /Users/erniesg/.pyenv/versions/3.12.5/envs/letters_home/lib/python3.12/site-packages/airflow/example_dags/example_time_delta_sensor_async.py took 0.220 seconds
[2024-09-10T02:15:47.619+0800] {processor.py:186} INFO - Started process (PID=69704) to work on /Users/erniesg/.pyenv/versions/3.12.5/envs/letters_home/lib/python3.12/site-packages/airflow/example_dags/example_time_delta_sensor_async.py
[2024-09-10T02:15:47.620+0800] {processor.py:914} INFO - Processing file /Users/erniesg/.pyenv/versions/3.12.5/envs/letters_home/lib/python3.12/site-packages/airflow/example_dags/example_time_delta_sensor_async.py for tasks to queue
[2024-09-10T02:15:47.620+0800] {logging_mixin.py:190} INFO - [2024-09-10T02:15:47.620+0800] {dagbag.py:587} INFO - Filling up the DagBag from /Users/erniesg/.pyenv/versions/3.12.5/envs/letters_home/lib/python3.12/site-packages/airflow/example_dags/example_time_delta_sensor_async.py
[2024-09-10T02:15:47.623+0800] {processor.py:925} INFO - DAG(s) 'example_time_delta_sensor_async' retrieved from /Users/erniesg/.pyenv/versions/3.12.5/envs/letters_home/lib/python3.12/site-packages/airflow/example_dags/example_time_delta_sensor_async.py
[2024-09-10T02:15:47.827+0800] {logging_mixin.py:190} INFO - [2024-09-10T02:15:47.827+0800] {dag.py:3229} INFO - Sync 1 DAGs
[2024-09-10T02:15:47.831+0800] {logging_mixin.py:190} INFO - [2024-09-10T02:15:47.831+0800] {dag.py:4156} INFO - Setting next_dagrun for example_time_delta_sensor_async to None, run_after=None
[2024-09-10T02:15:47.837+0800] {processor.py:208} INFO - Processing /Users/erniesg/.pyenv/versions/3.12.5/envs/letters_home/lib/python3.12/site-packages/airflow/example_dags/example_time_delta_sensor_async.py took 0.219 seconds
[2024-09-10T02:17:44.214+0800] {processor.py:186} INFO - Started process (PID=69833) to work on /Users/erniesg/.pyenv/versions/3.12.5/envs/letters_home/lib/python3.12/site-packages/airflow/example_dags/example_time_delta_sensor_async.py
[2024-09-10T02:17:44.215+0800] {processor.py:914} INFO - Processing file /Users/erniesg/.pyenv/versions/3.12.5/envs/letters_home/lib/python3.12/site-packages/airflow/example_dags/example_time_delta_sensor_async.py for tasks to queue
[2024-09-10T02:17:44.215+0800] {logging_mixin.py:190} INFO - [2024-09-10T02:17:44.215+0800] {dagbag.py:587} INFO - Filling up the DagBag from /Users/erniesg/.pyenv/versions/3.12.5/envs/letters_home/lib/python3.12/site-packages/airflow/example_dags/example_time_delta_sensor_async.py
[2024-09-10T02:17:44.218+0800] {processor.py:925} INFO - DAG(s) 'example_time_delta_sensor_async' retrieved from /Users/erniesg/.pyenv/versions/3.12.5/envs/letters_home/lib/python3.12/site-packages/airflow/example_dags/example_time_delta_sensor_async.py
[2024-09-10T02:17:44.424+0800] {logging_mixin.py:190} INFO - [2024-09-10T02:17:44.424+0800] {dag.py:3229} INFO - Sync 1 DAGs
[2024-09-10T02:17:44.428+0800] {logging_mixin.py:190} INFO - [2024-09-10T02:17:44.428+0800] {dag.py:4156} INFO - Setting next_dagrun for example_time_delta_sensor_async to None, run_after=None
[2024-09-10T02:17:44.436+0800] {processor.py:208} INFO - Processing /Users/erniesg/.pyenv/versions/3.12.5/envs/letters_home/lib/python3.12/site-packages/airflow/example_dags/example_time_delta_sensor_async.py took 0.222 seconds
[2024-09-10T02:19:06.137+0800] {processor.py:186} INFO - Started process (PID=70282) to work on /Users/erniesg/.pyenv/versions/3.12.5/envs/letters_home/lib/python3.12/site-packages/airflow/example_dags/example_time_delta_sensor_async.py
[2024-09-10T02:19:06.137+0800] {processor.py:914} INFO - Processing file /Users/erniesg/.pyenv/versions/3.12.5/envs/letters_home/lib/python3.12/site-packages/airflow/example_dags/example_time_delta_sensor_async.py for tasks to queue
[2024-09-10T02:19:06.138+0800] {logging_mixin.py:190} INFO - [2024-09-10T02:19:06.137+0800] {dagbag.py:587} INFO - Filling up the DagBag from /Users/erniesg/.pyenv/versions/3.12.5/envs/letters_home/lib/python3.12/site-packages/airflow/example_dags/example_time_delta_sensor_async.py
[2024-09-10T02:19:06.140+0800] {processor.py:925} INFO - DAG(s) 'example_time_delta_sensor_async' retrieved from /Users/erniesg/.pyenv/versions/3.12.5/envs/letters_home/lib/python3.12/site-packages/airflow/example_dags/example_time_delta_sensor_async.py
[2024-09-10T02:19:06.346+0800] {logging_mixin.py:190} INFO - [2024-09-10T02:19:06.346+0800] {dag.py:3229} INFO - Sync 1 DAGs
[2024-09-10T02:19:06.350+0800] {logging_mixin.py:190} INFO - [2024-09-10T02:19:06.350+0800] {dag.py:4156} INFO - Setting next_dagrun for example_time_delta_sensor_async to None, run_after=None
[2024-09-10T02:19:06.357+0800] {processor.py:208} INFO - Processing /Users/erniesg/.pyenv/versions/3.12.5/envs/letters_home/lib/python3.12/site-packages/airflow/example_dags/example_time_delta_sensor_async.py took 0.222 seconds
[2024-09-10T02:20:31.234+0800] {processor.py:186} INFO - Started process (PID=70367) to work on /Users/erniesg/.pyenv/versions/3.12.5/envs/letters_home/lib/python3.12/site-packages/airflow/example_dags/example_time_delta_sensor_async.py
[2024-09-10T02:20:31.235+0800] {processor.py:914} INFO - Processing file /Users/erniesg/.pyenv/versions/3.12.5/envs/letters_home/lib/python3.12/site-packages/airflow/example_dags/example_time_delta_sensor_async.py for tasks to queue
[2024-09-10T02:20:31.235+0800] {logging_mixin.py:190} INFO - [2024-09-10T02:20:31.235+0800] {dagbag.py:587} INFO - Filling up the DagBag from /Users/erniesg/.pyenv/versions/3.12.5/envs/letters_home/lib/python3.12/site-packages/airflow/example_dags/example_time_delta_sensor_async.py
[2024-09-10T02:20:31.238+0800] {processor.py:925} INFO - DAG(s) 'example_time_delta_sensor_async' retrieved from /Users/erniesg/.pyenv/versions/3.12.5/envs/letters_home/lib/python3.12/site-packages/airflow/example_dags/example_time_delta_sensor_async.py
[2024-09-10T02:20:31.437+0800] {logging_mixin.py:190} INFO - [2024-09-10T02:20:31.437+0800] {dag.py:3229} INFO - Sync 1 DAGs
[2024-09-10T02:20:31.442+0800] {logging_mixin.py:190} INFO - [2024-09-10T02:20:31.441+0800] {dag.py:4156} INFO - Setting next_dagrun for example_time_delta_sensor_async to None, run_after=None
[2024-09-10T02:20:31.449+0800] {processor.py:208} INFO - Processing /Users/erniesg/.pyenv/versions/3.12.5/envs/letters_home/lib/python3.12/site-packages/airflow/example_dags/example_time_delta_sensor_async.py took 0.216 seconds
