[2024-09-10T01:37:16.865+0800] {processor.py:186} INFO - Started process (PID=57529) to work on /Users/erniesg/.pyenv/versions/3.12.5/envs/letters_home/lib/python3.12/site-packages/airflow/example_dags/example_workday_timetable.py
[2024-09-10T01:37:16.866+0800] {processor.py:914} INFO - Processing file /Users/erniesg/.pyenv/versions/3.12.5/envs/letters_home/lib/python3.12/site-packages/airflow/example_dags/example_workday_timetable.py for tasks to queue
[2024-09-10T01:37:16.866+0800] {logging_mixin.py:190} INFO - [2024-09-10T01:37:16.866+0800] {dagbag.py:587} INFO - Filling up the DagBag from /Users/erniesg/.pyenv/versions/3.12.5/envs/letters_home/lib/python3.12/site-packages/airflow/example_dags/example_workday_timetable.py
[2024-09-10T01:37:16.978+0800] {processor.py:925} INFO - DAG(s) 'example_workday_timetable' retrieved from /Users/erniesg/.pyenv/versions/3.12.5/envs/letters_home/lib/python3.12/site-packages/airflow/example_dags/example_workday_timetable.py
[2024-09-10T01:37:17.085+0800] {logging_mixin.py:190} INFO - [2024-09-10T01:37:17.085+0800] {override.py:1900} INFO - Created Permission View: can edit on DAG:example_workday_timetable
[2024-09-10T01:37:17.088+0800] {logging_mixin.py:190} INFO - [2024-09-10T01:37:17.088+0800] {override.py:1900} INFO - Created Permission View: can read on DAG:example_workday_timetable
[2024-09-10T01:37:17.090+0800] {logging_mixin.py:190} INFO - [2024-09-10T01:37:17.090+0800] {override.py:1900} INFO - Created Permission View: can delete on DAG:example_workday_timetable
[2024-09-10T01:37:17.093+0800] {logging_mixin.py:190} INFO - [2024-09-10T01:37:17.093+0800] {override.py:1900} INFO - Created Permission View: menu access on DAG Run:example_workday_timetable
[2024-09-10T01:37:17.095+0800] {logging_mixin.py:190} INFO - [2024-09-10T01:37:17.095+0800] {override.py:1900} INFO - Created Permission View: can create on DAG Run:example_workday_timetable
[2024-09-10T01:37:17.097+0800] {logging_mixin.py:190} INFO - [2024-09-10T01:37:17.096+0800] {override.py:1900} INFO - Created Permission View: can read on DAG Run:example_workday_timetable
[2024-09-10T01:37:17.098+0800] {logging_mixin.py:190} INFO - [2024-09-10T01:37:17.098+0800] {override.py:1900} INFO - Created Permission View: can delete on DAG Run:example_workday_timetable
[2024-09-10T01:37:17.099+0800] {logging_mixin.py:190} INFO - [2024-09-10T01:37:17.098+0800] {dag.py:3229} INFO - Sync 1 DAGs
[2024-09-10T01:37:17.103+0800] {logging_mixin.py:190} INFO - [2024-09-10T01:37:17.102+0800] {dag.py:3252} INFO - Creating ORM DAG for example_workday_timetable
[2024-09-10T01:37:17.116+0800] {logging_mixin.py:190} INFO - [2024-09-10T01:37:17.116+0800] {dag.py:4156} INFO - Setting next_dagrun for example_workday_timetable to 2021-01-04 00:00:00+00:00, run_after=2021-01-05 00:00:00+00:00
[2024-09-10T01:37:17.122+0800] {processor.py:208} INFO - Processing /Users/erniesg/.pyenv/versions/3.12.5/envs/letters_home/lib/python3.12/site-packages/airflow/example_dags/example_workday_timetable.py took 0.258 seconds
[2024-09-10T01:39:06.047+0800] {processor.py:186} INFO - Started process (PID=58060) to work on /Users/erniesg/.pyenv/versions/3.12.5/envs/letters_home/lib/python3.12/site-packages/airflow/example_dags/example_workday_timetable.py
[2024-09-10T01:39:06.047+0800] {processor.py:914} INFO - Processing file /Users/erniesg/.pyenv/versions/3.12.5/envs/letters_home/lib/python3.12/site-packages/airflow/example_dags/example_workday_timetable.py for tasks to queue
[2024-09-10T01:39:06.048+0800] {logging_mixin.py:190} INFO - [2024-09-10T01:39:06.048+0800] {dagbag.py:587} INFO - Filling up the DagBag from /Users/erniesg/.pyenv/versions/3.12.5/envs/letters_home/lib/python3.12/site-packages/airflow/example_dags/example_workday_timetable.py
[2024-09-10T01:39:06.162+0800] {processor.py:925} INFO - DAG(s) 'example_workday_timetable' retrieved from /Users/erniesg/.pyenv/versions/3.12.5/envs/letters_home/lib/python3.12/site-packages/airflow/example_dags/example_workday_timetable.py
[2024-09-10T01:39:06.239+0800] {logging_mixin.py:190} INFO - [2024-09-10T01:39:06.239+0800] {dag.py:3229} INFO - Sync 1 DAGs
[2024-09-10T01:39:06.256+0800] {logging_mixin.py:190} INFO - [2024-09-10T01:39:06.256+0800] {dag.py:4156} INFO - Setting next_dagrun for example_workday_timetable to 2021-01-04 00:00:00+00:00, run_after=2021-01-05 00:00:00+00:00
[2024-09-10T01:39:06.263+0800] {processor.py:208} INFO - Processing /Users/erniesg/.pyenv/versions/3.12.5/envs/letters_home/lib/python3.12/site-packages/airflow/example_dags/example_workday_timetable.py took 0.217 seconds
[2024-09-10T01:40:28.251+0800] {processor.py:186} INFO - Started process (PID=58147) to work on /Users/erniesg/.pyenv/versions/3.12.5/envs/letters_home/lib/python3.12/site-packages/airflow/example_dags/example_workday_timetable.py
[2024-09-10T01:40:28.252+0800] {processor.py:914} INFO - Processing file /Users/erniesg/.pyenv/versions/3.12.5/envs/letters_home/lib/python3.12/site-packages/airflow/example_dags/example_workday_timetable.py for tasks to queue
[2024-09-10T01:40:28.252+0800] {logging_mixin.py:190} INFO - [2024-09-10T01:40:28.252+0800] {dagbag.py:587} INFO - Filling up the DagBag from /Users/erniesg/.pyenv/versions/3.12.5/envs/letters_home/lib/python3.12/site-packages/airflow/example_dags/example_workday_timetable.py
[2024-09-10T01:40:28.363+0800] {processor.py:925} INFO - DAG(s) 'example_workday_timetable' retrieved from /Users/erniesg/.pyenv/versions/3.12.5/envs/letters_home/lib/python3.12/site-packages/airflow/example_dags/example_workday_timetable.py
[2024-09-10T01:40:28.437+0800] {logging_mixin.py:190} INFO - [2024-09-10T01:40:28.436+0800] {dag.py:3229} INFO - Sync 1 DAGs
[2024-09-10T01:40:28.453+0800] {logging_mixin.py:190} INFO - [2024-09-10T01:40:28.453+0800] {dag.py:4156} INFO - Setting next_dagrun for example_workday_timetable to 2021-01-04 00:00:00+00:00, run_after=2021-01-05 00:00:00+00:00
[2024-09-10T01:40:28.460+0800] {processor.py:208} INFO - Processing /Users/erniesg/.pyenv/versions/3.12.5/envs/letters_home/lib/python3.12/site-packages/airflow/example_dags/example_workday_timetable.py took 0.210 seconds
[2024-09-10T01:41:46.432+0800] {processor.py:186} INFO - Started process (PID=58204) to work on /Users/erniesg/.pyenv/versions/3.12.5/envs/letters_home/lib/python3.12/site-packages/airflow/example_dags/example_workday_timetable.py
[2024-09-10T01:41:46.432+0800] {processor.py:914} INFO - Processing file /Users/erniesg/.pyenv/versions/3.12.5/envs/letters_home/lib/python3.12/site-packages/airflow/example_dags/example_workday_timetable.py for tasks to queue
[2024-09-10T01:41:46.432+0800] {logging_mixin.py:190} INFO - [2024-09-10T01:41:46.432+0800] {dagbag.py:587} INFO - Filling up the DagBag from /Users/erniesg/.pyenv/versions/3.12.5/envs/letters_home/lib/python3.12/site-packages/airflow/example_dags/example_workday_timetable.py
[2024-09-10T01:41:46.565+0800] {processor.py:925} INFO - DAG(s) 'example_workday_timetable' retrieved from /Users/erniesg/.pyenv/versions/3.12.5/envs/letters_home/lib/python3.12/site-packages/airflow/example_dags/example_workday_timetable.py
[2024-09-10T01:41:46.651+0800] {logging_mixin.py:190} INFO - [2024-09-10T01:41:46.651+0800] {dag.py:3229} INFO - Sync 1 DAGs
[2024-09-10T01:41:46.670+0800] {logging_mixin.py:190} INFO - [2024-09-10T01:41:46.670+0800] {dag.py:4156} INFO - Setting next_dagrun for example_workday_timetable to 2021-01-04 00:00:00+00:00, run_after=2021-01-05 00:00:00+00:00
[2024-09-10T01:41:46.678+0800] {processor.py:208} INFO - Processing /Users/erniesg/.pyenv/versions/3.12.5/envs/letters_home/lib/python3.12/site-packages/airflow/example_dags/example_workday_timetable.py took 0.248 seconds
[2024-09-10T01:43:09.198+0800] {processor.py:186} INFO - Started process (PID=58389) to work on /Users/erniesg/.pyenv/versions/3.12.5/envs/letters_home/lib/python3.12/site-packages/airflow/example_dags/example_workday_timetable.py
[2024-09-10T01:43:09.198+0800] {processor.py:914} INFO - Processing file /Users/erniesg/.pyenv/versions/3.12.5/envs/letters_home/lib/python3.12/site-packages/airflow/example_dags/example_workday_timetable.py for tasks to queue
[2024-09-10T01:43:09.198+0800] {logging_mixin.py:190} INFO - [2024-09-10T01:43:09.198+0800] {dagbag.py:587} INFO - Filling up the DagBag from /Users/erniesg/.pyenv/versions/3.12.5/envs/letters_home/lib/python3.12/site-packages/airflow/example_dags/example_workday_timetable.py
[2024-09-10T01:43:09.313+0800] {processor.py:925} INFO - DAG(s) 'example_workday_timetable' retrieved from /Users/erniesg/.pyenv/versions/3.12.5/envs/letters_home/lib/python3.12/site-packages/airflow/example_dags/example_workday_timetable.py
[2024-09-10T01:43:09.390+0800] {logging_mixin.py:190} INFO - [2024-09-10T01:43:09.390+0800] {dag.py:3229} INFO - Sync 1 DAGs
[2024-09-10T01:43:09.407+0800] {logging_mixin.py:190} INFO - [2024-09-10T01:43:09.407+0800] {dag.py:4156} INFO - Setting next_dagrun for example_workday_timetable to 2021-01-04 00:00:00+00:00, run_after=2021-01-05 00:00:00+00:00
[2024-09-10T01:43:09.415+0800] {processor.py:208} INFO - Processing /Users/erniesg/.pyenv/versions/3.12.5/envs/letters_home/lib/python3.12/site-packages/airflow/example_dags/example_workday_timetable.py took 0.218 seconds
[2024-09-10T01:44:31.212+0800] {processor.py:186} INFO - Started process (PID=58760) to work on /Users/erniesg/.pyenv/versions/3.12.5/envs/letters_home/lib/python3.12/site-packages/airflow/example_dags/example_workday_timetable.py
[2024-09-10T01:44:31.213+0800] {processor.py:914} INFO - Processing file /Users/erniesg/.pyenv/versions/3.12.5/envs/letters_home/lib/python3.12/site-packages/airflow/example_dags/example_workday_timetable.py for tasks to queue
[2024-09-10T01:44:31.213+0800] {logging_mixin.py:190} INFO - [2024-09-10T01:44:31.213+0800] {dagbag.py:587} INFO - Filling up the DagBag from /Users/erniesg/.pyenv/versions/3.12.5/envs/letters_home/lib/python3.12/site-packages/airflow/example_dags/example_workday_timetable.py
[2024-09-10T01:44:31.361+0800] {processor.py:925} INFO - DAG(s) 'example_workday_timetable' retrieved from /Users/erniesg/.pyenv/versions/3.12.5/envs/letters_home/lib/python3.12/site-packages/airflow/example_dags/example_workday_timetable.py
[2024-09-10T01:44:31.487+0800] {logging_mixin.py:190} INFO - [2024-09-10T01:44:31.487+0800] {dag.py:3229} INFO - Sync 1 DAGs
[2024-09-10T01:44:31.508+0800] {logging_mixin.py:190} INFO - [2024-09-10T01:44:31.508+0800] {dag.py:4156} INFO - Setting next_dagrun for example_workday_timetable to 2021-01-04 00:00:00+00:00, run_after=2021-01-05 00:00:00+00:00
[2024-09-10T01:44:31.517+0800] {processor.py:208} INFO - Processing /Users/erniesg/.pyenv/versions/3.12.5/envs/letters_home/lib/python3.12/site-packages/airflow/example_dags/example_workday_timetable.py took 0.306 seconds
[2024-09-10T01:58:48.642+0800] {processor.py:186} INFO - Started process (PID=67459) to work on /Users/erniesg/.pyenv/versions/3.12.5/envs/letters_home/lib/python3.12/site-packages/airflow/example_dags/example_workday_timetable.py
[2024-09-10T01:58:48.642+0800] {processor.py:914} INFO - Processing file /Users/erniesg/.pyenv/versions/3.12.5/envs/letters_home/lib/python3.12/site-packages/airflow/example_dags/example_workday_timetable.py for tasks to queue
[2024-09-10T01:58:48.643+0800] {logging_mixin.py:190} INFO - [2024-09-10T01:58:48.643+0800] {dagbag.py:587} INFO - Filling up the DagBag from /Users/erniesg/.pyenv/versions/3.12.5/envs/letters_home/lib/python3.12/site-packages/airflow/example_dags/example_workday_timetable.py
[2024-09-10T01:58:48.767+0800] {processor.py:925} INFO - DAG(s) 'example_workday_timetable' retrieved from /Users/erniesg/.pyenv/versions/3.12.5/envs/letters_home/lib/python3.12/site-packages/airflow/example_dags/example_workday_timetable.py
[2024-09-10T01:58:48.880+0800] {logging_mixin.py:190} INFO - [2024-09-10T01:58:48.879+0800] {dag.py:3229} INFO - Sync 1 DAGs
[2024-09-10T01:58:48.899+0800] {logging_mixin.py:190} INFO - [2024-09-10T01:58:48.899+0800] {dag.py:4156} INFO - Setting next_dagrun for example_workday_timetable to 2021-01-04 00:00:00+00:00, run_after=2021-01-05 00:00:00+00:00
[2024-09-10T01:58:48.906+0800] {processor.py:208} INFO - Processing /Users/erniesg/.pyenv/versions/3.12.5/envs/letters_home/lib/python3.12/site-packages/airflow/example_dags/example_workday_timetable.py took 0.266 seconds
[2024-09-10T02:01:12.456+0800] {processor.py:186} INFO - Started process (PID=67888) to work on /Users/erniesg/.pyenv/versions/3.12.5/envs/letters_home/lib/python3.12/site-packages/airflow/example_dags/example_workday_timetable.py
[2024-09-10T02:01:12.457+0800] {processor.py:914} INFO - Processing file /Users/erniesg/.pyenv/versions/3.12.5/envs/letters_home/lib/python3.12/site-packages/airflow/example_dags/example_workday_timetable.py for tasks to queue
[2024-09-10T02:01:12.457+0800] {logging_mixin.py:190} INFO - [2024-09-10T02:01:12.457+0800] {dagbag.py:587} INFO - Filling up the DagBag from /Users/erniesg/.pyenv/versions/3.12.5/envs/letters_home/lib/python3.12/site-packages/airflow/example_dags/example_workday_timetable.py
[2024-09-10T02:01:12.571+0800] {processor.py:925} INFO - DAG(s) 'example_workday_timetable' retrieved from /Users/erniesg/.pyenv/versions/3.12.5/envs/letters_home/lib/python3.12/site-packages/airflow/example_dags/example_workday_timetable.py
[2024-09-10T02:01:12.652+0800] {logging_mixin.py:190} INFO - [2024-09-10T02:01:12.652+0800] {dag.py:3229} INFO - Sync 1 DAGs
[2024-09-10T02:01:12.671+0800] {logging_mixin.py:190} INFO - [2024-09-10T02:01:12.670+0800] {dag.py:4156} INFO - Setting next_dagrun for example_workday_timetable to 2021-01-04 00:00:00+00:00, run_after=2021-01-05 00:00:00+00:00
[2024-09-10T02:01:12.678+0800] {processor.py:208} INFO - Processing /Users/erniesg/.pyenv/versions/3.12.5/envs/letters_home/lib/python3.12/site-packages/airflow/example_dags/example_workday_timetable.py took 0.223 seconds
[2024-09-10T02:02:32.676+0800] {processor.py:186} INFO - Started process (PID=67969) to work on /Users/erniesg/.pyenv/versions/3.12.5/envs/letters_home/lib/python3.12/site-packages/airflow/example_dags/example_workday_timetable.py
[2024-09-10T02:02:32.677+0800] {processor.py:914} INFO - Processing file /Users/erniesg/.pyenv/versions/3.12.5/envs/letters_home/lib/python3.12/site-packages/airflow/example_dags/example_workday_timetable.py for tasks to queue
[2024-09-10T02:02:32.677+0800] {logging_mixin.py:190} INFO - [2024-09-10T02:02:32.677+0800] {dagbag.py:587} INFO - Filling up the DagBag from /Users/erniesg/.pyenv/versions/3.12.5/envs/letters_home/lib/python3.12/site-packages/airflow/example_dags/example_workday_timetable.py
[2024-09-10T02:02:32.795+0800] {processor.py:925} INFO - DAG(s) 'example_workday_timetable' retrieved from /Users/erniesg/.pyenv/versions/3.12.5/envs/letters_home/lib/python3.12/site-packages/airflow/example_dags/example_workday_timetable.py
[2024-09-10T02:02:32.870+0800] {logging_mixin.py:190} INFO - [2024-09-10T02:02:32.870+0800] {dag.py:3229} INFO - Sync 1 DAGs
[2024-09-10T02:02:32.887+0800] {logging_mixin.py:190} INFO - [2024-09-10T02:02:32.887+0800] {dag.py:4156} INFO - Setting next_dagrun for example_workday_timetable to 2021-01-04 00:00:00+00:00, run_after=2021-01-05 00:00:00+00:00
[2024-09-10T02:02:32.894+0800] {processor.py:208} INFO - Processing /Users/erniesg/.pyenv/versions/3.12.5/envs/letters_home/lib/python3.12/site-packages/airflow/example_dags/example_workday_timetable.py took 0.219 seconds
[2024-09-10T02:03:53.959+0800] {processor.py:186} INFO - Started process (PID=68076) to work on /Users/erniesg/.pyenv/versions/3.12.5/envs/letters_home/lib/python3.12/site-packages/airflow/example_dags/example_workday_timetable.py
[2024-09-10T02:03:53.959+0800] {processor.py:914} INFO - Processing file /Users/erniesg/.pyenv/versions/3.12.5/envs/letters_home/lib/python3.12/site-packages/airflow/example_dags/example_workday_timetable.py for tasks to queue
[2024-09-10T02:03:53.959+0800] {logging_mixin.py:190} INFO - [2024-09-10T02:03:53.959+0800] {dagbag.py:587} INFO - Filling up the DagBag from /Users/erniesg/.pyenv/versions/3.12.5/envs/letters_home/lib/python3.12/site-packages/airflow/example_dags/example_workday_timetable.py
[2024-09-10T02:03:54.073+0800] {processor.py:925} INFO - DAG(s) 'example_workday_timetable' retrieved from /Users/erniesg/.pyenv/versions/3.12.5/envs/letters_home/lib/python3.12/site-packages/airflow/example_dags/example_workday_timetable.py
[2024-09-10T02:03:54.150+0800] {logging_mixin.py:190} INFO - [2024-09-10T02:03:54.150+0800] {dag.py:3229} INFO - Sync 1 DAGs
[2024-09-10T02:03:54.167+0800] {logging_mixin.py:190} INFO - [2024-09-10T02:03:54.167+0800] {dag.py:4156} INFO - Setting next_dagrun for example_workday_timetable to 2021-01-04 00:00:00+00:00, run_after=2021-01-05 00:00:00+00:00
[2024-09-10T02:03:54.174+0800] {processor.py:208} INFO - Processing /Users/erniesg/.pyenv/versions/3.12.5/envs/letters_home/lib/python3.12/site-packages/airflow/example_dags/example_workday_timetable.py took 0.217 seconds
[2024-09-10T02:05:30.601+0800] {processor.py:186} INFO - Started process (PID=68193) to work on /Users/erniesg/.pyenv/versions/3.12.5/envs/letters_home/lib/python3.12/site-packages/airflow/example_dags/example_workday_timetable.py
[2024-09-10T02:05:30.601+0800] {processor.py:914} INFO - Processing file /Users/erniesg/.pyenv/versions/3.12.5/envs/letters_home/lib/python3.12/site-packages/airflow/example_dags/example_workday_timetable.py for tasks to queue
[2024-09-10T02:05:30.602+0800] {logging_mixin.py:190} INFO - [2024-09-10T02:05:30.602+0800] {dagbag.py:587} INFO - Filling up the DagBag from /Users/erniesg/.pyenv/versions/3.12.5/envs/letters_home/lib/python3.12/site-packages/airflow/example_dags/example_workday_timetable.py
[2024-09-10T02:05:30.716+0800] {processor.py:925} INFO - DAG(s) 'example_workday_timetable' retrieved from /Users/erniesg/.pyenv/versions/3.12.5/envs/letters_home/lib/python3.12/site-packages/airflow/example_dags/example_workday_timetable.py
[2024-09-10T02:05:30.789+0800] {logging_mixin.py:190} INFO - [2024-09-10T02:05:30.789+0800] {dag.py:3229} INFO - Sync 1 DAGs
[2024-09-10T02:05:30.806+0800] {logging_mixin.py:190} INFO - [2024-09-10T02:05:30.806+0800] {dag.py:4156} INFO - Setting next_dagrun for example_workday_timetable to 2021-01-04 00:00:00+00:00, run_after=2021-01-05 00:00:00+00:00
[2024-09-10T02:05:30.813+0800] {processor.py:208} INFO - Processing /Users/erniesg/.pyenv/versions/3.12.5/envs/letters_home/lib/python3.12/site-packages/airflow/example_dags/example_workday_timetable.py took 0.213 seconds
[2024-09-10T02:06:54.271+0800] {processor.py:186} INFO - Started process (PID=68272) to work on /Users/erniesg/.pyenv/versions/3.12.5/envs/letters_home/lib/python3.12/site-packages/airflow/example_dags/example_workday_timetable.py
[2024-09-10T02:06:54.272+0800] {processor.py:914} INFO - Processing file /Users/erniesg/.pyenv/versions/3.12.5/envs/letters_home/lib/python3.12/site-packages/airflow/example_dags/example_workday_timetable.py for tasks to queue
[2024-09-10T02:06:54.272+0800] {logging_mixin.py:190} INFO - [2024-09-10T02:06:54.272+0800] {dagbag.py:587} INFO - Filling up the DagBag from /Users/erniesg/.pyenv/versions/3.12.5/envs/letters_home/lib/python3.12/site-packages/airflow/example_dags/example_workday_timetable.py
[2024-09-10T02:06:54.388+0800] {processor.py:925} INFO - DAG(s) 'example_workday_timetable' retrieved from /Users/erniesg/.pyenv/versions/3.12.5/envs/letters_home/lib/python3.12/site-packages/airflow/example_dags/example_workday_timetable.py
[2024-09-10T02:06:54.462+0800] {logging_mixin.py:190} INFO - [2024-09-10T02:06:54.462+0800] {dag.py:3229} INFO - Sync 1 DAGs
[2024-09-10T02:06:54.479+0800] {logging_mixin.py:190} INFO - [2024-09-10T02:06:54.479+0800] {dag.py:4156} INFO - Setting next_dagrun for example_workday_timetable to 2021-01-04 00:00:00+00:00, run_after=2021-01-05 00:00:00+00:00
[2024-09-10T02:06:54.486+0800] {processor.py:208} INFO - Processing /Users/erniesg/.pyenv/versions/3.12.5/envs/letters_home/lib/python3.12/site-packages/airflow/example_dags/example_workday_timetable.py took 0.216 seconds
[2024-09-10T02:08:16.267+0800] {processor.py:186} INFO - Started process (PID=68469) to work on /Users/erniesg/.pyenv/versions/3.12.5/envs/letters_home/lib/python3.12/site-packages/airflow/example_dags/example_workday_timetable.py
[2024-09-10T02:08:16.268+0800] {processor.py:914} INFO - Processing file /Users/erniesg/.pyenv/versions/3.12.5/envs/letters_home/lib/python3.12/site-packages/airflow/example_dags/example_workday_timetable.py for tasks to queue
[2024-09-10T02:08:16.268+0800] {logging_mixin.py:190} INFO - [2024-09-10T02:08:16.268+0800] {dagbag.py:587} INFO - Filling up the DagBag from /Users/erniesg/.pyenv/versions/3.12.5/envs/letters_home/lib/python3.12/site-packages/airflow/example_dags/example_workday_timetable.py
[2024-09-10T02:08:16.382+0800] {processor.py:925} INFO - DAG(s) 'example_workday_timetable' retrieved from /Users/erniesg/.pyenv/versions/3.12.5/envs/letters_home/lib/python3.12/site-packages/airflow/example_dags/example_workday_timetable.py
[2024-09-10T02:08:16.458+0800] {logging_mixin.py:190} INFO - [2024-09-10T02:08:16.457+0800] {dag.py:3229} INFO - Sync 1 DAGs
[2024-09-10T02:08:16.475+0800] {logging_mixin.py:190} INFO - [2024-09-10T02:08:16.475+0800] {dag.py:4156} INFO - Setting next_dagrun for example_workday_timetable to 2021-01-04 00:00:00+00:00, run_after=2021-01-05 00:00:00+00:00
[2024-09-10T02:08:16.481+0800] {processor.py:208} INFO - Processing /Users/erniesg/.pyenv/versions/3.12.5/envs/letters_home/lib/python3.12/site-packages/airflow/example_dags/example_workday_timetable.py took 0.215 seconds
[2024-09-10T02:09:39.649+0800] {processor.py:186} INFO - Started process (PID=68586) to work on /Users/erniesg/.pyenv/versions/3.12.5/envs/letters_home/lib/python3.12/site-packages/airflow/example_dags/example_workday_timetable.py
[2024-09-10T02:09:39.650+0800] {processor.py:914} INFO - Processing file /Users/erniesg/.pyenv/versions/3.12.5/envs/letters_home/lib/python3.12/site-packages/airflow/example_dags/example_workday_timetable.py for tasks to queue
[2024-09-10T02:09:39.650+0800] {logging_mixin.py:190} INFO - [2024-09-10T02:09:39.650+0800] {dagbag.py:587} INFO - Filling up the DagBag from /Users/erniesg/.pyenv/versions/3.12.5/envs/letters_home/lib/python3.12/site-packages/airflow/example_dags/example_workday_timetable.py
[2024-09-10T02:09:39.761+0800] {processor.py:925} INFO - DAG(s) 'example_workday_timetable' retrieved from /Users/erniesg/.pyenv/versions/3.12.5/envs/letters_home/lib/python3.12/site-packages/airflow/example_dags/example_workday_timetable.py
[2024-09-10T02:09:39.834+0800] {logging_mixin.py:190} INFO - [2024-09-10T02:09:39.834+0800] {dag.py:3229} INFO - Sync 1 DAGs
[2024-09-10T02:09:39.851+0800] {logging_mixin.py:190} INFO - [2024-09-10T02:09:39.851+0800] {dag.py:4156} INFO - Setting next_dagrun for example_workday_timetable to 2021-01-04 00:00:00+00:00, run_after=2021-01-05 00:00:00+00:00
[2024-09-10T02:09:39.858+0800] {processor.py:208} INFO - Processing /Users/erniesg/.pyenv/versions/3.12.5/envs/letters_home/lib/python3.12/site-packages/airflow/example_dags/example_workday_timetable.py took 0.210 seconds
[2024-09-10T02:11:28.413+0800] {processor.py:186} INFO - Started process (PID=68937) to work on /Users/erniesg/.pyenv/versions/3.12.5/envs/letters_home/lib/python3.12/site-packages/airflow/example_dags/example_workday_timetable.py
[2024-09-10T02:11:28.413+0800] {processor.py:914} INFO - Processing file /Users/erniesg/.pyenv/versions/3.12.5/envs/letters_home/lib/python3.12/site-packages/airflow/example_dags/example_workday_timetable.py for tasks to queue
[2024-09-10T02:11:28.414+0800] {logging_mixin.py:190} INFO - [2024-09-10T02:11:28.414+0800] {dagbag.py:587} INFO - Filling up the DagBag from /Users/erniesg/.pyenv/versions/3.12.5/envs/letters_home/lib/python3.12/site-packages/airflow/example_dags/example_workday_timetable.py
[2024-09-10T02:11:28.531+0800] {processor.py:925} INFO - DAG(s) 'example_workday_timetable' retrieved from /Users/erniesg/.pyenv/versions/3.12.5/envs/letters_home/lib/python3.12/site-packages/airflow/example_dags/example_workday_timetable.py
[2024-09-10T02:11:28.608+0800] {logging_mixin.py:190} INFO - [2024-09-10T02:11:28.608+0800] {dag.py:3229} INFO - Sync 1 DAGs
[2024-09-10T02:11:28.625+0800] {logging_mixin.py:190} INFO - [2024-09-10T02:11:28.625+0800] {dag.py:4156} INFO - Setting next_dagrun for example_workday_timetable to 2021-01-04 00:00:00+00:00, run_after=2021-01-05 00:00:00+00:00
[2024-09-10T02:11:28.632+0800] {processor.py:208} INFO - Processing /Users/erniesg/.pyenv/versions/3.12.5/envs/letters_home/lib/python3.12/site-packages/airflow/example_dags/example_workday_timetable.py took 0.221 seconds
[2024-09-10T02:12:19.765+0800] {processor.py:186} INFO - Started process (PID=69258) to work on /Users/erniesg/.pyenv/versions/3.12.5/envs/letters_home/lib/python3.12/site-packages/airflow/example_dags/example_workday_timetable.py
[2024-09-10T02:12:19.765+0800] {processor.py:914} INFO - Processing file /Users/erniesg/.pyenv/versions/3.12.5/envs/letters_home/lib/python3.12/site-packages/airflow/example_dags/example_workday_timetable.py for tasks to queue
[2024-09-10T02:12:19.766+0800] {logging_mixin.py:190} INFO - [2024-09-10T02:12:19.766+0800] {dagbag.py:587} INFO - Filling up the DagBag from /Users/erniesg/.pyenv/versions/3.12.5/envs/letters_home/lib/python3.12/site-packages/airflow/example_dags/example_workday_timetable.py
[2024-09-10T02:12:19.882+0800] {processor.py:925} INFO - DAG(s) 'example_workday_timetable' retrieved from /Users/erniesg/.pyenv/versions/3.12.5/envs/letters_home/lib/python3.12/site-packages/airflow/example_dags/example_workday_timetable.py
[2024-09-10T02:12:19.970+0800] {logging_mixin.py:190} INFO - [2024-09-10T02:12:19.970+0800] {dag.py:3229} INFO - Sync 1 DAGs
[2024-09-10T02:12:19.988+0800] {logging_mixin.py:190} INFO - [2024-09-10T02:12:19.988+0800] {dag.py:4156} INFO - Setting next_dagrun for example_workday_timetable to 2021-01-04 00:00:00+00:00, run_after=2021-01-05 00:00:00+00:00
[2024-09-10T02:12:19.997+0800] {processor.py:208} INFO - Processing /Users/erniesg/.pyenv/versions/3.12.5/envs/letters_home/lib/python3.12/site-packages/airflow/example_dags/example_workday_timetable.py took 0.233 seconds
[2024-09-10T02:14:14.094+0800] {processor.py:186} INFO - Started process (PID=69352) to work on /Users/erniesg/.pyenv/versions/3.12.5/envs/letters_home/lib/python3.12/site-packages/airflow/example_dags/example_workday_timetable.py
[2024-09-10T02:14:14.095+0800] {processor.py:914} INFO - Processing file /Users/erniesg/.pyenv/versions/3.12.5/envs/letters_home/lib/python3.12/site-packages/airflow/example_dags/example_workday_timetable.py for tasks to queue
[2024-09-10T02:14:14.095+0800] {logging_mixin.py:190} INFO - [2024-09-10T02:14:14.095+0800] {dagbag.py:587} INFO - Filling up the DagBag from /Users/erniesg/.pyenv/versions/3.12.5/envs/letters_home/lib/python3.12/site-packages/airflow/example_dags/example_workday_timetable.py
[2024-09-10T02:14:14.217+0800] {processor.py:925} INFO - DAG(s) 'example_workday_timetable' retrieved from /Users/erniesg/.pyenv/versions/3.12.5/envs/letters_home/lib/python3.12/site-packages/airflow/example_dags/example_workday_timetable.py
[2024-09-10T02:14:14.297+0800] {logging_mixin.py:190} INFO - [2024-09-10T02:14:14.296+0800] {dag.py:3229} INFO - Sync 1 DAGs
[2024-09-10T02:14:14.315+0800] {logging_mixin.py:190} INFO - [2024-09-10T02:14:14.315+0800] {dag.py:4156} INFO - Setting next_dagrun for example_workday_timetable to 2021-01-04 00:00:00+00:00, run_after=2021-01-05 00:00:00+00:00
[2024-09-10T02:14:14.323+0800] {processor.py:208} INFO - Processing /Users/erniesg/.pyenv/versions/3.12.5/envs/letters_home/lib/python3.12/site-packages/airflow/example_dags/example_workday_timetable.py took 0.230 seconds
[2024-09-10T02:15:41.809+0800] {processor.py:186} INFO - Started process (PID=69699) to work on /Users/erniesg/.pyenv/versions/3.12.5/envs/letters_home/lib/python3.12/site-packages/airflow/example_dags/example_workday_timetable.py
[2024-09-10T02:15:41.810+0800] {processor.py:914} INFO - Processing file /Users/erniesg/.pyenv/versions/3.12.5/envs/letters_home/lib/python3.12/site-packages/airflow/example_dags/example_workday_timetable.py for tasks to queue
[2024-09-10T02:15:41.810+0800] {logging_mixin.py:190} INFO - [2024-09-10T02:15:41.810+0800] {dagbag.py:587} INFO - Filling up the DagBag from /Users/erniesg/.pyenv/versions/3.12.5/envs/letters_home/lib/python3.12/site-packages/airflow/example_dags/example_workday_timetable.py
[2024-09-10T02:15:41.933+0800] {processor.py:925} INFO - DAG(s) 'example_workday_timetable' retrieved from /Users/erniesg/.pyenv/versions/3.12.5/envs/letters_home/lib/python3.12/site-packages/airflow/example_dags/example_workday_timetable.py
[2024-09-10T02:15:42.022+0800] {logging_mixin.py:190} INFO - [2024-09-10T02:15:42.022+0800] {dag.py:3229} INFO - Sync 1 DAGs
[2024-09-10T02:15:42.042+0800] {logging_mixin.py:190} INFO - [2024-09-10T02:15:42.042+0800] {dag.py:4156} INFO - Setting next_dagrun for example_workday_timetable to 2021-01-04 00:00:00+00:00, run_after=2021-01-05 00:00:00+00:00
[2024-09-10T02:15:42.049+0800] {processor.py:208} INFO - Processing /Users/erniesg/.pyenv/versions/3.12.5/envs/letters_home/lib/python3.12/site-packages/airflow/example_dags/example_workday_timetable.py took 0.241 seconds
[2024-09-10T02:17:38.238+0800] {processor.py:186} INFO - Started process (PID=69828) to work on /Users/erniesg/.pyenv/versions/3.12.5/envs/letters_home/lib/python3.12/site-packages/airflow/example_dags/example_workday_timetable.py
[2024-09-10T02:17:38.239+0800] {processor.py:914} INFO - Processing file /Users/erniesg/.pyenv/versions/3.12.5/envs/letters_home/lib/python3.12/site-packages/airflow/example_dags/example_workday_timetable.py for tasks to queue
[2024-09-10T02:17:38.240+0800] {logging_mixin.py:190} INFO - [2024-09-10T02:17:38.240+0800] {dagbag.py:587} INFO - Filling up the DagBag from /Users/erniesg/.pyenv/versions/3.12.5/envs/letters_home/lib/python3.12/site-packages/airflow/example_dags/example_workday_timetable.py
[2024-09-10T02:17:38.355+0800] {processor.py:925} INFO - DAG(s) 'example_workday_timetable' retrieved from /Users/erniesg/.pyenv/versions/3.12.5/envs/letters_home/lib/python3.12/site-packages/airflow/example_dags/example_workday_timetable.py
[2024-09-10T02:17:38.429+0800] {logging_mixin.py:190} INFO - [2024-09-10T02:17:38.429+0800] {dag.py:3229} INFO - Sync 1 DAGs
[2024-09-10T02:17:38.446+0800] {logging_mixin.py:190} INFO - [2024-09-10T02:17:38.446+0800] {dag.py:4156} INFO - Setting next_dagrun for example_workday_timetable to 2021-01-04 00:00:00+00:00, run_after=2021-01-05 00:00:00+00:00
[2024-09-10T02:17:38.453+0800] {processor.py:208} INFO - Processing /Users/erniesg/.pyenv/versions/3.12.5/envs/letters_home/lib/python3.12/site-packages/airflow/example_dags/example_workday_timetable.py took 0.216 seconds
[2024-09-10T02:18:59.644+0800] {processor.py:186} INFO - Started process (PID=70267) to work on /Users/erniesg/.pyenv/versions/3.12.5/envs/letters_home/lib/python3.12/site-packages/airflow/example_dags/example_workday_timetable.py
[2024-09-10T02:18:59.644+0800] {processor.py:914} INFO - Processing file /Users/erniesg/.pyenv/versions/3.12.5/envs/letters_home/lib/python3.12/site-packages/airflow/example_dags/example_workday_timetable.py for tasks to queue
[2024-09-10T02:18:59.645+0800] {logging_mixin.py:190} INFO - [2024-09-10T02:18:59.645+0800] {dagbag.py:587} INFO - Filling up the DagBag from /Users/erniesg/.pyenv/versions/3.12.5/envs/letters_home/lib/python3.12/site-packages/airflow/example_dags/example_workday_timetable.py
[2024-09-10T02:18:59.762+0800] {processor.py:925} INFO - DAG(s) 'example_workday_timetable' retrieved from /Users/erniesg/.pyenv/versions/3.12.5/envs/letters_home/lib/python3.12/site-packages/airflow/example_dags/example_workday_timetable.py
[2024-09-10T02:18:59.842+0800] {logging_mixin.py:190} INFO - [2024-09-10T02:18:59.842+0800] {dag.py:3229} INFO - Sync 1 DAGs
[2024-09-10T02:18:59.859+0800] {logging_mixin.py:190} INFO - [2024-09-10T02:18:59.859+0800] {dag.py:4156} INFO - Setting next_dagrun for example_workday_timetable to 2021-01-04 00:00:00+00:00, run_after=2021-01-05 00:00:00+00:00
[2024-09-10T02:18:59.865+0800] {processor.py:208} INFO - Processing /Users/erniesg/.pyenv/versions/3.12.5/envs/letters_home/lib/python3.12/site-packages/airflow/example_dags/example_workday_timetable.py took 0.223 seconds
[2024-09-10T02:20:25.247+0800] {processor.py:186} INFO - Started process (PID=70364) to work on /Users/erniesg/.pyenv/versions/3.12.5/envs/letters_home/lib/python3.12/site-packages/airflow/example_dags/example_workday_timetable.py
[2024-09-10T02:20:25.247+0800] {processor.py:914} INFO - Processing file /Users/erniesg/.pyenv/versions/3.12.5/envs/letters_home/lib/python3.12/site-packages/airflow/example_dags/example_workday_timetable.py for tasks to queue
[2024-09-10T02:20:25.248+0800] {logging_mixin.py:190} INFO - [2024-09-10T02:20:25.248+0800] {dagbag.py:587} INFO - Filling up the DagBag from /Users/erniesg/.pyenv/versions/3.12.5/envs/letters_home/lib/python3.12/site-packages/airflow/example_dags/example_workday_timetable.py
[2024-09-10T02:20:25.374+0800] {processor.py:925} INFO - DAG(s) 'example_workday_timetable' retrieved from /Users/erniesg/.pyenv/versions/3.12.5/envs/letters_home/lib/python3.12/site-packages/airflow/example_dags/example_workday_timetable.py
[2024-09-10T02:20:25.462+0800] {logging_mixin.py:190} INFO - [2024-09-10T02:20:25.462+0800] {dag.py:3229} INFO - Sync 1 DAGs
[2024-09-10T02:20:25.480+0800] {logging_mixin.py:190} INFO - [2024-09-10T02:20:25.480+0800] {dag.py:4156} INFO - Setting next_dagrun for example_workday_timetable to 2021-01-04 00:00:00+00:00, run_after=2021-01-05 00:00:00+00:00
[2024-09-10T02:20:25.488+0800] {processor.py:208} INFO - Processing /Users/erniesg/.pyenv/versions/3.12.5/envs/letters_home/lib/python3.12/site-packages/airflow/example_dags/example_workday_timetable.py took 0.242 seconds
[2024-09-10T02:23:24.963+0800] {processor.py:186} INFO - Started process (PID=71820) to work on /Users/erniesg/.pyenv/versions/3.12.5/envs/letters_home/lib/python3.12/site-packages/airflow/example_dags/example_workday_timetable.py
[2024-09-10T02:23:24.964+0800] {processor.py:914} INFO - Processing file /Users/erniesg/.pyenv/versions/3.12.5/envs/letters_home/lib/python3.12/site-packages/airflow/example_dags/example_workday_timetable.py for tasks to queue
[2024-09-10T02:23:24.964+0800] {logging_mixin.py:190} INFO - [2024-09-10T02:23:24.964+0800] {dagbag.py:587} INFO - Filling up the DagBag from /Users/erniesg/.pyenv/versions/3.12.5/envs/letters_home/lib/python3.12/site-packages/airflow/example_dags/example_workday_timetable.py
[2024-09-10T02:23:25.076+0800] {processor.py:925} INFO - DAG(s) 'example_workday_timetable' retrieved from /Users/erniesg/.pyenv/versions/3.12.5/envs/letters_home/lib/python3.12/site-packages/airflow/example_dags/example_workday_timetable.py
[2024-09-10T02:23:25.158+0800] {logging_mixin.py:190} INFO - [2024-09-10T02:23:25.157+0800] {dag.py:3229} INFO - Sync 1 DAGs
[2024-09-10T02:23:25.177+0800] {logging_mixin.py:190} INFO - [2024-09-10T02:23:25.177+0800] {dag.py:4156} INFO - Setting next_dagrun for example_workday_timetable to 2021-01-04 00:00:00+00:00, run_after=2021-01-05 00:00:00+00:00
[2024-09-10T02:23:25.195+0800] {processor.py:208} INFO - Processing /Users/erniesg/.pyenv/versions/3.12.5/envs/letters_home/lib/python3.12/site-packages/airflow/example_dags/example_workday_timetable.py took 0.233 seconds
