[2024-09-10T01:37:40.950+0800] {processor.py:186} INFO - Started process (PID=57557) to work on /Users/erniesg/.pyenv/versions/3.12.5/envs/letters_home/lib/python3.12/site-packages/airflow/example_dags/example_setup_teardown.py
[2024-09-10T01:37:40.950+0800] {processor.py:914} INFO - Processing file /Users/erniesg/.pyenv/versions/3.12.5/envs/letters_home/lib/python3.12/site-packages/airflow/example_dags/example_setup_teardown.py for tasks to queue
[2024-09-10T01:37:40.950+0800] {logging_mixin.py:190} INFO - [2024-09-10T01:37:40.950+0800] {dagbag.py:587} INFO - Filling up the DagBag from /Users/erniesg/.pyenv/versions/3.12.5/envs/letters_home/lib/python3.12/site-packages/airflow/example_dags/example_setup_teardown.py
[2024-09-10T01:37:40.954+0800] {processor.py:925} INFO - DAG(s) 'example_setup_teardown' retrieved from /Users/erniesg/.pyenv/versions/3.12.5/envs/letters_home/lib/python3.12/site-packages/airflow/example_dags/example_setup_teardown.py
[2024-09-10T01:37:41.020+0800] {logging_mixin.py:190} INFO - [2024-09-10T01:37:41.020+0800] {override.py:1900} INFO - Created Permission View: can read on DAG:example_setup_teardown
[2024-09-10T01:37:41.023+0800] {logging_mixin.py:190} INFO - [2024-09-10T01:37:41.023+0800] {override.py:1900} INFO - Created Permission View: can edit on DAG:example_setup_teardown
[2024-09-10T01:37:41.025+0800] {logging_mixin.py:190} INFO - [2024-09-10T01:37:41.025+0800] {override.py:1900} INFO - Created Permission View: can delete on DAG:example_setup_teardown
[2024-09-10T01:37:41.028+0800] {logging_mixin.py:190} INFO - [2024-09-10T01:37:41.028+0800] {override.py:1900} INFO - Created Permission View: can read on DAG Run:example_setup_teardown
[2024-09-10T01:37:41.030+0800] {logging_mixin.py:190} INFO - [2024-09-10T01:37:41.030+0800] {override.py:1900} INFO - Created Permission View: can create on DAG Run:example_setup_teardown
[2024-09-10T01:37:41.031+0800] {logging_mixin.py:190} INFO - [2024-09-10T01:37:41.031+0800] {override.py:1900} INFO - Created Permission View: menu access on DAG Run:example_setup_teardown
[2024-09-10T01:37:41.033+0800] {logging_mixin.py:190} INFO - [2024-09-10T01:37:41.033+0800] {override.py:1900} INFO - Created Permission View: can delete on DAG Run:example_setup_teardown
[2024-09-10T01:37:41.033+0800] {logging_mixin.py:190} INFO - [2024-09-10T01:37:41.033+0800] {dag.py:3229} INFO - Sync 1 DAGs
[2024-09-10T01:37:41.037+0800] {logging_mixin.py:190} INFO - [2024-09-10T01:37:41.037+0800] {dag.py:3252} INFO - Creating ORM DAG for example_setup_teardown
[2024-09-10T01:37:41.037+0800] {logging_mixin.py:190} INFO - [2024-09-10T01:37:41.037+0800] {dag.py:4156} INFO - Setting next_dagrun for example_setup_teardown to None, run_after=None
[2024-09-10T01:37:41.042+0800] {processor.py:208} INFO - Processing /Users/erniesg/.pyenv/versions/3.12.5/envs/letters_home/lib/python3.12/site-packages/airflow/example_dags/example_setup_teardown.py took 0.094 seconds
[2024-09-10T01:39:29.739+0800] {processor.py:186} INFO - Started process (PID=58085) to work on /Users/erniesg/.pyenv/versions/3.12.5/envs/letters_home/lib/python3.12/site-packages/airflow/example_dags/example_setup_teardown.py
[2024-09-10T01:39:29.740+0800] {processor.py:914} INFO - Processing file /Users/erniesg/.pyenv/versions/3.12.5/envs/letters_home/lib/python3.12/site-packages/airflow/example_dags/example_setup_teardown.py for tasks to queue
[2024-09-10T01:39:29.740+0800] {logging_mixin.py:190} INFO - [2024-09-10T01:39:29.740+0800] {dagbag.py:587} INFO - Filling up the DagBag from /Users/erniesg/.pyenv/versions/3.12.5/envs/letters_home/lib/python3.12/site-packages/airflow/example_dags/example_setup_teardown.py
[2024-09-10T01:39:29.744+0800] {processor.py:925} INFO - DAG(s) 'example_setup_teardown' retrieved from /Users/erniesg/.pyenv/versions/3.12.5/envs/letters_home/lib/python3.12/site-packages/airflow/example_dags/example_setup_teardown.py
[2024-09-10T01:39:29.780+0800] {logging_mixin.py:190} INFO - [2024-09-10T01:39:29.780+0800] {dag.py:3229} INFO - Sync 1 DAGs
[2024-09-10T01:39:29.784+0800] {logging_mixin.py:190} INFO - [2024-09-10T01:39:29.784+0800] {dag.py:4156} INFO - Setting next_dagrun for example_setup_teardown to None, run_after=None
[2024-09-10T01:39:29.791+0800] {processor.py:208} INFO - Processing /Users/erniesg/.pyenv/versions/3.12.5/envs/letters_home/lib/python3.12/site-packages/airflow/example_dags/example_setup_teardown.py took 0.053 seconds
[2024-09-10T01:40:49.430+0800] {processor.py:186} INFO - Started process (PID=58160) to work on /Users/erniesg/.pyenv/versions/3.12.5/envs/letters_home/lib/python3.12/site-packages/airflow/example_dags/example_setup_teardown.py
[2024-09-10T01:40:49.430+0800] {processor.py:914} INFO - Processing file /Users/erniesg/.pyenv/versions/3.12.5/envs/letters_home/lib/python3.12/site-packages/airflow/example_dags/example_setup_teardown.py for tasks to queue
[2024-09-10T01:40:49.430+0800] {logging_mixin.py:190} INFO - [2024-09-10T01:40:49.430+0800] {dagbag.py:587} INFO - Filling up the DagBag from /Users/erniesg/.pyenv/versions/3.12.5/envs/letters_home/lib/python3.12/site-packages/airflow/example_dags/example_setup_teardown.py
[2024-09-10T01:40:49.434+0800] {processor.py:925} INFO - DAG(s) 'example_setup_teardown' retrieved from /Users/erniesg/.pyenv/versions/3.12.5/envs/letters_home/lib/python3.12/site-packages/airflow/example_dags/example_setup_teardown.py
[2024-09-10T01:40:49.471+0800] {logging_mixin.py:190} INFO - [2024-09-10T01:40:49.471+0800] {dag.py:3229} INFO - Sync 1 DAGs
[2024-09-10T01:40:49.476+0800] {logging_mixin.py:190} INFO - [2024-09-10T01:40:49.476+0800] {dag.py:4156} INFO - Setting next_dagrun for example_setup_teardown to None, run_after=None
[2024-09-10T01:40:49.483+0800] {processor.py:208} INFO - Processing /Users/erniesg/.pyenv/versions/3.12.5/envs/letters_home/lib/python3.12/site-packages/airflow/example_dags/example_setup_teardown.py took 0.054 seconds
[2024-09-10T01:42:10.091+0800] {processor.py:186} INFO - Started process (PID=58227) to work on /Users/erniesg/.pyenv/versions/3.12.5/envs/letters_home/lib/python3.12/site-packages/airflow/example_dags/example_setup_teardown.py
[2024-09-10T01:42:10.091+0800] {processor.py:914} INFO - Processing file /Users/erniesg/.pyenv/versions/3.12.5/envs/letters_home/lib/python3.12/site-packages/airflow/example_dags/example_setup_teardown.py for tasks to queue
[2024-09-10T01:42:10.092+0800] {logging_mixin.py:190} INFO - [2024-09-10T01:42:10.092+0800] {dagbag.py:587} INFO - Filling up the DagBag from /Users/erniesg/.pyenv/versions/3.12.5/envs/letters_home/lib/python3.12/site-packages/airflow/example_dags/example_setup_teardown.py
[2024-09-10T01:42:10.095+0800] {processor.py:925} INFO - DAG(s) 'example_setup_teardown' retrieved from /Users/erniesg/.pyenv/versions/3.12.5/envs/letters_home/lib/python3.12/site-packages/airflow/example_dags/example_setup_teardown.py
[2024-09-10T01:42:10.133+0800] {logging_mixin.py:190} INFO - [2024-09-10T01:42:10.133+0800] {dag.py:3229} INFO - Sync 1 DAGs
[2024-09-10T01:42:10.138+0800] {logging_mixin.py:190} INFO - [2024-09-10T01:42:10.138+0800] {dag.py:4156} INFO - Setting next_dagrun for example_setup_teardown to None, run_after=None
[2024-09-10T01:42:10.145+0800] {processor.py:208} INFO - Processing /Users/erniesg/.pyenv/versions/3.12.5/envs/letters_home/lib/python3.12/site-packages/airflow/example_dags/example_setup_teardown.py took 0.055 seconds
[2024-09-10T01:43:33.098+0800] {processor.py:186} INFO - Started process (PID=58716) to work on /Users/erniesg/.pyenv/versions/3.12.5/envs/letters_home/lib/python3.12/site-packages/airflow/example_dags/example_setup_teardown.py
[2024-09-10T01:43:33.098+0800] {processor.py:914} INFO - Processing file /Users/erniesg/.pyenv/versions/3.12.5/envs/letters_home/lib/python3.12/site-packages/airflow/example_dags/example_setup_teardown.py for tasks to queue
[2024-09-10T01:43:33.098+0800] {logging_mixin.py:190} INFO - [2024-09-10T01:43:33.098+0800] {dagbag.py:587} INFO - Filling up the DagBag from /Users/erniesg/.pyenv/versions/3.12.5/envs/letters_home/lib/python3.12/site-packages/airflow/example_dags/example_setup_teardown.py
[2024-09-10T01:43:33.102+0800] {processor.py:925} INFO - DAG(s) 'example_setup_teardown' retrieved from /Users/erniesg/.pyenv/versions/3.12.5/envs/letters_home/lib/python3.12/site-packages/airflow/example_dags/example_setup_teardown.py
[2024-09-10T01:43:33.136+0800] {logging_mixin.py:190} INFO - [2024-09-10T01:43:33.136+0800] {dag.py:3229} INFO - Sync 1 DAGs
[2024-09-10T01:43:33.141+0800] {logging_mixin.py:190} INFO - [2024-09-10T01:43:33.140+0800] {dag.py:4156} INFO - Setting next_dagrun for example_setup_teardown to None, run_after=None
[2024-09-10T01:43:33.147+0800] {processor.py:208} INFO - Processing /Users/erniesg/.pyenv/versions/3.12.5/envs/letters_home/lib/python3.12/site-packages/airflow/example_dags/example_setup_teardown.py took 0.051 seconds
[2024-09-10T01:59:12.550+0800] {processor.py:186} INFO - Started process (PID=67481) to work on /Users/erniesg/.pyenv/versions/3.12.5/envs/letters_home/lib/python3.12/site-packages/airflow/example_dags/example_setup_teardown.py
[2024-09-10T01:59:12.550+0800] {processor.py:914} INFO - Processing file /Users/erniesg/.pyenv/versions/3.12.5/envs/letters_home/lib/python3.12/site-packages/airflow/example_dags/example_setup_teardown.py for tasks to queue
[2024-09-10T01:59:12.551+0800] {logging_mixin.py:190} INFO - [2024-09-10T01:59:12.551+0800] {dagbag.py:587} INFO - Filling up the DagBag from /Users/erniesg/.pyenv/versions/3.12.5/envs/letters_home/lib/python3.12/site-packages/airflow/example_dags/example_setup_teardown.py
[2024-09-10T01:59:12.554+0800] {processor.py:925} INFO - DAG(s) 'example_setup_teardown' retrieved from /Users/erniesg/.pyenv/versions/3.12.5/envs/letters_home/lib/python3.12/site-packages/airflow/example_dags/example_setup_teardown.py
[2024-09-10T01:59:12.590+0800] {logging_mixin.py:190} INFO - [2024-09-10T01:59:12.590+0800] {dag.py:3229} INFO - Sync 1 DAGs
[2024-09-10T01:59:12.595+0800] {logging_mixin.py:190} INFO - [2024-09-10T01:59:12.594+0800] {dag.py:4156} INFO - Setting next_dagrun for example_setup_teardown to None, run_after=None
[2024-09-10T01:59:12.602+0800] {processor.py:208} INFO - Processing /Users/erniesg/.pyenv/versions/3.12.5/envs/letters_home/lib/python3.12/site-packages/airflow/example_dags/example_setup_teardown.py took 0.053 seconds
[2024-09-10T02:01:36.063+0800] {processor.py:186} INFO - Started process (PID=67910) to work on /Users/erniesg/.pyenv/versions/3.12.5/envs/letters_home/lib/python3.12/site-packages/airflow/example_dags/example_setup_teardown.py
[2024-09-10T02:01:36.064+0800] {processor.py:914} INFO - Processing file /Users/erniesg/.pyenv/versions/3.12.5/envs/letters_home/lib/python3.12/site-packages/airflow/example_dags/example_setup_teardown.py for tasks to queue
[2024-09-10T02:01:36.064+0800] {logging_mixin.py:190} INFO - [2024-09-10T02:01:36.064+0800] {dagbag.py:587} INFO - Filling up the DagBag from /Users/erniesg/.pyenv/versions/3.12.5/envs/letters_home/lib/python3.12/site-packages/airflow/example_dags/example_setup_teardown.py
[2024-09-10T02:01:36.067+0800] {processor.py:925} INFO - DAG(s) 'example_setup_teardown' retrieved from /Users/erniesg/.pyenv/versions/3.12.5/envs/letters_home/lib/python3.12/site-packages/airflow/example_dags/example_setup_teardown.py
[2024-09-10T02:01:36.103+0800] {logging_mixin.py:190} INFO - [2024-09-10T02:01:36.103+0800] {dag.py:3229} INFO - Sync 1 DAGs
[2024-09-10T02:01:36.108+0800] {logging_mixin.py:190} INFO - [2024-09-10T02:01:36.108+0800] {dag.py:4156} INFO - Setting next_dagrun for example_setup_teardown to None, run_after=None
[2024-09-10T02:01:36.115+0800] {processor.py:208} INFO - Processing /Users/erniesg/.pyenv/versions/3.12.5/envs/letters_home/lib/python3.12/site-packages/airflow/example_dags/example_setup_teardown.py took 0.053 seconds
[2024-09-10T02:02:55.884+0800] {processor.py:186} INFO - Started process (PID=68007) to work on /Users/erniesg/.pyenv/versions/3.12.5/envs/letters_home/lib/python3.12/site-packages/airflow/example_dags/example_setup_teardown.py
[2024-09-10T02:02:55.885+0800] {processor.py:914} INFO - Processing file /Users/erniesg/.pyenv/versions/3.12.5/envs/letters_home/lib/python3.12/site-packages/airflow/example_dags/example_setup_teardown.py for tasks to queue
[2024-09-10T02:02:55.885+0800] {logging_mixin.py:190} INFO - [2024-09-10T02:02:55.885+0800] {dagbag.py:587} INFO - Filling up the DagBag from /Users/erniesg/.pyenv/versions/3.12.5/envs/letters_home/lib/python3.12/site-packages/airflow/example_dags/example_setup_teardown.py
[2024-09-10T02:02:55.888+0800] {processor.py:925} INFO - DAG(s) 'example_setup_teardown' retrieved from /Users/erniesg/.pyenv/versions/3.12.5/envs/letters_home/lib/python3.12/site-packages/airflow/example_dags/example_setup_teardown.py
[2024-09-10T02:02:55.926+0800] {logging_mixin.py:190} INFO - [2024-09-10T02:02:55.926+0800] {dag.py:3229} INFO - Sync 1 DAGs
[2024-09-10T02:02:55.931+0800] {logging_mixin.py:190} INFO - [2024-09-10T02:02:55.930+0800] {dag.py:4156} INFO - Setting next_dagrun for example_setup_teardown to None, run_after=None
[2024-09-10T02:02:55.937+0800] {processor.py:208} INFO - Processing /Users/erniesg/.pyenv/versions/3.12.5/envs/letters_home/lib/python3.12/site-packages/airflow/example_dags/example_setup_teardown.py took 0.054 seconds
[2024-09-10T02:04:18.352+0800] {processor.py:186} INFO - Started process (PID=68098) to work on /Users/erniesg/.pyenv/versions/3.12.5/envs/letters_home/lib/python3.12/site-packages/airflow/example_dags/example_setup_teardown.py
[2024-09-10T02:04:18.353+0800] {processor.py:914} INFO - Processing file /Users/erniesg/.pyenv/versions/3.12.5/envs/letters_home/lib/python3.12/site-packages/airflow/example_dags/example_setup_teardown.py for tasks to queue
[2024-09-10T02:04:18.353+0800] {logging_mixin.py:190} INFO - [2024-09-10T02:04:18.353+0800] {dagbag.py:587} INFO - Filling up the DagBag from /Users/erniesg/.pyenv/versions/3.12.5/envs/letters_home/lib/python3.12/site-packages/airflow/example_dags/example_setup_teardown.py
[2024-09-10T02:04:18.357+0800] {processor.py:925} INFO - DAG(s) 'example_setup_teardown' retrieved from /Users/erniesg/.pyenv/versions/3.12.5/envs/letters_home/lib/python3.12/site-packages/airflow/example_dags/example_setup_teardown.py
[2024-09-10T02:04:18.396+0800] {logging_mixin.py:190} INFO - [2024-09-10T02:04:18.396+0800] {dag.py:3229} INFO - Sync 1 DAGs
[2024-09-10T02:04:18.400+0800] {logging_mixin.py:190} INFO - [2024-09-10T02:04:18.400+0800] {dag.py:4156} INFO - Setting next_dagrun for example_setup_teardown to None, run_after=None
[2024-09-10T02:04:18.408+0800] {processor.py:208} INFO - Processing /Users/erniesg/.pyenv/versions/3.12.5/envs/letters_home/lib/python3.12/site-packages/airflow/example_dags/example_setup_teardown.py took 0.057 seconds
[2024-09-10T02:05:54.309+0800] {processor.py:186} INFO - Started process (PID=68213) to work on /Users/erniesg/.pyenv/versions/3.12.5/envs/letters_home/lib/python3.12/site-packages/airflow/example_dags/example_setup_teardown.py
[2024-09-10T02:05:54.310+0800] {processor.py:914} INFO - Processing file /Users/erniesg/.pyenv/versions/3.12.5/envs/letters_home/lib/python3.12/site-packages/airflow/example_dags/example_setup_teardown.py for tasks to queue
[2024-09-10T02:05:54.310+0800] {logging_mixin.py:190} INFO - [2024-09-10T02:05:54.310+0800] {dagbag.py:587} INFO - Filling up the DagBag from /Users/erniesg/.pyenv/versions/3.12.5/envs/letters_home/lib/python3.12/site-packages/airflow/example_dags/example_setup_teardown.py
[2024-09-10T02:05:54.313+0800] {processor.py:925} INFO - DAG(s) 'example_setup_teardown' retrieved from /Users/erniesg/.pyenv/versions/3.12.5/envs/letters_home/lib/python3.12/site-packages/airflow/example_dags/example_setup_teardown.py
[2024-09-10T02:05:54.350+0800] {logging_mixin.py:190} INFO - [2024-09-10T02:05:54.350+0800] {dag.py:3229} INFO - Sync 1 DAGs
[2024-09-10T02:05:54.355+0800] {logging_mixin.py:190} INFO - [2024-09-10T02:05:54.354+0800] {dag.py:4156} INFO - Setting next_dagrun for example_setup_teardown to None, run_after=None
[2024-09-10T02:05:54.361+0800] {processor.py:208} INFO - Processing /Users/erniesg/.pyenv/versions/3.12.5/envs/letters_home/lib/python3.12/site-packages/airflow/example_dags/example_setup_teardown.py took 0.053 seconds
[2024-09-10T02:07:17.960+0800] {processor.py:186} INFO - Started process (PID=68400) to work on /Users/erniesg/.pyenv/versions/3.12.5/envs/letters_home/lib/python3.12/site-packages/airflow/example_dags/example_setup_teardown.py
[2024-09-10T02:07:17.960+0800] {processor.py:914} INFO - Processing file /Users/erniesg/.pyenv/versions/3.12.5/envs/letters_home/lib/python3.12/site-packages/airflow/example_dags/example_setup_teardown.py for tasks to queue
[2024-09-10T02:07:17.960+0800] {logging_mixin.py:190} INFO - [2024-09-10T02:07:17.960+0800] {dagbag.py:587} INFO - Filling up the DagBag from /Users/erniesg/.pyenv/versions/3.12.5/envs/letters_home/lib/python3.12/site-packages/airflow/example_dags/example_setup_teardown.py
[2024-09-10T02:07:17.964+0800] {processor.py:925} INFO - DAG(s) 'example_setup_teardown' retrieved from /Users/erniesg/.pyenv/versions/3.12.5/envs/letters_home/lib/python3.12/site-packages/airflow/example_dags/example_setup_teardown.py
[2024-09-10T02:07:18.000+0800] {logging_mixin.py:190} INFO - [2024-09-10T02:07:18.000+0800] {dag.py:3229} INFO - Sync 1 DAGs
[2024-09-10T02:07:18.005+0800] {logging_mixin.py:190} INFO - [2024-09-10T02:07:18.005+0800] {dag.py:4156} INFO - Setting next_dagrun for example_setup_teardown to None, run_after=None
[2024-09-10T02:07:18.013+0800] {processor.py:208} INFO - Processing /Users/erniesg/.pyenv/versions/3.12.5/envs/letters_home/lib/python3.12/site-packages/airflow/example_dags/example_setup_teardown.py took 0.054 seconds
[2024-09-10T02:08:39.432+0800] {processor.py:186} INFO - Started process (PID=68499) to work on /Users/erniesg/.pyenv/versions/3.12.5/envs/letters_home/lib/python3.12/site-packages/airflow/example_dags/example_setup_teardown.py
[2024-09-10T02:08:39.432+0800] {processor.py:914} INFO - Processing file /Users/erniesg/.pyenv/versions/3.12.5/envs/letters_home/lib/python3.12/site-packages/airflow/example_dags/example_setup_teardown.py for tasks to queue
[2024-09-10T02:08:39.432+0800] {logging_mixin.py:190} INFO - [2024-09-10T02:08:39.432+0800] {dagbag.py:587} INFO - Filling up the DagBag from /Users/erniesg/.pyenv/versions/3.12.5/envs/letters_home/lib/python3.12/site-packages/airflow/example_dags/example_setup_teardown.py
[2024-09-10T02:08:39.436+0800] {processor.py:925} INFO - DAG(s) 'example_setup_teardown' retrieved from /Users/erniesg/.pyenv/versions/3.12.5/envs/letters_home/lib/python3.12/site-packages/airflow/example_dags/example_setup_teardown.py
[2024-09-10T02:08:39.472+0800] {logging_mixin.py:190} INFO - [2024-09-10T02:08:39.472+0800] {dag.py:3229} INFO - Sync 1 DAGs
[2024-09-10T02:08:39.477+0800] {logging_mixin.py:190} INFO - [2024-09-10T02:08:39.477+0800] {dag.py:4156} INFO - Setting next_dagrun for example_setup_teardown to None, run_after=None
[2024-09-10T02:08:39.483+0800] {processor.py:208} INFO - Processing /Users/erniesg/.pyenv/versions/3.12.5/envs/letters_home/lib/python3.12/site-packages/airflow/example_dags/example_setup_teardown.py took 0.053 seconds
[2024-09-10T02:12:43.885+0800] {processor.py:186} INFO - Started process (PID=69275) to work on /Users/erniesg/.pyenv/versions/3.12.5/envs/letters_home/lib/python3.12/site-packages/airflow/example_dags/example_setup_teardown.py
[2024-09-10T02:12:43.886+0800] {processor.py:914} INFO - Processing file /Users/erniesg/.pyenv/versions/3.12.5/envs/letters_home/lib/python3.12/site-packages/airflow/example_dags/example_setup_teardown.py for tasks to queue
[2024-09-10T02:12:43.886+0800] {logging_mixin.py:190} INFO - [2024-09-10T02:12:43.886+0800] {dagbag.py:587} INFO - Filling up the DagBag from /Users/erniesg/.pyenv/versions/3.12.5/envs/letters_home/lib/python3.12/site-packages/airflow/example_dags/example_setup_teardown.py
[2024-09-10T02:12:43.890+0800] {processor.py:925} INFO - DAG(s) 'example_setup_teardown' retrieved from /Users/erniesg/.pyenv/versions/3.12.5/envs/letters_home/lib/python3.12/site-packages/airflow/example_dags/example_setup_teardown.py
[2024-09-10T02:12:43.928+0800] {logging_mixin.py:190} INFO - [2024-09-10T02:12:43.928+0800] {dag.py:3229} INFO - Sync 1 DAGs
[2024-09-10T02:12:43.932+0800] {logging_mixin.py:190} INFO - [2024-09-10T02:12:43.932+0800] {dag.py:4156} INFO - Setting next_dagrun for example_setup_teardown to None, run_after=None
[2024-09-10T02:12:43.941+0800] {processor.py:208} INFO - Processing /Users/erniesg/.pyenv/versions/3.12.5/envs/letters_home/lib/python3.12/site-packages/airflow/example_dags/example_setup_teardown.py took 0.056 seconds
[2024-09-10T02:14:37.803+0800] {processor.py:186} INFO - Started process (PID=69364) to work on /Users/erniesg/.pyenv/versions/3.12.5/envs/letters_home/lib/python3.12/site-packages/airflow/example_dags/example_setup_teardown.py
[2024-09-10T02:14:37.803+0800] {processor.py:914} INFO - Processing file /Users/erniesg/.pyenv/versions/3.12.5/envs/letters_home/lib/python3.12/site-packages/airflow/example_dags/example_setup_teardown.py for tasks to queue
[2024-09-10T02:14:37.803+0800] {logging_mixin.py:190} INFO - [2024-09-10T02:14:37.803+0800] {dagbag.py:587} INFO - Filling up the DagBag from /Users/erniesg/.pyenv/versions/3.12.5/envs/letters_home/lib/python3.12/site-packages/airflow/example_dags/example_setup_teardown.py
[2024-09-10T02:14:37.807+0800] {processor.py:925} INFO - DAG(s) 'example_setup_teardown' retrieved from /Users/erniesg/.pyenv/versions/3.12.5/envs/letters_home/lib/python3.12/site-packages/airflow/example_dags/example_setup_teardown.py
[2024-09-10T02:14:37.847+0800] {logging_mixin.py:190} INFO - [2024-09-10T02:14:37.847+0800] {dag.py:3229} INFO - Sync 1 DAGs
[2024-09-10T02:14:37.851+0800] {logging_mixin.py:190} INFO - [2024-09-10T02:14:37.851+0800] {dag.py:4156} INFO - Setting next_dagrun for example_setup_teardown to None, run_after=None
[2024-09-10T02:14:37.859+0800] {processor.py:208} INFO - Processing /Users/erniesg/.pyenv/versions/3.12.5/envs/letters_home/lib/python3.12/site-packages/airflow/example_dags/example_setup_teardown.py took 0.058 seconds
[2024-09-10T02:16:06.058+0800] {processor.py:186} INFO - Started process (PID=69727) to work on /Users/erniesg/.pyenv/versions/3.12.5/envs/letters_home/lib/python3.12/site-packages/airflow/example_dags/example_setup_teardown.py
[2024-09-10T02:16:06.058+0800] {processor.py:914} INFO - Processing file /Users/erniesg/.pyenv/versions/3.12.5/envs/letters_home/lib/python3.12/site-packages/airflow/example_dags/example_setup_teardown.py for tasks to queue
[2024-09-10T02:16:06.059+0800] {logging_mixin.py:190} INFO - [2024-09-10T02:16:06.059+0800] {dagbag.py:587} INFO - Filling up the DagBag from /Users/erniesg/.pyenv/versions/3.12.5/envs/letters_home/lib/python3.12/site-packages/airflow/example_dags/example_setup_teardown.py
[2024-09-10T02:16:06.063+0800] {processor.py:925} INFO - DAG(s) 'example_setup_teardown' retrieved from /Users/erniesg/.pyenv/versions/3.12.5/envs/letters_home/lib/python3.12/site-packages/airflow/example_dags/example_setup_teardown.py
[2024-09-10T02:16:06.102+0800] {logging_mixin.py:190} INFO - [2024-09-10T02:16:06.101+0800] {dag.py:3229} INFO - Sync 1 DAGs
[2024-09-10T02:16:06.109+0800] {logging_mixin.py:190} INFO - [2024-09-10T02:16:06.109+0800] {dag.py:4156} INFO - Setting next_dagrun for example_setup_teardown to None, run_after=None
[2024-09-10T02:16:06.121+0800] {processor.py:208} INFO - Processing /Users/erniesg/.pyenv/versions/3.12.5/envs/letters_home/lib/python3.12/site-packages/airflow/example_dags/example_setup_teardown.py took 0.064 seconds
[2024-09-10T02:18:01.657+0800] {processor.py:186} INFO - Started process (PID=69861) to work on /Users/erniesg/.pyenv/versions/3.12.5/envs/letters_home/lib/python3.12/site-packages/airflow/example_dags/example_setup_teardown.py
[2024-09-10T02:18:01.658+0800] {processor.py:914} INFO - Processing file /Users/erniesg/.pyenv/versions/3.12.5/envs/letters_home/lib/python3.12/site-packages/airflow/example_dags/example_setup_teardown.py for tasks to queue
[2024-09-10T02:18:01.658+0800] {logging_mixin.py:190} INFO - [2024-09-10T02:18:01.658+0800] {dagbag.py:587} INFO - Filling up the DagBag from /Users/erniesg/.pyenv/versions/3.12.5/envs/letters_home/lib/python3.12/site-packages/airflow/example_dags/example_setup_teardown.py
[2024-09-10T02:18:01.662+0800] {processor.py:925} INFO - DAG(s) 'example_setup_teardown' retrieved from /Users/erniesg/.pyenv/versions/3.12.5/envs/letters_home/lib/python3.12/site-packages/airflow/example_dags/example_setup_teardown.py
[2024-09-10T02:18:01.700+0800] {logging_mixin.py:190} INFO - [2024-09-10T02:18:01.700+0800] {dag.py:3229} INFO - Sync 1 DAGs
[2024-09-10T02:18:01.705+0800] {logging_mixin.py:190} INFO - [2024-09-10T02:18:01.705+0800] {dag.py:4156} INFO - Setting next_dagrun for example_setup_teardown to None, run_after=None
[2024-09-10T02:18:01.712+0800] {processor.py:208} INFO - Processing /Users/erniesg/.pyenv/versions/3.12.5/envs/letters_home/lib/python3.12/site-packages/airflow/example_dags/example_setup_teardown.py took 0.056 seconds
[2024-09-10T02:19:24.588+0800] {processor.py:186} INFO - Started process (PID=70309) to work on /Users/erniesg/.pyenv/versions/3.12.5/envs/letters_home/lib/python3.12/site-packages/airflow/example_dags/example_setup_teardown.py
[2024-09-10T02:19:24.588+0800] {processor.py:914} INFO - Processing file /Users/erniesg/.pyenv/versions/3.12.5/envs/letters_home/lib/python3.12/site-packages/airflow/example_dags/example_setup_teardown.py for tasks to queue
[2024-09-10T02:19:24.588+0800] {logging_mixin.py:190} INFO - [2024-09-10T02:19:24.588+0800] {dagbag.py:587} INFO - Filling up the DagBag from /Users/erniesg/.pyenv/versions/3.12.5/envs/letters_home/lib/python3.12/site-packages/airflow/example_dags/example_setup_teardown.py
[2024-09-10T02:19:24.592+0800] {processor.py:925} INFO - DAG(s) 'example_setup_teardown' retrieved from /Users/erniesg/.pyenv/versions/3.12.5/envs/letters_home/lib/python3.12/site-packages/airflow/example_dags/example_setup_teardown.py
[2024-09-10T02:19:24.631+0800] {logging_mixin.py:190} INFO - [2024-09-10T02:19:24.631+0800] {dag.py:3229} INFO - Sync 1 DAGs
[2024-09-10T02:19:24.636+0800] {logging_mixin.py:190} INFO - [2024-09-10T02:19:24.635+0800] {dag.py:4156} INFO - Setting next_dagrun for example_setup_teardown to None, run_after=None
[2024-09-10T02:19:24.644+0800] {processor.py:208} INFO - Processing /Users/erniesg/.pyenv/versions/3.12.5/envs/letters_home/lib/python3.12/site-packages/airflow/example_dags/example_setup_teardown.py took 0.057 seconds
