[2024-09-10T01:37:53.360+0800] {processor.py:186} INFO - Started process (PID=57985) to work on /Users/erniesg/.pyenv/versions/3.12.5/envs/letters_home/lib/python3.12/site-packages/airflow/example_dags/example_params_trigger_ui.py
[2024-09-10T01:37:53.361+0800] {processor.py:914} INFO - Processing file /Users/erniesg/.pyenv/versions/3.12.5/envs/letters_home/lib/python3.12/site-packages/airflow/example_dags/example_params_trigger_ui.py for tasks to queue
[2024-09-10T01:37:53.361+0800] {logging_mixin.py:190} INFO - [2024-09-10T01:37:53.361+0800] {dagbag.py:587} INFO - Filling up the DagBag from /Users/erniesg/.pyenv/versions/3.12.5/envs/letters_home/lib/python3.12/site-packages/airflow/example_dags/example_params_trigger_ui.py
[2024-09-10T01:37:53.376+0800] {processor.py:925} INFO - DAG(s) 'example_params_trigger_ui' retrieved from /Users/erniesg/.pyenv/versions/3.12.5/envs/letters_home/lib/python3.12/site-packages/airflow/example_dags/example_params_trigger_ui.py
[2024-09-10T01:37:53.453+0800] {logging_mixin.py:190} INFO - [2024-09-10T01:37:53.453+0800] {override.py:1900} INFO - Created Permission View: can edit on DAG:example_params_trigger_ui
[2024-09-10T01:37:53.456+0800] {logging_mixin.py:190} INFO - [2024-09-10T01:37:53.456+0800] {override.py:1900} INFO - Created Permission View: can delete on DAG:example_params_trigger_ui
[2024-09-10T01:37:53.459+0800] {logging_mixin.py:190} INFO - [2024-09-10T01:37:53.459+0800] {override.py:1900} INFO - Created Permission View: can read on DAG:example_params_trigger_ui
[2024-09-10T01:37:53.461+0800] {logging_mixin.py:190} INFO - [2024-09-10T01:37:53.461+0800] {override.py:1900} INFO - Created Permission View: can create on DAG Run:example_params_trigger_ui
[2024-09-10T01:37:53.463+0800] {logging_mixin.py:190} INFO - [2024-09-10T01:37:53.463+0800] {override.py:1900} INFO - Created Permission View: menu access on DAG Run:example_params_trigger_ui
[2024-09-10T01:37:53.465+0800] {logging_mixin.py:190} INFO - [2024-09-10T01:37:53.465+0800] {override.py:1900} INFO - Created Permission View: can delete on DAG Run:example_params_trigger_ui
[2024-09-10T01:37:53.467+0800] {logging_mixin.py:190} INFO - [2024-09-10T01:37:53.467+0800] {override.py:1900} INFO - Created Permission View: can read on DAG Run:example_params_trigger_ui
[2024-09-10T01:37:53.467+0800] {logging_mixin.py:190} INFO - [2024-09-10T01:37:53.467+0800] {dag.py:3229} INFO - Sync 1 DAGs
[2024-09-10T01:37:53.471+0800] {logging_mixin.py:190} INFO - [2024-09-10T01:37:53.471+0800] {dag.py:3252} INFO - Creating ORM DAG for example_params_trigger_ui
[2024-09-10T01:37:53.471+0800] {logging_mixin.py:190} INFO - [2024-09-10T01:37:53.471+0800] {dag.py:4156} INFO - Setting next_dagrun for example_params_trigger_ui to None, run_after=None
[2024-09-10T01:37:53.477+0800] {processor.py:208} INFO - Processing /Users/erniesg/.pyenv/versions/3.12.5/envs/letters_home/lib/python3.12/site-packages/airflow/example_dags/example_params_trigger_ui.py took 0.118 seconds
[2024-09-10T01:39:42.745+0800] {processor.py:186} INFO - Started process (PID=58098) to work on /Users/erniesg/.pyenv/versions/3.12.5/envs/letters_home/lib/python3.12/site-packages/airflow/example_dags/example_params_trigger_ui.py
[2024-09-10T01:39:42.746+0800] {processor.py:914} INFO - Processing file /Users/erniesg/.pyenv/versions/3.12.5/envs/letters_home/lib/python3.12/site-packages/airflow/example_dags/example_params_trigger_ui.py for tasks to queue
[2024-09-10T01:39:42.746+0800] {logging_mixin.py:190} INFO - [2024-09-10T01:39:42.746+0800] {dagbag.py:587} INFO - Filling up the DagBag from /Users/erniesg/.pyenv/versions/3.12.5/envs/letters_home/lib/python3.12/site-packages/airflow/example_dags/example_params_trigger_ui.py
[2024-09-10T01:39:42.762+0800] {processor.py:925} INFO - DAG(s) 'example_params_trigger_ui' retrieved from /Users/erniesg/.pyenv/versions/3.12.5/envs/letters_home/lib/python3.12/site-packages/airflow/example_dags/example_params_trigger_ui.py
[2024-09-10T01:39:42.809+0800] {logging_mixin.py:190} INFO - [2024-09-10T01:39:42.809+0800] {dag.py:3229} INFO - Sync 1 DAGs
[2024-09-10T01:39:42.813+0800] {logging_mixin.py:190} INFO - [2024-09-10T01:39:42.813+0800] {dag.py:4156} INFO - Setting next_dagrun for example_params_trigger_ui to None, run_after=None
[2024-09-10T01:39:42.820+0800] {processor.py:208} INFO - Processing /Users/erniesg/.pyenv/versions/3.12.5/envs/letters_home/lib/python3.12/site-packages/airflow/example_dags/example_params_trigger_ui.py took 0.076 seconds
[2024-09-10T01:42:23.465+0800] {processor.py:186} INFO - Started process (PID=58237) to work on /Users/erniesg/.pyenv/versions/3.12.5/envs/letters_home/lib/python3.12/site-packages/airflow/example_dags/example_params_trigger_ui.py
[2024-09-10T01:42:23.465+0800] {processor.py:914} INFO - Processing file /Users/erniesg/.pyenv/versions/3.12.5/envs/letters_home/lib/python3.12/site-packages/airflow/example_dags/example_params_trigger_ui.py for tasks to queue
[2024-09-10T01:42:23.465+0800] {logging_mixin.py:190} INFO - [2024-09-10T01:42:23.465+0800] {dagbag.py:587} INFO - Filling up the DagBag from /Users/erniesg/.pyenv/versions/3.12.5/envs/letters_home/lib/python3.12/site-packages/airflow/example_dags/example_params_trigger_ui.py
[2024-09-10T01:42:23.481+0800] {processor.py:925} INFO - DAG(s) 'example_params_trigger_ui' retrieved from /Users/erniesg/.pyenv/versions/3.12.5/envs/letters_home/lib/python3.12/site-packages/airflow/example_dags/example_params_trigger_ui.py
[2024-09-10T01:42:23.524+0800] {logging_mixin.py:190} INFO - [2024-09-10T01:42:23.524+0800] {dag.py:3229} INFO - Sync 1 DAGs
[2024-09-10T01:42:23.528+0800] {logging_mixin.py:190} INFO - [2024-09-10T01:42:23.528+0800] {dag.py:4156} INFO - Setting next_dagrun for example_params_trigger_ui to None, run_after=None
[2024-09-10T01:42:23.535+0800] {processor.py:208} INFO - Processing /Users/erniesg/.pyenv/versions/3.12.5/envs/letters_home/lib/python3.12/site-packages/airflow/example_dags/example_params_trigger_ui.py took 0.072 seconds
[2024-09-10T01:59:25.729+0800] {processor.py:186} INFO - Started process (PID=67498) to work on /Users/erniesg/.pyenv/versions/3.12.5/envs/letters_home/lib/python3.12/site-packages/airflow/example_dags/example_params_trigger_ui.py
[2024-09-10T01:59:25.729+0800] {processor.py:914} INFO - Processing file /Users/erniesg/.pyenv/versions/3.12.5/envs/letters_home/lib/python3.12/site-packages/airflow/example_dags/example_params_trigger_ui.py for tasks to queue
[2024-09-10T01:59:25.730+0800] {logging_mixin.py:190} INFO - [2024-09-10T01:59:25.729+0800] {dagbag.py:587} INFO - Filling up the DagBag from /Users/erniesg/.pyenv/versions/3.12.5/envs/letters_home/lib/python3.12/site-packages/airflow/example_dags/example_params_trigger_ui.py
[2024-09-10T01:59:25.746+0800] {processor.py:925} INFO - DAG(s) 'example_params_trigger_ui' retrieved from /Users/erniesg/.pyenv/versions/3.12.5/envs/letters_home/lib/python3.12/site-packages/airflow/example_dags/example_params_trigger_ui.py
[2024-09-10T01:59:25.792+0800] {logging_mixin.py:190} INFO - [2024-09-10T01:59:25.792+0800] {dag.py:3229} INFO - Sync 1 DAGs
[2024-09-10T01:59:25.796+0800] {logging_mixin.py:190} INFO - [2024-09-10T01:59:25.796+0800] {dag.py:4156} INFO - Setting next_dagrun for example_params_trigger_ui to None, run_after=None
[2024-09-10T01:59:25.804+0800] {processor.py:208} INFO - Processing /Users/erniesg/.pyenv/versions/3.12.5/envs/letters_home/lib/python3.12/site-packages/airflow/example_dags/example_params_trigger_ui.py took 0.076 seconds
[2024-09-10T02:01:49.077+0800] {processor.py:186} INFO - Started process (PID=67925) to work on /Users/erniesg/.pyenv/versions/3.12.5/envs/letters_home/lib/python3.12/site-packages/airflow/example_dags/example_params_trigger_ui.py
[2024-09-10T02:01:49.077+0800] {processor.py:914} INFO - Processing file /Users/erniesg/.pyenv/versions/3.12.5/envs/letters_home/lib/python3.12/site-packages/airflow/example_dags/example_params_trigger_ui.py for tasks to queue
[2024-09-10T02:01:49.078+0800] {logging_mixin.py:190} INFO - [2024-09-10T02:01:49.077+0800] {dagbag.py:587} INFO - Filling up the DagBag from /Users/erniesg/.pyenv/versions/3.12.5/envs/letters_home/lib/python3.12/site-packages/airflow/example_dags/example_params_trigger_ui.py
[2024-09-10T02:01:49.094+0800] {processor.py:925} INFO - DAG(s) 'example_params_trigger_ui' retrieved from /Users/erniesg/.pyenv/versions/3.12.5/envs/letters_home/lib/python3.12/site-packages/airflow/example_dags/example_params_trigger_ui.py
[2024-09-10T02:01:49.141+0800] {logging_mixin.py:190} INFO - [2024-09-10T02:01:49.141+0800] {dag.py:3229} INFO - Sync 1 DAGs
[2024-09-10T02:01:49.145+0800] {logging_mixin.py:190} INFO - [2024-09-10T02:01:49.145+0800] {dag.py:4156} INFO - Setting next_dagrun for example_params_trigger_ui to None, run_after=None
[2024-09-10T02:01:49.153+0800] {processor.py:208} INFO - Processing /Users/erniesg/.pyenv/versions/3.12.5/envs/letters_home/lib/python3.12/site-packages/airflow/example_dags/example_params_trigger_ui.py took 0.077 seconds
[2024-09-10T02:04:32.599+0800] {processor.py:186} INFO - Started process (PID=68113) to work on /Users/erniesg/.pyenv/versions/3.12.5/envs/letters_home/lib/python3.12/site-packages/airflow/example_dags/example_params_trigger_ui.py
[2024-09-10T02:04:32.600+0800] {processor.py:914} INFO - Processing file /Users/erniesg/.pyenv/versions/3.12.5/envs/letters_home/lib/python3.12/site-packages/airflow/example_dags/example_params_trigger_ui.py for tasks to queue
[2024-09-10T02:04:32.600+0800] {logging_mixin.py:190} INFO - [2024-09-10T02:04:32.600+0800] {dagbag.py:587} INFO - Filling up the DagBag from /Users/erniesg/.pyenv/versions/3.12.5/envs/letters_home/lib/python3.12/site-packages/airflow/example_dags/example_params_trigger_ui.py
[2024-09-10T02:04:32.616+0800] {processor.py:925} INFO - DAG(s) 'example_params_trigger_ui' retrieved from /Users/erniesg/.pyenv/versions/3.12.5/envs/letters_home/lib/python3.12/site-packages/airflow/example_dags/example_params_trigger_ui.py
[2024-09-10T02:04:32.662+0800] {logging_mixin.py:190} INFO - [2024-09-10T02:04:32.661+0800] {dag.py:3229} INFO - Sync 1 DAGs
[2024-09-10T02:04:32.666+0800] {logging_mixin.py:190} INFO - [2024-09-10T02:04:32.666+0800] {dag.py:4156} INFO - Setting next_dagrun for example_params_trigger_ui to None, run_after=None
[2024-09-10T02:04:32.674+0800] {processor.py:208} INFO - Processing /Users/erniesg/.pyenv/versions/3.12.5/envs/letters_home/lib/python3.12/site-packages/airflow/example_dags/example_params_trigger_ui.py took 0.075 seconds
[2024-09-10T02:07:32.161+0800] {processor.py:186} INFO - Started process (PID=68423) to work on /Users/erniesg/.pyenv/versions/3.12.5/envs/letters_home/lib/python3.12/site-packages/airflow/example_dags/example_params_trigger_ui.py
[2024-09-10T02:07:32.161+0800] {processor.py:914} INFO - Processing file /Users/erniesg/.pyenv/versions/3.12.5/envs/letters_home/lib/python3.12/site-packages/airflow/example_dags/example_params_trigger_ui.py for tasks to queue
[2024-09-10T02:07:32.162+0800] {logging_mixin.py:190} INFO - [2024-09-10T02:07:32.161+0800] {dagbag.py:587} INFO - Filling up the DagBag from /Users/erniesg/.pyenv/versions/3.12.5/envs/letters_home/lib/python3.12/site-packages/airflow/example_dags/example_params_trigger_ui.py
[2024-09-10T02:07:32.177+0800] {processor.py:925} INFO - DAG(s) 'example_params_trigger_ui' retrieved from /Users/erniesg/.pyenv/versions/3.12.5/envs/letters_home/lib/python3.12/site-packages/airflow/example_dags/example_params_trigger_ui.py
[2024-09-10T02:07:32.225+0800] {logging_mixin.py:190} INFO - [2024-09-10T02:07:32.225+0800] {dag.py:3229} INFO - Sync 1 DAGs
[2024-09-10T02:07:32.229+0800] {logging_mixin.py:190} INFO - [2024-09-10T02:07:32.229+0800] {dag.py:4156} INFO - Setting next_dagrun for example_params_trigger_ui to None, run_after=None
[2024-09-10T02:07:32.237+0800] {processor.py:208} INFO - Processing /Users/erniesg/.pyenv/versions/3.12.5/envs/letters_home/lib/python3.12/site-packages/airflow/example_dags/example_params_trigger_ui.py took 0.077 seconds
[2024-09-10T02:12:57.787+0800] {processor.py:186} INFO - Started process (PID=69282) to work on /Users/erniesg/.pyenv/versions/3.12.5/envs/letters_home/lib/python3.12/site-packages/airflow/example_dags/example_params_trigger_ui.py
[2024-09-10T02:12:57.788+0800] {processor.py:914} INFO - Processing file /Users/erniesg/.pyenv/versions/3.12.5/envs/letters_home/lib/python3.12/site-packages/airflow/example_dags/example_params_trigger_ui.py for tasks to queue
[2024-09-10T02:12:57.788+0800] {logging_mixin.py:190} INFO - [2024-09-10T02:12:57.788+0800] {dagbag.py:587} INFO - Filling up the DagBag from /Users/erniesg/.pyenv/versions/3.12.5/envs/letters_home/lib/python3.12/site-packages/airflow/example_dags/example_params_trigger_ui.py
[2024-09-10T02:12:57.804+0800] {processor.py:925} INFO - DAG(s) 'example_params_trigger_ui' retrieved from /Users/erniesg/.pyenv/versions/3.12.5/envs/letters_home/lib/python3.12/site-packages/airflow/example_dags/example_params_trigger_ui.py
[2024-09-10T02:12:57.849+0800] {logging_mixin.py:190} INFO - [2024-09-10T02:12:57.849+0800] {dag.py:3229} INFO - Sync 1 DAGs
[2024-09-10T02:12:57.853+0800] {logging_mixin.py:190} INFO - [2024-09-10T02:12:57.853+0800] {dag.py:4156} INFO - Setting next_dagrun for example_params_trigger_ui to None, run_after=None
[2024-09-10T02:12:57.860+0800] {processor.py:208} INFO - Processing /Users/erniesg/.pyenv/versions/3.12.5/envs/letters_home/lib/python3.12/site-packages/airflow/example_dags/example_params_trigger_ui.py took 0.074 seconds
[2024-09-10T02:16:20.100+0800] {processor.py:186} INFO - Started process (PID=69741) to work on /Users/erniesg/.pyenv/versions/3.12.5/envs/letters_home/lib/python3.12/site-packages/airflow/example_dags/example_params_trigger_ui.py
[2024-09-10T02:16:20.100+0800] {processor.py:914} INFO - Processing file /Users/erniesg/.pyenv/versions/3.12.5/envs/letters_home/lib/python3.12/site-packages/airflow/example_dags/example_params_trigger_ui.py for tasks to queue
[2024-09-10T02:16:20.101+0800] {logging_mixin.py:190} INFO - [2024-09-10T02:16:20.100+0800] {dagbag.py:587} INFO - Filling up the DagBag from /Users/erniesg/.pyenv/versions/3.12.5/envs/letters_home/lib/python3.12/site-packages/airflow/example_dags/example_params_trigger_ui.py
[2024-09-10T02:16:20.116+0800] {processor.py:925} INFO - DAG(s) 'example_params_trigger_ui' retrieved from /Users/erniesg/.pyenv/versions/3.12.5/envs/letters_home/lib/python3.12/site-packages/airflow/example_dags/example_params_trigger_ui.py
[2024-09-10T02:16:20.164+0800] {logging_mixin.py:190} INFO - [2024-09-10T02:16:20.164+0800] {dag.py:3229} INFO - Sync 1 DAGs
[2024-09-10T02:16:20.168+0800] {logging_mixin.py:190} INFO - [2024-09-10T02:16:20.168+0800] {dag.py:4156} INFO - Setting next_dagrun for example_params_trigger_ui to None, run_after=None
[2024-09-10T02:16:20.176+0800] {processor.py:208} INFO - Processing /Users/erniesg/.pyenv/versions/3.12.5/envs/letters_home/lib/python3.12/site-packages/airflow/example_dags/example_params_trigger_ui.py took 0.077 seconds
[2024-09-10T02:18:15.675+0800] {processor.py:186} INFO - Started process (PID=69891) to work on /Users/erniesg/.pyenv/versions/3.12.5/envs/letters_home/lib/python3.12/site-packages/airflow/example_dags/example_params_trigger_ui.py
[2024-09-10T02:18:15.675+0800] {processor.py:914} INFO - Processing file /Users/erniesg/.pyenv/versions/3.12.5/envs/letters_home/lib/python3.12/site-packages/airflow/example_dags/example_params_trigger_ui.py for tasks to queue
[2024-09-10T02:18:15.676+0800] {logging_mixin.py:190} INFO - [2024-09-10T02:18:15.676+0800] {dagbag.py:587} INFO - Filling up the DagBag from /Users/erniesg/.pyenv/versions/3.12.5/envs/letters_home/lib/python3.12/site-packages/airflow/example_dags/example_params_trigger_ui.py
[2024-09-10T02:18:15.692+0800] {processor.py:925} INFO - DAG(s) 'example_params_trigger_ui' retrieved from /Users/erniesg/.pyenv/versions/3.12.5/envs/letters_home/lib/python3.12/site-packages/airflow/example_dags/example_params_trigger_ui.py
[2024-09-10T02:18:15.741+0800] {logging_mixin.py:190} INFO - [2024-09-10T02:18:15.741+0800] {dag.py:3229} INFO - Sync 1 DAGs
[2024-09-10T02:18:15.746+0800] {logging_mixin.py:190} INFO - [2024-09-10T02:18:15.746+0800] {dag.py:4156} INFO - Setting next_dagrun for example_params_trigger_ui to None, run_after=None
[2024-09-10T02:18:15.753+0800] {processor.py:208} INFO - Processing /Users/erniesg/.pyenv/versions/3.12.5/envs/letters_home/lib/python3.12/site-packages/airflow/example_dags/example_params_trigger_ui.py took 0.079 seconds
