[2024-09-10T01:37:24.836+0800] {processor.py:186} INFO - Started process (PID=57533) to work on /Users/erniesg/.pyenv/versions/3.12.5/envs/letters_home/lib/python3.12/site-packages/airflow/example_dags/example_task_group_decorator.py
[2024-09-10T01:37:24.837+0800] {processor.py:914} INFO - Processing file /Users/erniesg/.pyenv/versions/3.12.5/envs/letters_home/lib/python3.12/site-packages/airflow/example_dags/example_task_group_decorator.py for tasks to queue
[2024-09-10T01:37:24.837+0800] {logging_mixin.py:190} INFO - [2024-09-10T01:37:24.837+0800] {dagbag.py:587} INFO - Filling up the DagBag from /Users/erniesg/.pyenv/versions/3.12.5/envs/letters_home/lib/python3.12/site-packages/airflow/example_dags/example_task_group_decorator.py
[2024-09-10T01:37:24.855+0800] {processor.py:925} INFO - DAG(s) 'example_task_group_decorator' retrieved from /Users/erniesg/.pyenv/versions/3.12.5/envs/letters_home/lib/python3.12/site-packages/airflow/example_dags/example_task_group_decorator.py
[2024-09-10T01:37:24.930+0800] {logging_mixin.py:190} INFO - [2024-09-10T01:37:24.929+0800] {override.py:1900} INFO - Created Permission View: can delete on DAG:example_task_group_decorator
[2024-09-10T01:37:24.933+0800] {logging_mixin.py:190} INFO - [2024-09-10T01:37:24.933+0800] {override.py:1900} INFO - Created Permission View: can read on DAG:example_task_group_decorator
[2024-09-10T01:37:24.936+0800] {logging_mixin.py:190} INFO - [2024-09-10T01:37:24.936+0800] {override.py:1900} INFO - Created Permission View: can edit on DAG:example_task_group_decorator
[2024-09-10T01:37:24.939+0800] {logging_mixin.py:190} INFO - [2024-09-10T01:37:24.939+0800] {override.py:1900} INFO - Created Permission View: can create on DAG Run:example_task_group_decorator
[2024-09-10T01:37:24.941+0800] {logging_mixin.py:190} INFO - [2024-09-10T01:37:24.941+0800] {override.py:1900} INFO - Created Permission View: can read on DAG Run:example_task_group_decorator
[2024-09-10T01:37:24.943+0800] {logging_mixin.py:190} INFO - [2024-09-10T01:37:24.943+0800] {override.py:1900} INFO - Created Permission View: menu access on DAG Run:example_task_group_decorator
[2024-09-10T01:37:24.945+0800] {logging_mixin.py:190} INFO - [2024-09-10T01:37:24.945+0800] {override.py:1900} INFO - Created Permission View: can delete on DAG Run:example_task_group_decorator
[2024-09-10T01:37:24.945+0800] {logging_mixin.py:190} INFO - [2024-09-10T01:37:24.945+0800] {dag.py:3229} INFO - Sync 1 DAGs
[2024-09-10T01:37:24.949+0800] {logging_mixin.py:190} INFO - [2024-09-10T01:37:24.949+0800] {dag.py:3252} INFO - Creating ORM DAG for example_task_group_decorator
[2024-09-10T01:37:24.949+0800] {logging_mixin.py:190} INFO - [2024-09-10T01:37:24.949+0800] {dag.py:4156} INFO - Setting next_dagrun for example_task_group_decorator to None, run_after=None
[2024-09-10T01:37:24.955+0800] {processor.py:208} INFO - Processing /Users/erniesg/.pyenv/versions/3.12.5/envs/letters_home/lib/python3.12/site-packages/airflow/example_dags/example_task_group_decorator.py took 0.120 seconds
[2024-09-10T01:39:14.460+0800] {processor.py:186} INFO - Started process (PID=58065) to work on /Users/erniesg/.pyenv/versions/3.12.5/envs/letters_home/lib/python3.12/site-packages/airflow/example_dags/example_task_group_decorator.py
[2024-09-10T01:39:14.461+0800] {processor.py:914} INFO - Processing file /Users/erniesg/.pyenv/versions/3.12.5/envs/letters_home/lib/python3.12/site-packages/airflow/example_dags/example_task_group_decorator.py for tasks to queue
[2024-09-10T01:39:14.461+0800] {logging_mixin.py:190} INFO - [2024-09-10T01:39:14.461+0800] {dagbag.py:587} INFO - Filling up the DagBag from /Users/erniesg/.pyenv/versions/3.12.5/envs/letters_home/lib/python3.12/site-packages/airflow/example_dags/example_task_group_decorator.py
[2024-09-10T01:39:14.478+0800] {processor.py:925} INFO - DAG(s) 'example_task_group_decorator' retrieved from /Users/erniesg/.pyenv/versions/3.12.5/envs/letters_home/lib/python3.12/site-packages/airflow/example_dags/example_task_group_decorator.py
[2024-09-10T01:39:14.515+0800] {logging_mixin.py:190} INFO - [2024-09-10T01:39:14.515+0800] {dag.py:3229} INFO - Sync 1 DAGs
[2024-09-10T01:39:14.519+0800] {logging_mixin.py:190} INFO - [2024-09-10T01:39:14.519+0800] {dag.py:4156} INFO - Setting next_dagrun for example_task_group_decorator to None, run_after=None
[2024-09-10T01:39:14.526+0800] {processor.py:208} INFO - Processing /Users/erniesg/.pyenv/versions/3.12.5/envs/letters_home/lib/python3.12/site-packages/airflow/example_dags/example_task_group_decorator.py took 0.066 seconds
[2024-09-10T01:40:35.395+0800] {processor.py:186} INFO - Started process (PID=58151) to work on /Users/erniesg/.pyenv/versions/3.12.5/envs/letters_home/lib/python3.12/site-packages/airflow/example_dags/example_task_group_decorator.py
[2024-09-10T01:40:35.395+0800] {processor.py:914} INFO - Processing file /Users/erniesg/.pyenv/versions/3.12.5/envs/letters_home/lib/python3.12/site-packages/airflow/example_dags/example_task_group_decorator.py for tasks to queue
[2024-09-10T01:40:35.396+0800] {logging_mixin.py:190} INFO - [2024-09-10T01:40:35.395+0800] {dagbag.py:587} INFO - Filling up the DagBag from /Users/erniesg/.pyenv/versions/3.12.5/envs/letters_home/lib/python3.12/site-packages/airflow/example_dags/example_task_group_decorator.py
[2024-09-10T01:40:35.412+0800] {processor.py:925} INFO - DAG(s) 'example_task_group_decorator' retrieved from /Users/erniesg/.pyenv/versions/3.12.5/envs/letters_home/lib/python3.12/site-packages/airflow/example_dags/example_task_group_decorator.py
[2024-09-10T01:40:35.449+0800] {logging_mixin.py:190} INFO - [2024-09-10T01:40:35.449+0800] {dag.py:3229} INFO - Sync 1 DAGs
[2024-09-10T01:40:35.453+0800] {logging_mixin.py:190} INFO - [2024-09-10T01:40:35.453+0800] {dag.py:4156} INFO - Setting next_dagrun for example_task_group_decorator to None, run_after=None
[2024-09-10T01:40:35.460+0800] {processor.py:208} INFO - Processing /Users/erniesg/.pyenv/versions/3.12.5/envs/letters_home/lib/python3.12/site-packages/airflow/example_dags/example_task_group_decorator.py took 0.066 seconds
[2024-09-10T01:41:53.755+0800] {processor.py:186} INFO - Started process (PID=58212) to work on /Users/erniesg/.pyenv/versions/3.12.5/envs/letters_home/lib/python3.12/site-packages/airflow/example_dags/example_task_group_decorator.py
[2024-09-10T01:41:53.755+0800] {processor.py:914} INFO - Processing file /Users/erniesg/.pyenv/versions/3.12.5/envs/letters_home/lib/python3.12/site-packages/airflow/example_dags/example_task_group_decorator.py for tasks to queue
[2024-09-10T01:41:53.756+0800] {logging_mixin.py:190} INFO - [2024-09-10T01:41:53.756+0800] {dagbag.py:587} INFO - Filling up the DagBag from /Users/erniesg/.pyenv/versions/3.12.5/envs/letters_home/lib/python3.12/site-packages/airflow/example_dags/example_task_group_decorator.py
[2024-09-10T01:41:53.773+0800] {processor.py:925} INFO - DAG(s) 'example_task_group_decorator' retrieved from /Users/erniesg/.pyenv/versions/3.12.5/envs/letters_home/lib/python3.12/site-packages/airflow/example_dags/example_task_group_decorator.py
[2024-09-10T01:41:53.811+0800] {logging_mixin.py:190} INFO - [2024-09-10T01:41:53.811+0800] {dag.py:3229} INFO - Sync 1 DAGs
[2024-09-10T01:41:53.815+0800] {logging_mixin.py:190} INFO - [2024-09-10T01:41:53.814+0800] {dag.py:4156} INFO - Setting next_dagrun for example_task_group_decorator to None, run_after=None
[2024-09-10T01:41:53.822+0800] {processor.py:208} INFO - Processing /Users/erniesg/.pyenv/versions/3.12.5/envs/letters_home/lib/python3.12/site-packages/airflow/example_dags/example_task_group_decorator.py took 0.068 seconds
[2024-09-10T01:43:17.853+0800] {processor.py:186} INFO - Started process (PID=58703) to work on /Users/erniesg/.pyenv/versions/3.12.5/envs/letters_home/lib/python3.12/site-packages/airflow/example_dags/example_task_group_decorator.py
[2024-09-10T01:43:17.854+0800] {processor.py:914} INFO - Processing file /Users/erniesg/.pyenv/versions/3.12.5/envs/letters_home/lib/python3.12/site-packages/airflow/example_dags/example_task_group_decorator.py for tasks to queue
[2024-09-10T01:43:17.854+0800] {logging_mixin.py:190} INFO - [2024-09-10T01:43:17.854+0800] {dagbag.py:587} INFO - Filling up the DagBag from /Users/erniesg/.pyenv/versions/3.12.5/envs/letters_home/lib/python3.12/site-packages/airflow/example_dags/example_task_group_decorator.py
[2024-09-10T01:43:17.875+0800] {processor.py:925} INFO - DAG(s) 'example_task_group_decorator' retrieved from /Users/erniesg/.pyenv/versions/3.12.5/envs/letters_home/lib/python3.12/site-packages/airflow/example_dags/example_task_group_decorator.py
[2024-09-10T01:43:17.916+0800] {logging_mixin.py:190} INFO - [2024-09-10T01:43:17.916+0800] {dag.py:3229} INFO - Sync 1 DAGs
[2024-09-10T01:43:17.921+0800] {logging_mixin.py:190} INFO - [2024-09-10T01:43:17.921+0800] {dag.py:4156} INFO - Setting next_dagrun for example_task_group_decorator to None, run_after=None
[2024-09-10T01:43:17.929+0800] {processor.py:208} INFO - Processing /Users/erniesg/.pyenv/versions/3.12.5/envs/letters_home/lib/python3.12/site-packages/airflow/example_dags/example_task_group_decorator.py took 0.077 seconds
[2024-09-10T01:44:39.066+0800] {processor.py:186} INFO - Started process (PID=58766) to work on /Users/erniesg/.pyenv/versions/3.12.5/envs/letters_home/lib/python3.12/site-packages/airflow/example_dags/example_task_group_decorator.py
[2024-09-10T01:44:39.066+0800] {processor.py:914} INFO - Processing file /Users/erniesg/.pyenv/versions/3.12.5/envs/letters_home/lib/python3.12/site-packages/airflow/example_dags/example_task_group_decorator.py for tasks to queue
[2024-09-10T01:44:39.066+0800] {logging_mixin.py:190} INFO - [2024-09-10T01:44:39.066+0800] {dagbag.py:587} INFO - Filling up the DagBag from /Users/erniesg/.pyenv/versions/3.12.5/envs/letters_home/lib/python3.12/site-packages/airflow/example_dags/example_task_group_decorator.py
[2024-09-10T01:44:39.084+0800] {processor.py:925} INFO - DAG(s) 'example_task_group_decorator' retrieved from /Users/erniesg/.pyenv/versions/3.12.5/envs/letters_home/lib/python3.12/site-packages/airflow/example_dags/example_task_group_decorator.py
[2024-09-10T01:44:39.154+0800] {logging_mixin.py:190} INFO - [2024-09-10T01:44:39.154+0800] {dag.py:3229} INFO - Sync 1 DAGs
[2024-09-10T01:44:39.158+0800] {logging_mixin.py:190} INFO - [2024-09-10T01:44:39.158+0800] {dag.py:4156} INFO - Setting next_dagrun for example_task_group_decorator to None, run_after=None
[2024-09-10T01:44:39.165+0800] {processor.py:208} INFO - Processing /Users/erniesg/.pyenv/versions/3.12.5/envs/letters_home/lib/python3.12/site-packages/airflow/example_dags/example_task_group_decorator.py took 0.100 seconds
[2024-09-10T01:58:56.266+0800] {processor.py:186} INFO - Started process (PID=67463) to work on /Users/erniesg/.pyenv/versions/3.12.5/envs/letters_home/lib/python3.12/site-packages/airflow/example_dags/example_task_group_decorator.py
[2024-09-10T01:58:56.267+0800] {processor.py:914} INFO - Processing file /Users/erniesg/.pyenv/versions/3.12.5/envs/letters_home/lib/python3.12/site-packages/airflow/example_dags/example_task_group_decorator.py for tasks to queue
[2024-09-10T01:58:56.267+0800] {logging_mixin.py:190} INFO - [2024-09-10T01:58:56.267+0800] {dagbag.py:587} INFO - Filling up the DagBag from /Users/erniesg/.pyenv/versions/3.12.5/envs/letters_home/lib/python3.12/site-packages/airflow/example_dags/example_task_group_decorator.py
[2024-09-10T01:58:56.284+0800] {processor.py:925} INFO - DAG(s) 'example_task_group_decorator' retrieved from /Users/erniesg/.pyenv/versions/3.12.5/envs/letters_home/lib/python3.12/site-packages/airflow/example_dags/example_task_group_decorator.py
[2024-09-10T01:58:56.354+0800] {logging_mixin.py:190} INFO - [2024-09-10T01:58:56.353+0800] {dag.py:3229} INFO - Sync 1 DAGs
[2024-09-10T01:58:56.357+0800] {logging_mixin.py:190} INFO - [2024-09-10T01:58:56.357+0800] {dag.py:4156} INFO - Setting next_dagrun for example_task_group_decorator to None, run_after=None
[2024-09-10T01:58:56.364+0800] {processor.py:208} INFO - Processing /Users/erniesg/.pyenv/versions/3.12.5/envs/letters_home/lib/python3.12/site-packages/airflow/example_dags/example_task_group_decorator.py took 0.098 seconds
[2024-09-10T02:01:20.453+0800] {processor.py:186} INFO - Started process (PID=67896) to work on /Users/erniesg/.pyenv/versions/3.12.5/envs/letters_home/lib/python3.12/site-packages/airflow/example_dags/example_task_group_decorator.py
[2024-09-10T02:01:20.453+0800] {processor.py:914} INFO - Processing file /Users/erniesg/.pyenv/versions/3.12.5/envs/letters_home/lib/python3.12/site-packages/airflow/example_dags/example_task_group_decorator.py for tasks to queue
[2024-09-10T02:01:20.454+0800] {logging_mixin.py:190} INFO - [2024-09-10T02:01:20.454+0800] {dagbag.py:587} INFO - Filling up the DagBag from /Users/erniesg/.pyenv/versions/3.12.5/envs/letters_home/lib/python3.12/site-packages/airflow/example_dags/example_task_group_decorator.py
[2024-09-10T02:01:20.472+0800] {processor.py:925} INFO - DAG(s) 'example_task_group_decorator' retrieved from /Users/erniesg/.pyenv/versions/3.12.5/envs/letters_home/lib/python3.12/site-packages/airflow/example_dags/example_task_group_decorator.py
[2024-09-10T02:01:20.509+0800] {logging_mixin.py:190} INFO - [2024-09-10T02:01:20.508+0800] {dag.py:3229} INFO - Sync 1 DAGs
[2024-09-10T02:01:20.512+0800] {logging_mixin.py:190} INFO - [2024-09-10T02:01:20.512+0800] {dag.py:4156} INFO - Setting next_dagrun for example_task_group_decorator to None, run_after=None
[2024-09-10T02:01:20.520+0800] {processor.py:208} INFO - Processing /Users/erniesg/.pyenv/versions/3.12.5/envs/letters_home/lib/python3.12/site-packages/airflow/example_dags/example_task_group_decorator.py took 0.068 seconds
[2024-09-10T02:02:40.525+0800] {processor.py:186} INFO - Started process (PID=67977) to work on /Users/erniesg/.pyenv/versions/3.12.5/envs/letters_home/lib/python3.12/site-packages/airflow/example_dags/example_task_group_decorator.py
[2024-09-10T02:02:40.525+0800] {processor.py:914} INFO - Processing file /Users/erniesg/.pyenv/versions/3.12.5/envs/letters_home/lib/python3.12/site-packages/airflow/example_dags/example_task_group_decorator.py for tasks to queue
[2024-09-10T02:02:40.526+0800] {logging_mixin.py:190} INFO - [2024-09-10T02:02:40.526+0800] {dagbag.py:587} INFO - Filling up the DagBag from /Users/erniesg/.pyenv/versions/3.12.5/envs/letters_home/lib/python3.12/site-packages/airflow/example_dags/example_task_group_decorator.py
[2024-09-10T02:02:40.543+0800] {processor.py:925} INFO - DAG(s) 'example_task_group_decorator' retrieved from /Users/erniesg/.pyenv/versions/3.12.5/envs/letters_home/lib/python3.12/site-packages/airflow/example_dags/example_task_group_decorator.py
[2024-09-10T02:02:40.581+0800] {logging_mixin.py:190} INFO - [2024-09-10T02:02:40.581+0800] {dag.py:3229} INFO - Sync 1 DAGs
[2024-09-10T02:02:40.585+0800] {logging_mixin.py:190} INFO - [2024-09-10T02:02:40.585+0800] {dag.py:4156} INFO - Setting next_dagrun for example_task_group_decorator to None, run_after=None
[2024-09-10T02:02:40.592+0800] {processor.py:208} INFO - Processing /Users/erniesg/.pyenv/versions/3.12.5/envs/letters_home/lib/python3.12/site-packages/airflow/example_dags/example_task_group_decorator.py took 0.068 seconds
[2024-09-10T02:04:01.780+0800] {processor.py:186} INFO - Started process (PID=68084) to work on /Users/erniesg/.pyenv/versions/3.12.5/envs/letters_home/lib/python3.12/site-packages/airflow/example_dags/example_task_group_decorator.py
[2024-09-10T02:04:01.780+0800] {processor.py:914} INFO - Processing file /Users/erniesg/.pyenv/versions/3.12.5/envs/letters_home/lib/python3.12/site-packages/airflow/example_dags/example_task_group_decorator.py for tasks to queue
[2024-09-10T02:04:01.780+0800] {logging_mixin.py:190} INFO - [2024-09-10T02:04:01.780+0800] {dagbag.py:587} INFO - Filling up the DagBag from /Users/erniesg/.pyenv/versions/3.12.5/envs/letters_home/lib/python3.12/site-packages/airflow/example_dags/example_task_group_decorator.py
[2024-09-10T02:04:01.798+0800] {processor.py:925} INFO - DAG(s) 'example_task_group_decorator' retrieved from /Users/erniesg/.pyenv/versions/3.12.5/envs/letters_home/lib/python3.12/site-packages/airflow/example_dags/example_task_group_decorator.py
[2024-09-10T02:04:01.834+0800] {logging_mixin.py:190} INFO - [2024-09-10T02:04:01.834+0800] {dag.py:3229} INFO - Sync 1 DAGs
[2024-09-10T02:04:01.838+0800] {logging_mixin.py:190} INFO - [2024-09-10T02:04:01.838+0800] {dag.py:4156} INFO - Setting next_dagrun for example_task_group_decorator to None, run_after=None
[2024-09-10T02:04:01.845+0800] {processor.py:208} INFO - Processing /Users/erniesg/.pyenv/versions/3.12.5/envs/letters_home/lib/python3.12/site-packages/airflow/example_dags/example_task_group_decorator.py took 0.066 seconds
[2024-09-10T02:05:37.934+0800] {processor.py:186} INFO - Started process (PID=68201) to work on /Users/erniesg/.pyenv/versions/3.12.5/envs/letters_home/lib/python3.12/site-packages/airflow/example_dags/example_task_group_decorator.py
[2024-09-10T02:05:37.935+0800] {processor.py:914} INFO - Processing file /Users/erniesg/.pyenv/versions/3.12.5/envs/letters_home/lib/python3.12/site-packages/airflow/example_dags/example_task_group_decorator.py for tasks to queue
[2024-09-10T02:05:37.935+0800] {logging_mixin.py:190} INFO - [2024-09-10T02:05:37.935+0800] {dagbag.py:587} INFO - Filling up the DagBag from /Users/erniesg/.pyenv/versions/3.12.5/envs/letters_home/lib/python3.12/site-packages/airflow/example_dags/example_task_group_decorator.py
[2024-09-10T02:05:37.952+0800] {processor.py:925} INFO - DAG(s) 'example_task_group_decorator' retrieved from /Users/erniesg/.pyenv/versions/3.12.5/envs/letters_home/lib/python3.12/site-packages/airflow/example_dags/example_task_group_decorator.py
[2024-09-10T02:05:37.989+0800] {logging_mixin.py:190} INFO - [2024-09-10T02:05:37.989+0800] {dag.py:3229} INFO - Sync 1 DAGs
[2024-09-10T02:05:37.993+0800] {logging_mixin.py:190} INFO - [2024-09-10T02:05:37.993+0800] {dag.py:4156} INFO - Setting next_dagrun for example_task_group_decorator to None, run_after=None
[2024-09-10T02:05:38.000+0800] {processor.py:208} INFO - Processing /Users/erniesg/.pyenv/versions/3.12.5/envs/letters_home/lib/python3.12/site-packages/airflow/example_dags/example_task_group_decorator.py took 0.067 seconds
[2024-09-10T02:07:01.624+0800] {processor.py:186} INFO - Started process (PID=68381) to work on /Users/erniesg/.pyenv/versions/3.12.5/envs/letters_home/lib/python3.12/site-packages/airflow/example_dags/example_task_group_decorator.py
[2024-09-10T02:07:01.624+0800] {processor.py:914} INFO - Processing file /Users/erniesg/.pyenv/versions/3.12.5/envs/letters_home/lib/python3.12/site-packages/airflow/example_dags/example_task_group_decorator.py for tasks to queue
[2024-09-10T02:07:01.625+0800] {logging_mixin.py:190} INFO - [2024-09-10T02:07:01.625+0800] {dagbag.py:587} INFO - Filling up the DagBag from /Users/erniesg/.pyenv/versions/3.12.5/envs/letters_home/lib/python3.12/site-packages/airflow/example_dags/example_task_group_decorator.py
[2024-09-10T02:07:01.645+0800] {processor.py:925} INFO - DAG(s) 'example_task_group_decorator' retrieved from /Users/erniesg/.pyenv/versions/3.12.5/envs/letters_home/lib/python3.12/site-packages/airflow/example_dags/example_task_group_decorator.py
[2024-09-10T02:07:01.684+0800] {logging_mixin.py:190} INFO - [2024-09-10T02:07:01.684+0800] {dag.py:3229} INFO - Sync 1 DAGs
[2024-09-10T02:07:01.688+0800] {logging_mixin.py:190} INFO - [2024-09-10T02:07:01.688+0800] {dag.py:4156} INFO - Setting next_dagrun for example_task_group_decorator to None, run_after=None
[2024-09-10T02:07:01.696+0800] {processor.py:208} INFO - Processing /Users/erniesg/.pyenv/versions/3.12.5/envs/letters_home/lib/python3.12/site-packages/airflow/example_dags/example_task_group_decorator.py took 0.074 seconds
[2024-09-10T02:08:24.229+0800] {processor.py:186} INFO - Started process (PID=68485) to work on /Users/erniesg/.pyenv/versions/3.12.5/envs/letters_home/lib/python3.12/site-packages/airflow/example_dags/example_task_group_decorator.py
[2024-09-10T02:08:24.230+0800] {processor.py:914} INFO - Processing file /Users/erniesg/.pyenv/versions/3.12.5/envs/letters_home/lib/python3.12/site-packages/airflow/example_dags/example_task_group_decorator.py for tasks to queue
[2024-09-10T02:08:24.230+0800] {logging_mixin.py:190} INFO - [2024-09-10T02:08:24.230+0800] {dagbag.py:587} INFO - Filling up the DagBag from /Users/erniesg/.pyenv/versions/3.12.5/envs/letters_home/lib/python3.12/site-packages/airflow/example_dags/example_task_group_decorator.py
[2024-09-10T02:08:24.247+0800] {processor.py:925} INFO - DAG(s) 'example_task_group_decorator' retrieved from /Users/erniesg/.pyenv/versions/3.12.5/envs/letters_home/lib/python3.12/site-packages/airflow/example_dags/example_task_group_decorator.py
[2024-09-10T02:08:24.284+0800] {logging_mixin.py:190} INFO - [2024-09-10T02:08:24.284+0800] {dag.py:3229} INFO - Sync 1 DAGs
[2024-09-10T02:08:24.287+0800] {logging_mixin.py:190} INFO - [2024-09-10T02:08:24.287+0800] {dag.py:4156} INFO - Setting next_dagrun for example_task_group_decorator to None, run_after=None
[2024-09-10T02:08:24.295+0800] {processor.py:208} INFO - Processing /Users/erniesg/.pyenv/versions/3.12.5/envs/letters_home/lib/python3.12/site-packages/airflow/example_dags/example_task_group_decorator.py took 0.067 seconds
[2024-09-10T02:09:48.018+0800] {processor.py:186} INFO - Started process (PID=68594) to work on /Users/erniesg/.pyenv/versions/3.12.5/envs/letters_home/lib/python3.12/site-packages/airflow/example_dags/example_task_group_decorator.py
[2024-09-10T02:09:48.018+0800] {processor.py:914} INFO - Processing file /Users/erniesg/.pyenv/versions/3.12.5/envs/letters_home/lib/python3.12/site-packages/airflow/example_dags/example_task_group_decorator.py for tasks to queue
[2024-09-10T02:09:48.018+0800] {logging_mixin.py:190} INFO - [2024-09-10T02:09:48.018+0800] {dagbag.py:587} INFO - Filling up the DagBag from /Users/erniesg/.pyenv/versions/3.12.5/envs/letters_home/lib/python3.12/site-packages/airflow/example_dags/example_task_group_decorator.py
[2024-09-10T02:09:48.036+0800] {processor.py:925} INFO - DAG(s) 'example_task_group_decorator' retrieved from /Users/erniesg/.pyenv/versions/3.12.5/envs/letters_home/lib/python3.12/site-packages/airflow/example_dags/example_task_group_decorator.py
[2024-09-10T02:09:48.075+0800] {logging_mixin.py:190} INFO - [2024-09-10T02:09:48.075+0800] {dag.py:3229} INFO - Sync 1 DAGs
[2024-09-10T02:09:48.079+0800] {logging_mixin.py:190} INFO - [2024-09-10T02:09:48.079+0800] {dag.py:4156} INFO - Setting next_dagrun for example_task_group_decorator to None, run_after=None
[2024-09-10T02:09:48.086+0800] {processor.py:208} INFO - Processing /Users/erniesg/.pyenv/versions/3.12.5/envs/letters_home/lib/python3.12/site-packages/airflow/example_dags/example_task_group_decorator.py took 0.070 seconds
[2024-09-10T02:11:36.112+0800] {processor.py:186} INFO - Started process (PID=68945) to work on /Users/erniesg/.pyenv/versions/3.12.5/envs/letters_home/lib/python3.12/site-packages/airflow/example_dags/example_task_group_decorator.py
[2024-09-10T02:11:36.112+0800] {processor.py:914} INFO - Processing file /Users/erniesg/.pyenv/versions/3.12.5/envs/letters_home/lib/python3.12/site-packages/airflow/example_dags/example_task_group_decorator.py for tasks to queue
[2024-09-10T02:11:36.112+0800] {logging_mixin.py:190} INFO - [2024-09-10T02:11:36.112+0800] {dagbag.py:587} INFO - Filling up the DagBag from /Users/erniesg/.pyenv/versions/3.12.5/envs/letters_home/lib/python3.12/site-packages/airflow/example_dags/example_task_group_decorator.py
[2024-09-10T02:11:36.136+0800] {processor.py:925} INFO - DAG(s) 'example_task_group_decorator' retrieved from /Users/erniesg/.pyenv/versions/3.12.5/envs/letters_home/lib/python3.12/site-packages/airflow/example_dags/example_task_group_decorator.py
[2024-09-10T02:11:36.175+0800] {logging_mixin.py:190} INFO - [2024-09-10T02:11:36.175+0800] {dag.py:3229} INFO - Sync 1 DAGs
[2024-09-10T02:11:36.179+0800] {logging_mixin.py:190} INFO - [2024-09-10T02:11:36.179+0800] {dag.py:4156} INFO - Setting next_dagrun for example_task_group_decorator to None, run_after=None
[2024-09-10T02:11:36.186+0800] {processor.py:208} INFO - Processing /Users/erniesg/.pyenv/versions/3.12.5/envs/letters_home/lib/python3.12/site-packages/airflow/example_dags/example_task_group_decorator.py took 0.076 seconds
[2024-09-10T02:12:27.554+0800] {processor.py:186} INFO - Started process (PID=69262) to work on /Users/erniesg/.pyenv/versions/3.12.5/envs/letters_home/lib/python3.12/site-packages/airflow/example_dags/example_task_group_decorator.py
[2024-09-10T02:12:27.554+0800] {processor.py:914} INFO - Processing file /Users/erniesg/.pyenv/versions/3.12.5/envs/letters_home/lib/python3.12/site-packages/airflow/example_dags/example_task_group_decorator.py for tasks to queue
[2024-09-10T02:12:27.555+0800] {logging_mixin.py:190} INFO - [2024-09-10T02:12:27.555+0800] {dagbag.py:587} INFO - Filling up the DagBag from /Users/erniesg/.pyenv/versions/3.12.5/envs/letters_home/lib/python3.12/site-packages/airflow/example_dags/example_task_group_decorator.py
[2024-09-10T02:12:27.575+0800] {processor.py:925} INFO - DAG(s) 'example_task_group_decorator' retrieved from /Users/erniesg/.pyenv/versions/3.12.5/envs/letters_home/lib/python3.12/site-packages/airflow/example_dags/example_task_group_decorator.py
[2024-09-10T02:12:27.616+0800] {logging_mixin.py:190} INFO - [2024-09-10T02:12:27.616+0800] {dag.py:3229} INFO - Sync 1 DAGs
[2024-09-10T02:12:27.620+0800] {logging_mixin.py:190} INFO - [2024-09-10T02:12:27.620+0800] {dag.py:4156} INFO - Setting next_dagrun for example_task_group_decorator to None, run_after=None
[2024-09-10T02:12:27.628+0800] {processor.py:208} INFO - Processing /Users/erniesg/.pyenv/versions/3.12.5/envs/letters_home/lib/python3.12/site-packages/airflow/example_dags/example_task_group_decorator.py took 0.075 seconds
[2024-09-10T02:14:21.915+0800] {processor.py:186} INFO - Started process (PID=69356) to work on /Users/erniesg/.pyenv/versions/3.12.5/envs/letters_home/lib/python3.12/site-packages/airflow/example_dags/example_task_group_decorator.py
[2024-09-10T02:14:21.915+0800] {processor.py:914} INFO - Processing file /Users/erniesg/.pyenv/versions/3.12.5/envs/letters_home/lib/python3.12/site-packages/airflow/example_dags/example_task_group_decorator.py for tasks to queue
[2024-09-10T02:14:21.916+0800] {logging_mixin.py:190} INFO - [2024-09-10T02:14:21.916+0800] {dagbag.py:587} INFO - Filling up the DagBag from /Users/erniesg/.pyenv/versions/3.12.5/envs/letters_home/lib/python3.12/site-packages/airflow/example_dags/example_task_group_decorator.py
[2024-09-10T02:14:21.933+0800] {processor.py:925} INFO - DAG(s) 'example_task_group_decorator' retrieved from /Users/erniesg/.pyenv/versions/3.12.5/envs/letters_home/lib/python3.12/site-packages/airflow/example_dags/example_task_group_decorator.py
[2024-09-10T02:14:21.971+0800] {logging_mixin.py:190} INFO - [2024-09-10T02:14:21.971+0800] {dag.py:3229} INFO - Sync 1 DAGs
[2024-09-10T02:14:21.975+0800] {logging_mixin.py:190} INFO - [2024-09-10T02:14:21.975+0800] {dag.py:4156} INFO - Setting next_dagrun for example_task_group_decorator to None, run_after=None
[2024-09-10T02:14:21.984+0800] {processor.py:208} INFO - Processing /Users/erniesg/.pyenv/versions/3.12.5/envs/letters_home/lib/python3.12/site-packages/airflow/example_dags/example_task_group_decorator.py took 0.070 seconds
[2024-09-10T02:15:49.880+0800] {processor.py:186} INFO - Started process (PID=69707) to work on /Users/erniesg/.pyenv/versions/3.12.5/envs/letters_home/lib/python3.12/site-packages/airflow/example_dags/example_task_group_decorator.py
[2024-09-10T02:15:49.881+0800] {processor.py:914} INFO - Processing file /Users/erniesg/.pyenv/versions/3.12.5/envs/letters_home/lib/python3.12/site-packages/airflow/example_dags/example_task_group_decorator.py for tasks to queue
[2024-09-10T02:15:49.881+0800] {logging_mixin.py:190} INFO - [2024-09-10T02:15:49.881+0800] {dagbag.py:587} INFO - Filling up the DagBag from /Users/erniesg/.pyenv/versions/3.12.5/envs/letters_home/lib/python3.12/site-packages/airflow/example_dags/example_task_group_decorator.py
[2024-09-10T02:15:49.899+0800] {processor.py:925} INFO - DAG(s) 'example_task_group_decorator' retrieved from /Users/erniesg/.pyenv/versions/3.12.5/envs/letters_home/lib/python3.12/site-packages/airflow/example_dags/example_task_group_decorator.py
[2024-09-10T02:15:49.941+0800] {logging_mixin.py:190} INFO - [2024-09-10T02:15:49.941+0800] {dag.py:3229} INFO - Sync 1 DAGs
[2024-09-10T02:15:49.945+0800] {logging_mixin.py:190} INFO - [2024-09-10T02:15:49.945+0800] {dag.py:4156} INFO - Setting next_dagrun for example_task_group_decorator to None, run_after=None
[2024-09-10T02:15:49.954+0800] {processor.py:208} INFO - Processing /Users/erniesg/.pyenv/versions/3.12.5/envs/letters_home/lib/python3.12/site-packages/airflow/example_dags/example_task_group_decorator.py took 0.075 seconds
[2024-09-10T02:17:46.454+0800] {processor.py:186} INFO - Started process (PID=69834) to work on /Users/erniesg/.pyenv/versions/3.12.5/envs/letters_home/lib/python3.12/site-packages/airflow/example_dags/example_task_group_decorator.py
[2024-09-10T02:17:46.455+0800] {processor.py:914} INFO - Processing file /Users/erniesg/.pyenv/versions/3.12.5/envs/letters_home/lib/python3.12/site-packages/airflow/example_dags/example_task_group_decorator.py for tasks to queue
[2024-09-10T02:17:46.455+0800] {logging_mixin.py:190} INFO - [2024-09-10T02:17:46.455+0800] {dagbag.py:587} INFO - Filling up the DagBag from /Users/erniesg/.pyenv/versions/3.12.5/envs/letters_home/lib/python3.12/site-packages/airflow/example_dags/example_task_group_decorator.py
[2024-09-10T02:17:46.473+0800] {processor.py:925} INFO - DAG(s) 'example_task_group_decorator' retrieved from /Users/erniesg/.pyenv/versions/3.12.5/envs/letters_home/lib/python3.12/site-packages/airflow/example_dags/example_task_group_decorator.py
[2024-09-10T02:17:46.513+0800] {logging_mixin.py:190} INFO - [2024-09-10T02:17:46.513+0800] {dag.py:3229} INFO - Sync 1 DAGs
[2024-09-10T02:17:46.517+0800] {logging_mixin.py:190} INFO - [2024-09-10T02:17:46.517+0800] {dag.py:4156} INFO - Setting next_dagrun for example_task_group_decorator to None, run_after=None
[2024-09-10T02:17:46.524+0800] {processor.py:208} INFO - Processing /Users/erniesg/.pyenv/versions/3.12.5/envs/letters_home/lib/python3.12/site-packages/airflow/example_dags/example_task_group_decorator.py took 0.071 seconds
[2024-09-10T02:19:08.399+0800] {processor.py:186} INFO - Started process (PID=70283) to work on /Users/erniesg/.pyenv/versions/3.12.5/envs/letters_home/lib/python3.12/site-packages/airflow/example_dags/example_task_group_decorator.py
[2024-09-10T02:19:08.399+0800] {processor.py:914} INFO - Processing file /Users/erniesg/.pyenv/versions/3.12.5/envs/letters_home/lib/python3.12/site-packages/airflow/example_dags/example_task_group_decorator.py for tasks to queue
[2024-09-10T02:19:08.400+0800] {logging_mixin.py:190} INFO - [2024-09-10T02:19:08.400+0800] {dagbag.py:587} INFO - Filling up the DagBag from /Users/erniesg/.pyenv/versions/3.12.5/envs/letters_home/lib/python3.12/site-packages/airflow/example_dags/example_task_group_decorator.py
[2024-09-10T02:19:08.418+0800] {processor.py:925} INFO - DAG(s) 'example_task_group_decorator' retrieved from /Users/erniesg/.pyenv/versions/3.12.5/envs/letters_home/lib/python3.12/site-packages/airflow/example_dags/example_task_group_decorator.py
[2024-09-10T02:19:08.457+0800] {logging_mixin.py:190} INFO - [2024-09-10T02:19:08.457+0800] {dag.py:3229} INFO - Sync 1 DAGs
[2024-09-10T02:19:08.461+0800] {logging_mixin.py:190} INFO - [2024-09-10T02:19:08.461+0800] {dag.py:4156} INFO - Setting next_dagrun for example_task_group_decorator to None, run_after=None
[2024-09-10T02:19:08.468+0800] {processor.py:208} INFO - Processing /Users/erniesg/.pyenv/versions/3.12.5/envs/letters_home/lib/python3.12/site-packages/airflow/example_dags/example_task_group_decorator.py took 0.070 seconds
[2024-09-10T02:20:33.495+0800] {processor.py:186} INFO - Started process (PID=70368) to work on /Users/erniesg/.pyenv/versions/3.12.5/envs/letters_home/lib/python3.12/site-packages/airflow/example_dags/example_task_group_decorator.py
[2024-09-10T02:20:33.495+0800] {processor.py:914} INFO - Processing file /Users/erniesg/.pyenv/versions/3.12.5/envs/letters_home/lib/python3.12/site-packages/airflow/example_dags/example_task_group_decorator.py for tasks to queue
[2024-09-10T02:20:33.496+0800] {logging_mixin.py:190} INFO - [2024-09-10T02:20:33.495+0800] {dagbag.py:587} INFO - Filling up the DagBag from /Users/erniesg/.pyenv/versions/3.12.5/envs/letters_home/lib/python3.12/site-packages/airflow/example_dags/example_task_group_decorator.py
[2024-09-10T02:20:33.515+0800] {processor.py:925} INFO - DAG(s) 'example_task_group_decorator' retrieved from /Users/erniesg/.pyenv/versions/3.12.5/envs/letters_home/lib/python3.12/site-packages/airflow/example_dags/example_task_group_decorator.py
[2024-09-10T02:20:33.555+0800] {logging_mixin.py:190} INFO - [2024-09-10T02:20:33.554+0800] {dag.py:3229} INFO - Sync 1 DAGs
[2024-09-10T02:20:33.559+0800] {logging_mixin.py:190} INFO - [2024-09-10T02:20:33.559+0800] {dag.py:4156} INFO - Setting next_dagrun for example_task_group_decorator to None, run_after=None
[2024-09-10T02:20:33.566+0800] {processor.py:208} INFO - Processing /Users/erniesg/.pyenv/versions/3.12.5/envs/letters_home/lib/python3.12/site-packages/airflow/example_dags/example_task_group_decorator.py took 0.073 seconds
