[2024-09-10T01:38:08.400+0800] {processor.py:186} INFO - Started process (PID=58009) to work on /Users/erniesg/.pyenv/versions/3.12.5/envs/letters_home/lib/python3.12/site-packages/airflow/example_dags/example_external_task_marker_dag.py
[2024-09-10T01:38:08.400+0800] {processor.py:914} INFO - Processing file /Users/erniesg/.pyenv/versions/3.12.5/envs/letters_home/lib/python3.12/site-packages/airflow/example_dags/example_external_task_marker_dag.py for tasks to queue
[2024-09-10T01:38:08.400+0800] {logging_mixin.py:190} INFO - [2024-09-10T01:38:08.400+0800] {dagbag.py:587} INFO - Filling up the DagBag from /Users/erniesg/.pyenv/versions/3.12.5/envs/letters_home/lib/python3.12/site-packages/airflow/example_dags/example_external_task_marker_dag.py
[2024-09-10T01:38:08.405+0800] {processor.py:925} INFO - DAG(s) 'example_external_task_marker_parent', 'example_external_task_marker_child' retrieved from /Users/erniesg/.pyenv/versions/3.12.5/envs/letters_home/lib/python3.12/site-packages/airflow/example_dags/example_external_task_marker_dag.py
[2024-09-10T01:38:08.471+0800] {logging_mixin.py:190} INFO - [2024-09-10T01:38:08.471+0800] {override.py:1900} INFO - Created Permission View: can read on DAG:example_external_task_marker_parent
[2024-09-10T01:38:08.474+0800] {logging_mixin.py:190} INFO - [2024-09-10T01:38:08.474+0800] {override.py:1900} INFO - Created Permission View: can edit on DAG:example_external_task_marker_parent
[2024-09-10T01:38:08.476+0800] {logging_mixin.py:190} INFO - [2024-09-10T01:38:08.476+0800] {override.py:1900} INFO - Created Permission View: can delete on DAG:example_external_task_marker_parent
[2024-09-10T01:38:08.479+0800] {logging_mixin.py:190} INFO - [2024-09-10T01:38:08.479+0800] {override.py:1900} INFO - Created Permission View: can read on DAG Run:example_external_task_marker_parent
[2024-09-10T01:38:08.481+0800] {logging_mixin.py:190} INFO - [2024-09-10T01:38:08.481+0800] {override.py:1900} INFO - Created Permission View: menu access on DAG Run:example_external_task_marker_parent
[2024-09-10T01:38:08.483+0800] {logging_mixin.py:190} INFO - [2024-09-10T01:38:08.483+0800] {override.py:1900} INFO - Created Permission View: can delete on DAG Run:example_external_task_marker_parent
[2024-09-10T01:38:08.485+0800] {logging_mixin.py:190} INFO - [2024-09-10T01:38:08.485+0800] {override.py:1900} INFO - Created Permission View: can create on DAG Run:example_external_task_marker_parent
[2024-09-10T01:38:08.644+0800] {logging_mixin.py:190} INFO - [2024-09-10T01:38:08.644+0800] {override.py:1900} INFO - Created Permission View: can read on DAG:example_external_task_marker_child
[2024-09-10T01:38:08.646+0800] {logging_mixin.py:190} INFO - [2024-09-10T01:38:08.646+0800] {override.py:1900} INFO - Created Permission View: can edit on DAG:example_external_task_marker_child
[2024-09-10T01:38:08.647+0800] {logging_mixin.py:190} INFO - [2024-09-10T01:38:08.647+0800] {override.py:1900} INFO - Created Permission View: can delete on DAG:example_external_task_marker_child
[2024-09-10T01:38:08.650+0800] {logging_mixin.py:190} INFO - [2024-09-10T01:38:08.650+0800] {override.py:1900} INFO - Created Permission View: can read on DAG Run:example_external_task_marker_child
[2024-09-10T01:38:08.652+0800] {logging_mixin.py:190} INFO - [2024-09-10T01:38:08.652+0800] {override.py:1900} INFO - Created Permission View: menu access on DAG Run:example_external_task_marker_child
[2024-09-10T01:38:08.654+0800] {logging_mixin.py:190} INFO - [2024-09-10T01:38:08.654+0800] {override.py:1900} INFO - Created Permission View: can delete on DAG Run:example_external_task_marker_child
[2024-09-10T01:38:08.656+0800] {logging_mixin.py:190} INFO - [2024-09-10T01:38:08.656+0800] {override.py:1900} INFO - Created Permission View: can create on DAG Run:example_external_task_marker_child
[2024-09-10T01:38:08.656+0800] {logging_mixin.py:190} INFO - [2024-09-10T01:38:08.656+0800] {dag.py:3229} INFO - Sync 2 DAGs
[2024-09-10T01:38:08.660+0800] {logging_mixin.py:190} INFO - [2024-09-10T01:38:08.660+0800] {dag.py:3252} INFO - Creating ORM DAG for example_external_task_marker_child
[2024-09-10T01:38:08.661+0800] {logging_mixin.py:190} INFO - [2024-09-10T01:38:08.661+0800] {dag.py:3252} INFO - Creating ORM DAG for example_external_task_marker_parent
[2024-09-10T01:38:08.661+0800] {logging_mixin.py:190} INFO - [2024-09-10T01:38:08.661+0800] {dag.py:4156} INFO - Setting next_dagrun for example_external_task_marker_child to None, run_after=None
[2024-09-10T01:38:08.661+0800] {logging_mixin.py:190} INFO - [2024-09-10T01:38:08.661+0800] {dag.py:4156} INFO - Setting next_dagrun for example_external_task_marker_parent to None, run_after=None
[2024-09-10T01:38:08.667+0800] {processor.py:208} INFO - Processing /Users/erniesg/.pyenv/versions/3.12.5/envs/letters_home/lib/python3.12/site-packages/airflow/example_dags/example_external_task_marker_dag.py took 0.269 seconds
[2024-09-10T01:39:57.931+0800] {processor.py:186} INFO - Started process (PID=58116) to work on /Users/erniesg/.pyenv/versions/3.12.5/envs/letters_home/lib/python3.12/site-packages/airflow/example_dags/example_external_task_marker_dag.py
[2024-09-10T01:39:57.932+0800] {processor.py:914} INFO - Processing file /Users/erniesg/.pyenv/versions/3.12.5/envs/letters_home/lib/python3.12/site-packages/airflow/example_dags/example_external_task_marker_dag.py for tasks to queue
[2024-09-10T01:39:57.932+0800] {logging_mixin.py:190} INFO - [2024-09-10T01:39:57.932+0800] {dagbag.py:587} INFO - Filling up the DagBag from /Users/erniesg/.pyenv/versions/3.12.5/envs/letters_home/lib/python3.12/site-packages/airflow/example_dags/example_external_task_marker_dag.py
[2024-09-10T01:39:57.937+0800] {processor.py:925} INFO - DAG(s) 'example_external_task_marker_child', 'example_external_task_marker_parent' retrieved from /Users/erniesg/.pyenv/versions/3.12.5/envs/letters_home/lib/python3.12/site-packages/airflow/example_dags/example_external_task_marker_dag.py
[2024-09-10T01:39:58.124+0800] {logging_mixin.py:190} INFO - [2024-09-10T01:39:58.123+0800] {dag.py:3229} INFO - Sync 2 DAGs
[2024-09-10T01:39:58.128+0800] {logging_mixin.py:190} INFO - [2024-09-10T01:39:58.127+0800] {dag.py:4156} INFO - Setting next_dagrun for example_external_task_marker_child to None, run_after=None
[2024-09-10T01:39:58.129+0800] {logging_mixin.py:190} INFO - [2024-09-10T01:39:58.129+0800] {dag.py:4156} INFO - Setting next_dagrun for example_external_task_marker_parent to None, run_after=None
[2024-09-10T01:39:58.135+0800] {processor.py:208} INFO - Processing /Users/erniesg/.pyenv/versions/3.12.5/envs/letters_home/lib/python3.12/site-packages/airflow/example_dags/example_external_task_marker_dag.py took 0.205 seconds
[2024-09-10T01:42:39.742+0800] {processor.py:186} INFO - Started process (PID=58265) to work on /Users/erniesg/.pyenv/versions/3.12.5/envs/letters_home/lib/python3.12/site-packages/airflow/example_dags/example_external_task_marker_dag.py
[2024-09-10T01:42:39.742+0800] {processor.py:914} INFO - Processing file /Users/erniesg/.pyenv/versions/3.12.5/envs/letters_home/lib/python3.12/site-packages/airflow/example_dags/example_external_task_marker_dag.py for tasks to queue
[2024-09-10T01:42:39.743+0800] {logging_mixin.py:190} INFO - [2024-09-10T01:42:39.743+0800] {dagbag.py:587} INFO - Filling up the DagBag from /Users/erniesg/.pyenv/versions/3.12.5/envs/letters_home/lib/python3.12/site-packages/airflow/example_dags/example_external_task_marker_dag.py
[2024-09-10T01:42:39.748+0800] {processor.py:925} INFO - DAG(s) 'example_external_task_marker_parent', 'example_external_task_marker_child' retrieved from /Users/erniesg/.pyenv/versions/3.12.5/envs/letters_home/lib/python3.12/site-packages/airflow/example_dags/example_external_task_marker_dag.py
[2024-09-10T01:42:39.935+0800] {logging_mixin.py:190} INFO - [2024-09-10T01:42:39.935+0800] {dag.py:3229} INFO - Sync 2 DAGs
[2024-09-10T01:42:39.939+0800] {logging_mixin.py:190} INFO - [2024-09-10T01:42:39.939+0800] {dag.py:4156} INFO - Setting next_dagrun for example_external_task_marker_child to None, run_after=None
[2024-09-10T01:42:39.940+0800] {logging_mixin.py:190} INFO - [2024-09-10T01:42:39.940+0800] {dag.py:4156} INFO - Setting next_dagrun for example_external_task_marker_parent to None, run_after=None
[2024-09-10T01:42:39.946+0800] {processor.py:208} INFO - Processing /Users/erniesg/.pyenv/versions/3.12.5/envs/letters_home/lib/python3.12/site-packages/airflow/example_dags/example_external_task_marker_dag.py took 0.206 seconds
[2024-09-10T02:00:13.733+0800] {processor.py:186} INFO - Started process (PID=67590) to work on /Users/erniesg/.pyenv/versions/3.12.5/envs/letters_home/lib/python3.12/site-packages/airflow/example_dags/example_external_task_marker_dag.py
[2024-09-10T02:00:13.733+0800] {processor.py:914} INFO - Processing file /Users/erniesg/.pyenv/versions/3.12.5/envs/letters_home/lib/python3.12/site-packages/airflow/example_dags/example_external_task_marker_dag.py for tasks to queue
[2024-09-10T02:00:13.733+0800] {logging_mixin.py:190} INFO - [2024-09-10T02:00:13.733+0800] {dagbag.py:587} INFO - Filling up the DagBag from /Users/erniesg/.pyenv/versions/3.12.5/envs/letters_home/lib/python3.12/site-packages/airflow/example_dags/example_external_task_marker_dag.py
[2024-09-10T02:00:13.738+0800] {processor.py:925} INFO - DAG(s) 'example_external_task_marker_parent', 'example_external_task_marker_child' retrieved from /Users/erniesg/.pyenv/versions/3.12.5/envs/letters_home/lib/python3.12/site-packages/airflow/example_dags/example_external_task_marker_dag.py
[2024-09-10T02:00:13.919+0800] {logging_mixin.py:190} INFO - [2024-09-10T02:00:13.919+0800] {dag.py:3229} INFO - Sync 2 DAGs
[2024-09-10T02:00:13.923+0800] {logging_mixin.py:190} INFO - [2024-09-10T02:00:13.923+0800] {dag.py:4156} INFO - Setting next_dagrun for example_external_task_marker_child to None, run_after=None
[2024-09-10T02:00:13.924+0800] {logging_mixin.py:190} INFO - [2024-09-10T02:00:13.924+0800] {dag.py:4156} INFO - Setting next_dagrun for example_external_task_marker_parent to None, run_after=None
[2024-09-10T02:00:13.930+0800] {processor.py:208} INFO - Processing /Users/erniesg/.pyenv/versions/3.12.5/envs/letters_home/lib/python3.12/site-packages/airflow/example_dags/example_external_task_marker_dag.py took 0.199 seconds
[2024-09-10T02:02:04.256+0800] {processor.py:186} INFO - Started process (PID=67941) to work on /Users/erniesg/.pyenv/versions/3.12.5/envs/letters_home/lib/python3.12/site-packages/airflow/example_dags/example_external_task_marker_dag.py
[2024-09-10T02:02:04.257+0800] {processor.py:914} INFO - Processing file /Users/erniesg/.pyenv/versions/3.12.5/envs/letters_home/lib/python3.12/site-packages/airflow/example_dags/example_external_task_marker_dag.py for tasks to queue
[2024-09-10T02:02:04.257+0800] {logging_mixin.py:190} INFO - [2024-09-10T02:02:04.257+0800] {dagbag.py:587} INFO - Filling up the DagBag from /Users/erniesg/.pyenv/versions/3.12.5/envs/letters_home/lib/python3.12/site-packages/airflow/example_dags/example_external_task_marker_dag.py
[2024-09-10T02:02:04.262+0800] {processor.py:925} INFO - DAG(s) 'example_external_task_marker_child', 'example_external_task_marker_parent' retrieved from /Users/erniesg/.pyenv/versions/3.12.5/envs/letters_home/lib/python3.12/site-packages/airflow/example_dags/example_external_task_marker_dag.py
[2024-09-10T02:02:04.459+0800] {logging_mixin.py:190} INFO - [2024-09-10T02:02:04.459+0800] {dag.py:3229} INFO - Sync 2 DAGs
[2024-09-10T02:02:04.463+0800] {logging_mixin.py:190} INFO - [2024-09-10T02:02:04.463+0800] {dag.py:4156} INFO - Setting next_dagrun for example_external_task_marker_child to None, run_after=None
[2024-09-10T02:02:04.465+0800] {logging_mixin.py:190} INFO - [2024-09-10T02:02:04.465+0800] {dag.py:4156} INFO - Setting next_dagrun for example_external_task_marker_parent to None, run_after=None
[2024-09-10T02:02:04.471+0800] {processor.py:208} INFO - Processing /Users/erniesg/.pyenv/versions/3.12.5/envs/letters_home/lib/python3.12/site-packages/airflow/example_dags/example_external_task_marker_dag.py took 0.216 seconds
[2024-09-10T02:04:49.952+0800] {processor.py:186} INFO - Started process (PID=68133) to work on /Users/erniesg/.pyenv/versions/3.12.5/envs/letters_home/lib/python3.12/site-packages/airflow/example_dags/example_external_task_marker_dag.py
[2024-09-10T02:04:49.952+0800] {processor.py:914} INFO - Processing file /Users/erniesg/.pyenv/versions/3.12.5/envs/letters_home/lib/python3.12/site-packages/airflow/example_dags/example_external_task_marker_dag.py for tasks to queue
[2024-09-10T02:04:49.953+0800] {logging_mixin.py:190} INFO - [2024-09-10T02:04:49.953+0800] {dagbag.py:587} INFO - Filling up the DagBag from /Users/erniesg/.pyenv/versions/3.12.5/envs/letters_home/lib/python3.12/site-packages/airflow/example_dags/example_external_task_marker_dag.py
[2024-09-10T02:04:49.958+0800] {processor.py:925} INFO - DAG(s) 'example_external_task_marker_parent', 'example_external_task_marker_child' retrieved from /Users/erniesg/.pyenv/versions/3.12.5/envs/letters_home/lib/python3.12/site-packages/airflow/example_dags/example_external_task_marker_dag.py
[2024-09-10T02:04:50.157+0800] {logging_mixin.py:190} INFO - [2024-09-10T02:04:50.157+0800] {dag.py:3229} INFO - Sync 2 DAGs
[2024-09-10T02:04:50.161+0800] {logging_mixin.py:190} INFO - [2024-09-10T02:04:50.161+0800] {dag.py:4156} INFO - Setting next_dagrun for example_external_task_marker_child to None, run_after=None
[2024-09-10T02:04:50.163+0800] {logging_mixin.py:190} INFO - [2024-09-10T02:04:50.163+0800] {dag.py:4156} INFO - Setting next_dagrun for example_external_task_marker_parent to None, run_after=None
[2024-09-10T02:04:50.169+0800] {processor.py:208} INFO - Processing /Users/erniesg/.pyenv/versions/3.12.5/envs/letters_home/lib/python3.12/site-packages/airflow/example_dags/example_external_task_marker_dag.py took 0.218 seconds
[2024-09-10T02:07:47.644+0800] {processor.py:186} INFO - Started process (PID=68433) to work on /Users/erniesg/.pyenv/versions/3.12.5/envs/letters_home/lib/python3.12/site-packages/airflow/example_dags/example_external_task_marker_dag.py
[2024-09-10T02:07:47.645+0800] {processor.py:914} INFO - Processing file /Users/erniesg/.pyenv/versions/3.12.5/envs/letters_home/lib/python3.12/site-packages/airflow/example_dags/example_external_task_marker_dag.py for tasks to queue
[2024-09-10T02:07:47.645+0800] {logging_mixin.py:190} INFO - [2024-09-10T02:07:47.645+0800] {dagbag.py:587} INFO - Filling up the DagBag from /Users/erniesg/.pyenv/versions/3.12.5/envs/letters_home/lib/python3.12/site-packages/airflow/example_dags/example_external_task_marker_dag.py
[2024-09-10T02:07:47.650+0800] {processor.py:925} INFO - DAG(s) 'example_external_task_marker_parent', 'example_external_task_marker_child' retrieved from /Users/erniesg/.pyenv/versions/3.12.5/envs/letters_home/lib/python3.12/site-packages/airflow/example_dags/example_external_task_marker_dag.py
[2024-09-10T02:07:47.843+0800] {logging_mixin.py:190} INFO - [2024-09-10T02:07:47.843+0800] {dag.py:3229} INFO - Sync 2 DAGs
[2024-09-10T02:07:47.847+0800] {logging_mixin.py:190} INFO - [2024-09-10T02:07:47.847+0800] {dag.py:4156} INFO - Setting next_dagrun for example_external_task_marker_child to None, run_after=None
[2024-09-10T02:07:47.848+0800] {logging_mixin.py:190} INFO - [2024-09-10T02:07:47.848+0800] {dag.py:4156} INFO - Setting next_dagrun for example_external_task_marker_parent to None, run_after=None
[2024-09-10T02:07:47.855+0800] {processor.py:208} INFO - Processing /Users/erniesg/.pyenv/versions/3.12.5/envs/letters_home/lib/python3.12/site-packages/airflow/example_dags/example_external_task_marker_dag.py took 0.211 seconds
[2024-09-10T02:13:13.501+0800] {processor.py:186} INFO - Started process (PID=69294) to work on /Users/erniesg/.pyenv/versions/3.12.5/envs/letters_home/lib/python3.12/site-packages/airflow/example_dags/example_external_task_marker_dag.py
[2024-09-10T02:13:13.502+0800] {processor.py:914} INFO - Processing file /Users/erniesg/.pyenv/versions/3.12.5/envs/letters_home/lib/python3.12/site-packages/airflow/example_dags/example_external_task_marker_dag.py for tasks to queue
[2024-09-10T02:13:13.502+0800] {logging_mixin.py:190} INFO - [2024-09-10T02:13:13.502+0800] {dagbag.py:587} INFO - Filling up the DagBag from /Users/erniesg/.pyenv/versions/3.12.5/envs/letters_home/lib/python3.12/site-packages/airflow/example_dags/example_external_task_marker_dag.py
[2024-09-10T02:13:13.507+0800] {processor.py:925} INFO - DAG(s) 'example_external_task_marker_child', 'example_external_task_marker_parent' retrieved from /Users/erniesg/.pyenv/versions/3.12.5/envs/letters_home/lib/python3.12/site-packages/airflow/example_dags/example_external_task_marker_dag.py
[2024-09-10T02:13:13.697+0800] {logging_mixin.py:190} INFO - [2024-09-10T02:13:13.697+0800] {dag.py:3229} INFO - Sync 2 DAGs
[2024-09-10T02:13:13.701+0800] {logging_mixin.py:190} INFO - [2024-09-10T02:13:13.701+0800] {dag.py:4156} INFO - Setting next_dagrun for example_external_task_marker_child to None, run_after=None
[2024-09-10T02:13:13.702+0800] {logging_mixin.py:190} INFO - [2024-09-10T02:13:13.702+0800] {dag.py:4156} INFO - Setting next_dagrun for example_external_task_marker_parent to None, run_after=None
[2024-09-10T02:13:13.709+0800] {processor.py:208} INFO - Processing /Users/erniesg/.pyenv/versions/3.12.5/envs/letters_home/lib/python3.12/site-packages/airflow/example_dags/example_external_task_marker_dag.py took 0.209 seconds
[2024-09-10T02:16:35.799+0800] {processor.py:186} INFO - Started process (PID=69756) to work on /Users/erniesg/.pyenv/versions/3.12.5/envs/letters_home/lib/python3.12/site-packages/airflow/example_dags/example_external_task_marker_dag.py
[2024-09-10T02:16:35.799+0800] {processor.py:914} INFO - Processing file /Users/erniesg/.pyenv/versions/3.12.5/envs/letters_home/lib/python3.12/site-packages/airflow/example_dags/example_external_task_marker_dag.py for tasks to queue
[2024-09-10T02:16:35.799+0800] {logging_mixin.py:190} INFO - [2024-09-10T02:16:35.799+0800] {dagbag.py:587} INFO - Filling up the DagBag from /Users/erniesg/.pyenv/versions/3.12.5/envs/letters_home/lib/python3.12/site-packages/airflow/example_dags/example_external_task_marker_dag.py
[2024-09-10T02:16:35.804+0800] {processor.py:925} INFO - DAG(s) 'example_external_task_marker_child', 'example_external_task_marker_parent' retrieved from /Users/erniesg/.pyenv/versions/3.12.5/envs/letters_home/lib/python3.12/site-packages/airflow/example_dags/example_external_task_marker_dag.py
[2024-09-10T02:16:36.008+0800] {logging_mixin.py:190} INFO - [2024-09-10T02:16:36.008+0800] {dag.py:3229} INFO - Sync 2 DAGs
[2024-09-10T02:16:36.012+0800] {logging_mixin.py:190} INFO - [2024-09-10T02:16:36.012+0800] {dag.py:4156} INFO - Setting next_dagrun for example_external_task_marker_child to None, run_after=None
[2024-09-10T02:16:36.013+0800] {logging_mixin.py:190} INFO - [2024-09-10T02:16:36.013+0800] {dag.py:4156} INFO - Setting next_dagrun for example_external_task_marker_parent to None, run_after=None
[2024-09-10T02:16:36.020+0800] {processor.py:208} INFO - Processing /Users/erniesg/.pyenv/versions/3.12.5/envs/letters_home/lib/python3.12/site-packages/airflow/example_dags/example_external_task_marker_dag.py took 0.222 seconds
[2024-09-10T02:18:31.392+0800] {processor.py:186} INFO - Started process (PID=69915) to work on /Users/erniesg/.pyenv/versions/3.12.5/envs/letters_home/lib/python3.12/site-packages/airflow/example_dags/example_external_task_marker_dag.py
[2024-09-10T02:18:31.393+0800] {processor.py:914} INFO - Processing file /Users/erniesg/.pyenv/versions/3.12.5/envs/letters_home/lib/python3.12/site-packages/airflow/example_dags/example_external_task_marker_dag.py for tasks to queue
[2024-09-10T02:18:31.393+0800] {logging_mixin.py:190} INFO - [2024-09-10T02:18:31.393+0800] {dagbag.py:587} INFO - Filling up the DagBag from /Users/erniesg/.pyenv/versions/3.12.5/envs/letters_home/lib/python3.12/site-packages/airflow/example_dags/example_external_task_marker_dag.py
[2024-09-10T02:18:31.399+0800] {processor.py:925} INFO - DAG(s) 'example_external_task_marker_child', 'example_external_task_marker_parent' retrieved from /Users/erniesg/.pyenv/versions/3.12.5/envs/letters_home/lib/python3.12/site-packages/airflow/example_dags/example_external_task_marker_dag.py
[2024-09-10T02:18:31.607+0800] {logging_mixin.py:190} INFO - [2024-09-10T02:18:31.607+0800] {dag.py:3229} INFO - Sync 2 DAGs
[2024-09-10T02:18:31.612+0800] {logging_mixin.py:190} INFO - [2024-09-10T02:18:31.612+0800] {dag.py:4156} INFO - Setting next_dagrun for example_external_task_marker_child to None, run_after=None
[2024-09-10T02:18:31.613+0800] {logging_mixin.py:190} INFO - [2024-09-10T02:18:31.613+0800] {dag.py:4156} INFO - Setting next_dagrun for example_external_task_marker_parent to None, run_after=None
[2024-09-10T02:18:31.619+0800] {processor.py:208} INFO - Processing /Users/erniesg/.pyenv/versions/3.12.5/envs/letters_home/lib/python3.12/site-packages/airflow/example_dags/example_external_task_marker_dag.py took 0.228 seconds
