[2024-09-10T01:38:23.445+0800] {processor.py:186} INFO - Started process (PID=58016) to work on /Users/erniesg/.pyenv/versions/3.12.5/envs/letters_home/lib/python3.12/site-packages/airflow/example_dags/example_dag_decorator.py
[2024-09-10T01:38:23.445+0800] {processor.py:914} INFO - Processing file /Users/erniesg/.pyenv/versions/3.12.5/envs/letters_home/lib/python3.12/site-packages/airflow/example_dags/example_dag_decorator.py for tasks to queue
[2024-09-10T01:38:23.446+0800] {logging_mixin.py:190} INFO - [2024-09-10T01:38:23.445+0800] {dagbag.py:587} INFO - Filling up the DagBag from /Users/erniesg/.pyenv/versions/3.12.5/envs/letters_home/lib/python3.12/site-packages/airflow/example_dags/example_dag_decorator.py
[2024-09-10T01:38:23.513+0800] {processor.py:925} INFO - DAG(s) 'example_dag_decorator' retrieved from /Users/erniesg/.pyenv/versions/3.12.5/envs/letters_home/lib/python3.12/site-packages/airflow/example_dags/example_dag_decorator.py
[2024-09-10T01:38:23.580+0800] {logging_mixin.py:190} INFO - [2024-09-10T01:38:23.580+0800] {override.py:1900} INFO - Created Permission View: can read on DAG:example_dag_decorator
[2024-09-10T01:38:23.583+0800] {logging_mixin.py:190} INFO - [2024-09-10T01:38:23.583+0800] {override.py:1900} INFO - Created Permission View: can delete on DAG:example_dag_decorator
[2024-09-10T01:38:23.585+0800] {logging_mixin.py:190} INFO - [2024-09-10T01:38:23.585+0800] {override.py:1900} INFO - Created Permission View: can edit on DAG:example_dag_decorator
[2024-09-10T01:38:23.588+0800] {logging_mixin.py:190} INFO - [2024-09-10T01:38:23.588+0800] {override.py:1900} INFO - Created Permission View: can read on DAG Run:example_dag_decorator
[2024-09-10T01:38:23.590+0800] {logging_mixin.py:190} INFO - [2024-09-10T01:38:23.590+0800] {override.py:1900} INFO - Created Permission View: can delete on DAG Run:example_dag_decorator
[2024-09-10T01:38:23.592+0800] {logging_mixin.py:190} INFO - [2024-09-10T01:38:23.592+0800] {override.py:1900} INFO - Created Permission View: can create on DAG Run:example_dag_decorator
[2024-09-10T01:38:23.594+0800] {logging_mixin.py:190} INFO - [2024-09-10T01:38:23.594+0800] {override.py:1900} INFO - Created Permission View: menu access on DAG Run:example_dag_decorator
[2024-09-10T01:38:23.594+0800] {logging_mixin.py:190} INFO - [2024-09-10T01:38:23.594+0800] {dag.py:3229} INFO - Sync 1 DAGs
[2024-09-10T01:38:23.598+0800] {logging_mixin.py:190} INFO - [2024-09-10T01:38:23.598+0800] {dag.py:3252} INFO - Creating ORM DAG for example_dag_decorator
[2024-09-10T01:38:23.598+0800] {logging_mixin.py:190} INFO - [2024-09-10T01:38:23.598+0800] {dag.py:4156} INFO - Setting next_dagrun for example_dag_decorator to None, run_after=None
[2024-09-10T01:38:23.604+0800] {processor.py:208} INFO - Processing /Users/erniesg/.pyenv/versions/3.12.5/envs/letters_home/lib/python3.12/site-packages/airflow/example_dags/example_dag_decorator.py took 0.160 seconds
[2024-09-10T01:41:00.793+0800] {processor.py:186} INFO - Started process (PID=58166) to work on /Users/erniesg/.pyenv/versions/3.12.5/envs/letters_home/lib/python3.12/site-packages/airflow/example_dags/example_dag_decorator.py
[2024-09-10T01:41:00.793+0800] {processor.py:914} INFO - Processing file /Users/erniesg/.pyenv/versions/3.12.5/envs/letters_home/lib/python3.12/site-packages/airflow/example_dags/example_dag_decorator.py for tasks to queue
[2024-09-10T01:41:00.794+0800] {logging_mixin.py:190} INFO - [2024-09-10T01:41:00.794+0800] {dagbag.py:587} INFO - Filling up the DagBag from /Users/erniesg/.pyenv/versions/3.12.5/envs/letters_home/lib/python3.12/site-packages/airflow/example_dags/example_dag_decorator.py
[2024-09-10T01:41:00.862+0800] {processor.py:925} INFO - DAG(s) 'example_dag_decorator' retrieved from /Users/erniesg/.pyenv/versions/3.12.5/envs/letters_home/lib/python3.12/site-packages/airflow/example_dags/example_dag_decorator.py
[2024-09-10T01:41:00.928+0800] {logging_mixin.py:190} INFO - [2024-09-10T01:41:00.928+0800] {dag.py:3229} INFO - Sync 1 DAGs
[2024-09-10T01:41:00.932+0800] {logging_mixin.py:190} INFO - [2024-09-10T01:41:00.932+0800] {dag.py:4156} INFO - Setting next_dagrun for example_dag_decorator to None, run_after=None
[2024-09-10T01:41:00.939+0800] {processor.py:208} INFO - Processing /Users/erniesg/.pyenv/versions/3.12.5/envs/letters_home/lib/python3.12/site-packages/airflow/example_dags/example_dag_decorator.py took 0.147 seconds
[2024-09-10T01:43:47.248+0800] {processor.py:186} INFO - Started process (PID=58723) to work on /Users/erniesg/.pyenv/versions/3.12.5/envs/letters_home/lib/python3.12/site-packages/airflow/example_dags/example_dag_decorator.py
[2024-09-10T01:43:47.248+0800] {processor.py:914} INFO - Processing file /Users/erniesg/.pyenv/versions/3.12.5/envs/letters_home/lib/python3.12/site-packages/airflow/example_dags/example_dag_decorator.py for tasks to queue
[2024-09-10T01:43:47.248+0800] {logging_mixin.py:190} INFO - [2024-09-10T01:43:47.248+0800] {dagbag.py:587} INFO - Filling up the DagBag from /Users/erniesg/.pyenv/versions/3.12.5/envs/letters_home/lib/python3.12/site-packages/airflow/example_dags/example_dag_decorator.py
[2024-09-10T01:43:47.318+0800] {processor.py:925} INFO - DAG(s) 'example_dag_decorator' retrieved from /Users/erniesg/.pyenv/versions/3.12.5/envs/letters_home/lib/python3.12/site-packages/airflow/example_dags/example_dag_decorator.py
[2024-09-10T01:43:47.387+0800] {logging_mixin.py:190} INFO - [2024-09-10T01:43:47.387+0800] {dag.py:3229} INFO - Sync 1 DAGs
[2024-09-10T01:43:47.391+0800] {logging_mixin.py:190} INFO - [2024-09-10T01:43:47.391+0800] {dag.py:4156} INFO - Setting next_dagrun for example_dag_decorator to None, run_after=None
[2024-09-10T01:43:47.398+0800] {processor.py:208} INFO - Processing /Users/erniesg/.pyenv/versions/3.12.5/envs/letters_home/lib/python3.12/site-packages/airflow/example_dags/example_dag_decorator.py took 0.151 seconds
[2024-09-10T02:00:26.701+0800] {processor.py:186} INFO - Started process (PID=67613) to work on /Users/erniesg/.pyenv/versions/3.12.5/envs/letters_home/lib/python3.12/site-packages/airflow/example_dags/example_dag_decorator.py
[2024-09-10T02:00:26.701+0800] {processor.py:914} INFO - Processing file /Users/erniesg/.pyenv/versions/3.12.5/envs/letters_home/lib/python3.12/site-packages/airflow/example_dags/example_dag_decorator.py for tasks to queue
[2024-09-10T02:00:26.701+0800] {logging_mixin.py:190} INFO - [2024-09-10T02:00:26.701+0800] {dagbag.py:587} INFO - Filling up the DagBag from /Users/erniesg/.pyenv/versions/3.12.5/envs/letters_home/lib/python3.12/site-packages/airflow/example_dags/example_dag_decorator.py
[2024-09-10T02:00:26.767+0800] {processor.py:925} INFO - DAG(s) 'example_dag_decorator' retrieved from /Users/erniesg/.pyenv/versions/3.12.5/envs/letters_home/lib/python3.12/site-packages/airflow/example_dags/example_dag_decorator.py
[2024-09-10T02:00:26.835+0800] {logging_mixin.py:190} INFO - [2024-09-10T02:00:26.835+0800] {dag.py:3229} INFO - Sync 1 DAGs
[2024-09-10T02:00:26.839+0800] {logging_mixin.py:190} INFO - [2024-09-10T02:00:26.839+0800] {dag.py:4156} INFO - Setting next_dagrun for example_dag_decorator to None, run_after=None
[2024-09-10T02:00:26.846+0800] {processor.py:208} INFO - Processing /Users/erniesg/.pyenv/versions/3.12.5/envs/letters_home/lib/python3.12/site-packages/airflow/example_dags/example_dag_decorator.py took 0.147 seconds
[2024-09-10T02:03:08.064+0800] {processor.py:186} INFO - Started process (PID=68025) to work on /Users/erniesg/.pyenv/versions/3.12.5/envs/letters_home/lib/python3.12/site-packages/airflow/example_dags/example_dag_decorator.py
[2024-09-10T02:03:08.064+0800] {processor.py:914} INFO - Processing file /Users/erniesg/.pyenv/versions/3.12.5/envs/letters_home/lib/python3.12/site-packages/airflow/example_dags/example_dag_decorator.py for tasks to queue
[2024-09-10T02:03:08.065+0800] {logging_mixin.py:190} INFO - [2024-09-10T02:03:08.065+0800] {dagbag.py:587} INFO - Filling up the DagBag from /Users/erniesg/.pyenv/versions/3.12.5/envs/letters_home/lib/python3.12/site-packages/airflow/example_dags/example_dag_decorator.py
[2024-09-10T02:03:08.139+0800] {processor.py:925} INFO - DAG(s) 'example_dag_decorator' retrieved from /Users/erniesg/.pyenv/versions/3.12.5/envs/letters_home/lib/python3.12/site-packages/airflow/example_dags/example_dag_decorator.py
[2024-09-10T02:03:08.211+0800] {logging_mixin.py:190} INFO - [2024-09-10T02:03:08.211+0800] {dag.py:3229} INFO - Sync 1 DAGs
[2024-09-10T02:03:08.214+0800] {logging_mixin.py:190} INFO - [2024-09-10T02:03:08.214+0800] {dag.py:4156} INFO - Setting next_dagrun for example_dag_decorator to None, run_after=None
[2024-09-10T02:03:08.222+0800] {processor.py:208} INFO - Processing /Users/erniesg/.pyenv/versions/3.12.5/envs/letters_home/lib/python3.12/site-packages/airflow/example_dags/example_dag_decorator.py took 0.160 seconds
[2024-09-10T02:06:08.348+0800] {processor.py:186} INFO - Started process (PID=68226) to work on /Users/erniesg/.pyenv/versions/3.12.5/envs/letters_home/lib/python3.12/site-packages/airflow/example_dags/example_dag_decorator.py
[2024-09-10T02:06:08.348+0800] {processor.py:914} INFO - Processing file /Users/erniesg/.pyenv/versions/3.12.5/envs/letters_home/lib/python3.12/site-packages/airflow/example_dags/example_dag_decorator.py for tasks to queue
[2024-09-10T02:06:08.348+0800] {logging_mixin.py:190} INFO - [2024-09-10T02:06:08.348+0800] {dagbag.py:587} INFO - Filling up the DagBag from /Users/erniesg/.pyenv/versions/3.12.5/envs/letters_home/lib/python3.12/site-packages/airflow/example_dags/example_dag_decorator.py
[2024-09-10T02:06:08.416+0800] {processor.py:925} INFO - DAG(s) 'example_dag_decorator' retrieved from /Users/erniesg/.pyenv/versions/3.12.5/envs/letters_home/lib/python3.12/site-packages/airflow/example_dags/example_dag_decorator.py
[2024-09-10T02:06:08.481+0800] {logging_mixin.py:190} INFO - [2024-09-10T02:06:08.481+0800] {dag.py:3229} INFO - Sync 1 DAGs
[2024-09-10T02:06:08.484+0800] {logging_mixin.py:190} INFO - [2024-09-10T02:06:08.484+0800] {dag.py:4156} INFO - Setting next_dagrun for example_dag_decorator to None, run_after=None
[2024-09-10T02:06:08.491+0800] {processor.py:208} INFO - Processing /Users/erniesg/.pyenv/versions/3.12.5/envs/letters_home/lib/python3.12/site-packages/airflow/example_dags/example_dag_decorator.py took 0.145 seconds
[2024-09-10T02:08:53.735+0800] {processor.py:186} INFO - Started process (PID=68548) to work on /Users/erniesg/.pyenv/versions/3.12.5/envs/letters_home/lib/python3.12/site-packages/airflow/example_dags/example_dag_decorator.py
[2024-09-10T02:08:53.735+0800] {processor.py:914} INFO - Processing file /Users/erniesg/.pyenv/versions/3.12.5/envs/letters_home/lib/python3.12/site-packages/airflow/example_dags/example_dag_decorator.py for tasks to queue
[2024-09-10T02:08:53.735+0800] {logging_mixin.py:190} INFO - [2024-09-10T02:08:53.735+0800] {dagbag.py:587} INFO - Filling up the DagBag from /Users/erniesg/.pyenv/versions/3.12.5/envs/letters_home/lib/python3.12/site-packages/airflow/example_dags/example_dag_decorator.py
[2024-09-10T02:08:53.805+0800] {processor.py:925} INFO - DAG(s) 'example_dag_decorator' retrieved from /Users/erniesg/.pyenv/versions/3.12.5/envs/letters_home/lib/python3.12/site-packages/airflow/example_dags/example_dag_decorator.py
[2024-09-10T02:08:53.871+0800] {logging_mixin.py:190} INFO - [2024-09-10T02:08:53.871+0800] {dag.py:3229} INFO - Sync 1 DAGs
[2024-09-10T02:08:53.874+0800] {logging_mixin.py:190} INFO - [2024-09-10T02:08:53.874+0800] {dag.py:4156} INFO - Setting next_dagrun for example_dag_decorator to None, run_after=None
[2024-09-10T02:08:53.880+0800] {processor.py:208} INFO - Processing /Users/erniesg/.pyenv/versions/3.12.5/envs/letters_home/lib/python3.12/site-packages/airflow/example_dags/example_dag_decorator.py took 0.147 seconds
[2024-09-10T02:13:27.504+0800] {processor.py:186} INFO - Started process (PID=69305) to work on /Users/erniesg/.pyenv/versions/3.12.5/envs/letters_home/lib/python3.12/site-packages/airflow/example_dags/example_dag_decorator.py
[2024-09-10T02:13:27.504+0800] {processor.py:914} INFO - Processing file /Users/erniesg/.pyenv/versions/3.12.5/envs/letters_home/lib/python3.12/site-packages/airflow/example_dags/example_dag_decorator.py for tasks to queue
[2024-09-10T02:13:27.504+0800] {logging_mixin.py:190} INFO - [2024-09-10T02:13:27.504+0800] {dagbag.py:587} INFO - Filling up the DagBag from /Users/erniesg/.pyenv/versions/3.12.5/envs/letters_home/lib/python3.12/site-packages/airflow/example_dags/example_dag_decorator.py
[2024-09-10T02:13:27.575+0800] {processor.py:925} INFO - DAG(s) 'example_dag_decorator' retrieved from /Users/erniesg/.pyenv/versions/3.12.5/envs/letters_home/lib/python3.12/site-packages/airflow/example_dags/example_dag_decorator.py
[2024-09-10T02:13:27.641+0800] {logging_mixin.py:190} INFO - [2024-09-10T02:13:27.640+0800] {dag.py:3229} INFO - Sync 1 DAGs
[2024-09-10T02:13:27.644+0800] {logging_mixin.py:190} INFO - [2024-09-10T02:13:27.644+0800] {dag.py:4156} INFO - Setting next_dagrun for example_dag_decorator to None, run_after=None
[2024-09-10T02:13:27.651+0800] {processor.py:208} INFO - Processing /Users/erniesg/.pyenv/versions/3.12.5/envs/letters_home/lib/python3.12/site-packages/airflow/example_dags/example_dag_decorator.py took 0.148 seconds
[2024-09-10T02:16:50.225+0800] {processor.py:186} INFO - Started process (PID=69769) to work on /Users/erniesg/.pyenv/versions/3.12.5/envs/letters_home/lib/python3.12/site-packages/airflow/example_dags/example_dag_decorator.py
[2024-09-10T02:16:50.226+0800] {processor.py:914} INFO - Processing file /Users/erniesg/.pyenv/versions/3.12.5/envs/letters_home/lib/python3.12/site-packages/airflow/example_dags/example_dag_decorator.py for tasks to queue
[2024-09-10T02:16:50.226+0800] {logging_mixin.py:190} INFO - [2024-09-10T02:16:50.226+0800] {dagbag.py:587} INFO - Filling up the DagBag from /Users/erniesg/.pyenv/versions/3.12.5/envs/letters_home/lib/python3.12/site-packages/airflow/example_dags/example_dag_decorator.py
[2024-09-10T02:16:50.294+0800] {processor.py:925} INFO - DAG(s) 'example_dag_decorator' retrieved from /Users/erniesg/.pyenv/versions/3.12.5/envs/letters_home/lib/python3.12/site-packages/airflow/example_dags/example_dag_decorator.py
[2024-09-10T02:16:50.362+0800] {logging_mixin.py:190} INFO - [2024-09-10T02:16:50.362+0800] {dag.py:3229} INFO - Sync 1 DAGs
[2024-09-10T02:16:50.366+0800] {logging_mixin.py:190} INFO - [2024-09-10T02:16:50.366+0800] {dag.py:4156} INFO - Setting next_dagrun for example_dag_decorator to None, run_after=None
[2024-09-10T02:16:50.373+0800] {processor.py:208} INFO - Processing /Users/erniesg/.pyenv/versions/3.12.5/envs/letters_home/lib/python3.12/site-packages/airflow/example_dags/example_dag_decorator.py took 0.148 seconds
[2024-09-10T02:19:39.142+0800] {processor.py:186} INFO - Started process (PID=70316) to work on /Users/erniesg/.pyenv/versions/3.12.5/envs/letters_home/lib/python3.12/site-packages/airflow/example_dags/example_dag_decorator.py
[2024-09-10T02:19:39.143+0800] {processor.py:914} INFO - Processing file /Users/erniesg/.pyenv/versions/3.12.5/envs/letters_home/lib/python3.12/site-packages/airflow/example_dags/example_dag_decorator.py for tasks to queue
[2024-09-10T02:19:39.143+0800] {logging_mixin.py:190} INFO - [2024-09-10T02:19:39.143+0800] {dagbag.py:587} INFO - Filling up the DagBag from /Users/erniesg/.pyenv/versions/3.12.5/envs/letters_home/lib/python3.12/site-packages/airflow/example_dags/example_dag_decorator.py
[2024-09-10T02:19:39.217+0800] {processor.py:925} INFO - DAG(s) 'example_dag_decorator' retrieved from /Users/erniesg/.pyenv/versions/3.12.5/envs/letters_home/lib/python3.12/site-packages/airflow/example_dags/example_dag_decorator.py
[2024-09-10T02:19:39.287+0800] {logging_mixin.py:190} INFO - [2024-09-10T02:19:39.287+0800] {dag.py:3229} INFO - Sync 1 DAGs
[2024-09-10T02:19:39.291+0800] {logging_mixin.py:190} INFO - [2024-09-10T02:19:39.291+0800] {dag.py:4156} INFO - Setting next_dagrun for example_dag_decorator to None, run_after=None
[2024-09-10T02:19:39.298+0800] {processor.py:208} INFO - Processing /Users/erniesg/.pyenv/versions/3.12.5/envs/letters_home/lib/python3.12/site-packages/airflow/example_dags/example_dag_decorator.py took 0.157 seconds
