[2024-09-10T01:38:06.622+0800] {processor.py:186} INFO - Started process (PID=58008) to work on /Users/erniesg/.pyenv/versions/3.12.5/envs/letters_home/lib/python3.12/site-packages/airflow/example_dags/example_inlet_event_extra.py
[2024-09-10T01:38:06.623+0800] {processor.py:914} INFO - Processing file /Users/erniesg/.pyenv/versions/3.12.5/envs/letters_home/lib/python3.12/site-packages/airflow/example_dags/example_inlet_event_extra.py for tasks to queue
[2024-09-10T01:38:06.623+0800] {logging_mixin.py:190} INFO - [2024-09-10T01:38:06.623+0800] {dagbag.py:587} INFO - Filling up the DagBag from /Users/erniesg/.pyenv/versions/3.12.5/envs/letters_home/lib/python3.12/site-packages/airflow/example_dags/example_inlet_event_extra.py
[2024-09-10T01:38:06.658+0800] {processor.py:925} INFO - DAG(s) 'read_dataset_event_from_classic', 'read_dataset_event' retrieved from /Users/erniesg/.pyenv/versions/3.12.5/envs/letters_home/lib/python3.12/site-packages/airflow/example_dags/example_inlet_event_extra.py
[2024-09-10T01:38:06.727+0800] {logging_mixin.py:190} INFO - [2024-09-10T01:38:06.727+0800] {override.py:1900} INFO - Created Permission View: can edit on DAG:read_dataset_event_from_classic
[2024-09-10T01:38:06.731+0800] {logging_mixin.py:190} INFO - [2024-09-10T01:38:06.731+0800] {override.py:1900} INFO - Created Permission View: can delete on DAG:read_dataset_event_from_classic
[2024-09-10T01:38:06.733+0800] {logging_mixin.py:190} INFO - [2024-09-10T01:38:06.733+0800] {override.py:1900} INFO - Created Permission View: can read on DAG:read_dataset_event_from_classic
[2024-09-10T01:38:06.736+0800] {logging_mixin.py:190} INFO - [2024-09-10T01:38:06.736+0800] {override.py:1900} INFO - Created Permission View: can create on DAG Run:read_dataset_event_from_classic
[2024-09-10T01:38:06.739+0800] {logging_mixin.py:190} INFO - [2024-09-10T01:38:06.739+0800] {override.py:1900} INFO - Created Permission View: can delete on DAG Run:read_dataset_event_from_classic
[2024-09-10T01:38:06.741+0800] {logging_mixin.py:190} INFO - [2024-09-10T01:38:06.741+0800] {override.py:1900} INFO - Created Permission View: menu access on DAG Run:read_dataset_event_from_classic
[2024-09-10T01:38:06.743+0800] {logging_mixin.py:190} INFO - [2024-09-10T01:38:06.743+0800] {override.py:1900} INFO - Created Permission View: can read on DAG Run:read_dataset_event_from_classic
[2024-09-10T01:38:06.747+0800] {logging_mixin.py:190} INFO - [2024-09-10T01:38:06.747+0800] {override.py:1900} INFO - Created Permission View: can edit on DAG:read_dataset_event
[2024-09-10T01:38:06.749+0800] {logging_mixin.py:190} INFO - [2024-09-10T01:38:06.749+0800] {override.py:1900} INFO - Created Permission View: can delete on DAG:read_dataset_event
[2024-09-10T01:38:06.751+0800] {logging_mixin.py:190} INFO - [2024-09-10T01:38:06.751+0800] {override.py:1900} INFO - Created Permission View: can read on DAG:read_dataset_event
[2024-09-10T01:38:06.754+0800] {logging_mixin.py:190} INFO - [2024-09-10T01:38:06.753+0800] {override.py:1900} INFO - Created Permission View: can create on DAG Run:read_dataset_event
[2024-09-10T01:38:06.755+0800] {logging_mixin.py:190} INFO - [2024-09-10T01:38:06.755+0800] {override.py:1900} INFO - Created Permission View: can delete on DAG Run:read_dataset_event
[2024-09-10T01:38:06.757+0800] {logging_mixin.py:190} INFO - [2024-09-10T01:38:06.757+0800] {override.py:1900} INFO - Created Permission View: menu access on DAG Run:read_dataset_event
[2024-09-10T01:38:06.759+0800] {logging_mixin.py:190} INFO - [2024-09-10T01:38:06.759+0800] {override.py:1900} INFO - Created Permission View: can read on DAG Run:read_dataset_event
[2024-09-10T01:38:06.759+0800] {logging_mixin.py:190} INFO - [2024-09-10T01:38:06.759+0800] {dag.py:3229} INFO - Sync 2 DAGs
[2024-09-10T01:38:06.764+0800] {logging_mixin.py:190} INFO - [2024-09-10T01:38:06.764+0800] {dag.py:3252} INFO - Creating ORM DAG for read_dataset_event
[2024-09-10T01:38:06.764+0800] {logging_mixin.py:190} INFO - [2024-09-10T01:38:06.764+0800] {dag.py:3252} INFO - Creating ORM DAG for read_dataset_event_from_classic
[2024-09-10T01:38:06.767+0800] {logging_mixin.py:190} INFO - [2024-09-10T01:38:06.767+0800] {dag.py:4156} INFO - Setting next_dagrun for read_dataset_event to 2024-09-08 00:00:00+00:00, run_after=2024-09-09 00:00:00+00:00
[2024-09-10T01:38:06.768+0800] {logging_mixin.py:190} INFO - [2024-09-10T01:38:06.768+0800] {dag.py:4156} INFO - Setting next_dagrun for read_dataset_event_from_classic to 2024-09-08 00:00:00+00:00, run_after=2024-09-09 00:00:00+00:00
[2024-09-10T01:38:06.774+0800] {processor.py:208} INFO - Processing /Users/erniesg/.pyenv/versions/3.12.5/envs/letters_home/lib/python3.12/site-packages/airflow/example_dags/example_inlet_event_extra.py took 0.153 seconds
[2024-09-10T01:39:55.801+0800] {processor.py:186} INFO - Started process (PID=58111) to work on /Users/erniesg/.pyenv/versions/3.12.5/envs/letters_home/lib/python3.12/site-packages/airflow/example_dags/example_inlet_event_extra.py
[2024-09-10T01:39:55.801+0800] {processor.py:914} INFO - Processing file /Users/erniesg/.pyenv/versions/3.12.5/envs/letters_home/lib/python3.12/site-packages/airflow/example_dags/example_inlet_event_extra.py for tasks to queue
[2024-09-10T01:39:55.801+0800] {logging_mixin.py:190} INFO - [2024-09-10T01:39:55.801+0800] {dagbag.py:587} INFO - Filling up the DagBag from /Users/erniesg/.pyenv/versions/3.12.5/envs/letters_home/lib/python3.12/site-packages/airflow/example_dags/example_inlet_event_extra.py
[2024-09-10T01:39:55.835+0800] {processor.py:925} INFO - DAG(s) 'read_dataset_event_from_classic', 'read_dataset_event' retrieved from /Users/erniesg/.pyenv/versions/3.12.5/envs/letters_home/lib/python3.12/site-packages/airflow/example_dags/example_inlet_event_extra.py
[2024-09-10T01:39:55.872+0800] {logging_mixin.py:190} INFO - [2024-09-10T01:39:55.872+0800] {dag.py:3229} INFO - Sync 2 DAGs
[2024-09-10T01:39:55.880+0800] {logging_mixin.py:190} INFO - [2024-09-10T01:39:55.880+0800] {dag.py:4156} INFO - Setting next_dagrun for read_dataset_event to 2024-09-08 00:00:00+00:00, run_after=2024-09-09 00:00:00+00:00
[2024-09-10T01:39:55.882+0800] {logging_mixin.py:190} INFO - [2024-09-10T01:39:55.882+0800] {dag.py:4156} INFO - Setting next_dagrun for read_dataset_event_from_classic to 2024-09-08 00:00:00+00:00, run_after=2024-09-09 00:00:00+00:00
[2024-09-10T01:39:55.889+0800] {processor.py:208} INFO - Processing /Users/erniesg/.pyenv/versions/3.12.5/envs/letters_home/lib/python3.12/site-packages/airflow/example_dags/example_inlet_event_extra.py took 0.089 seconds
[2024-09-10T01:42:37.508+0800] {processor.py:186} INFO - Started process (PID=58260) to work on /Users/erniesg/.pyenv/versions/3.12.5/envs/letters_home/lib/python3.12/site-packages/airflow/example_dags/example_inlet_event_extra.py
[2024-09-10T01:42:37.508+0800] {processor.py:914} INFO - Processing file /Users/erniesg/.pyenv/versions/3.12.5/envs/letters_home/lib/python3.12/site-packages/airflow/example_dags/example_inlet_event_extra.py for tasks to queue
[2024-09-10T01:42:37.509+0800] {logging_mixin.py:190} INFO - [2024-09-10T01:42:37.509+0800] {dagbag.py:587} INFO - Filling up the DagBag from /Users/erniesg/.pyenv/versions/3.12.5/envs/letters_home/lib/python3.12/site-packages/airflow/example_dags/example_inlet_event_extra.py
[2024-09-10T01:42:37.543+0800] {processor.py:925} INFO - DAG(s) 'read_dataset_event_from_classic', 'read_dataset_event' retrieved from /Users/erniesg/.pyenv/versions/3.12.5/envs/letters_home/lib/python3.12/site-packages/airflow/example_dags/example_inlet_event_extra.py
[2024-09-10T01:42:37.581+0800] {logging_mixin.py:190} INFO - [2024-09-10T01:42:37.581+0800] {dag.py:3229} INFO - Sync 2 DAGs
[2024-09-10T01:42:37.588+0800] {logging_mixin.py:190} INFO - [2024-09-10T01:42:37.588+0800] {dag.py:4156} INFO - Setting next_dagrun for read_dataset_event to 2024-09-08 00:00:00+00:00, run_after=2024-09-09 00:00:00+00:00
[2024-09-10T01:42:37.590+0800] {logging_mixin.py:190} INFO - [2024-09-10T01:42:37.590+0800] {dag.py:4156} INFO - Setting next_dagrun for read_dataset_event_from_classic to 2024-09-08 00:00:00+00:00, run_after=2024-09-09 00:00:00+00:00
[2024-09-10T01:42:37.596+0800] {processor.py:208} INFO - Processing /Users/erniesg/.pyenv/versions/3.12.5/envs/letters_home/lib/python3.12/site-packages/airflow/example_dags/example_inlet_event_extra.py took 0.089 seconds
[2024-09-10T02:00:11.659+0800] {processor.py:186} INFO - Started process (PID=67589) to work on /Users/erniesg/.pyenv/versions/3.12.5/envs/letters_home/lib/python3.12/site-packages/airflow/example_dags/example_inlet_event_extra.py
[2024-09-10T02:00:11.659+0800] {processor.py:914} INFO - Processing file /Users/erniesg/.pyenv/versions/3.12.5/envs/letters_home/lib/python3.12/site-packages/airflow/example_dags/example_inlet_event_extra.py for tasks to queue
[2024-09-10T02:00:11.660+0800] {logging_mixin.py:190} INFO - [2024-09-10T02:00:11.660+0800] {dagbag.py:587} INFO - Filling up the DagBag from /Users/erniesg/.pyenv/versions/3.12.5/envs/letters_home/lib/python3.12/site-packages/airflow/example_dags/example_inlet_event_extra.py
[2024-09-10T02:00:11.693+0800] {processor.py:925} INFO - DAG(s) 'read_dataset_event_from_classic', 'read_dataset_event' retrieved from /Users/erniesg/.pyenv/versions/3.12.5/envs/letters_home/lib/python3.12/site-packages/airflow/example_dags/example_inlet_event_extra.py
[2024-09-10T02:00:11.728+0800] {logging_mixin.py:190} INFO - [2024-09-10T02:00:11.728+0800] {dag.py:3229} INFO - Sync 2 DAGs
[2024-09-10T02:00:11.736+0800] {logging_mixin.py:190} INFO - [2024-09-10T02:00:11.736+0800] {dag.py:4156} INFO - Setting next_dagrun for read_dataset_event to 2024-09-08 00:00:00+00:00, run_after=2024-09-09 00:00:00+00:00
[2024-09-10T02:00:11.738+0800] {logging_mixin.py:190} INFO - [2024-09-10T02:00:11.738+0800] {dag.py:4156} INFO - Setting next_dagrun for read_dataset_event_from_classic to 2024-09-08 00:00:00+00:00, run_after=2024-09-09 00:00:00+00:00
[2024-09-10T02:00:11.744+0800] {processor.py:208} INFO - Processing /Users/erniesg/.pyenv/versions/3.12.5/envs/letters_home/lib/python3.12/site-packages/airflow/example_dags/example_inlet_event_extra.py took 0.086 seconds
[2024-09-10T02:02:02.136+0800] {processor.py:186} INFO - Started process (PID=67940) to work on /Users/erniesg/.pyenv/versions/3.12.5/envs/letters_home/lib/python3.12/site-packages/airflow/example_dags/example_inlet_event_extra.py
[2024-09-10T02:02:02.137+0800] {processor.py:914} INFO - Processing file /Users/erniesg/.pyenv/versions/3.12.5/envs/letters_home/lib/python3.12/site-packages/airflow/example_dags/example_inlet_event_extra.py for tasks to queue
[2024-09-10T02:02:02.137+0800] {logging_mixin.py:190} INFO - [2024-09-10T02:02:02.137+0800] {dagbag.py:587} INFO - Filling up the DagBag from /Users/erniesg/.pyenv/versions/3.12.5/envs/letters_home/lib/python3.12/site-packages/airflow/example_dags/example_inlet_event_extra.py
[2024-09-10T02:02:02.172+0800] {processor.py:925} INFO - DAG(s) 'read_dataset_event_from_classic', 'read_dataset_event' retrieved from /Users/erniesg/.pyenv/versions/3.12.5/envs/letters_home/lib/python3.12/site-packages/airflow/example_dags/example_inlet_event_extra.py
[2024-09-10T02:02:02.208+0800] {logging_mixin.py:190} INFO - [2024-09-10T02:02:02.208+0800] {dag.py:3229} INFO - Sync 2 DAGs
[2024-09-10T02:02:02.215+0800] {logging_mixin.py:190} INFO - [2024-09-10T02:02:02.215+0800] {dag.py:4156} INFO - Setting next_dagrun for read_dataset_event to 2024-09-08 00:00:00+00:00, run_after=2024-09-09 00:00:00+00:00
[2024-09-10T02:02:02.217+0800] {logging_mixin.py:190} INFO - [2024-09-10T02:02:02.216+0800] {dag.py:4156} INFO - Setting next_dagrun for read_dataset_event_from_classic to 2024-09-08 00:00:00+00:00, run_after=2024-09-09 00:00:00+00:00
[2024-09-10T02:02:02.222+0800] {processor.py:208} INFO - Processing /Users/erniesg/.pyenv/versions/3.12.5/envs/letters_home/lib/python3.12/site-packages/airflow/example_dags/example_inlet_event_extra.py took 0.087 seconds
[2024-09-10T02:04:47.728+0800] {processor.py:186} INFO - Started process (PID=68132) to work on /Users/erniesg/.pyenv/versions/3.12.5/envs/letters_home/lib/python3.12/site-packages/airflow/example_dags/example_inlet_event_extra.py
[2024-09-10T02:04:47.728+0800] {processor.py:914} INFO - Processing file /Users/erniesg/.pyenv/versions/3.12.5/envs/letters_home/lib/python3.12/site-packages/airflow/example_dags/example_inlet_event_extra.py for tasks to queue
[2024-09-10T02:04:47.729+0800] {logging_mixin.py:190} INFO - [2024-09-10T02:04:47.729+0800] {dagbag.py:587} INFO - Filling up the DagBag from /Users/erniesg/.pyenv/versions/3.12.5/envs/letters_home/lib/python3.12/site-packages/airflow/example_dags/example_inlet_event_extra.py
[2024-09-10T02:04:47.765+0800] {processor.py:925} INFO - DAG(s) 'read_dataset_event_from_classic', 'read_dataset_event' retrieved from /Users/erniesg/.pyenv/versions/3.12.5/envs/letters_home/lib/python3.12/site-packages/airflow/example_dags/example_inlet_event_extra.py
[2024-09-10T02:04:47.803+0800] {logging_mixin.py:190} INFO - [2024-09-10T02:04:47.803+0800] {dag.py:3229} INFO - Sync 2 DAGs
[2024-09-10T02:04:47.812+0800] {logging_mixin.py:190} INFO - [2024-09-10T02:04:47.812+0800] {dag.py:4156} INFO - Setting next_dagrun for read_dataset_event to 2024-09-08 00:00:00+00:00, run_after=2024-09-09 00:00:00+00:00
[2024-09-10T02:04:47.814+0800] {logging_mixin.py:190} INFO - [2024-09-10T02:04:47.814+0800] {dag.py:4156} INFO - Setting next_dagrun for read_dataset_event_from_classic to 2024-09-08 00:00:00+00:00, run_after=2024-09-09 00:00:00+00:00
[2024-09-10T02:04:47.820+0800] {processor.py:208} INFO - Processing /Users/erniesg/.pyenv/versions/3.12.5/envs/letters_home/lib/python3.12/site-packages/airflow/example_dags/example_inlet_event_extra.py took 0.093 seconds
[2024-09-10T02:07:45.551+0800] {processor.py:186} INFO - Started process (PID=68432) to work on /Users/erniesg/.pyenv/versions/3.12.5/envs/letters_home/lib/python3.12/site-packages/airflow/example_dags/example_inlet_event_extra.py
[2024-09-10T02:07:45.552+0800] {processor.py:914} INFO - Processing file /Users/erniesg/.pyenv/versions/3.12.5/envs/letters_home/lib/python3.12/site-packages/airflow/example_dags/example_inlet_event_extra.py for tasks to queue
[2024-09-10T02:07:45.552+0800] {logging_mixin.py:190} INFO - [2024-09-10T02:07:45.552+0800] {dagbag.py:587} INFO - Filling up the DagBag from /Users/erniesg/.pyenv/versions/3.12.5/envs/letters_home/lib/python3.12/site-packages/airflow/example_dags/example_inlet_event_extra.py
[2024-09-10T02:07:45.584+0800] {processor.py:925} INFO - DAG(s) 'read_dataset_event_from_classic', 'read_dataset_event' retrieved from /Users/erniesg/.pyenv/versions/3.12.5/envs/letters_home/lib/python3.12/site-packages/airflow/example_dags/example_inlet_event_extra.py
[2024-09-10T02:07:45.617+0800] {logging_mixin.py:190} INFO - [2024-09-10T02:07:45.617+0800] {dag.py:3229} INFO - Sync 2 DAGs
[2024-09-10T02:07:45.624+0800] {logging_mixin.py:190} INFO - [2024-09-10T02:07:45.624+0800] {dag.py:4156} INFO - Setting next_dagrun for read_dataset_event to 2024-09-08 00:00:00+00:00, run_after=2024-09-09 00:00:00+00:00
[2024-09-10T02:07:45.626+0800] {logging_mixin.py:190} INFO - [2024-09-10T02:07:45.626+0800] {dag.py:4156} INFO - Setting next_dagrun for read_dataset_event_from_classic to 2024-09-08 00:00:00+00:00, run_after=2024-09-09 00:00:00+00:00
[2024-09-10T02:07:45.632+0800] {processor.py:208} INFO - Processing /Users/erniesg/.pyenv/versions/3.12.5/envs/letters_home/lib/python3.12/site-packages/airflow/example_dags/example_inlet_event_extra.py took 0.081 seconds
[2024-09-10T02:13:11.404+0800] {processor.py:186} INFO - Started process (PID=69293) to work on /Users/erniesg/.pyenv/versions/3.12.5/envs/letters_home/lib/python3.12/site-packages/airflow/example_dags/example_inlet_event_extra.py
[2024-09-10T02:13:11.404+0800] {processor.py:914} INFO - Processing file /Users/erniesg/.pyenv/versions/3.12.5/envs/letters_home/lib/python3.12/site-packages/airflow/example_dags/example_inlet_event_extra.py for tasks to queue
[2024-09-10T02:13:11.405+0800] {logging_mixin.py:190} INFO - [2024-09-10T02:13:11.404+0800] {dagbag.py:587} INFO - Filling up the DagBag from /Users/erniesg/.pyenv/versions/3.12.5/envs/letters_home/lib/python3.12/site-packages/airflow/example_dags/example_inlet_event_extra.py
[2024-09-10T02:13:11.439+0800] {processor.py:925} INFO - DAG(s) 'read_dataset_event', 'read_dataset_event_from_classic' retrieved from /Users/erniesg/.pyenv/versions/3.12.5/envs/letters_home/lib/python3.12/site-packages/airflow/example_dags/example_inlet_event_extra.py
[2024-09-10T02:13:11.476+0800] {logging_mixin.py:190} INFO - [2024-09-10T02:13:11.475+0800] {dag.py:3229} INFO - Sync 2 DAGs
[2024-09-10T02:13:11.483+0800] {logging_mixin.py:190} INFO - [2024-09-10T02:13:11.483+0800] {dag.py:4156} INFO - Setting next_dagrun for read_dataset_event to 2024-09-08 00:00:00+00:00, run_after=2024-09-09 00:00:00+00:00
[2024-09-10T02:13:11.484+0800] {logging_mixin.py:190} INFO - [2024-09-10T02:13:11.484+0800] {dag.py:4156} INFO - Setting next_dagrun for read_dataset_event_from_classic to 2024-09-08 00:00:00+00:00, run_after=2024-09-09 00:00:00+00:00
[2024-09-10T02:13:11.490+0800] {processor.py:208} INFO - Processing /Users/erniesg/.pyenv/versions/3.12.5/envs/letters_home/lib/python3.12/site-packages/airflow/example_dags/example_inlet_event_extra.py took 0.088 seconds
[2024-09-10T02:16:33.705+0800] {processor.py:186} INFO - Started process (PID=69753) to work on /Users/erniesg/.pyenv/versions/3.12.5/envs/letters_home/lib/python3.12/site-packages/airflow/example_dags/example_inlet_event_extra.py
[2024-09-10T02:16:33.705+0800] {processor.py:914} INFO - Processing file /Users/erniesg/.pyenv/versions/3.12.5/envs/letters_home/lib/python3.12/site-packages/airflow/example_dags/example_inlet_event_extra.py for tasks to queue
[2024-09-10T02:16:33.706+0800] {logging_mixin.py:190} INFO - [2024-09-10T02:16:33.706+0800] {dagbag.py:587} INFO - Filling up the DagBag from /Users/erniesg/.pyenv/versions/3.12.5/envs/letters_home/lib/python3.12/site-packages/airflow/example_dags/example_inlet_event_extra.py
[2024-09-10T02:16:33.740+0800] {processor.py:925} INFO - DAG(s) 'read_dataset_event', 'read_dataset_event_from_classic' retrieved from /Users/erniesg/.pyenv/versions/3.12.5/envs/letters_home/lib/python3.12/site-packages/airflow/example_dags/example_inlet_event_extra.py
[2024-09-10T02:16:33.774+0800] {logging_mixin.py:190} INFO - [2024-09-10T02:16:33.774+0800] {dag.py:3229} INFO - Sync 2 DAGs
[2024-09-10T02:16:33.781+0800] {logging_mixin.py:190} INFO - [2024-09-10T02:16:33.781+0800] {dag.py:4156} INFO - Setting next_dagrun for read_dataset_event to 2024-09-08 00:00:00+00:00, run_after=2024-09-09 00:00:00+00:00
[2024-09-10T02:16:33.783+0800] {logging_mixin.py:190} INFO - [2024-09-10T02:16:33.783+0800] {dag.py:4156} INFO - Setting next_dagrun for read_dataset_event_from_classic to 2024-09-08 00:00:00+00:00, run_after=2024-09-09 00:00:00+00:00
[2024-09-10T02:16:33.788+0800] {processor.py:208} INFO - Processing /Users/erniesg/.pyenv/versions/3.12.5/envs/letters_home/lib/python3.12/site-packages/airflow/example_dags/example_inlet_event_extra.py took 0.085 seconds
[2024-09-10T02:18:29.263+0800] {processor.py:186} INFO - Started process (PID=69914) to work on /Users/erniesg/.pyenv/versions/3.12.5/envs/letters_home/lib/python3.12/site-packages/airflow/example_dags/example_inlet_event_extra.py
[2024-09-10T02:18:29.264+0800] {processor.py:914} INFO - Processing file /Users/erniesg/.pyenv/versions/3.12.5/envs/letters_home/lib/python3.12/site-packages/airflow/example_dags/example_inlet_event_extra.py for tasks to queue
[2024-09-10T02:18:29.264+0800] {logging_mixin.py:190} INFO - [2024-09-10T02:18:29.264+0800] {dagbag.py:587} INFO - Filling up the DagBag from /Users/erniesg/.pyenv/versions/3.12.5/envs/letters_home/lib/python3.12/site-packages/airflow/example_dags/example_inlet_event_extra.py
[2024-09-10T02:18:29.298+0800] {processor.py:925} INFO - DAG(s) 'read_dataset_event', 'read_dataset_event_from_classic' retrieved from /Users/erniesg/.pyenv/versions/3.12.5/envs/letters_home/lib/python3.12/site-packages/airflow/example_dags/example_inlet_event_extra.py
[2024-09-10T02:18:29.333+0800] {logging_mixin.py:190} INFO - [2024-09-10T02:18:29.333+0800] {dag.py:3229} INFO - Sync 2 DAGs
[2024-09-10T02:18:29.340+0800] {logging_mixin.py:190} INFO - [2024-09-10T02:18:29.340+0800] {dag.py:4156} INFO - Setting next_dagrun for read_dataset_event to 2024-09-08 00:00:00+00:00, run_after=2024-09-09 00:00:00+00:00
[2024-09-10T02:18:29.342+0800] {logging_mixin.py:190} INFO - [2024-09-10T02:18:29.342+0800] {dag.py:4156} INFO - Setting next_dagrun for read_dataset_event_from_classic to 2024-09-08 00:00:00+00:00, run_after=2024-09-09 00:00:00+00:00
[2024-09-10T02:18:29.348+0800] {processor.py:208} INFO - Processing /Users/erniesg/.pyenv/versions/3.12.5/envs/letters_home/lib/python3.12/site-packages/airflow/example_dags/example_inlet_event_extra.py took 0.085 seconds
