[2024-09-10T01:37:20.764+0800] {processor.py:186} INFO - Started process (PID=57531) to work on /Users/erniesg/.pyenv/versions/3.12.5/envs/letters_home/lib/python3.12/site-packages/airflow/example_dags/example_trigger_controller_dag.py
[2024-09-10T01:37:20.764+0800] {processor.py:914} INFO - Processing file /Users/erniesg/.pyenv/versions/3.12.5/envs/letters_home/lib/python3.12/site-packages/airflow/example_dags/example_trigger_controller_dag.py for tasks to queue
[2024-09-10T01:37:20.764+0800] {logging_mixin.py:190} INFO - [2024-09-10T01:37:20.764+0800] {dagbag.py:587} INFO - Filling up the DagBag from /Users/erniesg/.pyenv/versions/3.12.5/envs/letters_home/lib/python3.12/site-packages/airflow/example_dags/example_trigger_controller_dag.py
[2024-09-10T01:37:20.769+0800] {processor.py:925} INFO - DAG(s) 'example_trigger_controller_dag' retrieved from /Users/erniesg/.pyenv/versions/3.12.5/envs/letters_home/lib/python3.12/site-packages/airflow/example_dags/example_trigger_controller_dag.py
[2024-09-10T01:37:20.833+0800] {logging_mixin.py:190} INFO - [2024-09-10T01:37:20.833+0800] {override.py:1900} INFO - Created Permission View: can delete on DAG:example_trigger_controller_dag
[2024-09-10T01:37:20.836+0800] {logging_mixin.py:190} INFO - [2024-09-10T01:37:20.836+0800] {override.py:1900} INFO - Created Permission View: can read on DAG:example_trigger_controller_dag
[2024-09-10T01:37:20.838+0800] {logging_mixin.py:190} INFO - [2024-09-10T01:37:20.838+0800] {override.py:1900} INFO - Created Permission View: can edit on DAG:example_trigger_controller_dag
[2024-09-10T01:37:20.840+0800] {logging_mixin.py:190} INFO - [2024-09-10T01:37:20.840+0800] {override.py:1900} INFO - Created Permission View: can delete on DAG Run:example_trigger_controller_dag
[2024-09-10T01:37:20.842+0800] {logging_mixin.py:190} INFO - [2024-09-10T01:37:20.842+0800] {override.py:1900} INFO - Created Permission View: can read on DAG Run:example_trigger_controller_dag
[2024-09-10T01:37:20.844+0800] {logging_mixin.py:190} INFO - [2024-09-10T01:37:20.844+0800] {override.py:1900} INFO - Created Permission View: menu access on DAG Run:example_trigger_controller_dag
[2024-09-10T01:37:20.846+0800] {logging_mixin.py:190} INFO - [2024-09-10T01:37:20.846+0800] {override.py:1900} INFO - Created Permission View: can create on DAG Run:example_trigger_controller_dag
[2024-09-10T01:37:20.846+0800] {logging_mixin.py:190} INFO - [2024-09-10T01:37:20.846+0800] {dag.py:3229} INFO - Sync 1 DAGs
[2024-09-10T01:37:20.850+0800] {logging_mixin.py:190} INFO - [2024-09-10T01:37:20.850+0800] {dag.py:3252} INFO - Creating ORM DAG for example_trigger_controller_dag
[2024-09-10T01:37:20.852+0800] {logging_mixin.py:190} INFO - [2024-09-10T01:37:20.852+0800] {dag.py:4156} INFO - Setting next_dagrun for example_trigger_controller_dag to 2021-01-01 00:00:00+00:00, run_after=2021-01-01 00:00:00+00:00
[2024-09-10T01:37:20.858+0800] {processor.py:208} INFO - Processing /Users/erniesg/.pyenv/versions/3.12.5/envs/letters_home/lib/python3.12/site-packages/airflow/example_dags/example_trigger_controller_dag.py took 0.095 seconds
[2024-09-10T01:39:10.309+0800] {processor.py:186} INFO - Started process (PID=58062) to work on /Users/erniesg/.pyenv/versions/3.12.5/envs/letters_home/lib/python3.12/site-packages/airflow/example_dags/example_trigger_controller_dag.py
[2024-09-10T01:39:10.309+0800] {processor.py:914} INFO - Processing file /Users/erniesg/.pyenv/versions/3.12.5/envs/letters_home/lib/python3.12/site-packages/airflow/example_dags/example_trigger_controller_dag.py for tasks to queue
[2024-09-10T01:39:10.310+0800] {logging_mixin.py:190} INFO - [2024-09-10T01:39:10.310+0800] {dagbag.py:587} INFO - Filling up the DagBag from /Users/erniesg/.pyenv/versions/3.12.5/envs/letters_home/lib/python3.12/site-packages/airflow/example_dags/example_trigger_controller_dag.py
[2024-09-10T01:39:10.314+0800] {processor.py:925} INFO - DAG(s) 'example_trigger_controller_dag' retrieved from /Users/erniesg/.pyenv/versions/3.12.5/envs/letters_home/lib/python3.12/site-packages/airflow/example_dags/example_trigger_controller_dag.py
[2024-09-10T01:39:10.348+0800] {logging_mixin.py:190} INFO - [2024-09-10T01:39:10.348+0800] {dag.py:3229} INFO - Sync 1 DAGs
[2024-09-10T01:39:10.354+0800] {logging_mixin.py:190} INFO - [2024-09-10T01:39:10.354+0800] {dag.py:4156} INFO - Setting next_dagrun for example_trigger_controller_dag to 2021-01-01 00:00:00+00:00, run_after=2021-01-01 00:00:00+00:00
[2024-09-10T01:39:10.361+0800] {processor.py:208} INFO - Processing /Users/erniesg/.pyenv/versions/3.12.5/envs/letters_home/lib/python3.12/site-packages/airflow/example_dags/example_trigger_controller_dag.py took 0.053 seconds
[2024-09-10T01:40:31.860+0800] {processor.py:186} INFO - Started process (PID=58149) to work on /Users/erniesg/.pyenv/versions/3.12.5/envs/letters_home/lib/python3.12/site-packages/airflow/example_dags/example_trigger_controller_dag.py
[2024-09-10T01:40:31.860+0800] {processor.py:914} INFO - Processing file /Users/erniesg/.pyenv/versions/3.12.5/envs/letters_home/lib/python3.12/site-packages/airflow/example_dags/example_trigger_controller_dag.py for tasks to queue
[2024-09-10T01:40:31.861+0800] {logging_mixin.py:190} INFO - [2024-09-10T01:40:31.861+0800] {dagbag.py:587} INFO - Filling up the DagBag from /Users/erniesg/.pyenv/versions/3.12.5/envs/letters_home/lib/python3.12/site-packages/airflow/example_dags/example_trigger_controller_dag.py
[2024-09-10T01:40:31.865+0800] {processor.py:925} INFO - DAG(s) 'example_trigger_controller_dag' retrieved from /Users/erniesg/.pyenv/versions/3.12.5/envs/letters_home/lib/python3.12/site-packages/airflow/example_dags/example_trigger_controller_dag.py
[2024-09-10T01:40:31.898+0800] {logging_mixin.py:190} INFO - [2024-09-10T01:40:31.898+0800] {dag.py:3229} INFO - Sync 1 DAGs
[2024-09-10T01:40:31.904+0800] {logging_mixin.py:190} INFO - [2024-09-10T01:40:31.904+0800] {dag.py:4156} INFO - Setting next_dagrun for example_trigger_controller_dag to 2021-01-01 00:00:00+00:00, run_after=2021-01-01 00:00:00+00:00
[2024-09-10T01:40:31.911+0800] {processor.py:208} INFO - Processing /Users/erniesg/.pyenv/versions/3.12.5/envs/letters_home/lib/python3.12/site-packages/airflow/example_dags/example_trigger_controller_dag.py took 0.052 seconds
[2024-09-10T01:41:50.256+0800] {processor.py:186} INFO - Started process (PID=58208) to work on /Users/erniesg/.pyenv/versions/3.12.5/envs/letters_home/lib/python3.12/site-packages/airflow/example_dags/example_trigger_controller_dag.py
[2024-09-10T01:41:50.257+0800] {processor.py:914} INFO - Processing file /Users/erniesg/.pyenv/versions/3.12.5/envs/letters_home/lib/python3.12/site-packages/airflow/example_dags/example_trigger_controller_dag.py for tasks to queue
[2024-09-10T01:41:50.257+0800] {logging_mixin.py:190} INFO - [2024-09-10T01:41:50.257+0800] {dagbag.py:587} INFO - Filling up the DagBag from /Users/erniesg/.pyenv/versions/3.12.5/envs/letters_home/lib/python3.12/site-packages/airflow/example_dags/example_trigger_controller_dag.py
[2024-09-10T01:41:50.261+0800] {processor.py:925} INFO - DAG(s) 'example_trigger_controller_dag' retrieved from /Users/erniesg/.pyenv/versions/3.12.5/envs/letters_home/lib/python3.12/site-packages/airflow/example_dags/example_trigger_controller_dag.py
[2024-09-10T01:41:50.294+0800] {logging_mixin.py:190} INFO - [2024-09-10T01:41:50.294+0800] {dag.py:3229} INFO - Sync 1 DAGs
[2024-09-10T01:41:50.300+0800] {logging_mixin.py:190} INFO - [2024-09-10T01:41:50.300+0800] {dag.py:4156} INFO - Setting next_dagrun for example_trigger_controller_dag to 2021-01-01 00:00:00+00:00, run_after=2021-01-01 00:00:00+00:00
[2024-09-10T01:41:50.306+0800] {processor.py:208} INFO - Processing /Users/erniesg/.pyenv/versions/3.12.5/envs/letters_home/lib/python3.12/site-packages/airflow/example_dags/example_trigger_controller_dag.py took 0.051 seconds
[2024-09-10T01:43:13.709+0800] {processor.py:186} INFO - Started process (PID=58595) to work on /Users/erniesg/.pyenv/versions/3.12.5/envs/letters_home/lib/python3.12/site-packages/airflow/example_dags/example_trigger_controller_dag.py
[2024-09-10T01:43:13.710+0800] {processor.py:914} INFO - Processing file /Users/erniesg/.pyenv/versions/3.12.5/envs/letters_home/lib/python3.12/site-packages/airflow/example_dags/example_trigger_controller_dag.py for tasks to queue
[2024-09-10T01:43:13.710+0800] {logging_mixin.py:190} INFO - [2024-09-10T01:43:13.710+0800] {dagbag.py:587} INFO - Filling up the DagBag from /Users/erniesg/.pyenv/versions/3.12.5/envs/letters_home/lib/python3.12/site-packages/airflow/example_dags/example_trigger_controller_dag.py
[2024-09-10T01:43:13.715+0800] {processor.py:925} INFO - DAG(s) 'example_trigger_controller_dag' retrieved from /Users/erniesg/.pyenv/versions/3.12.5/envs/letters_home/lib/python3.12/site-packages/airflow/example_dags/example_trigger_controller_dag.py
[2024-09-10T01:43:13.750+0800] {logging_mixin.py:190} INFO - [2024-09-10T01:43:13.750+0800] {dag.py:3229} INFO - Sync 1 DAGs
[2024-09-10T01:43:13.758+0800] {logging_mixin.py:190} INFO - [2024-09-10T01:43:13.757+0800] {dag.py:4156} INFO - Setting next_dagrun for example_trigger_controller_dag to 2021-01-01 00:00:00+00:00, run_after=2021-01-01 00:00:00+00:00
[2024-09-10T01:43:13.765+0800] {processor.py:208} INFO - Processing /Users/erniesg/.pyenv/versions/3.12.5/envs/letters_home/lib/python3.12/site-packages/airflow/example_dags/example_trigger_controller_dag.py took 0.057 seconds
[2024-09-10T01:44:35.065+0800] {processor.py:186} INFO - Started process (PID=58762) to work on /Users/erniesg/.pyenv/versions/3.12.5/envs/letters_home/lib/python3.12/site-packages/airflow/example_dags/example_trigger_controller_dag.py
[2024-09-10T01:44:35.065+0800] {processor.py:914} INFO - Processing file /Users/erniesg/.pyenv/versions/3.12.5/envs/letters_home/lib/python3.12/site-packages/airflow/example_dags/example_trigger_controller_dag.py for tasks to queue
[2024-09-10T01:44:35.066+0800] {logging_mixin.py:190} INFO - [2024-09-10T01:44:35.066+0800] {dagbag.py:587} INFO - Filling up the DagBag from /Users/erniesg/.pyenv/versions/3.12.5/envs/letters_home/lib/python3.12/site-packages/airflow/example_dags/example_trigger_controller_dag.py
[2024-09-10T01:44:35.070+0800] {processor.py:925} INFO - DAG(s) 'example_trigger_controller_dag' retrieved from /Users/erniesg/.pyenv/versions/3.12.5/envs/letters_home/lib/python3.12/site-packages/airflow/example_dags/example_trigger_controller_dag.py
[2024-09-10T01:44:35.142+0800] {logging_mixin.py:190} INFO - [2024-09-10T01:44:35.141+0800] {dag.py:3229} INFO - Sync 1 DAGs
[2024-09-10T01:44:35.148+0800] {logging_mixin.py:190} INFO - [2024-09-10T01:44:35.148+0800] {dag.py:4156} INFO - Setting next_dagrun for example_trigger_controller_dag to 2021-01-01 00:00:00+00:00, run_after=2021-01-01 00:00:00+00:00
[2024-09-10T01:44:35.155+0800] {processor.py:208} INFO - Processing /Users/erniesg/.pyenv/versions/3.12.5/envs/letters_home/lib/python3.12/site-packages/airflow/example_dags/example_trigger_controller_dag.py took 0.091 seconds
[2024-09-10T01:58:52.322+0800] {processor.py:186} INFO - Started process (PID=67461) to work on /Users/erniesg/.pyenv/versions/3.12.5/envs/letters_home/lib/python3.12/site-packages/airflow/example_dags/example_trigger_controller_dag.py
[2024-09-10T01:58:52.322+0800] {processor.py:914} INFO - Processing file /Users/erniesg/.pyenv/versions/3.12.5/envs/letters_home/lib/python3.12/site-packages/airflow/example_dags/example_trigger_controller_dag.py for tasks to queue
[2024-09-10T01:58:52.322+0800] {logging_mixin.py:190} INFO - [2024-09-10T01:58:52.322+0800] {dagbag.py:587} INFO - Filling up the DagBag from /Users/erniesg/.pyenv/versions/3.12.5/envs/letters_home/lib/python3.12/site-packages/airflow/example_dags/example_trigger_controller_dag.py
[2024-09-10T01:58:52.326+0800] {processor.py:925} INFO - DAG(s) 'example_trigger_controller_dag' retrieved from /Users/erniesg/.pyenv/versions/3.12.5/envs/letters_home/lib/python3.12/site-packages/airflow/example_dags/example_trigger_controller_dag.py
[2024-09-10T01:58:52.394+0800] {logging_mixin.py:190} INFO - [2024-09-10T01:58:52.393+0800] {dag.py:3229} INFO - Sync 1 DAGs
[2024-09-10T01:58:52.399+0800] {logging_mixin.py:190} INFO - [2024-09-10T01:58:52.399+0800] {dag.py:4156} INFO - Setting next_dagrun for example_trigger_controller_dag to 2021-01-01 00:00:00+00:00, run_after=2021-01-01 00:00:00+00:00
[2024-09-10T01:58:52.406+0800] {processor.py:208} INFO - Processing /Users/erniesg/.pyenv/versions/3.12.5/envs/letters_home/lib/python3.12/site-packages/airflow/example_dags/example_trigger_controller_dag.py took 0.086 seconds
[2024-09-10T02:01:16.412+0800] {processor.py:186} INFO - Started process (PID=67892) to work on /Users/erniesg/.pyenv/versions/3.12.5/envs/letters_home/lib/python3.12/site-packages/airflow/example_dags/example_trigger_controller_dag.py
[2024-09-10T02:01:16.412+0800] {processor.py:914} INFO - Processing file /Users/erniesg/.pyenv/versions/3.12.5/envs/letters_home/lib/python3.12/site-packages/airflow/example_dags/example_trigger_controller_dag.py for tasks to queue
[2024-09-10T02:01:16.412+0800] {logging_mixin.py:190} INFO - [2024-09-10T02:01:16.412+0800] {dagbag.py:587} INFO - Filling up the DagBag from /Users/erniesg/.pyenv/versions/3.12.5/envs/letters_home/lib/python3.12/site-packages/airflow/example_dags/example_trigger_controller_dag.py
[2024-09-10T02:01:16.417+0800] {processor.py:925} INFO - DAG(s) 'example_trigger_controller_dag' retrieved from /Users/erniesg/.pyenv/versions/3.12.5/envs/letters_home/lib/python3.12/site-packages/airflow/example_dags/example_trigger_controller_dag.py
[2024-09-10T02:01:16.450+0800] {logging_mixin.py:190} INFO - [2024-09-10T02:01:16.449+0800] {dag.py:3229} INFO - Sync 1 DAGs
[2024-09-10T02:01:16.456+0800] {logging_mixin.py:190} INFO - [2024-09-10T02:01:16.456+0800] {dag.py:4156} INFO - Setting next_dagrun for example_trigger_controller_dag to 2021-01-01 00:00:00+00:00, run_after=2021-01-01 00:00:00+00:00
[2024-09-10T02:01:16.462+0800] {processor.py:208} INFO - Processing /Users/erniesg/.pyenv/versions/3.12.5/envs/letters_home/lib/python3.12/site-packages/airflow/example_dags/example_trigger_controller_dag.py took 0.052 seconds
[2024-09-10T02:02:36.181+0800] {processor.py:186} INFO - Started process (PID=67973) to work on /Users/erniesg/.pyenv/versions/3.12.5/envs/letters_home/lib/python3.12/site-packages/airflow/example_dags/example_trigger_controller_dag.py
[2024-09-10T02:02:36.182+0800] {processor.py:914} INFO - Processing file /Users/erniesg/.pyenv/versions/3.12.5/envs/letters_home/lib/python3.12/site-packages/airflow/example_dags/example_trigger_controller_dag.py for tasks to queue
[2024-09-10T02:02:36.182+0800] {logging_mixin.py:190} INFO - [2024-09-10T02:02:36.182+0800] {dagbag.py:587} INFO - Filling up the DagBag from /Users/erniesg/.pyenv/versions/3.12.5/envs/letters_home/lib/python3.12/site-packages/airflow/example_dags/example_trigger_controller_dag.py
[2024-09-10T02:02:36.186+0800] {processor.py:925} INFO - DAG(s) 'example_trigger_controller_dag' retrieved from /Users/erniesg/.pyenv/versions/3.12.5/envs/letters_home/lib/python3.12/site-packages/airflow/example_dags/example_trigger_controller_dag.py
[2024-09-10T02:02:36.219+0800] {logging_mixin.py:190} INFO - [2024-09-10T02:02:36.219+0800] {dag.py:3229} INFO - Sync 1 DAGs
[2024-09-10T02:02:36.226+0800] {logging_mixin.py:190} INFO - [2024-09-10T02:02:36.226+0800] {dag.py:4156} INFO - Setting next_dagrun for example_trigger_controller_dag to 2021-01-01 00:00:00+00:00, run_after=2021-01-01 00:00:00+00:00
[2024-09-10T02:02:36.232+0800] {processor.py:208} INFO - Processing /Users/erniesg/.pyenv/versions/3.12.5/envs/letters_home/lib/python3.12/site-packages/airflow/example_dags/example_trigger_controller_dag.py took 0.052 seconds
[2024-09-10T02:03:57.481+0800] {processor.py:186} INFO - Started process (PID=68080) to work on /Users/erniesg/.pyenv/versions/3.12.5/envs/letters_home/lib/python3.12/site-packages/airflow/example_dags/example_trigger_controller_dag.py
[2024-09-10T02:03:57.481+0800] {processor.py:914} INFO - Processing file /Users/erniesg/.pyenv/versions/3.12.5/envs/letters_home/lib/python3.12/site-packages/airflow/example_dags/example_trigger_controller_dag.py for tasks to queue
[2024-09-10T02:03:57.481+0800] {logging_mixin.py:190} INFO - [2024-09-10T02:03:57.481+0800] {dagbag.py:587} INFO - Filling up the DagBag from /Users/erniesg/.pyenv/versions/3.12.5/envs/letters_home/lib/python3.12/site-packages/airflow/example_dags/example_trigger_controller_dag.py
[2024-09-10T02:03:57.486+0800] {processor.py:925} INFO - DAG(s) 'example_trigger_controller_dag' retrieved from /Users/erniesg/.pyenv/versions/3.12.5/envs/letters_home/lib/python3.12/site-packages/airflow/example_dags/example_trigger_controller_dag.py
[2024-09-10T02:03:57.519+0800] {logging_mixin.py:190} INFO - [2024-09-10T02:03:57.519+0800] {dag.py:3229} INFO - Sync 1 DAGs
[2024-09-10T02:03:57.526+0800] {logging_mixin.py:190} INFO - [2024-09-10T02:03:57.526+0800] {dag.py:4156} INFO - Setting next_dagrun for example_trigger_controller_dag to 2021-01-01 00:00:00+00:00, run_after=2021-01-01 00:00:00+00:00
[2024-09-10T02:03:57.532+0800] {processor.py:208} INFO - Processing /Users/erniesg/.pyenv/versions/3.12.5/envs/letters_home/lib/python3.12/site-packages/airflow/example_dags/example_trigger_controller_dag.py took 0.053 seconds
[2024-09-10T02:05:34.692+0800] {processor.py:186} INFO - Started process (PID=68199) to work on /Users/erniesg/.pyenv/versions/3.12.5/envs/letters_home/lib/python3.12/site-packages/airflow/example_dags/example_trigger_controller_dag.py
[2024-09-10T02:05:34.693+0800] {processor.py:914} INFO - Processing file /Users/erniesg/.pyenv/versions/3.12.5/envs/letters_home/lib/python3.12/site-packages/airflow/example_dags/example_trigger_controller_dag.py for tasks to queue
[2024-09-10T02:05:34.693+0800] {logging_mixin.py:190} INFO - [2024-09-10T02:05:34.693+0800] {dagbag.py:587} INFO - Filling up the DagBag from /Users/erniesg/.pyenv/versions/3.12.5/envs/letters_home/lib/python3.12/site-packages/airflow/example_dags/example_trigger_controller_dag.py
[2024-09-10T02:05:34.697+0800] {processor.py:925} INFO - DAG(s) 'example_trigger_controller_dag' retrieved from /Users/erniesg/.pyenv/versions/3.12.5/envs/letters_home/lib/python3.12/site-packages/airflow/example_dags/example_trigger_controller_dag.py
[2024-09-10T02:05:34.730+0800] {logging_mixin.py:190} INFO - [2024-09-10T02:05:34.730+0800] {dag.py:3229} INFO - Sync 1 DAGs
[2024-09-10T02:05:34.737+0800] {logging_mixin.py:190} INFO - [2024-09-10T02:05:34.737+0800] {dag.py:4156} INFO - Setting next_dagrun for example_trigger_controller_dag to 2021-01-01 00:00:00+00:00, run_after=2021-01-01 00:00:00+00:00
[2024-09-10T02:05:34.743+0800] {processor.py:208} INFO - Processing /Users/erniesg/.pyenv/versions/3.12.5/envs/letters_home/lib/python3.12/site-packages/airflow/example_dags/example_trigger_controller_dag.py took 0.052 seconds
[2024-09-10T02:06:58.234+0800] {processor.py:186} INFO - Started process (PID=68276) to work on /Users/erniesg/.pyenv/versions/3.12.5/envs/letters_home/lib/python3.12/site-packages/airflow/example_dags/example_trigger_controller_dag.py
[2024-09-10T02:06:58.234+0800] {processor.py:914} INFO - Processing file /Users/erniesg/.pyenv/versions/3.12.5/envs/letters_home/lib/python3.12/site-packages/airflow/example_dags/example_trigger_controller_dag.py for tasks to queue
[2024-09-10T02:06:58.234+0800] {logging_mixin.py:190} INFO - [2024-09-10T02:06:58.234+0800] {dagbag.py:587} INFO - Filling up the DagBag from /Users/erniesg/.pyenv/versions/3.12.5/envs/letters_home/lib/python3.12/site-packages/airflow/example_dags/example_trigger_controller_dag.py
[2024-09-10T02:06:58.239+0800] {processor.py:925} INFO - DAG(s) 'example_trigger_controller_dag' retrieved from /Users/erniesg/.pyenv/versions/3.12.5/envs/letters_home/lib/python3.12/site-packages/airflow/example_dags/example_trigger_controller_dag.py
[2024-09-10T02:06:58.275+0800] {logging_mixin.py:190} INFO - [2024-09-10T02:06:58.274+0800] {dag.py:3229} INFO - Sync 1 DAGs
[2024-09-10T02:06:58.281+0800] {logging_mixin.py:190} INFO - [2024-09-10T02:06:58.281+0800] {dag.py:4156} INFO - Setting next_dagrun for example_trigger_controller_dag to 2021-01-01 00:00:00+00:00, run_after=2021-01-01 00:00:00+00:00
[2024-09-10T02:06:58.289+0800] {processor.py:208} INFO - Processing /Users/erniesg/.pyenv/versions/3.12.5/envs/letters_home/lib/python3.12/site-packages/airflow/example_dags/example_trigger_controller_dag.py took 0.056 seconds
[2024-09-10T02:08:20.291+0800] {processor.py:186} INFO - Started process (PID=68471) to work on /Users/erniesg/.pyenv/versions/3.12.5/envs/letters_home/lib/python3.12/site-packages/airflow/example_dags/example_trigger_controller_dag.py
[2024-09-10T02:08:20.291+0800] {processor.py:914} INFO - Processing file /Users/erniesg/.pyenv/versions/3.12.5/envs/letters_home/lib/python3.12/site-packages/airflow/example_dags/example_trigger_controller_dag.py for tasks to queue
[2024-09-10T02:08:20.291+0800] {logging_mixin.py:190} INFO - [2024-09-10T02:08:20.291+0800] {dagbag.py:587} INFO - Filling up the DagBag from /Users/erniesg/.pyenv/versions/3.12.5/envs/letters_home/lib/python3.12/site-packages/airflow/example_dags/example_trigger_controller_dag.py
[2024-09-10T02:08:20.296+0800] {processor.py:925} INFO - DAG(s) 'example_trigger_controller_dag' retrieved from /Users/erniesg/.pyenv/versions/3.12.5/envs/letters_home/lib/python3.12/site-packages/airflow/example_dags/example_trigger_controller_dag.py
[2024-09-10T02:08:20.329+0800] {logging_mixin.py:190} INFO - [2024-09-10T02:08:20.329+0800] {dag.py:3229} INFO - Sync 1 DAGs
[2024-09-10T02:08:20.336+0800] {logging_mixin.py:190} INFO - [2024-09-10T02:08:20.336+0800] {dag.py:4156} INFO - Setting next_dagrun for example_trigger_controller_dag to 2021-01-01 00:00:00+00:00, run_after=2021-01-01 00:00:00+00:00
[2024-09-10T02:08:20.342+0800] {processor.py:208} INFO - Processing /Users/erniesg/.pyenv/versions/3.12.5/envs/letters_home/lib/python3.12/site-packages/airflow/example_dags/example_trigger_controller_dag.py took 0.052 seconds
[2024-09-10T02:09:43.592+0800] {processor.py:186} INFO - Started process (PID=68588) to work on /Users/erniesg/.pyenv/versions/3.12.5/envs/letters_home/lib/python3.12/site-packages/airflow/example_dags/example_trigger_controller_dag.py
[2024-09-10T02:09:43.592+0800] {processor.py:914} INFO - Processing file /Users/erniesg/.pyenv/versions/3.12.5/envs/letters_home/lib/python3.12/site-packages/airflow/example_dags/example_trigger_controller_dag.py for tasks to queue
[2024-09-10T02:09:43.593+0800] {logging_mixin.py:190} INFO - [2024-09-10T02:09:43.593+0800] {dagbag.py:587} INFO - Filling up the DagBag from /Users/erniesg/.pyenv/versions/3.12.5/envs/letters_home/lib/python3.12/site-packages/airflow/example_dags/example_trigger_controller_dag.py
[2024-09-10T02:09:43.597+0800] {processor.py:925} INFO - DAG(s) 'example_trigger_controller_dag' retrieved from /Users/erniesg/.pyenv/versions/3.12.5/envs/letters_home/lib/python3.12/site-packages/airflow/example_dags/example_trigger_controller_dag.py
[2024-09-10T02:09:43.631+0800] {logging_mixin.py:190} INFO - [2024-09-10T02:09:43.631+0800] {dag.py:3229} INFO - Sync 1 DAGs
[2024-09-10T02:09:43.638+0800] {logging_mixin.py:190} INFO - [2024-09-10T02:09:43.638+0800] {dag.py:4156} INFO - Setting next_dagrun for example_trigger_controller_dag to 2021-01-01 00:00:00+00:00, run_after=2021-01-01 00:00:00+00:00
[2024-09-10T02:09:43.644+0800] {processor.py:208} INFO - Processing /Users/erniesg/.pyenv/versions/3.12.5/envs/letters_home/lib/python3.12/site-packages/airflow/example_dags/example_trigger_controller_dag.py took 0.053 seconds
[2024-09-10T02:11:32.117+0800] {processor.py:186} INFO - Started process (PID=68941) to work on /Users/erniesg/.pyenv/versions/3.12.5/envs/letters_home/lib/python3.12/site-packages/airflow/example_dags/example_trigger_controller_dag.py
[2024-09-10T02:11:32.119+0800] {processor.py:914} INFO - Processing file /Users/erniesg/.pyenv/versions/3.12.5/envs/letters_home/lib/python3.12/site-packages/airflow/example_dags/example_trigger_controller_dag.py for tasks to queue
[2024-09-10T02:11:32.123+0800] {logging_mixin.py:190} INFO - [2024-09-10T02:11:32.122+0800] {dagbag.py:587} INFO - Filling up the DagBag from /Users/erniesg/.pyenv/versions/3.12.5/envs/letters_home/lib/python3.12/site-packages/airflow/example_dags/example_trigger_controller_dag.py
[2024-09-10T02:11:32.129+0800] {processor.py:925} INFO - DAG(s) 'example_trigger_controller_dag' retrieved from /Users/erniesg/.pyenv/versions/3.12.5/envs/letters_home/lib/python3.12/site-packages/airflow/example_dags/example_trigger_controller_dag.py
[2024-09-10T02:11:32.168+0800] {logging_mixin.py:190} INFO - [2024-09-10T02:11:32.168+0800] {dag.py:3229} INFO - Sync 1 DAGs
[2024-09-10T02:11:32.175+0800] {logging_mixin.py:190} INFO - [2024-09-10T02:11:32.175+0800] {dag.py:4156} INFO - Setting next_dagrun for example_trigger_controller_dag to 2021-01-01 00:00:00+00:00, run_after=2021-01-01 00:00:00+00:00
[2024-09-10T02:11:32.182+0800] {processor.py:208} INFO - Processing /Users/erniesg/.pyenv/versions/3.12.5/envs/letters_home/lib/python3.12/site-packages/airflow/example_dags/example_trigger_controller_dag.py took 0.066 seconds
[2024-09-10T02:12:23.560+0800] {processor.py:186} INFO - Started process (PID=69260) to work on /Users/erniesg/.pyenv/versions/3.12.5/envs/letters_home/lib/python3.12/site-packages/airflow/example_dags/example_trigger_controller_dag.py
[2024-09-10T02:12:23.561+0800] {processor.py:914} INFO - Processing file /Users/erniesg/.pyenv/versions/3.12.5/envs/letters_home/lib/python3.12/site-packages/airflow/example_dags/example_trigger_controller_dag.py for tasks to queue
[2024-09-10T02:12:23.561+0800] {logging_mixin.py:190} INFO - [2024-09-10T02:12:23.561+0800] {dagbag.py:587} INFO - Filling up the DagBag from /Users/erniesg/.pyenv/versions/3.12.5/envs/letters_home/lib/python3.12/site-packages/airflow/example_dags/example_trigger_controller_dag.py
[2024-09-10T02:12:23.565+0800] {processor.py:925} INFO - DAG(s) 'example_trigger_controller_dag' retrieved from /Users/erniesg/.pyenv/versions/3.12.5/envs/letters_home/lib/python3.12/site-packages/airflow/example_dags/example_trigger_controller_dag.py
[2024-09-10T02:12:23.599+0800] {logging_mixin.py:190} INFO - [2024-09-10T02:12:23.599+0800] {dag.py:3229} INFO - Sync 1 DAGs
[2024-09-10T02:12:23.606+0800] {logging_mixin.py:190} INFO - [2024-09-10T02:12:23.606+0800] {dag.py:4156} INFO - Setting next_dagrun for example_trigger_controller_dag to 2021-01-01 00:00:00+00:00, run_after=2021-01-01 00:00:00+00:00
[2024-09-10T02:12:23.613+0800] {processor.py:208} INFO - Processing /Users/erniesg/.pyenv/versions/3.12.5/envs/letters_home/lib/python3.12/site-packages/airflow/example_dags/example_trigger_controller_dag.py took 0.053 seconds
[2024-09-10T02:14:17.979+0800] {processor.py:186} INFO - Started process (PID=69354) to work on /Users/erniesg/.pyenv/versions/3.12.5/envs/letters_home/lib/python3.12/site-packages/airflow/example_dags/example_trigger_controller_dag.py
[2024-09-10T02:14:17.980+0800] {processor.py:914} INFO - Processing file /Users/erniesg/.pyenv/versions/3.12.5/envs/letters_home/lib/python3.12/site-packages/airflow/example_dags/example_trigger_controller_dag.py for tasks to queue
[2024-09-10T02:14:17.980+0800] {logging_mixin.py:190} INFO - [2024-09-10T02:14:17.980+0800] {dagbag.py:587} INFO - Filling up the DagBag from /Users/erniesg/.pyenv/versions/3.12.5/envs/letters_home/lib/python3.12/site-packages/airflow/example_dags/example_trigger_controller_dag.py
[2024-09-10T02:14:17.985+0800] {processor.py:925} INFO - DAG(s) 'example_trigger_controller_dag' retrieved from /Users/erniesg/.pyenv/versions/3.12.5/envs/letters_home/lib/python3.12/site-packages/airflow/example_dags/example_trigger_controller_dag.py
[2024-09-10T02:14:18.020+0800] {logging_mixin.py:190} INFO - [2024-09-10T02:14:18.019+0800] {dag.py:3229} INFO - Sync 1 DAGs
[2024-09-10T02:14:18.027+0800] {logging_mixin.py:190} INFO - [2024-09-10T02:14:18.026+0800] {dag.py:4156} INFO - Setting next_dagrun for example_trigger_controller_dag to 2021-01-01 00:00:00+00:00, run_after=2021-01-01 00:00:00+00:00
[2024-09-10T02:14:18.034+0800] {processor.py:208} INFO - Processing /Users/erniesg/.pyenv/versions/3.12.5/envs/letters_home/lib/python3.12/site-packages/airflow/example_dags/example_trigger_controller_dag.py took 0.055 seconds
[2024-09-10T02:15:45.614+0800] {processor.py:186} INFO - Started process (PID=69703) to work on /Users/erniesg/.pyenv/versions/3.12.5/envs/letters_home/lib/python3.12/site-packages/airflow/example_dags/example_trigger_controller_dag.py
[2024-09-10T02:15:45.614+0800] {processor.py:914} INFO - Processing file /Users/erniesg/.pyenv/versions/3.12.5/envs/letters_home/lib/python3.12/site-packages/airflow/example_dags/example_trigger_controller_dag.py for tasks to queue
[2024-09-10T02:15:45.614+0800] {logging_mixin.py:190} INFO - [2024-09-10T02:15:45.614+0800] {dagbag.py:587} INFO - Filling up the DagBag from /Users/erniesg/.pyenv/versions/3.12.5/envs/letters_home/lib/python3.12/site-packages/airflow/example_dags/example_trigger_controller_dag.py
[2024-09-10T02:15:45.619+0800] {processor.py:925} INFO - DAG(s) 'example_trigger_controller_dag' retrieved from /Users/erniesg/.pyenv/versions/3.12.5/envs/letters_home/lib/python3.12/site-packages/airflow/example_dags/example_trigger_controller_dag.py
[2024-09-10T02:15:45.655+0800] {logging_mixin.py:190} INFO - [2024-09-10T02:15:45.655+0800] {dag.py:3229} INFO - Sync 1 DAGs
[2024-09-10T02:15:45.662+0800] {logging_mixin.py:190} INFO - [2024-09-10T02:15:45.662+0800] {dag.py:4156} INFO - Setting next_dagrun for example_trigger_controller_dag to 2021-01-01 00:00:00+00:00, run_after=2021-01-01 00:00:00+00:00
[2024-09-10T02:15:45.669+0800] {processor.py:208} INFO - Processing /Users/erniesg/.pyenv/versions/3.12.5/envs/letters_home/lib/python3.12/site-packages/airflow/example_dags/example_trigger_controller_dag.py took 0.057 seconds
[2024-09-10T02:17:42.183+0800] {processor.py:186} INFO - Started process (PID=69832) to work on /Users/erniesg/.pyenv/versions/3.12.5/envs/letters_home/lib/python3.12/site-packages/airflow/example_dags/example_trigger_controller_dag.py
[2024-09-10T02:17:42.183+0800] {processor.py:914} INFO - Processing file /Users/erniesg/.pyenv/versions/3.12.5/envs/letters_home/lib/python3.12/site-packages/airflow/example_dags/example_trigger_controller_dag.py for tasks to queue
[2024-09-10T02:17:42.184+0800] {logging_mixin.py:190} INFO - [2024-09-10T02:17:42.184+0800] {dagbag.py:587} INFO - Filling up the DagBag from /Users/erniesg/.pyenv/versions/3.12.5/envs/letters_home/lib/python3.12/site-packages/airflow/example_dags/example_trigger_controller_dag.py
[2024-09-10T02:17:42.188+0800] {processor.py:925} INFO - DAG(s) 'example_trigger_controller_dag' retrieved from /Users/erniesg/.pyenv/versions/3.12.5/envs/letters_home/lib/python3.12/site-packages/airflow/example_dags/example_trigger_controller_dag.py
[2024-09-10T02:17:42.220+0800] {logging_mixin.py:190} INFO - [2024-09-10T02:17:42.220+0800] {dag.py:3229} INFO - Sync 1 DAGs
[2024-09-10T02:17:42.227+0800] {logging_mixin.py:190} INFO - [2024-09-10T02:17:42.227+0800] {dag.py:4156} INFO - Setting next_dagrun for example_trigger_controller_dag to 2021-01-01 00:00:00+00:00, run_after=2021-01-01 00:00:00+00:00
[2024-09-10T02:17:42.233+0800] {processor.py:208} INFO - Processing /Users/erniesg/.pyenv/versions/3.12.5/envs/letters_home/lib/python3.12/site-packages/airflow/example_dags/example_trigger_controller_dag.py took 0.051 seconds
[2024-09-10T02:19:04.056+0800] {processor.py:186} INFO - Started process (PID=70281) to work on /Users/erniesg/.pyenv/versions/3.12.5/envs/letters_home/lib/python3.12/site-packages/airflow/example_dags/example_trigger_controller_dag.py
[2024-09-10T02:19:04.057+0800] {processor.py:914} INFO - Processing file /Users/erniesg/.pyenv/versions/3.12.5/envs/letters_home/lib/python3.12/site-packages/airflow/example_dags/example_trigger_controller_dag.py for tasks to queue
[2024-09-10T02:19:04.057+0800] {logging_mixin.py:190} INFO - [2024-09-10T02:19:04.057+0800] {dagbag.py:587} INFO - Filling up the DagBag from /Users/erniesg/.pyenv/versions/3.12.5/envs/letters_home/lib/python3.12/site-packages/airflow/example_dags/example_trigger_controller_dag.py
[2024-09-10T02:19:04.062+0800] {processor.py:925} INFO - DAG(s) 'example_trigger_controller_dag' retrieved from /Users/erniesg/.pyenv/versions/3.12.5/envs/letters_home/lib/python3.12/site-packages/airflow/example_dags/example_trigger_controller_dag.py
[2024-09-10T02:19:04.099+0800] {logging_mixin.py:190} INFO - [2024-09-10T02:19:04.099+0800] {dag.py:3229} INFO - Sync 1 DAGs
[2024-09-10T02:19:04.106+0800] {logging_mixin.py:190} INFO - [2024-09-10T02:19:04.106+0800] {dag.py:4156} INFO - Setting next_dagrun for example_trigger_controller_dag to 2021-01-01 00:00:00+00:00, run_after=2021-01-01 00:00:00+00:00
[2024-09-10T02:19:04.114+0800] {processor.py:208} INFO - Processing /Users/erniesg/.pyenv/versions/3.12.5/envs/letters_home/lib/python3.12/site-packages/airflow/example_dags/example_trigger_controller_dag.py took 0.058 seconds
[2024-09-10T02:20:29.159+0800] {processor.py:186} INFO - Started process (PID=70366) to work on /Users/erniesg/.pyenv/versions/3.12.5/envs/letters_home/lib/python3.12/site-packages/airflow/example_dags/example_trigger_controller_dag.py
[2024-09-10T02:20:29.160+0800] {processor.py:914} INFO - Processing file /Users/erniesg/.pyenv/versions/3.12.5/envs/letters_home/lib/python3.12/site-packages/airflow/example_dags/example_trigger_controller_dag.py for tasks to queue
[2024-09-10T02:20:29.160+0800] {logging_mixin.py:190} INFO - [2024-09-10T02:20:29.160+0800] {dagbag.py:587} INFO - Filling up the DagBag from /Users/erniesg/.pyenv/versions/3.12.5/envs/letters_home/lib/python3.12/site-packages/airflow/example_dags/example_trigger_controller_dag.py
[2024-09-10T02:20:29.165+0800] {processor.py:925} INFO - DAG(s) 'example_trigger_controller_dag' retrieved from /Users/erniesg/.pyenv/versions/3.12.5/envs/letters_home/lib/python3.12/site-packages/airflow/example_dags/example_trigger_controller_dag.py
[2024-09-10T02:20:29.199+0800] {logging_mixin.py:190} INFO - [2024-09-10T02:20:29.198+0800] {dag.py:3229} INFO - Sync 1 DAGs
[2024-09-10T02:20:29.205+0800] {logging_mixin.py:190} INFO - [2024-09-10T02:20:29.205+0800] {dag.py:4156} INFO - Setting next_dagrun for example_trigger_controller_dag to 2021-01-01 00:00:00+00:00, run_after=2021-01-01 00:00:00+00:00
[2024-09-10T02:20:29.212+0800] {processor.py:208} INFO - Processing /Users/erniesg/.pyenv/versions/3.12.5/envs/letters_home/lib/python3.12/site-packages/airflow/example_dags/example_trigger_controller_dag.py took 0.054 seconds
