[2024-09-10T01:37:46.843+0800] {processor.py:186} INFO - Started process (PID=57975) to work on /Users/erniesg/.pyenv/versions/3.12.5/envs/letters_home/lib/python3.12/site-packages/airflow/example_dags/example_python_operator.py
[2024-09-10T01:37:46.844+0800] {processor.py:914} INFO - Processing file /Users/erniesg/.pyenv/versions/3.12.5/envs/letters_home/lib/python3.12/site-packages/airflow/example_dags/example_python_operator.py for tasks to queue
[2024-09-10T01:37:46.844+0800] {logging_mixin.py:190} INFO - [2024-09-10T01:37:46.844+0800] {dagbag.py:587} INFO - Filling up the DagBag from /Users/erniesg/.pyenv/versions/3.12.5/envs/letters_home/lib/python3.12/site-packages/airflow/example_dags/example_python_operator.py
[2024-09-10T01:37:46.856+0800] {processor.py:925} INFO - DAG(s) 'example_python_operator' retrieved from /Users/erniesg/.pyenv/versions/3.12.5/envs/letters_home/lib/python3.12/site-packages/airflow/example_dags/example_python_operator.py
[2024-09-10T01:37:46.923+0800] {logging_mixin.py:190} INFO - [2024-09-10T01:37:46.923+0800] {override.py:1900} INFO - Created Permission View: can delete on DAG:example_python_operator
[2024-09-10T01:37:46.926+0800] {logging_mixin.py:190} INFO - [2024-09-10T01:37:46.926+0800] {override.py:1900} INFO - Created Permission View: can read on DAG:example_python_operator
[2024-09-10T01:37:46.928+0800] {logging_mixin.py:190} INFO - [2024-09-10T01:37:46.928+0800] {override.py:1900} INFO - Created Permission View: can edit on DAG:example_python_operator
[2024-09-10T01:37:46.931+0800] {logging_mixin.py:190} INFO - [2024-09-10T01:37:46.931+0800] {override.py:1900} INFO - Created Permission View: menu access on DAG Run:example_python_operator
[2024-09-10T01:37:46.934+0800] {logging_mixin.py:190} INFO - [2024-09-10T01:37:46.934+0800] {override.py:1900} INFO - Created Permission View: can delete on DAG Run:example_python_operator
[2024-09-10T01:37:46.943+0800] {logging_mixin.py:190} INFO - [2024-09-10T01:37:46.943+0800] {override.py:1900} INFO - Created Permission View: can read on DAG Run:example_python_operator
[2024-09-10T01:37:46.945+0800] {logging_mixin.py:190} INFO - [2024-09-10T01:37:46.945+0800] {override.py:1900} INFO - Created Permission View: can create on DAG Run:example_python_operator
[2024-09-10T01:37:46.945+0800] {logging_mixin.py:190} INFO - [2024-09-10T01:37:46.945+0800] {dag.py:3229} INFO - Sync 1 DAGs
[2024-09-10T01:37:46.950+0800] {logging_mixin.py:190} INFO - [2024-09-10T01:37:46.950+0800] {dag.py:3252} INFO - Creating ORM DAG for example_python_operator
[2024-09-10T01:37:46.950+0800] {logging_mixin.py:190} INFO - [2024-09-10T01:37:46.950+0800] {dag.py:4156} INFO - Setting next_dagrun for example_python_operator to None, run_after=None
[2024-09-10T01:37:46.955+0800] {processor.py:208} INFO - Processing /Users/erniesg/.pyenv/versions/3.12.5/envs/letters_home/lib/python3.12/site-packages/airflow/example_dags/example_python_operator.py took 0.113 seconds
[2024-09-10T01:39:35.242+0800] {processor.py:186} INFO - Started process (PID=58092) to work on /Users/erniesg/.pyenv/versions/3.12.5/envs/letters_home/lib/python3.12/site-packages/airflow/example_dags/example_python_operator.py
[2024-09-10T01:39:35.243+0800] {processor.py:914} INFO - Processing file /Users/erniesg/.pyenv/versions/3.12.5/envs/letters_home/lib/python3.12/site-packages/airflow/example_dags/example_python_operator.py for tasks to queue
[2024-09-10T01:39:35.243+0800] {logging_mixin.py:190} INFO - [2024-09-10T01:39:35.243+0800] {dagbag.py:587} INFO - Filling up the DagBag from /Users/erniesg/.pyenv/versions/3.12.5/envs/letters_home/lib/python3.12/site-packages/airflow/example_dags/example_python_operator.py
[2024-09-10T01:39:35.254+0800] {processor.py:925} INFO - DAG(s) 'example_python_operator' retrieved from /Users/erniesg/.pyenv/versions/3.12.5/envs/letters_home/lib/python3.12/site-packages/airflow/example_dags/example_python_operator.py
[2024-09-10T01:39:35.323+0800] {logging_mixin.py:190} INFO - [2024-09-10T01:39:35.323+0800] {dag.py:3229} INFO - Sync 1 DAGs
[2024-09-10T01:39:35.327+0800] {logging_mixin.py:190} INFO - [2024-09-10T01:39:35.327+0800] {dag.py:4156} INFO - Setting next_dagrun for example_python_operator to None, run_after=None
[2024-09-10T01:39:35.334+0800] {processor.py:208} INFO - Processing /Users/erniesg/.pyenv/versions/3.12.5/envs/letters_home/lib/python3.12/site-packages/airflow/example_dags/example_python_operator.py took 0.092 seconds
[2024-09-10T01:42:16.121+0800] {processor.py:186} INFO - Started process (PID=58232) to work on /Users/erniesg/.pyenv/versions/3.12.5/envs/letters_home/lib/python3.12/site-packages/airflow/example_dags/example_python_operator.py
[2024-09-10T01:42:16.122+0800] {processor.py:914} INFO - Processing file /Users/erniesg/.pyenv/versions/3.12.5/envs/letters_home/lib/python3.12/site-packages/airflow/example_dags/example_python_operator.py for tasks to queue
[2024-09-10T01:42:16.122+0800] {logging_mixin.py:190} INFO - [2024-09-10T01:42:16.122+0800] {dagbag.py:587} INFO - Filling up the DagBag from /Users/erniesg/.pyenv/versions/3.12.5/envs/letters_home/lib/python3.12/site-packages/airflow/example_dags/example_python_operator.py
[2024-09-10T01:42:16.133+0800] {processor.py:925} INFO - DAG(s) 'example_python_operator' retrieved from /Users/erniesg/.pyenv/versions/3.12.5/envs/letters_home/lib/python3.12/site-packages/airflow/example_dags/example_python_operator.py
[2024-09-10T01:42:16.205+0800] {logging_mixin.py:190} INFO - [2024-09-10T01:42:16.205+0800] {dag.py:3229} INFO - Sync 1 DAGs
[2024-09-10T01:42:16.210+0800] {logging_mixin.py:190} INFO - [2024-09-10T01:42:16.209+0800] {dag.py:4156} INFO - Setting next_dagrun for example_python_operator to None, run_after=None
[2024-09-10T01:42:16.217+0800] {processor.py:208} INFO - Processing /Users/erniesg/.pyenv/versions/3.12.5/envs/letters_home/lib/python3.12/site-packages/airflow/example_dags/example_python_operator.py took 0.097 seconds
[2024-09-10T01:59:18.817+0800] {processor.py:186} INFO - Started process (PID=67487) to work on /Users/erniesg/.pyenv/versions/3.12.5/envs/letters_home/lib/python3.12/site-packages/airflow/example_dags/example_python_operator.py
[2024-09-10T01:59:18.817+0800] {processor.py:914} INFO - Processing file /Users/erniesg/.pyenv/versions/3.12.5/envs/letters_home/lib/python3.12/site-packages/airflow/example_dags/example_python_operator.py for tasks to queue
[2024-09-10T01:59:18.818+0800] {logging_mixin.py:190} INFO - [2024-09-10T01:59:18.818+0800] {dagbag.py:587} INFO - Filling up the DagBag from /Users/erniesg/.pyenv/versions/3.12.5/envs/letters_home/lib/python3.12/site-packages/airflow/example_dags/example_python_operator.py
[2024-09-10T01:59:18.829+0800] {processor.py:925} INFO - DAG(s) 'example_python_operator' retrieved from /Users/erniesg/.pyenv/versions/3.12.5/envs/letters_home/lib/python3.12/site-packages/airflow/example_dags/example_python_operator.py
[2024-09-10T01:59:18.894+0800] {logging_mixin.py:190} INFO - [2024-09-10T01:59:18.894+0800] {dag.py:3229} INFO - Sync 1 DAGs
[2024-09-10T01:59:18.898+0800] {logging_mixin.py:190} INFO - [2024-09-10T01:59:18.898+0800] {dag.py:4156} INFO - Setting next_dagrun for example_python_operator to None, run_after=None
[2024-09-10T01:59:18.905+0800] {processor.py:208} INFO - Processing /Users/erniesg/.pyenv/versions/3.12.5/envs/letters_home/lib/python3.12/site-packages/airflow/example_dags/example_python_operator.py took 0.089 seconds
[2024-09-10T02:01:42.579+0800] {processor.py:186} INFO - Started process (PID=67919) to work on /Users/erniesg/.pyenv/versions/3.12.5/envs/letters_home/lib/python3.12/site-packages/airflow/example_dags/example_python_operator.py
[2024-09-10T02:01:42.579+0800] {processor.py:914} INFO - Processing file /Users/erniesg/.pyenv/versions/3.12.5/envs/letters_home/lib/python3.12/site-packages/airflow/example_dags/example_python_operator.py for tasks to queue
[2024-09-10T02:01:42.580+0800] {logging_mixin.py:190} INFO - [2024-09-10T02:01:42.580+0800] {dagbag.py:587} INFO - Filling up the DagBag from /Users/erniesg/.pyenv/versions/3.12.5/envs/letters_home/lib/python3.12/site-packages/airflow/example_dags/example_python_operator.py
[2024-09-10T02:01:42.591+0800] {processor.py:925} INFO - DAG(s) 'example_python_operator' retrieved from /Users/erniesg/.pyenv/versions/3.12.5/envs/letters_home/lib/python3.12/site-packages/airflow/example_dags/example_python_operator.py
[2024-09-10T02:01:42.661+0800] {logging_mixin.py:190} INFO - [2024-09-10T02:01:42.661+0800] {dag.py:3229} INFO - Sync 1 DAGs
[2024-09-10T02:01:42.665+0800] {logging_mixin.py:190} INFO - [2024-09-10T02:01:42.665+0800] {dag.py:4156} INFO - Setting next_dagrun for example_python_operator to None, run_after=None
[2024-09-10T02:01:42.672+0800] {processor.py:208} INFO - Processing /Users/erniesg/.pyenv/versions/3.12.5/envs/letters_home/lib/python3.12/site-packages/airflow/example_dags/example_python_operator.py took 0.094 seconds
[2024-09-10T02:04:24.432+0800] {processor.py:186} INFO - Started process (PID=68107) to work on /Users/erniesg/.pyenv/versions/3.12.5/envs/letters_home/lib/python3.12/site-packages/airflow/example_dags/example_python_operator.py
[2024-09-10T02:04:24.433+0800] {processor.py:914} INFO - Processing file /Users/erniesg/.pyenv/versions/3.12.5/envs/letters_home/lib/python3.12/site-packages/airflow/example_dags/example_python_operator.py for tasks to queue
[2024-09-10T02:04:24.433+0800] {logging_mixin.py:190} INFO - [2024-09-10T02:04:24.433+0800] {dagbag.py:587} INFO - Filling up the DagBag from /Users/erniesg/.pyenv/versions/3.12.5/envs/letters_home/lib/python3.12/site-packages/airflow/example_dags/example_python_operator.py
[2024-09-10T02:04:24.445+0800] {processor.py:925} INFO - DAG(s) 'example_python_operator' retrieved from /Users/erniesg/.pyenv/versions/3.12.5/envs/letters_home/lib/python3.12/site-packages/airflow/example_dags/example_python_operator.py
[2024-09-10T02:04:24.514+0800] {logging_mixin.py:190} INFO - [2024-09-10T02:04:24.514+0800] {dag.py:3229} INFO - Sync 1 DAGs
[2024-09-10T02:04:24.519+0800] {logging_mixin.py:190} INFO - [2024-09-10T02:04:24.519+0800] {dag.py:4156} INFO - Setting next_dagrun for example_python_operator to None, run_after=None
[2024-09-10T02:04:24.526+0800] {processor.py:208} INFO - Processing /Users/erniesg/.pyenv/versions/3.12.5/envs/letters_home/lib/python3.12/site-packages/airflow/example_dags/example_python_operator.py took 0.095 seconds
[2024-09-10T02:07:24.150+0800] {processor.py:186} INFO - Started process (PID=68403) to work on /Users/erniesg/.pyenv/versions/3.12.5/envs/letters_home/lib/python3.12/site-packages/airflow/example_dags/example_python_operator.py
[2024-09-10T02:07:24.150+0800] {processor.py:914} INFO - Processing file /Users/erniesg/.pyenv/versions/3.12.5/envs/letters_home/lib/python3.12/site-packages/airflow/example_dags/example_python_operator.py for tasks to queue
[2024-09-10T02:07:24.151+0800] {logging_mixin.py:190} INFO - [2024-09-10T02:07:24.151+0800] {dagbag.py:587} INFO - Filling up the DagBag from /Users/erniesg/.pyenv/versions/3.12.5/envs/letters_home/lib/python3.12/site-packages/airflow/example_dags/example_python_operator.py
[2024-09-10T02:07:24.162+0800] {processor.py:925} INFO - DAG(s) 'example_python_operator' retrieved from /Users/erniesg/.pyenv/versions/3.12.5/envs/letters_home/lib/python3.12/site-packages/airflow/example_dags/example_python_operator.py
[2024-09-10T02:07:24.232+0800] {logging_mixin.py:190} INFO - [2024-09-10T02:07:24.232+0800] {dag.py:3229} INFO - Sync 1 DAGs
[2024-09-10T02:07:24.236+0800] {logging_mixin.py:190} INFO - [2024-09-10T02:07:24.236+0800] {dag.py:4156} INFO - Setting next_dagrun for example_python_operator to None, run_after=None
[2024-09-10T02:07:24.243+0800] {processor.py:208} INFO - Processing /Users/erniesg/.pyenv/versions/3.12.5/envs/letters_home/lib/python3.12/site-packages/airflow/example_dags/example_python_operator.py took 0.094 seconds
[2024-09-10T02:12:50.332+0800] {processor.py:186} INFO - Started process (PID=69278) to work on /Users/erniesg/.pyenv/versions/3.12.5/envs/letters_home/lib/python3.12/site-packages/airflow/example_dags/example_python_operator.py
[2024-09-10T02:12:50.332+0800] {processor.py:914} INFO - Processing file /Users/erniesg/.pyenv/versions/3.12.5/envs/letters_home/lib/python3.12/site-packages/airflow/example_dags/example_python_operator.py for tasks to queue
[2024-09-10T02:12:50.333+0800] {logging_mixin.py:190} INFO - [2024-09-10T02:12:50.333+0800] {dagbag.py:587} INFO - Filling up the DagBag from /Users/erniesg/.pyenv/versions/3.12.5/envs/letters_home/lib/python3.12/site-packages/airflow/example_dags/example_python_operator.py
[2024-09-10T02:12:50.344+0800] {processor.py:925} INFO - DAG(s) 'example_python_operator' retrieved from /Users/erniesg/.pyenv/versions/3.12.5/envs/letters_home/lib/python3.12/site-packages/airflow/example_dags/example_python_operator.py
[2024-09-10T02:12:50.414+0800] {logging_mixin.py:190} INFO - [2024-09-10T02:12:50.414+0800] {dag.py:3229} INFO - Sync 1 DAGs
[2024-09-10T02:12:50.418+0800] {logging_mixin.py:190} INFO - [2024-09-10T02:12:50.418+0800] {dag.py:4156} INFO - Setting next_dagrun for example_python_operator to None, run_after=None
[2024-09-10T02:12:50.425+0800] {processor.py:208} INFO - Processing /Users/erniesg/.pyenv/versions/3.12.5/envs/letters_home/lib/python3.12/site-packages/airflow/example_dags/example_python_operator.py took 0.094 seconds
[2024-09-10T02:14:44.172+0800] {processor.py:186} INFO - Started process (PID=69468) to work on /Users/erniesg/.pyenv/versions/3.12.5/envs/letters_home/lib/python3.12/site-packages/airflow/example_dags/example_python_operator.py
[2024-09-10T02:14:44.172+0800] {processor.py:914} INFO - Processing file /Users/erniesg/.pyenv/versions/3.12.5/envs/letters_home/lib/python3.12/site-packages/airflow/example_dags/example_python_operator.py for tasks to queue
[2024-09-10T02:14:44.172+0800] {logging_mixin.py:190} INFO - [2024-09-10T02:14:44.172+0800] {dagbag.py:587} INFO - Filling up the DagBag from /Users/erniesg/.pyenv/versions/3.12.5/envs/letters_home/lib/python3.12/site-packages/airflow/example_dags/example_python_operator.py
[2024-09-10T02:14:44.184+0800] {processor.py:925} INFO - DAG(s) 'example_python_operator' retrieved from /Users/erniesg/.pyenv/versions/3.12.5/envs/letters_home/lib/python3.12/site-packages/airflow/example_dags/example_python_operator.py
[2024-09-10T02:14:44.253+0800] {logging_mixin.py:190} INFO - [2024-09-10T02:14:44.253+0800] {dag.py:3229} INFO - Sync 1 DAGs
[2024-09-10T02:14:44.257+0800] {logging_mixin.py:190} INFO - [2024-09-10T02:14:44.257+0800] {dag.py:4156} INFO - Setting next_dagrun for example_python_operator to None, run_after=None
[2024-09-10T02:14:44.264+0800] {processor.py:208} INFO - Processing /Users/erniesg/.pyenv/versions/3.12.5/envs/letters_home/lib/python3.12/site-packages/airflow/example_dags/example_python_operator.py took 0.094 seconds
[2024-09-10T02:16:12.295+0800] {processor.py:186} INFO - Started process (PID=69733) to work on /Users/erniesg/.pyenv/versions/3.12.5/envs/letters_home/lib/python3.12/site-packages/airflow/example_dags/example_python_operator.py
[2024-09-10T02:16:12.296+0800] {processor.py:914} INFO - Processing file /Users/erniesg/.pyenv/versions/3.12.5/envs/letters_home/lib/python3.12/site-packages/airflow/example_dags/example_python_operator.py for tasks to queue
[2024-09-10T02:16:12.296+0800] {logging_mixin.py:190} INFO - [2024-09-10T02:16:12.296+0800] {dagbag.py:587} INFO - Filling up the DagBag from /Users/erniesg/.pyenv/versions/3.12.5/envs/letters_home/lib/python3.12/site-packages/airflow/example_dags/example_python_operator.py
[2024-09-10T02:16:12.308+0800] {processor.py:925} INFO - DAG(s) 'example_python_operator' retrieved from /Users/erniesg/.pyenv/versions/3.12.5/envs/letters_home/lib/python3.12/site-packages/airflow/example_dags/example_python_operator.py
[2024-09-10T02:16:12.386+0800] {logging_mixin.py:190} INFO - [2024-09-10T02:16:12.386+0800] {dag.py:3229} INFO - Sync 1 DAGs
[2024-09-10T02:16:12.391+0800] {logging_mixin.py:190} INFO - [2024-09-10T02:16:12.391+0800] {dag.py:4156} INFO - Setting next_dagrun for example_python_operator to None, run_after=None
[2024-09-10T02:16:12.398+0800] {processor.py:208} INFO - Processing /Users/erniesg/.pyenv/versions/3.12.5/envs/letters_home/lib/python3.12/site-packages/airflow/example_dags/example_python_operator.py took 0.104 seconds
[2024-09-10T02:18:08.062+0800] {processor.py:186} INFO - Started process (PID=69865) to work on /Users/erniesg/.pyenv/versions/3.12.5/envs/letters_home/lib/python3.12/site-packages/airflow/example_dags/example_python_operator.py
[2024-09-10T02:18:08.062+0800] {processor.py:914} INFO - Processing file /Users/erniesg/.pyenv/versions/3.12.5/envs/letters_home/lib/python3.12/site-packages/airflow/example_dags/example_python_operator.py for tasks to queue
[2024-09-10T02:18:08.063+0800] {logging_mixin.py:190} INFO - [2024-09-10T02:18:08.063+0800] {dagbag.py:587} INFO - Filling up the DagBag from /Users/erniesg/.pyenv/versions/3.12.5/envs/letters_home/lib/python3.12/site-packages/airflow/example_dags/example_python_operator.py
[2024-09-10T02:18:08.075+0800] {processor.py:925} INFO - DAG(s) 'example_python_operator' retrieved from /Users/erniesg/.pyenv/versions/3.12.5/envs/letters_home/lib/python3.12/site-packages/airflow/example_dags/example_python_operator.py
[2024-09-10T02:18:08.147+0800] {logging_mixin.py:190} INFO - [2024-09-10T02:18:08.147+0800] {dag.py:3229} INFO - Sync 1 DAGs
[2024-09-10T02:18:08.152+0800] {logging_mixin.py:190} INFO - [2024-09-10T02:18:08.152+0800] {dag.py:4156} INFO - Setting next_dagrun for example_python_operator to None, run_after=None
[2024-09-10T02:18:08.159+0800] {processor.py:208} INFO - Processing /Users/erniesg/.pyenv/versions/3.12.5/envs/letters_home/lib/python3.12/site-packages/airflow/example_dags/example_python_operator.py took 0.099 seconds
