[2024-09-10T01:37:42.153+0800] {processor.py:186} INFO - Started process (PID=57558) to work on /Users/erniesg/.pyenv/versions/3.12.5/envs/letters_home/lib/python3.12/site-packages/airflow/example_dags/example_sensors.py
[2024-09-10T01:37:42.153+0800] {processor.py:914} INFO - Processing file /Users/erniesg/.pyenv/versions/3.12.5/envs/letters_home/lib/python3.12/site-packages/airflow/example_dags/example_sensors.py for tasks to queue
[2024-09-10T01:37:42.153+0800] {logging_mixin.py:190} INFO - [2024-09-10T01:37:42.153+0800] {dagbag.py:587} INFO - Filling up the DagBag from /Users/erniesg/.pyenv/versions/3.12.5/envs/letters_home/lib/python3.12/site-packages/airflow/example_dags/example_sensors.py
[2024-09-10T01:37:42.159+0800] {processor.py:925} INFO - DAG(s) 'example_sensors' retrieved from /Users/erniesg/.pyenv/versions/3.12.5/envs/letters_home/lib/python3.12/site-packages/airflow/example_dags/example_sensors.py
[2024-09-10T01:37:42.379+0800] {logging_mixin.py:190} INFO - [2024-09-10T01:37:42.379+0800] {override.py:1900} INFO - Created Permission View: can delete on DAG:example_sensors
[2024-09-10T01:37:42.382+0800] {logging_mixin.py:190} INFO - [2024-09-10T01:37:42.382+0800] {override.py:1900} INFO - Created Permission View: can read on DAG:example_sensors
[2024-09-10T01:37:42.384+0800] {logging_mixin.py:190} INFO - [2024-09-10T01:37:42.384+0800] {override.py:1900} INFO - Created Permission View: can edit on DAG:example_sensors
[2024-09-10T01:37:42.386+0800] {logging_mixin.py:190} INFO - [2024-09-10T01:37:42.386+0800] {override.py:1900} INFO - Created Permission View: can create on DAG Run:example_sensors
[2024-09-10T01:37:42.388+0800] {logging_mixin.py:190} INFO - [2024-09-10T01:37:42.388+0800] {override.py:1900} INFO - Created Permission View: can read on DAG Run:example_sensors
[2024-09-10T01:37:42.390+0800] {logging_mixin.py:190} INFO - [2024-09-10T01:37:42.390+0800] {override.py:1900} INFO - Created Permission View: menu access on DAG Run:example_sensors
[2024-09-10T01:37:42.392+0800] {logging_mixin.py:190} INFO - [2024-09-10T01:37:42.392+0800] {override.py:1900} INFO - Created Permission View: can delete on DAG Run:example_sensors
[2024-09-10T01:37:42.392+0800] {logging_mixin.py:190} INFO - [2024-09-10T01:37:42.392+0800] {dag.py:3229} INFO - Sync 1 DAGs
[2024-09-10T01:37:42.396+0800] {logging_mixin.py:190} INFO - [2024-09-10T01:37:42.396+0800] {dag.py:3252} INFO - Creating ORM DAG for example_sensors
[2024-09-10T01:37:42.396+0800] {logging_mixin.py:190} INFO - [2024-09-10T01:37:42.396+0800] {dag.py:4156} INFO - Setting next_dagrun for example_sensors to None, run_after=None
[2024-09-10T01:37:42.402+0800] {processor.py:208} INFO - Processing /Users/erniesg/.pyenv/versions/3.12.5/envs/letters_home/lib/python3.12/site-packages/airflow/example_dags/example_sensors.py took 0.250 seconds
[2024-09-10T01:39:30.864+0800] {processor.py:186} INFO - Started process (PID=58086) to work on /Users/erniesg/.pyenv/versions/3.12.5/envs/letters_home/lib/python3.12/site-packages/airflow/example_dags/example_sensors.py
[2024-09-10T01:39:30.864+0800] {processor.py:914} INFO - Processing file /Users/erniesg/.pyenv/versions/3.12.5/envs/letters_home/lib/python3.12/site-packages/airflow/example_dags/example_sensors.py for tasks to queue
[2024-09-10T01:39:30.864+0800] {logging_mixin.py:190} INFO - [2024-09-10T01:39:30.864+0800] {dagbag.py:587} INFO - Filling up the DagBag from /Users/erniesg/.pyenv/versions/3.12.5/envs/letters_home/lib/python3.12/site-packages/airflow/example_dags/example_sensors.py
[2024-09-10T01:39:30.870+0800] {processor.py:925} INFO - DAG(s) 'example_sensors' retrieved from /Users/erniesg/.pyenv/versions/3.12.5/envs/letters_home/lib/python3.12/site-packages/airflow/example_dags/example_sensors.py
[2024-09-10T01:39:31.071+0800] {logging_mixin.py:190} INFO - [2024-09-10T01:39:31.071+0800] {dag.py:3229} INFO - Sync 1 DAGs
[2024-09-10T01:39:31.075+0800] {logging_mixin.py:190} INFO - [2024-09-10T01:39:31.075+0800] {dag.py:4156} INFO - Setting next_dagrun for example_sensors to None, run_after=None
[2024-09-10T01:39:31.083+0800] {processor.py:208} INFO - Processing /Users/erniesg/.pyenv/versions/3.12.5/envs/letters_home/lib/python3.12/site-packages/airflow/example_dags/example_sensors.py took 0.220 seconds
[2024-09-10T01:42:12.123+0800] {processor.py:186} INFO - Started process (PID=58228) to work on /Users/erniesg/.pyenv/versions/3.12.5/envs/letters_home/lib/python3.12/site-packages/airflow/example_dags/example_sensors.py
[2024-09-10T01:42:12.124+0800] {processor.py:914} INFO - Processing file /Users/erniesg/.pyenv/versions/3.12.5/envs/letters_home/lib/python3.12/site-packages/airflow/example_dags/example_sensors.py for tasks to queue
[2024-09-10T01:42:12.124+0800] {logging_mixin.py:190} INFO - [2024-09-10T01:42:12.124+0800] {dagbag.py:587} INFO - Filling up the DagBag from /Users/erniesg/.pyenv/versions/3.12.5/envs/letters_home/lib/python3.12/site-packages/airflow/example_dags/example_sensors.py
[2024-09-10T01:42:12.129+0800] {processor.py:925} INFO - DAG(s) 'example_sensors' retrieved from /Users/erniesg/.pyenv/versions/3.12.5/envs/letters_home/lib/python3.12/site-packages/airflow/example_dags/example_sensors.py
[2024-09-10T01:42:12.319+0800] {logging_mixin.py:190} INFO - [2024-09-10T01:42:12.318+0800] {dag.py:3229} INFO - Sync 1 DAGs
[2024-09-10T01:42:12.322+0800] {logging_mixin.py:190} INFO - [2024-09-10T01:42:12.322+0800] {dag.py:4156} INFO - Setting next_dagrun for example_sensors to None, run_after=None
[2024-09-10T01:42:12.329+0800] {processor.py:208} INFO - Processing /Users/erniesg/.pyenv/versions/3.12.5/envs/letters_home/lib/python3.12/site-packages/airflow/example_dags/example_sensors.py took 0.207 seconds
[2024-09-10T01:43:35.153+0800] {processor.py:186} INFO - Started process (PID=58717) to work on /Users/erniesg/.pyenv/versions/3.12.5/envs/letters_home/lib/python3.12/site-packages/airflow/example_dags/example_sensors.py
[2024-09-10T01:43:35.153+0800] {processor.py:914} INFO - Processing file /Users/erniesg/.pyenv/versions/3.12.5/envs/letters_home/lib/python3.12/site-packages/airflow/example_dags/example_sensors.py for tasks to queue
[2024-09-10T01:43:35.154+0800] {logging_mixin.py:190} INFO - [2024-09-10T01:43:35.154+0800] {dagbag.py:587} INFO - Filling up the DagBag from /Users/erniesg/.pyenv/versions/3.12.5/envs/letters_home/lib/python3.12/site-packages/airflow/example_dags/example_sensors.py
[2024-09-10T01:43:35.159+0800] {processor.py:925} INFO - DAG(s) 'example_sensors' retrieved from /Users/erniesg/.pyenv/versions/3.12.5/envs/letters_home/lib/python3.12/site-packages/airflow/example_dags/example_sensors.py
[2024-09-10T01:43:35.347+0800] {logging_mixin.py:190} INFO - [2024-09-10T01:43:35.347+0800] {dag.py:3229} INFO - Sync 1 DAGs
[2024-09-10T01:43:35.351+0800] {logging_mixin.py:190} INFO - [2024-09-10T01:43:35.351+0800] {dag.py:4156} INFO - Setting next_dagrun for example_sensors to None, run_after=None
[2024-09-10T01:43:35.358+0800] {processor.py:208} INFO - Processing /Users/erniesg/.pyenv/versions/3.12.5/envs/letters_home/lib/python3.12/site-packages/airflow/example_dags/example_sensors.py took 0.206 seconds
[2024-09-10T01:59:14.426+0800] {processor.py:186} INFO - Started process (PID=67485) to work on /Users/erniesg/.pyenv/versions/3.12.5/envs/letters_home/lib/python3.12/site-packages/airflow/example_dags/example_sensors.py
[2024-09-10T01:59:14.426+0800] {processor.py:914} INFO - Processing file /Users/erniesg/.pyenv/versions/3.12.5/envs/letters_home/lib/python3.12/site-packages/airflow/example_dags/example_sensors.py for tasks to queue
[2024-09-10T01:59:14.427+0800] {logging_mixin.py:190} INFO - [2024-09-10T01:59:14.426+0800] {dagbag.py:587} INFO - Filling up the DagBag from /Users/erniesg/.pyenv/versions/3.12.5/envs/letters_home/lib/python3.12/site-packages/airflow/example_dags/example_sensors.py
[2024-09-10T01:59:14.432+0800] {processor.py:925} INFO - DAG(s) 'example_sensors' retrieved from /Users/erniesg/.pyenv/versions/3.12.5/envs/letters_home/lib/python3.12/site-packages/airflow/example_dags/example_sensors.py
[2024-09-10T01:59:14.624+0800] {logging_mixin.py:190} INFO - [2024-09-10T01:59:14.624+0800] {dag.py:3229} INFO - Sync 1 DAGs
[2024-09-10T01:59:14.628+0800] {logging_mixin.py:190} INFO - [2024-09-10T01:59:14.628+0800] {dag.py:4156} INFO - Setting next_dagrun for example_sensors to None, run_after=None
[2024-09-10T01:59:14.635+0800] {processor.py:208} INFO - Processing /Users/erniesg/.pyenv/versions/3.12.5/envs/letters_home/lib/python3.12/site-packages/airflow/example_dags/example_sensors.py took 0.210 seconds
[2024-09-10T02:01:38.033+0800] {processor.py:186} INFO - Started process (PID=67912) to work on /Users/erniesg/.pyenv/versions/3.12.5/envs/letters_home/lib/python3.12/site-packages/airflow/example_dags/example_sensors.py
[2024-09-10T02:01:38.034+0800] {processor.py:914} INFO - Processing file /Users/erniesg/.pyenv/versions/3.12.5/envs/letters_home/lib/python3.12/site-packages/airflow/example_dags/example_sensors.py for tasks to queue
[2024-09-10T02:01:38.034+0800] {logging_mixin.py:190} INFO - [2024-09-10T02:01:38.034+0800] {dagbag.py:587} INFO - Filling up the DagBag from /Users/erniesg/.pyenv/versions/3.12.5/envs/letters_home/lib/python3.12/site-packages/airflow/example_dags/example_sensors.py
[2024-09-10T02:01:38.040+0800] {processor.py:925} INFO - DAG(s) 'example_sensors' retrieved from /Users/erniesg/.pyenv/versions/3.12.5/envs/letters_home/lib/python3.12/site-packages/airflow/example_dags/example_sensors.py
[2024-09-10T02:01:38.249+0800] {logging_mixin.py:190} INFO - [2024-09-10T02:01:38.249+0800] {dag.py:3229} INFO - Sync 1 DAGs
[2024-09-10T02:01:38.255+0800] {logging_mixin.py:190} INFO - [2024-09-10T02:01:38.255+0800] {dag.py:4156} INFO - Setting next_dagrun for example_sensors to None, run_after=None
[2024-09-10T02:01:38.265+0800] {processor.py:208} INFO - Processing /Users/erniesg/.pyenv/versions/3.12.5/envs/letters_home/lib/python3.12/site-packages/airflow/example_dags/example_sensors.py took 0.233 seconds
[2024-09-10T02:04:20.500+0800] {processor.py:186} INFO - Started process (PID=68103) to work on /Users/erniesg/.pyenv/versions/3.12.5/envs/letters_home/lib/python3.12/site-packages/airflow/example_dags/example_sensors.py
[2024-09-10T02:04:20.501+0800] {processor.py:914} INFO - Processing file /Users/erniesg/.pyenv/versions/3.12.5/envs/letters_home/lib/python3.12/site-packages/airflow/example_dags/example_sensors.py for tasks to queue
[2024-09-10T02:04:20.501+0800] {logging_mixin.py:190} INFO - [2024-09-10T02:04:20.501+0800] {dagbag.py:587} INFO - Filling up the DagBag from /Users/erniesg/.pyenv/versions/3.12.5/envs/letters_home/lib/python3.12/site-packages/airflow/example_dags/example_sensors.py
[2024-09-10T02:04:20.507+0800] {processor.py:925} INFO - DAG(s) 'example_sensors' retrieved from /Users/erniesg/.pyenv/versions/3.12.5/envs/letters_home/lib/python3.12/site-packages/airflow/example_dags/example_sensors.py
[2024-09-10T02:04:20.695+0800] {logging_mixin.py:190} INFO - [2024-09-10T02:04:20.695+0800] {dag.py:3229} INFO - Sync 1 DAGs
[2024-09-10T02:04:20.700+0800] {logging_mixin.py:190} INFO - [2024-09-10T02:04:20.700+0800] {dag.py:4156} INFO - Setting next_dagrun for example_sensors to None, run_after=None
[2024-09-10T02:04:20.707+0800] {processor.py:208} INFO - Processing /Users/erniesg/.pyenv/versions/3.12.5/envs/letters_home/lib/python3.12/site-packages/airflow/example_dags/example_sensors.py took 0.208 seconds
[2024-09-10T02:05:56.162+0800] {processor.py:186} INFO - Started process (PID=68216) to work on /Users/erniesg/.pyenv/versions/3.12.5/envs/letters_home/lib/python3.12/site-packages/airflow/example_dags/example_sensors.py
[2024-09-10T02:05:56.162+0800] {processor.py:914} INFO - Processing file /Users/erniesg/.pyenv/versions/3.12.5/envs/letters_home/lib/python3.12/site-packages/airflow/example_dags/example_sensors.py for tasks to queue
[2024-09-10T02:05:56.163+0800] {logging_mixin.py:190} INFO - [2024-09-10T02:05:56.163+0800] {dagbag.py:587} INFO - Filling up the DagBag from /Users/erniesg/.pyenv/versions/3.12.5/envs/letters_home/lib/python3.12/site-packages/airflow/example_dags/example_sensors.py
[2024-09-10T02:05:56.168+0800] {processor.py:925} INFO - DAG(s) 'example_sensors' retrieved from /Users/erniesg/.pyenv/versions/3.12.5/envs/letters_home/lib/python3.12/site-packages/airflow/example_dags/example_sensors.py
[2024-09-10T02:05:56.374+0800] {logging_mixin.py:190} INFO - [2024-09-10T02:05:56.374+0800] {dag.py:3229} INFO - Sync 1 DAGs
[2024-09-10T02:05:56.378+0800] {logging_mixin.py:190} INFO - [2024-09-10T02:05:56.378+0800] {dag.py:4156} INFO - Setting next_dagrun for example_sensors to None, run_after=None
[2024-09-10T02:05:56.385+0800] {processor.py:208} INFO - Processing /Users/erniesg/.pyenv/versions/3.12.5/envs/letters_home/lib/python3.12/site-packages/airflow/example_dags/example_sensors.py took 0.224 seconds
[2024-09-10T02:07:19.831+0800] {processor.py:186} INFO - Started process (PID=68401) to work on /Users/erniesg/.pyenv/versions/3.12.5/envs/letters_home/lib/python3.12/site-packages/airflow/example_dags/example_sensors.py
[2024-09-10T02:07:19.831+0800] {processor.py:914} INFO - Processing file /Users/erniesg/.pyenv/versions/3.12.5/envs/letters_home/lib/python3.12/site-packages/airflow/example_dags/example_sensors.py for tasks to queue
[2024-09-10T02:07:19.832+0800] {logging_mixin.py:190} INFO - [2024-09-10T02:07:19.832+0800] {dagbag.py:587} INFO - Filling up the DagBag from /Users/erniesg/.pyenv/versions/3.12.5/envs/letters_home/lib/python3.12/site-packages/airflow/example_dags/example_sensors.py
[2024-09-10T02:07:19.837+0800] {processor.py:925} INFO - DAG(s) 'example_sensors' retrieved from /Users/erniesg/.pyenv/versions/3.12.5/envs/letters_home/lib/python3.12/site-packages/airflow/example_dags/example_sensors.py
[2024-09-10T02:07:20.036+0800] {logging_mixin.py:190} INFO - [2024-09-10T02:07:20.036+0800] {dag.py:3229} INFO - Sync 1 DAGs
[2024-09-10T02:07:20.040+0800] {logging_mixin.py:190} INFO - [2024-09-10T02:07:20.040+0800] {dag.py:4156} INFO - Setting next_dagrun for example_sensors to None, run_after=None
[2024-09-10T02:07:20.047+0800] {processor.py:208} INFO - Processing /Users/erniesg/.pyenv/versions/3.12.5/envs/letters_home/lib/python3.12/site-packages/airflow/example_dags/example_sensors.py took 0.218 seconds
[2024-09-10T02:08:41.570+0800] {processor.py:186} INFO - Started process (PID=68509) to work on /Users/erniesg/.pyenv/versions/3.12.5/envs/letters_home/lib/python3.12/site-packages/airflow/example_dags/example_sensors.py
[2024-09-10T02:08:41.570+0800] {processor.py:914} INFO - Processing file /Users/erniesg/.pyenv/versions/3.12.5/envs/letters_home/lib/python3.12/site-packages/airflow/example_dags/example_sensors.py for tasks to queue
[2024-09-10T02:08:41.570+0800] {logging_mixin.py:190} INFO - [2024-09-10T02:08:41.570+0800] {dagbag.py:587} INFO - Filling up the DagBag from /Users/erniesg/.pyenv/versions/3.12.5/envs/letters_home/lib/python3.12/site-packages/airflow/example_dags/example_sensors.py
[2024-09-10T02:08:41.576+0800] {processor.py:925} INFO - DAG(s) 'example_sensors' retrieved from /Users/erniesg/.pyenv/versions/3.12.5/envs/letters_home/lib/python3.12/site-packages/airflow/example_dags/example_sensors.py
[2024-09-10T02:08:41.769+0800] {logging_mixin.py:190} INFO - [2024-09-10T02:08:41.769+0800] {dag.py:3229} INFO - Sync 1 DAGs
[2024-09-10T02:08:41.773+0800] {logging_mixin.py:190} INFO - [2024-09-10T02:08:41.773+0800] {dag.py:4156} INFO - Setting next_dagrun for example_sensors to None, run_after=None
[2024-09-10T02:08:41.780+0800] {processor.py:208} INFO - Processing /Users/erniesg/.pyenv/versions/3.12.5/envs/letters_home/lib/python3.12/site-packages/airflow/example_dags/example_sensors.py took 0.211 seconds
[2024-09-10T02:12:45.793+0800] {processor.py:186} INFO - Started process (PID=69276) to work on /Users/erniesg/.pyenv/versions/3.12.5/envs/letters_home/lib/python3.12/site-packages/airflow/example_dags/example_sensors.py
[2024-09-10T02:12:45.794+0800] {processor.py:914} INFO - Processing file /Users/erniesg/.pyenv/versions/3.12.5/envs/letters_home/lib/python3.12/site-packages/airflow/example_dags/example_sensors.py for tasks to queue
[2024-09-10T02:12:45.794+0800] {logging_mixin.py:190} INFO - [2024-09-10T02:12:45.794+0800] {dagbag.py:587} INFO - Filling up the DagBag from /Users/erniesg/.pyenv/versions/3.12.5/envs/letters_home/lib/python3.12/site-packages/airflow/example_dags/example_sensors.py
[2024-09-10T02:12:45.800+0800] {processor.py:925} INFO - DAG(s) 'example_sensors' retrieved from /Users/erniesg/.pyenv/versions/3.12.5/envs/letters_home/lib/python3.12/site-packages/airflow/example_dags/example_sensors.py
[2024-09-10T02:12:45.997+0800] {logging_mixin.py:190} INFO - [2024-09-10T02:12:45.997+0800] {dag.py:3229} INFO - Sync 1 DAGs
[2024-09-10T02:12:46.001+0800] {logging_mixin.py:190} INFO - [2024-09-10T02:12:46.001+0800] {dag.py:4156} INFO - Setting next_dagrun for example_sensors to None, run_after=None
[2024-09-10T02:12:46.008+0800] {processor.py:208} INFO - Processing /Users/erniesg/.pyenv/versions/3.12.5/envs/letters_home/lib/python3.12/site-packages/airflow/example_dags/example_sensors.py took 0.216 seconds
[2024-09-10T02:14:39.645+0800] {processor.py:186} INFO - Started process (PID=69365) to work on /Users/erniesg/.pyenv/versions/3.12.5/envs/letters_home/lib/python3.12/site-packages/airflow/example_dags/example_sensors.py
[2024-09-10T02:14:39.646+0800] {processor.py:914} INFO - Processing file /Users/erniesg/.pyenv/versions/3.12.5/envs/letters_home/lib/python3.12/site-packages/airflow/example_dags/example_sensors.py for tasks to queue
[2024-09-10T02:14:39.646+0800] {logging_mixin.py:190} INFO - [2024-09-10T02:14:39.646+0800] {dagbag.py:587} INFO - Filling up the DagBag from /Users/erniesg/.pyenv/versions/3.12.5/envs/letters_home/lib/python3.12/site-packages/airflow/example_dags/example_sensors.py
[2024-09-10T02:14:39.653+0800] {processor.py:925} INFO - DAG(s) 'example_sensors' retrieved from /Users/erniesg/.pyenv/versions/3.12.5/envs/letters_home/lib/python3.12/site-packages/airflow/example_dags/example_sensors.py
[2024-09-10T02:14:39.855+0800] {logging_mixin.py:190} INFO - [2024-09-10T02:14:39.854+0800] {dag.py:3229} INFO - Sync 1 DAGs
[2024-09-10T02:14:39.859+0800] {logging_mixin.py:190} INFO - [2024-09-10T02:14:39.859+0800] {dag.py:4156} INFO - Setting next_dagrun for example_sensors to None, run_after=None
[2024-09-10T02:14:39.866+0800] {processor.py:208} INFO - Processing /Users/erniesg/.pyenv/versions/3.12.5/envs/letters_home/lib/python3.12/site-packages/airflow/example_dags/example_sensors.py took 0.222 seconds
[2024-09-10T02:16:08.233+0800] {processor.py:186} INFO - Started process (PID=69729) to work on /Users/erniesg/.pyenv/versions/3.12.5/envs/letters_home/lib/python3.12/site-packages/airflow/example_dags/example_sensors.py
[2024-09-10T02:16:08.234+0800] {processor.py:914} INFO - Processing file /Users/erniesg/.pyenv/versions/3.12.5/envs/letters_home/lib/python3.12/site-packages/airflow/example_dags/example_sensors.py for tasks to queue
[2024-09-10T02:16:08.234+0800] {logging_mixin.py:190} INFO - [2024-09-10T02:16:08.234+0800] {dagbag.py:587} INFO - Filling up the DagBag from /Users/erniesg/.pyenv/versions/3.12.5/envs/letters_home/lib/python3.12/site-packages/airflow/example_dags/example_sensors.py
[2024-09-10T02:16:08.240+0800] {processor.py:925} INFO - DAG(s) 'example_sensors' retrieved from /Users/erniesg/.pyenv/versions/3.12.5/envs/letters_home/lib/python3.12/site-packages/airflow/example_dags/example_sensors.py
[2024-09-10T02:16:08.445+0800] {logging_mixin.py:190} INFO - [2024-09-10T02:16:08.445+0800] {dag.py:3229} INFO - Sync 1 DAGs
[2024-09-10T02:16:08.449+0800] {logging_mixin.py:190} INFO - [2024-09-10T02:16:08.449+0800] {dag.py:4156} INFO - Setting next_dagrun for example_sensors to None, run_after=None
[2024-09-10T02:16:08.456+0800] {processor.py:208} INFO - Processing /Users/erniesg/.pyenv/versions/3.12.5/envs/letters_home/lib/python3.12/site-packages/airflow/example_dags/example_sensors.py took 0.224 seconds
[2024-09-10T02:18:03.769+0800] {processor.py:186} INFO - Started process (PID=69862) to work on /Users/erniesg/.pyenv/versions/3.12.5/envs/letters_home/lib/python3.12/site-packages/airflow/example_dags/example_sensors.py
[2024-09-10T02:18:03.769+0800] {processor.py:914} INFO - Processing file /Users/erniesg/.pyenv/versions/3.12.5/envs/letters_home/lib/python3.12/site-packages/airflow/example_dags/example_sensors.py for tasks to queue
[2024-09-10T02:18:03.770+0800] {logging_mixin.py:190} INFO - [2024-09-10T02:18:03.770+0800] {dagbag.py:587} INFO - Filling up the DagBag from /Users/erniesg/.pyenv/versions/3.12.5/envs/letters_home/lib/python3.12/site-packages/airflow/example_dags/example_sensors.py
[2024-09-10T02:18:03.776+0800] {processor.py:925} INFO - DAG(s) 'example_sensors' retrieved from /Users/erniesg/.pyenv/versions/3.12.5/envs/letters_home/lib/python3.12/site-packages/airflow/example_dags/example_sensors.py
[2024-09-10T02:18:03.986+0800] {logging_mixin.py:190} INFO - [2024-09-10T02:18:03.986+0800] {dag.py:3229} INFO - Sync 1 DAGs
[2024-09-10T02:18:03.990+0800] {logging_mixin.py:190} INFO - [2024-09-10T02:18:03.990+0800] {dag.py:4156} INFO - Setting next_dagrun for example_sensors to None, run_after=None
[2024-09-10T02:18:03.997+0800] {processor.py:208} INFO - Processing /Users/erniesg/.pyenv/versions/3.12.5/envs/letters_home/lib/python3.12/site-packages/airflow/example_dags/example_sensors.py took 0.230 seconds
[2024-09-10T02:19:26.715+0800] {processor.py:186} INFO - Started process (PID=70310) to work on /Users/erniesg/.pyenv/versions/3.12.5/envs/letters_home/lib/python3.12/site-packages/airflow/example_dags/example_sensors.py
[2024-09-10T02:19:26.715+0800] {processor.py:914} INFO - Processing file /Users/erniesg/.pyenv/versions/3.12.5/envs/letters_home/lib/python3.12/site-packages/airflow/example_dags/example_sensors.py for tasks to queue
[2024-09-10T02:19:26.716+0800] {logging_mixin.py:190} INFO - [2024-09-10T02:19:26.716+0800] {dagbag.py:587} INFO - Filling up the DagBag from /Users/erniesg/.pyenv/versions/3.12.5/envs/letters_home/lib/python3.12/site-packages/airflow/example_dags/example_sensors.py
[2024-09-10T02:19:26.721+0800] {processor.py:925} INFO - DAG(s) 'example_sensors' retrieved from /Users/erniesg/.pyenv/versions/3.12.5/envs/letters_home/lib/python3.12/site-packages/airflow/example_dags/example_sensors.py
[2024-09-10T02:19:26.933+0800] {logging_mixin.py:190} INFO - [2024-09-10T02:19:26.933+0800] {dag.py:3229} INFO - Sync 1 DAGs
[2024-09-10T02:19:26.937+0800] {logging_mixin.py:190} INFO - [2024-09-10T02:19:26.937+0800] {dag.py:4156} INFO - Setting next_dagrun for example_sensors to None, run_after=None
[2024-09-10T02:19:26.943+0800] {processor.py:208} INFO - Processing /Users/erniesg/.pyenv/versions/3.12.5/envs/letters_home/lib/python3.12/site-packages/airflow/example_dags/example_sensors.py took 0.230 seconds
