[2024-09-10T01:38:21.166+0800] {processor.py:186} INFO - Started process (PID=58015) to work on /Users/erniesg/.pyenv/versions/3.12.5/envs/letters_home/lib/python3.12/site-packages/airflow/example_dags/example_dataset_alias.py
[2024-09-10T01:38:21.166+0800] {processor.py:914} INFO - Processing file /Users/erniesg/.pyenv/versions/3.12.5/envs/letters_home/lib/python3.12/site-packages/airflow/example_dags/example_dataset_alias.py for tasks to queue
[2024-09-10T01:38:21.166+0800] {logging_mixin.py:190} INFO - [2024-09-10T01:38:21.166+0800] {dagbag.py:587} INFO - Filling up the DagBag from /Users/erniesg/.pyenv/versions/3.12.5/envs/letters_home/lib/python3.12/site-packages/airflow/example_dags/example_dataset_alias.py
[2024-09-10T01:38:21.229+0800] {processor.py:925} INFO - DAG(s) 'dataset_s3_bucket_producer', 'dataset_alias_example_alias_producer', 'dataset_alias_example_alias_consumer', 'dataset_s3_bucket_consumer' retrieved from /Users/erniesg/.pyenv/versions/3.12.5/envs/letters_home/lib/python3.12/site-packages/airflow/example_dags/example_dataset_alias.py
[2024-09-10T01:38:21.269+0800] {logging_mixin.py:190} INFO - [2024-09-10T01:38:21.269+0800] {override.py:1900} INFO - Created Permission View: can delete on DAG:dataset_s3_bucket_producer
[2024-09-10T01:38:21.272+0800] {logging_mixin.py:190} INFO - [2024-09-10T01:38:21.272+0800] {override.py:1900} INFO - Created Permission View: can read on DAG:dataset_s3_bucket_producer
[2024-09-10T01:38:21.274+0800] {logging_mixin.py:190} INFO - [2024-09-10T01:38:21.274+0800] {override.py:1900} INFO - Created Permission View: can edit on DAG:dataset_s3_bucket_producer
[2024-09-10T01:38:21.277+0800] {logging_mixin.py:190} INFO - [2024-09-10T01:38:21.277+0800] {override.py:1900} INFO - Created Permission View: can create on DAG Run:dataset_s3_bucket_producer
[2024-09-10T01:38:21.279+0800] {logging_mixin.py:190} INFO - [2024-09-10T01:38:21.279+0800] {override.py:1900} INFO - Created Permission View: can delete on DAG Run:dataset_s3_bucket_producer
[2024-09-10T01:38:21.280+0800] {logging_mixin.py:190} INFO - [2024-09-10T01:38:21.280+0800] {override.py:1900} INFO - Created Permission View: can read on DAG Run:dataset_s3_bucket_producer
[2024-09-10T01:38:21.282+0800] {logging_mixin.py:190} INFO - [2024-09-10T01:38:21.282+0800] {override.py:1900} INFO - Created Permission View: menu access on DAG Run:dataset_s3_bucket_producer
[2024-09-10T01:38:21.287+0800] {logging_mixin.py:190} INFO - [2024-09-10T01:38:21.287+0800] {override.py:1900} INFO - Created Permission View: can delete on DAG:dataset_alias_example_alias_producer
[2024-09-10T01:38:21.289+0800] {logging_mixin.py:190} INFO - [2024-09-10T01:38:21.289+0800] {override.py:1900} INFO - Created Permission View: can read on DAG:dataset_alias_example_alias_producer
[2024-09-10T01:38:21.291+0800] {logging_mixin.py:190} INFO - [2024-09-10T01:38:21.291+0800] {override.py:1900} INFO - Created Permission View: can edit on DAG:dataset_alias_example_alias_producer
[2024-09-10T01:38:21.293+0800] {logging_mixin.py:190} INFO - [2024-09-10T01:38:21.293+0800] {override.py:1900} INFO - Created Permission View: can create on DAG Run:dataset_alias_example_alias_producer
[2024-09-10T01:38:21.295+0800] {logging_mixin.py:190} INFO - [2024-09-10T01:38:21.295+0800] {override.py:1900} INFO - Created Permission View: can delete on DAG Run:dataset_alias_example_alias_producer
[2024-09-10T01:38:21.297+0800] {logging_mixin.py:190} INFO - [2024-09-10T01:38:21.297+0800] {override.py:1900} INFO - Created Permission View: can read on DAG Run:dataset_alias_example_alias_producer
[2024-09-10T01:38:21.299+0800] {logging_mixin.py:190} INFO - [2024-09-10T01:38:21.298+0800] {override.py:1900} INFO - Created Permission View: menu access on DAG Run:dataset_alias_example_alias_producer
[2024-09-10T01:38:21.302+0800] {logging_mixin.py:190} INFO - [2024-09-10T01:38:21.302+0800] {override.py:1900} INFO - Created Permission View: can delete on DAG:dataset_alias_example_alias_consumer
[2024-09-10T01:38:21.304+0800] {logging_mixin.py:190} INFO - [2024-09-10T01:38:21.304+0800] {override.py:1900} INFO - Created Permission View: can read on DAG:dataset_alias_example_alias_consumer
[2024-09-10T01:38:21.306+0800] {logging_mixin.py:190} INFO - [2024-09-10T01:38:21.306+0800] {override.py:1900} INFO - Created Permission View: can edit on DAG:dataset_alias_example_alias_consumer
[2024-09-10T01:38:21.308+0800] {logging_mixin.py:190} INFO - [2024-09-10T01:38:21.308+0800] {override.py:1900} INFO - Created Permission View: can create on DAG Run:dataset_alias_example_alias_consumer
[2024-09-10T01:38:21.310+0800] {logging_mixin.py:190} INFO - [2024-09-10T01:38:21.310+0800] {override.py:1900} INFO - Created Permission View: can delete on DAG Run:dataset_alias_example_alias_consumer
[2024-09-10T01:38:21.312+0800] {logging_mixin.py:190} INFO - [2024-09-10T01:38:21.312+0800] {override.py:1900} INFO - Created Permission View: can read on DAG Run:dataset_alias_example_alias_consumer
[2024-09-10T01:38:21.314+0800] {logging_mixin.py:190} INFO - [2024-09-10T01:38:21.314+0800] {override.py:1900} INFO - Created Permission View: menu access on DAG Run:dataset_alias_example_alias_consumer
[2024-09-10T01:38:21.318+0800] {logging_mixin.py:190} INFO - [2024-09-10T01:38:21.318+0800] {override.py:1900} INFO - Created Permission View: can delete on DAG:dataset_s3_bucket_consumer
[2024-09-10T01:38:21.320+0800] {logging_mixin.py:190} INFO - [2024-09-10T01:38:21.320+0800] {override.py:1900} INFO - Created Permission View: can read on DAG:dataset_s3_bucket_consumer
[2024-09-10T01:38:21.322+0800] {logging_mixin.py:190} INFO - [2024-09-10T01:38:21.322+0800] {override.py:1900} INFO - Created Permission View: can edit on DAG:dataset_s3_bucket_consumer
[2024-09-10T01:38:21.324+0800] {logging_mixin.py:190} INFO - [2024-09-10T01:38:21.324+0800] {override.py:1900} INFO - Created Permission View: can create on DAG Run:dataset_s3_bucket_consumer
[2024-09-10T01:38:21.326+0800] {logging_mixin.py:190} INFO - [2024-09-10T01:38:21.326+0800] {override.py:1900} INFO - Created Permission View: can delete on DAG Run:dataset_s3_bucket_consumer
[2024-09-10T01:38:21.328+0800] {logging_mixin.py:190} INFO - [2024-09-10T01:38:21.328+0800] {override.py:1900} INFO - Created Permission View: can read on DAG Run:dataset_s3_bucket_consumer
[2024-09-10T01:38:21.331+0800] {logging_mixin.py:190} INFO - [2024-09-10T01:38:21.330+0800] {override.py:1900} INFO - Created Permission View: menu access on DAG Run:dataset_s3_bucket_consumer
[2024-09-10T01:38:21.331+0800] {logging_mixin.py:190} INFO - [2024-09-10T01:38:21.331+0800] {dag.py:3229} INFO - Sync 4 DAGs
[2024-09-10T01:38:21.335+0800] {logging_mixin.py:190} INFO - [2024-09-10T01:38:21.335+0800] {dag.py:3252} INFO - Creating ORM DAG for dataset_alias_example_alias_producer
[2024-09-10T01:38:21.335+0800] {logging_mixin.py:190} INFO - [2024-09-10T01:38:21.335+0800] {dag.py:3252} INFO - Creating ORM DAG for dataset_s3_bucket_producer
[2024-09-10T01:38:21.335+0800] {logging_mixin.py:190} INFO - [2024-09-10T01:38:21.335+0800] {dag.py:3252} INFO - Creating ORM DAG for dataset_alias_example_alias_consumer
[2024-09-10T01:38:21.336+0800] {logging_mixin.py:190} INFO - [2024-09-10T01:38:21.336+0800] {dag.py:3252} INFO - Creating ORM DAG for dataset_s3_bucket_consumer
[2024-09-10T01:38:21.338+0800] {logging_mixin.py:190} INFO - [2024-09-10T01:38:21.338+0800] {dag.py:4156} INFO - Setting next_dagrun for dataset_alias_example_alias_consumer to None, run_after=None
[2024-09-10T01:38:21.338+0800] {logging_mixin.py:190} INFO - [2024-09-10T01:38:21.338+0800] {dag.py:4156} INFO - Setting next_dagrun for dataset_alias_example_alias_producer to None, run_after=None
[2024-09-10T01:38:21.339+0800] {logging_mixin.py:190} INFO - [2024-09-10T01:38:21.339+0800] {dag.py:4156} INFO - Setting next_dagrun for dataset_s3_bucket_consumer to None, run_after=None
[2024-09-10T01:38:21.339+0800] {logging_mixin.py:190} INFO - [2024-09-10T01:38:21.339+0800] {dag.py:4156} INFO - Setting next_dagrun for dataset_s3_bucket_producer to None, run_after=None
[2024-09-10T01:38:21.492+0800] {processor.py:208} INFO - Processing /Users/erniesg/.pyenv/versions/3.12.5/envs/letters_home/lib/python3.12/site-packages/airflow/example_dags/example_dataset_alias.py took 0.328 seconds
[2024-09-10T01:40:58.748+0800] {processor.py:186} INFO - Started process (PID=58165) to work on /Users/erniesg/.pyenv/versions/3.12.5/envs/letters_home/lib/python3.12/site-packages/airflow/example_dags/example_dataset_alias.py
[2024-09-10T01:40:58.748+0800] {processor.py:914} INFO - Processing file /Users/erniesg/.pyenv/versions/3.12.5/envs/letters_home/lib/python3.12/site-packages/airflow/example_dags/example_dataset_alias.py for tasks to queue
[2024-09-10T01:40:58.748+0800] {logging_mixin.py:190} INFO - [2024-09-10T01:40:58.748+0800] {dagbag.py:587} INFO - Filling up the DagBag from /Users/erniesg/.pyenv/versions/3.12.5/envs/letters_home/lib/python3.12/site-packages/airflow/example_dags/example_dataset_alias.py
[2024-09-10T01:40:58.813+0800] {processor.py:925} INFO - DAG(s) 'dataset_s3_bucket_producer', 'dataset_alias_example_alias_consumer', 'dataset_s3_bucket_consumer', 'dataset_alias_example_alias_producer' retrieved from /Users/erniesg/.pyenv/versions/3.12.5/envs/letters_home/lib/python3.12/site-packages/airflow/example_dags/example_dataset_alias.py
[2024-09-10T01:40:58.821+0800] {logging_mixin.py:190} INFO - [2024-09-10T01:40:58.821+0800] {dag.py:3229} INFO - Sync 4 DAGs
[2024-09-10T01:40:58.828+0800] {logging_mixin.py:190} INFO - [2024-09-10T01:40:58.827+0800] {dag.py:4156} INFO - Setting next_dagrun for dataset_alias_example_alias_consumer to None, run_after=None
[2024-09-10T01:40:58.828+0800] {logging_mixin.py:190} INFO - [2024-09-10T01:40:58.828+0800] {dag.py:4156} INFO - Setting next_dagrun for dataset_alias_example_alias_producer to None, run_after=None
[2024-09-10T01:40:58.829+0800] {logging_mixin.py:190} INFO - [2024-09-10T01:40:58.828+0800] {dag.py:4156} INFO - Setting next_dagrun for dataset_s3_bucket_consumer to None, run_after=None
[2024-09-10T01:40:58.829+0800] {logging_mixin.py:190} INFO - [2024-09-10T01:40:58.829+0800] {dag.py:4156} INFO - Setting next_dagrun for dataset_s3_bucket_producer to None, run_after=None
[2024-09-10T01:40:58.836+0800] {processor.py:208} INFO - Processing /Users/erniesg/.pyenv/versions/3.12.5/envs/letters_home/lib/python3.12/site-packages/airflow/example_dags/example_dataset_alias.py took 0.089 seconds
[2024-09-10T01:43:45.109+0800] {processor.py:186} INFO - Started process (PID=58722) to work on /Users/erniesg/.pyenv/versions/3.12.5/envs/letters_home/lib/python3.12/site-packages/airflow/example_dags/example_dataset_alias.py
[2024-09-10T01:43:45.109+0800] {processor.py:914} INFO - Processing file /Users/erniesg/.pyenv/versions/3.12.5/envs/letters_home/lib/python3.12/site-packages/airflow/example_dags/example_dataset_alias.py for tasks to queue
[2024-09-10T01:43:45.110+0800] {logging_mixin.py:190} INFO - [2024-09-10T01:43:45.110+0800] {dagbag.py:587} INFO - Filling up the DagBag from /Users/erniesg/.pyenv/versions/3.12.5/envs/letters_home/lib/python3.12/site-packages/airflow/example_dags/example_dataset_alias.py
[2024-09-10T01:43:45.179+0800] {processor.py:925} INFO - DAG(s) 'dataset_alias_example_alias_producer', 'dataset_alias_example_alias_consumer', 'dataset_s3_bucket_consumer', 'dataset_s3_bucket_producer' retrieved from /Users/erniesg/.pyenv/versions/3.12.5/envs/letters_home/lib/python3.12/site-packages/airflow/example_dags/example_dataset_alias.py
[2024-09-10T01:43:45.189+0800] {logging_mixin.py:190} INFO - [2024-09-10T01:43:45.189+0800] {dag.py:3229} INFO - Sync 4 DAGs
[2024-09-10T01:43:45.196+0800] {logging_mixin.py:190} INFO - [2024-09-10T01:43:45.195+0800] {dag.py:4156} INFO - Setting next_dagrun for dataset_alias_example_alias_consumer to None, run_after=None
[2024-09-10T01:43:45.197+0800] {logging_mixin.py:190} INFO - [2024-09-10T01:43:45.197+0800] {dag.py:4156} INFO - Setting next_dagrun for dataset_alias_example_alias_producer to None, run_after=None
[2024-09-10T01:43:45.197+0800] {logging_mixin.py:190} INFO - [2024-09-10T01:43:45.197+0800] {dag.py:4156} INFO - Setting next_dagrun for dataset_s3_bucket_consumer to None, run_after=None
[2024-09-10T01:43:45.197+0800] {logging_mixin.py:190} INFO - [2024-09-10T01:43:45.197+0800] {dag.py:4156} INFO - Setting next_dagrun for dataset_s3_bucket_producer to None, run_after=None
[2024-09-10T01:43:45.206+0800] {processor.py:208} INFO - Processing /Users/erniesg/.pyenv/versions/3.12.5/envs/letters_home/lib/python3.12/site-packages/airflow/example_dags/example_dataset_alias.py took 0.098 seconds
[2024-09-10T02:00:25.080+0800] {processor.py:186} INFO - Started process (PID=67612) to work on /Users/erniesg/.pyenv/versions/3.12.5/envs/letters_home/lib/python3.12/site-packages/airflow/example_dags/example_dataset_alias.py
[2024-09-10T02:00:25.080+0800] {processor.py:914} INFO - Processing file /Users/erniesg/.pyenv/versions/3.12.5/envs/letters_home/lib/python3.12/site-packages/airflow/example_dags/example_dataset_alias.py for tasks to queue
[2024-09-10T02:00:25.081+0800] {logging_mixin.py:190} INFO - [2024-09-10T02:00:25.081+0800] {dagbag.py:587} INFO - Filling up the DagBag from /Users/erniesg/.pyenv/versions/3.12.5/envs/letters_home/lib/python3.12/site-packages/airflow/example_dags/example_dataset_alias.py
[2024-09-10T02:00:25.144+0800] {processor.py:925} INFO - DAG(s) 'dataset_s3_bucket_producer', 'dataset_alias_example_alias_consumer', 'dataset_alias_example_alias_producer', 'dataset_s3_bucket_consumer' retrieved from /Users/erniesg/.pyenv/versions/3.12.5/envs/letters_home/lib/python3.12/site-packages/airflow/example_dags/example_dataset_alias.py
[2024-09-10T02:00:25.153+0800] {logging_mixin.py:190} INFO - [2024-09-10T02:00:25.153+0800] {dag.py:3229} INFO - Sync 4 DAGs
[2024-09-10T02:00:25.159+0800] {logging_mixin.py:190} INFO - [2024-09-10T02:00:25.159+0800] {dag.py:4156} INFO - Setting next_dagrun for dataset_alias_example_alias_consumer to None, run_after=None
[2024-09-10T02:00:25.160+0800] {logging_mixin.py:190} INFO - [2024-09-10T02:00:25.160+0800] {dag.py:4156} INFO - Setting next_dagrun for dataset_alias_example_alias_producer to None, run_after=None
[2024-09-10T02:00:25.160+0800] {logging_mixin.py:190} INFO - [2024-09-10T02:00:25.160+0800] {dag.py:4156} INFO - Setting next_dagrun for dataset_s3_bucket_consumer to None, run_after=None
[2024-09-10T02:00:25.161+0800] {logging_mixin.py:190} INFO - [2024-09-10T02:00:25.161+0800] {dag.py:4156} INFO - Setting next_dagrun for dataset_s3_bucket_producer to None, run_after=None
[2024-09-10T02:00:25.168+0800] {processor.py:208} INFO - Processing /Users/erniesg/.pyenv/versions/3.12.5/envs/letters_home/lib/python3.12/site-packages/airflow/example_dags/example_dataset_alias.py took 0.089 seconds
[2024-09-10T02:03:05.859+0800] {processor.py:186} INFO - Started process (PID=68024) to work on /Users/erniesg/.pyenv/versions/3.12.5/envs/letters_home/lib/python3.12/site-packages/airflow/example_dags/example_dataset_alias.py
[2024-09-10T02:03:05.859+0800] {processor.py:914} INFO - Processing file /Users/erniesg/.pyenv/versions/3.12.5/envs/letters_home/lib/python3.12/site-packages/airflow/example_dags/example_dataset_alias.py for tasks to queue
[2024-09-10T02:03:05.860+0800] {logging_mixin.py:190} INFO - [2024-09-10T02:03:05.860+0800] {dagbag.py:587} INFO - Filling up the DagBag from /Users/erniesg/.pyenv/versions/3.12.5/envs/letters_home/lib/python3.12/site-packages/airflow/example_dags/example_dataset_alias.py
[2024-09-10T02:03:05.925+0800] {processor.py:925} INFO - DAG(s) 'dataset_s3_bucket_consumer', 'dataset_alias_example_alias_producer', 'dataset_s3_bucket_producer', 'dataset_alias_example_alias_consumer' retrieved from /Users/erniesg/.pyenv/versions/3.12.5/envs/letters_home/lib/python3.12/site-packages/airflow/example_dags/example_dataset_alias.py
[2024-09-10T02:03:05.935+0800] {logging_mixin.py:190} INFO - [2024-09-10T02:03:05.934+0800] {dag.py:3229} INFO - Sync 4 DAGs
[2024-09-10T02:03:05.941+0800] {logging_mixin.py:190} INFO - [2024-09-10T02:03:05.941+0800] {dag.py:4156} INFO - Setting next_dagrun for dataset_alias_example_alias_consumer to None, run_after=None
[2024-09-10T02:03:05.941+0800] {logging_mixin.py:190} INFO - [2024-09-10T02:03:05.941+0800] {dag.py:4156} INFO - Setting next_dagrun for dataset_alias_example_alias_producer to None, run_after=None
[2024-09-10T02:03:05.942+0800] {logging_mixin.py:190} INFO - [2024-09-10T02:03:05.942+0800] {dag.py:4156} INFO - Setting next_dagrun for dataset_s3_bucket_consumer to None, run_after=None
[2024-09-10T02:03:05.942+0800] {logging_mixin.py:190} INFO - [2024-09-10T02:03:05.942+0800] {dag.py:4156} INFO - Setting next_dagrun for dataset_s3_bucket_producer to None, run_after=None
[2024-09-10T02:03:05.949+0800] {processor.py:208} INFO - Processing /Users/erniesg/.pyenv/versions/3.12.5/envs/letters_home/lib/python3.12/site-packages/airflow/example_dags/example_dataset_alias.py took 0.092 seconds
[2024-09-10T02:06:06.497+0800] {processor.py:186} INFO - Started process (PID=68223) to work on /Users/erniesg/.pyenv/versions/3.12.5/envs/letters_home/lib/python3.12/site-packages/airflow/example_dags/example_dataset_alias.py
[2024-09-10T02:06:06.497+0800] {processor.py:914} INFO - Processing file /Users/erniesg/.pyenv/versions/3.12.5/envs/letters_home/lib/python3.12/site-packages/airflow/example_dags/example_dataset_alias.py for tasks to queue
[2024-09-10T02:06:06.497+0800] {logging_mixin.py:190} INFO - [2024-09-10T02:06:06.497+0800] {dagbag.py:587} INFO - Filling up the DagBag from /Users/erniesg/.pyenv/versions/3.12.5/envs/letters_home/lib/python3.12/site-packages/airflow/example_dags/example_dataset_alias.py
[2024-09-10T02:06:06.566+0800] {processor.py:925} INFO - DAG(s) 'dataset_alias_example_alias_producer', 'dataset_alias_example_alias_consumer', 'dataset_s3_bucket_producer', 'dataset_s3_bucket_consumer' retrieved from /Users/erniesg/.pyenv/versions/3.12.5/envs/letters_home/lib/python3.12/site-packages/airflow/example_dags/example_dataset_alias.py
[2024-09-10T02:06:06.577+0800] {logging_mixin.py:190} INFO - [2024-09-10T02:06:06.577+0800] {dag.py:3229} INFO - Sync 4 DAGs
[2024-09-10T02:06:06.584+0800] {logging_mixin.py:190} INFO - [2024-09-10T02:06:06.584+0800] {dag.py:4156} INFO - Setting next_dagrun for dataset_alias_example_alias_consumer to None, run_after=None
[2024-09-10T02:06:06.585+0800] {logging_mixin.py:190} INFO - [2024-09-10T02:06:06.585+0800] {dag.py:4156} INFO - Setting next_dagrun for dataset_alias_example_alias_producer to None, run_after=None
[2024-09-10T02:06:06.585+0800] {logging_mixin.py:190} INFO - [2024-09-10T02:06:06.585+0800] {dag.py:4156} INFO - Setting next_dagrun for dataset_s3_bucket_consumer to None, run_after=None
[2024-09-10T02:06:06.585+0800] {logging_mixin.py:190} INFO - [2024-09-10T02:06:06.585+0800] {dag.py:4156} INFO - Setting next_dagrun for dataset_s3_bucket_producer to None, run_after=None
[2024-09-10T02:06:06.593+0800] {processor.py:208} INFO - Processing /Users/erniesg/.pyenv/versions/3.12.5/envs/letters_home/lib/python3.12/site-packages/airflow/example_dags/example_dataset_alias.py took 0.098 seconds
[2024-09-10T02:08:51.594+0800] {processor.py:186} INFO - Started process (PID=68547) to work on /Users/erniesg/.pyenv/versions/3.12.5/envs/letters_home/lib/python3.12/site-packages/airflow/example_dags/example_dataset_alias.py
[2024-09-10T02:08:51.595+0800] {processor.py:914} INFO - Processing file /Users/erniesg/.pyenv/versions/3.12.5/envs/letters_home/lib/python3.12/site-packages/airflow/example_dags/example_dataset_alias.py for tasks to queue
[2024-09-10T02:08:51.595+0800] {logging_mixin.py:190} INFO - [2024-09-10T02:08:51.595+0800] {dagbag.py:587} INFO - Filling up the DagBag from /Users/erniesg/.pyenv/versions/3.12.5/envs/letters_home/lib/python3.12/site-packages/airflow/example_dags/example_dataset_alias.py
[2024-09-10T02:08:51.664+0800] {processor.py:925} INFO - DAG(s) 'dataset_alias_example_alias_producer', 'dataset_alias_example_alias_consumer', 'dataset_s3_bucket_consumer', 'dataset_s3_bucket_producer' retrieved from /Users/erniesg/.pyenv/versions/3.12.5/envs/letters_home/lib/python3.12/site-packages/airflow/example_dags/example_dataset_alias.py
[2024-09-10T02:08:51.674+0800] {logging_mixin.py:190} INFO - [2024-09-10T02:08:51.673+0800] {dag.py:3229} INFO - Sync 4 DAGs
[2024-09-10T02:08:51.681+0800] {logging_mixin.py:190} INFO - [2024-09-10T02:08:51.681+0800] {dag.py:4156} INFO - Setting next_dagrun for dataset_alias_example_alias_consumer to None, run_after=None
[2024-09-10T02:08:51.682+0800] {logging_mixin.py:190} INFO - [2024-09-10T02:08:51.682+0800] {dag.py:4156} INFO - Setting next_dagrun for dataset_alias_example_alias_producer to None, run_after=None
[2024-09-10T02:08:51.682+0800] {logging_mixin.py:190} INFO - [2024-09-10T02:08:51.682+0800] {dag.py:4156} INFO - Setting next_dagrun for dataset_s3_bucket_consumer to None, run_after=None
[2024-09-10T02:08:51.683+0800] {logging_mixin.py:190} INFO - [2024-09-10T02:08:51.683+0800] {dag.py:4156} INFO - Setting next_dagrun for dataset_s3_bucket_producer to None, run_after=None
[2024-09-10T02:08:51.692+0800] {processor.py:208} INFO - Processing /Users/erniesg/.pyenv/versions/3.12.5/envs/letters_home/lib/python3.12/site-packages/airflow/example_dags/example_dataset_alias.py took 0.098 seconds
[2024-09-10T02:13:25.967+0800] {processor.py:186} INFO - Started process (PID=69302) to work on /Users/erniesg/.pyenv/versions/3.12.5/envs/letters_home/lib/python3.12/site-packages/airflow/example_dags/example_dataset_alias.py
[2024-09-10T02:13:25.967+0800] {processor.py:914} INFO - Processing file /Users/erniesg/.pyenv/versions/3.12.5/envs/letters_home/lib/python3.12/site-packages/airflow/example_dags/example_dataset_alias.py for tasks to queue
[2024-09-10T02:13:25.968+0800] {logging_mixin.py:190} INFO - [2024-09-10T02:13:25.968+0800] {dagbag.py:587} INFO - Filling up the DagBag from /Users/erniesg/.pyenv/versions/3.12.5/envs/letters_home/lib/python3.12/site-packages/airflow/example_dags/example_dataset_alias.py
[2024-09-10T02:13:26.033+0800] {processor.py:925} INFO - DAG(s) 'dataset_s3_bucket_producer', 'dataset_s3_bucket_consumer', 'dataset_alias_example_alias_consumer', 'dataset_alias_example_alias_producer' retrieved from /Users/erniesg/.pyenv/versions/3.12.5/envs/letters_home/lib/python3.12/site-packages/airflow/example_dags/example_dataset_alias.py
[2024-09-10T02:13:26.042+0800] {logging_mixin.py:190} INFO - [2024-09-10T02:13:26.042+0800] {dag.py:3229} INFO - Sync 4 DAGs
[2024-09-10T02:13:26.048+0800] {logging_mixin.py:190} INFO - [2024-09-10T02:13:26.048+0800] {dag.py:4156} INFO - Setting next_dagrun for dataset_alias_example_alias_consumer to None, run_after=None
[2024-09-10T02:13:26.049+0800] {logging_mixin.py:190} INFO - [2024-09-10T02:13:26.049+0800] {dag.py:4156} INFO - Setting next_dagrun for dataset_alias_example_alias_producer to None, run_after=None
[2024-09-10T02:13:26.049+0800] {logging_mixin.py:190} INFO - [2024-09-10T02:13:26.049+0800] {dag.py:4156} INFO - Setting next_dagrun for dataset_s3_bucket_consumer to None, run_after=None
[2024-09-10T02:13:26.049+0800] {logging_mixin.py:190} INFO - [2024-09-10T02:13:26.049+0800] {dag.py:4156} INFO - Setting next_dagrun for dataset_s3_bucket_producer to None, run_after=None
[2024-09-10T02:13:26.057+0800] {processor.py:208} INFO - Processing /Users/erniesg/.pyenv/versions/3.12.5/envs/letters_home/lib/python3.12/site-packages/airflow/example_dags/example_dataset_alias.py took 0.091 seconds
[2024-09-10T02:16:48.063+0800] {processor.py:186} INFO - Started process (PID=69766) to work on /Users/erniesg/.pyenv/versions/3.12.5/envs/letters_home/lib/python3.12/site-packages/airflow/example_dags/example_dataset_alias.py
[2024-09-10T02:16:48.063+0800] {processor.py:914} INFO - Processing file /Users/erniesg/.pyenv/versions/3.12.5/envs/letters_home/lib/python3.12/site-packages/airflow/example_dags/example_dataset_alias.py for tasks to queue
[2024-09-10T02:16:48.063+0800] {logging_mixin.py:190} INFO - [2024-09-10T02:16:48.063+0800] {dagbag.py:587} INFO - Filling up the DagBag from /Users/erniesg/.pyenv/versions/3.12.5/envs/letters_home/lib/python3.12/site-packages/airflow/example_dags/example_dataset_alias.py
[2024-09-10T02:16:48.132+0800] {processor.py:925} INFO - DAG(s) 'dataset_s3_bucket_producer', 'dataset_alias_example_alias_consumer', 'dataset_s3_bucket_consumer', 'dataset_alias_example_alias_producer' retrieved from /Users/erniesg/.pyenv/versions/3.12.5/envs/letters_home/lib/python3.12/site-packages/airflow/example_dags/example_dataset_alias.py
[2024-09-10T02:16:48.143+0800] {logging_mixin.py:190} INFO - [2024-09-10T02:16:48.143+0800] {dag.py:3229} INFO - Sync 4 DAGs
[2024-09-10T02:16:48.151+0800] {logging_mixin.py:190} INFO - [2024-09-10T02:16:48.151+0800] {dag.py:4156} INFO - Setting next_dagrun for dataset_alias_example_alias_consumer to None, run_after=None
[2024-09-10T02:16:48.151+0800] {logging_mixin.py:190} INFO - [2024-09-10T02:16:48.151+0800] {dag.py:4156} INFO - Setting next_dagrun for dataset_alias_example_alias_producer to None, run_after=None
[2024-09-10T02:16:48.152+0800] {logging_mixin.py:190} INFO - [2024-09-10T02:16:48.152+0800] {dag.py:4156} INFO - Setting next_dagrun for dataset_s3_bucket_consumer to None, run_after=None
[2024-09-10T02:16:48.152+0800] {logging_mixin.py:190} INFO - [2024-09-10T02:16:48.152+0800] {dag.py:4156} INFO - Setting next_dagrun for dataset_s3_bucket_producer to None, run_after=None
[2024-09-10T02:16:48.161+0800] {processor.py:208} INFO - Processing /Users/erniesg/.pyenv/versions/3.12.5/envs/letters_home/lib/python3.12/site-packages/airflow/example_dags/example_dataset_alias.py took 0.099 seconds
[2024-09-10T02:19:36.999+0800] {processor.py:186} INFO - Started process (PID=70315) to work on /Users/erniesg/.pyenv/versions/3.12.5/envs/letters_home/lib/python3.12/site-packages/airflow/example_dags/example_dataset_alias.py
[2024-09-10T02:19:37.000+0800] {processor.py:914} INFO - Processing file /Users/erniesg/.pyenv/versions/3.12.5/envs/letters_home/lib/python3.12/site-packages/airflow/example_dags/example_dataset_alias.py for tasks to queue
[2024-09-10T02:19:37.000+0800] {logging_mixin.py:190} INFO - [2024-09-10T02:19:37.000+0800] {dagbag.py:587} INFO - Filling up the DagBag from /Users/erniesg/.pyenv/versions/3.12.5/envs/letters_home/lib/python3.12/site-packages/airflow/example_dags/example_dataset_alias.py
[2024-09-10T02:19:37.065+0800] {processor.py:925} INFO - DAG(s) 'dataset_s3_bucket_producer', 'dataset_s3_bucket_consumer', 'dataset_alias_example_alias_consumer', 'dataset_alias_example_alias_producer' retrieved from /Users/erniesg/.pyenv/versions/3.12.5/envs/letters_home/lib/python3.12/site-packages/airflow/example_dags/example_dataset_alias.py
[2024-09-10T02:19:37.074+0800] {logging_mixin.py:190} INFO - [2024-09-10T02:19:37.074+0800] {dag.py:3229} INFO - Sync 4 DAGs
[2024-09-10T02:19:37.080+0800] {logging_mixin.py:190} INFO - [2024-09-10T02:19:37.080+0800] {dag.py:4156} INFO - Setting next_dagrun for dataset_alias_example_alias_consumer to None, run_after=None
[2024-09-10T02:19:37.081+0800] {logging_mixin.py:190} INFO - [2024-09-10T02:19:37.081+0800] {dag.py:4156} INFO - Setting next_dagrun for dataset_alias_example_alias_producer to None, run_after=None
[2024-09-10T02:19:37.081+0800] {logging_mixin.py:190} INFO - [2024-09-10T02:19:37.081+0800] {dag.py:4156} INFO - Setting next_dagrun for dataset_s3_bucket_consumer to None, run_after=None
[2024-09-10T02:19:37.082+0800] {logging_mixin.py:190} INFO - [2024-09-10T02:19:37.081+0800] {dag.py:4156} INFO - Setting next_dagrun for dataset_s3_bucket_producer to None, run_after=None
[2024-09-10T02:19:37.090+0800] {processor.py:208} INFO - Processing /Users/erniesg/.pyenv/versions/3.12.5/envs/letters_home/lib/python3.12/site-packages/airflow/example_dags/example_dataset_alias.py took 0.091 seconds
