[2024-09-10T01:38:28.205+0800] {processor.py:186} INFO - Started process (PID=58029) to work on /Users/erniesg/.pyenv/versions/3.12.5/envs/letters_home/lib/python3.12/site-packages/airflow/example_dags/example_branch_operator_decorator.py
[2024-09-10T01:38:28.205+0800] {processor.py:914} INFO - Processing file /Users/erniesg/.pyenv/versions/3.12.5/envs/letters_home/lib/python3.12/site-packages/airflow/example_dags/example_branch_operator_decorator.py for tasks to queue
[2024-09-10T01:38:28.205+0800] {logging_mixin.py:190} INFO - [2024-09-10T01:38:28.205+0800] {dagbag.py:587} INFO - Filling up the DagBag from /Users/erniesg/.pyenv/versions/3.12.5/envs/letters_home/lib/python3.12/site-packages/airflow/example_dags/example_branch_operator_decorator.py
[2024-09-10T01:38:28.227+0800] {processor.py:925} INFO - DAG(s) 'example_branch_python_operator_decorator' retrieved from /Users/erniesg/.pyenv/versions/3.12.5/envs/letters_home/lib/python3.12/site-packages/airflow/example_dags/example_branch_operator_decorator.py
[2024-09-10T01:38:28.299+0800] {logging_mixin.py:190} INFO - [2024-09-10T01:38:28.299+0800] {override.py:1900} INFO - Created Permission View: can edit on DAG:example_branch_python_operator_decorator
[2024-09-10T01:38:28.304+0800] {logging_mixin.py:190} INFO - [2024-09-10T01:38:28.304+0800] {override.py:1900} INFO - Created Permission View: can read on DAG:example_branch_python_operator_decorator
[2024-09-10T01:38:28.306+0800] {logging_mixin.py:190} INFO - [2024-09-10T01:38:28.306+0800] {override.py:1900} INFO - Created Permission View: can delete on DAG:example_branch_python_operator_decorator
[2024-09-10T01:38:28.309+0800] {logging_mixin.py:190} INFO - [2024-09-10T01:38:28.309+0800] {override.py:1900} INFO - Created Permission View: can create on DAG Run:example_branch_python_operator_decorator
[2024-09-10T01:38:28.311+0800] {logging_mixin.py:190} INFO - [2024-09-10T01:38:28.311+0800] {override.py:1900} INFO - Created Permission View: can read on DAG Run:example_branch_python_operator_decorator
[2024-09-10T01:38:28.313+0800] {logging_mixin.py:190} INFO - [2024-09-10T01:38:28.313+0800] {override.py:1900} INFO - Created Permission View: can delete on DAG Run:example_branch_python_operator_decorator
[2024-09-10T01:38:28.315+0800] {logging_mixin.py:190} INFO - [2024-09-10T01:38:28.315+0800] {override.py:1900} INFO - Created Permission View: menu access on DAG Run:example_branch_python_operator_decorator
[2024-09-10T01:38:28.316+0800] {logging_mixin.py:190} INFO - [2024-09-10T01:38:28.315+0800] {dag.py:3229} INFO - Sync 1 DAGs
[2024-09-10T01:38:28.320+0800] {logging_mixin.py:190} INFO - [2024-09-10T01:38:28.320+0800] {dag.py:3252} INFO - Creating ORM DAG for example_branch_python_operator_decorator
[2024-09-10T01:38:28.324+0800] {logging_mixin.py:190} INFO - [2024-09-10T01:38:28.323+0800] {dag.py:4156} INFO - Setting next_dagrun for example_branch_python_operator_decorator to 2024-09-08 00:00:00+00:00, run_after=2024-09-09 00:00:00+00:00
[2024-09-10T01:38:28.329+0800] {processor.py:208} INFO - Processing /Users/erniesg/.pyenv/versions/3.12.5/envs/letters_home/lib/python3.12/site-packages/airflow/example_dags/example_branch_operator_decorator.py took 0.126 seconds
[2024-09-10T01:41:06.809+0800] {processor.py:186} INFO - Started process (PID=58170) to work on /Users/erniesg/.pyenv/versions/3.12.5/envs/letters_home/lib/python3.12/site-packages/airflow/example_dags/example_branch_operator_decorator.py
[2024-09-10T01:41:06.810+0800] {processor.py:914} INFO - Processing file /Users/erniesg/.pyenv/versions/3.12.5/envs/letters_home/lib/python3.12/site-packages/airflow/example_dags/example_branch_operator_decorator.py for tasks to queue
[2024-09-10T01:41:06.810+0800] {logging_mixin.py:190} INFO - [2024-09-10T01:41:06.810+0800] {dagbag.py:587} INFO - Filling up the DagBag from /Users/erniesg/.pyenv/versions/3.12.5/envs/letters_home/lib/python3.12/site-packages/airflow/example_dags/example_branch_operator_decorator.py
[2024-09-10T01:41:06.829+0800] {processor.py:925} INFO - DAG(s) 'example_branch_python_operator_decorator' retrieved from /Users/erniesg/.pyenv/versions/3.12.5/envs/letters_home/lib/python3.12/site-packages/airflow/example_dags/example_branch_operator_decorator.py
[2024-09-10T01:41:06.901+0800] {logging_mixin.py:190} INFO - [2024-09-10T01:41:06.901+0800] {dag.py:3229} INFO - Sync 1 DAGs
[2024-09-10T01:41:06.908+0800] {logging_mixin.py:190} INFO - [2024-09-10T01:41:06.908+0800] {dag.py:4156} INFO - Setting next_dagrun for example_branch_python_operator_decorator to 2024-09-08 00:00:00+00:00, run_after=2024-09-09 00:00:00+00:00
[2024-09-10T01:41:06.915+0800] {processor.py:208} INFO - Processing /Users/erniesg/.pyenv/versions/3.12.5/envs/letters_home/lib/python3.12/site-packages/airflow/example_dags/example_branch_operator_decorator.py took 0.106 seconds
[2024-09-10T01:43:53.247+0800] {processor.py:186} INFO - Started process (PID=58726) to work on /Users/erniesg/.pyenv/versions/3.12.5/envs/letters_home/lib/python3.12/site-packages/airflow/example_dags/example_branch_operator_decorator.py
[2024-09-10T01:43:53.248+0800] {processor.py:914} INFO - Processing file /Users/erniesg/.pyenv/versions/3.12.5/envs/letters_home/lib/python3.12/site-packages/airflow/example_dags/example_branch_operator_decorator.py for tasks to queue
[2024-09-10T01:43:53.248+0800] {logging_mixin.py:190} INFO - [2024-09-10T01:43:53.248+0800] {dagbag.py:587} INFO - Filling up the DagBag from /Users/erniesg/.pyenv/versions/3.12.5/envs/letters_home/lib/python3.12/site-packages/airflow/example_dags/example_branch_operator_decorator.py
[2024-09-10T01:43:53.267+0800] {processor.py:925} INFO - DAG(s) 'example_branch_python_operator_decorator' retrieved from /Users/erniesg/.pyenv/versions/3.12.5/envs/letters_home/lib/python3.12/site-packages/airflow/example_dags/example_branch_operator_decorator.py
[2024-09-10T01:43:53.341+0800] {logging_mixin.py:190} INFO - [2024-09-10T01:43:53.340+0800] {dag.py:3229} INFO - Sync 1 DAGs
[2024-09-10T01:43:53.348+0800] {logging_mixin.py:190} INFO - [2024-09-10T01:43:53.348+0800] {dag.py:4156} INFO - Setting next_dagrun for example_branch_python_operator_decorator to 2024-09-08 00:00:00+00:00, run_after=2024-09-09 00:00:00+00:00
[2024-09-10T01:43:53.356+0800] {processor.py:208} INFO - Processing /Users/erniesg/.pyenv/versions/3.12.5/envs/letters_home/lib/python3.12/site-packages/airflow/example_dags/example_branch_operator_decorator.py took 0.110 seconds
[2024-09-10T02:00:32.721+0800] {processor.py:186} INFO - Started process (PID=67618) to work on /Users/erniesg/.pyenv/versions/3.12.5/envs/letters_home/lib/python3.12/site-packages/airflow/example_dags/example_branch_operator_decorator.py
[2024-09-10T02:00:32.721+0800] {processor.py:914} INFO - Processing file /Users/erniesg/.pyenv/versions/3.12.5/envs/letters_home/lib/python3.12/site-packages/airflow/example_dags/example_branch_operator_decorator.py for tasks to queue
[2024-09-10T02:00:32.721+0800] {logging_mixin.py:190} INFO - [2024-09-10T02:00:32.721+0800] {dagbag.py:587} INFO - Filling up the DagBag from /Users/erniesg/.pyenv/versions/3.12.5/envs/letters_home/lib/python3.12/site-packages/airflow/example_dags/example_branch_operator_decorator.py
[2024-09-10T02:00:32.740+0800] {processor.py:925} INFO - DAG(s) 'example_branch_python_operator_decorator' retrieved from /Users/erniesg/.pyenv/versions/3.12.5/envs/letters_home/lib/python3.12/site-packages/airflow/example_dags/example_branch_operator_decorator.py
[2024-09-10T02:00:32.811+0800] {logging_mixin.py:190} INFO - [2024-09-10T02:00:32.811+0800] {dag.py:3229} INFO - Sync 1 DAGs
[2024-09-10T02:00:32.817+0800] {logging_mixin.py:190} INFO - [2024-09-10T02:00:32.817+0800] {dag.py:4156} INFO - Setting next_dagrun for example_branch_python_operator_decorator to 2024-09-08 00:00:00+00:00, run_after=2024-09-09 00:00:00+00:00
[2024-09-10T02:00:32.824+0800] {processor.py:208} INFO - Processing /Users/erniesg/.pyenv/versions/3.12.5/envs/letters_home/lib/python3.12/site-packages/airflow/example_dags/example_branch_operator_decorator.py took 0.105 seconds
[2024-09-10T02:03:13.277+0800] {processor.py:186} INFO - Started process (PID=68030) to work on /Users/erniesg/.pyenv/versions/3.12.5/envs/letters_home/lib/python3.12/site-packages/airflow/example_dags/example_branch_operator_decorator.py
[2024-09-10T02:03:13.278+0800] {processor.py:914} INFO - Processing file /Users/erniesg/.pyenv/versions/3.12.5/envs/letters_home/lib/python3.12/site-packages/airflow/example_dags/example_branch_operator_decorator.py for tasks to queue
[2024-09-10T02:03:13.278+0800] {logging_mixin.py:190} INFO - [2024-09-10T02:03:13.278+0800] {dagbag.py:587} INFO - Filling up the DagBag from /Users/erniesg/.pyenv/versions/3.12.5/envs/letters_home/lib/python3.12/site-packages/airflow/example_dags/example_branch_operator_decorator.py
[2024-09-10T02:03:13.299+0800] {processor.py:925} INFO - DAG(s) 'example_branch_python_operator_decorator' retrieved from /Users/erniesg/.pyenv/versions/3.12.5/envs/letters_home/lib/python3.12/site-packages/airflow/example_dags/example_branch_operator_decorator.py
[2024-09-10T02:03:13.376+0800] {logging_mixin.py:190} INFO - [2024-09-10T02:03:13.376+0800] {dag.py:3229} INFO - Sync 1 DAGs
[2024-09-10T02:03:13.383+0800] {logging_mixin.py:190} INFO - [2024-09-10T02:03:13.383+0800] {dag.py:4156} INFO - Setting next_dagrun for example_branch_python_operator_decorator to 2024-09-08 00:00:00+00:00, run_after=2024-09-09 00:00:00+00:00
[2024-09-10T02:03:13.391+0800] {processor.py:208} INFO - Processing /Users/erniesg/.pyenv/versions/3.12.5/envs/letters_home/lib/python3.12/site-packages/airflow/example_dags/example_branch_operator_decorator.py took 0.115 seconds
[2024-09-10T02:06:14.657+0800] {processor.py:186} INFO - Started process (PID=68231) to work on /Users/erniesg/.pyenv/versions/3.12.5/envs/letters_home/lib/python3.12/site-packages/airflow/example_dags/example_branch_operator_decorator.py
[2024-09-10T02:06:14.658+0800] {processor.py:914} INFO - Processing file /Users/erniesg/.pyenv/versions/3.12.5/envs/letters_home/lib/python3.12/site-packages/airflow/example_dags/example_branch_operator_decorator.py for tasks to queue
[2024-09-10T02:06:14.658+0800] {logging_mixin.py:190} INFO - [2024-09-10T02:06:14.658+0800] {dagbag.py:587} INFO - Filling up the DagBag from /Users/erniesg/.pyenv/versions/3.12.5/envs/letters_home/lib/python3.12/site-packages/airflow/example_dags/example_branch_operator_decorator.py
[2024-09-10T02:06:14.678+0800] {processor.py:925} INFO - DAG(s) 'example_branch_python_operator_decorator' retrieved from /Users/erniesg/.pyenv/versions/3.12.5/envs/letters_home/lib/python3.12/site-packages/airflow/example_dags/example_branch_operator_decorator.py
[2024-09-10T02:06:14.751+0800] {logging_mixin.py:190} INFO - [2024-09-10T02:06:14.751+0800] {dag.py:3229} INFO - Sync 1 DAGs
[2024-09-10T02:06:14.757+0800] {logging_mixin.py:190} INFO - [2024-09-10T02:06:14.757+0800] {dag.py:4156} INFO - Setting next_dagrun for example_branch_python_operator_decorator to 2024-09-08 00:00:00+00:00, run_after=2024-09-09 00:00:00+00:00
[2024-09-10T02:06:14.764+0800] {processor.py:208} INFO - Processing /Users/erniesg/.pyenv/versions/3.12.5/envs/letters_home/lib/python3.12/site-packages/airflow/example_dags/example_branch_operator_decorator.py took 0.108 seconds
[2024-09-10T02:08:59.900+0800] {processor.py:186} INFO - Started process (PID=68553) to work on /Users/erniesg/.pyenv/versions/3.12.5/envs/letters_home/lib/python3.12/site-packages/airflow/example_dags/example_branch_operator_decorator.py
[2024-09-10T02:08:59.900+0800] {processor.py:914} INFO - Processing file /Users/erniesg/.pyenv/versions/3.12.5/envs/letters_home/lib/python3.12/site-packages/airflow/example_dags/example_branch_operator_decorator.py for tasks to queue
[2024-09-10T02:08:59.901+0800] {logging_mixin.py:190} INFO - [2024-09-10T02:08:59.900+0800] {dagbag.py:587} INFO - Filling up the DagBag from /Users/erniesg/.pyenv/versions/3.12.5/envs/letters_home/lib/python3.12/site-packages/airflow/example_dags/example_branch_operator_decorator.py
[2024-09-10T02:08:59.921+0800] {processor.py:925} INFO - DAG(s) 'example_branch_python_operator_decorator' retrieved from /Users/erniesg/.pyenv/versions/3.12.5/envs/letters_home/lib/python3.12/site-packages/airflow/example_dags/example_branch_operator_decorator.py
[2024-09-10T02:08:59.994+0800] {logging_mixin.py:190} INFO - [2024-09-10T02:08:59.994+0800] {dag.py:3229} INFO - Sync 1 DAGs
[2024-09-10T02:09:00.000+0800] {logging_mixin.py:190} INFO - [2024-09-10T02:09:00.000+0800] {dag.py:4156} INFO - Setting next_dagrun for example_branch_python_operator_decorator to 2024-09-08 00:00:00+00:00, run_after=2024-09-09 00:00:00+00:00
[2024-09-10T02:09:00.007+0800] {processor.py:208} INFO - Processing /Users/erniesg/.pyenv/versions/3.12.5/envs/letters_home/lib/python3.12/site-packages/airflow/example_dags/example_branch_operator_decorator.py took 0.108 seconds
[2024-09-10T02:13:33.698+0800] {processor.py:186} INFO - Started process (PID=69308) to work on /Users/erniesg/.pyenv/versions/3.12.5/envs/letters_home/lib/python3.12/site-packages/airflow/example_dags/example_branch_operator_decorator.py
[2024-09-10T02:13:33.699+0800] {processor.py:914} INFO - Processing file /Users/erniesg/.pyenv/versions/3.12.5/envs/letters_home/lib/python3.12/site-packages/airflow/example_dags/example_branch_operator_decorator.py for tasks to queue
[2024-09-10T02:13:33.699+0800] {logging_mixin.py:190} INFO - [2024-09-10T02:13:33.699+0800] {dagbag.py:587} INFO - Filling up the DagBag from /Users/erniesg/.pyenv/versions/3.12.5/envs/letters_home/lib/python3.12/site-packages/airflow/example_dags/example_branch_operator_decorator.py
[2024-09-10T02:13:33.719+0800] {processor.py:925} INFO - DAG(s) 'example_branch_python_operator_decorator' retrieved from /Users/erniesg/.pyenv/versions/3.12.5/envs/letters_home/lib/python3.12/site-packages/airflow/example_dags/example_branch_operator_decorator.py
[2024-09-10T02:13:33.791+0800] {logging_mixin.py:190} INFO - [2024-09-10T02:13:33.791+0800] {dag.py:3229} INFO - Sync 1 DAGs
[2024-09-10T02:13:33.798+0800] {logging_mixin.py:190} INFO - [2024-09-10T02:13:33.798+0800] {dag.py:4156} INFO - Setting next_dagrun for example_branch_python_operator_decorator to 2024-09-08 00:00:00+00:00, run_after=2024-09-09 00:00:00+00:00
[2024-09-10T02:13:33.805+0800] {processor.py:208} INFO - Processing /Users/erniesg/.pyenv/versions/3.12.5/envs/letters_home/lib/python3.12/site-packages/airflow/example_dags/example_branch_operator_decorator.py took 0.108 seconds
[2024-09-10T02:16:56.388+0800] {processor.py:186} INFO - Started process (PID=69774) to work on /Users/erniesg/.pyenv/versions/3.12.5/envs/letters_home/lib/python3.12/site-packages/airflow/example_dags/example_branch_operator_decorator.py
[2024-09-10T02:16:56.388+0800] {processor.py:914} INFO - Processing file /Users/erniesg/.pyenv/versions/3.12.5/envs/letters_home/lib/python3.12/site-packages/airflow/example_dags/example_branch_operator_decorator.py for tasks to queue
[2024-09-10T02:16:56.389+0800] {logging_mixin.py:190} INFO - [2024-09-10T02:16:56.389+0800] {dagbag.py:587} INFO - Filling up the DagBag from /Users/erniesg/.pyenv/versions/3.12.5/envs/letters_home/lib/python3.12/site-packages/airflow/example_dags/example_branch_operator_decorator.py
[2024-09-10T02:16:56.408+0800] {processor.py:925} INFO - DAG(s) 'example_branch_python_operator_decorator' retrieved from /Users/erniesg/.pyenv/versions/3.12.5/envs/letters_home/lib/python3.12/site-packages/airflow/example_dags/example_branch_operator_decorator.py
[2024-09-10T02:16:56.480+0800] {logging_mixin.py:190} INFO - [2024-09-10T02:16:56.479+0800] {dag.py:3229} INFO - Sync 1 DAGs
[2024-09-10T02:16:56.486+0800] {logging_mixin.py:190} INFO - [2024-09-10T02:16:56.486+0800] {dag.py:4156} INFO - Setting next_dagrun for example_branch_python_operator_decorator to 2024-09-08 00:00:00+00:00, run_after=2024-09-09 00:00:00+00:00
[2024-09-10T02:16:56.492+0800] {processor.py:208} INFO - Processing /Users/erniesg/.pyenv/versions/3.12.5/envs/letters_home/lib/python3.12/site-packages/airflow/example_dags/example_branch_operator_decorator.py took 0.105 seconds
[2024-09-10T02:19:44.259+0800] {processor.py:186} INFO - Started process (PID=70319) to work on /Users/erniesg/.pyenv/versions/3.12.5/envs/letters_home/lib/python3.12/site-packages/airflow/example_dags/example_branch_operator_decorator.py
[2024-09-10T02:19:44.260+0800] {processor.py:914} INFO - Processing file /Users/erniesg/.pyenv/versions/3.12.5/envs/letters_home/lib/python3.12/site-packages/airflow/example_dags/example_branch_operator_decorator.py for tasks to queue
[2024-09-10T02:19:44.260+0800] {logging_mixin.py:190} INFO - [2024-09-10T02:19:44.260+0800] {dagbag.py:587} INFO - Filling up the DagBag from /Users/erniesg/.pyenv/versions/3.12.5/envs/letters_home/lib/python3.12/site-packages/airflow/example_dags/example_branch_operator_decorator.py
[2024-09-10T02:19:44.281+0800] {processor.py:925} INFO - DAG(s) 'example_branch_python_operator_decorator' retrieved from /Users/erniesg/.pyenv/versions/3.12.5/envs/letters_home/lib/python3.12/site-packages/airflow/example_dags/example_branch_operator_decorator.py
[2024-09-10T02:19:44.359+0800] {logging_mixin.py:190} INFO - [2024-09-10T02:19:44.359+0800] {dag.py:3229} INFO - Sync 1 DAGs
[2024-09-10T02:19:44.366+0800] {logging_mixin.py:190} INFO - [2024-09-10T02:19:44.366+0800] {dag.py:4156} INFO - Setting next_dagrun for example_branch_python_operator_decorator to 2024-09-08 00:00:00+00:00, run_after=2024-09-09 00:00:00+00:00
[2024-09-10T02:19:44.374+0800] {processor.py:208} INFO - Processing /Users/erniesg/.pyenv/versions/3.12.5/envs/letters_home/lib/python3.12/site-packages/airflow/example_dags/example_branch_operator_decorator.py took 0.116 seconds
