[2024-09-10T01:38:02.945+0800] {processor.py:186} INFO - Started process (PID=58006) to work on /Users/erniesg/.pyenv/versions/3.12.5/envs/letters_home/lib/python3.12/site-packages/airflow/example_dags/example_latest_only.py
[2024-09-10T01:38:02.945+0800] {processor.py:914} INFO - Processing file /Users/erniesg/.pyenv/versions/3.12.5/envs/letters_home/lib/python3.12/site-packages/airflow/example_dags/example_latest_only.py for tasks to queue
[2024-09-10T01:38:02.946+0800] {logging_mixin.py:190} INFO - [2024-09-10T01:38:02.946+0800] {dagbag.py:587} INFO - Filling up the DagBag from /Users/erniesg/.pyenv/versions/3.12.5/envs/letters_home/lib/python3.12/site-packages/airflow/example_dags/example_latest_only.py
[2024-09-10T01:38:02.948+0800] {processor.py:925} INFO - DAG(s) 'latest_only' retrieved from /Users/erniesg/.pyenv/versions/3.12.5/envs/letters_home/lib/python3.12/site-packages/airflow/example_dags/example_latest_only.py
[2024-09-10T01:38:03.022+0800] {logging_mixin.py:190} INFO - [2024-09-10T01:38:03.022+0800] {override.py:1900} INFO - Created Permission View: can delete on DAG:latest_only
[2024-09-10T01:38:03.026+0800] {logging_mixin.py:190} INFO - [2024-09-10T01:38:03.026+0800] {override.py:1900} INFO - Created Permission View: can read on DAG:latest_only
[2024-09-10T01:38:03.028+0800] {logging_mixin.py:190} INFO - [2024-09-10T01:38:03.028+0800] {override.py:1900} INFO - Created Permission View: can edit on DAG:latest_only
[2024-09-10T01:38:03.031+0800] {logging_mixin.py:190} INFO - [2024-09-10T01:38:03.031+0800] {override.py:1900} INFO - Created Permission View: can delete on DAG Run:latest_only
[2024-09-10T01:38:03.033+0800] {logging_mixin.py:190} INFO - [2024-09-10T01:38:03.033+0800] {override.py:1900} INFO - Created Permission View: menu access on DAG Run:latest_only
[2024-09-10T01:38:03.035+0800] {logging_mixin.py:190} INFO - [2024-09-10T01:38:03.035+0800] {override.py:1900} INFO - Created Permission View: can read on DAG Run:latest_only
[2024-09-10T01:38:03.037+0800] {logging_mixin.py:190} INFO - [2024-09-10T01:38:03.037+0800] {override.py:1900} INFO - Created Permission View: can create on DAG Run:latest_only
[2024-09-10T01:38:03.037+0800] {logging_mixin.py:190} INFO - [2024-09-10T01:38:03.037+0800] {dag.py:3229} INFO - Sync 1 DAGs
[2024-09-10T01:38:03.042+0800] {logging_mixin.py:190} INFO - [2024-09-10T01:38:03.042+0800] {dag.py:3252} INFO - Creating ORM DAG for latest_only
[2024-09-10T01:38:03.045+0800] {logging_mixin.py:190} INFO - [2024-09-10T01:38:03.045+0800] {dag.py:4156} INFO - Setting next_dagrun for latest_only to 2024-09-09 12:00:00+00:00, run_after=2024-09-09 16:00:00+00:00
[2024-09-10T01:38:03.052+0800] {processor.py:208} INFO - Processing /Users/erniesg/.pyenv/versions/3.12.5/envs/letters_home/lib/python3.12/site-packages/airflow/example_dags/example_latest_only.py took 0.108 seconds
[2024-09-10T01:39:51.702+0800] {processor.py:186} INFO - Started process (PID=58107) to work on /Users/erniesg/.pyenv/versions/3.12.5/envs/letters_home/lib/python3.12/site-packages/airflow/example_dags/example_latest_only.py
[2024-09-10T01:39:51.703+0800] {processor.py:914} INFO - Processing file /Users/erniesg/.pyenv/versions/3.12.5/envs/letters_home/lib/python3.12/site-packages/airflow/example_dags/example_latest_only.py for tasks to queue
[2024-09-10T01:39:51.703+0800] {logging_mixin.py:190} INFO - [2024-09-10T01:39:51.703+0800] {dagbag.py:587} INFO - Filling up the DagBag from /Users/erniesg/.pyenv/versions/3.12.5/envs/letters_home/lib/python3.12/site-packages/airflow/example_dags/example_latest_only.py
[2024-09-10T01:39:51.706+0800] {processor.py:925} INFO - DAG(s) 'latest_only' retrieved from /Users/erniesg/.pyenv/versions/3.12.5/envs/letters_home/lib/python3.12/site-packages/airflow/example_dags/example_latest_only.py
[2024-09-10T01:39:51.741+0800] {logging_mixin.py:190} INFO - [2024-09-10T01:39:51.741+0800] {dag.py:3229} INFO - Sync 1 DAGs
[2024-09-10T01:39:51.748+0800] {logging_mixin.py:190} INFO - [2024-09-10T01:39:51.747+0800] {dag.py:4156} INFO - Setting next_dagrun for latest_only to 2024-09-09 12:00:00+00:00, run_after=2024-09-09 16:00:00+00:00
[2024-09-10T01:39:51.754+0800] {processor.py:208} INFO - Processing /Users/erniesg/.pyenv/versions/3.12.5/envs/letters_home/lib/python3.12/site-packages/airflow/example_dags/example_latest_only.py took 0.053 seconds
[2024-09-10T01:42:33.570+0800] {processor.py:186} INFO - Started process (PID=58254) to work on /Users/erniesg/.pyenv/versions/3.12.5/envs/letters_home/lib/python3.12/site-packages/airflow/example_dags/example_latest_only.py
[2024-09-10T01:42:33.570+0800] {processor.py:914} INFO - Processing file /Users/erniesg/.pyenv/versions/3.12.5/envs/letters_home/lib/python3.12/site-packages/airflow/example_dags/example_latest_only.py for tasks to queue
[2024-09-10T01:42:33.570+0800] {logging_mixin.py:190} INFO - [2024-09-10T01:42:33.570+0800] {dagbag.py:587} INFO - Filling up the DagBag from /Users/erniesg/.pyenv/versions/3.12.5/envs/letters_home/lib/python3.12/site-packages/airflow/example_dags/example_latest_only.py
[2024-09-10T01:42:33.573+0800] {processor.py:925} INFO - DAG(s) 'latest_only' retrieved from /Users/erniesg/.pyenv/versions/3.12.5/envs/letters_home/lib/python3.12/site-packages/airflow/example_dags/example_latest_only.py
[2024-09-10T01:42:33.609+0800] {logging_mixin.py:190} INFO - [2024-09-10T01:42:33.609+0800] {dag.py:3229} INFO - Sync 1 DAGs
[2024-09-10T01:42:33.616+0800] {logging_mixin.py:190} INFO - [2024-09-10T01:42:33.616+0800] {dag.py:4156} INFO - Setting next_dagrun for latest_only to 2024-09-09 12:00:00+00:00, run_after=2024-09-09 16:00:00+00:00
[2024-09-10T01:42:33.622+0800] {processor.py:208} INFO - Processing /Users/erniesg/.pyenv/versions/3.12.5/envs/letters_home/lib/python3.12/site-packages/airflow/example_dags/example_latest_only.py took 0.054 seconds
[2024-09-10T01:59:38.460+0800] {processor.py:186} INFO - Started process (PID=67520) to work on /Users/erniesg/.pyenv/versions/3.12.5/envs/letters_home/lib/python3.12/site-packages/airflow/example_dags/example_latest_only.py
[2024-09-10T01:59:38.460+0800] {processor.py:914} INFO - Processing file /Users/erniesg/.pyenv/versions/3.12.5/envs/letters_home/lib/python3.12/site-packages/airflow/example_dags/example_latest_only.py for tasks to queue
[2024-09-10T01:59:38.460+0800] {logging_mixin.py:190} INFO - [2024-09-10T01:59:38.460+0800] {dagbag.py:587} INFO - Filling up the DagBag from /Users/erniesg/.pyenv/versions/3.12.5/envs/letters_home/lib/python3.12/site-packages/airflow/example_dags/example_latest_only.py
[2024-09-10T01:59:38.463+0800] {processor.py:925} INFO - DAG(s) 'latest_only' retrieved from /Users/erniesg/.pyenv/versions/3.12.5/envs/letters_home/lib/python3.12/site-packages/airflow/example_dags/example_latest_only.py
[2024-09-10T01:59:38.500+0800] {logging_mixin.py:190} INFO - [2024-09-10T01:59:38.500+0800] {dag.py:3229} INFO - Sync 1 DAGs
[2024-09-10T01:59:38.507+0800] {logging_mixin.py:190} INFO - [2024-09-10T01:59:38.507+0800] {dag.py:4156} INFO - Setting next_dagrun for latest_only to 2024-09-09 12:00:00+00:00, run_after=2024-09-09 16:00:00+00:00
[2024-09-10T01:59:38.514+0800] {processor.py:208} INFO - Processing /Users/erniesg/.pyenv/versions/3.12.5/envs/letters_home/lib/python3.12/site-packages/airflow/example_dags/example_latest_only.py took 0.056 seconds
[2024-09-10T02:01:58.158+0800] {processor.py:186} INFO - Started process (PID=67934) to work on /Users/erniesg/.pyenv/versions/3.12.5/envs/letters_home/lib/python3.12/site-packages/airflow/example_dags/example_latest_only.py
[2024-09-10T02:01:58.158+0800] {processor.py:914} INFO - Processing file /Users/erniesg/.pyenv/versions/3.12.5/envs/letters_home/lib/python3.12/site-packages/airflow/example_dags/example_latest_only.py for tasks to queue
[2024-09-10T02:01:58.158+0800] {logging_mixin.py:190} INFO - [2024-09-10T02:01:58.158+0800] {dagbag.py:587} INFO - Filling up the DagBag from /Users/erniesg/.pyenv/versions/3.12.5/envs/letters_home/lib/python3.12/site-packages/airflow/example_dags/example_latest_only.py
[2024-09-10T02:01:58.161+0800] {processor.py:925} INFO - DAG(s) 'latest_only' retrieved from /Users/erniesg/.pyenv/versions/3.12.5/envs/letters_home/lib/python3.12/site-packages/airflow/example_dags/example_latest_only.py
[2024-09-10T02:01:58.197+0800] {logging_mixin.py:190} INFO - [2024-09-10T02:01:58.196+0800] {dag.py:3229} INFO - Sync 1 DAGs
[2024-09-10T02:01:58.203+0800] {logging_mixin.py:190} INFO - [2024-09-10T02:01:58.203+0800] {dag.py:4156} INFO - Setting next_dagrun for latest_only to 2024-09-09 12:00:00+00:00, run_after=2024-09-09 16:00:00+00:00
[2024-09-10T02:01:58.210+0800] {processor.py:208} INFO - Processing /Users/erniesg/.pyenv/versions/3.12.5/envs/letters_home/lib/python3.12/site-packages/airflow/example_dags/example_latest_only.py took 0.054 seconds
[2024-09-10T02:04:43.624+0800] {processor.py:186} INFO - Started process (PID=68128) to work on /Users/erniesg/.pyenv/versions/3.12.5/envs/letters_home/lib/python3.12/site-packages/airflow/example_dags/example_latest_only.py
[2024-09-10T02:04:43.624+0800] {processor.py:914} INFO - Processing file /Users/erniesg/.pyenv/versions/3.12.5/envs/letters_home/lib/python3.12/site-packages/airflow/example_dags/example_latest_only.py for tasks to queue
[2024-09-10T02:04:43.625+0800] {logging_mixin.py:190} INFO - [2024-09-10T02:04:43.624+0800] {dagbag.py:587} INFO - Filling up the DagBag from /Users/erniesg/.pyenv/versions/3.12.5/envs/letters_home/lib/python3.12/site-packages/airflow/example_dags/example_latest_only.py
[2024-09-10T02:04:43.627+0800] {processor.py:925} INFO - DAG(s) 'latest_only' retrieved from /Users/erniesg/.pyenv/versions/3.12.5/envs/letters_home/lib/python3.12/site-packages/airflow/example_dags/example_latest_only.py
[2024-09-10T02:04:43.663+0800] {logging_mixin.py:190} INFO - [2024-09-10T02:04:43.663+0800] {dag.py:3229} INFO - Sync 1 DAGs
[2024-09-10T02:04:43.670+0800] {logging_mixin.py:190} INFO - [2024-09-10T02:04:43.670+0800] {dag.py:4156} INFO - Setting next_dagrun for latest_only to 2024-09-09 12:00:00+00:00, run_after=2024-09-09 16:00:00+00:00
[2024-09-10T02:04:43.676+0800] {processor.py:208} INFO - Processing /Users/erniesg/.pyenv/versions/3.12.5/envs/letters_home/lib/python3.12/site-packages/airflow/example_dags/example_latest_only.py took 0.054 seconds
[2024-09-10T02:07:41.462+0800] {processor.py:186} INFO - Started process (PID=68428) to work on /Users/erniesg/.pyenv/versions/3.12.5/envs/letters_home/lib/python3.12/site-packages/airflow/example_dags/example_latest_only.py
[2024-09-10T02:07:41.462+0800] {processor.py:914} INFO - Processing file /Users/erniesg/.pyenv/versions/3.12.5/envs/letters_home/lib/python3.12/site-packages/airflow/example_dags/example_latest_only.py for tasks to queue
[2024-09-10T02:07:41.463+0800] {logging_mixin.py:190} INFO - [2024-09-10T02:07:41.463+0800] {dagbag.py:587} INFO - Filling up the DagBag from /Users/erniesg/.pyenv/versions/3.12.5/envs/letters_home/lib/python3.12/site-packages/airflow/example_dags/example_latest_only.py
[2024-09-10T02:07:41.465+0800] {processor.py:925} INFO - DAG(s) 'latest_only' retrieved from /Users/erniesg/.pyenv/versions/3.12.5/envs/letters_home/lib/python3.12/site-packages/airflow/example_dags/example_latest_only.py
[2024-09-10T02:07:41.502+0800] {logging_mixin.py:190} INFO - [2024-09-10T02:07:41.501+0800] {dag.py:3229} INFO - Sync 1 DAGs
[2024-09-10T02:07:41.509+0800] {logging_mixin.py:190} INFO - [2024-09-10T02:07:41.509+0800] {dag.py:4156} INFO - Setting next_dagrun for latest_only to 2024-09-09 12:00:00+00:00, run_after=2024-09-09 16:00:00+00:00
[2024-09-10T02:07:41.516+0800] {processor.py:208} INFO - Processing /Users/erniesg/.pyenv/versions/3.12.5/envs/letters_home/lib/python3.12/site-packages/airflow/example_dags/example_latest_only.py took 0.055 seconds
[2024-09-10T02:13:07.260+0800] {processor.py:186} INFO - Started process (PID=69291) to work on /Users/erniesg/.pyenv/versions/3.12.5/envs/letters_home/lib/python3.12/site-packages/airflow/example_dags/example_latest_only.py
[2024-09-10T02:13:07.261+0800] {processor.py:914} INFO - Processing file /Users/erniesg/.pyenv/versions/3.12.5/envs/letters_home/lib/python3.12/site-packages/airflow/example_dags/example_latest_only.py for tasks to queue
[2024-09-10T02:13:07.261+0800] {logging_mixin.py:190} INFO - [2024-09-10T02:13:07.261+0800] {dagbag.py:587} INFO - Filling up the DagBag from /Users/erniesg/.pyenv/versions/3.12.5/envs/letters_home/lib/python3.12/site-packages/airflow/example_dags/example_latest_only.py
[2024-09-10T02:13:07.264+0800] {processor.py:925} INFO - DAG(s) 'latest_only' retrieved from /Users/erniesg/.pyenv/versions/3.12.5/envs/letters_home/lib/python3.12/site-packages/airflow/example_dags/example_latest_only.py
[2024-09-10T02:13:07.303+0800] {logging_mixin.py:190} INFO - [2024-09-10T02:13:07.303+0800] {dag.py:3229} INFO - Sync 1 DAGs
[2024-09-10T02:13:07.310+0800] {logging_mixin.py:190} INFO - [2024-09-10T02:13:07.310+0800] {dag.py:4156} INFO - Setting next_dagrun for latest_only to 2024-09-09 12:00:00+00:00, run_after=2024-09-09 16:00:00+00:00
[2024-09-10T02:13:07.318+0800] {processor.py:208} INFO - Processing /Users/erniesg/.pyenv/versions/3.12.5/envs/letters_home/lib/python3.12/site-packages/airflow/example_dags/example_latest_only.py took 0.059 seconds
[2024-09-10T02:16:29.557+0800] {processor.py:186} INFO - Started process (PID=69749) to work on /Users/erniesg/.pyenv/versions/3.12.5/envs/letters_home/lib/python3.12/site-packages/airflow/example_dags/example_latest_only.py
[2024-09-10T02:16:29.557+0800] {processor.py:914} INFO - Processing file /Users/erniesg/.pyenv/versions/3.12.5/envs/letters_home/lib/python3.12/site-packages/airflow/example_dags/example_latest_only.py for tasks to queue
[2024-09-10T02:16:29.558+0800] {logging_mixin.py:190} INFO - [2024-09-10T02:16:29.557+0800] {dagbag.py:587} INFO - Filling up the DagBag from /Users/erniesg/.pyenv/versions/3.12.5/envs/letters_home/lib/python3.12/site-packages/airflow/example_dags/example_latest_only.py
[2024-09-10T02:16:29.560+0800] {processor.py:925} INFO - DAG(s) 'latest_only' retrieved from /Users/erniesg/.pyenv/versions/3.12.5/envs/letters_home/lib/python3.12/site-packages/airflow/example_dags/example_latest_only.py
[2024-09-10T02:16:29.598+0800] {logging_mixin.py:190} INFO - [2024-09-10T02:16:29.598+0800] {dag.py:3229} INFO - Sync 1 DAGs
[2024-09-10T02:16:29.605+0800] {logging_mixin.py:190} INFO - [2024-09-10T02:16:29.605+0800] {dag.py:4156} INFO - Setting next_dagrun for latest_only to 2024-09-09 12:00:00+00:00, run_after=2024-09-09 16:00:00+00:00
[2024-09-10T02:16:29.612+0800] {processor.py:208} INFO - Processing /Users/erniesg/.pyenv/versions/3.12.5/envs/letters_home/lib/python3.12/site-packages/airflow/example_dags/example_latest_only.py took 0.057 seconds
[2024-09-10T02:18:25.234+0800] {processor.py:186} INFO - Started process (PID=69912) to work on /Users/erniesg/.pyenv/versions/3.12.5/envs/letters_home/lib/python3.12/site-packages/airflow/example_dags/example_latest_only.py
[2024-09-10T02:18:25.234+0800] {processor.py:914} INFO - Processing file /Users/erniesg/.pyenv/versions/3.12.5/envs/letters_home/lib/python3.12/site-packages/airflow/example_dags/example_latest_only.py for tasks to queue
[2024-09-10T02:18:25.234+0800] {logging_mixin.py:190} INFO - [2024-09-10T02:18:25.234+0800] {dagbag.py:587} INFO - Filling up the DagBag from /Users/erniesg/.pyenv/versions/3.12.5/envs/letters_home/lib/python3.12/site-packages/airflow/example_dags/example_latest_only.py
[2024-09-10T02:18:25.237+0800] {processor.py:925} INFO - DAG(s) 'latest_only' retrieved from /Users/erniesg/.pyenv/versions/3.12.5/envs/letters_home/lib/python3.12/site-packages/airflow/example_dags/example_latest_only.py
[2024-09-10T02:18:25.272+0800] {logging_mixin.py:190} INFO - [2024-09-10T02:18:25.272+0800] {dag.py:3229} INFO - Sync 1 DAGs
[2024-09-10T02:18:25.279+0800] {logging_mixin.py:190} INFO - [2024-09-10T02:18:25.279+0800] {dag.py:4156} INFO - Setting next_dagrun for latest_only to 2024-09-09 12:00:00+00:00, run_after=2024-09-09 16:00:00+00:00
[2024-09-10T02:18:25.285+0800] {processor.py:208} INFO - Processing /Users/erniesg/.pyenv/versions/3.12.5/envs/letters_home/lib/python3.12/site-packages/airflow/example_dags/example_latest_only.py took 0.053 seconds
