[2024-09-10T01:38:17.076+0800] {processor.py:186} INFO - Started process (PID=58013) to work on /Users/erniesg/.pyenv/versions/3.12.5/envs/letters_home/lib/python3.12/site-packages/airflow/example_dags/example_datasets.py
[2024-09-10T01:38:17.076+0800] {processor.py:914} INFO - Processing file /Users/erniesg/.pyenv/versions/3.12.5/envs/letters_home/lib/python3.12/site-packages/airflow/example_dags/example_datasets.py for tasks to queue
[2024-09-10T01:38:17.077+0800] {logging_mixin.py:190} INFO - [2024-09-10T01:38:17.077+0800] {dagbag.py:587} INFO - Filling up the DagBag from /Users/erniesg/.pyenv/versions/3.12.5/envs/letters_home/lib/python3.12/site-packages/airflow/example_dags/example_datasets.py
[2024-09-10T01:38:17.100+0800] {processor.py:925} INFO - DAG(s) 'consume_1_or_both_2_and_3_with_dataset_expressions', 'conditional_dataset_and_time_based_timetable', 'dataset_consumes_unknown_never_scheduled', 'dataset_produces_1', 'dataset_produces_2', 'dataset_consumes_1_and_2', 'dataset_consumes_1_never_scheduled', 'consume_1_and_2_with_dataset_expressions', 'consume_1_or_2_with_dataset_expressions', 'dataset_consumes_1' retrieved from /Users/erniesg/.pyenv/versions/3.12.5/envs/letters_home/lib/python3.12/site-packages/airflow/example_dags/example_datasets.py
[2024-09-10T01:38:17.172+0800] {logging_mixin.py:190} INFO - [2024-09-10T01:38:17.172+0800] {override.py:1900} INFO - Created Permission View: can delete on DAG:consume_1_or_both_2_and_3_with_dataset_expressions
[2024-09-10T01:38:17.175+0800] {logging_mixin.py:190} INFO - [2024-09-10T01:38:17.175+0800] {override.py:1900} INFO - Created Permission View: can edit on DAG:consume_1_or_both_2_and_3_with_dataset_expressions
[2024-09-10T01:38:17.177+0800] {logging_mixin.py:190} INFO - [2024-09-10T01:38:17.177+0800] {override.py:1900} INFO - Created Permission View: can read on DAG:consume_1_or_both_2_and_3_with_dataset_expressions
[2024-09-10T01:38:17.180+0800] {logging_mixin.py:190} INFO - [2024-09-10T01:38:17.180+0800] {override.py:1900} INFO - Created Permission View: can create on DAG Run:consume_1_or_both_2_and_3_with_dataset_expressions
[2024-09-10T01:38:17.183+0800] {logging_mixin.py:190} INFO - [2024-09-10T01:38:17.182+0800] {override.py:1900} INFO - Created Permission View: can delete on DAG Run:consume_1_or_both_2_and_3_with_dataset_expressions
[2024-09-10T01:38:17.184+0800] {logging_mixin.py:190} INFO - [2024-09-10T01:38:17.184+0800] {override.py:1900} INFO - Created Permission View: can read on DAG Run:consume_1_or_both_2_and_3_with_dataset_expressions
[2024-09-10T01:38:17.186+0800] {logging_mixin.py:190} INFO - [2024-09-10T01:38:17.186+0800] {override.py:1900} INFO - Created Permission View: menu access on DAG Run:consume_1_or_both_2_and_3_with_dataset_expressions
[2024-09-10T01:38:17.191+0800] {logging_mixin.py:190} INFO - [2024-09-10T01:38:17.191+0800] {override.py:1900} INFO - Created Permission View: can delete on DAG:conditional_dataset_and_time_based_timetable
[2024-09-10T01:38:17.193+0800] {logging_mixin.py:190} INFO - [2024-09-10T01:38:17.193+0800] {override.py:1900} INFO - Created Permission View: can edit on DAG:conditional_dataset_and_time_based_timetable
[2024-09-10T01:38:17.195+0800] {logging_mixin.py:190} INFO - [2024-09-10T01:38:17.195+0800] {override.py:1900} INFO - Created Permission View: can read on DAG:conditional_dataset_and_time_based_timetable
[2024-09-10T01:38:17.198+0800] {logging_mixin.py:190} INFO - [2024-09-10T01:38:17.197+0800] {override.py:1900} INFO - Created Permission View: can create on DAG Run:conditional_dataset_and_time_based_timetable
[2024-09-10T01:38:17.200+0800] {logging_mixin.py:190} INFO - [2024-09-10T01:38:17.200+0800] {override.py:1900} INFO - Created Permission View: can delete on DAG Run:conditional_dataset_and_time_based_timetable
[2024-09-10T01:38:17.202+0800] {logging_mixin.py:190} INFO - [2024-09-10T01:38:17.202+0800] {override.py:1900} INFO - Created Permission View: can read on DAG Run:conditional_dataset_and_time_based_timetable
[2024-09-10T01:38:17.204+0800] {logging_mixin.py:190} INFO - [2024-09-10T01:38:17.204+0800] {override.py:1900} INFO - Created Permission View: menu access on DAG Run:conditional_dataset_and_time_based_timetable
[2024-09-10T01:38:17.208+0800] {logging_mixin.py:190} INFO - [2024-09-10T01:38:17.208+0800] {override.py:1900} INFO - Created Permission View: can delete on DAG:dataset_consumes_unknown_never_scheduled
[2024-09-10T01:38:17.210+0800] {logging_mixin.py:190} INFO - [2024-09-10T01:38:17.210+0800] {override.py:1900} INFO - Created Permission View: can edit on DAG:dataset_consumes_unknown_never_scheduled
[2024-09-10T01:38:17.212+0800] {logging_mixin.py:190} INFO - [2024-09-10T01:38:17.212+0800] {override.py:1900} INFO - Created Permission View: can read on DAG:dataset_consumes_unknown_never_scheduled
[2024-09-10T01:38:17.215+0800] {logging_mixin.py:190} INFO - [2024-09-10T01:38:17.215+0800] {override.py:1900} INFO - Created Permission View: can create on DAG Run:dataset_consumes_unknown_never_scheduled
[2024-09-10T01:38:17.217+0800] {logging_mixin.py:190} INFO - [2024-09-10T01:38:17.217+0800] {override.py:1900} INFO - Created Permission View: can delete on DAG Run:dataset_consumes_unknown_never_scheduled
[2024-09-10T01:38:17.219+0800] {logging_mixin.py:190} INFO - [2024-09-10T01:38:17.219+0800] {override.py:1900} INFO - Created Permission View: can read on DAG Run:dataset_consumes_unknown_never_scheduled
[2024-09-10T01:38:17.221+0800] {logging_mixin.py:190} INFO - [2024-09-10T01:38:17.221+0800] {override.py:1900} INFO - Created Permission View: menu access on DAG Run:dataset_consumes_unknown_never_scheduled
[2024-09-10T01:38:17.225+0800] {logging_mixin.py:190} INFO - [2024-09-10T01:38:17.225+0800] {override.py:1900} INFO - Created Permission View: can delete on DAG:dataset_produces_1
[2024-09-10T01:38:17.227+0800] {logging_mixin.py:190} INFO - [2024-09-10T01:38:17.227+0800] {override.py:1900} INFO - Created Permission View: can edit on DAG:dataset_produces_1
[2024-09-10T01:38:17.229+0800] {logging_mixin.py:190} INFO - [2024-09-10T01:38:17.229+0800] {override.py:1900} INFO - Created Permission View: can read on DAG:dataset_produces_1
[2024-09-10T01:38:17.232+0800] {logging_mixin.py:190} INFO - [2024-09-10T01:38:17.232+0800] {override.py:1900} INFO - Created Permission View: can create on DAG Run:dataset_produces_1
[2024-09-10T01:38:17.234+0800] {logging_mixin.py:190} INFO - [2024-09-10T01:38:17.234+0800] {override.py:1900} INFO - Created Permission View: can delete on DAG Run:dataset_produces_1
[2024-09-10T01:38:17.236+0800] {logging_mixin.py:190} INFO - [2024-09-10T01:38:17.236+0800] {override.py:1900} INFO - Created Permission View: can read on DAG Run:dataset_produces_1
[2024-09-10T01:38:17.238+0800] {logging_mixin.py:190} INFO - [2024-09-10T01:38:17.238+0800] {override.py:1900} INFO - Created Permission View: menu access on DAG Run:dataset_produces_1
[2024-09-10T01:38:17.242+0800] {logging_mixin.py:190} INFO - [2024-09-10T01:38:17.242+0800] {override.py:1900} INFO - Created Permission View: can delete on DAG:dataset_produces_2
[2024-09-10T01:38:17.244+0800] {logging_mixin.py:190} INFO - [2024-09-10T01:38:17.244+0800] {override.py:1900} INFO - Created Permission View: can edit on DAG:dataset_produces_2
[2024-09-10T01:38:17.246+0800] {logging_mixin.py:190} INFO - [2024-09-10T01:38:17.246+0800] {override.py:1900} INFO - Created Permission View: can read on DAG:dataset_produces_2
[2024-09-10T01:38:17.249+0800] {logging_mixin.py:190} INFO - [2024-09-10T01:38:17.249+0800] {override.py:1900} INFO - Created Permission View: can create on DAG Run:dataset_produces_2
[2024-09-10T01:38:17.252+0800] {logging_mixin.py:190} INFO - [2024-09-10T01:38:17.252+0800] {override.py:1900} INFO - Created Permission View: can delete on DAG Run:dataset_produces_2
[2024-09-10T01:38:17.254+0800] {logging_mixin.py:190} INFO - [2024-09-10T01:38:17.254+0800] {override.py:1900} INFO - Created Permission View: can read on DAG Run:dataset_produces_2
[2024-09-10T01:38:17.256+0800] {logging_mixin.py:190} INFO - [2024-09-10T01:38:17.256+0800] {override.py:1900} INFO - Created Permission View: menu access on DAG Run:dataset_produces_2
[2024-09-10T01:38:17.260+0800] {logging_mixin.py:190} INFO - [2024-09-10T01:38:17.260+0800] {override.py:1900} INFO - Created Permission View: can delete on DAG:dataset_consumes_1_and_2
[2024-09-10T01:38:17.262+0800] {logging_mixin.py:190} INFO - [2024-09-10T01:38:17.262+0800] {override.py:1900} INFO - Created Permission View: can edit on DAG:dataset_consumes_1_and_2
[2024-09-10T01:38:17.264+0800] {logging_mixin.py:190} INFO - [2024-09-10T01:38:17.264+0800] {override.py:1900} INFO - Created Permission View: can read on DAG:dataset_consumes_1_and_2
[2024-09-10T01:38:17.266+0800] {logging_mixin.py:190} INFO - [2024-09-10T01:38:17.266+0800] {override.py:1900} INFO - Created Permission View: can create on DAG Run:dataset_consumes_1_and_2
[2024-09-10T01:38:17.268+0800] {logging_mixin.py:190} INFO - [2024-09-10T01:38:17.268+0800] {override.py:1900} INFO - Created Permission View: can delete on DAG Run:dataset_consumes_1_and_2
[2024-09-10T01:38:17.270+0800] {logging_mixin.py:190} INFO - [2024-09-10T01:38:17.270+0800] {override.py:1900} INFO - Created Permission View: can read on DAG Run:dataset_consumes_1_and_2
[2024-09-10T01:38:17.272+0800] {logging_mixin.py:190} INFO - [2024-09-10T01:38:17.272+0800] {override.py:1900} INFO - Created Permission View: menu access on DAG Run:dataset_consumes_1_and_2
[2024-09-10T01:38:17.276+0800] {logging_mixin.py:190} INFO - [2024-09-10T01:38:17.276+0800] {override.py:1900} INFO - Created Permission View: can delete on DAG:dataset_consumes_1_never_scheduled
[2024-09-10T01:38:17.278+0800] {logging_mixin.py:190} INFO - [2024-09-10T01:38:17.278+0800] {override.py:1900} INFO - Created Permission View: can edit on DAG:dataset_consumes_1_never_scheduled
[2024-09-10T01:38:17.280+0800] {logging_mixin.py:190} INFO - [2024-09-10T01:38:17.280+0800] {override.py:1900} INFO - Created Permission View: can read on DAG:dataset_consumes_1_never_scheduled
[2024-09-10T01:38:17.283+0800] {logging_mixin.py:190} INFO - [2024-09-10T01:38:17.283+0800] {override.py:1900} INFO - Created Permission View: can create on DAG Run:dataset_consumes_1_never_scheduled
[2024-09-10T01:38:17.285+0800] {logging_mixin.py:190} INFO - [2024-09-10T01:38:17.285+0800] {override.py:1900} INFO - Created Permission View: can delete on DAG Run:dataset_consumes_1_never_scheduled
[2024-09-10T01:38:17.286+0800] {logging_mixin.py:190} INFO - [2024-09-10T01:38:17.286+0800] {override.py:1900} INFO - Created Permission View: can read on DAG Run:dataset_consumes_1_never_scheduled
[2024-09-10T01:38:17.288+0800] {logging_mixin.py:190} INFO - [2024-09-10T01:38:17.288+0800] {override.py:1900} INFO - Created Permission View: menu access on DAG Run:dataset_consumes_1_never_scheduled
[2024-09-10T01:38:17.293+0800] {logging_mixin.py:190} INFO - [2024-09-10T01:38:17.293+0800] {override.py:1900} INFO - Created Permission View: can delete on DAG:consume_1_and_2_with_dataset_expressions
[2024-09-10T01:38:17.296+0800] {logging_mixin.py:190} INFO - [2024-09-10T01:38:17.295+0800] {override.py:1900} INFO - Created Permission View: can edit on DAG:consume_1_and_2_with_dataset_expressions
[2024-09-10T01:38:17.298+0800] {logging_mixin.py:190} INFO - [2024-09-10T01:38:17.297+0800] {override.py:1900} INFO - Created Permission View: can read on DAG:consume_1_and_2_with_dataset_expressions
[2024-09-10T01:38:17.300+0800] {logging_mixin.py:190} INFO - [2024-09-10T01:38:17.300+0800] {override.py:1900} INFO - Created Permission View: can create on DAG Run:consume_1_and_2_with_dataset_expressions
[2024-09-10T01:38:17.302+0800] {logging_mixin.py:190} INFO - [2024-09-10T01:38:17.302+0800] {override.py:1900} INFO - Created Permission View: can delete on DAG Run:consume_1_and_2_with_dataset_expressions
[2024-09-10T01:38:17.304+0800] {logging_mixin.py:190} INFO - [2024-09-10T01:38:17.304+0800] {override.py:1900} INFO - Created Permission View: can read on DAG Run:consume_1_and_2_with_dataset_expressions
[2024-09-10T01:38:17.306+0800] {logging_mixin.py:190} INFO - [2024-09-10T01:38:17.306+0800] {override.py:1900} INFO - Created Permission View: menu access on DAG Run:consume_1_and_2_with_dataset_expressions
[2024-09-10T01:38:17.310+0800] {logging_mixin.py:190} INFO - [2024-09-10T01:38:17.310+0800] {override.py:1900} INFO - Created Permission View: can delete on DAG:consume_1_or_2_with_dataset_expressions
[2024-09-10T01:38:17.312+0800] {logging_mixin.py:190} INFO - [2024-09-10T01:38:17.312+0800] {override.py:1900} INFO - Created Permission View: can edit on DAG:consume_1_or_2_with_dataset_expressions
[2024-09-10T01:38:17.314+0800] {logging_mixin.py:190} INFO - [2024-09-10T01:38:17.314+0800] {override.py:1900} INFO - Created Permission View: can read on DAG:consume_1_or_2_with_dataset_expressions
[2024-09-10T01:38:17.316+0800] {logging_mixin.py:190} INFO - [2024-09-10T01:38:17.316+0800] {override.py:1900} INFO - Created Permission View: can create on DAG Run:consume_1_or_2_with_dataset_expressions
[2024-09-10T01:38:17.318+0800] {logging_mixin.py:190} INFO - [2024-09-10T01:38:17.318+0800] {override.py:1900} INFO - Created Permission View: can delete on DAG Run:consume_1_or_2_with_dataset_expressions
[2024-09-10T01:38:17.320+0800] {logging_mixin.py:190} INFO - [2024-09-10T01:38:17.320+0800] {override.py:1900} INFO - Created Permission View: can read on DAG Run:consume_1_or_2_with_dataset_expressions
[2024-09-10T01:38:17.322+0800] {logging_mixin.py:190} INFO - [2024-09-10T01:38:17.322+0800] {override.py:1900} INFO - Created Permission View: menu access on DAG Run:consume_1_or_2_with_dataset_expressions
[2024-09-10T01:38:17.325+0800] {logging_mixin.py:190} INFO - [2024-09-10T01:38:17.325+0800] {override.py:1900} INFO - Created Permission View: can delete on DAG:dataset_consumes_1
[2024-09-10T01:38:17.327+0800] {logging_mixin.py:190} INFO - [2024-09-10T01:38:17.327+0800] {override.py:1900} INFO - Created Permission View: can edit on DAG:dataset_consumes_1
[2024-09-10T01:38:17.329+0800] {logging_mixin.py:190} INFO - [2024-09-10T01:38:17.329+0800] {override.py:1900} INFO - Created Permission View: can read on DAG:dataset_consumes_1
[2024-09-10T01:38:17.332+0800] {logging_mixin.py:190} INFO - [2024-09-10T01:38:17.332+0800] {override.py:1900} INFO - Created Permission View: can create on DAG Run:dataset_consumes_1
[2024-09-10T01:38:17.334+0800] {logging_mixin.py:190} INFO - [2024-09-10T01:38:17.334+0800] {override.py:1900} INFO - Created Permission View: can delete on DAG Run:dataset_consumes_1
[2024-09-10T01:38:17.336+0800] {logging_mixin.py:190} INFO - [2024-09-10T01:38:17.336+0800] {override.py:1900} INFO - Created Permission View: can read on DAG Run:dataset_consumes_1
[2024-09-10T01:38:17.338+0800] {logging_mixin.py:190} INFO - [2024-09-10T01:38:17.338+0800] {override.py:1900} INFO - Created Permission View: menu access on DAG Run:dataset_consumes_1
[2024-09-10T01:38:17.338+0800] {logging_mixin.py:190} INFO - [2024-09-10T01:38:17.338+0800] {dag.py:3229} INFO - Sync 10 DAGs
[2024-09-10T01:38:17.343+0800] {logging_mixin.py:190} INFO - [2024-09-10T01:38:17.342+0800] {dag.py:3252} INFO - Creating ORM DAG for consume_1_or_2_with_dataset_expressions
[2024-09-10T01:38:17.343+0800] {logging_mixin.py:190} INFO - [2024-09-10T01:38:17.343+0800] {dag.py:3252} INFO - Creating ORM DAG for dataset_consumes_1_and_2
[2024-09-10T01:38:17.343+0800] {logging_mixin.py:190} INFO - [2024-09-10T01:38:17.343+0800] {dag.py:3252} INFO - Creating ORM DAG for dataset_produces_1
[2024-09-10T01:38:17.343+0800] {logging_mixin.py:190} INFO - [2024-09-10T01:38:17.343+0800] {dag.py:3252} INFO - Creating ORM DAG for dataset_consumes_1
[2024-09-10T01:38:17.343+0800] {logging_mixin.py:190} INFO - [2024-09-10T01:38:17.343+0800] {dag.py:3252} INFO - Creating ORM DAG for conditional_dataset_and_time_based_timetable
[2024-09-10T01:38:17.344+0800] {logging_mixin.py:190} INFO - [2024-09-10T01:38:17.343+0800] {dag.py:3252} INFO - Creating ORM DAG for dataset_produces_2
[2024-09-10T01:38:17.344+0800] {logging_mixin.py:190} INFO - [2024-09-10T01:38:17.344+0800] {dag.py:3252} INFO - Creating ORM DAG for consume_1_or_both_2_and_3_with_dataset_expressions
[2024-09-10T01:38:17.344+0800] {logging_mixin.py:190} INFO - [2024-09-10T01:38:17.344+0800] {dag.py:3252} INFO - Creating ORM DAG for dataset_consumes_unknown_never_scheduled
[2024-09-10T01:38:17.344+0800] {logging_mixin.py:190} INFO - [2024-09-10T01:38:17.344+0800] {dag.py:3252} INFO - Creating ORM DAG for consume_1_and_2_with_dataset_expressions
[2024-09-10T01:38:17.344+0800] {logging_mixin.py:190} INFO - [2024-09-10T01:38:17.344+0800] {dag.py:3252} INFO - Creating ORM DAG for dataset_consumes_1_never_scheduled
[2024-09-10T01:38:17.347+0800] {logging_mixin.py:190} INFO - [2024-09-10T01:38:17.347+0800] {dag.py:4156} INFO - Setting next_dagrun for conditional_dataset_and_time_based_timetable to 2024-09-04 01:00:00+00:00, run_after=2024-09-04 01:00:00+00:00
[2024-09-10T01:38:17.348+0800] {logging_mixin.py:190} INFO - [2024-09-10T01:38:17.348+0800] {dag.py:4156} INFO - Setting next_dagrun for consume_1_and_2_with_dataset_expressions to None, run_after=None
[2024-09-10T01:38:17.348+0800] {logging_mixin.py:190} INFO - [2024-09-10T01:38:17.348+0800] {dag.py:4156} INFO - Setting next_dagrun for consume_1_or_2_with_dataset_expressions to None, run_after=None
[2024-09-10T01:38:17.348+0800] {logging_mixin.py:190} INFO - [2024-09-10T01:38:17.348+0800] {dag.py:4156} INFO - Setting next_dagrun for consume_1_or_both_2_and_3_with_dataset_expressions to None, run_after=None
[2024-09-10T01:38:17.348+0800] {logging_mixin.py:190} INFO - [2024-09-10T01:38:17.348+0800] {dag.py:4156} INFO - Setting next_dagrun for dataset_consumes_1 to None, run_after=None
[2024-09-10T01:38:17.348+0800] {logging_mixin.py:190} INFO - [2024-09-10T01:38:17.348+0800] {dag.py:4156} INFO - Setting next_dagrun for dataset_consumes_1_and_2 to None, run_after=None
[2024-09-10T01:38:17.348+0800] {logging_mixin.py:190} INFO - [2024-09-10T01:38:17.348+0800] {dag.py:4156} INFO - Setting next_dagrun for dataset_consumes_1_never_scheduled to None, run_after=None
[2024-09-10T01:38:17.348+0800] {logging_mixin.py:190} INFO - [2024-09-10T01:38:17.348+0800] {dag.py:4156} INFO - Setting next_dagrun for dataset_consumes_unknown_never_scheduled to None, run_after=None
[2024-09-10T01:38:17.349+0800] {logging_mixin.py:190} INFO - [2024-09-10T01:38:17.349+0800] {dag.py:4156} INFO - Setting next_dagrun for dataset_produces_1 to 2024-09-08 00:00:00+00:00, run_after=2024-09-09 00:00:00+00:00
[2024-09-10T01:38:17.349+0800] {logging_mixin.py:190} INFO - [2024-09-10T01:38:17.349+0800] {dag.py:4156} INFO - Setting next_dagrun for dataset_produces_2 to None, run_after=None
[2024-09-10T01:38:17.507+0800] {processor.py:208} INFO - Processing /Users/erniesg/.pyenv/versions/3.12.5/envs/letters_home/lib/python3.12/site-packages/airflow/example_dags/example_datasets.py took 0.433 seconds
[2024-09-10T01:40:54.715+0800] {processor.py:186} INFO - Started process (PID=58163) to work on /Users/erniesg/.pyenv/versions/3.12.5/envs/letters_home/lib/python3.12/site-packages/airflow/example_dags/example_datasets.py
[2024-09-10T01:40:54.715+0800] {processor.py:914} INFO - Processing file /Users/erniesg/.pyenv/versions/3.12.5/envs/letters_home/lib/python3.12/site-packages/airflow/example_dags/example_datasets.py for tasks to queue
[2024-09-10T01:40:54.715+0800] {logging_mixin.py:190} INFO - [2024-09-10T01:40:54.715+0800] {dagbag.py:587} INFO - Filling up the DagBag from /Users/erniesg/.pyenv/versions/3.12.5/envs/letters_home/lib/python3.12/site-packages/airflow/example_dags/example_datasets.py
[2024-09-10T01:40:54.739+0800] {processor.py:925} INFO - DAG(s) 'dataset_produces_1', 'dataset_consumes_1', 'dataset_consumes_1_and_2', 'conditional_dataset_and_time_based_timetable', 'consume_1_and_2_with_dataset_expressions', 'consume_1_or_2_with_dataset_expressions', 'dataset_consumes_unknown_never_scheduled', 'consume_1_or_both_2_and_3_with_dataset_expressions', 'dataset_consumes_1_never_scheduled', 'dataset_produces_2' retrieved from /Users/erniesg/.pyenv/versions/3.12.5/envs/letters_home/lib/python3.12/site-packages/airflow/example_dags/example_datasets.py
[2024-09-10T01:40:54.782+0800] {logging_mixin.py:190} INFO - [2024-09-10T01:40:54.782+0800] {dag.py:3229} INFO - Sync 10 DAGs
[2024-09-10T01:40:54.789+0800] {logging_mixin.py:190} INFO - [2024-09-10T01:40:54.789+0800] {dag.py:4156} INFO - Setting next_dagrun for conditional_dataset_and_time_based_timetable to 2024-09-04 01:00:00+00:00, run_after=2024-09-04 01:00:00+00:00
[2024-09-10T01:40:54.790+0800] {logging_mixin.py:190} INFO - [2024-09-10T01:40:54.790+0800] {dag.py:4156} INFO - Setting next_dagrun for consume_1_and_2_with_dataset_expressions to None, run_after=None
[2024-09-10T01:40:54.791+0800] {logging_mixin.py:190} INFO - [2024-09-10T01:40:54.791+0800] {dag.py:4156} INFO - Setting next_dagrun for consume_1_or_2_with_dataset_expressions to None, run_after=None
[2024-09-10T01:40:54.791+0800] {logging_mixin.py:190} INFO - [2024-09-10T01:40:54.791+0800] {dag.py:4156} INFO - Setting next_dagrun for consume_1_or_both_2_and_3_with_dataset_expressions to None, run_after=None
[2024-09-10T01:40:54.791+0800] {logging_mixin.py:190} INFO - [2024-09-10T01:40:54.791+0800] {dag.py:4156} INFO - Setting next_dagrun for dataset_consumes_1 to None, run_after=None
[2024-09-10T01:40:54.791+0800] {logging_mixin.py:190} INFO - [2024-09-10T01:40:54.791+0800] {dag.py:4156} INFO - Setting next_dagrun for dataset_consumes_1_and_2 to None, run_after=None
[2024-09-10T01:40:54.792+0800] {logging_mixin.py:190} INFO - [2024-09-10T01:40:54.792+0800] {dag.py:4156} INFO - Setting next_dagrun for dataset_consumes_1_never_scheduled to None, run_after=None
[2024-09-10T01:40:54.792+0800] {logging_mixin.py:190} INFO - [2024-09-10T01:40:54.792+0800] {dag.py:4156} INFO - Setting next_dagrun for dataset_consumes_unknown_never_scheduled to None, run_after=None
[2024-09-10T01:40:54.793+0800] {logging_mixin.py:190} INFO - [2024-09-10T01:40:54.793+0800] {dag.py:4156} INFO - Setting next_dagrun for dataset_produces_1 to 2024-09-08 00:00:00+00:00, run_after=2024-09-09 00:00:00+00:00
[2024-09-10T01:40:54.793+0800] {logging_mixin.py:190} INFO - [2024-09-10T01:40:54.793+0800] {dag.py:4156} INFO - Setting next_dagrun for dataset_produces_2 to None, run_after=None
[2024-09-10T01:40:54.803+0800] {processor.py:208} INFO - Processing /Users/erniesg/.pyenv/versions/3.12.5/envs/letters_home/lib/python3.12/site-packages/airflow/example_dags/example_datasets.py took 0.090 seconds
[2024-09-10T01:43:41.100+0800] {processor.py:186} INFO - Started process (PID=58720) to work on /Users/erniesg/.pyenv/versions/3.12.5/envs/letters_home/lib/python3.12/site-packages/airflow/example_dags/example_datasets.py
[2024-09-10T01:43:41.100+0800] {processor.py:914} INFO - Processing file /Users/erniesg/.pyenv/versions/3.12.5/envs/letters_home/lib/python3.12/site-packages/airflow/example_dags/example_datasets.py for tasks to queue
[2024-09-10T01:43:41.100+0800] {logging_mixin.py:190} INFO - [2024-09-10T01:43:41.100+0800] {dagbag.py:587} INFO - Filling up the DagBag from /Users/erniesg/.pyenv/versions/3.12.5/envs/letters_home/lib/python3.12/site-packages/airflow/example_dags/example_datasets.py
[2024-09-10T01:43:41.125+0800] {processor.py:925} INFO - DAG(s) 'consume_1_or_both_2_and_3_with_dataset_expressions', 'consume_1_or_2_with_dataset_expressions', 'dataset_produces_2', 'dataset_consumes_1', 'consume_1_and_2_with_dataset_expressions', 'dataset_consumes_unknown_never_scheduled', 'conditional_dataset_and_time_based_timetable', 'dataset_consumes_1_never_scheduled', 'dataset_produces_1', 'dataset_consumes_1_and_2' retrieved from /Users/erniesg/.pyenv/versions/3.12.5/envs/letters_home/lib/python3.12/site-packages/airflow/example_dags/example_datasets.py
[2024-09-10T01:43:41.172+0800] {logging_mixin.py:190} INFO - [2024-09-10T01:43:41.172+0800] {dag.py:3229} INFO - Sync 10 DAGs
[2024-09-10T01:43:41.211+0800] {logging_mixin.py:190} INFO - [2024-09-10T01:43:41.210+0800] {dag.py:4156} INFO - Setting next_dagrun for conditional_dataset_and_time_based_timetable to 2024-09-04 01:00:00+00:00, run_after=2024-09-04 01:00:00+00:00
[2024-09-10T01:43:41.215+0800] {logging_mixin.py:190} INFO - [2024-09-10T01:43:41.215+0800] {dag.py:4156} INFO - Setting next_dagrun for consume_1_and_2_with_dataset_expressions to None, run_after=None
[2024-09-10T01:43:41.216+0800] {logging_mixin.py:190} INFO - [2024-09-10T01:43:41.216+0800] {dag.py:4156} INFO - Setting next_dagrun for consume_1_or_2_with_dataset_expressions to None, run_after=None
[2024-09-10T01:43:41.217+0800] {logging_mixin.py:190} INFO - [2024-09-10T01:43:41.217+0800] {dag.py:4156} INFO - Setting next_dagrun for consume_1_or_both_2_and_3_with_dataset_expressions to None, run_after=None
[2024-09-10T01:43:41.219+0800] {logging_mixin.py:190} INFO - [2024-09-10T01:43:41.219+0800] {dag.py:4156} INFO - Setting next_dagrun for dataset_consumes_1 to None, run_after=None
[2024-09-10T01:43:41.220+0800] {logging_mixin.py:190} INFO - [2024-09-10T01:43:41.220+0800] {dag.py:4156} INFO - Setting next_dagrun for dataset_consumes_1_and_2 to None, run_after=None
[2024-09-10T01:43:41.221+0800] {logging_mixin.py:190} INFO - [2024-09-10T01:43:41.221+0800] {dag.py:4156} INFO - Setting next_dagrun for dataset_consumes_1_never_scheduled to None, run_after=None
[2024-09-10T01:43:41.222+0800] {logging_mixin.py:190} INFO - [2024-09-10T01:43:41.222+0800] {dag.py:4156} INFO - Setting next_dagrun for dataset_consumes_unknown_never_scheduled to None, run_after=None
[2024-09-10T01:43:41.225+0800] {logging_mixin.py:190} INFO - [2024-09-10T01:43:41.225+0800] {dag.py:4156} INFO - Setting next_dagrun for dataset_produces_1 to 2024-09-08 00:00:00+00:00, run_after=2024-09-09 00:00:00+00:00
[2024-09-10T01:43:41.225+0800] {logging_mixin.py:190} INFO - [2024-09-10T01:43:41.225+0800] {dag.py:4156} INFO - Setting next_dagrun for dataset_produces_2 to None, run_after=None
[2024-09-10T01:43:41.268+0800] {processor.py:208} INFO - Processing /Users/erniesg/.pyenv/versions/3.12.5/envs/letters_home/lib/python3.12/site-packages/airflow/example_dags/example_datasets.py took 0.169 seconds
[2024-09-10T02:00:21.667+0800] {processor.py:186} INFO - Started process (PID=67608) to work on /Users/erniesg/.pyenv/versions/3.12.5/envs/letters_home/lib/python3.12/site-packages/airflow/example_dags/example_datasets.py
[2024-09-10T02:00:21.667+0800] {processor.py:914} INFO - Processing file /Users/erniesg/.pyenv/versions/3.12.5/envs/letters_home/lib/python3.12/site-packages/airflow/example_dags/example_datasets.py for tasks to queue
[2024-09-10T02:00:21.668+0800] {logging_mixin.py:190} INFO - [2024-09-10T02:00:21.668+0800] {dagbag.py:587} INFO - Filling up the DagBag from /Users/erniesg/.pyenv/versions/3.12.5/envs/letters_home/lib/python3.12/site-packages/airflow/example_dags/example_datasets.py
[2024-09-10T02:00:21.691+0800] {processor.py:925} INFO - DAG(s) 'dataset_consumes_1_never_scheduled', 'dataset_produces_2', 'dataset_consumes_unknown_never_scheduled', 'conditional_dataset_and_time_based_timetable', 'dataset_consumes_1_and_2', 'dataset_consumes_1', 'consume_1_or_both_2_and_3_with_dataset_expressions', 'consume_1_or_2_with_dataset_expressions', 'consume_1_and_2_with_dataset_expressions', 'dataset_produces_1' retrieved from /Users/erniesg/.pyenv/versions/3.12.5/envs/letters_home/lib/python3.12/site-packages/airflow/example_dags/example_datasets.py
[2024-09-10T02:00:21.732+0800] {logging_mixin.py:190} INFO - [2024-09-10T02:00:21.732+0800] {dag.py:3229} INFO - Sync 10 DAGs
[2024-09-10T02:00:21.739+0800] {logging_mixin.py:190} INFO - [2024-09-10T02:00:21.739+0800] {dag.py:4156} INFO - Setting next_dagrun for conditional_dataset_and_time_based_timetable to 2024-09-04 01:00:00+00:00, run_after=2024-09-04 01:00:00+00:00
[2024-09-10T02:00:21.740+0800] {logging_mixin.py:190} INFO - [2024-09-10T02:00:21.740+0800] {dag.py:4156} INFO - Setting next_dagrun for consume_1_and_2_with_dataset_expressions to None, run_after=None
[2024-09-10T02:00:21.741+0800] {logging_mixin.py:190} INFO - [2024-09-10T02:00:21.741+0800] {dag.py:4156} INFO - Setting next_dagrun for consume_1_or_2_with_dataset_expressions to None, run_after=None
[2024-09-10T02:00:21.741+0800] {logging_mixin.py:190} INFO - [2024-09-10T02:00:21.741+0800] {dag.py:4156} INFO - Setting next_dagrun for consume_1_or_both_2_and_3_with_dataset_expressions to None, run_after=None
[2024-09-10T02:00:21.741+0800] {logging_mixin.py:190} INFO - [2024-09-10T02:00:21.741+0800] {dag.py:4156} INFO - Setting next_dagrun for dataset_consumes_1 to None, run_after=None
[2024-09-10T02:00:21.741+0800] {logging_mixin.py:190} INFO - [2024-09-10T02:00:21.741+0800] {dag.py:4156} INFO - Setting next_dagrun for dataset_consumes_1_and_2 to None, run_after=None
[2024-09-10T02:00:21.742+0800] {logging_mixin.py:190} INFO - [2024-09-10T02:00:21.742+0800] {dag.py:4156} INFO - Setting next_dagrun for dataset_consumes_1_never_scheduled to None, run_after=None
[2024-09-10T02:00:21.742+0800] {logging_mixin.py:190} INFO - [2024-09-10T02:00:21.742+0800] {dag.py:4156} INFO - Setting next_dagrun for dataset_consumes_unknown_never_scheduled to None, run_after=None
[2024-09-10T02:00:21.743+0800] {logging_mixin.py:190} INFO - [2024-09-10T02:00:21.743+0800] {dag.py:4156} INFO - Setting next_dagrun for dataset_produces_1 to 2024-09-08 00:00:00+00:00, run_after=2024-09-09 00:00:00+00:00
[2024-09-10T02:00:21.743+0800] {logging_mixin.py:190} INFO - [2024-09-10T02:00:21.743+0800] {dag.py:4156} INFO - Setting next_dagrun for dataset_produces_2 to None, run_after=None
[2024-09-10T02:00:21.753+0800] {processor.py:208} INFO - Processing /Users/erniesg/.pyenv/versions/3.12.5/envs/letters_home/lib/python3.12/site-packages/airflow/example_dags/example_datasets.py took 0.087 seconds
[2024-09-10T02:03:02.128+0800] {processor.py:186} INFO - Started process (PID=68020) to work on /Users/erniesg/.pyenv/versions/3.12.5/envs/letters_home/lib/python3.12/site-packages/airflow/example_dags/example_datasets.py
[2024-09-10T02:03:02.129+0800] {processor.py:914} INFO - Processing file /Users/erniesg/.pyenv/versions/3.12.5/envs/letters_home/lib/python3.12/site-packages/airflow/example_dags/example_datasets.py for tasks to queue
[2024-09-10T02:03:02.129+0800] {logging_mixin.py:190} INFO - [2024-09-10T02:03:02.129+0800] {dagbag.py:587} INFO - Filling up the DagBag from /Users/erniesg/.pyenv/versions/3.12.5/envs/letters_home/lib/python3.12/site-packages/airflow/example_dags/example_datasets.py
[2024-09-10T02:03:02.153+0800] {processor.py:925} INFO - DAG(s) 'dataset_consumes_unknown_never_scheduled', 'dataset_consumes_1_never_scheduled', 'consume_1_or_both_2_and_3_with_dataset_expressions', 'dataset_produces_2', 'dataset_produces_1', 'consume_1_or_2_with_dataset_expressions', 'conditional_dataset_and_time_based_timetable', 'dataset_consumes_1_and_2', 'dataset_consumes_1', 'consume_1_and_2_with_dataset_expressions' retrieved from /Users/erniesg/.pyenv/versions/3.12.5/envs/letters_home/lib/python3.12/site-packages/airflow/example_dags/example_datasets.py
[2024-09-10T02:03:02.199+0800] {logging_mixin.py:190} INFO - [2024-09-10T02:03:02.198+0800] {dag.py:3229} INFO - Sync 10 DAGs
[2024-09-10T02:03:02.206+0800] {logging_mixin.py:190} INFO - [2024-09-10T02:03:02.206+0800] {dag.py:4156} INFO - Setting next_dagrun for conditional_dataset_and_time_based_timetable to 2024-09-04 01:00:00+00:00, run_after=2024-09-04 01:00:00+00:00
[2024-09-10T02:03:02.208+0800] {logging_mixin.py:190} INFO - [2024-09-10T02:03:02.208+0800] {dag.py:4156} INFO - Setting next_dagrun for consume_1_and_2_with_dataset_expressions to None, run_after=None
[2024-09-10T02:03:02.208+0800] {logging_mixin.py:190} INFO - [2024-09-10T02:03:02.208+0800] {dag.py:4156} INFO - Setting next_dagrun for consume_1_or_2_with_dataset_expressions to None, run_after=None
[2024-09-10T02:03:02.208+0800] {logging_mixin.py:190} INFO - [2024-09-10T02:03:02.208+0800] {dag.py:4156} INFO - Setting next_dagrun for consume_1_or_both_2_and_3_with_dataset_expressions to None, run_after=None
[2024-09-10T02:03:02.209+0800] {logging_mixin.py:190} INFO - [2024-09-10T02:03:02.209+0800] {dag.py:4156} INFO - Setting next_dagrun for dataset_consumes_1 to None, run_after=None
[2024-09-10T02:03:02.209+0800] {logging_mixin.py:190} INFO - [2024-09-10T02:03:02.209+0800] {dag.py:4156} INFO - Setting next_dagrun for dataset_consumes_1_and_2 to None, run_after=None
[2024-09-10T02:03:02.209+0800] {logging_mixin.py:190} INFO - [2024-09-10T02:03:02.209+0800] {dag.py:4156} INFO - Setting next_dagrun for dataset_consumes_1_never_scheduled to None, run_after=None
[2024-09-10T02:03:02.209+0800] {logging_mixin.py:190} INFO - [2024-09-10T02:03:02.209+0800] {dag.py:4156} INFO - Setting next_dagrun for dataset_consumes_unknown_never_scheduled to None, run_after=None
[2024-09-10T02:03:02.210+0800] {logging_mixin.py:190} INFO - [2024-09-10T02:03:02.210+0800] {dag.py:4156} INFO - Setting next_dagrun for dataset_produces_1 to 2024-09-08 00:00:00+00:00, run_after=2024-09-09 00:00:00+00:00
[2024-09-10T02:03:02.210+0800] {logging_mixin.py:190} INFO - [2024-09-10T02:03:02.210+0800] {dag.py:4156} INFO - Setting next_dagrun for dataset_produces_2 to None, run_after=None
[2024-09-10T02:03:02.221+0800] {processor.py:208} INFO - Processing /Users/erniesg/.pyenv/versions/3.12.5/envs/letters_home/lib/python3.12/site-packages/airflow/example_dags/example_datasets.py took 0.094 seconds
[2024-09-10T02:06:02.162+0800] {processor.py:186} INFO - Started process (PID=68221) to work on /Users/erniesg/.pyenv/versions/3.12.5/envs/letters_home/lib/python3.12/site-packages/airflow/example_dags/example_datasets.py
[2024-09-10T02:06:02.162+0800] {processor.py:914} INFO - Processing file /Users/erniesg/.pyenv/versions/3.12.5/envs/letters_home/lib/python3.12/site-packages/airflow/example_dags/example_datasets.py for tasks to queue
[2024-09-10T02:06:02.163+0800] {logging_mixin.py:190} INFO - [2024-09-10T02:06:02.163+0800] {dagbag.py:587} INFO - Filling up the DagBag from /Users/erniesg/.pyenv/versions/3.12.5/envs/letters_home/lib/python3.12/site-packages/airflow/example_dags/example_datasets.py
[2024-09-10T02:06:02.187+0800] {processor.py:925} INFO - DAG(s) 'consume_1_or_2_with_dataset_expressions', 'dataset_produces_2', 'dataset_consumes_1_and_2', 'dataset_consumes_1_never_scheduled', 'dataset_consumes_unknown_never_scheduled', 'dataset_consumes_1', 'consume_1_or_both_2_and_3_with_dataset_expressions', 'consume_1_and_2_with_dataset_expressions', 'conditional_dataset_and_time_based_timetable', 'dataset_produces_1' retrieved from /Users/erniesg/.pyenv/versions/3.12.5/envs/letters_home/lib/python3.12/site-packages/airflow/example_dags/example_datasets.py
[2024-09-10T02:06:02.233+0800] {logging_mixin.py:190} INFO - [2024-09-10T02:06:02.233+0800] {dag.py:3229} INFO - Sync 10 DAGs
[2024-09-10T02:06:02.241+0800] {logging_mixin.py:190} INFO - [2024-09-10T02:06:02.241+0800] {dag.py:4156} INFO - Setting next_dagrun for conditional_dataset_and_time_based_timetable to 2024-09-04 01:00:00+00:00, run_after=2024-09-04 01:00:00+00:00
[2024-09-10T02:06:02.243+0800] {logging_mixin.py:190} INFO - [2024-09-10T02:06:02.243+0800] {dag.py:4156} INFO - Setting next_dagrun for consume_1_and_2_with_dataset_expressions to None, run_after=None
[2024-09-10T02:06:02.243+0800] {logging_mixin.py:190} INFO - [2024-09-10T02:06:02.243+0800] {dag.py:4156} INFO - Setting next_dagrun for consume_1_or_2_with_dataset_expressions to None, run_after=None
[2024-09-10T02:06:02.243+0800] {logging_mixin.py:190} INFO - [2024-09-10T02:06:02.243+0800] {dag.py:4156} INFO - Setting next_dagrun for consume_1_or_both_2_and_3_with_dataset_expressions to None, run_after=None
[2024-09-10T02:06:02.244+0800] {logging_mixin.py:190} INFO - [2024-09-10T02:06:02.244+0800] {dag.py:4156} INFO - Setting next_dagrun for dataset_consumes_1 to None, run_after=None
[2024-09-10T02:06:02.244+0800] {logging_mixin.py:190} INFO - [2024-09-10T02:06:02.244+0800] {dag.py:4156} INFO - Setting next_dagrun for dataset_consumes_1_and_2 to None, run_after=None
[2024-09-10T02:06:02.244+0800] {logging_mixin.py:190} INFO - [2024-09-10T02:06:02.244+0800] {dag.py:4156} INFO - Setting next_dagrun for dataset_consumes_1_never_scheduled to None, run_after=None
[2024-09-10T02:06:02.245+0800] {logging_mixin.py:190} INFO - [2024-09-10T02:06:02.244+0800] {dag.py:4156} INFO - Setting next_dagrun for dataset_consumes_unknown_never_scheduled to None, run_after=None
[2024-09-10T02:06:02.245+0800] {logging_mixin.py:190} INFO - [2024-09-10T02:06:02.245+0800] {dag.py:4156} INFO - Setting next_dagrun for dataset_produces_1 to 2024-09-08 00:00:00+00:00, run_after=2024-09-09 00:00:00+00:00
[2024-09-10T02:06:02.246+0800] {logging_mixin.py:190} INFO - [2024-09-10T02:06:02.246+0800] {dag.py:4156} INFO - Setting next_dagrun for dataset_produces_2 to None, run_after=None
[2024-09-10T02:06:02.256+0800] {processor.py:208} INFO - Processing /Users/erniesg/.pyenv/versions/3.12.5/envs/letters_home/lib/python3.12/site-packages/airflow/example_dags/example_datasets.py took 0.096 seconds
[2024-09-10T02:08:47.620+0800] {processor.py:186} INFO - Started process (PID=68544) to work on /Users/erniesg/.pyenv/versions/3.12.5/envs/letters_home/lib/python3.12/site-packages/airflow/example_dags/example_datasets.py
[2024-09-10T02:08:47.621+0800] {processor.py:914} INFO - Processing file /Users/erniesg/.pyenv/versions/3.12.5/envs/letters_home/lib/python3.12/site-packages/airflow/example_dags/example_datasets.py for tasks to queue
[2024-09-10T02:08:47.621+0800] {logging_mixin.py:190} INFO - [2024-09-10T02:08:47.621+0800] {dagbag.py:587} INFO - Filling up the DagBag from /Users/erniesg/.pyenv/versions/3.12.5/envs/letters_home/lib/python3.12/site-packages/airflow/example_dags/example_datasets.py
[2024-09-10T02:08:47.644+0800] {processor.py:925} INFO - DAG(s) 'dataset_consumes_1', 'dataset_consumes_unknown_never_scheduled', 'dataset_produces_2', 'dataset_consumes_1_never_scheduled', 'dataset_consumes_1_and_2', 'conditional_dataset_and_time_based_timetable', 'dataset_produces_1', 'consume_1_and_2_with_dataset_expressions', 'consume_1_or_2_with_dataset_expressions', 'consume_1_or_both_2_and_3_with_dataset_expressions' retrieved from /Users/erniesg/.pyenv/versions/3.12.5/envs/letters_home/lib/python3.12/site-packages/airflow/example_dags/example_datasets.py
[2024-09-10T02:08:47.690+0800] {logging_mixin.py:190} INFO - [2024-09-10T02:08:47.690+0800] {dag.py:3229} INFO - Sync 10 DAGs
[2024-09-10T02:08:47.697+0800] {logging_mixin.py:190} INFO - [2024-09-10T02:08:47.697+0800] {dag.py:4156} INFO - Setting next_dagrun for conditional_dataset_and_time_based_timetable to 2024-09-04 01:00:00+00:00, run_after=2024-09-04 01:00:00+00:00
[2024-09-10T02:08:47.699+0800] {logging_mixin.py:190} INFO - [2024-09-10T02:08:47.699+0800] {dag.py:4156} INFO - Setting next_dagrun for consume_1_and_2_with_dataset_expressions to None, run_after=None
[2024-09-10T02:08:47.699+0800] {logging_mixin.py:190} INFO - [2024-09-10T02:08:47.699+0800] {dag.py:4156} INFO - Setting next_dagrun for consume_1_or_2_with_dataset_expressions to None, run_after=None
[2024-09-10T02:08:47.699+0800] {logging_mixin.py:190} INFO - [2024-09-10T02:08:47.699+0800] {dag.py:4156} INFO - Setting next_dagrun for consume_1_or_both_2_and_3_with_dataset_expressions to None, run_after=None
[2024-09-10T02:08:47.700+0800] {logging_mixin.py:190} INFO - [2024-09-10T02:08:47.700+0800] {dag.py:4156} INFO - Setting next_dagrun for dataset_consumes_1 to None, run_after=None
[2024-09-10T02:08:47.700+0800] {logging_mixin.py:190} INFO - [2024-09-10T02:08:47.700+0800] {dag.py:4156} INFO - Setting next_dagrun for dataset_consumes_1_and_2 to None, run_after=None
[2024-09-10T02:08:47.700+0800] {logging_mixin.py:190} INFO - [2024-09-10T02:08:47.700+0800] {dag.py:4156} INFO - Setting next_dagrun for dataset_consumes_1_never_scheduled to None, run_after=None
[2024-09-10T02:08:47.700+0800] {logging_mixin.py:190} INFO - [2024-09-10T02:08:47.700+0800] {dag.py:4156} INFO - Setting next_dagrun for dataset_consumes_unknown_never_scheduled to None, run_after=None
[2024-09-10T02:08:47.701+0800] {logging_mixin.py:190} INFO - [2024-09-10T02:08:47.701+0800] {dag.py:4156} INFO - Setting next_dagrun for dataset_produces_1 to 2024-09-08 00:00:00+00:00, run_after=2024-09-09 00:00:00+00:00
[2024-09-10T02:08:47.701+0800] {logging_mixin.py:190} INFO - [2024-09-10T02:08:47.701+0800] {dag.py:4156} INFO - Setting next_dagrun for dataset_produces_2 to None, run_after=None
[2024-09-10T02:08:47.712+0800] {processor.py:208} INFO - Processing /Users/erniesg/.pyenv/versions/3.12.5/envs/letters_home/lib/python3.12/site-packages/airflow/example_dags/example_datasets.py took 0.093 seconds
[2024-09-10T02:13:21.438+0800] {processor.py:186} INFO - Started process (PID=69299) to work on /Users/erniesg/.pyenv/versions/3.12.5/envs/letters_home/lib/python3.12/site-packages/airflow/example_dags/example_datasets.py
[2024-09-10T02:13:21.439+0800] {processor.py:914} INFO - Processing file /Users/erniesg/.pyenv/versions/3.12.5/envs/letters_home/lib/python3.12/site-packages/airflow/example_dags/example_datasets.py for tasks to queue
[2024-09-10T02:13:21.439+0800] {logging_mixin.py:190} INFO - [2024-09-10T02:13:21.439+0800] {dagbag.py:587} INFO - Filling up the DagBag from /Users/erniesg/.pyenv/versions/3.12.5/envs/letters_home/lib/python3.12/site-packages/airflow/example_dags/example_datasets.py
[2024-09-10T02:13:21.484+0800] {processor.py:925} INFO - DAG(s) 'consume_1_and_2_with_dataset_expressions', 'dataset_consumes_unknown_never_scheduled', 'dataset_consumes_1_and_2', 'dataset_consumes_1', 'dataset_consumes_1_never_scheduled', 'conditional_dataset_and_time_based_timetable', 'consume_1_or_2_with_dataset_expressions', 'dataset_produces_1', 'dataset_produces_2', 'consume_1_or_both_2_and_3_with_dataset_expressions' retrieved from /Users/erniesg/.pyenv/versions/3.12.5/envs/letters_home/lib/python3.12/site-packages/airflow/example_dags/example_datasets.py
[2024-09-10T02:13:21.530+0800] {logging_mixin.py:190} INFO - [2024-09-10T02:13:21.530+0800] {dag.py:3229} INFO - Sync 10 DAGs
[2024-09-10T02:13:21.538+0800] {logging_mixin.py:190} INFO - [2024-09-10T02:13:21.538+0800] {dag.py:4156} INFO - Setting next_dagrun for conditional_dataset_and_time_based_timetable to 2024-09-04 01:00:00+00:00, run_after=2024-09-04 01:00:00+00:00
[2024-09-10T02:13:21.542+0800] {logging_mixin.py:190} INFO - [2024-09-10T02:13:21.541+0800] {dag.py:4156} INFO - Setting next_dagrun for consume_1_and_2_with_dataset_expressions to None, run_after=None
[2024-09-10T02:13:21.543+0800] {logging_mixin.py:190} INFO - [2024-09-10T02:13:21.543+0800] {dag.py:4156} INFO - Setting next_dagrun for consume_1_or_2_with_dataset_expressions to None, run_after=None
[2024-09-10T02:13:21.547+0800] {logging_mixin.py:190} INFO - [2024-09-10T02:13:21.547+0800] {dag.py:4156} INFO - Setting next_dagrun for consume_1_or_both_2_and_3_with_dataset_expressions to None, run_after=None
[2024-09-10T02:13:21.548+0800] {logging_mixin.py:190} INFO - [2024-09-10T02:13:21.548+0800] {dag.py:4156} INFO - Setting next_dagrun for dataset_consumes_1 to None, run_after=None
[2024-09-10T02:13:21.552+0800] {logging_mixin.py:190} INFO - [2024-09-10T02:13:21.552+0800] {dag.py:4156} INFO - Setting next_dagrun for dataset_consumes_1_and_2 to None, run_after=None
[2024-09-10T02:13:21.552+0800] {logging_mixin.py:190} INFO - [2024-09-10T02:13:21.552+0800] {dag.py:4156} INFO - Setting next_dagrun for dataset_consumes_1_never_scheduled to None, run_after=None
[2024-09-10T02:13:21.553+0800] {logging_mixin.py:190} INFO - [2024-09-10T02:13:21.553+0800] {dag.py:4156} INFO - Setting next_dagrun for dataset_consumes_unknown_never_scheduled to None, run_after=None
[2024-09-10T02:13:21.553+0800] {logging_mixin.py:190} INFO - [2024-09-10T02:13:21.553+0800] {dag.py:4156} INFO - Setting next_dagrun for dataset_produces_1 to 2024-09-08 00:00:00+00:00, run_after=2024-09-09 00:00:00+00:00
[2024-09-10T02:13:21.554+0800] {logging_mixin.py:190} INFO - [2024-09-10T02:13:21.554+0800] {dag.py:4156} INFO - Setting next_dagrun for dataset_produces_2 to None, run_after=None
[2024-09-10T02:13:21.565+0800] {processor.py:208} INFO - Processing /Users/erniesg/.pyenv/versions/3.12.5/envs/letters_home/lib/python3.12/site-packages/airflow/example_dags/example_datasets.py took 0.128 seconds
[2024-09-10T02:16:44.079+0800] {processor.py:186} INFO - Started process (PID=69762) to work on /Users/erniesg/.pyenv/versions/3.12.5/envs/letters_home/lib/python3.12/site-packages/airflow/example_dags/example_datasets.py
[2024-09-10T02:16:44.080+0800] {processor.py:914} INFO - Processing file /Users/erniesg/.pyenv/versions/3.12.5/envs/letters_home/lib/python3.12/site-packages/airflow/example_dags/example_datasets.py for tasks to queue
[2024-09-10T02:16:44.080+0800] {logging_mixin.py:190} INFO - [2024-09-10T02:16:44.080+0800] {dagbag.py:587} INFO - Filling up the DagBag from /Users/erniesg/.pyenv/versions/3.12.5/envs/letters_home/lib/python3.12/site-packages/airflow/example_dags/example_datasets.py
[2024-09-10T02:16:44.105+0800] {processor.py:925} INFO - DAG(s) 'dataset_consumes_1_never_scheduled', 'dataset_produces_2', 'dataset_consumes_1_and_2', 'conditional_dataset_and_time_based_timetable', 'consume_1_or_2_with_dataset_expressions', 'dataset_produces_1', 'consume_1_and_2_with_dataset_expressions', 'dataset_consumes_1', 'dataset_consumes_unknown_never_scheduled', 'consume_1_or_both_2_and_3_with_dataset_expressions' retrieved from /Users/erniesg/.pyenv/versions/3.12.5/envs/letters_home/lib/python3.12/site-packages/airflow/example_dags/example_datasets.py
[2024-09-10T02:16:44.152+0800] {logging_mixin.py:190} INFO - [2024-09-10T02:16:44.152+0800] {dag.py:3229} INFO - Sync 10 DAGs
[2024-09-10T02:16:44.161+0800] {logging_mixin.py:190} INFO - [2024-09-10T02:16:44.161+0800] {dag.py:4156} INFO - Setting next_dagrun for conditional_dataset_and_time_based_timetable to 2024-09-04 01:00:00+00:00, run_after=2024-09-04 01:00:00+00:00
[2024-09-10T02:16:44.162+0800] {logging_mixin.py:190} INFO - [2024-09-10T02:16:44.162+0800] {dag.py:4156} INFO - Setting next_dagrun for consume_1_and_2_with_dataset_expressions to None, run_after=None
[2024-09-10T02:16:44.163+0800] {logging_mixin.py:190} INFO - [2024-09-10T02:16:44.163+0800] {dag.py:4156} INFO - Setting next_dagrun for consume_1_or_2_with_dataset_expressions to None, run_after=None
[2024-09-10T02:16:44.163+0800] {logging_mixin.py:190} INFO - [2024-09-10T02:16:44.163+0800] {dag.py:4156} INFO - Setting next_dagrun for consume_1_or_both_2_and_3_with_dataset_expressions to None, run_after=None
[2024-09-10T02:16:44.163+0800] {logging_mixin.py:190} INFO - [2024-09-10T02:16:44.163+0800] {dag.py:4156} INFO - Setting next_dagrun for dataset_consumes_1 to None, run_after=None
[2024-09-10T02:16:44.164+0800] {logging_mixin.py:190} INFO - [2024-09-10T02:16:44.164+0800] {dag.py:4156} INFO - Setting next_dagrun for dataset_consumes_1_and_2 to None, run_after=None
[2024-09-10T02:16:44.164+0800] {logging_mixin.py:190} INFO - [2024-09-10T02:16:44.164+0800] {dag.py:4156} INFO - Setting next_dagrun for dataset_consumes_1_never_scheduled to None, run_after=None
[2024-09-10T02:16:44.164+0800] {logging_mixin.py:190} INFO - [2024-09-10T02:16:44.164+0800] {dag.py:4156} INFO - Setting next_dagrun for dataset_consumes_unknown_never_scheduled to None, run_after=None
[2024-09-10T02:16:44.165+0800] {logging_mixin.py:190} INFO - [2024-09-10T02:16:44.165+0800] {dag.py:4156} INFO - Setting next_dagrun for dataset_produces_1 to 2024-09-08 00:00:00+00:00, run_after=2024-09-09 00:00:00+00:00
[2024-09-10T02:16:44.165+0800] {logging_mixin.py:190} INFO - [2024-09-10T02:16:44.165+0800] {dag.py:4156} INFO - Setting next_dagrun for dataset_produces_2 to None, run_after=None
[2024-09-10T02:16:44.177+0800] {processor.py:208} INFO - Processing /Users/erniesg/.pyenv/versions/3.12.5/envs/letters_home/lib/python3.12/site-packages/airflow/example_dags/example_datasets.py took 0.099 seconds
[2024-09-10T02:19:33.047+0800] {processor.py:186} INFO - Started process (PID=70313) to work on /Users/erniesg/.pyenv/versions/3.12.5/envs/letters_home/lib/python3.12/site-packages/airflow/example_dags/example_datasets.py
[2024-09-10T02:19:33.048+0800] {processor.py:914} INFO - Processing file /Users/erniesg/.pyenv/versions/3.12.5/envs/letters_home/lib/python3.12/site-packages/airflow/example_dags/example_datasets.py for tasks to queue
[2024-09-10T02:19:33.048+0800] {logging_mixin.py:190} INFO - [2024-09-10T02:19:33.048+0800] {dagbag.py:587} INFO - Filling up the DagBag from /Users/erniesg/.pyenv/versions/3.12.5/envs/letters_home/lib/python3.12/site-packages/airflow/example_dags/example_datasets.py
[2024-09-10T02:19:33.072+0800] {processor.py:925} INFO - DAG(s) 'conditional_dataset_and_time_based_timetable', 'dataset_consumes_1_and_2', 'dataset_consumes_1_never_scheduled', 'consume_1_and_2_with_dataset_expressions', 'dataset_produces_2', 'consume_1_or_2_with_dataset_expressions', 'consume_1_or_both_2_and_3_with_dataset_expressions', 'dataset_consumes_1', 'dataset_produces_1', 'dataset_consumes_unknown_never_scheduled' retrieved from /Users/erniesg/.pyenv/versions/3.12.5/envs/letters_home/lib/python3.12/site-packages/airflow/example_dags/example_datasets.py
[2024-09-10T02:19:33.118+0800] {logging_mixin.py:190} INFO - [2024-09-10T02:19:33.118+0800] {dag.py:3229} INFO - Sync 10 DAGs
[2024-09-10T02:19:33.127+0800] {logging_mixin.py:190} INFO - [2024-09-10T02:19:33.127+0800] {dag.py:4156} INFO - Setting next_dagrun for conditional_dataset_and_time_based_timetable to 2024-09-04 01:00:00+00:00, run_after=2024-09-04 01:00:00+00:00
[2024-09-10T02:19:33.128+0800] {logging_mixin.py:190} INFO - [2024-09-10T02:19:33.128+0800] {dag.py:4156} INFO - Setting next_dagrun for consume_1_and_2_with_dataset_expressions to None, run_after=None
[2024-09-10T02:19:33.129+0800] {logging_mixin.py:190} INFO - [2024-09-10T02:19:33.129+0800] {dag.py:4156} INFO - Setting next_dagrun for consume_1_or_2_with_dataset_expressions to None, run_after=None
[2024-09-10T02:19:33.129+0800] {logging_mixin.py:190} INFO - [2024-09-10T02:19:33.129+0800] {dag.py:4156} INFO - Setting next_dagrun for consume_1_or_both_2_and_3_with_dataset_expressions to None, run_after=None
[2024-09-10T02:19:33.129+0800] {logging_mixin.py:190} INFO - [2024-09-10T02:19:33.129+0800] {dag.py:4156} INFO - Setting next_dagrun for dataset_consumes_1 to None, run_after=None
[2024-09-10T02:19:33.130+0800] {logging_mixin.py:190} INFO - [2024-09-10T02:19:33.130+0800] {dag.py:4156} INFO - Setting next_dagrun for dataset_consumes_1_and_2 to None, run_after=None
[2024-09-10T02:19:33.130+0800] {logging_mixin.py:190} INFO - [2024-09-10T02:19:33.130+0800] {dag.py:4156} INFO - Setting next_dagrun for dataset_consumes_1_never_scheduled to None, run_after=None
[2024-09-10T02:19:33.130+0800] {logging_mixin.py:190} INFO - [2024-09-10T02:19:33.130+0800] {dag.py:4156} INFO - Setting next_dagrun for dataset_consumes_unknown_never_scheduled to None, run_after=None
[2024-09-10T02:19:33.131+0800] {logging_mixin.py:190} INFO - [2024-09-10T02:19:33.131+0800] {dag.py:4156} INFO - Setting next_dagrun for dataset_produces_1 to 2024-09-08 00:00:00+00:00, run_after=2024-09-09 00:00:00+00:00
[2024-09-10T02:19:33.131+0800] {logging_mixin.py:190} INFO - [2024-09-10T02:19:33.131+0800] {dag.py:4156} INFO - Setting next_dagrun for dataset_produces_2 to None, run_after=None
[2024-09-10T02:19:33.142+0800] {processor.py:208} INFO - Processing /Users/erniesg/.pyenv/versions/3.12.5/envs/letters_home/lib/python3.12/site-packages/airflow/example_dags/example_datasets.py took 0.096 seconds
