[2024-09-10T01:38:12.814+0800] {processor.py:186} INFO - Started process (PID=58011) to work on /Users/erniesg/.pyenv/versions/3.12.5/envs/letters_home/lib/python3.12/site-packages/airflow/example_dags/example_dynamic_task_mapping.py
[2024-09-10T01:38:12.814+0800] {processor.py:914} INFO - Processing file /Users/erniesg/.pyenv/versions/3.12.5/envs/letters_home/lib/python3.12/site-packages/airflow/example_dags/example_dynamic_task_mapping.py for tasks to queue
[2024-09-10T01:38:12.815+0800] {logging_mixin.py:190} INFO - [2024-09-10T01:38:12.815+0800] {dagbag.py:587} INFO - Filling up the DagBag from /Users/erniesg/.pyenv/versions/3.12.5/envs/letters_home/lib/python3.12/site-packages/airflow/example_dags/example_dynamic_task_mapping.py
[2024-09-10T01:38:12.831+0800] {processor.py:925} INFO - DAG(s) 'example_dynamic_task_mapping' retrieved from /Users/erniesg/.pyenv/versions/3.12.5/envs/letters_home/lib/python3.12/site-packages/airflow/example_dags/example_dynamic_task_mapping.py
[2024-09-10T01:38:12.907+0800] {logging_mixin.py:190} INFO - [2024-09-10T01:38:12.907+0800] {override.py:1900} INFO - Created Permission View: can read on DAG:example_dynamic_task_mapping
[2024-09-10T01:38:12.910+0800] {logging_mixin.py:190} INFO - [2024-09-10T01:38:12.910+0800] {override.py:1900} INFO - Created Permission View: can edit on DAG:example_dynamic_task_mapping
[2024-09-10T01:38:12.913+0800] {logging_mixin.py:190} INFO - [2024-09-10T01:38:12.912+0800] {override.py:1900} INFO - Created Permission View: can delete on DAG:example_dynamic_task_mapping
[2024-09-10T01:38:12.916+0800] {logging_mixin.py:190} INFO - [2024-09-10T01:38:12.915+0800] {override.py:1900} INFO - Created Permission View: can read on DAG Run:example_dynamic_task_mapping
[2024-09-10T01:38:12.918+0800] {logging_mixin.py:190} INFO - [2024-09-10T01:38:12.918+0800] {override.py:1900} INFO - Created Permission View: can create on DAG Run:example_dynamic_task_mapping
[2024-09-10T01:38:12.920+0800] {logging_mixin.py:190} INFO - [2024-09-10T01:38:12.920+0800] {override.py:1900} INFO - Created Permission View: can delete on DAG Run:example_dynamic_task_mapping
[2024-09-10T01:38:12.922+0800] {logging_mixin.py:190} INFO - [2024-09-10T01:38:12.921+0800] {override.py:1900} INFO - Created Permission View: menu access on DAG Run:example_dynamic_task_mapping
[2024-09-10T01:38:12.922+0800] {logging_mixin.py:190} INFO - [2024-09-10T01:38:12.922+0800] {dag.py:3229} INFO - Sync 1 DAGs
[2024-09-10T01:38:12.927+0800] {logging_mixin.py:190} INFO - [2024-09-10T01:38:12.927+0800] {dag.py:3252} INFO - Creating ORM DAG for example_dynamic_task_mapping
[2024-09-10T01:38:12.927+0800] {logging_mixin.py:190} INFO - [2024-09-10T01:38:12.927+0800] {dag.py:4156} INFO - Setting next_dagrun for example_dynamic_task_mapping to None, run_after=None
[2024-09-10T01:38:12.933+0800] {processor.py:208} INFO - Processing /Users/erniesg/.pyenv/versions/3.12.5/envs/letters_home/lib/python3.12/site-packages/airflow/example_dags/example_dynamic_task_mapping.py took 0.120 seconds
[2024-09-10T01:40:51.178+0800] {processor.py:186} INFO - Started process (PID=58161) to work on /Users/erniesg/.pyenv/versions/3.12.5/envs/letters_home/lib/python3.12/site-packages/airflow/example_dags/example_dynamic_task_mapping.py
[2024-09-10T01:40:51.179+0800] {processor.py:914} INFO - Processing file /Users/erniesg/.pyenv/versions/3.12.5/envs/letters_home/lib/python3.12/site-packages/airflow/example_dags/example_dynamic_task_mapping.py for tasks to queue
[2024-09-10T01:40:51.179+0800] {logging_mixin.py:190} INFO - [2024-09-10T01:40:51.179+0800] {dagbag.py:587} INFO - Filling up the DagBag from /Users/erniesg/.pyenv/versions/3.12.5/envs/letters_home/lib/python3.12/site-packages/airflow/example_dags/example_dynamic_task_mapping.py
[2024-09-10T01:40:51.194+0800] {processor.py:925} INFO - DAG(s) 'example_dynamic_task_mapping' retrieved from /Users/erniesg/.pyenv/versions/3.12.5/envs/letters_home/lib/python3.12/site-packages/airflow/example_dags/example_dynamic_task_mapping.py
[2024-09-10T01:40:51.228+0800] {logging_mixin.py:190} INFO - [2024-09-10T01:40:51.228+0800] {dag.py:3229} INFO - Sync 1 DAGs
[2024-09-10T01:40:51.232+0800] {logging_mixin.py:190} INFO - [2024-09-10T01:40:51.232+0800] {dag.py:4156} INFO - Setting next_dagrun for example_dynamic_task_mapping to None, run_after=None
[2024-09-10T01:40:51.239+0800] {processor.py:208} INFO - Processing /Users/erniesg/.pyenv/versions/3.12.5/envs/letters_home/lib/python3.12/site-packages/airflow/example_dags/example_dynamic_task_mapping.py took 0.061 seconds
[2024-09-10T01:43:37.388+0800] {processor.py:186} INFO - Started process (PID=58718) to work on /Users/erniesg/.pyenv/versions/3.12.5/envs/letters_home/lib/python3.12/site-packages/airflow/example_dags/example_dynamic_task_mapping.py
[2024-09-10T01:43:37.388+0800] {processor.py:914} INFO - Processing file /Users/erniesg/.pyenv/versions/3.12.5/envs/letters_home/lib/python3.12/site-packages/airflow/example_dags/example_dynamic_task_mapping.py for tasks to queue
[2024-09-10T01:43:37.389+0800] {logging_mixin.py:190} INFO - [2024-09-10T01:43:37.389+0800] {dagbag.py:587} INFO - Filling up the DagBag from /Users/erniesg/.pyenv/versions/3.12.5/envs/letters_home/lib/python3.12/site-packages/airflow/example_dags/example_dynamic_task_mapping.py
[2024-09-10T01:43:37.404+0800] {processor.py:925} INFO - DAG(s) 'example_dynamic_task_mapping' retrieved from /Users/erniesg/.pyenv/versions/3.12.5/envs/letters_home/lib/python3.12/site-packages/airflow/example_dags/example_dynamic_task_mapping.py
[2024-09-10T01:43:37.439+0800] {logging_mixin.py:190} INFO - [2024-09-10T01:43:37.439+0800] {dag.py:3229} INFO - Sync 1 DAGs
[2024-09-10T01:43:37.442+0800] {logging_mixin.py:190} INFO - [2024-09-10T01:43:37.442+0800] {dag.py:4156} INFO - Setting next_dagrun for example_dynamic_task_mapping to None, run_after=None
[2024-09-10T01:43:37.449+0800] {processor.py:208} INFO - Processing /Users/erniesg/.pyenv/versions/3.12.5/envs/letters_home/lib/python3.12/site-packages/airflow/example_dags/example_dynamic_task_mapping.py took 0.062 seconds
[2024-09-10T02:00:18.122+0800] {processor.py:186} INFO - Started process (PID=67596) to work on /Users/erniesg/.pyenv/versions/3.12.5/envs/letters_home/lib/python3.12/site-packages/airflow/example_dags/example_dynamic_task_mapping.py
[2024-09-10T02:00:18.122+0800] {processor.py:914} INFO - Processing file /Users/erniesg/.pyenv/versions/3.12.5/envs/letters_home/lib/python3.12/site-packages/airflow/example_dags/example_dynamic_task_mapping.py for tasks to queue
[2024-09-10T02:00:18.123+0800] {logging_mixin.py:190} INFO - [2024-09-10T02:00:18.123+0800] {dagbag.py:587} INFO - Filling up the DagBag from /Users/erniesg/.pyenv/versions/3.12.5/envs/letters_home/lib/python3.12/site-packages/airflow/example_dags/example_dynamic_task_mapping.py
[2024-09-10T02:00:18.140+0800] {processor.py:925} INFO - DAG(s) 'example_dynamic_task_mapping' retrieved from /Users/erniesg/.pyenv/versions/3.12.5/envs/letters_home/lib/python3.12/site-packages/airflow/example_dags/example_dynamic_task_mapping.py
[2024-09-10T02:00:18.178+0800] {logging_mixin.py:190} INFO - [2024-09-10T02:00:18.178+0800] {dag.py:3229} INFO - Sync 1 DAGs
[2024-09-10T02:00:18.182+0800] {logging_mixin.py:190} INFO - [2024-09-10T02:00:18.182+0800] {dag.py:4156} INFO - Setting next_dagrun for example_dynamic_task_mapping to None, run_after=None
[2024-09-10T02:00:18.190+0800] {processor.py:208} INFO - Processing /Users/erniesg/.pyenv/versions/3.12.5/envs/letters_home/lib/python3.12/site-packages/airflow/example_dags/example_dynamic_task_mapping.py took 0.069 seconds
[2024-09-10T02:02:57.936+0800] {processor.py:186} INFO - Started process (PID=68008) to work on /Users/erniesg/.pyenv/versions/3.12.5/envs/letters_home/lib/python3.12/site-packages/airflow/example_dags/example_dynamic_task_mapping.py
[2024-09-10T02:02:57.936+0800] {processor.py:914} INFO - Processing file /Users/erniesg/.pyenv/versions/3.12.5/envs/letters_home/lib/python3.12/site-packages/airflow/example_dags/example_dynamic_task_mapping.py for tasks to queue
[2024-09-10T02:02:57.937+0800] {logging_mixin.py:190} INFO - [2024-09-10T02:02:57.937+0800] {dagbag.py:587} INFO - Filling up the DagBag from /Users/erniesg/.pyenv/versions/3.12.5/envs/letters_home/lib/python3.12/site-packages/airflow/example_dags/example_dynamic_task_mapping.py
[2024-09-10T02:02:57.952+0800] {processor.py:925} INFO - DAG(s) 'example_dynamic_task_mapping' retrieved from /Users/erniesg/.pyenv/versions/3.12.5/envs/letters_home/lib/python3.12/site-packages/airflow/example_dags/example_dynamic_task_mapping.py
[2024-09-10T02:02:58.007+0800] {logging_mixin.py:190} INFO - [2024-09-10T02:02:58.007+0800] {dag.py:3229} INFO - Sync 1 DAGs
[2024-09-10T02:02:58.012+0800] {logging_mixin.py:190} INFO - [2024-09-10T02:02:58.011+0800] {dag.py:4156} INFO - Setting next_dagrun for example_dynamic_task_mapping to None, run_after=None
[2024-09-10T02:02:58.020+0800] {processor.py:208} INFO - Processing /Users/erniesg/.pyenv/versions/3.12.5/envs/letters_home/lib/python3.12/site-packages/airflow/example_dags/example_dynamic_task_mapping.py took 0.085 seconds
[2024-09-10T02:05:58.373+0800] {processor.py:186} INFO - Started process (PID=68217) to work on /Users/erniesg/.pyenv/versions/3.12.5/envs/letters_home/lib/python3.12/site-packages/airflow/example_dags/example_dynamic_task_mapping.py
[2024-09-10T02:05:58.373+0800] {processor.py:914} INFO - Processing file /Users/erniesg/.pyenv/versions/3.12.5/envs/letters_home/lib/python3.12/site-packages/airflow/example_dags/example_dynamic_task_mapping.py for tasks to queue
[2024-09-10T02:05:58.374+0800] {logging_mixin.py:190} INFO - [2024-09-10T02:05:58.374+0800] {dagbag.py:587} INFO - Filling up the DagBag from /Users/erniesg/.pyenv/versions/3.12.5/envs/letters_home/lib/python3.12/site-packages/airflow/example_dags/example_dynamic_task_mapping.py
[2024-09-10T02:05:58.389+0800] {processor.py:925} INFO - DAG(s) 'example_dynamic_task_mapping' retrieved from /Users/erniesg/.pyenv/versions/3.12.5/envs/letters_home/lib/python3.12/site-packages/airflow/example_dags/example_dynamic_task_mapping.py
[2024-09-10T02:05:58.425+0800] {logging_mixin.py:190} INFO - [2024-09-10T02:05:58.425+0800] {dag.py:3229} INFO - Sync 1 DAGs
[2024-09-10T02:05:58.429+0800] {logging_mixin.py:190} INFO - [2024-09-10T02:05:58.429+0800] {dag.py:4156} INFO - Setting next_dagrun for example_dynamic_task_mapping to None, run_after=None
[2024-09-10T02:05:58.435+0800] {processor.py:208} INFO - Processing /Users/erniesg/.pyenv/versions/3.12.5/envs/letters_home/lib/python3.12/site-packages/airflow/example_dags/example_dynamic_task_mapping.py took 0.063 seconds
[2024-09-10T02:08:43.430+0800] {processor.py:186} INFO - Started process (PID=68538) to work on /Users/erniesg/.pyenv/versions/3.12.5/envs/letters_home/lib/python3.12/site-packages/airflow/example_dags/example_dynamic_task_mapping.py
[2024-09-10T02:08:43.430+0800] {processor.py:914} INFO - Processing file /Users/erniesg/.pyenv/versions/3.12.5/envs/letters_home/lib/python3.12/site-packages/airflow/example_dags/example_dynamic_task_mapping.py for tasks to queue
[2024-09-10T02:08:43.430+0800] {logging_mixin.py:190} INFO - [2024-09-10T02:08:43.430+0800] {dagbag.py:587} INFO - Filling up the DagBag from /Users/erniesg/.pyenv/versions/3.12.5/envs/letters_home/lib/python3.12/site-packages/airflow/example_dags/example_dynamic_task_mapping.py
[2024-09-10T02:08:43.445+0800] {processor.py:925} INFO - DAG(s) 'example_dynamic_task_mapping' retrieved from /Users/erniesg/.pyenv/versions/3.12.5/envs/letters_home/lib/python3.12/site-packages/airflow/example_dags/example_dynamic_task_mapping.py
[2024-09-10T02:08:43.485+0800] {logging_mixin.py:190} INFO - [2024-09-10T02:08:43.485+0800] {dag.py:3229} INFO - Sync 1 DAGs
[2024-09-10T02:08:43.490+0800] {logging_mixin.py:190} INFO - [2024-09-10T02:08:43.489+0800] {dag.py:4156} INFO - Setting next_dagrun for example_dynamic_task_mapping to None, run_after=None
[2024-09-10T02:08:43.498+0800] {processor.py:208} INFO - Processing /Users/erniesg/.pyenv/versions/3.12.5/envs/letters_home/lib/python3.12/site-packages/airflow/example_dags/example_dynamic_task_mapping.py took 0.069 seconds
[2024-09-10T02:13:17.383+0800] {processor.py:186} INFO - Started process (PID=69297) to work on /Users/erniesg/.pyenv/versions/3.12.5/envs/letters_home/lib/python3.12/site-packages/airflow/example_dags/example_dynamic_task_mapping.py
[2024-09-10T02:13:17.384+0800] {processor.py:914} INFO - Processing file /Users/erniesg/.pyenv/versions/3.12.5/envs/letters_home/lib/python3.12/site-packages/airflow/example_dags/example_dynamic_task_mapping.py for tasks to queue
[2024-09-10T02:13:17.384+0800] {logging_mixin.py:190} INFO - [2024-09-10T02:13:17.384+0800] {dagbag.py:587} INFO - Filling up the DagBag from /Users/erniesg/.pyenv/versions/3.12.5/envs/letters_home/lib/python3.12/site-packages/airflow/example_dags/example_dynamic_task_mapping.py
[2024-09-10T02:13:17.400+0800] {processor.py:925} INFO - DAG(s) 'example_dynamic_task_mapping' retrieved from /Users/erniesg/.pyenv/versions/3.12.5/envs/letters_home/lib/python3.12/site-packages/airflow/example_dags/example_dynamic_task_mapping.py
[2024-09-10T02:13:17.436+0800] {logging_mixin.py:190} INFO - [2024-09-10T02:13:17.436+0800] {dag.py:3229} INFO - Sync 1 DAGs
[2024-09-10T02:13:17.440+0800] {logging_mixin.py:190} INFO - [2024-09-10T02:13:17.440+0800] {dag.py:4156} INFO - Setting next_dagrun for example_dynamic_task_mapping to None, run_after=None
[2024-09-10T02:13:17.447+0800] {processor.py:208} INFO - Processing /Users/erniesg/.pyenv/versions/3.12.5/envs/letters_home/lib/python3.12/site-packages/airflow/example_dags/example_dynamic_task_mapping.py took 0.064 seconds
[2024-09-10T02:16:39.834+0800] {processor.py:186} INFO - Started process (PID=69758) to work on /Users/erniesg/.pyenv/versions/3.12.5/envs/letters_home/lib/python3.12/site-packages/airflow/example_dags/example_dynamic_task_mapping.py
[2024-09-10T02:16:39.835+0800] {processor.py:914} INFO - Processing file /Users/erniesg/.pyenv/versions/3.12.5/envs/letters_home/lib/python3.12/site-packages/airflow/example_dags/example_dynamic_task_mapping.py for tasks to queue
[2024-09-10T02:16:39.835+0800] {logging_mixin.py:190} INFO - [2024-09-10T02:16:39.835+0800] {dagbag.py:587} INFO - Filling up the DagBag from /Users/erniesg/.pyenv/versions/3.12.5/envs/letters_home/lib/python3.12/site-packages/airflow/example_dags/example_dynamic_task_mapping.py
[2024-09-10T02:16:39.851+0800] {processor.py:925} INFO - DAG(s) 'example_dynamic_task_mapping' retrieved from /Users/erniesg/.pyenv/versions/3.12.5/envs/letters_home/lib/python3.12/site-packages/airflow/example_dags/example_dynamic_task_mapping.py
[2024-09-10T02:16:39.888+0800] {logging_mixin.py:190} INFO - [2024-09-10T02:16:39.887+0800] {dag.py:3229} INFO - Sync 1 DAGs
[2024-09-10T02:16:39.891+0800] {logging_mixin.py:190} INFO - [2024-09-10T02:16:39.891+0800] {dag.py:4156} INFO - Setting next_dagrun for example_dynamic_task_mapping to None, run_after=None
[2024-09-10T02:16:39.899+0800] {processor.py:208} INFO - Processing /Users/erniesg/.pyenv/versions/3.12.5/envs/letters_home/lib/python3.12/site-packages/airflow/example_dags/example_dynamic_task_mapping.py took 0.066 seconds
[2024-09-10T02:19:28.726+0800] {processor.py:186} INFO - Started process (PID=70311) to work on /Users/erniesg/.pyenv/versions/3.12.5/envs/letters_home/lib/python3.12/site-packages/airflow/example_dags/example_dynamic_task_mapping.py
[2024-09-10T02:19:28.727+0800] {processor.py:914} INFO - Processing file /Users/erniesg/.pyenv/versions/3.12.5/envs/letters_home/lib/python3.12/site-packages/airflow/example_dags/example_dynamic_task_mapping.py for tasks to queue
[2024-09-10T02:19:28.727+0800] {logging_mixin.py:190} INFO - [2024-09-10T02:19:28.727+0800] {dagbag.py:587} INFO - Filling up the DagBag from /Users/erniesg/.pyenv/versions/3.12.5/envs/letters_home/lib/python3.12/site-packages/airflow/example_dags/example_dynamic_task_mapping.py
[2024-09-10T02:19:28.744+0800] {processor.py:925} INFO - DAG(s) 'example_dynamic_task_mapping' retrieved from /Users/erniesg/.pyenv/versions/3.12.5/envs/letters_home/lib/python3.12/site-packages/airflow/example_dags/example_dynamic_task_mapping.py
[2024-09-10T02:19:28.781+0800] {logging_mixin.py:190} INFO - [2024-09-10T02:19:28.781+0800] {dag.py:3229} INFO - Sync 1 DAGs
[2024-09-10T02:19:28.785+0800] {logging_mixin.py:190} INFO - [2024-09-10T02:19:28.785+0800] {dag.py:4156} INFO - Setting next_dagrun for example_dynamic_task_mapping to None, run_after=None
[2024-09-10T02:19:28.792+0800] {processor.py:208} INFO - Processing /Users/erniesg/.pyenv/versions/3.12.5/envs/letters_home/lib/python3.12/site-packages/airflow/example_dags/example_dynamic_task_mapping.py took 0.067 seconds
