[2024-09-10T01:38:38.642+0800] {processor.py:186} INFO - Started process (PID=58044) to work on /Users/erniesg/.pyenv/versions/3.12.5/envs/letters_home/lib/python3.12/site-packages/airflow/example_dags/example_bash_operator.py
[2024-09-10T01:38:38.642+0800] {processor.py:914} INFO - Processing file /Users/erniesg/.pyenv/versions/3.12.5/envs/letters_home/lib/python3.12/site-packages/airflow/example_dags/example_bash_operator.py for tasks to queue
[2024-09-10T01:38:38.643+0800] {logging_mixin.py:190} INFO - [2024-09-10T01:38:38.643+0800] {dagbag.py:587} INFO - Filling up the DagBag from /Users/erniesg/.pyenv/versions/3.12.5/envs/letters_home/lib/python3.12/site-packages/airflow/example_dags/example_bash_operator.py
[2024-09-10T01:38:38.648+0800] {processor.py:925} INFO - DAG(s) 'example_bash_operator' retrieved from /Users/erniesg/.pyenv/versions/3.12.5/envs/letters_home/lib/python3.12/site-packages/airflow/example_dags/example_bash_operator.py
[2024-09-10T01:38:38.719+0800] {logging_mixin.py:190} INFO - [2024-09-10T01:38:38.719+0800] {override.py:1900} INFO - Created Permission View: can edit on DAG:example_bash_operator
[2024-09-10T01:38:38.722+0800] {logging_mixin.py:190} INFO - [2024-09-10T01:38:38.722+0800] {override.py:1900} INFO - Created Permission View: can read on DAG:example_bash_operator
[2024-09-10T01:38:38.724+0800] {logging_mixin.py:190} INFO - [2024-09-10T01:38:38.724+0800] {override.py:1900} INFO - Created Permission View: can delete on DAG:example_bash_operator
[2024-09-10T01:38:38.726+0800] {logging_mixin.py:190} INFO - [2024-09-10T01:38:38.726+0800] {override.py:1900} INFO - Created Permission View: menu access on DAG Run:example_bash_operator
[2024-09-10T01:38:38.728+0800] {logging_mixin.py:190} INFO - [2024-09-10T01:38:38.728+0800] {override.py:1900} INFO - Created Permission View: can create on DAG Run:example_bash_operator
[2024-09-10T01:38:38.730+0800] {logging_mixin.py:190} INFO - [2024-09-10T01:38:38.730+0800] {override.py:1900} INFO - Created Permission View: can read on DAG Run:example_bash_operator
[2024-09-10T01:38:38.732+0800] {logging_mixin.py:190} INFO - [2024-09-10T01:38:38.732+0800] {override.py:1900} INFO - Created Permission View: can delete on DAG Run:example_bash_operator
[2024-09-10T01:38:38.732+0800] {logging_mixin.py:190} INFO - [2024-09-10T01:38:38.732+0800] {dag.py:3229} INFO - Sync 1 DAGs
[2024-09-10T01:38:38.736+0800] {logging_mixin.py:190} INFO - [2024-09-10T01:38:38.736+0800] {dag.py:3252} INFO - Creating ORM DAG for example_bash_operator
[2024-09-10T01:38:38.739+0800] {logging_mixin.py:190} INFO - [2024-09-10T01:38:38.739+0800] {dag.py:4156} INFO - Setting next_dagrun for example_bash_operator to 2024-09-08 00:00:00+00:00, run_after=2024-09-09 00:00:00+00:00
[2024-09-10T01:38:38.745+0800] {processor.py:208} INFO - Processing /Users/erniesg/.pyenv/versions/3.12.5/envs/letters_home/lib/python3.12/site-packages/airflow/example_dags/example_bash_operator.py took 0.104 seconds
[2024-09-10T01:41:16.868+0800] {processor.py:186} INFO - Started process (PID=58179) to work on /Users/erniesg/.pyenv/versions/3.12.5/envs/letters_home/lib/python3.12/site-packages/airflow/example_dags/example_bash_operator.py
[2024-09-10T01:41:16.868+0800] {processor.py:914} INFO - Processing file /Users/erniesg/.pyenv/versions/3.12.5/envs/letters_home/lib/python3.12/site-packages/airflow/example_dags/example_bash_operator.py for tasks to queue
[2024-09-10T01:41:16.868+0800] {logging_mixin.py:190} INFO - [2024-09-10T01:41:16.868+0800] {dagbag.py:587} INFO - Filling up the DagBag from /Users/erniesg/.pyenv/versions/3.12.5/envs/letters_home/lib/python3.12/site-packages/airflow/example_dags/example_bash_operator.py
[2024-09-10T01:41:16.873+0800] {processor.py:925} INFO - DAG(s) 'example_bash_operator' retrieved from /Users/erniesg/.pyenv/versions/3.12.5/envs/letters_home/lib/python3.12/site-packages/airflow/example_dags/example_bash_operator.py
[2024-09-10T01:41:16.914+0800] {logging_mixin.py:190} INFO - [2024-09-10T01:41:16.914+0800] {dag.py:3229} INFO - Sync 1 DAGs
[2024-09-10T01:41:16.921+0800] {logging_mixin.py:190} INFO - [2024-09-10T01:41:16.921+0800] {dag.py:4156} INFO - Setting next_dagrun for example_bash_operator to 2024-09-08 00:00:00+00:00, run_after=2024-09-09 00:00:00+00:00
[2024-09-10T01:41:16.928+0800] {processor.py:208} INFO - Processing /Users/erniesg/.pyenv/versions/3.12.5/envs/letters_home/lib/python3.12/site-packages/airflow/example_dags/example_bash_operator.py took 0.061 seconds
[2024-09-10T01:44:01.323+0800] {processor.py:186} INFO - Started process (PID=58731) to work on /Users/erniesg/.pyenv/versions/3.12.5/envs/letters_home/lib/python3.12/site-packages/airflow/example_dags/example_bash_operator.py
[2024-09-10T01:44:01.323+0800] {processor.py:914} INFO - Processing file /Users/erniesg/.pyenv/versions/3.12.5/envs/letters_home/lib/python3.12/site-packages/airflow/example_dags/example_bash_operator.py for tasks to queue
[2024-09-10T01:44:01.324+0800] {logging_mixin.py:190} INFO - [2024-09-10T01:44:01.323+0800] {dagbag.py:587} INFO - Filling up the DagBag from /Users/erniesg/.pyenv/versions/3.12.5/envs/letters_home/lib/python3.12/site-packages/airflow/example_dags/example_bash_operator.py
[2024-09-10T01:44:01.328+0800] {processor.py:925} INFO - DAG(s) 'example_bash_operator' retrieved from /Users/erniesg/.pyenv/versions/3.12.5/envs/letters_home/lib/python3.12/site-packages/airflow/example_dags/example_bash_operator.py
[2024-09-10T01:44:01.365+0800] {logging_mixin.py:190} INFO - [2024-09-10T01:44:01.365+0800] {dag.py:3229} INFO - Sync 1 DAGs
[2024-09-10T01:44:01.372+0800] {logging_mixin.py:190} INFO - [2024-09-10T01:44:01.372+0800] {dag.py:4156} INFO - Setting next_dagrun for example_bash_operator to 2024-09-08 00:00:00+00:00, run_after=2024-09-09 00:00:00+00:00
[2024-09-10T01:44:01.378+0800] {processor.py:208} INFO - Processing /Users/erniesg/.pyenv/versions/3.12.5/envs/letters_home/lib/python3.12/site-packages/airflow/example_dags/example_bash_operator.py took 0.057 seconds
[2024-09-10T02:00:42.836+0800] {processor.py:186} INFO - Started process (PID=67841) to work on /Users/erniesg/.pyenv/versions/3.12.5/envs/letters_home/lib/python3.12/site-packages/airflow/example_dags/example_bash_operator.py
[2024-09-10T02:00:42.837+0800] {processor.py:914} INFO - Processing file /Users/erniesg/.pyenv/versions/3.12.5/envs/letters_home/lib/python3.12/site-packages/airflow/example_dags/example_bash_operator.py for tasks to queue
[2024-09-10T02:00:42.837+0800] {logging_mixin.py:190} INFO - [2024-09-10T02:00:42.837+0800] {dagbag.py:587} INFO - Filling up the DagBag from /Users/erniesg/.pyenv/versions/3.12.5/envs/letters_home/lib/python3.12/site-packages/airflow/example_dags/example_bash_operator.py
[2024-09-10T02:00:42.842+0800] {processor.py:925} INFO - DAG(s) 'example_bash_operator' retrieved from /Users/erniesg/.pyenv/versions/3.12.5/envs/letters_home/lib/python3.12/site-packages/airflow/example_dags/example_bash_operator.py
[2024-09-10T02:00:42.881+0800] {logging_mixin.py:190} INFO - [2024-09-10T02:00:42.881+0800] {dag.py:3229} INFO - Sync 1 DAGs
[2024-09-10T02:00:42.888+0800] {logging_mixin.py:190} INFO - [2024-09-10T02:00:42.888+0800] {dag.py:4156} INFO - Setting next_dagrun for example_bash_operator to 2024-09-08 00:00:00+00:00, run_after=2024-09-09 00:00:00+00:00
[2024-09-10T02:00:42.894+0800] {processor.py:208} INFO - Processing /Users/erniesg/.pyenv/versions/3.12.5/envs/letters_home/lib/python3.12/site-packages/airflow/example_dags/example_bash_operator.py took 0.059 seconds
[2024-09-10T02:03:23.883+0800] {processor.py:186} INFO - Started process (PID=68039) to work on /Users/erniesg/.pyenv/versions/3.12.5/envs/letters_home/lib/python3.12/site-packages/airflow/example_dags/example_bash_operator.py
[2024-09-10T02:03:23.883+0800] {processor.py:914} INFO - Processing file /Users/erniesg/.pyenv/versions/3.12.5/envs/letters_home/lib/python3.12/site-packages/airflow/example_dags/example_bash_operator.py for tasks to queue
[2024-09-10T02:03:23.883+0800] {logging_mixin.py:190} INFO - [2024-09-10T02:03:23.883+0800] {dagbag.py:587} INFO - Filling up the DagBag from /Users/erniesg/.pyenv/versions/3.12.5/envs/letters_home/lib/python3.12/site-packages/airflow/example_dags/example_bash_operator.py
[2024-09-10T02:03:23.888+0800] {processor.py:925} INFO - DAG(s) 'example_bash_operator' retrieved from /Users/erniesg/.pyenv/versions/3.12.5/envs/letters_home/lib/python3.12/site-packages/airflow/example_dags/example_bash_operator.py
[2024-09-10T02:03:23.927+0800] {logging_mixin.py:190} INFO - [2024-09-10T02:03:23.927+0800] {dag.py:3229} INFO - Sync 1 DAGs
[2024-09-10T02:03:23.935+0800] {logging_mixin.py:190} INFO - [2024-09-10T02:03:23.935+0800] {dag.py:4156} INFO - Setting next_dagrun for example_bash_operator to 2024-09-08 00:00:00+00:00, run_after=2024-09-09 00:00:00+00:00
[2024-09-10T02:03:23.943+0800] {processor.py:208} INFO - Processing /Users/erniesg/.pyenv/versions/3.12.5/envs/letters_home/lib/python3.12/site-packages/airflow/example_dags/example_bash_operator.py took 0.061 seconds
[2024-09-10T02:06:23.980+0800] {processor.py:186} INFO - Started process (PID=68244) to work on /Users/erniesg/.pyenv/versions/3.12.5/envs/letters_home/lib/python3.12/site-packages/airflow/example_dags/example_bash_operator.py
[2024-09-10T02:06:23.981+0800] {processor.py:914} INFO - Processing file /Users/erniesg/.pyenv/versions/3.12.5/envs/letters_home/lib/python3.12/site-packages/airflow/example_dags/example_bash_operator.py for tasks to queue
[2024-09-10T02:06:23.981+0800] {logging_mixin.py:190} INFO - [2024-09-10T02:06:23.981+0800] {dagbag.py:587} INFO - Filling up the DagBag from /Users/erniesg/.pyenv/versions/3.12.5/envs/letters_home/lib/python3.12/site-packages/airflow/example_dags/example_bash_operator.py
[2024-09-10T02:06:23.986+0800] {processor.py:925} INFO - DAG(s) 'example_bash_operator' retrieved from /Users/erniesg/.pyenv/versions/3.12.5/envs/letters_home/lib/python3.12/site-packages/airflow/example_dags/example_bash_operator.py
[2024-09-10T02:06:24.028+0800] {logging_mixin.py:190} INFO - [2024-09-10T02:06:24.027+0800] {dag.py:3229} INFO - Sync 1 DAGs
[2024-09-10T02:06:24.035+0800] {logging_mixin.py:190} INFO - [2024-09-10T02:06:24.035+0800] {dag.py:4156} INFO - Setting next_dagrun for example_bash_operator to 2024-09-08 00:00:00+00:00, run_after=2024-09-09 00:00:00+00:00
[2024-09-10T02:06:24.043+0800] {processor.py:208} INFO - Processing /Users/erniesg/.pyenv/versions/3.12.5/envs/letters_home/lib/python3.12/site-packages/airflow/example_dags/example_bash_operator.py took 0.064 seconds
[2024-09-10T02:09:10.025+0800] {processor.py:186} INFO - Started process (PID=68567) to work on /Users/erniesg/.pyenv/versions/3.12.5/envs/letters_home/lib/python3.12/site-packages/airflow/example_dags/example_bash_operator.py
[2024-09-10T02:09:10.025+0800] {processor.py:914} INFO - Processing file /Users/erniesg/.pyenv/versions/3.12.5/envs/letters_home/lib/python3.12/site-packages/airflow/example_dags/example_bash_operator.py for tasks to queue
[2024-09-10T02:09:10.026+0800] {logging_mixin.py:190} INFO - [2024-09-10T02:09:10.026+0800] {dagbag.py:587} INFO - Filling up the DagBag from /Users/erniesg/.pyenv/versions/3.12.5/envs/letters_home/lib/python3.12/site-packages/airflow/example_dags/example_bash_operator.py
[2024-09-10T02:09:10.031+0800] {processor.py:925} INFO - DAG(s) 'example_bash_operator' retrieved from /Users/erniesg/.pyenv/versions/3.12.5/envs/letters_home/lib/python3.12/site-packages/airflow/example_dags/example_bash_operator.py
[2024-09-10T02:09:10.072+0800] {logging_mixin.py:190} INFO - [2024-09-10T02:09:10.072+0800] {dag.py:3229} INFO - Sync 1 DAGs
[2024-09-10T02:09:10.080+0800] {logging_mixin.py:190} INFO - [2024-09-10T02:09:10.080+0800] {dag.py:4156} INFO - Setting next_dagrun for example_bash_operator to 2024-09-08 00:00:00+00:00, run_after=2024-09-09 00:00:00+00:00
[2024-09-10T02:09:10.087+0800] {processor.py:208} INFO - Processing /Users/erniesg/.pyenv/versions/3.12.5/envs/letters_home/lib/python3.12/site-packages/airflow/example_dags/example_bash_operator.py took 0.064 seconds
[2024-09-10T02:13:43.645+0800] {processor.py:186} INFO - Started process (PID=69320) to work on /Users/erniesg/.pyenv/versions/3.12.5/envs/letters_home/lib/python3.12/site-packages/airflow/example_dags/example_bash_operator.py
[2024-09-10T02:13:43.645+0800] {processor.py:914} INFO - Processing file /Users/erniesg/.pyenv/versions/3.12.5/envs/letters_home/lib/python3.12/site-packages/airflow/example_dags/example_bash_operator.py for tasks to queue
[2024-09-10T02:13:43.645+0800] {logging_mixin.py:190} INFO - [2024-09-10T02:13:43.645+0800] {dagbag.py:587} INFO - Filling up the DagBag from /Users/erniesg/.pyenv/versions/3.12.5/envs/letters_home/lib/python3.12/site-packages/airflow/example_dags/example_bash_operator.py
[2024-09-10T02:13:43.651+0800] {processor.py:925} INFO - DAG(s) 'example_bash_operator' retrieved from /Users/erniesg/.pyenv/versions/3.12.5/envs/letters_home/lib/python3.12/site-packages/airflow/example_dags/example_bash_operator.py
[2024-09-10T02:13:43.705+0800] {logging_mixin.py:190} INFO - [2024-09-10T02:13:43.705+0800] {dag.py:3229} INFO - Sync 1 DAGs
[2024-09-10T02:13:43.712+0800] {logging_mixin.py:190} INFO - [2024-09-10T02:13:43.712+0800] {dag.py:4156} INFO - Setting next_dagrun for example_bash_operator to 2024-09-08 00:00:00+00:00, run_after=2024-09-09 00:00:00+00:00
[2024-09-10T02:13:43.720+0800] {processor.py:208} INFO - Processing /Users/erniesg/.pyenv/versions/3.12.5/envs/letters_home/lib/python3.12/site-packages/airflow/example_dags/example_bash_operator.py took 0.077 seconds
[2024-09-10T02:17:05.656+0800] {processor.py:186} INFO - Started process (PID=69784) to work on /Users/erniesg/.pyenv/versions/3.12.5/envs/letters_home/lib/python3.12/site-packages/airflow/example_dags/example_bash_operator.py
[2024-09-10T02:17:05.656+0800] {processor.py:914} INFO - Processing file /Users/erniesg/.pyenv/versions/3.12.5/envs/letters_home/lib/python3.12/site-packages/airflow/example_dags/example_bash_operator.py for tasks to queue
[2024-09-10T02:17:05.657+0800] {logging_mixin.py:190} INFO - [2024-09-10T02:17:05.657+0800] {dagbag.py:587} INFO - Filling up the DagBag from /Users/erniesg/.pyenv/versions/3.12.5/envs/letters_home/lib/python3.12/site-packages/airflow/example_dags/example_bash_operator.py
[2024-09-10T02:17:05.662+0800] {processor.py:925} INFO - DAG(s) 'example_bash_operator' retrieved from /Users/erniesg/.pyenv/versions/3.12.5/envs/letters_home/lib/python3.12/site-packages/airflow/example_dags/example_bash_operator.py
[2024-09-10T02:17:05.703+0800] {logging_mixin.py:190} INFO - [2024-09-10T02:17:05.703+0800] {dag.py:3229} INFO - Sync 1 DAGs
[2024-09-10T02:17:05.711+0800] {logging_mixin.py:190} INFO - [2024-09-10T02:17:05.711+0800] {dag.py:4156} INFO - Setting next_dagrun for example_bash_operator to 2024-09-08 00:00:00+00:00, run_after=2024-09-09 00:00:00+00:00
[2024-09-10T02:17:05.718+0800] {processor.py:208} INFO - Processing /Users/erniesg/.pyenv/versions/3.12.5/envs/letters_home/lib/python3.12/site-packages/airflow/example_dags/example_bash_operator.py took 0.063 seconds
[2024-09-10T02:19:54.763+0800] {processor.py:186} INFO - Started process (PID=70326) to work on /Users/erniesg/.pyenv/versions/3.12.5/envs/letters_home/lib/python3.12/site-packages/airflow/example_dags/example_bash_operator.py
[2024-09-10T02:19:54.763+0800] {processor.py:914} INFO - Processing file /Users/erniesg/.pyenv/versions/3.12.5/envs/letters_home/lib/python3.12/site-packages/airflow/example_dags/example_bash_operator.py for tasks to queue
[2024-09-10T02:19:54.764+0800] {logging_mixin.py:190} INFO - [2024-09-10T02:19:54.763+0800] {dagbag.py:587} INFO - Filling up the DagBag from /Users/erniesg/.pyenv/versions/3.12.5/envs/letters_home/lib/python3.12/site-packages/airflow/example_dags/example_bash_operator.py
[2024-09-10T02:19:54.769+0800] {processor.py:925} INFO - DAG(s) 'example_bash_operator' retrieved from /Users/erniesg/.pyenv/versions/3.12.5/envs/letters_home/lib/python3.12/site-packages/airflow/example_dags/example_bash_operator.py
[2024-09-10T02:19:54.813+0800] {logging_mixin.py:190} INFO - [2024-09-10T02:19:54.813+0800] {dag.py:3229} INFO - Sync 1 DAGs
[2024-09-10T02:19:54.822+0800] {logging_mixin.py:190} INFO - [2024-09-10T02:19:54.822+0800] {dag.py:4156} INFO - Setting next_dagrun for example_bash_operator to 2024-09-08 00:00:00+00:00, run_after=2024-09-09 00:00:00+00:00
[2024-09-10T02:19:54.830+0800] {processor.py:208} INFO - Processing /Users/erniesg/.pyenv/versions/3.12.5/envs/letters_home/lib/python3.12/site-packages/airflow/example_dags/example_bash_operator.py took 0.069 seconds
