[2024-09-10T01:37:26.948+0800] {processor.py:186} INFO - Started process (PID=57534) to work on /Users/erniesg/.pyenv/versions/3.12.5/envs/letters_home/lib/python3.12/site-packages/airflow/example_dags/example_task_group.py
[2024-09-10T01:37:26.949+0800] {processor.py:914} INFO - Processing file /Users/erniesg/.pyenv/versions/3.12.5/envs/letters_home/lib/python3.12/site-packages/airflow/example_dags/example_task_group.py for tasks to queue
[2024-09-10T01:37:26.949+0800] {logging_mixin.py:190} INFO - [2024-09-10T01:37:26.949+0800] {dagbag.py:587} INFO - Filling up the DagBag from /Users/erniesg/.pyenv/versions/3.12.5/envs/letters_home/lib/python3.12/site-packages/airflow/example_dags/example_task_group.py
[2024-09-10T01:37:26.953+0800] {processor.py:925} INFO - DAG(s) 'example_task_group' retrieved from /Users/erniesg/.pyenv/versions/3.12.5/envs/letters_home/lib/python3.12/site-packages/airflow/example_dags/example_task_group.py
[2024-09-10T01:37:27.027+0800] {logging_mixin.py:190} INFO - [2024-09-10T01:37:27.027+0800] {override.py:1900} INFO - Created Permission View: can edit on DAG:example_task_group
[2024-09-10T01:37:27.030+0800] {logging_mixin.py:190} INFO - [2024-09-10T01:37:27.030+0800] {override.py:1900} INFO - Created Permission View: can read on DAG:example_task_group
[2024-09-10T01:37:27.032+0800] {logging_mixin.py:190} INFO - [2024-09-10T01:37:27.032+0800] {override.py:1900} INFO - Created Permission View: can delete on DAG:example_task_group
[2024-09-10T01:37:27.035+0800] {logging_mixin.py:190} INFO - [2024-09-10T01:37:27.035+0800] {override.py:1900} INFO - Created Permission View: can read on DAG Run:example_task_group
[2024-09-10T01:37:27.037+0800] {logging_mixin.py:190} INFO - [2024-09-10T01:37:27.037+0800] {override.py:1900} INFO - Created Permission View: menu access on DAG Run:example_task_group
[2024-09-10T01:37:27.039+0800] {logging_mixin.py:190} INFO - [2024-09-10T01:37:27.039+0800] {override.py:1900} INFO - Created Permission View: can create on DAG Run:example_task_group
[2024-09-10T01:37:27.041+0800] {logging_mixin.py:190} INFO - [2024-09-10T01:37:27.041+0800] {override.py:1900} INFO - Created Permission View: can delete on DAG Run:example_task_group
[2024-09-10T01:37:27.041+0800] {logging_mixin.py:190} INFO - [2024-09-10T01:37:27.041+0800] {dag.py:3229} INFO - Sync 1 DAGs
[2024-09-10T01:37:27.045+0800] {logging_mixin.py:190} INFO - [2024-09-10T01:37:27.045+0800] {dag.py:3252} INFO - Creating ORM DAG for example_task_group
[2024-09-10T01:37:27.045+0800] {logging_mixin.py:190} INFO - [2024-09-10T01:37:27.045+0800] {dag.py:4156} INFO - Setting next_dagrun for example_task_group to None, run_after=None
[2024-09-10T01:37:27.051+0800] {processor.py:208} INFO - Processing /Users/erniesg/.pyenv/versions/3.12.5/envs/letters_home/lib/python3.12/site-packages/airflow/example_dags/example_task_group.py took 0.103 seconds
[2024-09-10T01:39:16.478+0800] {processor.py:186} INFO - Started process (PID=58068) to work on /Users/erniesg/.pyenv/versions/3.12.5/envs/letters_home/lib/python3.12/site-packages/airflow/example_dags/example_task_group.py
[2024-09-10T01:39:16.478+0800] {processor.py:914} INFO - Processing file /Users/erniesg/.pyenv/versions/3.12.5/envs/letters_home/lib/python3.12/site-packages/airflow/example_dags/example_task_group.py for tasks to queue
[2024-09-10T01:39:16.478+0800] {logging_mixin.py:190} INFO - [2024-09-10T01:39:16.478+0800] {dagbag.py:587} INFO - Filling up the DagBag from /Users/erniesg/.pyenv/versions/3.12.5/envs/letters_home/lib/python3.12/site-packages/airflow/example_dags/example_task_group.py
[2024-09-10T01:39:16.482+0800] {processor.py:925} INFO - DAG(s) 'example_task_group' retrieved from /Users/erniesg/.pyenv/versions/3.12.5/envs/letters_home/lib/python3.12/site-packages/airflow/example_dags/example_task_group.py
[2024-09-10T01:39:16.518+0800] {logging_mixin.py:190} INFO - [2024-09-10T01:39:16.518+0800] {dag.py:3229} INFO - Sync 1 DAGs
[2024-09-10T01:39:16.522+0800] {logging_mixin.py:190} INFO - [2024-09-10T01:39:16.522+0800] {dag.py:4156} INFO - Setting next_dagrun for example_task_group to None, run_after=None
[2024-09-10T01:39:16.529+0800] {processor.py:208} INFO - Processing /Users/erniesg/.pyenv/versions/3.12.5/envs/letters_home/lib/python3.12/site-packages/airflow/example_dags/example_task_group.py took 0.053 seconds
[2024-09-10T01:40:37.420+0800] {processor.py:186} INFO - Started process (PID=58152) to work on /Users/erniesg/.pyenv/versions/3.12.5/envs/letters_home/lib/python3.12/site-packages/airflow/example_dags/example_task_group.py
[2024-09-10T01:40:37.421+0800] {processor.py:914} INFO - Processing file /Users/erniesg/.pyenv/versions/3.12.5/envs/letters_home/lib/python3.12/site-packages/airflow/example_dags/example_task_group.py for tasks to queue
[2024-09-10T01:40:37.421+0800] {logging_mixin.py:190} INFO - [2024-09-10T01:40:37.421+0800] {dagbag.py:587} INFO - Filling up the DagBag from /Users/erniesg/.pyenv/versions/3.12.5/envs/letters_home/lib/python3.12/site-packages/airflow/example_dags/example_task_group.py
[2024-09-10T01:40:37.424+0800] {processor.py:925} INFO - DAG(s) 'example_task_group' retrieved from /Users/erniesg/.pyenv/versions/3.12.5/envs/letters_home/lib/python3.12/site-packages/airflow/example_dags/example_task_group.py
[2024-09-10T01:40:37.461+0800] {logging_mixin.py:190} INFO - [2024-09-10T01:40:37.461+0800] {dag.py:3229} INFO - Sync 1 DAGs
[2024-09-10T01:40:37.465+0800] {logging_mixin.py:190} INFO - [2024-09-10T01:40:37.465+0800] {dag.py:4156} INFO - Setting next_dagrun for example_task_group to None, run_after=None
[2024-09-10T01:40:37.471+0800] {processor.py:208} INFO - Processing /Users/erniesg/.pyenv/versions/3.12.5/envs/letters_home/lib/python3.12/site-packages/airflow/example_dags/example_task_group.py took 0.052 seconds
[2024-09-10T01:41:55.844+0800] {processor.py:186} INFO - Started process (PID=58213) to work on /Users/erniesg/.pyenv/versions/3.12.5/envs/letters_home/lib/python3.12/site-packages/airflow/example_dags/example_task_group.py
[2024-09-10T01:41:55.845+0800] {processor.py:914} INFO - Processing file /Users/erniesg/.pyenv/versions/3.12.5/envs/letters_home/lib/python3.12/site-packages/airflow/example_dags/example_task_group.py for tasks to queue
[2024-09-10T01:41:55.845+0800] {logging_mixin.py:190} INFO - [2024-09-10T01:41:55.845+0800] {dagbag.py:587} INFO - Filling up the DagBag from /Users/erniesg/.pyenv/versions/3.12.5/envs/letters_home/lib/python3.12/site-packages/airflow/example_dags/example_task_group.py
[2024-09-10T01:41:55.849+0800] {processor.py:925} INFO - DAG(s) 'example_task_group' retrieved from /Users/erniesg/.pyenv/versions/3.12.5/envs/letters_home/lib/python3.12/site-packages/airflow/example_dags/example_task_group.py
[2024-09-10T01:41:55.884+0800] {logging_mixin.py:190} INFO - [2024-09-10T01:41:55.884+0800] {dag.py:3229} INFO - Sync 1 DAGs
[2024-09-10T01:41:55.888+0800] {logging_mixin.py:190} INFO - [2024-09-10T01:41:55.888+0800] {dag.py:4156} INFO - Setting next_dagrun for example_task_group to None, run_after=None
[2024-09-10T01:41:55.895+0800] {processor.py:208} INFO - Processing /Users/erniesg/.pyenv/versions/3.12.5/envs/letters_home/lib/python3.12/site-packages/airflow/example_dags/example_task_group.py took 0.052 seconds
[2024-09-10T01:43:19.992+0800] {processor.py:186} INFO - Started process (PID=58704) to work on /Users/erniesg/.pyenv/versions/3.12.5/envs/letters_home/lib/python3.12/site-packages/airflow/example_dags/example_task_group.py
[2024-09-10T01:43:19.992+0800] {processor.py:914} INFO - Processing file /Users/erniesg/.pyenv/versions/3.12.5/envs/letters_home/lib/python3.12/site-packages/airflow/example_dags/example_task_group.py for tasks to queue
[2024-09-10T01:43:19.993+0800] {logging_mixin.py:190} INFO - [2024-09-10T01:43:19.993+0800] {dagbag.py:587} INFO - Filling up the DagBag from /Users/erniesg/.pyenv/versions/3.12.5/envs/letters_home/lib/python3.12/site-packages/airflow/example_dags/example_task_group.py
[2024-09-10T01:43:19.997+0800] {processor.py:925} INFO - DAG(s) 'example_task_group' retrieved from /Users/erniesg/.pyenv/versions/3.12.5/envs/letters_home/lib/python3.12/site-packages/airflow/example_dags/example_task_group.py
[2024-09-10T01:43:20.034+0800] {logging_mixin.py:190} INFO - [2024-09-10T01:43:20.034+0800] {dag.py:3229} INFO - Sync 1 DAGs
[2024-09-10T01:43:20.038+0800] {logging_mixin.py:190} INFO - [2024-09-10T01:43:20.038+0800] {dag.py:4156} INFO - Setting next_dagrun for example_task_group to None, run_after=None
[2024-09-10T01:43:20.045+0800] {processor.py:208} INFO - Processing /Users/erniesg/.pyenv/versions/3.12.5/envs/letters_home/lib/python3.12/site-packages/airflow/example_dags/example_task_group.py took 0.054 seconds
[2024-09-10T01:58:58.356+0800] {processor.py:186} INFO - Started process (PID=67464) to work on /Users/erniesg/.pyenv/versions/3.12.5/envs/letters_home/lib/python3.12/site-packages/airflow/example_dags/example_task_group.py
[2024-09-10T01:58:58.357+0800] {processor.py:914} INFO - Processing file /Users/erniesg/.pyenv/versions/3.12.5/envs/letters_home/lib/python3.12/site-packages/airflow/example_dags/example_task_group.py for tasks to queue
[2024-09-10T01:58:58.357+0800] {logging_mixin.py:190} INFO - [2024-09-10T01:58:58.357+0800] {dagbag.py:587} INFO - Filling up the DagBag from /Users/erniesg/.pyenv/versions/3.12.5/envs/letters_home/lib/python3.12/site-packages/airflow/example_dags/example_task_group.py
[2024-09-10T01:58:58.360+0800] {processor.py:925} INFO - DAG(s) 'example_task_group' retrieved from /Users/erniesg/.pyenv/versions/3.12.5/envs/letters_home/lib/python3.12/site-packages/airflow/example_dags/example_task_group.py
[2024-09-10T01:58:58.396+0800] {logging_mixin.py:190} INFO - [2024-09-10T01:58:58.396+0800] {dag.py:3229} INFO - Sync 1 DAGs
[2024-09-10T01:58:58.401+0800] {logging_mixin.py:190} INFO - [2024-09-10T01:58:58.401+0800] {dag.py:4156} INFO - Setting next_dagrun for example_task_group to None, run_after=None
[2024-09-10T01:58:58.407+0800] {processor.py:208} INFO - Processing /Users/erniesg/.pyenv/versions/3.12.5/envs/letters_home/lib/python3.12/site-packages/airflow/example_dags/example_task_group.py took 0.052 seconds
[2024-09-10T02:01:22.539+0800] {processor.py:186} INFO - Started process (PID=67897) to work on /Users/erniesg/.pyenv/versions/3.12.5/envs/letters_home/lib/python3.12/site-packages/airflow/example_dags/example_task_group.py
[2024-09-10T02:01:22.540+0800] {processor.py:914} INFO - Processing file /Users/erniesg/.pyenv/versions/3.12.5/envs/letters_home/lib/python3.12/site-packages/airflow/example_dags/example_task_group.py for tasks to queue
[2024-09-10T02:01:22.540+0800] {logging_mixin.py:190} INFO - [2024-09-10T02:01:22.540+0800] {dagbag.py:587} INFO - Filling up the DagBag from /Users/erniesg/.pyenv/versions/3.12.5/envs/letters_home/lib/python3.12/site-packages/airflow/example_dags/example_task_group.py
[2024-09-10T02:01:22.544+0800] {processor.py:925} INFO - DAG(s) 'example_task_group' retrieved from /Users/erniesg/.pyenv/versions/3.12.5/envs/letters_home/lib/python3.12/site-packages/airflow/example_dags/example_task_group.py
[2024-09-10T02:01:22.597+0800] {logging_mixin.py:190} INFO - [2024-09-10T02:01:22.597+0800] {dag.py:3229} INFO - Sync 1 DAGs
[2024-09-10T02:01:22.602+0800] {logging_mixin.py:190} INFO - [2024-09-10T02:01:22.602+0800] {dag.py:4156} INFO - Setting next_dagrun for example_task_group to None, run_after=None
[2024-09-10T02:01:22.610+0800] {processor.py:208} INFO - Processing /Users/erniesg/.pyenv/versions/3.12.5/envs/letters_home/lib/python3.12/site-packages/airflow/example_dags/example_task_group.py took 0.072 seconds
[2024-09-10T02:02:41.679+0800] {processor.py:186} INFO - Started process (PID=67978) to work on /Users/erniesg/.pyenv/versions/3.12.5/envs/letters_home/lib/python3.12/site-packages/airflow/example_dags/example_task_group.py
[2024-09-10T02:02:41.679+0800] {processor.py:914} INFO - Processing file /Users/erniesg/.pyenv/versions/3.12.5/envs/letters_home/lib/python3.12/site-packages/airflow/example_dags/example_task_group.py for tasks to queue
[2024-09-10T02:02:41.680+0800] {logging_mixin.py:190} INFO - [2024-09-10T02:02:41.679+0800] {dagbag.py:587} INFO - Filling up the DagBag from /Users/erniesg/.pyenv/versions/3.12.5/envs/letters_home/lib/python3.12/site-packages/airflow/example_dags/example_task_group.py
[2024-09-10T02:02:41.684+0800] {processor.py:925} INFO - DAG(s) 'example_task_group' retrieved from /Users/erniesg/.pyenv/versions/3.12.5/envs/letters_home/lib/python3.12/site-packages/airflow/example_dags/example_task_group.py
[2024-09-10T02:02:41.722+0800] {logging_mixin.py:190} INFO - [2024-09-10T02:02:41.722+0800] {dag.py:3229} INFO - Sync 1 DAGs
[2024-09-10T02:02:41.727+0800] {logging_mixin.py:190} INFO - [2024-09-10T02:02:41.726+0800] {dag.py:4156} INFO - Setting next_dagrun for example_task_group to None, run_after=None
[2024-09-10T02:02:41.733+0800] {processor.py:208} INFO - Processing /Users/erniesg/.pyenv/versions/3.12.5/envs/letters_home/lib/python3.12/site-packages/airflow/example_dags/example_task_group.py took 0.056 seconds
[2024-09-10T02:04:03.856+0800] {processor.py:186} INFO - Started process (PID=68085) to work on /Users/erniesg/.pyenv/versions/3.12.5/envs/letters_home/lib/python3.12/site-packages/airflow/example_dags/example_task_group.py
[2024-09-10T02:04:03.856+0800] {processor.py:914} INFO - Processing file /Users/erniesg/.pyenv/versions/3.12.5/envs/letters_home/lib/python3.12/site-packages/airflow/example_dags/example_task_group.py for tasks to queue
[2024-09-10T02:04:03.856+0800] {logging_mixin.py:190} INFO - [2024-09-10T02:04:03.856+0800] {dagbag.py:587} INFO - Filling up the DagBag from /Users/erniesg/.pyenv/versions/3.12.5/envs/letters_home/lib/python3.12/site-packages/airflow/example_dags/example_task_group.py
[2024-09-10T02:04:03.860+0800] {processor.py:925} INFO - DAG(s) 'example_task_group' retrieved from /Users/erniesg/.pyenv/versions/3.12.5/envs/letters_home/lib/python3.12/site-packages/airflow/example_dags/example_task_group.py
[2024-09-10T02:04:03.899+0800] {logging_mixin.py:190} INFO - [2024-09-10T02:04:03.899+0800] {dag.py:3229} INFO - Sync 1 DAGs
[2024-09-10T02:04:03.903+0800] {logging_mixin.py:190} INFO - [2024-09-10T02:04:03.903+0800] {dag.py:4156} INFO - Setting next_dagrun for example_task_group to None, run_after=None
[2024-09-10T02:04:03.911+0800] {processor.py:208} INFO - Processing /Users/erniesg/.pyenv/versions/3.12.5/envs/letters_home/lib/python3.12/site-packages/airflow/example_dags/example_task_group.py took 0.056 seconds
[2024-09-10T02:05:39.961+0800] {processor.py:186} INFO - Started process (PID=68202) to work on /Users/erniesg/.pyenv/versions/3.12.5/envs/letters_home/lib/python3.12/site-packages/airflow/example_dags/example_task_group.py
[2024-09-10T02:05:39.962+0800] {processor.py:914} INFO - Processing file /Users/erniesg/.pyenv/versions/3.12.5/envs/letters_home/lib/python3.12/site-packages/airflow/example_dags/example_task_group.py for tasks to queue
[2024-09-10T02:05:39.962+0800] {logging_mixin.py:190} INFO - [2024-09-10T02:05:39.962+0800] {dagbag.py:587} INFO - Filling up the DagBag from /Users/erniesg/.pyenv/versions/3.12.5/envs/letters_home/lib/python3.12/site-packages/airflow/example_dags/example_task_group.py
[2024-09-10T02:05:39.966+0800] {processor.py:925} INFO - DAG(s) 'example_task_group' retrieved from /Users/erniesg/.pyenv/versions/3.12.5/envs/letters_home/lib/python3.12/site-packages/airflow/example_dags/example_task_group.py
[2024-09-10T02:05:40.001+0800] {logging_mixin.py:190} INFO - [2024-09-10T02:05:40.001+0800] {dag.py:3229} INFO - Sync 1 DAGs
[2024-09-10T02:05:40.006+0800] {logging_mixin.py:190} INFO - [2024-09-10T02:05:40.005+0800] {dag.py:4156} INFO - Setting next_dagrun for example_task_group to None, run_after=None
[2024-09-10T02:05:40.012+0800] {processor.py:208} INFO - Processing /Users/erniesg/.pyenv/versions/3.12.5/envs/letters_home/lib/python3.12/site-packages/airflow/example_dags/example_task_group.py took 0.052 seconds
[2024-09-10T02:07:03.634+0800] {processor.py:186} INFO - Started process (PID=68384) to work on /Users/erniesg/.pyenv/versions/3.12.5/envs/letters_home/lib/python3.12/site-packages/airflow/example_dags/example_task_group.py
[2024-09-10T02:07:03.634+0800] {processor.py:914} INFO - Processing file /Users/erniesg/.pyenv/versions/3.12.5/envs/letters_home/lib/python3.12/site-packages/airflow/example_dags/example_task_group.py for tasks to queue
[2024-09-10T02:07:03.634+0800] {logging_mixin.py:190} INFO - [2024-09-10T02:07:03.634+0800] {dagbag.py:587} INFO - Filling up the DagBag from /Users/erniesg/.pyenv/versions/3.12.5/envs/letters_home/lib/python3.12/site-packages/airflow/example_dags/example_task_group.py
[2024-09-10T02:07:03.638+0800] {processor.py:925} INFO - DAG(s) 'example_task_group' retrieved from /Users/erniesg/.pyenv/versions/3.12.5/envs/letters_home/lib/python3.12/site-packages/airflow/example_dags/example_task_group.py
[2024-09-10T02:07:03.673+0800] {logging_mixin.py:190} INFO - [2024-09-10T02:07:03.673+0800] {dag.py:3229} INFO - Sync 1 DAGs
[2024-09-10T02:07:03.677+0800] {logging_mixin.py:190} INFO - [2024-09-10T02:07:03.677+0800] {dag.py:4156} INFO - Setting next_dagrun for example_task_group to None, run_after=None
[2024-09-10T02:07:03.684+0800] {processor.py:208} INFO - Processing /Users/erniesg/.pyenv/versions/3.12.5/envs/letters_home/lib/python3.12/site-packages/airflow/example_dags/example_task_group.py took 0.051 seconds
[2024-09-10T02:08:26.046+0800] {processor.py:186} INFO - Started process (PID=68488) to work on /Users/erniesg/.pyenv/versions/3.12.5/envs/letters_home/lib/python3.12/site-packages/airflow/example_dags/example_task_group.py
[2024-09-10T02:08:26.047+0800] {processor.py:914} INFO - Processing file /Users/erniesg/.pyenv/versions/3.12.5/envs/letters_home/lib/python3.12/site-packages/airflow/example_dags/example_task_group.py for tasks to queue
[2024-09-10T02:08:26.047+0800] {logging_mixin.py:190} INFO - [2024-09-10T02:08:26.047+0800] {dagbag.py:587} INFO - Filling up the DagBag from /Users/erniesg/.pyenv/versions/3.12.5/envs/letters_home/lib/python3.12/site-packages/airflow/example_dags/example_task_group.py
[2024-09-10T02:08:26.051+0800] {processor.py:925} INFO - DAG(s) 'example_task_group' retrieved from /Users/erniesg/.pyenv/versions/3.12.5/envs/letters_home/lib/python3.12/site-packages/airflow/example_dags/example_task_group.py
[2024-09-10T02:08:26.088+0800] {logging_mixin.py:190} INFO - [2024-09-10T02:08:26.088+0800] {dag.py:3229} INFO - Sync 1 DAGs
[2024-09-10T02:08:26.092+0800] {logging_mixin.py:190} INFO - [2024-09-10T02:08:26.092+0800] {dag.py:4156} INFO - Setting next_dagrun for example_task_group to None, run_after=None
[2024-09-10T02:08:26.099+0800] {processor.py:208} INFO - Processing /Users/erniesg/.pyenv/versions/3.12.5/envs/letters_home/lib/python3.12/site-packages/airflow/example_dags/example_task_group.py took 0.054 seconds
[2024-09-10T02:09:49.602+0800] {processor.py:186} INFO - Started process (PID=68595) to work on /Users/erniesg/.pyenv/versions/3.12.5/envs/letters_home/lib/python3.12/site-packages/airflow/example_dags/example_task_group.py
[2024-09-10T02:09:49.603+0800] {processor.py:914} INFO - Processing file /Users/erniesg/.pyenv/versions/3.12.5/envs/letters_home/lib/python3.12/site-packages/airflow/example_dags/example_task_group.py for tasks to queue
[2024-09-10T02:09:49.603+0800] {logging_mixin.py:190} INFO - [2024-09-10T02:09:49.603+0800] {dagbag.py:587} INFO - Filling up the DagBag from /Users/erniesg/.pyenv/versions/3.12.5/envs/letters_home/lib/python3.12/site-packages/airflow/example_dags/example_task_group.py
[2024-09-10T02:09:49.607+0800] {processor.py:925} INFO - DAG(s) 'example_task_group' retrieved from /Users/erniesg/.pyenv/versions/3.12.5/envs/letters_home/lib/python3.12/site-packages/airflow/example_dags/example_task_group.py
[2024-09-10T02:09:49.643+0800] {logging_mixin.py:190} INFO - [2024-09-10T02:09:49.643+0800] {dag.py:3229} INFO - Sync 1 DAGs
[2024-09-10T02:09:49.647+0800] {logging_mixin.py:190} INFO - [2024-09-10T02:09:49.647+0800] {dag.py:4156} INFO - Setting next_dagrun for example_task_group to None, run_after=None
[2024-09-10T02:09:49.654+0800] {processor.py:208} INFO - Processing /Users/erniesg/.pyenv/versions/3.12.5/envs/letters_home/lib/python3.12/site-packages/airflow/example_dags/example_task_group.py took 0.053 seconds
[2024-09-10T02:11:38.151+0800] {processor.py:186} INFO - Started process (PID=68946) to work on /Users/erniesg/.pyenv/versions/3.12.5/envs/letters_home/lib/python3.12/site-packages/airflow/example_dags/example_task_group.py
[2024-09-10T02:11:38.151+0800] {processor.py:914} INFO - Processing file /Users/erniesg/.pyenv/versions/3.12.5/envs/letters_home/lib/python3.12/site-packages/airflow/example_dags/example_task_group.py for tasks to queue
[2024-09-10T02:11:38.152+0800] {logging_mixin.py:190} INFO - [2024-09-10T02:11:38.151+0800] {dagbag.py:587} INFO - Filling up the DagBag from /Users/erniesg/.pyenv/versions/3.12.5/envs/letters_home/lib/python3.12/site-packages/airflow/example_dags/example_task_group.py
[2024-09-10T02:11:38.155+0800] {processor.py:925} INFO - DAG(s) 'example_task_group' retrieved from /Users/erniesg/.pyenv/versions/3.12.5/envs/letters_home/lib/python3.12/site-packages/airflow/example_dags/example_task_group.py
[2024-09-10T02:11:38.191+0800] {logging_mixin.py:190} INFO - [2024-09-10T02:11:38.191+0800] {dag.py:3229} INFO - Sync 1 DAGs
[2024-09-10T02:11:38.195+0800] {logging_mixin.py:190} INFO - [2024-09-10T02:11:38.195+0800] {dag.py:4156} INFO - Setting next_dagrun for example_task_group to None, run_after=None
[2024-09-10T02:11:38.201+0800] {processor.py:208} INFO - Processing /Users/erniesg/.pyenv/versions/3.12.5/envs/letters_home/lib/python3.12/site-packages/airflow/example_dags/example_task_group.py took 0.051 seconds
[2024-09-10T02:12:29.698+0800] {processor.py:186} INFO - Started process (PID=69263) to work on /Users/erniesg/.pyenv/versions/3.12.5/envs/letters_home/lib/python3.12/site-packages/airflow/example_dags/example_task_group.py
[2024-09-10T02:12:29.698+0800] {processor.py:914} INFO - Processing file /Users/erniesg/.pyenv/versions/3.12.5/envs/letters_home/lib/python3.12/site-packages/airflow/example_dags/example_task_group.py for tasks to queue
[2024-09-10T02:12:29.699+0800] {logging_mixin.py:190} INFO - [2024-09-10T02:12:29.699+0800] {dagbag.py:587} INFO - Filling up the DagBag from /Users/erniesg/.pyenv/versions/3.12.5/envs/letters_home/lib/python3.12/site-packages/airflow/example_dags/example_task_group.py
[2024-09-10T02:12:29.703+0800] {processor.py:925} INFO - DAG(s) 'example_task_group' retrieved from /Users/erniesg/.pyenv/versions/3.12.5/envs/letters_home/lib/python3.12/site-packages/airflow/example_dags/example_task_group.py
[2024-09-10T02:12:29.739+0800] {logging_mixin.py:190} INFO - [2024-09-10T02:12:29.739+0800] {dag.py:3229} INFO - Sync 1 DAGs
[2024-09-10T02:12:29.743+0800] {logging_mixin.py:190} INFO - [2024-09-10T02:12:29.743+0800] {dag.py:4156} INFO - Setting next_dagrun for example_task_group to None, run_after=None
[2024-09-10T02:12:29.750+0800] {processor.py:208} INFO - Processing /Users/erniesg/.pyenv/versions/3.12.5/envs/letters_home/lib/python3.12/site-packages/airflow/example_dags/example_task_group.py took 0.053 seconds
[2024-09-10T02:14:24.052+0800] {processor.py:186} INFO - Started process (PID=69357) to work on /Users/erniesg/.pyenv/versions/3.12.5/envs/letters_home/lib/python3.12/site-packages/airflow/example_dags/example_task_group.py
[2024-09-10T02:14:24.053+0800] {processor.py:914} INFO - Processing file /Users/erniesg/.pyenv/versions/3.12.5/envs/letters_home/lib/python3.12/site-packages/airflow/example_dags/example_task_group.py for tasks to queue
[2024-09-10T02:14:24.053+0800] {logging_mixin.py:190} INFO - [2024-09-10T02:14:24.053+0800] {dagbag.py:587} INFO - Filling up the DagBag from /Users/erniesg/.pyenv/versions/3.12.5/envs/letters_home/lib/python3.12/site-packages/airflow/example_dags/example_task_group.py
[2024-09-10T02:14:24.057+0800] {processor.py:925} INFO - DAG(s) 'example_task_group' retrieved from /Users/erniesg/.pyenv/versions/3.12.5/envs/letters_home/lib/python3.12/site-packages/airflow/example_dags/example_task_group.py
[2024-09-10T02:14:24.099+0800] {logging_mixin.py:190} INFO - [2024-09-10T02:14:24.098+0800] {dag.py:3229} INFO - Sync 1 DAGs
[2024-09-10T02:14:24.104+0800] {logging_mixin.py:190} INFO - [2024-09-10T02:14:24.104+0800] {dag.py:4156} INFO - Setting next_dagrun for example_task_group to None, run_after=None
[2024-09-10T02:14:24.112+0800] {processor.py:208} INFO - Processing /Users/erniesg/.pyenv/versions/3.12.5/envs/letters_home/lib/python3.12/site-packages/airflow/example_dags/example_task_group.py took 0.061 seconds
[2024-09-10T02:15:51.724+0800] {processor.py:186} INFO - Started process (PID=69708) to work on /Users/erniesg/.pyenv/versions/3.12.5/envs/letters_home/lib/python3.12/site-packages/airflow/example_dags/example_task_group.py
[2024-09-10T02:15:51.725+0800] {processor.py:914} INFO - Processing file /Users/erniesg/.pyenv/versions/3.12.5/envs/letters_home/lib/python3.12/site-packages/airflow/example_dags/example_task_group.py for tasks to queue
[2024-09-10T02:15:51.725+0800] {logging_mixin.py:190} INFO - [2024-09-10T02:15:51.725+0800] {dagbag.py:587} INFO - Filling up the DagBag from /Users/erniesg/.pyenv/versions/3.12.5/envs/letters_home/lib/python3.12/site-packages/airflow/example_dags/example_task_group.py
[2024-09-10T02:15:51.729+0800] {processor.py:925} INFO - DAG(s) 'example_task_group' retrieved from /Users/erniesg/.pyenv/versions/3.12.5/envs/letters_home/lib/python3.12/site-packages/airflow/example_dags/example_task_group.py
[2024-09-10T02:15:51.766+0800] {logging_mixin.py:190} INFO - [2024-09-10T02:15:51.766+0800] {dag.py:3229} INFO - Sync 1 DAGs
[2024-09-10T02:15:51.771+0800] {logging_mixin.py:190} INFO - [2024-09-10T02:15:51.771+0800] {dag.py:4156} INFO - Setting next_dagrun for example_task_group to None, run_after=None
[2024-09-10T02:15:51.778+0800] {processor.py:208} INFO - Processing /Users/erniesg/.pyenv/versions/3.12.5/envs/letters_home/lib/python3.12/site-packages/airflow/example_dags/example_task_group.py took 0.055 seconds
[2024-09-10T02:17:48.250+0800] {processor.py:186} INFO - Started process (PID=69838) to work on /Users/erniesg/.pyenv/versions/3.12.5/envs/letters_home/lib/python3.12/site-packages/airflow/example_dags/example_task_group.py
[2024-09-10T02:17:48.250+0800] {processor.py:914} INFO - Processing file /Users/erniesg/.pyenv/versions/3.12.5/envs/letters_home/lib/python3.12/site-packages/airflow/example_dags/example_task_group.py for tasks to queue
[2024-09-10T02:17:48.251+0800] {logging_mixin.py:190} INFO - [2024-09-10T02:17:48.250+0800] {dagbag.py:587} INFO - Filling up the DagBag from /Users/erniesg/.pyenv/versions/3.12.5/envs/letters_home/lib/python3.12/site-packages/airflow/example_dags/example_task_group.py
[2024-09-10T02:17:48.254+0800] {processor.py:925} INFO - DAG(s) 'example_task_group' retrieved from /Users/erniesg/.pyenv/versions/3.12.5/envs/letters_home/lib/python3.12/site-packages/airflow/example_dags/example_task_group.py
[2024-09-10T02:17:48.291+0800] {logging_mixin.py:190} INFO - [2024-09-10T02:17:48.291+0800] {dag.py:3229} INFO - Sync 1 DAGs
[2024-09-10T02:17:48.296+0800] {logging_mixin.py:190} INFO - [2024-09-10T02:17:48.295+0800] {dag.py:4156} INFO - Setting next_dagrun for example_task_group to None, run_after=None
[2024-09-10T02:17:48.304+0800] {processor.py:208} INFO - Processing /Users/erniesg/.pyenv/versions/3.12.5/envs/letters_home/lib/python3.12/site-packages/airflow/example_dags/example_task_group.py took 0.055 seconds
[2024-09-10T02:19:10.123+0800] {processor.py:186} INFO - Started process (PID=70284) to work on /Users/erniesg/.pyenv/versions/3.12.5/envs/letters_home/lib/python3.12/site-packages/airflow/example_dags/example_task_group.py
[2024-09-10T02:19:10.123+0800] {processor.py:914} INFO - Processing file /Users/erniesg/.pyenv/versions/3.12.5/envs/letters_home/lib/python3.12/site-packages/airflow/example_dags/example_task_group.py for tasks to queue
[2024-09-10T02:19:10.123+0800] {logging_mixin.py:190} INFO - [2024-09-10T02:19:10.123+0800] {dagbag.py:587} INFO - Filling up the DagBag from /Users/erniesg/.pyenv/versions/3.12.5/envs/letters_home/lib/python3.12/site-packages/airflow/example_dags/example_task_group.py
[2024-09-10T02:19:10.127+0800] {processor.py:925} INFO - DAG(s) 'example_task_group' retrieved from /Users/erniesg/.pyenv/versions/3.12.5/envs/letters_home/lib/python3.12/site-packages/airflow/example_dags/example_task_group.py
[2024-09-10T02:19:10.166+0800] {logging_mixin.py:190} INFO - [2024-09-10T02:19:10.166+0800] {dag.py:3229} INFO - Sync 1 DAGs
[2024-09-10T02:19:10.171+0800] {logging_mixin.py:190} INFO - [2024-09-10T02:19:10.170+0800] {dag.py:4156} INFO - Setting next_dagrun for example_task_group to None, run_after=None
[2024-09-10T02:19:10.178+0800] {processor.py:208} INFO - Processing /Users/erniesg/.pyenv/versions/3.12.5/envs/letters_home/lib/python3.12/site-packages/airflow/example_dags/example_task_group.py took 0.057 seconds
[2024-09-10T02:20:34.975+0800] {processor.py:186} INFO - Started process (PID=70369) to work on /Users/erniesg/.pyenv/versions/3.12.5/envs/letters_home/lib/python3.12/site-packages/airflow/example_dags/example_task_group.py
[2024-09-10T02:20:34.975+0800] {processor.py:914} INFO - Processing file /Users/erniesg/.pyenv/versions/3.12.5/envs/letters_home/lib/python3.12/site-packages/airflow/example_dags/example_task_group.py for tasks to queue
[2024-09-10T02:20:34.976+0800] {logging_mixin.py:190} INFO - [2024-09-10T02:20:34.976+0800] {dagbag.py:587} INFO - Filling up the DagBag from /Users/erniesg/.pyenv/versions/3.12.5/envs/letters_home/lib/python3.12/site-packages/airflow/example_dags/example_task_group.py
[2024-09-10T02:20:34.979+0800] {processor.py:925} INFO - DAG(s) 'example_task_group' retrieved from /Users/erniesg/.pyenv/versions/3.12.5/envs/letters_home/lib/python3.12/site-packages/airflow/example_dags/example_task_group.py
[2024-09-10T02:20:35.019+0800] {logging_mixin.py:190} INFO - [2024-09-10T02:20:35.018+0800] {dag.py:3229} INFO - Sync 1 DAGs
[2024-09-10T02:20:35.023+0800] {logging_mixin.py:190} INFO - [2024-09-10T02:20:35.023+0800] {dag.py:4156} INFO - Setting next_dagrun for example_task_group to None, run_after=None
[2024-09-10T02:20:35.031+0800] {processor.py:208} INFO - Processing /Users/erniesg/.pyenv/versions/3.12.5/envs/letters_home/lib/python3.12/site-packages/airflow/example_dags/example_task_group.py took 0.057 seconds
