[2024-09-10T01:37:12.569+0800] {processor.py:186} INFO - Started process (PID=57527) to work on /Users/erniesg/.pyenv/versions/3.12.5/envs/letters_home/lib/python3.12/site-packages/airflow/example_dags/example_xcomargs.py
[2024-09-10T01:37:12.570+0800] {processor.py:914} INFO - Processing file /Users/erniesg/.pyenv/versions/3.12.5/envs/letters_home/lib/python3.12/site-packages/airflow/example_dags/example_xcomargs.py for tasks to queue
[2024-09-10T01:37:12.570+0800] {logging_mixin.py:190} INFO - [2024-09-10T01:37:12.570+0800] {dagbag.py:587} INFO - Filling up the DagBag from /Users/erniesg/.pyenv/versions/3.12.5/envs/letters_home/lib/python3.12/site-packages/airflow/example_dags/example_xcomargs.py
[2024-09-10T01:37:12.586+0800] {processor.py:925} INFO - DAG(s) 'example_xcom_args', 'example_xcom_args_with_operators' retrieved from /Users/erniesg/.pyenv/versions/3.12.5/envs/letters_home/lib/python3.12/site-packages/airflow/example_dags/example_xcomargs.py
[2024-09-10T01:37:12.653+0800] {logging_mixin.py:190} INFO - [2024-09-10T01:37:12.653+0800] {override.py:1900} INFO - Created Permission View: can delete on DAG:example_xcom_args
[2024-09-10T01:37:12.656+0800] {logging_mixin.py:190} INFO - [2024-09-10T01:37:12.656+0800] {override.py:1900} INFO - Created Permission View: can edit on DAG:example_xcom_args
[2024-09-10T01:37:12.658+0800] {logging_mixin.py:190} INFO - [2024-09-10T01:37:12.658+0800] {override.py:1900} INFO - Created Permission View: can read on DAG:example_xcom_args
[2024-09-10T01:37:12.661+0800] {logging_mixin.py:190} INFO - [2024-09-10T01:37:12.661+0800] {override.py:1900} INFO - Created Permission View: can delete on DAG Run:example_xcom_args
[2024-09-10T01:37:12.663+0800] {logging_mixin.py:190} INFO - [2024-09-10T01:37:12.663+0800] {override.py:1900} INFO - Created Permission View: menu access on DAG Run:example_xcom_args
[2024-09-10T01:37:12.665+0800] {logging_mixin.py:190} INFO - [2024-09-10T01:37:12.665+0800] {override.py:1900} INFO - Created Permission View: can create on DAG Run:example_xcom_args
[2024-09-10T01:37:12.667+0800] {logging_mixin.py:190} INFO - [2024-09-10T01:37:12.667+0800] {override.py:1900} INFO - Created Permission View: can read on DAG Run:example_xcom_args
[2024-09-10T01:37:12.671+0800] {logging_mixin.py:190} INFO - [2024-09-10T01:37:12.671+0800] {override.py:1900} INFO - Created Permission View: can delete on DAG:example_xcom_args_with_operators
[2024-09-10T01:37:12.673+0800] {logging_mixin.py:190} INFO - [2024-09-10T01:37:12.673+0800] {override.py:1900} INFO - Created Permission View: can edit on DAG:example_xcom_args_with_operators
[2024-09-10T01:37:12.675+0800] {logging_mixin.py:190} INFO - [2024-09-10T01:37:12.675+0800] {override.py:1900} INFO - Created Permission View: can read on DAG:example_xcom_args_with_operators
[2024-09-10T01:37:12.678+0800] {logging_mixin.py:190} INFO - [2024-09-10T01:37:12.678+0800] {override.py:1900} INFO - Created Permission View: can delete on DAG Run:example_xcom_args_with_operators
[2024-09-10T01:37:12.680+0800] {logging_mixin.py:190} INFO - [2024-09-10T01:37:12.680+0800] {override.py:1900} INFO - Created Permission View: menu access on DAG Run:example_xcom_args_with_operators
[2024-09-10T01:37:12.682+0800] {logging_mixin.py:190} INFO - [2024-09-10T01:37:12.682+0800] {override.py:1900} INFO - Created Permission View: can create on DAG Run:example_xcom_args_with_operators
[2024-09-10T01:37:12.685+0800] {logging_mixin.py:190} INFO - [2024-09-10T01:37:12.684+0800] {override.py:1900} INFO - Created Permission View: can read on DAG Run:example_xcom_args_with_operators
[2024-09-10T01:37:12.685+0800] {logging_mixin.py:190} INFO - [2024-09-10T01:37:12.685+0800] {dag.py:3229} INFO - Sync 2 DAGs
[2024-09-10T01:37:12.689+0800] {logging_mixin.py:190} INFO - [2024-09-10T01:37:12.689+0800] {dag.py:3252} INFO - Creating ORM DAG for example_xcom_args_with_operators
[2024-09-10T01:37:12.689+0800] {logging_mixin.py:190} INFO - [2024-09-10T01:37:12.689+0800] {dag.py:3252} INFO - Creating ORM DAG for example_xcom_args
[2024-09-10T01:37:12.689+0800] {logging_mixin.py:190} INFO - [2024-09-10T01:37:12.689+0800] {dag.py:4156} INFO - Setting next_dagrun for example_xcom_args to None, run_after=None
[2024-09-10T01:37:12.689+0800] {logging_mixin.py:190} INFO - [2024-09-10T01:37:12.689+0800] {dag.py:4156} INFO - Setting next_dagrun for example_xcom_args_with_operators to None, run_after=None
[2024-09-10T01:37:12.695+0800] {processor.py:208} INFO - Processing /Users/erniesg/.pyenv/versions/3.12.5/envs/letters_home/lib/python3.12/site-packages/airflow/example_dags/example_xcomargs.py took 0.126 seconds
[2024-09-10T01:39:01.991+0800] {processor.py:186} INFO - Started process (PID=58058) to work on /Users/erniesg/.pyenv/versions/3.12.5/envs/letters_home/lib/python3.12/site-packages/airflow/example_dags/example_xcomargs.py
[2024-09-10T01:39:01.991+0800] {processor.py:914} INFO - Processing file /Users/erniesg/.pyenv/versions/3.12.5/envs/letters_home/lib/python3.12/site-packages/airflow/example_dags/example_xcomargs.py for tasks to queue
[2024-09-10T01:39:01.991+0800] {logging_mixin.py:190} INFO - [2024-09-10T01:39:01.991+0800] {dagbag.py:587} INFO - Filling up the DagBag from /Users/erniesg/.pyenv/versions/3.12.5/envs/letters_home/lib/python3.12/site-packages/airflow/example_dags/example_xcomargs.py
[2024-09-10T01:39:02.007+0800] {processor.py:925} INFO - DAG(s) 'example_xcom_args', 'example_xcom_args_with_operators' retrieved from /Users/erniesg/.pyenv/versions/3.12.5/envs/letters_home/lib/python3.12/site-packages/airflow/example_dags/example_xcomargs.py
[2024-09-10T01:39:02.044+0800] {logging_mixin.py:190} INFO - [2024-09-10T01:39:02.044+0800] {dag.py:3229} INFO - Sync 2 DAGs
[2024-09-10T01:39:02.048+0800] {logging_mixin.py:190} INFO - [2024-09-10T01:39:02.048+0800] {dag.py:4156} INFO - Setting next_dagrun for example_xcom_args to None, run_after=None
[2024-09-10T01:39:02.049+0800] {logging_mixin.py:190} INFO - [2024-09-10T01:39:02.049+0800] {dag.py:4156} INFO - Setting next_dagrun for example_xcom_args_with_operators to None, run_after=None
[2024-09-10T01:39:02.056+0800] {processor.py:208} INFO - Processing /Users/erniesg/.pyenv/versions/3.12.5/envs/letters_home/lib/python3.12/site-packages/airflow/example_dags/example_xcomargs.py took 0.067 seconds
[2024-09-10T01:40:24.092+0800] {processor.py:186} INFO - Started process (PID=58145) to work on /Users/erniesg/.pyenv/versions/3.12.5/envs/letters_home/lib/python3.12/site-packages/airflow/example_dags/example_xcomargs.py
[2024-09-10T01:40:24.093+0800] {processor.py:914} INFO - Processing file /Users/erniesg/.pyenv/versions/3.12.5/envs/letters_home/lib/python3.12/site-packages/airflow/example_dags/example_xcomargs.py for tasks to queue
[2024-09-10T01:40:24.093+0800] {logging_mixin.py:190} INFO - [2024-09-10T01:40:24.093+0800] {dagbag.py:587} INFO - Filling up the DagBag from /Users/erniesg/.pyenv/versions/3.12.5/envs/letters_home/lib/python3.12/site-packages/airflow/example_dags/example_xcomargs.py
[2024-09-10T01:40:24.109+0800] {processor.py:925} INFO - DAG(s) 'example_xcom_args', 'example_xcom_args_with_operators' retrieved from /Users/erniesg/.pyenv/versions/3.12.5/envs/letters_home/lib/python3.12/site-packages/airflow/example_dags/example_xcomargs.py
[2024-09-10T01:40:24.145+0800] {logging_mixin.py:190} INFO - [2024-09-10T01:40:24.145+0800] {dag.py:3229} INFO - Sync 2 DAGs
[2024-09-10T01:40:24.149+0800] {logging_mixin.py:190} INFO - [2024-09-10T01:40:24.149+0800] {dag.py:4156} INFO - Setting next_dagrun for example_xcom_args to None, run_after=None
[2024-09-10T01:40:24.150+0800] {logging_mixin.py:190} INFO - [2024-09-10T01:40:24.150+0800] {dag.py:4156} INFO - Setting next_dagrun for example_xcom_args_with_operators to None, run_after=None
[2024-09-10T01:40:24.156+0800] {processor.py:208} INFO - Processing /Users/erniesg/.pyenv/versions/3.12.5/envs/letters_home/lib/python3.12/site-packages/airflow/example_dags/example_xcomargs.py took 0.065 seconds
[2024-09-10T01:41:42.491+0800] {processor.py:186} INFO - Started process (PID=58202) to work on /Users/erniesg/.pyenv/versions/3.12.5/envs/letters_home/lib/python3.12/site-packages/airflow/example_dags/example_xcomargs.py
[2024-09-10T01:41:42.491+0800] {processor.py:914} INFO - Processing file /Users/erniesg/.pyenv/versions/3.12.5/envs/letters_home/lib/python3.12/site-packages/airflow/example_dags/example_xcomargs.py for tasks to queue
[2024-09-10T01:41:42.491+0800] {logging_mixin.py:190} INFO - [2024-09-10T01:41:42.491+0800] {dagbag.py:587} INFO - Filling up the DagBag from /Users/erniesg/.pyenv/versions/3.12.5/envs/letters_home/lib/python3.12/site-packages/airflow/example_dags/example_xcomargs.py
[2024-09-10T01:41:42.508+0800] {processor.py:925} INFO - DAG(s) 'example_xcom_args_with_operators', 'example_xcom_args' retrieved from /Users/erniesg/.pyenv/versions/3.12.5/envs/letters_home/lib/python3.12/site-packages/airflow/example_dags/example_xcomargs.py
[2024-09-10T01:41:42.549+0800] {logging_mixin.py:190} INFO - [2024-09-10T01:41:42.549+0800] {dag.py:3229} INFO - Sync 2 DAGs
[2024-09-10T01:41:42.554+0800] {logging_mixin.py:190} INFO - [2024-09-10T01:41:42.554+0800] {dag.py:4156} INFO - Setting next_dagrun for example_xcom_args to None, run_after=None
[2024-09-10T01:41:42.555+0800] {logging_mixin.py:190} INFO - [2024-09-10T01:41:42.555+0800] {dag.py:4156} INFO - Setting next_dagrun for example_xcom_args_with_operators to None, run_after=None
[2024-09-10T01:41:42.563+0800] {processor.py:208} INFO - Processing /Users/erniesg/.pyenv/versions/3.12.5/envs/letters_home/lib/python3.12/site-packages/airflow/example_dags/example_xcomargs.py took 0.073 seconds
[2024-09-10T01:43:05.316+0800] {processor.py:186} INFO - Started process (PID=58283) to work on /Users/erniesg/.pyenv/versions/3.12.5/envs/letters_home/lib/python3.12/site-packages/airflow/example_dags/example_xcomargs.py
[2024-09-10T01:43:05.317+0800] {processor.py:914} INFO - Processing file /Users/erniesg/.pyenv/versions/3.12.5/envs/letters_home/lib/python3.12/site-packages/airflow/example_dags/example_xcomargs.py for tasks to queue
[2024-09-10T01:43:05.317+0800] {logging_mixin.py:190} INFO - [2024-09-10T01:43:05.317+0800] {dagbag.py:587} INFO - Filling up the DagBag from /Users/erniesg/.pyenv/versions/3.12.5/envs/letters_home/lib/python3.12/site-packages/airflow/example_dags/example_xcomargs.py
[2024-09-10T01:43:05.333+0800] {processor.py:925} INFO - DAG(s) 'example_xcom_args_with_operators', 'example_xcom_args' retrieved from /Users/erniesg/.pyenv/versions/3.12.5/envs/letters_home/lib/python3.12/site-packages/airflow/example_dags/example_xcomargs.py
[2024-09-10T01:43:05.370+0800] {logging_mixin.py:190} INFO - [2024-09-10T01:43:05.370+0800] {dag.py:3229} INFO - Sync 2 DAGs
[2024-09-10T01:43:05.374+0800] {logging_mixin.py:190} INFO - [2024-09-10T01:43:05.374+0800] {dag.py:4156} INFO - Setting next_dagrun for example_xcom_args to None, run_after=None
[2024-09-10T01:43:05.375+0800] {logging_mixin.py:190} INFO - [2024-09-10T01:43:05.375+0800] {dag.py:4156} INFO - Setting next_dagrun for example_xcom_args_with_operators to None, run_after=None
[2024-09-10T01:43:05.381+0800] {processor.py:208} INFO - Processing /Users/erniesg/.pyenv/versions/3.12.5/envs/letters_home/lib/python3.12/site-packages/airflow/example_dags/example_xcomargs.py took 0.066 seconds
[2024-09-10T01:44:26.942+0800] {processor.py:186} INFO - Started process (PID=58756) to work on /Users/erniesg/.pyenv/versions/3.12.5/envs/letters_home/lib/python3.12/site-packages/airflow/example_dags/example_xcomargs.py
[2024-09-10T01:44:26.943+0800] {processor.py:914} INFO - Processing file /Users/erniesg/.pyenv/versions/3.12.5/envs/letters_home/lib/python3.12/site-packages/airflow/example_dags/example_xcomargs.py for tasks to queue
[2024-09-10T01:44:26.943+0800] {logging_mixin.py:190} INFO - [2024-09-10T01:44:26.943+0800] {dagbag.py:587} INFO - Filling up the DagBag from /Users/erniesg/.pyenv/versions/3.12.5/envs/letters_home/lib/python3.12/site-packages/airflow/example_dags/example_xcomargs.py
[2024-09-10T01:44:26.958+0800] {processor.py:925} INFO - DAG(s) 'example_xcom_args', 'example_xcom_args_with_operators' retrieved from /Users/erniesg/.pyenv/versions/3.12.5/envs/letters_home/lib/python3.12/site-packages/airflow/example_dags/example_xcomargs.py
[2024-09-10T01:44:27.029+0800] {logging_mixin.py:190} INFO - [2024-09-10T01:44:27.029+0800] {dag.py:3229} INFO - Sync 2 DAGs
[2024-09-10T01:44:27.033+0800] {logging_mixin.py:190} INFO - [2024-09-10T01:44:27.033+0800] {dag.py:4156} INFO - Setting next_dagrun for example_xcom_args to None, run_after=None
[2024-09-10T01:44:27.034+0800] {logging_mixin.py:190} INFO - [2024-09-10T01:44:27.034+0800] {dag.py:4156} INFO - Setting next_dagrun for example_xcom_args_with_operators to None, run_after=None
[2024-09-10T01:44:27.041+0800] {processor.py:208} INFO - Processing /Users/erniesg/.pyenv/versions/3.12.5/envs/letters_home/lib/python3.12/site-packages/airflow/example_dags/example_xcomargs.py took 0.100 seconds
[2024-09-10T01:58:44.127+0800] {processor.py:186} INFO - Started process (PID=67449) to work on /Users/erniesg/.pyenv/versions/3.12.5/envs/letters_home/lib/python3.12/site-packages/airflow/example_dags/example_xcomargs.py
[2024-09-10T01:58:44.127+0800] {processor.py:914} INFO - Processing file /Users/erniesg/.pyenv/versions/3.12.5/envs/letters_home/lib/python3.12/site-packages/airflow/example_dags/example_xcomargs.py for tasks to queue
[2024-09-10T01:58:44.127+0800] {logging_mixin.py:190} INFO - [2024-09-10T01:58:44.127+0800] {dagbag.py:587} INFO - Filling up the DagBag from /Users/erniesg/.pyenv/versions/3.12.5/envs/letters_home/lib/python3.12/site-packages/airflow/example_dags/example_xcomargs.py
[2024-09-10T01:58:44.143+0800] {processor.py:925} INFO - DAG(s) 'example_xcom_args', 'example_xcom_args_with_operators' retrieved from /Users/erniesg/.pyenv/versions/3.12.5/envs/letters_home/lib/python3.12/site-packages/airflow/example_dags/example_xcomargs.py
[2024-09-10T01:58:44.220+0800] {logging_mixin.py:190} INFO - [2024-09-10T01:58:44.220+0800] {dag.py:3229} INFO - Sync 2 DAGs
[2024-09-10T01:58:44.225+0800] {logging_mixin.py:190} INFO - [2024-09-10T01:58:44.225+0800] {dag.py:4156} INFO - Setting next_dagrun for example_xcom_args to None, run_after=None
[2024-09-10T01:58:44.226+0800] {logging_mixin.py:190} INFO - [2024-09-10T01:58:44.226+0800] {dag.py:4156} INFO - Setting next_dagrun for example_xcom_args_with_operators to None, run_after=None
[2024-09-10T01:58:44.233+0800] {processor.py:208} INFO - Processing /Users/erniesg/.pyenv/versions/3.12.5/envs/letters_home/lib/python3.12/site-packages/airflow/example_dags/example_xcomargs.py took 0.107 seconds
[2024-09-10T02:01:08.370+0800] {processor.py:186} INFO - Started process (PID=67884) to work on /Users/erniesg/.pyenv/versions/3.12.5/envs/letters_home/lib/python3.12/site-packages/airflow/example_dags/example_xcomargs.py
[2024-09-10T02:01:08.370+0800] {processor.py:914} INFO - Processing file /Users/erniesg/.pyenv/versions/3.12.5/envs/letters_home/lib/python3.12/site-packages/airflow/example_dags/example_xcomargs.py for tasks to queue
[2024-09-10T02:01:08.370+0800] {logging_mixin.py:190} INFO - [2024-09-10T02:01:08.370+0800] {dagbag.py:587} INFO - Filling up the DagBag from /Users/erniesg/.pyenv/versions/3.12.5/envs/letters_home/lib/python3.12/site-packages/airflow/example_dags/example_xcomargs.py
[2024-09-10T02:01:08.386+0800] {processor.py:925} INFO - DAG(s) 'example_xcom_args', 'example_xcom_args_with_operators' retrieved from /Users/erniesg/.pyenv/versions/3.12.5/envs/letters_home/lib/python3.12/site-packages/airflow/example_dags/example_xcomargs.py
[2024-09-10T02:01:08.424+0800] {logging_mixin.py:190} INFO - [2024-09-10T02:01:08.423+0800] {dag.py:3229} INFO - Sync 2 DAGs
[2024-09-10T02:01:08.428+0800] {logging_mixin.py:190} INFO - [2024-09-10T02:01:08.428+0800] {dag.py:4156} INFO - Setting next_dagrun for example_xcom_args to None, run_after=None
[2024-09-10T02:01:08.429+0800] {logging_mixin.py:190} INFO - [2024-09-10T02:01:08.429+0800] {dag.py:4156} INFO - Setting next_dagrun for example_xcom_args_with_operators to None, run_after=None
[2024-09-10T02:01:08.435+0800] {processor.py:208} INFO - Processing /Users/erniesg/.pyenv/versions/3.12.5/envs/letters_home/lib/python3.12/site-packages/airflow/example_dags/example_xcomargs.py took 0.066 seconds
[2024-09-10T02:02:28.930+0800] {processor.py:186} INFO - Started process (PID=67965) to work on /Users/erniesg/.pyenv/versions/3.12.5/envs/letters_home/lib/python3.12/site-packages/airflow/example_dags/example_xcomargs.py
[2024-09-10T02:02:28.931+0800] {processor.py:914} INFO - Processing file /Users/erniesg/.pyenv/versions/3.12.5/envs/letters_home/lib/python3.12/site-packages/airflow/example_dags/example_xcomargs.py for tasks to queue
[2024-09-10T02:02:28.931+0800] {logging_mixin.py:190} INFO - [2024-09-10T02:02:28.931+0800] {dagbag.py:587} INFO - Filling up the DagBag from /Users/erniesg/.pyenv/versions/3.12.5/envs/letters_home/lib/python3.12/site-packages/airflow/example_dags/example_xcomargs.py
[2024-09-10T02:02:28.946+0800] {processor.py:925} INFO - DAG(s) 'example_xcom_args_with_operators', 'example_xcom_args' retrieved from /Users/erniesg/.pyenv/versions/3.12.5/envs/letters_home/lib/python3.12/site-packages/airflow/example_dags/example_xcomargs.py
[2024-09-10T02:02:28.981+0800] {logging_mixin.py:190} INFO - [2024-09-10T02:02:28.981+0800] {dag.py:3229} INFO - Sync 2 DAGs
[2024-09-10T02:02:28.985+0800] {logging_mixin.py:190} INFO - [2024-09-10T02:02:28.985+0800] {dag.py:4156} INFO - Setting next_dagrun for example_xcom_args to None, run_after=None
[2024-09-10T02:02:28.986+0800] {logging_mixin.py:190} INFO - [2024-09-10T02:02:28.986+0800] {dag.py:4156} INFO - Setting next_dagrun for example_xcom_args_with_operators to None, run_after=None
[2024-09-10T02:02:28.992+0800] {processor.py:208} INFO - Processing /Users/erniesg/.pyenv/versions/3.12.5/envs/letters_home/lib/python3.12/site-packages/airflow/example_dags/example_xcomargs.py took 0.062 seconds
[2024-09-10T02:03:50.321+0800] {processor.py:186} INFO - Started process (PID=68074) to work on /Users/erniesg/.pyenv/versions/3.12.5/envs/letters_home/lib/python3.12/site-packages/airflow/example_dags/example_xcomargs.py
[2024-09-10T02:03:50.321+0800] {processor.py:914} INFO - Processing file /Users/erniesg/.pyenv/versions/3.12.5/envs/letters_home/lib/python3.12/site-packages/airflow/example_dags/example_xcomargs.py for tasks to queue
[2024-09-10T02:03:50.322+0800] {logging_mixin.py:190} INFO - [2024-09-10T02:03:50.322+0800] {dagbag.py:587} INFO - Filling up the DagBag from /Users/erniesg/.pyenv/versions/3.12.5/envs/letters_home/lib/python3.12/site-packages/airflow/example_dags/example_xcomargs.py
[2024-09-10T02:03:50.337+0800] {processor.py:925} INFO - DAG(s) 'example_xcom_args_with_operators', 'example_xcom_args' retrieved from /Users/erniesg/.pyenv/versions/3.12.5/envs/letters_home/lib/python3.12/site-packages/airflow/example_dags/example_xcomargs.py
[2024-09-10T02:03:50.376+0800] {logging_mixin.py:190} INFO - [2024-09-10T02:03:50.376+0800] {dag.py:3229} INFO - Sync 2 DAGs
[2024-09-10T02:03:50.380+0800] {logging_mixin.py:190} INFO - [2024-09-10T02:03:50.380+0800] {dag.py:4156} INFO - Setting next_dagrun for example_xcom_args to None, run_after=None
[2024-09-10T02:03:50.382+0800] {logging_mixin.py:190} INFO - [2024-09-10T02:03:50.381+0800] {dag.py:4156} INFO - Setting next_dagrun for example_xcom_args_with_operators to None, run_after=None
[2024-09-10T02:03:50.387+0800] {processor.py:208} INFO - Processing /Users/erniesg/.pyenv/versions/3.12.5/envs/letters_home/lib/python3.12/site-packages/airflow/example_dags/example_xcomargs.py took 0.068 seconds
[2024-09-10T02:05:26.650+0800] {processor.py:186} INFO - Started process (PID=68182) to work on /Users/erniesg/.pyenv/versions/3.12.5/envs/letters_home/lib/python3.12/site-packages/airflow/example_dags/example_xcomargs.py
[2024-09-10T02:05:26.651+0800] {processor.py:914} INFO - Processing file /Users/erniesg/.pyenv/versions/3.12.5/envs/letters_home/lib/python3.12/site-packages/airflow/example_dags/example_xcomargs.py for tasks to queue
[2024-09-10T02:05:26.651+0800] {logging_mixin.py:190} INFO - [2024-09-10T02:05:26.651+0800] {dagbag.py:587} INFO - Filling up the DagBag from /Users/erniesg/.pyenv/versions/3.12.5/envs/letters_home/lib/python3.12/site-packages/airflow/example_dags/example_xcomargs.py
[2024-09-10T02:05:26.667+0800] {processor.py:925} INFO - DAG(s) 'example_xcom_args', 'example_xcom_args_with_operators' retrieved from /Users/erniesg/.pyenv/versions/3.12.5/envs/letters_home/lib/python3.12/site-packages/airflow/example_dags/example_xcomargs.py
[2024-09-10T02:05:26.705+0800] {logging_mixin.py:190} INFO - [2024-09-10T02:05:26.705+0800] {dag.py:3229} INFO - Sync 2 DAGs
[2024-09-10T02:05:26.709+0800] {logging_mixin.py:190} INFO - [2024-09-10T02:05:26.709+0800] {dag.py:4156} INFO - Setting next_dagrun for example_xcom_args to None, run_after=None
[2024-09-10T02:05:26.710+0800] {logging_mixin.py:190} INFO - [2024-09-10T02:05:26.710+0800] {dag.py:4156} INFO - Setting next_dagrun for example_xcom_args_with_operators to None, run_after=None
[2024-09-10T02:05:26.716+0800] {processor.py:208} INFO - Processing /Users/erniesg/.pyenv/versions/3.12.5/envs/letters_home/lib/python3.12/site-packages/airflow/example_dags/example_xcomargs.py took 0.067 seconds
[2024-09-10T02:06:50.148+0800] {processor.py:186} INFO - Started process (PID=68264) to work on /Users/erniesg/.pyenv/versions/3.12.5/envs/letters_home/lib/python3.12/site-packages/airflow/example_dags/example_xcomargs.py
[2024-09-10T02:06:50.148+0800] {processor.py:914} INFO - Processing file /Users/erniesg/.pyenv/versions/3.12.5/envs/letters_home/lib/python3.12/site-packages/airflow/example_dags/example_xcomargs.py for tasks to queue
[2024-09-10T02:06:50.148+0800] {logging_mixin.py:190} INFO - [2024-09-10T02:06:50.148+0800] {dagbag.py:587} INFO - Filling up the DagBag from /Users/erniesg/.pyenv/versions/3.12.5/envs/letters_home/lib/python3.12/site-packages/airflow/example_dags/example_xcomargs.py
[2024-09-10T02:06:50.164+0800] {processor.py:925} INFO - DAG(s) 'example_xcom_args', 'example_xcom_args_with_operators' retrieved from /Users/erniesg/.pyenv/versions/3.12.5/envs/letters_home/lib/python3.12/site-packages/airflow/example_dags/example_xcomargs.py
[2024-09-10T02:06:50.200+0800] {logging_mixin.py:190} INFO - [2024-09-10T02:06:50.200+0800] {dag.py:3229} INFO - Sync 2 DAGs
[2024-09-10T02:06:50.204+0800] {logging_mixin.py:190} INFO - [2024-09-10T02:06:50.204+0800] {dag.py:4156} INFO - Setting next_dagrun for example_xcom_args to None, run_after=None
[2024-09-10T02:06:50.205+0800] {logging_mixin.py:190} INFO - [2024-09-10T02:06:50.205+0800] {dag.py:4156} INFO - Setting next_dagrun for example_xcom_args_with_operators to None, run_after=None
[2024-09-10T02:06:50.211+0800] {processor.py:208} INFO - Processing /Users/erniesg/.pyenv/versions/3.12.5/envs/letters_home/lib/python3.12/site-packages/airflow/example_dags/example_xcomargs.py took 0.064 seconds
[2024-09-10T02:08:13.124+0800] {processor.py:186} INFO - Started process (PID=68466) to work on /Users/erniesg/.pyenv/versions/3.12.5/envs/letters_home/lib/python3.12/site-packages/airflow/example_dags/example_xcomargs.py
[2024-09-10T02:08:13.124+0800] {processor.py:914} INFO - Processing file /Users/erniesg/.pyenv/versions/3.12.5/envs/letters_home/lib/python3.12/site-packages/airflow/example_dags/example_xcomargs.py for tasks to queue
[2024-09-10T02:08:13.124+0800] {logging_mixin.py:190} INFO - [2024-09-10T02:08:13.124+0800] {dagbag.py:587} INFO - Filling up the DagBag from /Users/erniesg/.pyenv/versions/3.12.5/envs/letters_home/lib/python3.12/site-packages/airflow/example_dags/example_xcomargs.py
[2024-09-10T02:08:13.140+0800] {processor.py:925} INFO - DAG(s) 'example_xcom_args_with_operators', 'example_xcom_args' retrieved from /Users/erniesg/.pyenv/versions/3.12.5/envs/letters_home/lib/python3.12/site-packages/airflow/example_dags/example_xcomargs.py
[2024-09-10T02:08:13.180+0800] {logging_mixin.py:190} INFO - [2024-09-10T02:08:13.180+0800] {dag.py:3229} INFO - Sync 2 DAGs
[2024-09-10T02:08:13.184+0800] {logging_mixin.py:190} INFO - [2024-09-10T02:08:13.184+0800] {dag.py:4156} INFO - Setting next_dagrun for example_xcom_args to None, run_after=None
[2024-09-10T02:08:13.186+0800] {logging_mixin.py:190} INFO - [2024-09-10T02:08:13.186+0800] {dag.py:4156} INFO - Setting next_dagrun for example_xcom_args_with_operators to None, run_after=None
[2024-09-10T02:08:13.193+0800] {processor.py:208} INFO - Processing /Users/erniesg/.pyenv/versions/3.12.5/envs/letters_home/lib/python3.12/site-packages/airflow/example_dags/example_xcomargs.py took 0.070 seconds
[2024-09-10T02:09:36.474+0800] {processor.py:186} INFO - Started process (PID=68584) to work on /Users/erniesg/.pyenv/versions/3.12.5/envs/letters_home/lib/python3.12/site-packages/airflow/example_dags/example_xcomargs.py
[2024-09-10T02:09:36.474+0800] {processor.py:914} INFO - Processing file /Users/erniesg/.pyenv/versions/3.12.5/envs/letters_home/lib/python3.12/site-packages/airflow/example_dags/example_xcomargs.py for tasks to queue
[2024-09-10T02:09:36.474+0800] {logging_mixin.py:190} INFO - [2024-09-10T02:09:36.474+0800] {dagbag.py:587} INFO - Filling up the DagBag from /Users/erniesg/.pyenv/versions/3.12.5/envs/letters_home/lib/python3.12/site-packages/airflow/example_dags/example_xcomargs.py
[2024-09-10T02:09:36.490+0800] {processor.py:925} INFO - DAG(s) 'example_xcom_args_with_operators', 'example_xcom_args' retrieved from /Users/erniesg/.pyenv/versions/3.12.5/envs/letters_home/lib/python3.12/site-packages/airflow/example_dags/example_xcomargs.py
[2024-09-10T02:09:36.526+0800] {logging_mixin.py:190} INFO - [2024-09-10T02:09:36.526+0800] {dag.py:3229} INFO - Sync 2 DAGs
[2024-09-10T02:09:36.530+0800] {logging_mixin.py:190} INFO - [2024-09-10T02:09:36.530+0800] {dag.py:4156} INFO - Setting next_dagrun for example_xcom_args to None, run_after=None
[2024-09-10T02:09:36.531+0800] {logging_mixin.py:190} INFO - [2024-09-10T02:09:36.531+0800] {dag.py:4156} INFO - Setting next_dagrun for example_xcom_args_with_operators to None, run_after=None
[2024-09-10T02:09:36.537+0800] {processor.py:208} INFO - Processing /Users/erniesg/.pyenv/versions/3.12.5/envs/letters_home/lib/python3.12/site-packages/airflow/example_dags/example_xcomargs.py took 0.065 seconds
[2024-09-10T02:11:23.991+0800] {processor.py:186} INFO - Started process (PID=68934) to work on /Users/erniesg/.pyenv/versions/3.12.5/envs/letters_home/lib/python3.12/site-packages/airflow/example_dags/example_xcomargs.py
[2024-09-10T02:11:23.991+0800] {processor.py:914} INFO - Processing file /Users/erniesg/.pyenv/versions/3.12.5/envs/letters_home/lib/python3.12/site-packages/airflow/example_dags/example_xcomargs.py for tasks to queue
[2024-09-10T02:11:23.992+0800] {logging_mixin.py:190} INFO - [2024-09-10T02:11:23.991+0800] {dagbag.py:587} INFO - Filling up the DagBag from /Users/erniesg/.pyenv/versions/3.12.5/envs/letters_home/lib/python3.12/site-packages/airflow/example_dags/example_xcomargs.py
[2024-09-10T02:11:24.008+0800] {processor.py:925} INFO - DAG(s) 'example_xcom_args_with_operators', 'example_xcom_args' retrieved from /Users/erniesg/.pyenv/versions/3.12.5/envs/letters_home/lib/python3.12/site-packages/airflow/example_dags/example_xcomargs.py
[2024-09-10T02:11:24.051+0800] {logging_mixin.py:190} INFO - [2024-09-10T02:11:24.051+0800] {dag.py:3229} INFO - Sync 2 DAGs
[2024-09-10T02:11:24.056+0800] {logging_mixin.py:190} INFO - [2024-09-10T02:11:24.056+0800] {dag.py:4156} INFO - Setting next_dagrun for example_xcom_args to None, run_after=None
[2024-09-10T02:11:24.057+0800] {logging_mixin.py:190} INFO - [2024-09-10T02:11:24.057+0800] {dag.py:4156} INFO - Setting next_dagrun for example_xcom_args_with_operators to None, run_after=None
[2024-09-10T02:11:24.064+0800] {processor.py:208} INFO - Processing /Users/erniesg/.pyenv/versions/3.12.5/envs/letters_home/lib/python3.12/site-packages/airflow/example_dags/example_xcomargs.py took 0.074 seconds
[2024-09-10T02:12:15.391+0800] {processor.py:186} INFO - Started process (PID=69256) to work on /Users/erniesg/.pyenv/versions/3.12.5/envs/letters_home/lib/python3.12/site-packages/airflow/example_dags/example_xcomargs.py
[2024-09-10T02:12:15.391+0800] {processor.py:914} INFO - Processing file /Users/erniesg/.pyenv/versions/3.12.5/envs/letters_home/lib/python3.12/site-packages/airflow/example_dags/example_xcomargs.py for tasks to queue
[2024-09-10T02:12:15.392+0800] {logging_mixin.py:190} INFO - [2024-09-10T02:12:15.392+0800] {dagbag.py:587} INFO - Filling up the DagBag from /Users/erniesg/.pyenv/versions/3.12.5/envs/letters_home/lib/python3.12/site-packages/airflow/example_dags/example_xcomargs.py
[2024-09-10T02:12:15.407+0800] {processor.py:925} INFO - DAG(s) 'example_xcom_args', 'example_xcom_args_with_operators' retrieved from /Users/erniesg/.pyenv/versions/3.12.5/envs/letters_home/lib/python3.12/site-packages/airflow/example_dags/example_xcomargs.py
[2024-09-10T02:12:15.445+0800] {logging_mixin.py:190} INFO - [2024-09-10T02:12:15.445+0800] {dag.py:3229} INFO - Sync 2 DAGs
[2024-09-10T02:12:15.449+0800] {logging_mixin.py:190} INFO - [2024-09-10T02:12:15.449+0800] {dag.py:4156} INFO - Setting next_dagrun for example_xcom_args to None, run_after=None
[2024-09-10T02:12:15.450+0800] {logging_mixin.py:190} INFO - [2024-09-10T02:12:15.450+0800] {dag.py:4156} INFO - Setting next_dagrun for example_xcom_args_with_operators to None, run_after=None
[2024-09-10T02:12:15.456+0800] {processor.py:208} INFO - Processing /Users/erniesg/.pyenv/versions/3.12.5/envs/letters_home/lib/python3.12/site-packages/airflow/example_dags/example_xcomargs.py took 0.067 seconds
[2024-09-10T02:14:09.765+0800] {processor.py:186} INFO - Started process (PID=69346) to work on /Users/erniesg/.pyenv/versions/3.12.5/envs/letters_home/lib/python3.12/site-packages/airflow/example_dags/example_xcomargs.py
[2024-09-10T02:14:09.765+0800] {processor.py:914} INFO - Processing file /Users/erniesg/.pyenv/versions/3.12.5/envs/letters_home/lib/python3.12/site-packages/airflow/example_dags/example_xcomargs.py for tasks to queue
[2024-09-10T02:14:09.766+0800] {logging_mixin.py:190} INFO - [2024-09-10T02:14:09.766+0800] {dagbag.py:587} INFO - Filling up the DagBag from /Users/erniesg/.pyenv/versions/3.12.5/envs/letters_home/lib/python3.12/site-packages/airflow/example_dags/example_xcomargs.py
[2024-09-10T02:14:09.782+0800] {processor.py:925} INFO - DAG(s) 'example_xcom_args', 'example_xcom_args_with_operators' retrieved from /Users/erniesg/.pyenv/versions/3.12.5/envs/letters_home/lib/python3.12/site-packages/airflow/example_dags/example_xcomargs.py
[2024-09-10T02:14:09.821+0800] {logging_mixin.py:190} INFO - [2024-09-10T02:14:09.821+0800] {dag.py:3229} INFO - Sync 2 DAGs
[2024-09-10T02:14:09.826+0800] {logging_mixin.py:190} INFO - [2024-09-10T02:14:09.826+0800] {dag.py:4156} INFO - Setting next_dagrun for example_xcom_args to None, run_after=None
[2024-09-10T02:14:09.827+0800] {logging_mixin.py:190} INFO - [2024-09-10T02:14:09.827+0800] {dag.py:4156} INFO - Setting next_dagrun for example_xcom_args_with_operators to None, run_after=None
[2024-09-10T02:14:09.834+0800] {processor.py:208} INFO - Processing /Users/erniesg/.pyenv/versions/3.12.5/envs/letters_home/lib/python3.12/site-packages/airflow/example_dags/example_xcomargs.py took 0.070 seconds
[2024-09-10T02:15:37.548+0800] {processor.py:186} INFO - Started process (PID=69695) to work on /Users/erniesg/.pyenv/versions/3.12.5/envs/letters_home/lib/python3.12/site-packages/airflow/example_dags/example_xcomargs.py
[2024-09-10T02:15:37.549+0800] {processor.py:914} INFO - Processing file /Users/erniesg/.pyenv/versions/3.12.5/envs/letters_home/lib/python3.12/site-packages/airflow/example_dags/example_xcomargs.py for tasks to queue
[2024-09-10T02:15:37.549+0800] {logging_mixin.py:190} INFO - [2024-09-10T02:15:37.549+0800] {dagbag.py:587} INFO - Filling up the DagBag from /Users/erniesg/.pyenv/versions/3.12.5/envs/letters_home/lib/python3.12/site-packages/airflow/example_dags/example_xcomargs.py
[2024-09-10T02:15:37.566+0800] {processor.py:925} INFO - DAG(s) 'example_xcom_args_with_operators', 'example_xcom_args' retrieved from /Users/erniesg/.pyenv/versions/3.12.5/envs/letters_home/lib/python3.12/site-packages/airflow/example_dags/example_xcomargs.py
[2024-09-10T02:15:37.607+0800] {logging_mixin.py:190} INFO - [2024-09-10T02:15:37.607+0800] {dag.py:3229} INFO - Sync 2 DAGs
[2024-09-10T02:15:37.611+0800] {logging_mixin.py:190} INFO - [2024-09-10T02:15:37.611+0800] {dag.py:4156} INFO - Setting next_dagrun for example_xcom_args to None, run_after=None
[2024-09-10T02:15:37.613+0800] {logging_mixin.py:190} INFO - [2024-09-10T02:15:37.613+0800] {dag.py:4156} INFO - Setting next_dagrun for example_xcom_args_with_operators to None, run_after=None
[2024-09-10T02:15:37.619+0800] {processor.py:208} INFO - Processing /Users/erniesg/.pyenv/versions/3.12.5/envs/letters_home/lib/python3.12/site-packages/airflow/example_dags/example_xcomargs.py took 0.072 seconds
[2024-09-10T02:17:34.252+0800] {processor.py:186} INFO - Started process (PID=69824) to work on /Users/erniesg/.pyenv/versions/3.12.5/envs/letters_home/lib/python3.12/site-packages/airflow/example_dags/example_xcomargs.py
[2024-09-10T02:17:34.252+0800] {processor.py:914} INFO - Processing file /Users/erniesg/.pyenv/versions/3.12.5/envs/letters_home/lib/python3.12/site-packages/airflow/example_dags/example_xcomargs.py for tasks to queue
[2024-09-10T02:17:34.253+0800] {logging_mixin.py:190} INFO - [2024-09-10T02:17:34.253+0800] {dagbag.py:587} INFO - Filling up the DagBag from /Users/erniesg/.pyenv/versions/3.12.5/envs/letters_home/lib/python3.12/site-packages/airflow/example_dags/example_xcomargs.py
[2024-09-10T02:17:34.269+0800] {processor.py:925} INFO - DAG(s) 'example_xcom_args', 'example_xcom_args_with_operators' retrieved from /Users/erniesg/.pyenv/versions/3.12.5/envs/letters_home/lib/python3.12/site-packages/airflow/example_dags/example_xcomargs.py
[2024-09-10T02:17:34.307+0800] {logging_mixin.py:190} INFO - [2024-09-10T02:17:34.307+0800] {dag.py:3229} INFO - Sync 2 DAGs
[2024-09-10T02:17:34.312+0800] {logging_mixin.py:190} INFO - [2024-09-10T02:17:34.312+0800] {dag.py:4156} INFO - Setting next_dagrun for example_xcom_args to None, run_after=None
[2024-09-10T02:17:34.313+0800] {logging_mixin.py:190} INFO - [2024-09-10T02:17:34.313+0800] {dag.py:4156} INFO - Setting next_dagrun for example_xcom_args_with_operators to None, run_after=None
[2024-09-10T02:17:34.319+0800] {processor.py:208} INFO - Processing /Users/erniesg/.pyenv/versions/3.12.5/envs/letters_home/lib/python3.12/site-packages/airflow/example_dags/example_xcomargs.py took 0.068 seconds
[2024-09-10T02:18:56.990+0800] {processor.py:186} INFO - Started process (PID=70256) to work on /Users/erniesg/.pyenv/versions/3.12.5/envs/letters_home/lib/python3.12/site-packages/airflow/example_dags/example_xcomargs.py
[2024-09-10T02:18:56.991+0800] {processor.py:914} INFO - Processing file /Users/erniesg/.pyenv/versions/3.12.5/envs/letters_home/lib/python3.12/site-packages/airflow/example_dags/example_xcomargs.py for tasks to queue
[2024-09-10T02:18:56.991+0800] {logging_mixin.py:190} INFO - [2024-09-10T02:18:56.991+0800] {dagbag.py:587} INFO - Filling up the DagBag from /Users/erniesg/.pyenv/versions/3.12.5/envs/letters_home/lib/python3.12/site-packages/airflow/example_dags/example_xcomargs.py
[2024-09-10T02:18:57.007+0800] {processor.py:925} INFO - DAG(s) 'example_xcom_args', 'example_xcom_args_with_operators' retrieved from /Users/erniesg/.pyenv/versions/3.12.5/envs/letters_home/lib/python3.12/site-packages/airflow/example_dags/example_xcomargs.py
[2024-09-10T02:18:57.047+0800] {logging_mixin.py:190} INFO - [2024-09-10T02:18:57.047+0800] {dag.py:3229} INFO - Sync 2 DAGs
[2024-09-10T02:18:57.051+0800] {logging_mixin.py:190} INFO - [2024-09-10T02:18:57.051+0800] {dag.py:4156} INFO - Setting next_dagrun for example_xcom_args to None, run_after=None
[2024-09-10T02:18:57.053+0800] {logging_mixin.py:190} INFO - [2024-09-10T02:18:57.053+0800] {dag.py:4156} INFO - Setting next_dagrun for example_xcom_args_with_operators to None, run_after=None
[2024-09-10T02:18:57.060+0800] {processor.py:208} INFO - Processing /Users/erniesg/.pyenv/versions/3.12.5/envs/letters_home/lib/python3.12/site-packages/airflow/example_dags/example_xcomargs.py took 0.070 seconds
[2024-09-10T02:20:20.947+0800] {processor.py:186} INFO - Started process (PID=70362) to work on /Users/erniesg/.pyenv/versions/3.12.5/envs/letters_home/lib/python3.12/site-packages/airflow/example_dags/example_xcomargs.py
[2024-09-10T02:20:20.947+0800] {processor.py:914} INFO - Processing file /Users/erniesg/.pyenv/versions/3.12.5/envs/letters_home/lib/python3.12/site-packages/airflow/example_dags/example_xcomargs.py for tasks to queue
[2024-09-10T02:20:20.947+0800] {logging_mixin.py:190} INFO - [2024-09-10T02:20:20.947+0800] {dagbag.py:587} INFO - Filling up the DagBag from /Users/erniesg/.pyenv/versions/3.12.5/envs/letters_home/lib/python3.12/site-packages/airflow/example_dags/example_xcomargs.py
[2024-09-10T02:20:20.964+0800] {processor.py:925} INFO - DAG(s) 'example_xcom_args', 'example_xcom_args_with_operators' retrieved from /Users/erniesg/.pyenv/versions/3.12.5/envs/letters_home/lib/python3.12/site-packages/airflow/example_dags/example_xcomargs.py
[2024-09-10T02:20:21.000+0800] {logging_mixin.py:190} INFO - [2024-09-10T02:20:21.000+0800] {dag.py:3229} INFO - Sync 2 DAGs
[2024-09-10T02:20:21.004+0800] {logging_mixin.py:190} INFO - [2024-09-10T02:20:21.004+0800] {dag.py:4156} INFO - Setting next_dagrun for example_xcom_args to None, run_after=None
[2024-09-10T02:20:21.005+0800] {logging_mixin.py:190} INFO - [2024-09-10T02:20:21.005+0800] {dag.py:4156} INFO - Setting next_dagrun for example_xcom_args_with_operators to None, run_after=None
[2024-09-10T02:20:21.011+0800] {processor.py:208} INFO - Processing /Users/erniesg/.pyenv/versions/3.12.5/envs/letters_home/lib/python3.12/site-packages/airflow/example_dags/example_xcomargs.py took 0.066 seconds
[2024-09-10T02:23:19.907+0800] {processor.py:186} INFO - Started process (PID=71811) to work on /Users/erniesg/.pyenv/versions/3.12.5/envs/letters_home/lib/python3.12/site-packages/airflow/example_dags/example_xcomargs.py
[2024-09-10T02:23:19.907+0800] {processor.py:914} INFO - Processing file /Users/erniesg/.pyenv/versions/3.12.5/envs/letters_home/lib/python3.12/site-packages/airflow/example_dags/example_xcomargs.py for tasks to queue
[2024-09-10T02:23:19.907+0800] {logging_mixin.py:190} INFO - [2024-09-10T02:23:19.907+0800] {dagbag.py:587} INFO - Filling up the DagBag from /Users/erniesg/.pyenv/versions/3.12.5/envs/letters_home/lib/python3.12/site-packages/airflow/example_dags/example_xcomargs.py
[2024-09-10T02:23:19.923+0800] {processor.py:925} INFO - DAG(s) 'example_xcom_args_with_operators', 'example_xcom_args' retrieved from /Users/erniesg/.pyenv/versions/3.12.5/envs/letters_home/lib/python3.12/site-packages/airflow/example_dags/example_xcomargs.py
[2024-09-10T02:23:19.960+0800] {logging_mixin.py:190} INFO - [2024-09-10T02:23:19.960+0800] {dag.py:3229} INFO - Sync 2 DAGs
[2024-09-10T02:23:19.965+0800] {logging_mixin.py:190} INFO - [2024-09-10T02:23:19.965+0800] {dag.py:4156} INFO - Setting next_dagrun for example_xcom_args to None, run_after=None
[2024-09-10T02:23:19.966+0800] {logging_mixin.py:190} INFO - [2024-09-10T02:23:19.966+0800] {dag.py:4156} INFO - Setting next_dagrun for example_xcom_args_with_operators to None, run_after=None
[2024-09-10T02:23:19.972+0800] {processor.py:208} INFO - Processing /Users/erniesg/.pyenv/versions/3.12.5/envs/letters_home/lib/python3.12/site-packages/airflow/example_dags/example_xcomargs.py took 0.067 seconds
