[2024-09-10T01:38:26.111+0800] {processor.py:186} INFO - Started process (PID=58026) to work on /Users/erniesg/.pyenv/versions/3.12.5/envs/letters_home/lib/python3.12/site-packages/airflow/example_dags/example_branch_python_dop_operator_3.py
[2024-09-10T01:38:26.111+0800] {processor.py:914} INFO - Processing file /Users/erniesg/.pyenv/versions/3.12.5/envs/letters_home/lib/python3.12/site-packages/airflow/example_dags/example_branch_python_dop_operator_3.py for tasks to queue
[2024-09-10T01:38:26.112+0800] {logging_mixin.py:190} INFO - [2024-09-10T01:38:26.112+0800] {dagbag.py:587} INFO - Filling up the DagBag from /Users/erniesg/.pyenv/versions/3.12.5/envs/letters_home/lib/python3.12/site-packages/airflow/example_dags/example_branch_python_dop_operator_3.py
[2024-09-10T01:38:26.128+0800] {processor.py:925} INFO - DAG(s) 'example_branch_dop_operator_v3' retrieved from /Users/erniesg/.pyenv/versions/3.12.5/envs/letters_home/lib/python3.12/site-packages/airflow/example_dags/example_branch_python_dop_operator_3.py
[2024-09-10T01:38:26.197+0800] {logging_mixin.py:190} INFO - [2024-09-10T01:38:26.196+0800] {override.py:1900} INFO - Created Permission View: can delete on DAG:example_branch_dop_operator_v3
[2024-09-10T01:38:26.200+0800] {logging_mixin.py:190} INFO - [2024-09-10T01:38:26.200+0800] {override.py:1900} INFO - Created Permission View: can edit on DAG:example_branch_dop_operator_v3
[2024-09-10T01:38:26.202+0800] {logging_mixin.py:190} INFO - [2024-09-10T01:38:26.202+0800] {override.py:1900} INFO - Created Permission View: can read on DAG:example_branch_dop_operator_v3
[2024-09-10T01:38:26.205+0800] {logging_mixin.py:190} INFO - [2024-09-10T01:38:26.205+0800] {override.py:1900} INFO - Created Permission View: can delete on DAG Run:example_branch_dop_operator_v3
[2024-09-10T01:38:26.207+0800] {logging_mixin.py:190} INFO - [2024-09-10T01:38:26.207+0800] {override.py:1900} INFO - Created Permission View: can create on DAG Run:example_branch_dop_operator_v3
[2024-09-10T01:38:26.209+0800] {logging_mixin.py:190} INFO - [2024-09-10T01:38:26.209+0800] {override.py:1900} INFO - Created Permission View: menu access on DAG Run:example_branch_dop_operator_v3
[2024-09-10T01:38:26.211+0800] {logging_mixin.py:190} INFO - [2024-09-10T01:38:26.211+0800] {override.py:1900} INFO - Created Permission View: can read on DAG Run:example_branch_dop_operator_v3
[2024-09-10T01:38:26.211+0800] {logging_mixin.py:190} INFO - [2024-09-10T01:38:26.211+0800] {dag.py:3229} INFO - Sync 1 DAGs
[2024-09-10T01:38:26.216+0800] {logging_mixin.py:190} INFO - [2024-09-10T01:38:26.216+0800] {dag.py:3252} INFO - Creating ORM DAG for example_branch_dop_operator_v3
[2024-09-10T01:38:26.220+0800] {logging_mixin.py:190} INFO - [2024-09-10T01:38:26.220+0800] {dag.py:4156} INFO - Setting next_dagrun for example_branch_dop_operator_v3 to 2024-09-09 17:37:00+00:00, run_after=2024-09-09 17:38:00+00:00
[2024-09-10T01:38:26.225+0800] {processor.py:208} INFO - Processing /Users/erniesg/.pyenv/versions/3.12.5/envs/letters_home/lib/python3.12/site-packages/airflow/example_dags/example_branch_python_dop_operator_3.py took 0.116 seconds
[2024-09-10T01:41:04.798+0800] {processor.py:186} INFO - Started process (PID=58169) to work on /Users/erniesg/.pyenv/versions/3.12.5/envs/letters_home/lib/python3.12/site-packages/airflow/example_dags/example_branch_python_dop_operator_3.py
[2024-09-10T01:41:04.798+0800] {processor.py:914} INFO - Processing file /Users/erniesg/.pyenv/versions/3.12.5/envs/letters_home/lib/python3.12/site-packages/airflow/example_dags/example_branch_python_dop_operator_3.py for tasks to queue
[2024-09-10T01:41:04.799+0800] {logging_mixin.py:190} INFO - [2024-09-10T01:41:04.798+0800] {dagbag.py:587} INFO - Filling up the DagBag from /Users/erniesg/.pyenv/versions/3.12.5/envs/letters_home/lib/python3.12/site-packages/airflow/example_dags/example_branch_python_dop_operator_3.py
[2024-09-10T01:41:04.814+0800] {processor.py:925} INFO - DAG(s) 'example_branch_dop_operator_v3' retrieved from /Users/erniesg/.pyenv/versions/3.12.5/envs/letters_home/lib/python3.12/site-packages/airflow/example_dags/example_branch_python_dop_operator_3.py
[2024-09-10T01:41:04.848+0800] {logging_mixin.py:190} INFO - [2024-09-10T01:41:04.848+0800] {dag.py:3229} INFO - Sync 1 DAGs
[2024-09-10T01:41:04.855+0800] {logging_mixin.py:190} INFO - [2024-09-10T01:41:04.855+0800] {dag.py:4156} INFO - Setting next_dagrun for example_branch_dop_operator_v3 to 2024-09-09 17:40:00+00:00, run_after=2024-09-09 17:41:00+00:00
[2024-09-10T01:41:04.863+0800] {processor.py:208} INFO - Processing /Users/erniesg/.pyenv/versions/3.12.5/envs/letters_home/lib/python3.12/site-packages/airflow/example_dags/example_branch_python_dop_operator_3.py took 0.066 seconds
[2024-09-10T01:43:51.193+0800] {processor.py:186} INFO - Started process (PID=58725) to work on /Users/erniesg/.pyenv/versions/3.12.5/envs/letters_home/lib/python3.12/site-packages/airflow/example_dags/example_branch_python_dop_operator_3.py
[2024-09-10T01:43:51.193+0800] {processor.py:914} INFO - Processing file /Users/erniesg/.pyenv/versions/3.12.5/envs/letters_home/lib/python3.12/site-packages/airflow/example_dags/example_branch_python_dop_operator_3.py for tasks to queue
[2024-09-10T01:43:51.193+0800] {logging_mixin.py:190} INFO - [2024-09-10T01:43:51.193+0800] {dagbag.py:587} INFO - Filling up the DagBag from /Users/erniesg/.pyenv/versions/3.12.5/envs/letters_home/lib/python3.12/site-packages/airflow/example_dags/example_branch_python_dop_operator_3.py
[2024-09-10T01:43:51.209+0800] {processor.py:925} INFO - DAG(s) 'example_branch_dop_operator_v3' retrieved from /Users/erniesg/.pyenv/versions/3.12.5/envs/letters_home/lib/python3.12/site-packages/airflow/example_dags/example_branch_python_dop_operator_3.py
[2024-09-10T01:43:51.246+0800] {logging_mixin.py:190} INFO - [2024-09-10T01:43:51.246+0800] {dag.py:3229} INFO - Sync 1 DAGs
[2024-09-10T01:43:51.253+0800] {logging_mixin.py:190} INFO - [2024-09-10T01:43:51.253+0800] {dag.py:4156} INFO - Setting next_dagrun for example_branch_dop_operator_v3 to 2024-09-09 17:42:00+00:00, run_after=2024-09-09 17:43:00+00:00
[2024-09-10T01:43:51.262+0800] {processor.py:208} INFO - Processing /Users/erniesg/.pyenv/versions/3.12.5/envs/letters_home/lib/python3.12/site-packages/airflow/example_dags/example_branch_python_dop_operator_3.py took 0.071 seconds
[2024-09-10T02:00:30.930+0800] {processor.py:186} INFO - Started process (PID=67617) to work on /Users/erniesg/.pyenv/versions/3.12.5/envs/letters_home/lib/python3.12/site-packages/airflow/example_dags/example_branch_python_dop_operator_3.py
[2024-09-10T02:00:30.930+0800] {processor.py:914} INFO - Processing file /Users/erniesg/.pyenv/versions/3.12.5/envs/letters_home/lib/python3.12/site-packages/airflow/example_dags/example_branch_python_dop_operator_3.py for tasks to queue
[2024-09-10T02:00:30.931+0800] {logging_mixin.py:190} INFO - [2024-09-10T02:00:30.931+0800] {dagbag.py:587} INFO - Filling up the DagBag from /Users/erniesg/.pyenv/versions/3.12.5/envs/letters_home/lib/python3.12/site-packages/airflow/example_dags/example_branch_python_dop_operator_3.py
[2024-09-10T02:00:30.946+0800] {processor.py:925} INFO - DAG(s) 'example_branch_dop_operator_v3' retrieved from /Users/erniesg/.pyenv/versions/3.12.5/envs/letters_home/lib/python3.12/site-packages/airflow/example_dags/example_branch_python_dop_operator_3.py
[2024-09-10T02:00:30.980+0800] {logging_mixin.py:190} INFO - [2024-09-10T02:00:30.980+0800] {dag.py:3229} INFO - Sync 1 DAGs
[2024-09-10T02:00:30.987+0800] {logging_mixin.py:190} INFO - [2024-09-10T02:00:30.987+0800] {dag.py:4156} INFO - Setting next_dagrun for example_branch_dop_operator_v3 to 2024-09-09 17:59:00+00:00, run_after=2024-09-09 18:00:00+00:00
[2024-09-10T02:00:30.995+0800] {processor.py:208} INFO - Processing /Users/erniesg/.pyenv/versions/3.12.5/envs/letters_home/lib/python3.12/site-packages/airflow/example_dags/example_branch_python_dop_operator_3.py took 0.066 seconds
[2024-09-10T02:03:12.031+0800] {processor.py:186} INFO - Started process (PID=68029) to work on /Users/erniesg/.pyenv/versions/3.12.5/envs/letters_home/lib/python3.12/site-packages/airflow/example_dags/example_branch_python_dop_operator_3.py
[2024-09-10T02:03:12.032+0800] {processor.py:914} INFO - Processing file /Users/erniesg/.pyenv/versions/3.12.5/envs/letters_home/lib/python3.12/site-packages/airflow/example_dags/example_branch_python_dop_operator_3.py for tasks to queue
[2024-09-10T02:03:12.032+0800] {logging_mixin.py:190} INFO - [2024-09-10T02:03:12.032+0800] {dagbag.py:587} INFO - Filling up the DagBag from /Users/erniesg/.pyenv/versions/3.12.5/envs/letters_home/lib/python3.12/site-packages/airflow/example_dags/example_branch_python_dop_operator_3.py
[2024-09-10T02:03:12.048+0800] {processor.py:925} INFO - DAG(s) 'example_branch_dop_operator_v3' retrieved from /Users/erniesg/.pyenv/versions/3.12.5/envs/letters_home/lib/python3.12/site-packages/airflow/example_dags/example_branch_python_dop_operator_3.py
[2024-09-10T02:03:12.085+0800] {logging_mixin.py:190} INFO - [2024-09-10T02:03:12.085+0800] {dag.py:3229} INFO - Sync 1 DAGs
[2024-09-10T02:03:12.093+0800] {logging_mixin.py:190} INFO - [2024-09-10T02:03:12.093+0800] {dag.py:4156} INFO - Setting next_dagrun for example_branch_dop_operator_v3 to 2024-09-09 18:02:00+00:00, run_after=2024-09-09 18:03:00+00:00
[2024-09-10T02:03:12.100+0800] {processor.py:208} INFO - Processing /Users/erniesg/.pyenv/versions/3.12.5/envs/letters_home/lib/python3.12/site-packages/airflow/example_dags/example_branch_python_dop_operator_3.py took 0.070 seconds
[2024-09-10T02:06:12.751+0800] {processor.py:186} INFO - Started process (PID=68230) to work on /Users/erniesg/.pyenv/versions/3.12.5/envs/letters_home/lib/python3.12/site-packages/airflow/example_dags/example_branch_python_dop_operator_3.py
[2024-09-10T02:06:12.751+0800] {processor.py:914} INFO - Processing file /Users/erniesg/.pyenv/versions/3.12.5/envs/letters_home/lib/python3.12/site-packages/airflow/example_dags/example_branch_python_dop_operator_3.py for tasks to queue
[2024-09-10T02:06:12.752+0800] {logging_mixin.py:190} INFO - [2024-09-10T02:06:12.752+0800] {dagbag.py:587} INFO - Filling up the DagBag from /Users/erniesg/.pyenv/versions/3.12.5/envs/letters_home/lib/python3.12/site-packages/airflow/example_dags/example_branch_python_dop_operator_3.py
[2024-09-10T02:06:12.771+0800] {processor.py:925} INFO - DAG(s) 'example_branch_dop_operator_v3' retrieved from /Users/erniesg/.pyenv/versions/3.12.5/envs/letters_home/lib/python3.12/site-packages/airflow/example_dags/example_branch_python_dop_operator_3.py
[2024-09-10T02:06:12.817+0800] {logging_mixin.py:190} INFO - [2024-09-10T02:06:12.817+0800] {dag.py:3229} INFO - Sync 1 DAGs
[2024-09-10T02:06:12.830+0800] {logging_mixin.py:190} INFO - [2024-09-10T02:06:12.830+0800] {dag.py:4156} INFO - Setting next_dagrun for example_branch_dop_operator_v3 to 2024-09-09 18:05:00+00:00, run_after=2024-09-09 18:06:00+00:00
[2024-09-10T02:06:12.839+0800] {processor.py:208} INFO - Processing /Users/erniesg/.pyenv/versions/3.12.5/envs/letters_home/lib/python3.12/site-packages/airflow/example_dags/example_branch_python_dop_operator_3.py took 0.090 seconds
[2024-09-10T02:08:57.740+0800] {processor.py:186} INFO - Started process (PID=68552) to work on /Users/erniesg/.pyenv/versions/3.12.5/envs/letters_home/lib/python3.12/site-packages/airflow/example_dags/example_branch_python_dop_operator_3.py
[2024-09-10T02:08:57.740+0800] {processor.py:914} INFO - Processing file /Users/erniesg/.pyenv/versions/3.12.5/envs/letters_home/lib/python3.12/site-packages/airflow/example_dags/example_branch_python_dop_operator_3.py for tasks to queue
[2024-09-10T02:08:57.741+0800] {logging_mixin.py:190} INFO - [2024-09-10T02:08:57.741+0800] {dagbag.py:587} INFO - Filling up the DagBag from /Users/erniesg/.pyenv/versions/3.12.5/envs/letters_home/lib/python3.12/site-packages/airflow/example_dags/example_branch_python_dop_operator_3.py
[2024-09-10T02:08:57.756+0800] {processor.py:925} INFO - DAG(s) 'example_branch_dop_operator_v3' retrieved from /Users/erniesg/.pyenv/versions/3.12.5/envs/letters_home/lib/python3.12/site-packages/airflow/example_dags/example_branch_python_dop_operator_3.py
[2024-09-10T02:08:57.791+0800] {logging_mixin.py:190} INFO - [2024-09-10T02:08:57.791+0800] {dag.py:3229} INFO - Sync 1 DAGs
[2024-09-10T02:08:57.798+0800] {logging_mixin.py:190} INFO - [2024-09-10T02:08:57.798+0800] {dag.py:4156} INFO - Setting next_dagrun for example_branch_dop_operator_v3 to 2024-09-09 18:07:00+00:00, run_after=2024-09-09 18:08:00+00:00
[2024-09-10T02:08:57.806+0800] {processor.py:208} INFO - Processing /Users/erniesg/.pyenv/versions/3.12.5/envs/letters_home/lib/python3.12/site-packages/airflow/example_dags/example_branch_python_dop_operator_3.py took 0.067 seconds
[2024-09-10T02:13:31.858+0800] {processor.py:186} INFO - Started process (PID=69307) to work on /Users/erniesg/.pyenv/versions/3.12.5/envs/letters_home/lib/python3.12/site-packages/airflow/example_dags/example_branch_python_dop_operator_3.py
[2024-09-10T02:13:31.858+0800] {processor.py:914} INFO - Processing file /Users/erniesg/.pyenv/versions/3.12.5/envs/letters_home/lib/python3.12/site-packages/airflow/example_dags/example_branch_python_dop_operator_3.py for tasks to queue
[2024-09-10T02:13:31.859+0800] {logging_mixin.py:190} INFO - [2024-09-10T02:13:31.859+0800] {dagbag.py:587} INFO - Filling up the DagBag from /Users/erniesg/.pyenv/versions/3.12.5/envs/letters_home/lib/python3.12/site-packages/airflow/example_dags/example_branch_python_dop_operator_3.py
[2024-09-10T02:13:31.876+0800] {processor.py:925} INFO - DAG(s) 'example_branch_dop_operator_v3' retrieved from /Users/erniesg/.pyenv/versions/3.12.5/envs/letters_home/lib/python3.12/site-packages/airflow/example_dags/example_branch_python_dop_operator_3.py
[2024-09-10T02:13:31.914+0800] {logging_mixin.py:190} INFO - [2024-09-10T02:13:31.914+0800] {dag.py:3229} INFO - Sync 1 DAGs
[2024-09-10T02:13:31.923+0800] {logging_mixin.py:190} INFO - [2024-09-10T02:13:31.923+0800] {dag.py:4156} INFO - Setting next_dagrun for example_branch_dop_operator_v3 to 2024-09-09 18:12:00+00:00, run_after=2024-09-09 18:13:00+00:00
[2024-09-10T02:13:31.931+0800] {processor.py:208} INFO - Processing /Users/erniesg/.pyenv/versions/3.12.5/envs/letters_home/lib/python3.12/site-packages/airflow/example_dags/example_branch_python_dop_operator_3.py took 0.074 seconds
[2024-09-10T02:16:54.278+0800] {processor.py:186} INFO - Started process (PID=69771) to work on /Users/erniesg/.pyenv/versions/3.12.5/envs/letters_home/lib/python3.12/site-packages/airflow/example_dags/example_branch_python_dop_operator_3.py
[2024-09-10T02:16:54.279+0800] {processor.py:914} INFO - Processing file /Users/erniesg/.pyenv/versions/3.12.5/envs/letters_home/lib/python3.12/site-packages/airflow/example_dags/example_branch_python_dop_operator_3.py for tasks to queue
[2024-09-10T02:16:54.279+0800] {logging_mixin.py:190} INFO - [2024-09-10T02:16:54.279+0800] {dagbag.py:587} INFO - Filling up the DagBag from /Users/erniesg/.pyenv/versions/3.12.5/envs/letters_home/lib/python3.12/site-packages/airflow/example_dags/example_branch_python_dop_operator_3.py
[2024-09-10T02:16:54.296+0800] {processor.py:925} INFO - DAG(s) 'example_branch_dop_operator_v3' retrieved from /Users/erniesg/.pyenv/versions/3.12.5/envs/letters_home/lib/python3.12/site-packages/airflow/example_dags/example_branch_python_dop_operator_3.py
[2024-09-10T02:16:54.333+0800] {logging_mixin.py:190} INFO - [2024-09-10T02:16:54.333+0800] {dag.py:3229} INFO - Sync 1 DAGs
[2024-09-10T02:16:54.341+0800] {logging_mixin.py:190} INFO - [2024-09-10T02:16:54.341+0800] {dag.py:4156} INFO - Setting next_dagrun for example_branch_dop_operator_v3 to 2024-09-09 18:15:00+00:00, run_after=2024-09-09 18:16:00+00:00
[2024-09-10T02:16:54.348+0800] {processor.py:208} INFO - Processing /Users/erniesg/.pyenv/versions/3.12.5/envs/letters_home/lib/python3.12/site-packages/airflow/example_dags/example_branch_python_dop_operator_3.py took 0.071 seconds
[2024-09-10T02:19:42.114+0800] {processor.py:186} INFO - Started process (PID=70318) to work on /Users/erniesg/.pyenv/versions/3.12.5/envs/letters_home/lib/python3.12/site-packages/airflow/example_dags/example_branch_python_dop_operator_3.py
[2024-09-10T02:19:42.115+0800] {processor.py:914} INFO - Processing file /Users/erniesg/.pyenv/versions/3.12.5/envs/letters_home/lib/python3.12/site-packages/airflow/example_dags/example_branch_python_dop_operator_3.py for tasks to queue
[2024-09-10T02:19:42.115+0800] {logging_mixin.py:190} INFO - [2024-09-10T02:19:42.115+0800] {dagbag.py:587} INFO - Filling up the DagBag from /Users/erniesg/.pyenv/versions/3.12.5/envs/letters_home/lib/python3.12/site-packages/airflow/example_dags/example_branch_python_dop_operator_3.py
[2024-09-10T02:19:42.132+0800] {processor.py:925} INFO - DAG(s) 'example_branch_dop_operator_v3' retrieved from /Users/erniesg/.pyenv/versions/3.12.5/envs/letters_home/lib/python3.12/site-packages/airflow/example_dags/example_branch_python_dop_operator_3.py
[2024-09-10T02:19:42.167+0800] {logging_mixin.py:190} INFO - [2024-09-10T02:19:42.167+0800] {dag.py:3229} INFO - Sync 1 DAGs
[2024-09-10T02:19:42.175+0800] {logging_mixin.py:190} INFO - [2024-09-10T02:19:42.175+0800] {dag.py:4156} INFO - Setting next_dagrun for example_branch_dop_operator_v3 to 2024-09-09 18:18:00+00:00, run_after=2024-09-09 18:19:00+00:00
[2024-09-10T02:19:42.183+0800] {processor.py:208} INFO - Processing /Users/erniesg/.pyenv/versions/3.12.5/envs/letters_home/lib/python3.12/site-packages/airflow/example_dags/example_branch_python_dop_operator_3.py took 0.070 seconds
