[2024-09-10T01:37:29.051+0800] {processor.py:186} INFO - Started process (PID=57539) to work on /Users/erniesg/.pyenv/versions/3.12.5/envs/letters_home/lib/python3.12/site-packages/airflow/example_dags/example_subdag_operator.py
[2024-09-10T01:37:29.051+0800] {processor.py:914} INFO - Processing file /Users/erniesg/.pyenv/versions/3.12.5/envs/letters_home/lib/python3.12/site-packages/airflow/example_dags/example_subdag_operator.py for tasks to queue
[2024-09-10T01:37:29.052+0800] {logging_mixin.py:190} INFO - [2024-09-10T01:37:29.052+0800] {dagbag.py:587} INFO - Filling up the DagBag from /Users/erniesg/.pyenv/versions/3.12.5/envs/letters_home/lib/python3.12/site-packages/airflow/example_dags/example_subdag_operator.py
[2024-09-10T01:37:29.089+0800] {processor.py:925} INFO - DAG(s) 'example_subdag_operator.section-1', 'example_subdag_operator.section-2', 'example_subdag_operator' retrieved from /Users/erniesg/.pyenv/versions/3.12.5/envs/letters_home/lib/python3.12/site-packages/airflow/example_dags/example_subdag_operator.py
[2024-09-10T01:37:29.280+0800] {logging_mixin.py:190} INFO - [2024-09-10T01:37:29.279+0800] {override.py:1900} INFO - Created Permission View: can read on DAG:example_subdag_operator
[2024-09-10T01:37:29.283+0800] {logging_mixin.py:190} INFO - [2024-09-10T01:37:29.283+0800] {override.py:1900} INFO - Created Permission View: can delete on DAG:example_subdag_operator
[2024-09-10T01:37:29.284+0800] {logging_mixin.py:190} INFO - [2024-09-10T01:37:29.284+0800] {override.py:1900} INFO - Created Permission View: can edit on DAG:example_subdag_operator
[2024-09-10T01:37:29.287+0800] {logging_mixin.py:190} INFO - [2024-09-10T01:37:29.287+0800] {override.py:1900} INFO - Created Permission View: can read on DAG Run:example_subdag_operator
[2024-09-10T01:37:29.289+0800] {logging_mixin.py:190} INFO - [2024-09-10T01:37:29.289+0800] {override.py:1900} INFO - Created Permission View: can create on DAG Run:example_subdag_operator
[2024-09-10T01:37:29.291+0800] {logging_mixin.py:190} INFO - [2024-09-10T01:37:29.291+0800] {override.py:1900} INFO - Created Permission View: can delete on DAG Run:example_subdag_operator
[2024-09-10T01:37:29.293+0800] {logging_mixin.py:190} INFO - [2024-09-10T01:37:29.293+0800] {override.py:1900} INFO - Created Permission View: menu access on DAG Run:example_subdag_operator
[2024-09-10T01:37:29.293+0800] {logging_mixin.py:190} INFO - [2024-09-10T01:37:29.293+0800] {dag.py:3229} INFO - Sync 3 DAGs
[2024-09-10T01:37:29.297+0800] {logging_mixin.py:190} INFO - [2024-09-10T01:37:29.297+0800] {dag.py:3252} INFO - Creating ORM DAG for example_subdag_operator.section-1
[2024-09-10T01:37:29.297+0800] {logging_mixin.py:190} INFO - [2024-09-10T01:37:29.297+0800] {dag.py:3252} INFO - Creating ORM DAG for example_subdag_operator.section-2
[2024-09-10T01:37:29.297+0800] {logging_mixin.py:190} INFO - [2024-09-10T01:37:29.297+0800] {dag.py:3252} INFO - Creating ORM DAG for example_subdag_operator
[2024-09-10T01:37:29.300+0800] {logging_mixin.py:190} INFO - [2024-09-10T01:37:29.300+0800] {dag.py:4156} INFO - Setting next_dagrun for example_subdag_operator to 2022-01-01 00:00:00+00:00, run_after=2022-01-01 00:00:00+00:00
[2024-09-10T01:37:29.300+0800] {logging_mixin.py:190} INFO - [2024-09-10T01:37:29.300+0800] {dag.py:4156} INFO - Setting next_dagrun for example_subdag_operator.section-1 to None, run_after=None
[2024-09-10T01:37:29.300+0800] {logging_mixin.py:190} INFO - [2024-09-10T01:37:29.300+0800] {dag.py:4156} INFO - Setting next_dagrun for example_subdag_operator.section-2 to None, run_after=None
[2024-09-10T01:37:29.303+0800] {logging_mixin.py:190} INFO - [2024-09-10T01:37:29.303+0800] {dag.py:3229} INFO - Sync 2 DAGs
[2024-09-10T01:37:29.304+0800] {logging_mixin.py:190} INFO - [2024-09-10T01:37:29.304+0800] {dag.py:4156} INFO - Setting next_dagrun for example_subdag_operator.section-1 to None, run_after=None
[2024-09-10T01:37:29.305+0800] {logging_mixin.py:190} INFO - [2024-09-10T01:37:29.305+0800] {dag.py:4156} INFO - Setting next_dagrun for example_subdag_operator.section-2 to None, run_after=None
[2024-09-10T01:37:29.310+0800] {processor.py:208} INFO - Processing /Users/erniesg/.pyenv/versions/3.12.5/envs/letters_home/lib/python3.12/site-packages/airflow/example_dags/example_subdag_operator.py took 0.260 seconds
[2024-09-10T01:39:18.476+0800] {processor.py:186} INFO - Started process (PID=58069) to work on /Users/erniesg/.pyenv/versions/3.12.5/envs/letters_home/lib/python3.12/site-packages/airflow/example_dags/example_subdag_operator.py
[2024-09-10T01:39:18.477+0800] {processor.py:914} INFO - Processing file /Users/erniesg/.pyenv/versions/3.12.5/envs/letters_home/lib/python3.12/site-packages/airflow/example_dags/example_subdag_operator.py for tasks to queue
[2024-09-10T01:39:18.477+0800] {logging_mixin.py:190} INFO - [2024-09-10T01:39:18.477+0800] {dagbag.py:587} INFO - Filling up the DagBag from /Users/erniesg/.pyenv/versions/3.12.5/envs/letters_home/lib/python3.12/site-packages/airflow/example_dags/example_subdag_operator.py
[2024-09-10T01:39:18.516+0800] {processor.py:925} INFO - DAG(s) 'example_subdag_operator.section-1', 'example_subdag_operator.section-2', 'example_subdag_operator' retrieved from /Users/erniesg/.pyenv/versions/3.12.5/envs/letters_home/lib/python3.12/site-packages/airflow/example_dags/example_subdag_operator.py
[2024-09-10T01:39:18.683+0800] {logging_mixin.py:190} INFO - [2024-09-10T01:39:18.683+0800] {dag.py:3229} INFO - Sync 3 DAGs
[2024-09-10T01:39:18.691+0800] {logging_mixin.py:190} INFO - [2024-09-10T01:39:18.690+0800] {dag.py:4156} INFO - Setting next_dagrun for example_subdag_operator to 2022-01-01 00:00:00+00:00, run_after=2022-01-01 00:00:00+00:00
[2024-09-10T01:39:18.692+0800] {logging_mixin.py:190} INFO - [2024-09-10T01:39:18.692+0800] {dag.py:4156} INFO - Setting next_dagrun for example_subdag_operator.section-1 to None, run_after=None
[2024-09-10T01:39:18.692+0800] {logging_mixin.py:190} INFO - [2024-09-10T01:39:18.692+0800] {dag.py:4156} INFO - Setting next_dagrun for example_subdag_operator.section-2 to None, run_after=None
[2024-09-10T01:39:18.694+0800] {logging_mixin.py:190} INFO - [2024-09-10T01:39:18.694+0800] {dag.py:3229} INFO - Sync 2 DAGs
[2024-09-10T01:39:18.696+0800] {logging_mixin.py:190} INFO - [2024-09-10T01:39:18.696+0800] {dag.py:4156} INFO - Setting next_dagrun for example_subdag_operator.section-1 to None, run_after=None
[2024-09-10T01:39:18.696+0800] {logging_mixin.py:190} INFO - [2024-09-10T01:39:18.696+0800] {dag.py:4156} INFO - Setting next_dagrun for example_subdag_operator.section-2 to None, run_after=None
[2024-09-10T01:39:18.700+0800] {processor.py:208} INFO - Processing /Users/erniesg/.pyenv/versions/3.12.5/envs/letters_home/lib/python3.12/site-packages/airflow/example_dags/example_subdag_operator.py took 0.225 seconds
[2024-09-10T01:40:39.429+0800] {processor.py:186} INFO - Started process (PID=58154) to work on /Users/erniesg/.pyenv/versions/3.12.5/envs/letters_home/lib/python3.12/site-packages/airflow/example_dags/example_subdag_operator.py
[2024-09-10T01:40:39.430+0800] {processor.py:914} INFO - Processing file /Users/erniesg/.pyenv/versions/3.12.5/envs/letters_home/lib/python3.12/site-packages/airflow/example_dags/example_subdag_operator.py for tasks to queue
[2024-09-10T01:40:39.430+0800] {logging_mixin.py:190} INFO - [2024-09-10T01:40:39.430+0800] {dagbag.py:587} INFO - Filling up the DagBag from /Users/erniesg/.pyenv/versions/3.12.5/envs/letters_home/lib/python3.12/site-packages/airflow/example_dags/example_subdag_operator.py
[2024-09-10T01:40:39.467+0800] {processor.py:925} INFO - DAG(s) 'example_subdag_operator.section-1', 'example_subdag_operator.section-2', 'example_subdag_operator' retrieved from /Users/erniesg/.pyenv/versions/3.12.5/envs/letters_home/lib/python3.12/site-packages/airflow/example_dags/example_subdag_operator.py
[2024-09-10T01:40:39.627+0800] {logging_mixin.py:190} INFO - [2024-09-10T01:40:39.627+0800] {dag.py:3229} INFO - Sync 3 DAGs
[2024-09-10T01:40:39.634+0800] {logging_mixin.py:190} INFO - [2024-09-10T01:40:39.634+0800] {dag.py:4156} INFO - Setting next_dagrun for example_subdag_operator to 2022-01-01 00:00:00+00:00, run_after=2022-01-01 00:00:00+00:00
[2024-09-10T01:40:39.635+0800] {logging_mixin.py:190} INFO - [2024-09-10T01:40:39.635+0800] {dag.py:4156} INFO - Setting next_dagrun for example_subdag_operator.section-1 to None, run_after=None
[2024-09-10T01:40:39.635+0800] {logging_mixin.py:190} INFO - [2024-09-10T01:40:39.635+0800] {dag.py:4156} INFO - Setting next_dagrun for example_subdag_operator.section-2 to None, run_after=None
[2024-09-10T01:40:39.638+0800] {logging_mixin.py:190} INFO - [2024-09-10T01:40:39.637+0800] {dag.py:3229} INFO - Sync 2 DAGs
[2024-09-10T01:40:39.639+0800] {logging_mixin.py:190} INFO - [2024-09-10T01:40:39.639+0800] {dag.py:4156} INFO - Setting next_dagrun for example_subdag_operator.section-1 to None, run_after=None
[2024-09-10T01:40:39.639+0800] {logging_mixin.py:190} INFO - [2024-09-10T01:40:39.639+0800] {dag.py:4156} INFO - Setting next_dagrun for example_subdag_operator.section-2 to None, run_after=None
[2024-09-10T01:40:39.644+0800] {processor.py:208} INFO - Processing /Users/erniesg/.pyenv/versions/3.12.5/envs/letters_home/lib/python3.12/site-packages/airflow/example_dags/example_subdag_operator.py took 0.215 seconds
[2024-09-10T01:41:57.732+0800] {processor.py:186} INFO - Started process (PID=58216) to work on /Users/erniesg/.pyenv/versions/3.12.5/envs/letters_home/lib/python3.12/site-packages/airflow/example_dags/example_subdag_operator.py
[2024-09-10T01:41:57.733+0800] {processor.py:914} INFO - Processing file /Users/erniesg/.pyenv/versions/3.12.5/envs/letters_home/lib/python3.12/site-packages/airflow/example_dags/example_subdag_operator.py for tasks to queue
[2024-09-10T01:41:57.733+0800] {logging_mixin.py:190} INFO - [2024-09-10T01:41:57.733+0800] {dagbag.py:587} INFO - Filling up the DagBag from /Users/erniesg/.pyenv/versions/3.12.5/envs/letters_home/lib/python3.12/site-packages/airflow/example_dags/example_subdag_operator.py
[2024-09-10T01:41:57.771+0800] {processor.py:925} INFO - DAG(s) 'example_subdag_operator.section-1', 'example_subdag_operator.section-2', 'example_subdag_operator' retrieved from /Users/erniesg/.pyenv/versions/3.12.5/envs/letters_home/lib/python3.12/site-packages/airflow/example_dags/example_subdag_operator.py
[2024-09-10T01:41:57.944+0800] {logging_mixin.py:190} INFO - [2024-09-10T01:41:57.944+0800] {dag.py:3229} INFO - Sync 3 DAGs
[2024-09-10T01:41:57.950+0800] {logging_mixin.py:190} INFO - [2024-09-10T01:41:57.950+0800] {dag.py:4156} INFO - Setting next_dagrun for example_subdag_operator to 2022-01-01 00:00:00+00:00, run_after=2022-01-01 00:00:00+00:00
[2024-09-10T01:41:57.952+0800] {logging_mixin.py:190} INFO - [2024-09-10T01:41:57.952+0800] {dag.py:4156} INFO - Setting next_dagrun for example_subdag_operator.section-1 to None, run_after=None
[2024-09-10T01:41:57.952+0800] {logging_mixin.py:190} INFO - [2024-09-10T01:41:57.952+0800] {dag.py:4156} INFO - Setting next_dagrun for example_subdag_operator.section-2 to None, run_after=None
[2024-09-10T01:41:57.954+0800] {logging_mixin.py:190} INFO - [2024-09-10T01:41:57.954+0800] {dag.py:3229} INFO - Sync 2 DAGs
[2024-09-10T01:41:57.955+0800] {logging_mixin.py:190} INFO - [2024-09-10T01:41:57.955+0800] {dag.py:4156} INFO - Setting next_dagrun for example_subdag_operator.section-1 to None, run_after=None
[2024-09-10T01:41:57.955+0800] {logging_mixin.py:190} INFO - [2024-09-10T01:41:57.955+0800] {dag.py:4156} INFO - Setting next_dagrun for example_subdag_operator.section-2 to None, run_after=None
[2024-09-10T01:41:57.960+0800] {processor.py:208} INFO - Processing /Users/erniesg/.pyenv/versions/3.12.5/envs/letters_home/lib/python3.12/site-packages/airflow/example_dags/example_subdag_operator.py took 0.229 seconds
[2024-09-10T01:43:21.870+0800] {processor.py:186} INFO - Started process (PID=58707) to work on /Users/erniesg/.pyenv/versions/3.12.5/envs/letters_home/lib/python3.12/site-packages/airflow/example_dags/example_subdag_operator.py
[2024-09-10T01:43:21.871+0800] {processor.py:914} INFO - Processing file /Users/erniesg/.pyenv/versions/3.12.5/envs/letters_home/lib/python3.12/site-packages/airflow/example_dags/example_subdag_operator.py for tasks to queue
[2024-09-10T01:43:21.871+0800] {logging_mixin.py:190} INFO - [2024-09-10T01:43:21.871+0800] {dagbag.py:587} INFO - Filling up the DagBag from /Users/erniesg/.pyenv/versions/3.12.5/envs/letters_home/lib/python3.12/site-packages/airflow/example_dags/example_subdag_operator.py
[2024-09-10T01:43:21.910+0800] {processor.py:925} INFO - DAG(s) 'example_subdag_operator.section-1', 'example_subdag_operator.section-2', 'example_subdag_operator' retrieved from /Users/erniesg/.pyenv/versions/3.12.5/envs/letters_home/lib/python3.12/site-packages/airflow/example_dags/example_subdag_operator.py
[2024-09-10T01:43:22.091+0800] {logging_mixin.py:190} INFO - [2024-09-10T01:43:22.091+0800] {dag.py:3229} INFO - Sync 3 DAGs
[2024-09-10T01:43:22.097+0800] {logging_mixin.py:190} INFO - [2024-09-10T01:43:22.097+0800] {dag.py:4156} INFO - Setting next_dagrun for example_subdag_operator to 2022-01-01 00:00:00+00:00, run_after=2022-01-01 00:00:00+00:00
[2024-09-10T01:43:22.099+0800] {logging_mixin.py:190} INFO - [2024-09-10T01:43:22.099+0800] {dag.py:4156} INFO - Setting next_dagrun for example_subdag_operator.section-1 to None, run_after=None
[2024-09-10T01:43:22.100+0800] {logging_mixin.py:190} INFO - [2024-09-10T01:43:22.100+0800] {dag.py:4156} INFO - Setting next_dagrun for example_subdag_operator.section-2 to None, run_after=None
[2024-09-10T01:43:22.102+0800] {logging_mixin.py:190} INFO - [2024-09-10T01:43:22.102+0800] {dag.py:3229} INFO - Sync 2 DAGs
[2024-09-10T01:43:22.104+0800] {logging_mixin.py:190} INFO - [2024-09-10T01:43:22.104+0800] {dag.py:4156} INFO - Setting next_dagrun for example_subdag_operator.section-1 to None, run_after=None
[2024-09-10T01:43:22.104+0800] {logging_mixin.py:190} INFO - [2024-09-10T01:43:22.104+0800] {dag.py:4156} INFO - Setting next_dagrun for example_subdag_operator.section-2 to None, run_after=None
[2024-09-10T01:43:22.109+0800] {processor.py:208} INFO - Processing /Users/erniesg/.pyenv/versions/3.12.5/envs/letters_home/lib/python3.12/site-packages/airflow/example_dags/example_subdag_operator.py took 0.240 seconds
[2024-09-10T01:59:00.350+0800] {processor.py:186} INFO - Started process (PID=67467) to work on /Users/erniesg/.pyenv/versions/3.12.5/envs/letters_home/lib/python3.12/site-packages/airflow/example_dags/example_subdag_operator.py
[2024-09-10T01:59:00.351+0800] {processor.py:914} INFO - Processing file /Users/erniesg/.pyenv/versions/3.12.5/envs/letters_home/lib/python3.12/site-packages/airflow/example_dags/example_subdag_operator.py for tasks to queue
[2024-09-10T01:59:00.351+0800] {logging_mixin.py:190} INFO - [2024-09-10T01:59:00.351+0800] {dagbag.py:587} INFO - Filling up the DagBag from /Users/erniesg/.pyenv/versions/3.12.5/envs/letters_home/lib/python3.12/site-packages/airflow/example_dags/example_subdag_operator.py
[2024-09-10T01:59:00.387+0800] {processor.py:925} INFO - DAG(s) 'example_subdag_operator.section-1', 'example_subdag_operator.section-2', 'example_subdag_operator' retrieved from /Users/erniesg/.pyenv/versions/3.12.5/envs/letters_home/lib/python3.12/site-packages/airflow/example_dags/example_subdag_operator.py
[2024-09-10T01:59:00.545+0800] {logging_mixin.py:190} INFO - [2024-09-10T01:59:00.545+0800] {dag.py:3229} INFO - Sync 3 DAGs
[2024-09-10T01:59:00.552+0800] {logging_mixin.py:190} INFO - [2024-09-10T01:59:00.552+0800] {dag.py:4156} INFO - Setting next_dagrun for example_subdag_operator to 2022-01-01 00:00:00+00:00, run_after=2022-01-01 00:00:00+00:00
[2024-09-10T01:59:00.553+0800] {logging_mixin.py:190} INFO - [2024-09-10T01:59:00.553+0800] {dag.py:4156} INFO - Setting next_dagrun for example_subdag_operator.section-1 to None, run_after=None
[2024-09-10T01:59:00.554+0800] {logging_mixin.py:190} INFO - [2024-09-10T01:59:00.554+0800] {dag.py:4156} INFO - Setting next_dagrun for example_subdag_operator.section-2 to None, run_after=None
[2024-09-10T01:59:00.556+0800] {logging_mixin.py:190} INFO - [2024-09-10T01:59:00.556+0800] {dag.py:3229} INFO - Sync 2 DAGs
[2024-09-10T01:59:00.558+0800] {logging_mixin.py:190} INFO - [2024-09-10T01:59:00.558+0800] {dag.py:4156} INFO - Setting next_dagrun for example_subdag_operator.section-1 to None, run_after=None
[2024-09-10T01:59:00.558+0800] {logging_mixin.py:190} INFO - [2024-09-10T01:59:00.558+0800] {dag.py:4156} INFO - Setting next_dagrun for example_subdag_operator.section-2 to None, run_after=None
[2024-09-10T01:59:00.562+0800] {processor.py:208} INFO - Processing /Users/erniesg/.pyenv/versions/3.12.5/envs/letters_home/lib/python3.12/site-packages/airflow/example_dags/example_subdag_operator.py took 0.213 seconds
[2024-09-10T02:01:24.055+0800] {processor.py:186} INFO - Started process (PID=67900) to work on /Users/erniesg/.pyenv/versions/3.12.5/envs/letters_home/lib/python3.12/site-packages/airflow/example_dags/example_subdag_operator.py
[2024-09-10T02:01:24.055+0800] {processor.py:914} INFO - Processing file /Users/erniesg/.pyenv/versions/3.12.5/envs/letters_home/lib/python3.12/site-packages/airflow/example_dags/example_subdag_operator.py for tasks to queue
[2024-09-10T02:01:24.055+0800] {logging_mixin.py:190} INFO - [2024-09-10T02:01:24.055+0800] {dagbag.py:587} INFO - Filling up the DagBag from /Users/erniesg/.pyenv/versions/3.12.5/envs/letters_home/lib/python3.12/site-packages/airflow/example_dags/example_subdag_operator.py
[2024-09-10T02:01:24.094+0800] {processor.py:925} INFO - DAG(s) 'example_subdag_operator.section-1', 'example_subdag_operator.section-2', 'example_subdag_operator' retrieved from /Users/erniesg/.pyenv/versions/3.12.5/envs/letters_home/lib/python3.12/site-packages/airflow/example_dags/example_subdag_operator.py
[2024-09-10T02:01:24.260+0800] {logging_mixin.py:190} INFO - [2024-09-10T02:01:24.259+0800] {dag.py:3229} INFO - Sync 3 DAGs
[2024-09-10T02:01:24.266+0800] {logging_mixin.py:190} INFO - [2024-09-10T02:01:24.266+0800] {dag.py:4156} INFO - Setting next_dagrun for example_subdag_operator to 2022-01-01 00:00:00+00:00, run_after=2022-01-01 00:00:00+00:00
[2024-09-10T02:01:24.267+0800] {logging_mixin.py:190} INFO - [2024-09-10T02:01:24.267+0800] {dag.py:4156} INFO - Setting next_dagrun for example_subdag_operator.section-1 to None, run_after=None
[2024-09-10T02:01:24.268+0800] {logging_mixin.py:190} INFO - [2024-09-10T02:01:24.267+0800] {dag.py:4156} INFO - Setting next_dagrun for example_subdag_operator.section-2 to None, run_after=None
[2024-09-10T02:01:24.270+0800] {logging_mixin.py:190} INFO - [2024-09-10T02:01:24.269+0800] {dag.py:3229} INFO - Sync 2 DAGs
[2024-09-10T02:01:24.271+0800] {logging_mixin.py:190} INFO - [2024-09-10T02:01:24.271+0800] {dag.py:4156} INFO - Setting next_dagrun for example_subdag_operator.section-1 to None, run_after=None
[2024-09-10T02:01:24.271+0800] {logging_mixin.py:190} INFO - [2024-09-10T02:01:24.271+0800] {dag.py:4156} INFO - Setting next_dagrun for example_subdag_operator.section-2 to None, run_after=None
[2024-09-10T02:01:24.275+0800] {processor.py:208} INFO - Processing /Users/erniesg/.pyenv/versions/3.12.5/envs/letters_home/lib/python3.12/site-packages/airflow/example_dags/example_subdag_operator.py took 0.222 seconds
[2024-09-10T02:02:43.779+0800] {processor.py:186} INFO - Started process (PID=67979) to work on /Users/erniesg/.pyenv/versions/3.12.5/envs/letters_home/lib/python3.12/site-packages/airflow/example_dags/example_subdag_operator.py
[2024-09-10T02:02:43.779+0800] {processor.py:914} INFO - Processing file /Users/erniesg/.pyenv/versions/3.12.5/envs/letters_home/lib/python3.12/site-packages/airflow/example_dags/example_subdag_operator.py for tasks to queue
[2024-09-10T02:02:43.780+0800] {logging_mixin.py:190} INFO - [2024-09-10T02:02:43.779+0800] {dagbag.py:587} INFO - Filling up the DagBag from /Users/erniesg/.pyenv/versions/3.12.5/envs/letters_home/lib/python3.12/site-packages/airflow/example_dags/example_subdag_operator.py
[2024-09-10T02:02:43.818+0800] {processor.py:925} INFO - DAG(s) 'example_subdag_operator.section-1', 'example_subdag_operator.section-2', 'example_subdag_operator' retrieved from /Users/erniesg/.pyenv/versions/3.12.5/envs/letters_home/lib/python3.12/site-packages/airflow/example_dags/example_subdag_operator.py
[2024-09-10T02:02:43.991+0800] {logging_mixin.py:190} INFO - [2024-09-10T02:02:43.991+0800] {dag.py:3229} INFO - Sync 3 DAGs
[2024-09-10T02:02:43.998+0800] {logging_mixin.py:190} INFO - [2024-09-10T02:02:43.998+0800] {dag.py:4156} INFO - Setting next_dagrun for example_subdag_operator to 2022-01-01 00:00:00+00:00, run_after=2022-01-01 00:00:00+00:00
[2024-09-10T02:02:43.999+0800] {logging_mixin.py:190} INFO - [2024-09-10T02:02:43.999+0800] {dag.py:4156} INFO - Setting next_dagrun for example_subdag_operator.section-1 to None, run_after=None
[2024-09-10T02:02:43.999+0800] {logging_mixin.py:190} INFO - [2024-09-10T02:02:43.999+0800] {dag.py:4156} INFO - Setting next_dagrun for example_subdag_operator.section-2 to None, run_after=None
[2024-09-10T02:02:44.001+0800] {logging_mixin.py:190} INFO - [2024-09-10T02:02:44.001+0800] {dag.py:3229} INFO - Sync 2 DAGs
[2024-09-10T02:02:44.003+0800] {logging_mixin.py:190} INFO - [2024-09-10T02:02:44.003+0800] {dag.py:4156} INFO - Setting next_dagrun for example_subdag_operator.section-1 to None, run_after=None
[2024-09-10T02:02:44.003+0800] {logging_mixin.py:190} INFO - [2024-09-10T02:02:44.003+0800] {dag.py:4156} INFO - Setting next_dagrun for example_subdag_operator.section-2 to None, run_after=None
[2024-09-10T02:02:44.007+0800] {processor.py:208} INFO - Processing /Users/erniesg/.pyenv/versions/3.12.5/envs/letters_home/lib/python3.12/site-packages/airflow/example_dags/example_subdag_operator.py took 0.230 seconds
[2024-09-10T02:04:05.786+0800] {processor.py:186} INFO - Started process (PID=68088) to work on /Users/erniesg/.pyenv/versions/3.12.5/envs/letters_home/lib/python3.12/site-packages/airflow/example_dags/example_subdag_operator.py
[2024-09-10T02:04:05.787+0800] {processor.py:914} INFO - Processing file /Users/erniesg/.pyenv/versions/3.12.5/envs/letters_home/lib/python3.12/site-packages/airflow/example_dags/example_subdag_operator.py for tasks to queue
[2024-09-10T02:04:05.787+0800] {logging_mixin.py:190} INFO - [2024-09-10T02:04:05.787+0800] {dagbag.py:587} INFO - Filling up the DagBag from /Users/erniesg/.pyenv/versions/3.12.5/envs/letters_home/lib/python3.12/site-packages/airflow/example_dags/example_subdag_operator.py
[2024-09-10T02:04:05.825+0800] {processor.py:925} INFO - DAG(s) 'example_subdag_operator.section-1', 'example_subdag_operator.section-2', 'example_subdag_operator' retrieved from /Users/erniesg/.pyenv/versions/3.12.5/envs/letters_home/lib/python3.12/site-packages/airflow/example_dags/example_subdag_operator.py
[2024-09-10T02:04:06.006+0800] {logging_mixin.py:190} INFO - [2024-09-10T02:04:06.005+0800] {dag.py:3229} INFO - Sync 3 DAGs
[2024-09-10T02:04:06.012+0800] {logging_mixin.py:190} INFO - [2024-09-10T02:04:06.012+0800] {dag.py:4156} INFO - Setting next_dagrun for example_subdag_operator to 2022-01-01 00:00:00+00:00, run_after=2022-01-01 00:00:00+00:00
[2024-09-10T02:04:06.013+0800] {logging_mixin.py:190} INFO - [2024-09-10T02:04:06.013+0800] {dag.py:4156} INFO - Setting next_dagrun for example_subdag_operator.section-1 to None, run_after=None
[2024-09-10T02:04:06.014+0800] {logging_mixin.py:190} INFO - [2024-09-10T02:04:06.014+0800] {dag.py:4156} INFO - Setting next_dagrun for example_subdag_operator.section-2 to None, run_after=None
[2024-09-10T02:04:06.016+0800] {logging_mixin.py:190} INFO - [2024-09-10T02:04:06.016+0800] {dag.py:3229} INFO - Sync 2 DAGs
[2024-09-10T02:04:06.017+0800] {logging_mixin.py:190} INFO - [2024-09-10T02:04:06.017+0800] {dag.py:4156} INFO - Setting next_dagrun for example_subdag_operator.section-1 to None, run_after=None
[2024-09-10T02:04:06.017+0800] {logging_mixin.py:190} INFO - [2024-09-10T02:04:06.017+0800] {dag.py:4156} INFO - Setting next_dagrun for example_subdag_operator.section-2 to None, run_after=None
[2024-09-10T02:04:06.022+0800] {processor.py:208} INFO - Processing /Users/erniesg/.pyenv/versions/3.12.5/envs/letters_home/lib/python3.12/site-packages/airflow/example_dags/example_subdag_operator.py took 0.236 seconds
[2024-09-10T02:05:41.973+0800] {processor.py:186} INFO - Started process (PID=68203) to work on /Users/erniesg/.pyenv/versions/3.12.5/envs/letters_home/lib/python3.12/site-packages/airflow/example_dags/example_subdag_operator.py
[2024-09-10T02:05:41.974+0800] {processor.py:914} INFO - Processing file /Users/erniesg/.pyenv/versions/3.12.5/envs/letters_home/lib/python3.12/site-packages/airflow/example_dags/example_subdag_operator.py for tasks to queue
[2024-09-10T02:05:41.974+0800] {logging_mixin.py:190} INFO - [2024-09-10T02:05:41.974+0800] {dagbag.py:587} INFO - Filling up the DagBag from /Users/erniesg/.pyenv/versions/3.12.5/envs/letters_home/lib/python3.12/site-packages/airflow/example_dags/example_subdag_operator.py
[2024-09-10T02:05:42.011+0800] {processor.py:925} INFO - DAG(s) 'example_subdag_operator.section-1', 'example_subdag_operator.section-2', 'example_subdag_operator' retrieved from /Users/erniesg/.pyenv/versions/3.12.5/envs/letters_home/lib/python3.12/site-packages/airflow/example_dags/example_subdag_operator.py
[2024-09-10T02:05:42.167+0800] {logging_mixin.py:190} INFO - [2024-09-10T02:05:42.167+0800] {dag.py:3229} INFO - Sync 3 DAGs
[2024-09-10T02:05:42.173+0800] {logging_mixin.py:190} INFO - [2024-09-10T02:05:42.173+0800] {dag.py:4156} INFO - Setting next_dagrun for example_subdag_operator to 2022-01-01 00:00:00+00:00, run_after=2022-01-01 00:00:00+00:00
[2024-09-10T02:05:42.175+0800] {logging_mixin.py:190} INFO - [2024-09-10T02:05:42.174+0800] {dag.py:4156} INFO - Setting next_dagrun for example_subdag_operator.section-1 to None, run_after=None
[2024-09-10T02:05:42.175+0800] {logging_mixin.py:190} INFO - [2024-09-10T02:05:42.175+0800] {dag.py:4156} INFO - Setting next_dagrun for example_subdag_operator.section-2 to None, run_after=None
[2024-09-10T02:05:42.177+0800] {logging_mixin.py:190} INFO - [2024-09-10T02:05:42.177+0800] {dag.py:3229} INFO - Sync 2 DAGs
[2024-09-10T02:05:42.178+0800] {logging_mixin.py:190} INFO - [2024-09-10T02:05:42.178+0800] {dag.py:4156} INFO - Setting next_dagrun for example_subdag_operator.section-1 to None, run_after=None
[2024-09-10T02:05:42.178+0800] {logging_mixin.py:190} INFO - [2024-09-10T02:05:42.178+0800] {dag.py:4156} INFO - Setting next_dagrun for example_subdag_operator.section-2 to None, run_after=None
[2024-09-10T02:05:42.183+0800] {processor.py:208} INFO - Processing /Users/erniesg/.pyenv/versions/3.12.5/envs/letters_home/lib/python3.12/site-packages/airflow/example_dags/example_subdag_operator.py took 0.210 seconds
[2024-09-10T02:07:05.593+0800] {processor.py:186} INFO - Started process (PID=68388) to work on /Users/erniesg/.pyenv/versions/3.12.5/envs/letters_home/lib/python3.12/site-packages/airflow/example_dags/example_subdag_operator.py
[2024-09-10T02:07:05.593+0800] {processor.py:914} INFO - Processing file /Users/erniesg/.pyenv/versions/3.12.5/envs/letters_home/lib/python3.12/site-packages/airflow/example_dags/example_subdag_operator.py for tasks to queue
[2024-09-10T02:07:05.593+0800] {logging_mixin.py:190} INFO - [2024-09-10T02:07:05.593+0800] {dagbag.py:587} INFO - Filling up the DagBag from /Users/erniesg/.pyenv/versions/3.12.5/envs/letters_home/lib/python3.12/site-packages/airflow/example_dags/example_subdag_operator.py
[2024-09-10T02:07:05.629+0800] {processor.py:925} INFO - DAG(s) 'example_subdag_operator.section-1', 'example_subdag_operator.section-2', 'example_subdag_operator' retrieved from /Users/erniesg/.pyenv/versions/3.12.5/envs/letters_home/lib/python3.12/site-packages/airflow/example_dags/example_subdag_operator.py
[2024-09-10T02:07:05.783+0800] {logging_mixin.py:190} INFO - [2024-09-10T02:07:05.783+0800] {dag.py:3229} INFO - Sync 3 DAGs
[2024-09-10T02:07:05.790+0800] {logging_mixin.py:190} INFO - [2024-09-10T02:07:05.790+0800] {dag.py:4156} INFO - Setting next_dagrun for example_subdag_operator to 2022-01-01 00:00:00+00:00, run_after=2022-01-01 00:00:00+00:00
[2024-09-10T02:07:05.791+0800] {logging_mixin.py:190} INFO - [2024-09-10T02:07:05.791+0800] {dag.py:4156} INFO - Setting next_dagrun for example_subdag_operator.section-1 to None, run_after=None
[2024-09-10T02:07:05.791+0800] {logging_mixin.py:190} INFO - [2024-09-10T02:07:05.791+0800] {dag.py:4156} INFO - Setting next_dagrun for example_subdag_operator.section-2 to None, run_after=None
[2024-09-10T02:07:05.793+0800] {logging_mixin.py:190} INFO - [2024-09-10T02:07:05.793+0800] {dag.py:3229} INFO - Sync 2 DAGs
[2024-09-10T02:07:05.795+0800] {logging_mixin.py:190} INFO - [2024-09-10T02:07:05.794+0800] {dag.py:4156} INFO - Setting next_dagrun for example_subdag_operator.section-1 to None, run_after=None
[2024-09-10T02:07:05.795+0800] {logging_mixin.py:190} INFO - [2024-09-10T02:07:05.795+0800] {dag.py:4156} INFO - Setting next_dagrun for example_subdag_operator.section-2 to None, run_after=None
[2024-09-10T02:07:05.799+0800] {processor.py:208} INFO - Processing /Users/erniesg/.pyenv/versions/3.12.5/envs/letters_home/lib/python3.12/site-packages/airflow/example_dags/example_subdag_operator.py took 0.207 seconds
[2024-09-10T02:08:28.064+0800] {processor.py:186} INFO - Started process (PID=68489) to work on /Users/erniesg/.pyenv/versions/3.12.5/envs/letters_home/lib/python3.12/site-packages/airflow/example_dags/example_subdag_operator.py
[2024-09-10T02:08:28.064+0800] {processor.py:914} INFO - Processing file /Users/erniesg/.pyenv/versions/3.12.5/envs/letters_home/lib/python3.12/site-packages/airflow/example_dags/example_subdag_operator.py for tasks to queue
[2024-09-10T02:08:28.065+0800] {logging_mixin.py:190} INFO - [2024-09-10T02:08:28.065+0800] {dagbag.py:587} INFO - Filling up the DagBag from /Users/erniesg/.pyenv/versions/3.12.5/envs/letters_home/lib/python3.12/site-packages/airflow/example_dags/example_subdag_operator.py
[2024-09-10T02:08:28.102+0800] {processor.py:925} INFO - DAG(s) 'example_subdag_operator.section-1', 'example_subdag_operator.section-2', 'example_subdag_operator' retrieved from /Users/erniesg/.pyenv/versions/3.12.5/envs/letters_home/lib/python3.12/site-packages/airflow/example_dags/example_subdag_operator.py
[2024-09-10T02:08:28.263+0800] {logging_mixin.py:190} INFO - [2024-09-10T02:08:28.263+0800] {dag.py:3229} INFO - Sync 3 DAGs
[2024-09-10T02:08:28.270+0800] {logging_mixin.py:190} INFO - [2024-09-10T02:08:28.270+0800] {dag.py:4156} INFO - Setting next_dagrun for example_subdag_operator to 2022-01-01 00:00:00+00:00, run_after=2022-01-01 00:00:00+00:00
[2024-09-10T02:08:28.271+0800] {logging_mixin.py:190} INFO - [2024-09-10T02:08:28.271+0800] {dag.py:4156} INFO - Setting next_dagrun for example_subdag_operator.section-1 to None, run_after=None
[2024-09-10T02:08:28.271+0800] {logging_mixin.py:190} INFO - [2024-09-10T02:08:28.271+0800] {dag.py:4156} INFO - Setting next_dagrun for example_subdag_operator.section-2 to None, run_after=None
[2024-09-10T02:08:28.273+0800] {logging_mixin.py:190} INFO - [2024-09-10T02:08:28.273+0800] {dag.py:3229} INFO - Sync 2 DAGs
[2024-09-10T02:08:28.275+0800] {logging_mixin.py:190} INFO - [2024-09-10T02:08:28.275+0800] {dag.py:4156} INFO - Setting next_dagrun for example_subdag_operator.section-1 to None, run_after=None
[2024-09-10T02:08:28.275+0800] {logging_mixin.py:190} INFO - [2024-09-10T02:08:28.275+0800] {dag.py:4156} INFO - Setting next_dagrun for example_subdag_operator.section-2 to None, run_after=None
[2024-09-10T02:08:28.279+0800] {processor.py:208} INFO - Processing /Users/erniesg/.pyenv/versions/3.12.5/envs/letters_home/lib/python3.12/site-packages/airflow/example_dags/example_subdag_operator.py took 0.217 seconds
[2024-09-10T02:09:51.665+0800] {processor.py:186} INFO - Started process (PID=68596) to work on /Users/erniesg/.pyenv/versions/3.12.5/envs/letters_home/lib/python3.12/site-packages/airflow/example_dags/example_subdag_operator.py
[2024-09-10T02:09:51.666+0800] {processor.py:914} INFO - Processing file /Users/erniesg/.pyenv/versions/3.12.5/envs/letters_home/lib/python3.12/site-packages/airflow/example_dags/example_subdag_operator.py for tasks to queue
[2024-09-10T02:09:51.666+0800] {logging_mixin.py:190} INFO - [2024-09-10T02:09:51.666+0800] {dagbag.py:587} INFO - Filling up the DagBag from /Users/erniesg/.pyenv/versions/3.12.5/envs/letters_home/lib/python3.12/site-packages/airflow/example_dags/example_subdag_operator.py
[2024-09-10T02:09:51.703+0800] {processor.py:925} INFO - DAG(s) 'example_subdag_operator.section-1', 'example_subdag_operator.section-2', 'example_subdag_operator' retrieved from /Users/erniesg/.pyenv/versions/3.12.5/envs/letters_home/lib/python3.12/site-packages/airflow/example_dags/example_subdag_operator.py
[2024-09-10T02:09:51.866+0800] {logging_mixin.py:190} INFO - [2024-09-10T02:09:51.866+0800] {dag.py:3229} INFO - Sync 3 DAGs
[2024-09-10T02:09:51.873+0800] {logging_mixin.py:190} INFO - [2024-09-10T02:09:51.873+0800] {dag.py:4156} INFO - Setting next_dagrun for example_subdag_operator to 2022-01-01 00:00:00+00:00, run_after=2022-01-01 00:00:00+00:00
[2024-09-10T02:09:51.874+0800] {logging_mixin.py:190} INFO - [2024-09-10T02:09:51.874+0800] {dag.py:4156} INFO - Setting next_dagrun for example_subdag_operator.section-1 to None, run_after=None
[2024-09-10T02:09:51.874+0800] {logging_mixin.py:190} INFO - [2024-09-10T02:09:51.874+0800] {dag.py:4156} INFO - Setting next_dagrun for example_subdag_operator.section-2 to None, run_after=None
[2024-09-10T02:09:51.876+0800] {logging_mixin.py:190} INFO - [2024-09-10T02:09:51.876+0800] {dag.py:3229} INFO - Sync 2 DAGs
[2024-09-10T02:09:51.878+0800] {logging_mixin.py:190} INFO - [2024-09-10T02:09:51.878+0800] {dag.py:4156} INFO - Setting next_dagrun for example_subdag_operator.section-1 to None, run_after=None
[2024-09-10T02:09:51.878+0800] {logging_mixin.py:190} INFO - [2024-09-10T02:09:51.878+0800] {dag.py:4156} INFO - Setting next_dagrun for example_subdag_operator.section-2 to None, run_after=None
[2024-09-10T02:09:51.882+0800] {processor.py:208} INFO - Processing /Users/erniesg/.pyenv/versions/3.12.5/envs/letters_home/lib/python3.12/site-packages/airflow/example_dags/example_subdag_operator.py took 0.218 seconds
[2024-09-10T02:11:40.196+0800] {processor.py:186} INFO - Started process (PID=69047) to work on /Users/erniesg/.pyenv/versions/3.12.5/envs/letters_home/lib/python3.12/site-packages/airflow/example_dags/example_subdag_operator.py
[2024-09-10T02:11:40.197+0800] {processor.py:914} INFO - Processing file /Users/erniesg/.pyenv/versions/3.12.5/envs/letters_home/lib/python3.12/site-packages/airflow/example_dags/example_subdag_operator.py for tasks to queue
[2024-09-10T02:11:40.197+0800] {logging_mixin.py:190} INFO - [2024-09-10T02:11:40.197+0800] {dagbag.py:587} INFO - Filling up the DagBag from /Users/erniesg/.pyenv/versions/3.12.5/envs/letters_home/lib/python3.12/site-packages/airflow/example_dags/example_subdag_operator.py
[2024-09-10T02:11:40.235+0800] {processor.py:925} INFO - DAG(s) 'example_subdag_operator.section-1', 'example_subdag_operator.section-2', 'example_subdag_operator' retrieved from /Users/erniesg/.pyenv/versions/3.12.5/envs/letters_home/lib/python3.12/site-packages/airflow/example_dags/example_subdag_operator.py
[2024-09-10T02:11:40.407+0800] {logging_mixin.py:190} INFO - [2024-09-10T02:11:40.407+0800] {dag.py:3229} INFO - Sync 3 DAGs
[2024-09-10T02:11:40.414+0800] {logging_mixin.py:190} INFO - [2024-09-10T02:11:40.414+0800] {dag.py:4156} INFO - Setting next_dagrun for example_subdag_operator to 2022-01-01 00:00:00+00:00, run_after=2022-01-01 00:00:00+00:00
[2024-09-10T02:11:40.415+0800] {logging_mixin.py:190} INFO - [2024-09-10T02:11:40.415+0800] {dag.py:4156} INFO - Setting next_dagrun for example_subdag_operator.section-1 to None, run_after=None
[2024-09-10T02:11:40.415+0800] {logging_mixin.py:190} INFO - [2024-09-10T02:11:40.415+0800] {dag.py:4156} INFO - Setting next_dagrun for example_subdag_operator.section-2 to None, run_after=None
[2024-09-10T02:11:40.418+0800] {logging_mixin.py:190} INFO - [2024-09-10T02:11:40.417+0800] {dag.py:3229} INFO - Sync 2 DAGs
[2024-09-10T02:11:40.419+0800] {logging_mixin.py:190} INFO - [2024-09-10T02:11:40.419+0800] {dag.py:4156} INFO - Setting next_dagrun for example_subdag_operator.section-1 to None, run_after=None
[2024-09-10T02:11:40.419+0800] {logging_mixin.py:190} INFO - [2024-09-10T02:11:40.419+0800] {dag.py:4156} INFO - Setting next_dagrun for example_subdag_operator.section-2 to None, run_after=None
[2024-09-10T02:11:40.424+0800] {processor.py:208} INFO - Processing /Users/erniesg/.pyenv/versions/3.12.5/envs/letters_home/lib/python3.12/site-packages/airflow/example_dags/example_subdag_operator.py took 0.229 seconds
[2024-09-10T02:12:31.834+0800] {processor.py:186} INFO - Started process (PID=69264) to work on /Users/erniesg/.pyenv/versions/3.12.5/envs/letters_home/lib/python3.12/site-packages/airflow/example_dags/example_subdag_operator.py
[2024-09-10T02:12:31.834+0800] {processor.py:914} INFO - Processing file /Users/erniesg/.pyenv/versions/3.12.5/envs/letters_home/lib/python3.12/site-packages/airflow/example_dags/example_subdag_operator.py for tasks to queue
[2024-09-10T02:12:31.835+0800] {logging_mixin.py:190} INFO - [2024-09-10T02:12:31.834+0800] {dagbag.py:587} INFO - Filling up the DagBag from /Users/erniesg/.pyenv/versions/3.12.5/envs/letters_home/lib/python3.12/site-packages/airflow/example_dags/example_subdag_operator.py
[2024-09-10T02:12:31.875+0800] {processor.py:925} INFO - DAG(s) 'example_subdag_operator.section-1', 'example_subdag_operator.section-2', 'example_subdag_operator' retrieved from /Users/erniesg/.pyenv/versions/3.12.5/envs/letters_home/lib/python3.12/site-packages/airflow/example_dags/example_subdag_operator.py
[2024-09-10T02:12:32.048+0800] {logging_mixin.py:190} INFO - [2024-09-10T02:12:32.048+0800] {dag.py:3229} INFO - Sync 3 DAGs
[2024-09-10T02:12:32.055+0800] {logging_mixin.py:190} INFO - [2024-09-10T02:12:32.055+0800] {dag.py:4156} INFO - Setting next_dagrun for example_subdag_operator to 2022-01-01 00:00:00+00:00, run_after=2022-01-01 00:00:00+00:00
[2024-09-10T02:12:32.056+0800] {logging_mixin.py:190} INFO - [2024-09-10T02:12:32.056+0800] {dag.py:4156} INFO - Setting next_dagrun for example_subdag_operator.section-1 to None, run_after=None
[2024-09-10T02:12:32.057+0800] {logging_mixin.py:190} INFO - [2024-09-10T02:12:32.057+0800] {dag.py:4156} INFO - Setting next_dagrun for example_subdag_operator.section-2 to None, run_after=None
[2024-09-10T02:12:32.059+0800] {logging_mixin.py:190} INFO - [2024-09-10T02:12:32.059+0800] {dag.py:3229} INFO - Sync 2 DAGs
[2024-09-10T02:12:32.060+0800] {logging_mixin.py:190} INFO - [2024-09-10T02:12:32.060+0800] {dag.py:4156} INFO - Setting next_dagrun for example_subdag_operator.section-1 to None, run_after=None
[2024-09-10T02:12:32.060+0800] {logging_mixin.py:190} INFO - [2024-09-10T02:12:32.060+0800] {dag.py:4156} INFO - Setting next_dagrun for example_subdag_operator.section-2 to None, run_after=None
[2024-09-10T02:12:32.065+0800] {processor.py:208} INFO - Processing /Users/erniesg/.pyenv/versions/3.12.5/envs/letters_home/lib/python3.12/site-packages/airflow/example_dags/example_subdag_operator.py took 0.233 seconds
[2024-09-10T02:14:26.194+0800] {processor.py:186} INFO - Started process (PID=69358) to work on /Users/erniesg/.pyenv/versions/3.12.5/envs/letters_home/lib/python3.12/site-packages/airflow/example_dags/example_subdag_operator.py
[2024-09-10T02:14:26.194+0800] {processor.py:914} INFO - Processing file /Users/erniesg/.pyenv/versions/3.12.5/envs/letters_home/lib/python3.12/site-packages/airflow/example_dags/example_subdag_operator.py for tasks to queue
[2024-09-10T02:14:26.194+0800] {logging_mixin.py:190} INFO - [2024-09-10T02:14:26.194+0800] {dagbag.py:587} INFO - Filling up the DagBag from /Users/erniesg/.pyenv/versions/3.12.5/envs/letters_home/lib/python3.12/site-packages/airflow/example_dags/example_subdag_operator.py
[2024-09-10T02:14:26.233+0800] {processor.py:925} INFO - DAG(s) 'example_subdag_operator.section-1', 'example_subdag_operator.section-2', 'example_subdag_operator' retrieved from /Users/erniesg/.pyenv/versions/3.12.5/envs/letters_home/lib/python3.12/site-packages/airflow/example_dags/example_subdag_operator.py
[2024-09-10T02:14:26.409+0800] {logging_mixin.py:190} INFO - [2024-09-10T02:14:26.409+0800] {dag.py:3229} INFO - Sync 3 DAGs
[2024-09-10T02:14:26.416+0800] {logging_mixin.py:190} INFO - [2024-09-10T02:14:26.416+0800] {dag.py:4156} INFO - Setting next_dagrun for example_subdag_operator to 2022-01-01 00:00:00+00:00, run_after=2022-01-01 00:00:00+00:00
[2024-09-10T02:14:26.417+0800] {logging_mixin.py:190} INFO - [2024-09-10T02:14:26.417+0800] {dag.py:4156} INFO - Setting next_dagrun for example_subdag_operator.section-1 to None, run_after=None
[2024-09-10T02:14:26.417+0800] {logging_mixin.py:190} INFO - [2024-09-10T02:14:26.417+0800] {dag.py:4156} INFO - Setting next_dagrun for example_subdag_operator.section-2 to None, run_after=None
[2024-09-10T02:14:26.419+0800] {logging_mixin.py:190} INFO - [2024-09-10T02:14:26.419+0800] {dag.py:3229} INFO - Sync 2 DAGs
[2024-09-10T02:14:26.421+0800] {logging_mixin.py:190} INFO - [2024-09-10T02:14:26.420+0800] {dag.py:4156} INFO - Setting next_dagrun for example_subdag_operator.section-1 to None, run_after=None
[2024-09-10T02:14:26.421+0800] {logging_mixin.py:190} INFO - [2024-09-10T02:14:26.421+0800] {dag.py:4156} INFO - Setting next_dagrun for example_subdag_operator.section-2 to None, run_after=None
[2024-09-10T02:14:26.425+0800] {processor.py:208} INFO - Processing /Users/erniesg/.pyenv/versions/3.12.5/envs/letters_home/lib/python3.12/site-packages/airflow/example_dags/example_subdag_operator.py took 0.233 seconds
[2024-09-10T02:15:53.852+0800] {processor.py:186} INFO - Started process (PID=69710) to work on /Users/erniesg/.pyenv/versions/3.12.5/envs/letters_home/lib/python3.12/site-packages/airflow/example_dags/example_subdag_operator.py
[2024-09-10T02:15:53.853+0800] {processor.py:914} INFO - Processing file /Users/erniesg/.pyenv/versions/3.12.5/envs/letters_home/lib/python3.12/site-packages/airflow/example_dags/example_subdag_operator.py for tasks to queue
[2024-09-10T02:15:53.853+0800] {logging_mixin.py:190} INFO - [2024-09-10T02:15:53.853+0800] {dagbag.py:587} INFO - Filling up the DagBag from /Users/erniesg/.pyenv/versions/3.12.5/envs/letters_home/lib/python3.12/site-packages/airflow/example_dags/example_subdag_operator.py
[2024-09-10T02:15:53.893+0800] {processor.py:925} INFO - DAG(s) 'example_subdag_operator.section-1', 'example_subdag_operator.section-2', 'example_subdag_operator' retrieved from /Users/erniesg/.pyenv/versions/3.12.5/envs/letters_home/lib/python3.12/site-packages/airflow/example_dags/example_subdag_operator.py
[2024-09-10T02:15:54.071+0800] {logging_mixin.py:190} INFO - [2024-09-10T02:15:54.071+0800] {dag.py:3229} INFO - Sync 3 DAGs
[2024-09-10T02:15:54.078+0800] {logging_mixin.py:190} INFO - [2024-09-10T02:15:54.078+0800] {dag.py:4156} INFO - Setting next_dagrun for example_subdag_operator to 2022-01-01 00:00:00+00:00, run_after=2022-01-01 00:00:00+00:00
[2024-09-10T02:15:54.079+0800] {logging_mixin.py:190} INFO - [2024-09-10T02:15:54.079+0800] {dag.py:4156} INFO - Setting next_dagrun for example_subdag_operator.section-1 to None, run_after=None
[2024-09-10T02:15:54.080+0800] {logging_mixin.py:190} INFO - [2024-09-10T02:15:54.080+0800] {dag.py:4156} INFO - Setting next_dagrun for example_subdag_operator.section-2 to None, run_after=None
[2024-09-10T02:15:54.082+0800] {logging_mixin.py:190} INFO - [2024-09-10T02:15:54.082+0800] {dag.py:3229} INFO - Sync 2 DAGs
[2024-09-10T02:15:54.084+0800] {logging_mixin.py:190} INFO - [2024-09-10T02:15:54.084+0800] {dag.py:4156} INFO - Setting next_dagrun for example_subdag_operator.section-1 to None, run_after=None
[2024-09-10T02:15:54.084+0800] {logging_mixin.py:190} INFO - [2024-09-10T02:15:54.084+0800] {dag.py:4156} INFO - Setting next_dagrun for example_subdag_operator.section-2 to None, run_after=None
[2024-09-10T02:15:54.089+0800] {processor.py:208} INFO - Processing /Users/erniesg/.pyenv/versions/3.12.5/envs/letters_home/lib/python3.12/site-packages/airflow/example_dags/example_subdag_operator.py took 0.238 seconds
[2024-09-10T02:17:50.355+0800] {processor.py:186} INFO - Started process (PID=69839) to work on /Users/erniesg/.pyenv/versions/3.12.5/envs/letters_home/lib/python3.12/site-packages/airflow/example_dags/example_subdag_operator.py
[2024-09-10T02:17:50.355+0800] {processor.py:914} INFO - Processing file /Users/erniesg/.pyenv/versions/3.12.5/envs/letters_home/lib/python3.12/site-packages/airflow/example_dags/example_subdag_operator.py for tasks to queue
[2024-09-10T02:17:50.355+0800] {logging_mixin.py:190} INFO - [2024-09-10T02:17:50.355+0800] {dagbag.py:587} INFO - Filling up the DagBag from /Users/erniesg/.pyenv/versions/3.12.5/envs/letters_home/lib/python3.12/site-packages/airflow/example_dags/example_subdag_operator.py
[2024-09-10T02:17:50.394+0800] {processor.py:925} INFO - DAG(s) 'example_subdag_operator.section-1', 'example_subdag_operator.section-2', 'example_subdag_operator' retrieved from /Users/erniesg/.pyenv/versions/3.12.5/envs/letters_home/lib/python3.12/site-packages/airflow/example_dags/example_subdag_operator.py
[2024-09-10T02:17:50.567+0800] {logging_mixin.py:190} INFO - [2024-09-10T02:17:50.567+0800] {dag.py:3229} INFO - Sync 3 DAGs
[2024-09-10T02:17:50.575+0800] {logging_mixin.py:190} INFO - [2024-09-10T02:17:50.575+0800] {dag.py:4156} INFO - Setting next_dagrun for example_subdag_operator to 2022-01-01 00:00:00+00:00, run_after=2022-01-01 00:00:00+00:00
[2024-09-10T02:17:50.576+0800] {logging_mixin.py:190} INFO - [2024-09-10T02:17:50.576+0800] {dag.py:4156} INFO - Setting next_dagrun for example_subdag_operator.section-1 to None, run_after=None
[2024-09-10T02:17:50.576+0800] {logging_mixin.py:190} INFO - [2024-09-10T02:17:50.576+0800] {dag.py:4156} INFO - Setting next_dagrun for example_subdag_operator.section-2 to None, run_after=None
[2024-09-10T02:17:50.579+0800] {logging_mixin.py:190} INFO - [2024-09-10T02:17:50.579+0800] {dag.py:3229} INFO - Sync 2 DAGs
[2024-09-10T02:17:50.580+0800] {logging_mixin.py:190} INFO - [2024-09-10T02:17:50.580+0800] {dag.py:4156} INFO - Setting next_dagrun for example_subdag_operator.section-1 to None, run_after=None
[2024-09-10T02:17:50.580+0800] {logging_mixin.py:190} INFO - [2024-09-10T02:17:50.580+0800] {dag.py:4156} INFO - Setting next_dagrun for example_subdag_operator.section-2 to None, run_after=None
[2024-09-10T02:17:50.585+0800] {processor.py:208} INFO - Processing /Users/erniesg/.pyenv/versions/3.12.5/envs/letters_home/lib/python3.12/site-packages/airflow/example_dags/example_subdag_operator.py took 0.232 seconds
[2024-09-10T02:19:12.306+0800] {processor.py:186} INFO - Started process (PID=70285) to work on /Users/erniesg/.pyenv/versions/3.12.5/envs/letters_home/lib/python3.12/site-packages/airflow/example_dags/example_subdag_operator.py
[2024-09-10T02:19:12.306+0800] {processor.py:914} INFO - Processing file /Users/erniesg/.pyenv/versions/3.12.5/envs/letters_home/lib/python3.12/site-packages/airflow/example_dags/example_subdag_operator.py for tasks to queue
[2024-09-10T02:19:12.307+0800] {logging_mixin.py:190} INFO - [2024-09-10T02:19:12.307+0800] {dagbag.py:587} INFO - Filling up the DagBag from /Users/erniesg/.pyenv/versions/3.12.5/envs/letters_home/lib/python3.12/site-packages/airflow/example_dags/example_subdag_operator.py
[2024-09-10T02:19:12.358+0800] {processor.py:925} INFO - DAG(s) 'example_subdag_operator.section-1', 'example_subdag_operator.section-2', 'example_subdag_operator' retrieved from /Users/erniesg/.pyenv/versions/3.12.5/envs/letters_home/lib/python3.12/site-packages/airflow/example_dags/example_subdag_operator.py
[2024-09-10T02:19:12.608+0800] {logging_mixin.py:190} INFO - [2024-09-10T02:19:12.607+0800] {dag.py:3229} INFO - Sync 3 DAGs
[2024-09-10T02:19:12.615+0800] {logging_mixin.py:190} INFO - [2024-09-10T02:19:12.615+0800] {dag.py:4156} INFO - Setting next_dagrun for example_subdag_operator to 2022-01-01 00:00:00+00:00, run_after=2022-01-01 00:00:00+00:00
[2024-09-10T02:19:12.616+0800] {logging_mixin.py:190} INFO - [2024-09-10T02:19:12.616+0800] {dag.py:4156} INFO - Setting next_dagrun for example_subdag_operator.section-1 to None, run_after=None
[2024-09-10T02:19:12.617+0800] {logging_mixin.py:190} INFO - [2024-09-10T02:19:12.617+0800] {dag.py:4156} INFO - Setting next_dagrun for example_subdag_operator.section-2 to None, run_after=None
[2024-09-10T02:19:12.619+0800] {logging_mixin.py:190} INFO - [2024-09-10T02:19:12.619+0800] {dag.py:3229} INFO - Sync 2 DAGs
[2024-09-10T02:19:12.621+0800] {logging_mixin.py:190} INFO - [2024-09-10T02:19:12.621+0800] {dag.py:4156} INFO - Setting next_dagrun for example_subdag_operator.section-1 to None, run_after=None
[2024-09-10T02:19:12.621+0800] {logging_mixin.py:190} INFO - [2024-09-10T02:19:12.621+0800] {dag.py:4156} INFO - Setting next_dagrun for example_subdag_operator.section-2 to None, run_after=None
[2024-09-10T02:19:12.626+0800] {processor.py:208} INFO - Processing /Users/erniesg/.pyenv/versions/3.12.5/envs/letters_home/lib/python3.12/site-packages/airflow/example_dags/example_subdag_operator.py took 0.321 seconds
[2024-09-10T02:20:37.115+0800] {processor.py:186} INFO - Started process (PID=70378) to work on /Users/erniesg/.pyenv/versions/3.12.5/envs/letters_home/lib/python3.12/site-packages/airflow/example_dags/example_subdag_operator.py
[2024-09-10T02:20:37.116+0800] {processor.py:914} INFO - Processing file /Users/erniesg/.pyenv/versions/3.12.5/envs/letters_home/lib/python3.12/site-packages/airflow/example_dags/example_subdag_operator.py for tasks to queue
[2024-09-10T02:20:37.116+0800] {logging_mixin.py:190} INFO - [2024-09-10T02:20:37.116+0800] {dagbag.py:587} INFO - Filling up the DagBag from /Users/erniesg/.pyenv/versions/3.12.5/envs/letters_home/lib/python3.12/site-packages/airflow/example_dags/example_subdag_operator.py
[2024-09-10T02:20:37.155+0800] {processor.py:925} INFO - DAG(s) 'example_subdag_operator.section-1', 'example_subdag_operator.section-2', 'example_subdag_operator' retrieved from /Users/erniesg/.pyenv/versions/3.12.5/envs/letters_home/lib/python3.12/site-packages/airflow/example_dags/example_subdag_operator.py
[2024-09-10T02:20:37.331+0800] {logging_mixin.py:190} INFO - [2024-09-10T02:20:37.331+0800] {dag.py:3229} INFO - Sync 3 DAGs
[2024-09-10T02:20:37.338+0800] {logging_mixin.py:190} INFO - [2024-09-10T02:20:37.338+0800] {dag.py:4156} INFO - Setting next_dagrun for example_subdag_operator to 2022-01-01 00:00:00+00:00, run_after=2022-01-01 00:00:00+00:00
[2024-09-10T02:20:37.339+0800] {logging_mixin.py:190} INFO - [2024-09-10T02:20:37.339+0800] {dag.py:4156} INFO - Setting next_dagrun for example_subdag_operator.section-1 to None, run_after=None
[2024-09-10T02:20:37.339+0800] {logging_mixin.py:190} INFO - [2024-09-10T02:20:37.339+0800] {dag.py:4156} INFO - Setting next_dagrun for example_subdag_operator.section-2 to None, run_after=None
[2024-09-10T02:20:37.342+0800] {logging_mixin.py:190} INFO - [2024-09-10T02:20:37.342+0800] {dag.py:3229} INFO - Sync 2 DAGs
[2024-09-10T02:20:37.344+0800] {logging_mixin.py:190} INFO - [2024-09-10T02:20:37.344+0800] {dag.py:4156} INFO - Setting next_dagrun for example_subdag_operator.section-1 to None, run_after=None
[2024-09-10T02:20:37.344+0800] {logging_mixin.py:190} INFO - [2024-09-10T02:20:37.344+0800] {dag.py:4156} INFO - Setting next_dagrun for example_subdag_operator.section-2 to None, run_after=None
[2024-09-10T02:20:37.348+0800] {processor.py:208} INFO - Processing /Users/erniesg/.pyenv/versions/3.12.5/envs/letters_home/lib/python3.12/site-packages/airflow/example_dags/example_subdag_operator.py took 0.234 seconds
