[2024-09-10T01:37:52.263+0800] {processor.py:186} INFO - Started process (PID=57984) to work on /Users/erniesg/.pyenv/versions/3.12.5/envs/letters_home/lib/python3.12/site-packages/airflow/example_dags/example_params_ui_tutorial.py
[2024-09-10T01:37:52.264+0800] {processor.py:914} INFO - Processing file /Users/erniesg/.pyenv/versions/3.12.5/envs/letters_home/lib/python3.12/site-packages/airflow/example_dags/example_params_ui_tutorial.py for tasks to queue
[2024-09-10T01:37:52.264+0800] {logging_mixin.py:190} INFO - [2024-09-10T01:37:52.264+0800] {dagbag.py:587} INFO - Filling up the DagBag from /Users/erniesg/.pyenv/versions/3.12.5/envs/letters_home/lib/python3.12/site-packages/airflow/example_dags/example_params_ui_tutorial.py
[2024-09-10T01:37:52.279+0800] {processor.py:925} INFO - DAG(s) 'example_params_ui_tutorial' retrieved from /Users/erniesg/.pyenv/versions/3.12.5/envs/letters_home/lib/python3.12/site-packages/airflow/example_dags/example_params_ui_tutorial.py
[2024-09-10T01:37:52.374+0800] {logging_mixin.py:190} INFO - [2024-09-10T01:37:52.374+0800] {override.py:1900} INFO - Created Permission View: can read on DAG:example_params_ui_tutorial
[2024-09-10T01:37:52.377+0800] {logging_mixin.py:190} INFO - [2024-09-10T01:37:52.377+0800] {override.py:1900} INFO - Created Permission View: can delete on DAG:example_params_ui_tutorial
[2024-09-10T01:37:52.379+0800] {logging_mixin.py:190} INFO - [2024-09-10T01:37:52.379+0800] {override.py:1900} INFO - Created Permission View: can edit on DAG:example_params_ui_tutorial
[2024-09-10T01:37:52.381+0800] {logging_mixin.py:190} INFO - [2024-09-10T01:37:52.381+0800] {override.py:1900} INFO - Created Permission View: menu access on DAG Run:example_params_ui_tutorial
[2024-09-10T01:37:52.384+0800] {logging_mixin.py:190} INFO - [2024-09-10T01:37:52.384+0800] {override.py:1900} INFO - Created Permission View: can read on DAG Run:example_params_ui_tutorial
[2024-09-10T01:37:52.386+0800] {logging_mixin.py:190} INFO - [2024-09-10T01:37:52.386+0800] {override.py:1900} INFO - Created Permission View: can delete on DAG Run:example_params_ui_tutorial
[2024-09-10T01:37:52.388+0800] {logging_mixin.py:190} INFO - [2024-09-10T01:37:52.388+0800] {override.py:1900} INFO - Created Permission View: can create on DAG Run:example_params_ui_tutorial
[2024-09-10T01:37:52.388+0800] {logging_mixin.py:190} INFO - [2024-09-10T01:37:52.388+0800] {dag.py:3229} INFO - Sync 1 DAGs
[2024-09-10T01:37:52.392+0800] {logging_mixin.py:190} INFO - [2024-09-10T01:37:52.392+0800] {dag.py:3252} INFO - Creating ORM DAG for example_params_ui_tutorial
[2024-09-10T01:37:52.392+0800] {logging_mixin.py:190} INFO - [2024-09-10T01:37:52.392+0800] {dag.py:4156} INFO - Setting next_dagrun for example_params_ui_tutorial to None, run_after=None
[2024-09-10T01:37:52.397+0800] {processor.py:208} INFO - Processing /Users/erniesg/.pyenv/versions/3.12.5/envs/letters_home/lib/python3.12/site-packages/airflow/example_dags/example_params_ui_tutorial.py took 0.135 seconds
[2024-09-10T01:39:40.726+0800] {processor.py:186} INFO - Started process (PID=58097) to work on /Users/erniesg/.pyenv/versions/3.12.5/envs/letters_home/lib/python3.12/site-packages/airflow/example_dags/example_params_ui_tutorial.py
[2024-09-10T01:39:40.726+0800] {processor.py:914} INFO - Processing file /Users/erniesg/.pyenv/versions/3.12.5/envs/letters_home/lib/python3.12/site-packages/airflow/example_dags/example_params_ui_tutorial.py for tasks to queue
[2024-09-10T01:39:40.727+0800] {logging_mixin.py:190} INFO - [2024-09-10T01:39:40.726+0800] {dagbag.py:587} INFO - Filling up the DagBag from /Users/erniesg/.pyenv/versions/3.12.5/envs/letters_home/lib/python3.12/site-packages/airflow/example_dags/example_params_ui_tutorial.py
[2024-09-10T01:39:40.741+0800] {processor.py:925} INFO - DAG(s) 'example_params_ui_tutorial' retrieved from /Users/erniesg/.pyenv/versions/3.12.5/envs/letters_home/lib/python3.12/site-packages/airflow/example_dags/example_params_ui_tutorial.py
[2024-09-10T01:39:40.784+0800] {logging_mixin.py:190} INFO - [2024-09-10T01:39:40.784+0800] {dag.py:3229} INFO - Sync 1 DAGs
[2024-09-10T01:39:40.788+0800] {logging_mixin.py:190} INFO - [2024-09-10T01:39:40.788+0800] {dag.py:4156} INFO - Setting next_dagrun for example_params_ui_tutorial to None, run_after=None
[2024-09-10T01:39:40.795+0800] {processor.py:208} INFO - Processing /Users/erniesg/.pyenv/versions/3.12.5/envs/letters_home/lib/python3.12/site-packages/airflow/example_dags/example_params_ui_tutorial.py took 0.071 seconds
[2024-09-10T01:42:21.416+0800] {processor.py:186} INFO - Started process (PID=58236) to work on /Users/erniesg/.pyenv/versions/3.12.5/envs/letters_home/lib/python3.12/site-packages/airflow/example_dags/example_params_ui_tutorial.py
[2024-09-10T01:42:21.416+0800] {processor.py:914} INFO - Processing file /Users/erniesg/.pyenv/versions/3.12.5/envs/letters_home/lib/python3.12/site-packages/airflow/example_dags/example_params_ui_tutorial.py for tasks to queue
[2024-09-10T01:42:21.416+0800] {logging_mixin.py:190} INFO - [2024-09-10T01:42:21.416+0800] {dagbag.py:587} INFO - Filling up the DagBag from /Users/erniesg/.pyenv/versions/3.12.5/envs/letters_home/lib/python3.12/site-packages/airflow/example_dags/example_params_ui_tutorial.py
[2024-09-10T01:42:21.431+0800] {processor.py:925} INFO - DAG(s) 'example_params_ui_tutorial' retrieved from /Users/erniesg/.pyenv/versions/3.12.5/envs/letters_home/lib/python3.12/site-packages/airflow/example_dags/example_params_ui_tutorial.py
[2024-09-10T01:42:21.475+0800] {logging_mixin.py:190} INFO - [2024-09-10T01:42:21.475+0800] {dag.py:3229} INFO - Sync 1 DAGs
[2024-09-10T01:42:21.478+0800] {logging_mixin.py:190} INFO - [2024-09-10T01:42:21.478+0800] {dag.py:4156} INFO - Setting next_dagrun for example_params_ui_tutorial to None, run_after=None
[2024-09-10T01:42:21.485+0800] {processor.py:208} INFO - Processing /Users/erniesg/.pyenv/versions/3.12.5/envs/letters_home/lib/python3.12/site-packages/airflow/example_dags/example_params_ui_tutorial.py took 0.071 seconds
[2024-09-10T01:59:23.613+0800] {processor.py:186} INFO - Started process (PID=67495) to work on /Users/erniesg/.pyenv/versions/3.12.5/envs/letters_home/lib/python3.12/site-packages/airflow/example_dags/example_params_ui_tutorial.py
[2024-09-10T01:59:23.613+0800] {processor.py:914} INFO - Processing file /Users/erniesg/.pyenv/versions/3.12.5/envs/letters_home/lib/python3.12/site-packages/airflow/example_dags/example_params_ui_tutorial.py for tasks to queue
[2024-09-10T01:59:23.613+0800] {logging_mixin.py:190} INFO - [2024-09-10T01:59:23.613+0800] {dagbag.py:587} INFO - Filling up the DagBag from /Users/erniesg/.pyenv/versions/3.12.5/envs/letters_home/lib/python3.12/site-packages/airflow/example_dags/example_params_ui_tutorial.py
[2024-09-10T01:59:23.629+0800] {processor.py:925} INFO - DAG(s) 'example_params_ui_tutorial' retrieved from /Users/erniesg/.pyenv/versions/3.12.5/envs/letters_home/lib/python3.12/site-packages/airflow/example_dags/example_params_ui_tutorial.py
[2024-09-10T01:59:23.672+0800] {logging_mixin.py:190} INFO - [2024-09-10T01:59:23.672+0800] {dag.py:3229} INFO - Sync 1 DAGs
[2024-09-10T01:59:23.676+0800] {logging_mixin.py:190} INFO - [2024-09-10T01:59:23.676+0800] {dag.py:4156} INFO - Setting next_dagrun for example_params_ui_tutorial to None, run_after=None
[2024-09-10T01:59:23.683+0800] {processor.py:208} INFO - Processing /Users/erniesg/.pyenv/versions/3.12.5/envs/letters_home/lib/python3.12/site-packages/airflow/example_dags/example_params_ui_tutorial.py took 0.071 seconds
[2024-09-10T02:01:47.049+0800] {processor.py:186} INFO - Started process (PID=67924) to work on /Users/erniesg/.pyenv/versions/3.12.5/envs/letters_home/lib/python3.12/site-packages/airflow/example_dags/example_params_ui_tutorial.py
[2024-09-10T02:01:47.049+0800] {processor.py:914} INFO - Processing file /Users/erniesg/.pyenv/versions/3.12.5/envs/letters_home/lib/python3.12/site-packages/airflow/example_dags/example_params_ui_tutorial.py for tasks to queue
[2024-09-10T02:01:47.050+0800] {logging_mixin.py:190} INFO - [2024-09-10T02:01:47.050+0800] {dagbag.py:587} INFO - Filling up the DagBag from /Users/erniesg/.pyenv/versions/3.12.5/envs/letters_home/lib/python3.12/site-packages/airflow/example_dags/example_params_ui_tutorial.py
[2024-09-10T02:01:47.065+0800] {processor.py:925} INFO - DAG(s) 'example_params_ui_tutorial' retrieved from /Users/erniesg/.pyenv/versions/3.12.5/envs/letters_home/lib/python3.12/site-packages/airflow/example_dags/example_params_ui_tutorial.py
[2024-09-10T02:01:47.107+0800] {logging_mixin.py:190} INFO - [2024-09-10T02:01:47.107+0800] {dag.py:3229} INFO - Sync 1 DAGs
[2024-09-10T02:01:47.111+0800] {logging_mixin.py:190} INFO - [2024-09-10T02:01:47.111+0800] {dag.py:4156} INFO - Setting next_dagrun for example_params_ui_tutorial to None, run_after=None
[2024-09-10T02:01:47.118+0800] {processor.py:208} INFO - Processing /Users/erniesg/.pyenv/versions/3.12.5/envs/letters_home/lib/python3.12/site-packages/airflow/example_dags/example_params_ui_tutorial.py took 0.070 seconds
[2024-09-10T02:04:30.518+0800] {processor.py:186} INFO - Started process (PID=68112) to work on /Users/erniesg/.pyenv/versions/3.12.5/envs/letters_home/lib/python3.12/site-packages/airflow/example_dags/example_params_ui_tutorial.py
[2024-09-10T02:04:30.518+0800] {processor.py:914} INFO - Processing file /Users/erniesg/.pyenv/versions/3.12.5/envs/letters_home/lib/python3.12/site-packages/airflow/example_dags/example_params_ui_tutorial.py for tasks to queue
[2024-09-10T02:04:30.519+0800] {logging_mixin.py:190} INFO - [2024-09-10T02:04:30.519+0800] {dagbag.py:587} INFO - Filling up the DagBag from /Users/erniesg/.pyenv/versions/3.12.5/envs/letters_home/lib/python3.12/site-packages/airflow/example_dags/example_params_ui_tutorial.py
[2024-09-10T02:04:30.534+0800] {processor.py:925} INFO - DAG(s) 'example_params_ui_tutorial' retrieved from /Users/erniesg/.pyenv/versions/3.12.5/envs/letters_home/lib/python3.12/site-packages/airflow/example_dags/example_params_ui_tutorial.py
[2024-09-10T02:04:30.581+0800] {logging_mixin.py:190} INFO - [2024-09-10T02:04:30.581+0800] {dag.py:3229} INFO - Sync 1 DAGs
[2024-09-10T02:04:30.585+0800] {logging_mixin.py:190} INFO - [2024-09-10T02:04:30.585+0800] {dag.py:4156} INFO - Setting next_dagrun for example_params_ui_tutorial to None, run_after=None
[2024-09-10T02:04:30.592+0800] {processor.py:208} INFO - Processing /Users/erniesg/.pyenv/versions/3.12.5/envs/letters_home/lib/python3.12/site-packages/airflow/example_dags/example_params_ui_tutorial.py took 0.075 seconds
[2024-09-10T02:07:30.383+0800] {processor.py:186} INFO - Started process (PID=68418) to work on /Users/erniesg/.pyenv/versions/3.12.5/envs/letters_home/lib/python3.12/site-packages/airflow/example_dags/example_params_ui_tutorial.py
[2024-09-10T02:07:30.383+0800] {processor.py:914} INFO - Processing file /Users/erniesg/.pyenv/versions/3.12.5/envs/letters_home/lib/python3.12/site-packages/airflow/example_dags/example_params_ui_tutorial.py for tasks to queue
[2024-09-10T02:07:30.383+0800] {logging_mixin.py:190} INFO - [2024-09-10T02:07:30.383+0800] {dagbag.py:587} INFO - Filling up the DagBag from /Users/erniesg/.pyenv/versions/3.12.5/envs/letters_home/lib/python3.12/site-packages/airflow/example_dags/example_params_ui_tutorial.py
[2024-09-10T02:07:30.400+0800] {processor.py:925} INFO - DAG(s) 'example_params_ui_tutorial' retrieved from /Users/erniesg/.pyenv/versions/3.12.5/envs/letters_home/lib/python3.12/site-packages/airflow/example_dags/example_params_ui_tutorial.py
[2024-09-10T02:07:30.448+0800] {logging_mixin.py:190} INFO - [2024-09-10T02:07:30.447+0800] {dag.py:3229} INFO - Sync 1 DAGs
[2024-09-10T02:07:30.452+0800] {logging_mixin.py:190} INFO - [2024-09-10T02:07:30.452+0800] {dag.py:4156} INFO - Setting next_dagrun for example_params_ui_tutorial to None, run_after=None
[2024-09-10T02:07:30.461+0800] {processor.py:208} INFO - Processing /Users/erniesg/.pyenv/versions/3.12.5/envs/letters_home/lib/python3.12/site-packages/airflow/example_dags/example_params_ui_tutorial.py took 0.079 seconds
[2024-09-10T02:12:55.761+0800] {processor.py:186} INFO - Started process (PID=69281) to work on /Users/erniesg/.pyenv/versions/3.12.5/envs/letters_home/lib/python3.12/site-packages/airflow/example_dags/example_params_ui_tutorial.py
[2024-09-10T02:12:55.761+0800] {processor.py:914} INFO - Processing file /Users/erniesg/.pyenv/versions/3.12.5/envs/letters_home/lib/python3.12/site-packages/airflow/example_dags/example_params_ui_tutorial.py for tasks to queue
[2024-09-10T02:12:55.761+0800] {logging_mixin.py:190} INFO - [2024-09-10T02:12:55.761+0800] {dagbag.py:587} INFO - Filling up the DagBag from /Users/erniesg/.pyenv/versions/3.12.5/envs/letters_home/lib/python3.12/site-packages/airflow/example_dags/example_params_ui_tutorial.py
[2024-09-10T02:12:55.777+0800] {processor.py:925} INFO - DAG(s) 'example_params_ui_tutorial' retrieved from /Users/erniesg/.pyenv/versions/3.12.5/envs/letters_home/lib/python3.12/site-packages/airflow/example_dags/example_params_ui_tutorial.py
[2024-09-10T02:12:55.823+0800] {logging_mixin.py:190} INFO - [2024-09-10T02:12:55.823+0800] {dag.py:3229} INFO - Sync 1 DAGs
[2024-09-10T02:12:55.827+0800] {logging_mixin.py:190} INFO - [2024-09-10T02:12:55.827+0800] {dag.py:4156} INFO - Setting next_dagrun for example_params_ui_tutorial to None, run_after=None
[2024-09-10T02:12:55.835+0800] {processor.py:208} INFO - Processing /Users/erniesg/.pyenv/versions/3.12.5/envs/letters_home/lib/python3.12/site-packages/airflow/example_dags/example_params_ui_tutorial.py took 0.075 seconds
[2024-09-10T02:16:18.444+0800] {processor.py:186} INFO - Started process (PID=69738) to work on /Users/erniesg/.pyenv/versions/3.12.5/envs/letters_home/lib/python3.12/site-packages/airflow/example_dags/example_params_ui_tutorial.py
[2024-09-10T02:16:18.445+0800] {processor.py:914} INFO - Processing file /Users/erniesg/.pyenv/versions/3.12.5/envs/letters_home/lib/python3.12/site-packages/airflow/example_dags/example_params_ui_tutorial.py for tasks to queue
[2024-09-10T02:16:18.445+0800] {logging_mixin.py:190} INFO - [2024-09-10T02:16:18.445+0800] {dagbag.py:587} INFO - Filling up the DagBag from /Users/erniesg/.pyenv/versions/3.12.5/envs/letters_home/lib/python3.12/site-packages/airflow/example_dags/example_params_ui_tutorial.py
[2024-09-10T02:16:18.461+0800] {processor.py:925} INFO - DAG(s) 'example_params_ui_tutorial' retrieved from /Users/erniesg/.pyenv/versions/3.12.5/envs/letters_home/lib/python3.12/site-packages/airflow/example_dags/example_params_ui_tutorial.py
[2024-09-10T02:16:18.506+0800] {logging_mixin.py:190} INFO - [2024-09-10T02:16:18.506+0800] {dag.py:3229} INFO - Sync 1 DAGs
[2024-09-10T02:16:18.510+0800] {logging_mixin.py:190} INFO - [2024-09-10T02:16:18.510+0800] {dag.py:4156} INFO - Setting next_dagrun for example_params_ui_tutorial to None, run_after=None
[2024-09-10T02:16:18.518+0800] {processor.py:208} INFO - Processing /Users/erniesg/.pyenv/versions/3.12.5/envs/letters_home/lib/python3.12/site-packages/airflow/example_dags/example_params_ui_tutorial.py took 0.075 seconds
[2024-09-10T02:18:13.562+0800] {processor.py:186} INFO - Started process (PID=69878) to work on /Users/erniesg/.pyenv/versions/3.12.5/envs/letters_home/lib/python3.12/site-packages/airflow/example_dags/example_params_ui_tutorial.py
[2024-09-10T02:18:13.562+0800] {processor.py:914} INFO - Processing file /Users/erniesg/.pyenv/versions/3.12.5/envs/letters_home/lib/python3.12/site-packages/airflow/example_dags/example_params_ui_tutorial.py for tasks to queue
[2024-09-10T02:18:13.562+0800] {logging_mixin.py:190} INFO - [2024-09-10T02:18:13.562+0800] {dagbag.py:587} INFO - Filling up the DagBag from /Users/erniesg/.pyenv/versions/3.12.5/envs/letters_home/lib/python3.12/site-packages/airflow/example_dags/example_params_ui_tutorial.py
[2024-09-10T02:18:13.579+0800] {processor.py:925} INFO - DAG(s) 'example_params_ui_tutorial' retrieved from /Users/erniesg/.pyenv/versions/3.12.5/envs/letters_home/lib/python3.12/site-packages/airflow/example_dags/example_params_ui_tutorial.py
[2024-09-10T02:18:13.624+0800] {logging_mixin.py:190} INFO - [2024-09-10T02:18:13.624+0800] {dag.py:3229} INFO - Sync 1 DAGs
[2024-09-10T02:18:13.628+0800] {logging_mixin.py:190} INFO - [2024-09-10T02:18:13.628+0800] {dag.py:4156} INFO - Setting next_dagrun for example_params_ui_tutorial to None, run_after=None
[2024-09-10T02:18:13.635+0800] {processor.py:208} INFO - Processing /Users/erniesg/.pyenv/versions/3.12.5/envs/letters_home/lib/python3.12/site-packages/airflow/example_dags/example_params_ui_tutorial.py took 0.074 seconds
