[2024-09-10T01:37:33.151+0800] {processor.py:186} INFO - Started process (PID=57541) to work on /Users/erniesg/.pyenv/versions/3.12.5/envs/letters_home/lib/python3.12/site-packages/airflow/example_dags/example_skip_dag.py
[2024-09-10T01:37:33.151+0800] {processor.py:914} INFO - Processing file /Users/erniesg/.pyenv/versions/3.12.5/envs/letters_home/lib/python3.12/site-packages/airflow/example_dags/example_skip_dag.py for tasks to queue
[2024-09-10T01:37:33.151+0800] {logging_mixin.py:190} INFO - [2024-09-10T01:37:33.151+0800] {dagbag.py:587} INFO - Filling up the DagBag from /Users/erniesg/.pyenv/versions/3.12.5/envs/letters_home/lib/python3.12/site-packages/airflow/example_dags/example_skip_dag.py
[2024-09-10T01:37:33.154+0800] {processor.py:925} INFO - DAG(s) 'example_skip_dag' retrieved from /Users/erniesg/.pyenv/versions/3.12.5/envs/letters_home/lib/python3.12/site-packages/airflow/example_dags/example_skip_dag.py
[2024-09-10T01:37:33.230+0800] {logging_mixin.py:190} INFO - [2024-09-10T01:37:33.229+0800] {override.py:1900} INFO - Created Permission View: can delete on DAG:example_skip_dag
[2024-09-10T01:37:33.233+0800] {logging_mixin.py:190} INFO - [2024-09-10T01:37:33.233+0800] {override.py:1900} INFO - Created Permission View: can read on DAG:example_skip_dag
[2024-09-10T01:37:33.235+0800] {logging_mixin.py:190} INFO - [2024-09-10T01:37:33.235+0800] {override.py:1900} INFO - Created Permission View: can edit on DAG:example_skip_dag
[2024-09-10T01:37:33.238+0800] {logging_mixin.py:190} INFO - [2024-09-10T01:37:33.238+0800] {override.py:1900} INFO - Created Permission View: menu access on DAG Run:example_skip_dag
[2024-09-10T01:37:33.240+0800] {logging_mixin.py:190} INFO - [2024-09-10T01:37:33.240+0800] {override.py:1900} INFO - Created Permission View: can create on DAG Run:example_skip_dag
[2024-09-10T01:37:33.243+0800] {logging_mixin.py:190} INFO - [2024-09-10T01:37:33.242+0800] {override.py:1900} INFO - Created Permission View: can read on DAG Run:example_skip_dag
[2024-09-10T01:37:33.244+0800] {logging_mixin.py:190} INFO - [2024-09-10T01:37:33.244+0800] {override.py:1900} INFO - Created Permission View: can delete on DAG Run:example_skip_dag
[2024-09-10T01:37:33.245+0800] {logging_mixin.py:190} INFO - [2024-09-10T01:37:33.245+0800] {dag.py:3229} INFO - Sync 1 DAGs
[2024-09-10T01:37:33.249+0800] {logging_mixin.py:190} INFO - [2024-09-10T01:37:33.249+0800] {dag.py:3252} INFO - Creating ORM DAG for example_skip_dag
[2024-09-10T01:37:33.252+0800] {logging_mixin.py:190} INFO - [2024-09-10T01:37:33.252+0800] {dag.py:4156} INFO - Setting next_dagrun for example_skip_dag to 2024-09-08 00:00:00+00:00, run_after=2024-09-09 00:00:00+00:00
[2024-09-10T01:37:33.258+0800] {processor.py:208} INFO - Processing /Users/erniesg/.pyenv/versions/3.12.5/envs/letters_home/lib/python3.12/site-packages/airflow/example_dags/example_skip_dag.py took 0.108 seconds
[2024-09-10T01:39:22.901+0800] {processor.py:186} INFO - Started process (PID=58073) to work on /Users/erniesg/.pyenv/versions/3.12.5/envs/letters_home/lib/python3.12/site-packages/airflow/example_dags/example_skip_dag.py
[2024-09-10T01:39:22.902+0800] {processor.py:914} INFO - Processing file /Users/erniesg/.pyenv/versions/3.12.5/envs/letters_home/lib/python3.12/site-packages/airflow/example_dags/example_skip_dag.py for tasks to queue
[2024-09-10T01:39:22.902+0800] {logging_mixin.py:190} INFO - [2024-09-10T01:39:22.902+0800] {dagbag.py:587} INFO - Filling up the DagBag from /Users/erniesg/.pyenv/versions/3.12.5/envs/letters_home/lib/python3.12/site-packages/airflow/example_dags/example_skip_dag.py
[2024-09-10T01:39:22.905+0800] {processor.py:925} INFO - DAG(s) 'example_skip_dag' retrieved from /Users/erniesg/.pyenv/versions/3.12.5/envs/letters_home/lib/python3.12/site-packages/airflow/example_dags/example_skip_dag.py
[2024-09-10T01:39:22.942+0800] {logging_mixin.py:190} INFO - [2024-09-10T01:39:22.942+0800] {dag.py:3229} INFO - Sync 1 DAGs
[2024-09-10T01:39:22.950+0800] {logging_mixin.py:190} INFO - [2024-09-10T01:39:22.949+0800] {dag.py:4156} INFO - Setting next_dagrun for example_skip_dag to 2024-09-08 00:00:00+00:00, run_after=2024-09-09 00:00:00+00:00
[2024-09-10T01:39:22.957+0800] {processor.py:208} INFO - Processing /Users/erniesg/.pyenv/versions/3.12.5/envs/letters_home/lib/python3.12/site-packages/airflow/example_dags/example_skip_dag.py took 0.057 seconds
[2024-09-10T01:40:43.388+0800] {processor.py:186} INFO - Started process (PID=58156) to work on /Users/erniesg/.pyenv/versions/3.12.5/envs/letters_home/lib/python3.12/site-packages/airflow/example_dags/example_skip_dag.py
[2024-09-10T01:40:43.388+0800] {processor.py:914} INFO - Processing file /Users/erniesg/.pyenv/versions/3.12.5/envs/letters_home/lib/python3.12/site-packages/airflow/example_dags/example_skip_dag.py for tasks to queue
[2024-09-10T01:40:43.389+0800] {logging_mixin.py:190} INFO - [2024-09-10T01:40:43.389+0800] {dagbag.py:587} INFO - Filling up the DagBag from /Users/erniesg/.pyenv/versions/3.12.5/envs/letters_home/lib/python3.12/site-packages/airflow/example_dags/example_skip_dag.py
[2024-09-10T01:40:43.391+0800] {processor.py:925} INFO - DAG(s) 'example_skip_dag' retrieved from /Users/erniesg/.pyenv/versions/3.12.5/envs/letters_home/lib/python3.12/site-packages/airflow/example_dags/example_skip_dag.py
[2024-09-10T01:40:43.429+0800] {logging_mixin.py:190} INFO - [2024-09-10T01:40:43.429+0800] {dag.py:3229} INFO - Sync 1 DAGs
[2024-09-10T01:40:43.436+0800] {logging_mixin.py:190} INFO - [2024-09-10T01:40:43.436+0800] {dag.py:4156} INFO - Setting next_dagrun for example_skip_dag to 2024-09-08 00:00:00+00:00, run_after=2024-09-09 00:00:00+00:00
[2024-09-10T01:40:43.443+0800] {processor.py:208} INFO - Processing /Users/erniesg/.pyenv/versions/3.12.5/envs/letters_home/lib/python3.12/site-packages/airflow/example_dags/example_skip_dag.py took 0.056 seconds
[2024-09-10T01:42:02.079+0800] {processor.py:186} INFO - Started process (PID=58218) to work on /Users/erniesg/.pyenv/versions/3.12.5/envs/letters_home/lib/python3.12/site-packages/airflow/example_dags/example_skip_dag.py
[2024-09-10T01:42:02.079+0800] {processor.py:914} INFO - Processing file /Users/erniesg/.pyenv/versions/3.12.5/envs/letters_home/lib/python3.12/site-packages/airflow/example_dags/example_skip_dag.py for tasks to queue
[2024-09-10T01:42:02.080+0800] {logging_mixin.py:190} INFO - [2024-09-10T01:42:02.080+0800] {dagbag.py:587} INFO - Filling up the DagBag from /Users/erniesg/.pyenv/versions/3.12.5/envs/letters_home/lib/python3.12/site-packages/airflow/example_dags/example_skip_dag.py
[2024-09-10T01:42:02.083+0800] {processor.py:925} INFO - DAG(s) 'example_skip_dag' retrieved from /Users/erniesg/.pyenv/versions/3.12.5/envs/letters_home/lib/python3.12/site-packages/airflow/example_dags/example_skip_dag.py
[2024-09-10T01:42:02.120+0800] {logging_mixin.py:190} INFO - [2024-09-10T01:42:02.120+0800] {dag.py:3229} INFO - Sync 1 DAGs
[2024-09-10T01:42:02.127+0800] {logging_mixin.py:190} INFO - [2024-09-10T01:42:02.127+0800] {dag.py:4156} INFO - Setting next_dagrun for example_skip_dag to 2024-09-08 00:00:00+00:00, run_after=2024-09-09 00:00:00+00:00
[2024-09-10T01:42:02.134+0800] {processor.py:208} INFO - Processing /Users/erniesg/.pyenv/versions/3.12.5/envs/letters_home/lib/python3.12/site-packages/airflow/example_dags/example_skip_dag.py took 0.056 seconds
[2024-09-10T01:43:25.462+0800] {processor.py:186} INFO - Started process (PID=58709) to work on /Users/erniesg/.pyenv/versions/3.12.5/envs/letters_home/lib/python3.12/site-packages/airflow/example_dags/example_skip_dag.py
[2024-09-10T01:43:25.463+0800] {processor.py:914} INFO - Processing file /Users/erniesg/.pyenv/versions/3.12.5/envs/letters_home/lib/python3.12/site-packages/airflow/example_dags/example_skip_dag.py for tasks to queue
[2024-09-10T01:43:25.463+0800] {logging_mixin.py:190} INFO - [2024-09-10T01:43:25.463+0800] {dagbag.py:587} INFO - Filling up the DagBag from /Users/erniesg/.pyenv/versions/3.12.5/envs/letters_home/lib/python3.12/site-packages/airflow/example_dags/example_skip_dag.py
[2024-09-10T01:43:25.466+0800] {processor.py:925} INFO - DAG(s) 'example_skip_dag' retrieved from /Users/erniesg/.pyenv/versions/3.12.5/envs/letters_home/lib/python3.12/site-packages/airflow/example_dags/example_skip_dag.py
[2024-09-10T01:43:25.505+0800] {logging_mixin.py:190} INFO - [2024-09-10T01:43:25.504+0800] {dag.py:3229} INFO - Sync 1 DAGs
[2024-09-10T01:43:25.512+0800] {logging_mixin.py:190} INFO - [2024-09-10T01:43:25.511+0800] {dag.py:4156} INFO - Setting next_dagrun for example_skip_dag to 2024-09-08 00:00:00+00:00, run_after=2024-09-09 00:00:00+00:00
[2024-09-10T01:43:25.519+0800] {processor.py:208} INFO - Processing /Users/erniesg/.pyenv/versions/3.12.5/envs/letters_home/lib/python3.12/site-packages/airflow/example_dags/example_skip_dag.py took 0.058 seconds
[2024-09-10T01:59:04.383+0800] {processor.py:186} INFO - Started process (PID=67471) to work on /Users/erniesg/.pyenv/versions/3.12.5/envs/letters_home/lib/python3.12/site-packages/airflow/example_dags/example_skip_dag.py
[2024-09-10T01:59:04.384+0800] {processor.py:914} INFO - Processing file /Users/erniesg/.pyenv/versions/3.12.5/envs/letters_home/lib/python3.12/site-packages/airflow/example_dags/example_skip_dag.py for tasks to queue
[2024-09-10T01:59:04.384+0800] {logging_mixin.py:190} INFO - [2024-09-10T01:59:04.384+0800] {dagbag.py:587} INFO - Filling up the DagBag from /Users/erniesg/.pyenv/versions/3.12.5/envs/letters_home/lib/python3.12/site-packages/airflow/example_dags/example_skip_dag.py
[2024-09-10T01:59:04.387+0800] {processor.py:925} INFO - DAG(s) 'example_skip_dag' retrieved from /Users/erniesg/.pyenv/versions/3.12.5/envs/letters_home/lib/python3.12/site-packages/airflow/example_dags/example_skip_dag.py
[2024-09-10T01:59:04.424+0800] {logging_mixin.py:190} INFO - [2024-09-10T01:59:04.424+0800] {dag.py:3229} INFO - Sync 1 DAGs
[2024-09-10T01:59:04.432+0800] {logging_mixin.py:190} INFO - [2024-09-10T01:59:04.431+0800] {dag.py:4156} INFO - Setting next_dagrun for example_skip_dag to 2024-09-08 00:00:00+00:00, run_after=2024-09-09 00:00:00+00:00
[2024-09-10T01:59:04.438+0800] {processor.py:208} INFO - Processing /Users/erniesg/.pyenv/versions/3.12.5/envs/letters_home/lib/python3.12/site-packages/airflow/example_dags/example_skip_dag.py took 0.056 seconds
[2024-09-10T02:01:27.948+0800] {processor.py:186} INFO - Started process (PID=67905) to work on /Users/erniesg/.pyenv/versions/3.12.5/envs/letters_home/lib/python3.12/site-packages/airflow/example_dags/example_skip_dag.py
[2024-09-10T02:01:27.948+0800] {processor.py:914} INFO - Processing file /Users/erniesg/.pyenv/versions/3.12.5/envs/letters_home/lib/python3.12/site-packages/airflow/example_dags/example_skip_dag.py for tasks to queue
[2024-09-10T02:01:27.949+0800] {logging_mixin.py:190} INFO - [2024-09-10T02:01:27.948+0800] {dagbag.py:587} INFO - Filling up the DagBag from /Users/erniesg/.pyenv/versions/3.12.5/envs/letters_home/lib/python3.12/site-packages/airflow/example_dags/example_skip_dag.py
[2024-09-10T02:01:27.952+0800] {processor.py:925} INFO - DAG(s) 'example_skip_dag' retrieved from /Users/erniesg/.pyenv/versions/3.12.5/envs/letters_home/lib/python3.12/site-packages/airflow/example_dags/example_skip_dag.py
[2024-09-10T02:01:27.989+0800] {logging_mixin.py:190} INFO - [2024-09-10T02:01:27.989+0800] {dag.py:3229} INFO - Sync 1 DAGs
[2024-09-10T02:01:27.996+0800] {logging_mixin.py:190} INFO - [2024-09-10T02:01:27.996+0800] {dag.py:4156} INFO - Setting next_dagrun for example_skip_dag to 2024-09-08 00:00:00+00:00, run_after=2024-09-09 00:00:00+00:00
[2024-09-10T02:01:28.003+0800] {processor.py:208} INFO - Processing /Users/erniesg/.pyenv/versions/3.12.5/envs/letters_home/lib/python3.12/site-packages/airflow/example_dags/example_skip_dag.py took 0.056 seconds
[2024-09-10T02:02:47.745+0800] {processor.py:186} INFO - Started process (PID=67995) to work on /Users/erniesg/.pyenv/versions/3.12.5/envs/letters_home/lib/python3.12/site-packages/airflow/example_dags/example_skip_dag.py
[2024-09-10T02:02:47.745+0800] {processor.py:914} INFO - Processing file /Users/erniesg/.pyenv/versions/3.12.5/envs/letters_home/lib/python3.12/site-packages/airflow/example_dags/example_skip_dag.py for tasks to queue
[2024-09-10T02:02:47.746+0800] {logging_mixin.py:190} INFO - [2024-09-10T02:02:47.746+0800] {dagbag.py:587} INFO - Filling up the DagBag from /Users/erniesg/.pyenv/versions/3.12.5/envs/letters_home/lib/python3.12/site-packages/airflow/example_dags/example_skip_dag.py
[2024-09-10T02:02:47.748+0800] {processor.py:925} INFO - DAG(s) 'example_skip_dag' retrieved from /Users/erniesg/.pyenv/versions/3.12.5/envs/letters_home/lib/python3.12/site-packages/airflow/example_dags/example_skip_dag.py
[2024-09-10T02:02:47.785+0800] {logging_mixin.py:190} INFO - [2024-09-10T02:02:47.785+0800] {dag.py:3229} INFO - Sync 1 DAGs
[2024-09-10T02:02:47.792+0800] {logging_mixin.py:190} INFO - [2024-09-10T02:02:47.792+0800] {dag.py:4156} INFO - Setting next_dagrun for example_skip_dag to 2024-09-08 00:00:00+00:00, run_after=2024-09-09 00:00:00+00:00
[2024-09-10T02:02:47.799+0800] {processor.py:208} INFO - Processing /Users/erniesg/.pyenv/versions/3.12.5/envs/letters_home/lib/python3.12/site-packages/airflow/example_dags/example_skip_dag.py took 0.055 seconds
[2024-09-10T02:04:10.208+0800] {processor.py:186} INFO - Started process (PID=68092) to work on /Users/erniesg/.pyenv/versions/3.12.5/envs/letters_home/lib/python3.12/site-packages/airflow/example_dags/example_skip_dag.py
[2024-09-10T02:04:10.209+0800] {processor.py:914} INFO - Processing file /Users/erniesg/.pyenv/versions/3.12.5/envs/letters_home/lib/python3.12/site-packages/airflow/example_dags/example_skip_dag.py for tasks to queue
[2024-09-10T02:04:10.209+0800] {logging_mixin.py:190} INFO - [2024-09-10T02:04:10.209+0800] {dagbag.py:587} INFO - Filling up the DagBag from /Users/erniesg/.pyenv/versions/3.12.5/envs/letters_home/lib/python3.12/site-packages/airflow/example_dags/example_skip_dag.py
[2024-09-10T02:04:10.212+0800] {processor.py:925} INFO - DAG(s) 'example_skip_dag' retrieved from /Users/erniesg/.pyenv/versions/3.12.5/envs/letters_home/lib/python3.12/site-packages/airflow/example_dags/example_skip_dag.py
[2024-09-10T02:04:10.250+0800] {logging_mixin.py:190} INFO - [2024-09-10T02:04:10.250+0800] {dag.py:3229} INFO - Sync 1 DAGs
[2024-09-10T02:04:10.257+0800] {logging_mixin.py:190} INFO - [2024-09-10T02:04:10.257+0800] {dag.py:4156} INFO - Setting next_dagrun for example_skip_dag to 2024-09-08 00:00:00+00:00, run_after=2024-09-09 00:00:00+00:00
[2024-09-10T02:04:10.265+0800] {processor.py:208} INFO - Processing /Users/erniesg/.pyenv/versions/3.12.5/envs/letters_home/lib/python3.12/site-packages/airflow/example_dags/example_skip_dag.py took 0.058 seconds
[2024-09-10T02:05:46.098+0800] {processor.py:186} INFO - Started process (PID=68209) to work on /Users/erniesg/.pyenv/versions/3.12.5/envs/letters_home/lib/python3.12/site-packages/airflow/example_dags/example_skip_dag.py
[2024-09-10T02:05:46.098+0800] {processor.py:914} INFO - Processing file /Users/erniesg/.pyenv/versions/3.12.5/envs/letters_home/lib/python3.12/site-packages/airflow/example_dags/example_skip_dag.py for tasks to queue
[2024-09-10T02:05:46.099+0800] {logging_mixin.py:190} INFO - [2024-09-10T02:05:46.098+0800] {dagbag.py:587} INFO - Filling up the DagBag from /Users/erniesg/.pyenv/versions/3.12.5/envs/letters_home/lib/python3.12/site-packages/airflow/example_dags/example_skip_dag.py
[2024-09-10T02:05:46.101+0800] {processor.py:925} INFO - DAG(s) 'example_skip_dag' retrieved from /Users/erniesg/.pyenv/versions/3.12.5/envs/letters_home/lib/python3.12/site-packages/airflow/example_dags/example_skip_dag.py
[2024-09-10T02:05:46.137+0800] {logging_mixin.py:190} INFO - [2024-09-10T02:05:46.137+0800] {dag.py:3229} INFO - Sync 1 DAGs
[2024-09-10T02:05:46.144+0800] {logging_mixin.py:190} INFO - [2024-09-10T02:05:46.144+0800] {dag.py:4156} INFO - Setting next_dagrun for example_skip_dag to 2024-09-08 00:00:00+00:00, run_after=2024-09-09 00:00:00+00:00
[2024-09-10T02:05:46.150+0800] {processor.py:208} INFO - Processing /Users/erniesg/.pyenv/versions/3.12.5/envs/letters_home/lib/python3.12/site-packages/airflow/example_dags/example_skip_dag.py took 0.053 seconds
[2024-09-10T02:07:09.939+0800] {processor.py:186} INFO - Started process (PID=68392) to work on /Users/erniesg/.pyenv/versions/3.12.5/envs/letters_home/lib/python3.12/site-packages/airflow/example_dags/example_skip_dag.py
[2024-09-10T02:07:09.940+0800] {processor.py:914} INFO - Processing file /Users/erniesg/.pyenv/versions/3.12.5/envs/letters_home/lib/python3.12/site-packages/airflow/example_dags/example_skip_dag.py for tasks to queue
[2024-09-10T02:07:09.940+0800] {logging_mixin.py:190} INFO - [2024-09-10T02:07:09.940+0800] {dagbag.py:587} INFO - Filling up the DagBag from /Users/erniesg/.pyenv/versions/3.12.5/envs/letters_home/lib/python3.12/site-packages/airflow/example_dags/example_skip_dag.py
[2024-09-10T02:07:09.943+0800] {processor.py:925} INFO - DAG(s) 'example_skip_dag' retrieved from /Users/erniesg/.pyenv/versions/3.12.5/envs/letters_home/lib/python3.12/site-packages/airflow/example_dags/example_skip_dag.py
[2024-09-10T02:07:09.982+0800] {logging_mixin.py:190} INFO - [2024-09-10T02:07:09.982+0800] {dag.py:3229} INFO - Sync 1 DAGs
[2024-09-10T02:07:09.988+0800] {logging_mixin.py:190} INFO - [2024-09-10T02:07:09.988+0800] {dag.py:4156} INFO - Setting next_dagrun for example_skip_dag to 2024-09-08 00:00:00+00:00, run_after=2024-09-09 00:00:00+00:00
[2024-09-10T02:07:09.997+0800] {processor.py:208} INFO - Processing /Users/erniesg/.pyenv/versions/3.12.5/envs/letters_home/lib/python3.12/site-packages/airflow/example_dags/example_skip_dag.py took 0.059 seconds
[2024-09-10T02:08:31.410+0800] {processor.py:186} INFO - Started process (PID=68491) to work on /Users/erniesg/.pyenv/versions/3.12.5/envs/letters_home/lib/python3.12/site-packages/airflow/example_dags/example_skip_dag.py
[2024-09-10T02:08:31.410+0800] {processor.py:914} INFO - Processing file /Users/erniesg/.pyenv/versions/3.12.5/envs/letters_home/lib/python3.12/site-packages/airflow/example_dags/example_skip_dag.py for tasks to queue
[2024-09-10T02:08:31.411+0800] {logging_mixin.py:190} INFO - [2024-09-10T02:08:31.411+0800] {dagbag.py:587} INFO - Filling up the DagBag from /Users/erniesg/.pyenv/versions/3.12.5/envs/letters_home/lib/python3.12/site-packages/airflow/example_dags/example_skip_dag.py
[2024-09-10T02:08:31.413+0800] {processor.py:925} INFO - DAG(s) 'example_skip_dag' retrieved from /Users/erniesg/.pyenv/versions/3.12.5/envs/letters_home/lib/python3.12/site-packages/airflow/example_dags/example_skip_dag.py
[2024-09-10T02:08:31.451+0800] {logging_mixin.py:190} INFO - [2024-09-10T02:08:31.450+0800] {dag.py:3229} INFO - Sync 1 DAGs
[2024-09-10T02:08:31.457+0800] {logging_mixin.py:190} INFO - [2024-09-10T02:08:31.457+0800] {dag.py:4156} INFO - Setting next_dagrun for example_skip_dag to 2024-09-08 00:00:00+00:00, run_after=2024-09-09 00:00:00+00:00
[2024-09-10T02:08:31.464+0800] {processor.py:208} INFO - Processing /Users/erniesg/.pyenv/versions/3.12.5/envs/letters_home/lib/python3.12/site-packages/airflow/example_dags/example_skip_dag.py took 0.056 seconds
[2024-09-10T02:09:55.603+0800] {processor.py:186} INFO - Started process (PID=68603) to work on /Users/erniesg/.pyenv/versions/3.12.5/envs/letters_home/lib/python3.12/site-packages/airflow/example_dags/example_skip_dag.py
[2024-09-10T02:09:55.604+0800] {processor.py:914} INFO - Processing file /Users/erniesg/.pyenv/versions/3.12.5/envs/letters_home/lib/python3.12/site-packages/airflow/example_dags/example_skip_dag.py for tasks to queue
[2024-09-10T02:09:55.604+0800] {logging_mixin.py:190} INFO - [2024-09-10T02:09:55.604+0800] {dagbag.py:587} INFO - Filling up the DagBag from /Users/erniesg/.pyenv/versions/3.12.5/envs/letters_home/lib/python3.12/site-packages/airflow/example_dags/example_skip_dag.py
[2024-09-10T02:09:55.607+0800] {processor.py:925} INFO - DAG(s) 'example_skip_dag' retrieved from /Users/erniesg/.pyenv/versions/3.12.5/envs/letters_home/lib/python3.12/site-packages/airflow/example_dags/example_skip_dag.py
[2024-09-10T02:09:55.644+0800] {logging_mixin.py:190} INFO - [2024-09-10T02:09:55.644+0800] {dag.py:3229} INFO - Sync 1 DAGs
[2024-09-10T02:09:55.652+0800] {logging_mixin.py:190} INFO - [2024-09-10T02:09:55.652+0800] {dag.py:4156} INFO - Setting next_dagrun for example_skip_dag to 2024-09-08 00:00:00+00:00, run_after=2024-09-09 00:00:00+00:00
[2024-09-10T02:09:55.659+0800] {processor.py:208} INFO - Processing /Users/erniesg/.pyenv/versions/3.12.5/envs/letters_home/lib/python3.12/site-packages/airflow/example_dags/example_skip_dag.py took 0.057 seconds
[2024-09-10T02:12:35.841+0800] {processor.py:186} INFO - Started process (PID=69266) to work on /Users/erniesg/.pyenv/versions/3.12.5/envs/letters_home/lib/python3.12/site-packages/airflow/example_dags/example_skip_dag.py
[2024-09-10T02:12:35.841+0800] {processor.py:914} INFO - Processing file /Users/erniesg/.pyenv/versions/3.12.5/envs/letters_home/lib/python3.12/site-packages/airflow/example_dags/example_skip_dag.py for tasks to queue
[2024-09-10T02:12:35.841+0800] {logging_mixin.py:190} INFO - [2024-09-10T02:12:35.841+0800] {dagbag.py:587} INFO - Filling up the DagBag from /Users/erniesg/.pyenv/versions/3.12.5/envs/letters_home/lib/python3.12/site-packages/airflow/example_dags/example_skip_dag.py
[2024-09-10T02:12:35.844+0800] {processor.py:925} INFO - DAG(s) 'example_skip_dag' retrieved from /Users/erniesg/.pyenv/versions/3.12.5/envs/letters_home/lib/python3.12/site-packages/airflow/example_dags/example_skip_dag.py
[2024-09-10T02:12:35.882+0800] {logging_mixin.py:190} INFO - [2024-09-10T02:12:35.882+0800] {dag.py:3229} INFO - Sync 1 DAGs
[2024-09-10T02:12:35.889+0800] {logging_mixin.py:190} INFO - [2024-09-10T02:12:35.889+0800] {dag.py:4156} INFO - Setting next_dagrun for example_skip_dag to 2024-09-08 00:00:00+00:00, run_after=2024-09-09 00:00:00+00:00
[2024-09-10T02:12:35.897+0800] {processor.py:208} INFO - Processing /Users/erniesg/.pyenv/versions/3.12.5/envs/letters_home/lib/python3.12/site-packages/airflow/example_dags/example_skip_dag.py took 0.057 seconds
[2024-09-10T02:14:30.236+0800] {processor.py:186} INFO - Started process (PID=69360) to work on /Users/erniesg/.pyenv/versions/3.12.5/envs/letters_home/lib/python3.12/site-packages/airflow/example_dags/example_skip_dag.py
[2024-09-10T02:14:30.237+0800] {processor.py:914} INFO - Processing file /Users/erniesg/.pyenv/versions/3.12.5/envs/letters_home/lib/python3.12/site-packages/airflow/example_dags/example_skip_dag.py for tasks to queue
[2024-09-10T02:14:30.237+0800] {logging_mixin.py:190} INFO - [2024-09-10T02:14:30.237+0800] {dagbag.py:587} INFO - Filling up the DagBag from /Users/erniesg/.pyenv/versions/3.12.5/envs/letters_home/lib/python3.12/site-packages/airflow/example_dags/example_skip_dag.py
[2024-09-10T02:14:30.240+0800] {processor.py:925} INFO - DAG(s) 'example_skip_dag' retrieved from /Users/erniesg/.pyenv/versions/3.12.5/envs/letters_home/lib/python3.12/site-packages/airflow/example_dags/example_skip_dag.py
[2024-09-10T02:14:30.279+0800] {logging_mixin.py:190} INFO - [2024-09-10T02:14:30.279+0800] {dag.py:3229} INFO - Sync 1 DAGs
[2024-09-10T02:14:30.288+0800] {logging_mixin.py:190} INFO - [2024-09-10T02:14:30.288+0800] {dag.py:4156} INFO - Setting next_dagrun for example_skip_dag to 2024-09-08 00:00:00+00:00, run_after=2024-09-09 00:00:00+00:00
[2024-09-10T02:14:30.295+0800] {processor.py:208} INFO - Processing /Users/erniesg/.pyenv/versions/3.12.5/envs/letters_home/lib/python3.12/site-packages/airflow/example_dags/example_skip_dag.py took 0.060 seconds
[2024-09-10T02:15:57.787+0800] {processor.py:186} INFO - Started process (PID=69715) to work on /Users/erniesg/.pyenv/versions/3.12.5/envs/letters_home/lib/python3.12/site-packages/airflow/example_dags/example_skip_dag.py
[2024-09-10T02:15:57.787+0800] {processor.py:914} INFO - Processing file /Users/erniesg/.pyenv/versions/3.12.5/envs/letters_home/lib/python3.12/site-packages/airflow/example_dags/example_skip_dag.py for tasks to queue
[2024-09-10T02:15:57.788+0800] {logging_mixin.py:190} INFO - [2024-09-10T02:15:57.788+0800] {dagbag.py:587} INFO - Filling up the DagBag from /Users/erniesg/.pyenv/versions/3.12.5/envs/letters_home/lib/python3.12/site-packages/airflow/example_dags/example_skip_dag.py
[2024-09-10T02:15:57.790+0800] {processor.py:925} INFO - DAG(s) 'example_skip_dag' retrieved from /Users/erniesg/.pyenv/versions/3.12.5/envs/letters_home/lib/python3.12/site-packages/airflow/example_dags/example_skip_dag.py
[2024-09-10T02:15:57.829+0800] {logging_mixin.py:190} INFO - [2024-09-10T02:15:57.829+0800] {dag.py:3229} INFO - Sync 1 DAGs
[2024-09-10T02:15:57.837+0800] {logging_mixin.py:190} INFO - [2024-09-10T02:15:57.837+0800] {dag.py:4156} INFO - Setting next_dagrun for example_skip_dag to 2024-09-08 00:00:00+00:00, run_after=2024-09-09 00:00:00+00:00
[2024-09-10T02:15:57.844+0800] {processor.py:208} INFO - Processing /Users/erniesg/.pyenv/versions/3.12.5/envs/letters_home/lib/python3.12/site-packages/airflow/example_dags/example_skip_dag.py took 0.059 seconds
[2024-09-10T02:17:54.378+0800] {processor.py:186} INFO - Started process (PID=69849) to work on /Users/erniesg/.pyenv/versions/3.12.5/envs/letters_home/lib/python3.12/site-packages/airflow/example_dags/example_skip_dag.py
[2024-09-10T02:17:54.378+0800] {processor.py:914} INFO - Processing file /Users/erniesg/.pyenv/versions/3.12.5/envs/letters_home/lib/python3.12/site-packages/airflow/example_dags/example_skip_dag.py for tasks to queue
[2024-09-10T02:17:54.379+0800] {logging_mixin.py:190} INFO - [2024-09-10T02:17:54.379+0800] {dagbag.py:587} INFO - Filling up the DagBag from /Users/erniesg/.pyenv/versions/3.12.5/envs/letters_home/lib/python3.12/site-packages/airflow/example_dags/example_skip_dag.py
[2024-09-10T02:17:54.381+0800] {processor.py:925} INFO - DAG(s) 'example_skip_dag' retrieved from /Users/erniesg/.pyenv/versions/3.12.5/envs/letters_home/lib/python3.12/site-packages/airflow/example_dags/example_skip_dag.py
[2024-09-10T02:17:54.420+0800] {logging_mixin.py:190} INFO - [2024-09-10T02:17:54.420+0800] {dag.py:3229} INFO - Sync 1 DAGs
[2024-09-10T02:17:54.427+0800] {logging_mixin.py:190} INFO - [2024-09-10T02:17:54.427+0800] {dag.py:4156} INFO - Setting next_dagrun for example_skip_dag to 2024-09-08 00:00:00+00:00, run_after=2024-09-09 00:00:00+00:00
[2024-09-10T02:17:54.434+0800] {processor.py:208} INFO - Processing /Users/erniesg/.pyenv/versions/3.12.5/envs/letters_home/lib/python3.12/site-packages/airflow/example_dags/example_skip_dag.py took 0.057 seconds
[2024-09-10T02:19:16.240+0800] {processor.py:186} INFO - Started process (PID=70295) to work on /Users/erniesg/.pyenv/versions/3.12.5/envs/letters_home/lib/python3.12/site-packages/airflow/example_dags/example_skip_dag.py
[2024-09-10T02:19:16.240+0800] {processor.py:914} INFO - Processing file /Users/erniesg/.pyenv/versions/3.12.5/envs/letters_home/lib/python3.12/site-packages/airflow/example_dags/example_skip_dag.py for tasks to queue
[2024-09-10T02:19:16.240+0800] {logging_mixin.py:190} INFO - [2024-09-10T02:19:16.240+0800] {dagbag.py:587} INFO - Filling up the DagBag from /Users/erniesg/.pyenv/versions/3.12.5/envs/letters_home/lib/python3.12/site-packages/airflow/example_dags/example_skip_dag.py
[2024-09-10T02:19:16.243+0800] {processor.py:925} INFO - DAG(s) 'example_skip_dag' retrieved from /Users/erniesg/.pyenv/versions/3.12.5/envs/letters_home/lib/python3.12/site-packages/airflow/example_dags/example_skip_dag.py
[2024-09-10T02:19:16.282+0800] {logging_mixin.py:190} INFO - [2024-09-10T02:19:16.282+0800] {dag.py:3229} INFO - Sync 1 DAGs
[2024-09-10T02:19:16.290+0800] {logging_mixin.py:190} INFO - [2024-09-10T02:19:16.290+0800] {dag.py:4156} INFO - Setting next_dagrun for example_skip_dag to 2024-09-08 00:00:00+00:00, run_after=2024-09-09 00:00:00+00:00
[2024-09-10T02:19:16.296+0800] {processor.py:208} INFO - Processing /Users/erniesg/.pyenv/versions/3.12.5/envs/letters_home/lib/python3.12/site-packages/airflow/example_dags/example_skip_dag.py took 0.058 seconds
[2024-09-10T02:20:41.044+0800] {processor.py:186} INFO - Started process (PID=70388) to work on /Users/erniesg/.pyenv/versions/3.12.5/envs/letters_home/lib/python3.12/site-packages/airflow/example_dags/example_skip_dag.py
[2024-09-10T02:20:41.044+0800] {processor.py:914} INFO - Processing file /Users/erniesg/.pyenv/versions/3.12.5/envs/letters_home/lib/python3.12/site-packages/airflow/example_dags/example_skip_dag.py for tasks to queue
[2024-09-10T02:20:41.044+0800] {logging_mixin.py:190} INFO - [2024-09-10T02:20:41.044+0800] {dagbag.py:587} INFO - Filling up the DagBag from /Users/erniesg/.pyenv/versions/3.12.5/envs/letters_home/lib/python3.12/site-packages/airflow/example_dags/example_skip_dag.py
[2024-09-10T02:20:41.047+0800] {processor.py:925} INFO - DAG(s) 'example_skip_dag' retrieved from /Users/erniesg/.pyenv/versions/3.12.5/envs/letters_home/lib/python3.12/site-packages/airflow/example_dags/example_skip_dag.py
[2024-09-10T02:20:41.085+0800] {logging_mixin.py:190} INFO - [2024-09-10T02:20:41.084+0800] {dag.py:3229} INFO - Sync 1 DAGs
[2024-09-10T02:20:41.091+0800] {logging_mixin.py:190} INFO - [2024-09-10T02:20:41.091+0800] {dag.py:4156} INFO - Setting next_dagrun for example_skip_dag to 2024-09-08 00:00:00+00:00, run_after=2024-09-09 00:00:00+00:00
[2024-09-10T02:20:41.098+0800] {processor.py:208} INFO - Processing /Users/erniesg/.pyenv/versions/3.12.5/envs/letters_home/lib/python3.12/site-packages/airflow/example_dags/example_skip_dag.py took 0.056 seconds
