[2024-09-10T01:37:36.846+0800] {processor.py:186} INFO - Started process (PID=57555) to work on /Users/erniesg/.pyenv/versions/3.12.5/envs/letters_home/lib/python3.12/site-packages/airflow/example_dags/example_short_circuit_decorator.py
[2024-09-10T01:37:36.846+0800] {processor.py:914} INFO - Processing file /Users/erniesg/.pyenv/versions/3.12.5/envs/letters_home/lib/python3.12/site-packages/airflow/example_dags/example_short_circuit_decorator.py for tasks to queue
[2024-09-10T01:37:36.847+0800] {logging_mixin.py:190} INFO - [2024-09-10T01:37:36.847+0800] {dagbag.py:587} INFO - Filling up the DagBag from /Users/erniesg/.pyenv/versions/3.12.5/envs/letters_home/lib/python3.12/site-packages/airflow/example_dags/example_short_circuit_decorator.py
[2024-09-10T01:37:36.862+0800] {processor.py:925} INFO - DAG(s) 'example_short_circuit_decorator' retrieved from /Users/erniesg/.pyenv/versions/3.12.5/envs/letters_home/lib/python3.12/site-packages/airflow/example_dags/example_short_circuit_decorator.py
[2024-09-10T01:37:36.936+0800] {logging_mixin.py:190} INFO - [2024-09-10T01:37:36.935+0800] {override.py:1900} INFO - Created Permission View: can read on DAG:example_short_circuit_decorator
[2024-09-10T01:37:36.939+0800] {logging_mixin.py:190} INFO - [2024-09-10T01:37:36.939+0800] {override.py:1900} INFO - Created Permission View: can delete on DAG:example_short_circuit_decorator
[2024-09-10T01:37:36.941+0800] {logging_mixin.py:190} INFO - [2024-09-10T01:37:36.941+0800] {override.py:1900} INFO - Created Permission View: can edit on DAG:example_short_circuit_decorator
[2024-09-10T01:37:36.944+0800] {logging_mixin.py:190} INFO - [2024-09-10T01:37:36.944+0800] {override.py:1900} INFO - Created Permission View: can create on DAG Run:example_short_circuit_decorator
[2024-09-10T01:37:36.946+0800] {logging_mixin.py:190} INFO - [2024-09-10T01:37:36.946+0800] {override.py:1900} INFO - Created Permission View: can read on DAG Run:example_short_circuit_decorator
[2024-09-10T01:37:36.948+0800] {logging_mixin.py:190} INFO - [2024-09-10T01:37:36.948+0800] {override.py:1900} INFO - Created Permission View: menu access on DAG Run:example_short_circuit_decorator
[2024-09-10T01:37:36.950+0800] {logging_mixin.py:190} INFO - [2024-09-10T01:37:36.950+0800] {override.py:1900} INFO - Created Permission View: can delete on DAG Run:example_short_circuit_decorator
[2024-09-10T01:37:36.950+0800] {logging_mixin.py:190} INFO - [2024-09-10T01:37:36.950+0800] {dag.py:3229} INFO - Sync 1 DAGs
[2024-09-10T01:37:36.955+0800] {logging_mixin.py:190} INFO - [2024-09-10T01:37:36.955+0800] {dag.py:3252} INFO - Creating ORM DAG for example_short_circuit_decorator
[2024-09-10T01:37:36.955+0800] {logging_mixin.py:190} INFO - [2024-09-10T01:37:36.955+0800] {dag.py:4156} INFO - Setting next_dagrun for example_short_circuit_decorator to None, run_after=None
[2024-09-10T01:37:36.960+0800] {processor.py:208} INFO - Processing /Users/erniesg/.pyenv/versions/3.12.5/envs/letters_home/lib/python3.12/site-packages/airflow/example_dags/example_short_circuit_decorator.py took 0.116 seconds
[2024-09-10T01:39:26.824+0800] {processor.py:186} INFO - Started process (PID=58083) to work on /Users/erniesg/.pyenv/versions/3.12.5/envs/letters_home/lib/python3.12/site-packages/airflow/example_dags/example_short_circuit_decorator.py
[2024-09-10T01:39:26.824+0800] {processor.py:914} INFO - Processing file /Users/erniesg/.pyenv/versions/3.12.5/envs/letters_home/lib/python3.12/site-packages/airflow/example_dags/example_short_circuit_decorator.py for tasks to queue
[2024-09-10T01:39:26.824+0800] {logging_mixin.py:190} INFO - [2024-09-10T01:39:26.824+0800] {dagbag.py:587} INFO - Filling up the DagBag from /Users/erniesg/.pyenv/versions/3.12.5/envs/letters_home/lib/python3.12/site-packages/airflow/example_dags/example_short_circuit_decorator.py
[2024-09-10T01:39:26.840+0800] {processor.py:925} INFO - DAG(s) 'example_short_circuit_decorator' retrieved from /Users/erniesg/.pyenv/versions/3.12.5/envs/letters_home/lib/python3.12/site-packages/airflow/example_dags/example_short_circuit_decorator.py
[2024-09-10T01:39:26.875+0800] {logging_mixin.py:190} INFO - [2024-09-10T01:39:26.875+0800] {dag.py:3229} INFO - Sync 1 DAGs
[2024-09-10T01:39:26.879+0800] {logging_mixin.py:190} INFO - [2024-09-10T01:39:26.879+0800] {dag.py:4156} INFO - Setting next_dagrun for example_short_circuit_decorator to None, run_after=None
[2024-09-10T01:39:26.885+0800] {processor.py:208} INFO - Processing /Users/erniesg/.pyenv/versions/3.12.5/envs/letters_home/lib/python3.12/site-packages/airflow/example_dags/example_short_circuit_decorator.py took 0.063 seconds
[2024-09-10T01:40:46.389+0800] {processor.py:186} INFO - Started process (PID=58158) to work on /Users/erniesg/.pyenv/versions/3.12.5/envs/letters_home/lib/python3.12/site-packages/airflow/example_dags/example_short_circuit_decorator.py
[2024-09-10T01:40:46.389+0800] {processor.py:914} INFO - Processing file /Users/erniesg/.pyenv/versions/3.12.5/envs/letters_home/lib/python3.12/site-packages/airflow/example_dags/example_short_circuit_decorator.py for tasks to queue
[2024-09-10T01:40:46.390+0800] {logging_mixin.py:190} INFO - [2024-09-10T01:40:46.390+0800] {dagbag.py:587} INFO - Filling up the DagBag from /Users/erniesg/.pyenv/versions/3.12.5/envs/letters_home/lib/python3.12/site-packages/airflow/example_dags/example_short_circuit_decorator.py
[2024-09-10T01:40:46.405+0800] {processor.py:925} INFO - DAG(s) 'example_short_circuit_decorator' retrieved from /Users/erniesg/.pyenv/versions/3.12.5/envs/letters_home/lib/python3.12/site-packages/airflow/example_dags/example_short_circuit_decorator.py
[2024-09-10T01:40:46.443+0800] {logging_mixin.py:190} INFO - [2024-09-10T01:40:46.443+0800] {dag.py:3229} INFO - Sync 1 DAGs
[2024-09-10T01:40:46.447+0800] {logging_mixin.py:190} INFO - [2024-09-10T01:40:46.447+0800] {dag.py:4156} INFO - Setting next_dagrun for example_short_circuit_decorator to None, run_after=None
[2024-09-10T01:40:46.454+0800] {processor.py:208} INFO - Processing /Users/erniesg/.pyenv/versions/3.12.5/envs/letters_home/lib/python3.12/site-packages/airflow/example_dags/example_short_circuit_decorator.py took 0.066 seconds
[2024-09-10T01:42:06.098+0800] {processor.py:186} INFO - Started process (PID=58220) to work on /Users/erniesg/.pyenv/versions/3.12.5/envs/letters_home/lib/python3.12/site-packages/airflow/example_dags/example_short_circuit_decorator.py
[2024-09-10T01:42:06.098+0800] {processor.py:914} INFO - Processing file /Users/erniesg/.pyenv/versions/3.12.5/envs/letters_home/lib/python3.12/site-packages/airflow/example_dags/example_short_circuit_decorator.py for tasks to queue
[2024-09-10T01:42:06.098+0800] {logging_mixin.py:190} INFO - [2024-09-10T01:42:06.098+0800] {dagbag.py:587} INFO - Filling up the DagBag from /Users/erniesg/.pyenv/versions/3.12.5/envs/letters_home/lib/python3.12/site-packages/airflow/example_dags/example_short_circuit_decorator.py
[2024-09-10T01:42:06.114+0800] {processor.py:925} INFO - DAG(s) 'example_short_circuit_decorator' retrieved from /Users/erniesg/.pyenv/versions/3.12.5/envs/letters_home/lib/python3.12/site-packages/airflow/example_dags/example_short_circuit_decorator.py
[2024-09-10T01:42:06.152+0800] {logging_mixin.py:190} INFO - [2024-09-10T01:42:06.152+0800] {dag.py:3229} INFO - Sync 1 DAGs
[2024-09-10T01:42:06.156+0800] {logging_mixin.py:190} INFO - [2024-09-10T01:42:06.156+0800] {dag.py:4156} INFO - Setting next_dagrun for example_short_circuit_decorator to None, run_after=None
[2024-09-10T01:42:06.163+0800] {processor.py:208} INFO - Processing /Users/erniesg/.pyenv/versions/3.12.5/envs/letters_home/lib/python3.12/site-packages/airflow/example_dags/example_short_circuit_decorator.py took 0.067 seconds
[2024-09-10T01:43:29.541+0800] {processor.py:186} INFO - Started process (PID=58711) to work on /Users/erniesg/.pyenv/versions/3.12.5/envs/letters_home/lib/python3.12/site-packages/airflow/example_dags/example_short_circuit_decorator.py
[2024-09-10T01:43:29.541+0800] {processor.py:914} INFO - Processing file /Users/erniesg/.pyenv/versions/3.12.5/envs/letters_home/lib/python3.12/site-packages/airflow/example_dags/example_short_circuit_decorator.py for tasks to queue
[2024-09-10T01:43:29.542+0800] {logging_mixin.py:190} INFO - [2024-09-10T01:43:29.542+0800] {dagbag.py:587} INFO - Filling up the DagBag from /Users/erniesg/.pyenv/versions/3.12.5/envs/letters_home/lib/python3.12/site-packages/airflow/example_dags/example_short_circuit_decorator.py
[2024-09-10T01:43:29.558+0800] {processor.py:925} INFO - DAG(s) 'example_short_circuit_decorator' retrieved from /Users/erniesg/.pyenv/versions/3.12.5/envs/letters_home/lib/python3.12/site-packages/airflow/example_dags/example_short_circuit_decorator.py
[2024-09-10T01:43:29.594+0800] {logging_mixin.py:190} INFO - [2024-09-10T01:43:29.594+0800] {dag.py:3229} INFO - Sync 1 DAGs
[2024-09-10T01:43:29.598+0800] {logging_mixin.py:190} INFO - [2024-09-10T01:43:29.598+0800] {dag.py:4156} INFO - Setting next_dagrun for example_short_circuit_decorator to None, run_after=None
[2024-09-10T01:43:29.605+0800] {processor.py:208} INFO - Processing /Users/erniesg/.pyenv/versions/3.12.5/envs/letters_home/lib/python3.12/site-packages/airflow/example_dags/example_short_circuit_decorator.py took 0.065 seconds
[2024-09-10T01:59:08.424+0800] {processor.py:186} INFO - Started process (PID=67474) to work on /Users/erniesg/.pyenv/versions/3.12.5/envs/letters_home/lib/python3.12/site-packages/airflow/example_dags/example_short_circuit_decorator.py
[2024-09-10T01:59:08.425+0800] {processor.py:914} INFO - Processing file /Users/erniesg/.pyenv/versions/3.12.5/envs/letters_home/lib/python3.12/site-packages/airflow/example_dags/example_short_circuit_decorator.py for tasks to queue
[2024-09-10T01:59:08.425+0800] {logging_mixin.py:190} INFO - [2024-09-10T01:59:08.425+0800] {dagbag.py:587} INFO - Filling up the DagBag from /Users/erniesg/.pyenv/versions/3.12.5/envs/letters_home/lib/python3.12/site-packages/airflow/example_dags/example_short_circuit_decorator.py
[2024-09-10T01:59:08.440+0800] {processor.py:925} INFO - DAG(s) 'example_short_circuit_decorator' retrieved from /Users/erniesg/.pyenv/versions/3.12.5/envs/letters_home/lib/python3.12/site-packages/airflow/example_dags/example_short_circuit_decorator.py
[2024-09-10T01:59:08.476+0800] {logging_mixin.py:190} INFO - [2024-09-10T01:59:08.475+0800] {dag.py:3229} INFO - Sync 1 DAGs
[2024-09-10T01:59:08.479+0800] {logging_mixin.py:190} INFO - [2024-09-10T01:59:08.479+0800] {dag.py:4156} INFO - Setting next_dagrun for example_short_circuit_decorator to None, run_after=None
[2024-09-10T01:59:08.486+0800] {processor.py:208} INFO - Processing /Users/erniesg/.pyenv/versions/3.12.5/envs/letters_home/lib/python3.12/site-packages/airflow/example_dags/example_short_circuit_decorator.py took 0.062 seconds
[2024-09-10T02:01:31.889+0800] {processor.py:186} INFO - Started process (PID=67907) to work on /Users/erniesg/.pyenv/versions/3.12.5/envs/letters_home/lib/python3.12/site-packages/airflow/example_dags/example_short_circuit_decorator.py
[2024-09-10T02:01:31.890+0800] {processor.py:914} INFO - Processing file /Users/erniesg/.pyenv/versions/3.12.5/envs/letters_home/lib/python3.12/site-packages/airflow/example_dags/example_short_circuit_decorator.py for tasks to queue
[2024-09-10T02:01:31.890+0800] {logging_mixin.py:190} INFO - [2024-09-10T02:01:31.890+0800] {dagbag.py:587} INFO - Filling up the DagBag from /Users/erniesg/.pyenv/versions/3.12.5/envs/letters_home/lib/python3.12/site-packages/airflow/example_dags/example_short_circuit_decorator.py
[2024-09-10T02:01:31.906+0800] {processor.py:925} INFO - DAG(s) 'example_short_circuit_decorator' retrieved from /Users/erniesg/.pyenv/versions/3.12.5/envs/letters_home/lib/python3.12/site-packages/airflow/example_dags/example_short_circuit_decorator.py
[2024-09-10T02:01:31.942+0800] {logging_mixin.py:190} INFO - [2024-09-10T02:01:31.942+0800] {dag.py:3229} INFO - Sync 1 DAGs
[2024-09-10T02:01:31.946+0800] {logging_mixin.py:190} INFO - [2024-09-10T02:01:31.946+0800] {dag.py:4156} INFO - Setting next_dagrun for example_short_circuit_decorator to None, run_after=None
[2024-09-10T02:01:31.952+0800] {processor.py:208} INFO - Processing /Users/erniesg/.pyenv/versions/3.12.5/envs/letters_home/lib/python3.12/site-packages/airflow/example_dags/example_short_circuit_decorator.py took 0.064 seconds
[2024-09-10T02:02:51.810+0800] {processor.py:186} INFO - Started process (PID=67999) to work on /Users/erniesg/.pyenv/versions/3.12.5/envs/letters_home/lib/python3.12/site-packages/airflow/example_dags/example_short_circuit_decorator.py
[2024-09-10T02:02:51.811+0800] {processor.py:914} INFO - Processing file /Users/erniesg/.pyenv/versions/3.12.5/envs/letters_home/lib/python3.12/site-packages/airflow/example_dags/example_short_circuit_decorator.py for tasks to queue
[2024-09-10T02:02:51.811+0800] {logging_mixin.py:190} INFO - [2024-09-10T02:02:51.811+0800] {dagbag.py:587} INFO - Filling up the DagBag from /Users/erniesg/.pyenv/versions/3.12.5/envs/letters_home/lib/python3.12/site-packages/airflow/example_dags/example_short_circuit_decorator.py
[2024-09-10T02:02:51.827+0800] {processor.py:925} INFO - DAG(s) 'example_short_circuit_decorator' retrieved from /Users/erniesg/.pyenv/versions/3.12.5/envs/letters_home/lib/python3.12/site-packages/airflow/example_dags/example_short_circuit_decorator.py
[2024-09-10T02:02:51.865+0800] {logging_mixin.py:190} INFO - [2024-09-10T02:02:51.865+0800] {dag.py:3229} INFO - Sync 1 DAGs
[2024-09-10T02:02:51.869+0800] {logging_mixin.py:190} INFO - [2024-09-10T02:02:51.869+0800] {dag.py:4156} INFO - Setting next_dagrun for example_short_circuit_decorator to None, run_after=None
[2024-09-10T02:02:51.875+0800] {processor.py:208} INFO - Processing /Users/erniesg/.pyenv/versions/3.12.5/envs/letters_home/lib/python3.12/site-packages/airflow/example_dags/example_short_circuit_decorator.py took 0.066 seconds
[2024-09-10T02:04:14.186+0800] {processor.py:186} INFO - Started process (PID=68096) to work on /Users/erniesg/.pyenv/versions/3.12.5/envs/letters_home/lib/python3.12/site-packages/airflow/example_dags/example_short_circuit_decorator.py
[2024-09-10T02:04:14.186+0800] {processor.py:914} INFO - Processing file /Users/erniesg/.pyenv/versions/3.12.5/envs/letters_home/lib/python3.12/site-packages/airflow/example_dags/example_short_circuit_decorator.py for tasks to queue
[2024-09-10T02:04:14.187+0800] {logging_mixin.py:190} INFO - [2024-09-10T02:04:14.187+0800] {dagbag.py:587} INFO - Filling up the DagBag from /Users/erniesg/.pyenv/versions/3.12.5/envs/letters_home/lib/python3.12/site-packages/airflow/example_dags/example_short_circuit_decorator.py
[2024-09-10T02:04:14.204+0800] {processor.py:925} INFO - DAG(s) 'example_short_circuit_decorator' retrieved from /Users/erniesg/.pyenv/versions/3.12.5/envs/letters_home/lib/python3.12/site-packages/airflow/example_dags/example_short_circuit_decorator.py
[2024-09-10T02:04:14.244+0800] {logging_mixin.py:190} INFO - [2024-09-10T02:04:14.244+0800] {dag.py:3229} INFO - Sync 1 DAGs
[2024-09-10T02:04:14.248+0800] {logging_mixin.py:190} INFO - [2024-09-10T02:04:14.248+0800] {dag.py:4156} INFO - Setting next_dagrun for example_short_circuit_decorator to None, run_after=None
[2024-09-10T02:04:14.255+0800] {processor.py:208} INFO - Processing /Users/erniesg/.pyenv/versions/3.12.5/envs/letters_home/lib/python3.12/site-packages/airflow/example_dags/example_short_circuit_decorator.py took 0.070 seconds
[2024-09-10T02:05:50.100+0800] {processor.py:186} INFO - Started process (PID=68211) to work on /Users/erniesg/.pyenv/versions/3.12.5/envs/letters_home/lib/python3.12/site-packages/airflow/example_dags/example_short_circuit_decorator.py
[2024-09-10T02:05:50.100+0800] {processor.py:914} INFO - Processing file /Users/erniesg/.pyenv/versions/3.12.5/envs/letters_home/lib/python3.12/site-packages/airflow/example_dags/example_short_circuit_decorator.py for tasks to queue
[2024-09-10T02:05:50.101+0800] {logging_mixin.py:190} INFO - [2024-09-10T02:05:50.101+0800] {dagbag.py:587} INFO - Filling up the DagBag from /Users/erniesg/.pyenv/versions/3.12.5/envs/letters_home/lib/python3.12/site-packages/airflow/example_dags/example_short_circuit_decorator.py
[2024-09-10T02:05:50.118+0800] {processor.py:925} INFO - DAG(s) 'example_short_circuit_decorator' retrieved from /Users/erniesg/.pyenv/versions/3.12.5/envs/letters_home/lib/python3.12/site-packages/airflow/example_dags/example_short_circuit_decorator.py
[2024-09-10T02:05:50.157+0800] {logging_mixin.py:190} INFO - [2024-09-10T02:05:50.157+0800] {dag.py:3229} INFO - Sync 1 DAGs
[2024-09-10T02:05:50.161+0800] {logging_mixin.py:190} INFO - [2024-09-10T02:05:50.161+0800] {dag.py:4156} INFO - Setting next_dagrun for example_short_circuit_decorator to None, run_after=None
[2024-09-10T02:05:50.168+0800] {processor.py:208} INFO - Processing /Users/erniesg/.pyenv/versions/3.12.5/envs/letters_home/lib/python3.12/site-packages/airflow/example_dags/example_short_circuit_decorator.py took 0.070 seconds
[2024-09-10T02:07:13.806+0800] {processor.py:186} INFO - Started process (PID=68396) to work on /Users/erniesg/.pyenv/versions/3.12.5/envs/letters_home/lib/python3.12/site-packages/airflow/example_dags/example_short_circuit_decorator.py
[2024-09-10T02:07:13.807+0800] {processor.py:914} INFO - Processing file /Users/erniesg/.pyenv/versions/3.12.5/envs/letters_home/lib/python3.12/site-packages/airflow/example_dags/example_short_circuit_decorator.py for tasks to queue
[2024-09-10T02:07:13.807+0800] {logging_mixin.py:190} INFO - [2024-09-10T02:07:13.807+0800] {dagbag.py:587} INFO - Filling up the DagBag from /Users/erniesg/.pyenv/versions/3.12.5/envs/letters_home/lib/python3.12/site-packages/airflow/example_dags/example_short_circuit_decorator.py
[2024-09-10T02:07:13.823+0800] {processor.py:925} INFO - DAG(s) 'example_short_circuit_decorator' retrieved from /Users/erniesg/.pyenv/versions/3.12.5/envs/letters_home/lib/python3.12/site-packages/airflow/example_dags/example_short_circuit_decorator.py
[2024-09-10T02:07:13.859+0800] {logging_mixin.py:190} INFO - [2024-09-10T02:07:13.858+0800] {dag.py:3229} INFO - Sync 1 DAGs
[2024-09-10T02:07:13.862+0800] {logging_mixin.py:190} INFO - [2024-09-10T02:07:13.862+0800] {dag.py:4156} INFO - Setting next_dagrun for example_short_circuit_decorator to None, run_after=None
[2024-09-10T02:07:13.869+0800] {processor.py:208} INFO - Processing /Users/erniesg/.pyenv/versions/3.12.5/envs/letters_home/lib/python3.12/site-packages/airflow/example_dags/example_short_circuit_decorator.py took 0.063 seconds
[2024-09-10T02:08:35.284+0800] {processor.py:186} INFO - Started process (PID=68493) to work on /Users/erniesg/.pyenv/versions/3.12.5/envs/letters_home/lib/python3.12/site-packages/airflow/example_dags/example_short_circuit_decorator.py
[2024-09-10T02:08:35.284+0800] {processor.py:914} INFO - Processing file /Users/erniesg/.pyenv/versions/3.12.5/envs/letters_home/lib/python3.12/site-packages/airflow/example_dags/example_short_circuit_decorator.py for tasks to queue
[2024-09-10T02:08:35.285+0800] {logging_mixin.py:190} INFO - [2024-09-10T02:08:35.284+0800] {dagbag.py:587} INFO - Filling up the DagBag from /Users/erniesg/.pyenv/versions/3.12.5/envs/letters_home/lib/python3.12/site-packages/airflow/example_dags/example_short_circuit_decorator.py
[2024-09-10T02:08:35.301+0800] {processor.py:925} INFO - DAG(s) 'example_short_circuit_decorator' retrieved from /Users/erniesg/.pyenv/versions/3.12.5/envs/letters_home/lib/python3.12/site-packages/airflow/example_dags/example_short_circuit_decorator.py
[2024-09-10T02:08:35.339+0800] {logging_mixin.py:190} INFO - [2024-09-10T02:08:35.339+0800] {dag.py:3229} INFO - Sync 1 DAGs
[2024-09-10T02:08:35.342+0800] {logging_mixin.py:190} INFO - [2024-09-10T02:08:35.342+0800] {dag.py:4156} INFO - Setting next_dagrun for example_short_circuit_decorator to None, run_after=None
[2024-09-10T02:08:35.349+0800] {processor.py:208} INFO - Processing /Users/erniesg/.pyenv/versions/3.12.5/envs/letters_home/lib/python3.12/site-packages/airflow/example_dags/example_short_circuit_decorator.py took 0.066 seconds
[2024-09-10T02:09:59.045+0800] {processor.py:186} INFO - Started process (PID=68605) to work on /Users/erniesg/.pyenv/versions/3.12.5/envs/letters_home/lib/python3.12/site-packages/airflow/example_dags/example_short_circuit_decorator.py
[2024-09-10T02:09:59.046+0800] {processor.py:914} INFO - Processing file /Users/erniesg/.pyenv/versions/3.12.5/envs/letters_home/lib/python3.12/site-packages/airflow/example_dags/example_short_circuit_decorator.py for tasks to queue
[2024-09-10T02:09:59.046+0800] {logging_mixin.py:190} INFO - [2024-09-10T02:09:59.046+0800] {dagbag.py:587} INFO - Filling up the DagBag from /Users/erniesg/.pyenv/versions/3.12.5/envs/letters_home/lib/python3.12/site-packages/airflow/example_dags/example_short_circuit_decorator.py
[2024-09-10T02:09:59.063+0800] {processor.py:925} INFO - DAG(s) 'example_short_circuit_decorator' retrieved from /Users/erniesg/.pyenv/versions/3.12.5/envs/letters_home/lib/python3.12/site-packages/airflow/example_dags/example_short_circuit_decorator.py
[2024-09-10T02:09:59.106+0800] {logging_mixin.py:190} INFO - [2024-09-10T02:09:59.105+0800] {dag.py:3229} INFO - Sync 1 DAGs
[2024-09-10T02:09:59.111+0800] {logging_mixin.py:190} INFO - [2024-09-10T02:09:59.111+0800] {dag.py:4156} INFO - Setting next_dagrun for example_short_circuit_decorator to None, run_after=None
[2024-09-10T02:09:59.118+0800] {processor.py:208} INFO - Processing /Users/erniesg/.pyenv/versions/3.12.5/envs/letters_home/lib/python3.12/site-packages/airflow/example_dags/example_short_circuit_decorator.py took 0.074 seconds
[2024-09-10T02:12:39.650+0800] {processor.py:186} INFO - Started process (PID=69268) to work on /Users/erniesg/.pyenv/versions/3.12.5/envs/letters_home/lib/python3.12/site-packages/airflow/example_dags/example_short_circuit_decorator.py
[2024-09-10T02:12:39.650+0800] {processor.py:914} INFO - Processing file /Users/erniesg/.pyenv/versions/3.12.5/envs/letters_home/lib/python3.12/site-packages/airflow/example_dags/example_short_circuit_decorator.py for tasks to queue
[2024-09-10T02:12:39.650+0800] {logging_mixin.py:190} INFO - [2024-09-10T02:12:39.650+0800] {dagbag.py:587} INFO - Filling up the DagBag from /Users/erniesg/.pyenv/versions/3.12.5/envs/letters_home/lib/python3.12/site-packages/airflow/example_dags/example_short_circuit_decorator.py
[2024-09-10T02:12:39.667+0800] {processor.py:925} INFO - DAG(s) 'example_short_circuit_decorator' retrieved from /Users/erniesg/.pyenv/versions/3.12.5/envs/letters_home/lib/python3.12/site-packages/airflow/example_dags/example_short_circuit_decorator.py
[2024-09-10T02:12:39.707+0800] {logging_mixin.py:190} INFO - [2024-09-10T02:12:39.707+0800] {dag.py:3229} INFO - Sync 1 DAGs
[2024-09-10T02:12:39.711+0800] {logging_mixin.py:190} INFO - [2024-09-10T02:12:39.711+0800] {dag.py:4156} INFO - Setting next_dagrun for example_short_circuit_decorator to None, run_after=None
[2024-09-10T02:12:39.719+0800] {processor.py:208} INFO - Processing /Users/erniesg/.pyenv/versions/3.12.5/envs/letters_home/lib/python3.12/site-packages/airflow/example_dags/example_short_circuit_decorator.py took 0.071 seconds
[2024-09-10T02:14:33.482+0800] {processor.py:186} INFO - Started process (PID=69362) to work on /Users/erniesg/.pyenv/versions/3.12.5/envs/letters_home/lib/python3.12/site-packages/airflow/example_dags/example_short_circuit_decorator.py
[2024-09-10T02:14:33.482+0800] {processor.py:914} INFO - Processing file /Users/erniesg/.pyenv/versions/3.12.5/envs/letters_home/lib/python3.12/site-packages/airflow/example_dags/example_short_circuit_decorator.py for tasks to queue
[2024-09-10T02:14:33.483+0800] {logging_mixin.py:190} INFO - [2024-09-10T02:14:33.483+0800] {dagbag.py:587} INFO - Filling up the DagBag from /Users/erniesg/.pyenv/versions/3.12.5/envs/letters_home/lib/python3.12/site-packages/airflow/example_dags/example_short_circuit_decorator.py
[2024-09-10T02:14:33.501+0800] {processor.py:925} INFO - DAG(s) 'example_short_circuit_decorator' retrieved from /Users/erniesg/.pyenv/versions/3.12.5/envs/letters_home/lib/python3.12/site-packages/airflow/example_dags/example_short_circuit_decorator.py
[2024-09-10T02:14:33.542+0800] {logging_mixin.py:190} INFO - [2024-09-10T02:14:33.542+0800] {dag.py:3229} INFO - Sync 1 DAGs
[2024-09-10T02:14:33.547+0800] {logging_mixin.py:190} INFO - [2024-09-10T02:14:33.546+0800] {dag.py:4156} INFO - Setting next_dagrun for example_short_circuit_decorator to None, run_after=None
[2024-09-10T02:14:33.556+0800] {processor.py:208} INFO - Processing /Users/erniesg/.pyenv/versions/3.12.5/envs/letters_home/lib/python3.12/site-packages/airflow/example_dags/example_short_circuit_decorator.py took 0.075 seconds
[2024-09-10T02:16:02.083+0800] {processor.py:186} INFO - Started process (PID=69721) to work on /Users/erniesg/.pyenv/versions/3.12.5/envs/letters_home/lib/python3.12/site-packages/airflow/example_dags/example_short_circuit_decorator.py
[2024-09-10T02:16:02.084+0800] {processor.py:914} INFO - Processing file /Users/erniesg/.pyenv/versions/3.12.5/envs/letters_home/lib/python3.12/site-packages/airflow/example_dags/example_short_circuit_decorator.py for tasks to queue
[2024-09-10T02:16:02.084+0800] {logging_mixin.py:190} INFO - [2024-09-10T02:16:02.084+0800] {dagbag.py:587} INFO - Filling up the DagBag from /Users/erniesg/.pyenv/versions/3.12.5/envs/letters_home/lib/python3.12/site-packages/airflow/example_dags/example_short_circuit_decorator.py
[2024-09-10T02:16:02.103+0800] {processor.py:925} INFO - DAG(s) 'example_short_circuit_decorator' retrieved from /Users/erniesg/.pyenv/versions/3.12.5/envs/letters_home/lib/python3.12/site-packages/airflow/example_dags/example_short_circuit_decorator.py
[2024-09-10T02:16:02.157+0800] {logging_mixin.py:190} INFO - [2024-09-10T02:16:02.156+0800] {dag.py:3229} INFO - Sync 1 DAGs
[2024-09-10T02:16:02.161+0800] {logging_mixin.py:190} INFO - [2024-09-10T02:16:02.161+0800] {dag.py:4156} INFO - Setting next_dagrun for example_short_circuit_decorator to None, run_after=None
[2024-09-10T02:16:02.168+0800] {processor.py:208} INFO - Processing /Users/erniesg/.pyenv/versions/3.12.5/envs/letters_home/lib/python3.12/site-packages/airflow/example_dags/example_short_circuit_decorator.py took 0.087 seconds
[2024-09-10T02:17:57.470+0800] {processor.py:186} INFO - Started process (PID=69851) to work on /Users/erniesg/.pyenv/versions/3.12.5/envs/letters_home/lib/python3.12/site-packages/airflow/example_dags/example_short_circuit_decorator.py
[2024-09-10T02:17:57.471+0800] {processor.py:914} INFO - Processing file /Users/erniesg/.pyenv/versions/3.12.5/envs/letters_home/lib/python3.12/site-packages/airflow/example_dags/example_short_circuit_decorator.py for tasks to queue
[2024-09-10T02:17:57.471+0800] {logging_mixin.py:190} INFO - [2024-09-10T02:17:57.471+0800] {dagbag.py:587} INFO - Filling up the DagBag from /Users/erniesg/.pyenv/versions/3.12.5/envs/letters_home/lib/python3.12/site-packages/airflow/example_dags/example_short_circuit_decorator.py
[2024-09-10T02:17:57.489+0800] {processor.py:925} INFO - DAG(s) 'example_short_circuit_decorator' retrieved from /Users/erniesg/.pyenv/versions/3.12.5/envs/letters_home/lib/python3.12/site-packages/airflow/example_dags/example_short_circuit_decorator.py
[2024-09-10T02:17:57.528+0800] {logging_mixin.py:190} INFO - [2024-09-10T02:17:57.528+0800] {dag.py:3229} INFO - Sync 1 DAGs
[2024-09-10T02:17:57.532+0800] {logging_mixin.py:190} INFO - [2024-09-10T02:17:57.532+0800] {dag.py:4156} INFO - Setting next_dagrun for example_short_circuit_decorator to None, run_after=None
[2024-09-10T02:17:57.540+0800] {processor.py:208} INFO - Processing /Users/erniesg/.pyenv/versions/3.12.5/envs/letters_home/lib/python3.12/site-packages/airflow/example_dags/example_short_circuit_decorator.py took 0.071 seconds
[2024-09-10T02:19:20.680+0800] {processor.py:186} INFO - Started process (PID=70298) to work on /Users/erniesg/.pyenv/versions/3.12.5/envs/letters_home/lib/python3.12/site-packages/airflow/example_dags/example_short_circuit_decorator.py
[2024-09-10T02:19:20.680+0800] {processor.py:914} INFO - Processing file /Users/erniesg/.pyenv/versions/3.12.5/envs/letters_home/lib/python3.12/site-packages/airflow/example_dags/example_short_circuit_decorator.py for tasks to queue
[2024-09-10T02:19:20.680+0800] {logging_mixin.py:190} INFO - [2024-09-10T02:19:20.680+0800] {dagbag.py:587} INFO - Filling up the DagBag from /Users/erniesg/.pyenv/versions/3.12.5/envs/letters_home/lib/python3.12/site-packages/airflow/example_dags/example_short_circuit_decorator.py
[2024-09-10T02:19:20.697+0800] {processor.py:925} INFO - DAG(s) 'example_short_circuit_decorator' retrieved from /Users/erniesg/.pyenv/versions/3.12.5/envs/letters_home/lib/python3.12/site-packages/airflow/example_dags/example_short_circuit_decorator.py
[2024-09-10T02:19:20.738+0800] {logging_mixin.py:190} INFO - [2024-09-10T02:19:20.737+0800] {dag.py:3229} INFO - Sync 1 DAGs
[2024-09-10T02:19:20.742+0800] {logging_mixin.py:190} INFO - [2024-09-10T02:19:20.741+0800] {dag.py:4156} INFO - Setting next_dagrun for example_short_circuit_decorator to None, run_after=None
[2024-09-10T02:19:20.749+0800] {processor.py:208} INFO - Processing /Users/erniesg/.pyenv/versions/3.12.5/envs/letters_home/lib/python3.12/site-packages/airflow/example_dags/example_short_circuit_decorator.py took 0.071 seconds
