[2024-09-10T01:37:18.710+0800] {processor.py:186} INFO - Started process (PID=57530) to work on /Users/erniesg/.pyenv/versions/3.12.5/envs/letters_home/lib/python3.12/site-packages/airflow/example_dags/example_trigger_target_dag.py
[2024-09-10T01:37:18.710+0800] {processor.py:914} INFO - Processing file /Users/erniesg/.pyenv/versions/3.12.5/envs/letters_home/lib/python3.12/site-packages/airflow/example_dags/example_trigger_target_dag.py for tasks to queue
[2024-09-10T01:37:18.710+0800] {logging_mixin.py:190} INFO - [2024-09-10T01:37:18.710+0800] {dagbag.py:587} INFO - Filling up the DagBag from /Users/erniesg/.pyenv/versions/3.12.5/envs/letters_home/lib/python3.12/site-packages/airflow/example_dags/example_trigger_target_dag.py
[2024-09-10T01:37:18.725+0800] {processor.py:925} INFO - DAG(s) 'example_trigger_target_dag' retrieved from /Users/erniesg/.pyenv/versions/3.12.5/envs/letters_home/lib/python3.12/site-packages/airflow/example_dags/example_trigger_target_dag.py
[2024-09-10T01:37:18.792+0800] {logging_mixin.py:190} INFO - [2024-09-10T01:37:18.792+0800] {override.py:1900} INFO - Created Permission View: can edit on DAG:example_trigger_target_dag
[2024-09-10T01:37:18.795+0800] {logging_mixin.py:190} INFO - [2024-09-10T01:37:18.795+0800] {override.py:1900} INFO - Created Permission View: can read on DAG:example_trigger_target_dag
[2024-09-10T01:37:18.797+0800] {logging_mixin.py:190} INFO - [2024-09-10T01:37:18.797+0800] {override.py:1900} INFO - Created Permission View: can delete on DAG:example_trigger_target_dag
[2024-09-10T01:37:18.799+0800] {logging_mixin.py:190} INFO - [2024-09-10T01:37:18.799+0800] {override.py:1900} INFO - Created Permission View: can create on DAG Run:example_trigger_target_dag
[2024-09-10T01:37:18.801+0800] {logging_mixin.py:190} INFO - [2024-09-10T01:37:18.801+0800] {override.py:1900} INFO - Created Permission View: can read on DAG Run:example_trigger_target_dag
[2024-09-10T01:37:18.803+0800] {logging_mixin.py:190} INFO - [2024-09-10T01:37:18.803+0800] {override.py:1900} INFO - Created Permission View: can delete on DAG Run:example_trigger_target_dag
[2024-09-10T01:37:18.805+0800] {logging_mixin.py:190} INFO - [2024-09-10T01:37:18.805+0800] {override.py:1900} INFO - Created Permission View: menu access on DAG Run:example_trigger_target_dag
[2024-09-10T01:37:18.805+0800] {logging_mixin.py:190} INFO - [2024-09-10T01:37:18.805+0800] {dag.py:3229} INFO - Sync 1 DAGs
[2024-09-10T01:37:18.809+0800] {logging_mixin.py:190} INFO - [2024-09-10T01:37:18.809+0800] {dag.py:3252} INFO - Creating ORM DAG for example_trigger_target_dag
[2024-09-10T01:37:18.809+0800] {logging_mixin.py:190} INFO - [2024-09-10T01:37:18.809+0800] {dag.py:4156} INFO - Setting next_dagrun for example_trigger_target_dag to None, run_after=None
[2024-09-10T01:37:18.815+0800] {processor.py:208} INFO - Processing /Users/erniesg/.pyenv/versions/3.12.5/envs/letters_home/lib/python3.12/site-packages/airflow/example_dags/example_trigger_target_dag.py took 0.106 seconds
[2024-09-10T01:39:08.311+0800] {processor.py:186} INFO - Started process (PID=58061) to work on /Users/erniesg/.pyenv/versions/3.12.5/envs/letters_home/lib/python3.12/site-packages/airflow/example_dags/example_trigger_target_dag.py
[2024-09-10T01:39:08.311+0800] {processor.py:914} INFO - Processing file /Users/erniesg/.pyenv/versions/3.12.5/envs/letters_home/lib/python3.12/site-packages/airflow/example_dags/example_trigger_target_dag.py for tasks to queue
[2024-09-10T01:39:08.312+0800] {logging_mixin.py:190} INFO - [2024-09-10T01:39:08.312+0800] {dagbag.py:587} INFO - Filling up the DagBag from /Users/erniesg/.pyenv/versions/3.12.5/envs/letters_home/lib/python3.12/site-packages/airflow/example_dags/example_trigger_target_dag.py
[2024-09-10T01:39:08.327+0800] {processor.py:925} INFO - DAG(s) 'example_trigger_target_dag' retrieved from /Users/erniesg/.pyenv/versions/3.12.5/envs/letters_home/lib/python3.12/site-packages/airflow/example_dags/example_trigger_target_dag.py
[2024-09-10T01:39:08.362+0800] {logging_mixin.py:190} INFO - [2024-09-10T01:39:08.362+0800] {dag.py:3229} INFO - Sync 1 DAGs
[2024-09-10T01:39:08.367+0800] {logging_mixin.py:190} INFO - [2024-09-10T01:39:08.367+0800] {dag.py:4156} INFO - Setting next_dagrun for example_trigger_target_dag to None, run_after=None
[2024-09-10T01:39:08.374+0800] {processor.py:208} INFO - Processing /Users/erniesg/.pyenv/versions/3.12.5/envs/letters_home/lib/python3.12/site-packages/airflow/example_dags/example_trigger_target_dag.py took 0.064 seconds
[2024-09-10T01:40:30.187+0800] {processor.py:186} INFO - Started process (PID=58148) to work on /Users/erniesg/.pyenv/versions/3.12.5/envs/letters_home/lib/python3.12/site-packages/airflow/example_dags/example_trigger_target_dag.py
[2024-09-10T01:40:30.188+0800] {processor.py:914} INFO - Processing file /Users/erniesg/.pyenv/versions/3.12.5/envs/letters_home/lib/python3.12/site-packages/airflow/example_dags/example_trigger_target_dag.py for tasks to queue
[2024-09-10T01:40:30.188+0800] {logging_mixin.py:190} INFO - [2024-09-10T01:40:30.188+0800] {dagbag.py:587} INFO - Filling up the DagBag from /Users/erniesg/.pyenv/versions/3.12.5/envs/letters_home/lib/python3.12/site-packages/airflow/example_dags/example_trigger_target_dag.py
[2024-09-10T01:40:30.202+0800] {processor.py:925} INFO - DAG(s) 'example_trigger_target_dag' retrieved from /Users/erniesg/.pyenv/versions/3.12.5/envs/letters_home/lib/python3.12/site-packages/airflow/example_dags/example_trigger_target_dag.py
[2024-09-10T01:40:30.237+0800] {logging_mixin.py:190} INFO - [2024-09-10T01:40:30.237+0800] {dag.py:3229} INFO - Sync 1 DAGs
[2024-09-10T01:40:30.241+0800] {logging_mixin.py:190} INFO - [2024-09-10T01:40:30.241+0800] {dag.py:4156} INFO - Setting next_dagrun for example_trigger_target_dag to None, run_after=None
[2024-09-10T01:40:30.247+0800] {processor.py:208} INFO - Processing /Users/erniesg/.pyenv/versions/3.12.5/envs/letters_home/lib/python3.12/site-packages/airflow/example_dags/example_trigger_target_dag.py took 0.061 seconds
[2024-09-10T01:41:48.800+0800] {processor.py:186} INFO - Started process (PID=58205) to work on /Users/erniesg/.pyenv/versions/3.12.5/envs/letters_home/lib/python3.12/site-packages/airflow/example_dags/example_trigger_target_dag.py
[2024-09-10T01:41:48.800+0800] {processor.py:914} INFO - Processing file /Users/erniesg/.pyenv/versions/3.12.5/envs/letters_home/lib/python3.12/site-packages/airflow/example_dags/example_trigger_target_dag.py for tasks to queue
[2024-09-10T01:41:48.800+0800] {logging_mixin.py:190} INFO - [2024-09-10T01:41:48.800+0800] {dagbag.py:587} INFO - Filling up the DagBag from /Users/erniesg/.pyenv/versions/3.12.5/envs/letters_home/lib/python3.12/site-packages/airflow/example_dags/example_trigger_target_dag.py
[2024-09-10T01:41:48.816+0800] {processor.py:925} INFO - DAG(s) 'example_trigger_target_dag' retrieved from /Users/erniesg/.pyenv/versions/3.12.5/envs/letters_home/lib/python3.12/site-packages/airflow/example_dags/example_trigger_target_dag.py
[2024-09-10T01:41:48.851+0800] {logging_mixin.py:190} INFO - [2024-09-10T01:41:48.851+0800] {dag.py:3229} INFO - Sync 1 DAGs
[2024-09-10T01:41:48.855+0800] {logging_mixin.py:190} INFO - [2024-09-10T01:41:48.855+0800] {dag.py:4156} INFO - Setting next_dagrun for example_trigger_target_dag to None, run_after=None
[2024-09-10T01:41:48.862+0800] {processor.py:208} INFO - Processing /Users/erniesg/.pyenv/versions/3.12.5/envs/letters_home/lib/python3.12/site-packages/airflow/example_dags/example_trigger_target_dag.py took 0.063 seconds
[2024-09-10T01:43:11.551+0800] {processor.py:186} INFO - Started process (PID=58493) to work on /Users/erniesg/.pyenv/versions/3.12.5/envs/letters_home/lib/python3.12/site-packages/airflow/example_dags/example_trigger_target_dag.py
[2024-09-10T01:43:11.552+0800] {processor.py:914} INFO - Processing file /Users/erniesg/.pyenv/versions/3.12.5/envs/letters_home/lib/python3.12/site-packages/airflow/example_dags/example_trigger_target_dag.py for tasks to queue
[2024-09-10T01:43:11.552+0800] {logging_mixin.py:190} INFO - [2024-09-10T01:43:11.552+0800] {dagbag.py:587} INFO - Filling up the DagBag from /Users/erniesg/.pyenv/versions/3.12.5/envs/letters_home/lib/python3.12/site-packages/airflow/example_dags/example_trigger_target_dag.py
[2024-09-10T01:43:11.568+0800] {processor.py:925} INFO - DAG(s) 'example_trigger_target_dag' retrieved from /Users/erniesg/.pyenv/versions/3.12.5/envs/letters_home/lib/python3.12/site-packages/airflow/example_dags/example_trigger_target_dag.py
[2024-09-10T01:43:11.604+0800] {logging_mixin.py:190} INFO - [2024-09-10T01:43:11.604+0800] {dag.py:3229} INFO - Sync 1 DAGs
[2024-09-10T01:43:11.608+0800] {logging_mixin.py:190} INFO - [2024-09-10T01:43:11.608+0800] {dag.py:4156} INFO - Setting next_dagrun for example_trigger_target_dag to None, run_after=None
[2024-09-10T01:43:11.615+0800] {processor.py:208} INFO - Processing /Users/erniesg/.pyenv/versions/3.12.5/envs/letters_home/lib/python3.12/site-packages/airflow/example_dags/example_trigger_target_dag.py took 0.065 seconds
[2024-09-10T01:44:32.976+0800] {processor.py:186} INFO - Started process (PID=58761) to work on /Users/erniesg/.pyenv/versions/3.12.5/envs/letters_home/lib/python3.12/site-packages/airflow/example_dags/example_trigger_target_dag.py
[2024-09-10T01:44:32.976+0800] {processor.py:914} INFO - Processing file /Users/erniesg/.pyenv/versions/3.12.5/envs/letters_home/lib/python3.12/site-packages/airflow/example_dags/example_trigger_target_dag.py for tasks to queue
[2024-09-10T01:44:32.977+0800] {logging_mixin.py:190} INFO - [2024-09-10T01:44:32.976+0800] {dagbag.py:587} INFO - Filling up the DagBag from /Users/erniesg/.pyenv/versions/3.12.5/envs/letters_home/lib/python3.12/site-packages/airflow/example_dags/example_trigger_target_dag.py
[2024-09-10T01:44:32.991+0800] {processor.py:925} INFO - DAG(s) 'example_trigger_target_dag' retrieved from /Users/erniesg/.pyenv/versions/3.12.5/envs/letters_home/lib/python3.12/site-packages/airflow/example_dags/example_trigger_target_dag.py
[2024-09-10T01:44:33.057+0800] {logging_mixin.py:190} INFO - [2024-09-10T01:44:33.057+0800] {dag.py:3229} INFO - Sync 1 DAGs
[2024-09-10T01:44:33.061+0800] {logging_mixin.py:190} INFO - [2024-09-10T01:44:33.061+0800] {dag.py:4156} INFO - Setting next_dagrun for example_trigger_target_dag to None, run_after=None
[2024-09-10T01:44:33.068+0800] {processor.py:208} INFO - Processing /Users/erniesg/.pyenv/versions/3.12.5/envs/letters_home/lib/python3.12/site-packages/airflow/example_dags/example_trigger_target_dag.py took 0.093 seconds
[2024-09-10T01:58:50.240+0800] {processor.py:186} INFO - Started process (PID=67460) to work on /Users/erniesg/.pyenv/versions/3.12.5/envs/letters_home/lib/python3.12/site-packages/airflow/example_dags/example_trigger_target_dag.py
[2024-09-10T01:58:50.240+0800] {processor.py:914} INFO - Processing file /Users/erniesg/.pyenv/versions/3.12.5/envs/letters_home/lib/python3.12/site-packages/airflow/example_dags/example_trigger_target_dag.py for tasks to queue
[2024-09-10T01:58:50.240+0800] {logging_mixin.py:190} INFO - [2024-09-10T01:58:50.240+0800] {dagbag.py:587} INFO - Filling up the DagBag from /Users/erniesg/.pyenv/versions/3.12.5/envs/letters_home/lib/python3.12/site-packages/airflow/example_dags/example_trigger_target_dag.py
[2024-09-10T01:58:50.255+0800] {processor.py:925} INFO - DAG(s) 'example_trigger_target_dag' retrieved from /Users/erniesg/.pyenv/versions/3.12.5/envs/letters_home/lib/python3.12/site-packages/airflow/example_dags/example_trigger_target_dag.py
[2024-09-10T01:58:50.322+0800] {logging_mixin.py:190} INFO - [2024-09-10T01:58:50.322+0800] {dag.py:3229} INFO - Sync 1 DAGs
[2024-09-10T01:58:50.326+0800] {logging_mixin.py:190} INFO - [2024-09-10T01:58:50.326+0800] {dag.py:4156} INFO - Setting next_dagrun for example_trigger_target_dag to None, run_after=None
[2024-09-10T01:58:50.332+0800] {processor.py:208} INFO - Processing /Users/erniesg/.pyenv/versions/3.12.5/envs/letters_home/lib/python3.12/site-packages/airflow/example_dags/example_trigger_target_dag.py took 0.094 seconds
[2024-09-10T02:01:14.430+0800] {processor.py:186} INFO - Started process (PID=67891) to work on /Users/erniesg/.pyenv/versions/3.12.5/envs/letters_home/lib/python3.12/site-packages/airflow/example_dags/example_trigger_target_dag.py
[2024-09-10T02:01:14.430+0800] {processor.py:914} INFO - Processing file /Users/erniesg/.pyenv/versions/3.12.5/envs/letters_home/lib/python3.12/site-packages/airflow/example_dags/example_trigger_target_dag.py for tasks to queue
[2024-09-10T02:01:14.431+0800] {logging_mixin.py:190} INFO - [2024-09-10T02:01:14.430+0800] {dagbag.py:587} INFO - Filling up the DagBag from /Users/erniesg/.pyenv/versions/3.12.5/envs/letters_home/lib/python3.12/site-packages/airflow/example_dags/example_trigger_target_dag.py
[2024-09-10T02:01:14.446+0800] {processor.py:925} INFO - DAG(s) 'example_trigger_target_dag' retrieved from /Users/erniesg/.pyenv/versions/3.12.5/envs/letters_home/lib/python3.12/site-packages/airflow/example_dags/example_trigger_target_dag.py
[2024-09-10T02:01:14.481+0800] {logging_mixin.py:190} INFO - [2024-09-10T02:01:14.481+0800] {dag.py:3229} INFO - Sync 1 DAGs
[2024-09-10T02:01:14.485+0800] {logging_mixin.py:190} INFO - [2024-09-10T02:01:14.485+0800] {dag.py:4156} INFO - Setting next_dagrun for example_trigger_target_dag to None, run_after=None
[2024-09-10T02:01:14.491+0800] {processor.py:208} INFO - Processing /Users/erniesg/.pyenv/versions/3.12.5/envs/letters_home/lib/python3.12/site-packages/airflow/example_dags/example_trigger_target_dag.py took 0.062 seconds
[2024-09-10T02:02:34.184+0800] {processor.py:186} INFO - Started process (PID=67972) to work on /Users/erniesg/.pyenv/versions/3.12.5/envs/letters_home/lib/python3.12/site-packages/airflow/example_dags/example_trigger_target_dag.py
[2024-09-10T02:02:34.184+0800] {processor.py:914} INFO - Processing file /Users/erniesg/.pyenv/versions/3.12.5/envs/letters_home/lib/python3.12/site-packages/airflow/example_dags/example_trigger_target_dag.py for tasks to queue
[2024-09-10T02:02:34.184+0800] {logging_mixin.py:190} INFO - [2024-09-10T02:02:34.184+0800] {dagbag.py:587} INFO - Filling up the DagBag from /Users/erniesg/.pyenv/versions/3.12.5/envs/letters_home/lib/python3.12/site-packages/airflow/example_dags/example_trigger_target_dag.py
[2024-09-10T02:02:34.198+0800] {processor.py:925} INFO - DAG(s) 'example_trigger_target_dag' retrieved from /Users/erniesg/.pyenv/versions/3.12.5/envs/letters_home/lib/python3.12/site-packages/airflow/example_dags/example_trigger_target_dag.py
[2024-09-10T02:02:34.232+0800] {logging_mixin.py:190} INFO - [2024-09-10T02:02:34.232+0800] {dag.py:3229} INFO - Sync 1 DAGs
[2024-09-10T02:02:34.236+0800] {logging_mixin.py:190} INFO - [2024-09-10T02:02:34.236+0800] {dag.py:4156} INFO - Setting next_dagrun for example_trigger_target_dag to None, run_after=None
[2024-09-10T02:02:34.242+0800] {processor.py:208} INFO - Processing /Users/erniesg/.pyenv/versions/3.12.5/envs/letters_home/lib/python3.12/site-packages/airflow/example_dags/example_trigger_target_dag.py took 0.060 seconds
[2024-09-10T02:03:55.406+0800] {processor.py:186} INFO - Started process (PID=68079) to work on /Users/erniesg/.pyenv/versions/3.12.5/envs/letters_home/lib/python3.12/site-packages/airflow/example_dags/example_trigger_target_dag.py
[2024-09-10T02:03:55.406+0800] {processor.py:914} INFO - Processing file /Users/erniesg/.pyenv/versions/3.12.5/envs/letters_home/lib/python3.12/site-packages/airflow/example_dags/example_trigger_target_dag.py for tasks to queue
[2024-09-10T02:03:55.407+0800] {logging_mixin.py:190} INFO - [2024-09-10T02:03:55.407+0800] {dagbag.py:587} INFO - Filling up the DagBag from /Users/erniesg/.pyenv/versions/3.12.5/envs/letters_home/lib/python3.12/site-packages/airflow/example_dags/example_trigger_target_dag.py
[2024-09-10T02:03:55.422+0800] {processor.py:925} INFO - DAG(s) 'example_trigger_target_dag' retrieved from /Users/erniesg/.pyenv/versions/3.12.5/envs/letters_home/lib/python3.12/site-packages/airflow/example_dags/example_trigger_target_dag.py
[2024-09-10T02:03:55.458+0800] {logging_mixin.py:190} INFO - [2024-09-10T02:03:55.457+0800] {dag.py:3229} INFO - Sync 1 DAGs
[2024-09-10T02:03:55.461+0800] {logging_mixin.py:190} INFO - [2024-09-10T02:03:55.461+0800] {dag.py:4156} INFO - Setting next_dagrun for example_trigger_target_dag to None, run_after=None
[2024-09-10T02:03:55.468+0800] {processor.py:208} INFO - Processing /Users/erniesg/.pyenv/versions/3.12.5/envs/letters_home/lib/python3.12/site-packages/airflow/example_dags/example_trigger_target_dag.py took 0.063 seconds
[2024-09-10T02:05:32.696+0800] {processor.py:186} INFO - Started process (PID=68194) to work on /Users/erniesg/.pyenv/versions/3.12.5/envs/letters_home/lib/python3.12/site-packages/airflow/example_dags/example_trigger_target_dag.py
[2024-09-10T02:05:32.697+0800] {processor.py:914} INFO - Processing file /Users/erniesg/.pyenv/versions/3.12.5/envs/letters_home/lib/python3.12/site-packages/airflow/example_dags/example_trigger_target_dag.py for tasks to queue
[2024-09-10T02:05:32.697+0800] {logging_mixin.py:190} INFO - [2024-09-10T02:05:32.697+0800] {dagbag.py:587} INFO - Filling up the DagBag from /Users/erniesg/.pyenv/versions/3.12.5/envs/letters_home/lib/python3.12/site-packages/airflow/example_dags/example_trigger_target_dag.py
[2024-09-10T02:05:32.712+0800] {processor.py:925} INFO - DAG(s) 'example_trigger_target_dag' retrieved from /Users/erniesg/.pyenv/versions/3.12.5/envs/letters_home/lib/python3.12/site-packages/airflow/example_dags/example_trigger_target_dag.py
[2024-09-10T02:05:32.748+0800] {logging_mixin.py:190} INFO - [2024-09-10T02:05:32.748+0800] {dag.py:3229} INFO - Sync 1 DAGs
[2024-09-10T02:05:32.752+0800] {logging_mixin.py:190} INFO - [2024-09-10T02:05:32.752+0800] {dag.py:4156} INFO - Setting next_dagrun for example_trigger_target_dag to None, run_after=None
[2024-09-10T02:05:32.758+0800] {processor.py:208} INFO - Processing /Users/erniesg/.pyenv/versions/3.12.5/envs/letters_home/lib/python3.12/site-packages/airflow/example_dags/example_trigger_target_dag.py took 0.063 seconds
[2024-09-10T02:06:56.142+0800] {processor.py:186} INFO - Started process (PID=68275) to work on /Users/erniesg/.pyenv/versions/3.12.5/envs/letters_home/lib/python3.12/site-packages/airflow/example_dags/example_trigger_target_dag.py
[2024-09-10T02:06:56.143+0800] {processor.py:914} INFO - Processing file /Users/erniesg/.pyenv/versions/3.12.5/envs/letters_home/lib/python3.12/site-packages/airflow/example_dags/example_trigger_target_dag.py for tasks to queue
[2024-09-10T02:06:56.143+0800] {logging_mixin.py:190} INFO - [2024-09-10T02:06:56.143+0800] {dagbag.py:587} INFO - Filling up the DagBag from /Users/erniesg/.pyenv/versions/3.12.5/envs/letters_home/lib/python3.12/site-packages/airflow/example_dags/example_trigger_target_dag.py
[2024-09-10T02:06:56.157+0800] {processor.py:925} INFO - DAG(s) 'example_trigger_target_dag' retrieved from /Users/erniesg/.pyenv/versions/3.12.5/envs/letters_home/lib/python3.12/site-packages/airflow/example_dags/example_trigger_target_dag.py
[2024-09-10T02:06:56.191+0800] {logging_mixin.py:190} INFO - [2024-09-10T02:06:56.191+0800] {dag.py:3229} INFO - Sync 1 DAGs
[2024-09-10T02:06:56.195+0800] {logging_mixin.py:190} INFO - [2024-09-10T02:06:56.195+0800] {dag.py:4156} INFO - Setting next_dagrun for example_trigger_target_dag to None, run_after=None
[2024-09-10T02:06:56.201+0800] {processor.py:208} INFO - Processing /Users/erniesg/.pyenv/versions/3.12.5/envs/letters_home/lib/python3.12/site-packages/airflow/example_dags/example_trigger_target_dag.py took 0.060 seconds
[2024-09-10T02:08:18.570+0800] {processor.py:186} INFO - Started process (PID=68470) to work on /Users/erniesg/.pyenv/versions/3.12.5/envs/letters_home/lib/python3.12/site-packages/airflow/example_dags/example_trigger_target_dag.py
[2024-09-10T02:08:18.571+0800] {processor.py:914} INFO - Processing file /Users/erniesg/.pyenv/versions/3.12.5/envs/letters_home/lib/python3.12/site-packages/airflow/example_dags/example_trigger_target_dag.py for tasks to queue
[2024-09-10T02:08:18.571+0800] {logging_mixin.py:190} INFO - [2024-09-10T02:08:18.571+0800] {dagbag.py:587} INFO - Filling up the DagBag from /Users/erniesg/.pyenv/versions/3.12.5/envs/letters_home/lib/python3.12/site-packages/airflow/example_dags/example_trigger_target_dag.py
[2024-09-10T02:08:18.585+0800] {processor.py:925} INFO - DAG(s) 'example_trigger_target_dag' retrieved from /Users/erniesg/.pyenv/versions/3.12.5/envs/letters_home/lib/python3.12/site-packages/airflow/example_dags/example_trigger_target_dag.py
[2024-09-10T02:08:18.623+0800] {logging_mixin.py:190} INFO - [2024-09-10T02:08:18.623+0800] {dag.py:3229} INFO - Sync 1 DAGs
[2024-09-10T02:08:18.627+0800] {logging_mixin.py:190} INFO - [2024-09-10T02:08:18.627+0800] {dag.py:4156} INFO - Setting next_dagrun for example_trigger_target_dag to None, run_after=None
[2024-09-10T02:08:18.634+0800] {processor.py:208} INFO - Processing /Users/erniesg/.pyenv/versions/3.12.5/envs/letters_home/lib/python3.12/site-packages/airflow/example_dags/example_trigger_target_dag.py took 0.064 seconds
[2024-09-10T02:09:41.829+0800] {processor.py:186} INFO - Started process (PID=68587) to work on /Users/erniesg/.pyenv/versions/3.12.5/envs/letters_home/lib/python3.12/site-packages/airflow/example_dags/example_trigger_target_dag.py
[2024-09-10T02:09:41.829+0800] {processor.py:914} INFO - Processing file /Users/erniesg/.pyenv/versions/3.12.5/envs/letters_home/lib/python3.12/site-packages/airflow/example_dags/example_trigger_target_dag.py for tasks to queue
[2024-09-10T02:09:41.829+0800] {logging_mixin.py:190} INFO - [2024-09-10T02:09:41.829+0800] {dagbag.py:587} INFO - Filling up the DagBag from /Users/erniesg/.pyenv/versions/3.12.5/envs/letters_home/lib/python3.12/site-packages/airflow/example_dags/example_trigger_target_dag.py
[2024-09-10T02:09:41.844+0800] {processor.py:925} INFO - DAG(s) 'example_trigger_target_dag' retrieved from /Users/erniesg/.pyenv/versions/3.12.5/envs/letters_home/lib/python3.12/site-packages/airflow/example_dags/example_trigger_target_dag.py
[2024-09-10T02:09:41.879+0800] {logging_mixin.py:190} INFO - [2024-09-10T02:09:41.879+0800] {dag.py:3229} INFO - Sync 1 DAGs
[2024-09-10T02:09:41.883+0800] {logging_mixin.py:190} INFO - [2024-09-10T02:09:41.883+0800] {dag.py:4156} INFO - Setting next_dagrun for example_trigger_target_dag to None, run_after=None
[2024-09-10T02:09:41.890+0800] {processor.py:208} INFO - Processing /Users/erniesg/.pyenv/versions/3.12.5/envs/letters_home/lib/python3.12/site-packages/airflow/example_dags/example_trigger_target_dag.py took 0.062 seconds
[2024-09-10T02:11:30.059+0800] {processor.py:186} INFO - Started process (PID=68940) to work on /Users/erniesg/.pyenv/versions/3.12.5/envs/letters_home/lib/python3.12/site-packages/airflow/example_dags/example_trigger_target_dag.py
[2024-09-10T02:11:30.060+0800] {processor.py:914} INFO - Processing file /Users/erniesg/.pyenv/versions/3.12.5/envs/letters_home/lib/python3.12/site-packages/airflow/example_dags/example_trigger_target_dag.py for tasks to queue
[2024-09-10T02:11:30.060+0800] {logging_mixin.py:190} INFO - [2024-09-10T02:11:30.060+0800] {dagbag.py:587} INFO - Filling up the DagBag from /Users/erniesg/.pyenv/versions/3.12.5/envs/letters_home/lib/python3.12/site-packages/airflow/example_dags/example_trigger_target_dag.py
[2024-09-10T02:11:30.075+0800] {processor.py:925} INFO - DAG(s) 'example_trigger_target_dag' retrieved from /Users/erniesg/.pyenv/versions/3.12.5/envs/letters_home/lib/python3.12/site-packages/airflow/example_dags/example_trigger_target_dag.py
[2024-09-10T02:11:30.109+0800] {logging_mixin.py:190} INFO - [2024-09-10T02:11:30.109+0800] {dag.py:3229} INFO - Sync 1 DAGs
[2024-09-10T02:11:30.113+0800] {logging_mixin.py:190} INFO - [2024-09-10T02:11:30.113+0800] {dag.py:4156} INFO - Setting next_dagrun for example_trigger_target_dag to None, run_after=None
[2024-09-10T02:11:30.119+0800] {processor.py:208} INFO - Processing /Users/erniesg/.pyenv/versions/3.12.5/envs/letters_home/lib/python3.12/site-packages/airflow/example_dags/example_trigger_target_dag.py took 0.061 seconds
[2024-09-10T02:12:21.461+0800] {processor.py:186} INFO - Started process (PID=69259) to work on /Users/erniesg/.pyenv/versions/3.12.5/envs/letters_home/lib/python3.12/site-packages/airflow/example_dags/example_trigger_target_dag.py
[2024-09-10T02:12:21.461+0800] {processor.py:914} INFO - Processing file /Users/erniesg/.pyenv/versions/3.12.5/envs/letters_home/lib/python3.12/site-packages/airflow/example_dags/example_trigger_target_dag.py for tasks to queue
[2024-09-10T02:12:21.461+0800] {logging_mixin.py:190} INFO - [2024-09-10T02:12:21.461+0800] {dagbag.py:587} INFO - Filling up the DagBag from /Users/erniesg/.pyenv/versions/3.12.5/envs/letters_home/lib/python3.12/site-packages/airflow/example_dags/example_trigger_target_dag.py
[2024-09-10T02:12:21.476+0800] {processor.py:925} INFO - DAG(s) 'example_trigger_target_dag' retrieved from /Users/erniesg/.pyenv/versions/3.12.5/envs/letters_home/lib/python3.12/site-packages/airflow/example_dags/example_trigger_target_dag.py
[2024-09-10T02:12:21.512+0800] {logging_mixin.py:190} INFO - [2024-09-10T02:12:21.511+0800] {dag.py:3229} INFO - Sync 1 DAGs
[2024-09-10T02:12:21.516+0800] {logging_mixin.py:190} INFO - [2024-09-10T02:12:21.516+0800] {dag.py:4156} INFO - Setting next_dagrun for example_trigger_target_dag to None, run_after=None
[2024-09-10T02:12:21.523+0800] {processor.py:208} INFO - Processing /Users/erniesg/.pyenv/versions/3.12.5/envs/letters_home/lib/python3.12/site-packages/airflow/example_dags/example_trigger_target_dag.py took 0.064 seconds
[2024-09-10T02:14:15.879+0800] {processor.py:186} INFO - Started process (PID=69353) to work on /Users/erniesg/.pyenv/versions/3.12.5/envs/letters_home/lib/python3.12/site-packages/airflow/example_dags/example_trigger_target_dag.py
[2024-09-10T02:14:15.880+0800] {processor.py:914} INFO - Processing file /Users/erniesg/.pyenv/versions/3.12.5/envs/letters_home/lib/python3.12/site-packages/airflow/example_dags/example_trigger_target_dag.py for tasks to queue
[2024-09-10T02:14:15.880+0800] {logging_mixin.py:190} INFO - [2024-09-10T02:14:15.880+0800] {dagbag.py:587} INFO - Filling up the DagBag from /Users/erniesg/.pyenv/versions/3.12.5/envs/letters_home/lib/python3.12/site-packages/airflow/example_dags/example_trigger_target_dag.py
[2024-09-10T02:14:15.897+0800] {processor.py:925} INFO - DAG(s) 'example_trigger_target_dag' retrieved from /Users/erniesg/.pyenv/versions/3.12.5/envs/letters_home/lib/python3.12/site-packages/airflow/example_dags/example_trigger_target_dag.py
[2024-09-10T02:14:15.935+0800] {logging_mixin.py:190} INFO - [2024-09-10T02:14:15.935+0800] {dag.py:3229} INFO - Sync 1 DAGs
[2024-09-10T02:14:15.940+0800] {logging_mixin.py:190} INFO - [2024-09-10T02:14:15.940+0800] {dag.py:4156} INFO - Setting next_dagrun for example_trigger_target_dag to None, run_after=None
[2024-09-10T02:14:15.947+0800] {processor.py:208} INFO - Processing /Users/erniesg/.pyenv/versions/3.12.5/envs/letters_home/lib/python3.12/site-packages/airflow/example_dags/example_trigger_target_dag.py took 0.069 seconds
[2024-09-10T02:15:44.185+0800] {processor.py:186} INFO - Started process (PID=69700) to work on /Users/erniesg/.pyenv/versions/3.12.5/envs/letters_home/lib/python3.12/site-packages/airflow/example_dags/example_trigger_target_dag.py
[2024-09-10T02:15:44.185+0800] {processor.py:914} INFO - Processing file /Users/erniesg/.pyenv/versions/3.12.5/envs/letters_home/lib/python3.12/site-packages/airflow/example_dags/example_trigger_target_dag.py for tasks to queue
[2024-09-10T02:15:44.186+0800] {logging_mixin.py:190} INFO - [2024-09-10T02:15:44.186+0800] {dagbag.py:587} INFO - Filling up the DagBag from /Users/erniesg/.pyenv/versions/3.12.5/envs/letters_home/lib/python3.12/site-packages/airflow/example_dags/example_trigger_target_dag.py
[2024-09-10T02:15:44.201+0800] {processor.py:925} INFO - DAG(s) 'example_trigger_target_dag' retrieved from /Users/erniesg/.pyenv/versions/3.12.5/envs/letters_home/lib/python3.12/site-packages/airflow/example_dags/example_trigger_target_dag.py
[2024-09-10T02:15:44.236+0800] {logging_mixin.py:190} INFO - [2024-09-10T02:15:44.236+0800] {dag.py:3229} INFO - Sync 1 DAGs
[2024-09-10T02:15:44.240+0800] {logging_mixin.py:190} INFO - [2024-09-10T02:15:44.239+0800] {dag.py:4156} INFO - Setting next_dagrun for example_trigger_target_dag to None, run_after=None
[2024-09-10T02:15:44.246+0800] {processor.py:208} INFO - Processing /Users/erniesg/.pyenv/versions/3.12.5/envs/letters_home/lib/python3.12/site-packages/airflow/example_dags/example_trigger_target_dag.py took 0.062 seconds
[2024-09-10T02:17:40.105+0800] {processor.py:186} INFO - Started process (PID=69829) to work on /Users/erniesg/.pyenv/versions/3.12.5/envs/letters_home/lib/python3.12/site-packages/airflow/example_dags/example_trigger_target_dag.py
[2024-09-10T02:17:40.105+0800] {processor.py:914} INFO - Processing file /Users/erniesg/.pyenv/versions/3.12.5/envs/letters_home/lib/python3.12/site-packages/airflow/example_dags/example_trigger_target_dag.py for tasks to queue
[2024-09-10T02:17:40.105+0800] {logging_mixin.py:190} INFO - [2024-09-10T02:17:40.105+0800] {dagbag.py:587} INFO - Filling up the DagBag from /Users/erniesg/.pyenv/versions/3.12.5/envs/letters_home/lib/python3.12/site-packages/airflow/example_dags/example_trigger_target_dag.py
[2024-09-10T02:17:40.121+0800] {processor.py:925} INFO - DAG(s) 'example_trigger_target_dag' retrieved from /Users/erniesg/.pyenv/versions/3.12.5/envs/letters_home/lib/python3.12/site-packages/airflow/example_dags/example_trigger_target_dag.py
[2024-09-10T02:17:40.156+0800] {logging_mixin.py:190} INFO - [2024-09-10T02:17:40.156+0800] {dag.py:3229} INFO - Sync 1 DAGs
[2024-09-10T02:17:40.160+0800] {logging_mixin.py:190} INFO - [2024-09-10T02:17:40.160+0800] {dag.py:4156} INFO - Setting next_dagrun for example_trigger_target_dag to None, run_after=None
[2024-09-10T02:17:40.167+0800] {processor.py:208} INFO - Processing /Users/erniesg/.pyenv/versions/3.12.5/envs/letters_home/lib/python3.12/site-packages/airflow/example_dags/example_trigger_target_dag.py took 0.064 seconds
[2024-09-10T02:19:01.915+0800] {processor.py:186} INFO - Started process (PID=70280) to work on /Users/erniesg/.pyenv/versions/3.12.5/envs/letters_home/lib/python3.12/site-packages/airflow/example_dags/example_trigger_target_dag.py
[2024-09-10T02:19:01.915+0800] {processor.py:914} INFO - Processing file /Users/erniesg/.pyenv/versions/3.12.5/envs/letters_home/lib/python3.12/site-packages/airflow/example_dags/example_trigger_target_dag.py for tasks to queue
[2024-09-10T02:19:01.916+0800] {logging_mixin.py:190} INFO - [2024-09-10T02:19:01.916+0800] {dagbag.py:587} INFO - Filling up the DagBag from /Users/erniesg/.pyenv/versions/3.12.5/envs/letters_home/lib/python3.12/site-packages/airflow/example_dags/example_trigger_target_dag.py
[2024-09-10T02:19:01.932+0800] {processor.py:925} INFO - DAG(s) 'example_trigger_target_dag' retrieved from /Users/erniesg/.pyenv/versions/3.12.5/envs/letters_home/lib/python3.12/site-packages/airflow/example_dags/example_trigger_target_dag.py
[2024-09-10T02:19:01.967+0800] {logging_mixin.py:190} INFO - [2024-09-10T02:19:01.966+0800] {dag.py:3229} INFO - Sync 1 DAGs
[2024-09-10T02:19:01.970+0800] {logging_mixin.py:190} INFO - [2024-09-10T02:19:01.970+0800] {dag.py:4156} INFO - Setting next_dagrun for example_trigger_target_dag to None, run_after=None
[2024-09-10T02:19:01.977+0800] {processor.py:208} INFO - Processing /Users/erniesg/.pyenv/versions/3.12.5/envs/letters_home/lib/python3.12/site-packages/airflow/example_dags/example_trigger_target_dag.py took 0.063 seconds
[2024-09-10T02:20:27.505+0800] {processor.py:186} INFO - Started process (PID=70365) to work on /Users/erniesg/.pyenv/versions/3.12.5/envs/letters_home/lib/python3.12/site-packages/airflow/example_dags/example_trigger_target_dag.py
[2024-09-10T02:20:27.506+0800] {processor.py:914} INFO - Processing file /Users/erniesg/.pyenv/versions/3.12.5/envs/letters_home/lib/python3.12/site-packages/airflow/example_dags/example_trigger_target_dag.py for tasks to queue
[2024-09-10T02:20:27.506+0800] {logging_mixin.py:190} INFO - [2024-09-10T02:20:27.506+0800] {dagbag.py:587} INFO - Filling up the DagBag from /Users/erniesg/.pyenv/versions/3.12.5/envs/letters_home/lib/python3.12/site-packages/airflow/example_dags/example_trigger_target_dag.py
[2024-09-10T02:20:27.521+0800] {processor.py:925} INFO - DAG(s) 'example_trigger_target_dag' retrieved from /Users/erniesg/.pyenv/versions/3.12.5/envs/letters_home/lib/python3.12/site-packages/airflow/example_dags/example_trigger_target_dag.py
[2024-09-10T02:20:27.558+0800] {logging_mixin.py:190} INFO - [2024-09-10T02:20:27.558+0800] {dag.py:3229} INFO - Sync 1 DAGs
[2024-09-10T02:20:27.562+0800] {logging_mixin.py:190} INFO - [2024-09-10T02:20:27.562+0800] {dag.py:4156} INFO - Setting next_dagrun for example_trigger_target_dag to None, run_after=None
[2024-09-10T02:20:27.569+0800] {processor.py:208} INFO - Processing /Users/erniesg/.pyenv/versions/3.12.5/envs/letters_home/lib/python3.12/site-packages/airflow/example_dags/example_trigger_target_dag.py took 0.065 seconds
