[2024-09-10T01:38:24.824+0800] {processor.py:186} INFO - Started process (PID=58017) to work on /Users/erniesg/.pyenv/versions/3.12.5/envs/letters_home/lib/python3.12/site-packages/airflow/example_dags/example_complex.py
[2024-09-10T01:38:24.824+0800] {processor.py:914} INFO - Processing file /Users/erniesg/.pyenv/versions/3.12.5/envs/letters_home/lib/python3.12/site-packages/airflow/example_dags/example_complex.py for tasks to queue
[2024-09-10T01:38:24.824+0800] {logging_mixin.py:190} INFO - [2024-09-10T01:38:24.824+0800] {dagbag.py:587} INFO - Filling up the DagBag from /Users/erniesg/.pyenv/versions/3.12.5/envs/letters_home/lib/python3.12/site-packages/airflow/example_dags/example_complex.py
[2024-09-10T01:38:24.830+0800] {processor.py:925} INFO - DAG(s) 'example_complex' retrieved from /Users/erniesg/.pyenv/versions/3.12.5/envs/letters_home/lib/python3.12/site-packages/airflow/example_dags/example_complex.py
[2024-09-10T01:38:24.912+0800] {logging_mixin.py:190} INFO - [2024-09-10T01:38:24.912+0800] {override.py:1900} INFO - Created Permission View: can edit on DAG:example_complex
[2024-09-10T01:38:24.916+0800] {logging_mixin.py:190} INFO - [2024-09-10T01:38:24.916+0800] {override.py:1900} INFO - Created Permission View: can delete on DAG:example_complex
[2024-09-10T01:38:24.918+0800] {logging_mixin.py:190} INFO - [2024-09-10T01:38:24.918+0800] {override.py:1900} INFO - Created Permission View: can read on DAG:example_complex
[2024-09-10T01:38:24.922+0800] {logging_mixin.py:190} INFO - [2024-09-10T01:38:24.922+0800] {override.py:1900} INFO - Created Permission View: menu access on DAG Run:example_complex
[2024-09-10T01:38:24.924+0800] {logging_mixin.py:190} INFO - [2024-09-10T01:38:24.924+0800] {override.py:1900} INFO - Created Permission View: can create on DAG Run:example_complex
[2024-09-10T01:38:24.926+0800] {logging_mixin.py:190} INFO - [2024-09-10T01:38:24.926+0800] {override.py:1900} INFO - Created Permission View: can delete on DAG Run:example_complex
[2024-09-10T01:38:24.929+0800] {logging_mixin.py:190} INFO - [2024-09-10T01:38:24.929+0800] {override.py:1900} INFO - Created Permission View: can read on DAG Run:example_complex
[2024-09-10T01:38:24.929+0800] {logging_mixin.py:190} INFO - [2024-09-10T01:38:24.929+0800] {dag.py:3229} INFO - Sync 1 DAGs
[2024-09-10T01:38:24.933+0800] {logging_mixin.py:190} INFO - [2024-09-10T01:38:24.933+0800] {dag.py:3252} INFO - Creating ORM DAG for example_complex
[2024-09-10T01:38:24.934+0800] {logging_mixin.py:190} INFO - [2024-09-10T01:38:24.934+0800] {dag.py:4156} INFO - Setting next_dagrun for example_complex to None, run_after=None
[2024-09-10T01:38:24.940+0800] {processor.py:208} INFO - Processing /Users/erniesg/.pyenv/versions/3.12.5/envs/letters_home/lib/python3.12/site-packages/airflow/example_dags/example_complex.py took 0.118 seconds
[2024-09-10T01:41:02.923+0800] {processor.py:186} INFO - Started process (PID=58167) to work on /Users/erniesg/.pyenv/versions/3.12.5/envs/letters_home/lib/python3.12/site-packages/airflow/example_dags/example_complex.py
[2024-09-10T01:41:02.923+0800] {processor.py:914} INFO - Processing file /Users/erniesg/.pyenv/versions/3.12.5/envs/letters_home/lib/python3.12/site-packages/airflow/example_dags/example_complex.py for tasks to queue
[2024-09-10T01:41:02.924+0800] {logging_mixin.py:190} INFO - [2024-09-10T01:41:02.924+0800] {dagbag.py:587} INFO - Filling up the DagBag from /Users/erniesg/.pyenv/versions/3.12.5/envs/letters_home/lib/python3.12/site-packages/airflow/example_dags/example_complex.py
[2024-09-10T01:41:02.929+0800] {processor.py:925} INFO - DAG(s) 'example_complex' retrieved from /Users/erniesg/.pyenv/versions/3.12.5/envs/letters_home/lib/python3.12/site-packages/airflow/example_dags/example_complex.py
[2024-09-10T01:41:02.970+0800] {logging_mixin.py:190} INFO - [2024-09-10T01:41:02.970+0800] {dag.py:3229} INFO - Sync 1 DAGs
[2024-09-10T01:41:02.974+0800] {logging_mixin.py:190} INFO - [2024-09-10T01:41:02.974+0800] {dag.py:4156} INFO - Setting next_dagrun for example_complex to None, run_after=None
[2024-09-10T01:41:02.981+0800] {processor.py:208} INFO - Processing /Users/erniesg/.pyenv/versions/3.12.5/envs/letters_home/lib/python3.12/site-packages/airflow/example_dags/example_complex.py took 0.059 seconds
[2024-09-10T01:43:49.367+0800] {processor.py:186} INFO - Started process (PID=58724) to work on /Users/erniesg/.pyenv/versions/3.12.5/envs/letters_home/lib/python3.12/site-packages/airflow/example_dags/example_complex.py
[2024-09-10T01:43:49.367+0800] {processor.py:914} INFO - Processing file /Users/erniesg/.pyenv/versions/3.12.5/envs/letters_home/lib/python3.12/site-packages/airflow/example_dags/example_complex.py for tasks to queue
[2024-09-10T01:43:49.368+0800] {logging_mixin.py:190} INFO - [2024-09-10T01:43:49.367+0800] {dagbag.py:587} INFO - Filling up the DagBag from /Users/erniesg/.pyenv/versions/3.12.5/envs/letters_home/lib/python3.12/site-packages/airflow/example_dags/example_complex.py
[2024-09-10T01:43:49.373+0800] {processor.py:925} INFO - DAG(s) 'example_complex' retrieved from /Users/erniesg/.pyenv/versions/3.12.5/envs/letters_home/lib/python3.12/site-packages/airflow/example_dags/example_complex.py
[2024-09-10T01:43:49.414+0800] {logging_mixin.py:190} INFO - [2024-09-10T01:43:49.414+0800] {dag.py:3229} INFO - Sync 1 DAGs
[2024-09-10T01:43:49.418+0800] {logging_mixin.py:190} INFO - [2024-09-10T01:43:49.418+0800] {dag.py:4156} INFO - Setting next_dagrun for example_complex to None, run_after=None
[2024-09-10T01:43:49.425+0800] {processor.py:208} INFO - Processing /Users/erniesg/.pyenv/versions/3.12.5/envs/letters_home/lib/python3.12/site-packages/airflow/example_dags/example_complex.py took 0.060 seconds
[2024-09-10T02:00:28.851+0800] {processor.py:186} INFO - Started process (PID=67614) to work on /Users/erniesg/.pyenv/versions/3.12.5/envs/letters_home/lib/python3.12/site-packages/airflow/example_dags/example_complex.py
[2024-09-10T02:00:28.851+0800] {processor.py:914} INFO - Processing file /Users/erniesg/.pyenv/versions/3.12.5/envs/letters_home/lib/python3.12/site-packages/airflow/example_dags/example_complex.py for tasks to queue
[2024-09-10T02:00:28.851+0800] {logging_mixin.py:190} INFO - [2024-09-10T02:00:28.851+0800] {dagbag.py:587} INFO - Filling up the DagBag from /Users/erniesg/.pyenv/versions/3.12.5/envs/letters_home/lib/python3.12/site-packages/airflow/example_dags/example_complex.py
[2024-09-10T02:00:28.856+0800] {processor.py:925} INFO - DAG(s) 'example_complex' retrieved from /Users/erniesg/.pyenv/versions/3.12.5/envs/letters_home/lib/python3.12/site-packages/airflow/example_dags/example_complex.py
[2024-09-10T02:00:28.897+0800] {logging_mixin.py:190} INFO - [2024-09-10T02:00:28.897+0800] {dag.py:3229} INFO - Sync 1 DAGs
[2024-09-10T02:00:28.901+0800] {logging_mixin.py:190} INFO - [2024-09-10T02:00:28.901+0800] {dag.py:4156} INFO - Setting next_dagrun for example_complex to None, run_after=None
[2024-09-10T02:00:28.908+0800] {processor.py:208} INFO - Processing /Users/erniesg/.pyenv/versions/3.12.5/envs/letters_home/lib/python3.12/site-packages/airflow/example_dags/example_complex.py took 0.058 seconds
[2024-09-10T02:03:10.341+0800] {processor.py:186} INFO - Started process (PID=68028) to work on /Users/erniesg/.pyenv/versions/3.12.5/envs/letters_home/lib/python3.12/site-packages/airflow/example_dags/example_complex.py
[2024-09-10T02:03:10.341+0800] {processor.py:914} INFO - Processing file /Users/erniesg/.pyenv/versions/3.12.5/envs/letters_home/lib/python3.12/site-packages/airflow/example_dags/example_complex.py for tasks to queue
[2024-09-10T02:03:10.342+0800] {logging_mixin.py:190} INFO - [2024-09-10T02:03:10.342+0800] {dagbag.py:587} INFO - Filling up the DagBag from /Users/erniesg/.pyenv/versions/3.12.5/envs/letters_home/lib/python3.12/site-packages/airflow/example_dags/example_complex.py
[2024-09-10T02:03:10.348+0800] {processor.py:925} INFO - DAG(s) 'example_complex' retrieved from /Users/erniesg/.pyenv/versions/3.12.5/envs/letters_home/lib/python3.12/site-packages/airflow/example_dags/example_complex.py
[2024-09-10T02:03:10.393+0800] {logging_mixin.py:190} INFO - [2024-09-10T02:03:10.393+0800] {dag.py:3229} INFO - Sync 1 DAGs
[2024-09-10T02:03:10.398+0800] {logging_mixin.py:190} INFO - [2024-09-10T02:03:10.397+0800] {dag.py:4156} INFO - Setting next_dagrun for example_complex to None, run_after=None
[2024-09-10T02:03:10.405+0800] {processor.py:208} INFO - Processing /Users/erniesg/.pyenv/versions/3.12.5/envs/letters_home/lib/python3.12/site-packages/airflow/example_dags/example_complex.py took 0.066 seconds
[2024-09-10T02:06:10.582+0800] {processor.py:186} INFO - Started process (PID=68227) to work on /Users/erniesg/.pyenv/versions/3.12.5/envs/letters_home/lib/python3.12/site-packages/airflow/example_dags/example_complex.py
[2024-09-10T02:06:10.582+0800] {processor.py:914} INFO - Processing file /Users/erniesg/.pyenv/versions/3.12.5/envs/letters_home/lib/python3.12/site-packages/airflow/example_dags/example_complex.py for tasks to queue
[2024-09-10T02:06:10.582+0800] {logging_mixin.py:190} INFO - [2024-09-10T02:06:10.582+0800] {dagbag.py:587} INFO - Filling up the DagBag from /Users/erniesg/.pyenv/versions/3.12.5/envs/letters_home/lib/python3.12/site-packages/airflow/example_dags/example_complex.py
[2024-09-10T02:06:10.588+0800] {processor.py:925} INFO - DAG(s) 'example_complex' retrieved from /Users/erniesg/.pyenv/versions/3.12.5/envs/letters_home/lib/python3.12/site-packages/airflow/example_dags/example_complex.py
[2024-09-10T02:06:10.632+0800] {logging_mixin.py:190} INFO - [2024-09-10T02:06:10.632+0800] {dag.py:3229} INFO - Sync 1 DAGs
[2024-09-10T02:06:10.637+0800] {logging_mixin.py:190} INFO - [2024-09-10T02:06:10.637+0800] {dag.py:4156} INFO - Setting next_dagrun for example_complex to None, run_after=None
[2024-09-10T02:06:10.645+0800] {processor.py:208} INFO - Processing /Users/erniesg/.pyenv/versions/3.12.5/envs/letters_home/lib/python3.12/site-packages/airflow/example_dags/example_complex.py took 0.064 seconds
[2024-09-10T02:08:55.632+0800] {processor.py:186} INFO - Started process (PID=68551) to work on /Users/erniesg/.pyenv/versions/3.12.5/envs/letters_home/lib/python3.12/site-packages/airflow/example_dags/example_complex.py
[2024-09-10T02:08:55.632+0800] {processor.py:914} INFO - Processing file /Users/erniesg/.pyenv/versions/3.12.5/envs/letters_home/lib/python3.12/site-packages/airflow/example_dags/example_complex.py for tasks to queue
[2024-09-10T02:08:55.633+0800] {logging_mixin.py:190} INFO - [2024-09-10T02:08:55.633+0800] {dagbag.py:587} INFO - Filling up the DagBag from /Users/erniesg/.pyenv/versions/3.12.5/envs/letters_home/lib/python3.12/site-packages/airflow/example_dags/example_complex.py
[2024-09-10T02:08:55.638+0800] {processor.py:925} INFO - DAG(s) 'example_complex' retrieved from /Users/erniesg/.pyenv/versions/3.12.5/envs/letters_home/lib/python3.12/site-packages/airflow/example_dags/example_complex.py
[2024-09-10T02:08:55.682+0800] {logging_mixin.py:190} INFO - [2024-09-10T02:08:55.682+0800] {dag.py:3229} INFO - Sync 1 DAGs
[2024-09-10T02:08:55.686+0800] {logging_mixin.py:190} INFO - [2024-09-10T02:08:55.686+0800] {dag.py:4156} INFO - Setting next_dagrun for example_complex to None, run_after=None
[2024-09-10T02:08:55.693+0800] {processor.py:208} INFO - Processing /Users/erniesg/.pyenv/versions/3.12.5/envs/letters_home/lib/python3.12/site-packages/airflow/example_dags/example_complex.py took 0.063 seconds
[2024-09-10T02:13:29.688+0800] {processor.py:186} INFO - Started process (PID=69306) to work on /Users/erniesg/.pyenv/versions/3.12.5/envs/letters_home/lib/python3.12/site-packages/airflow/example_dags/example_complex.py
[2024-09-10T02:13:29.688+0800] {processor.py:914} INFO - Processing file /Users/erniesg/.pyenv/versions/3.12.5/envs/letters_home/lib/python3.12/site-packages/airflow/example_dags/example_complex.py for tasks to queue
[2024-09-10T02:13:29.689+0800] {logging_mixin.py:190} INFO - [2024-09-10T02:13:29.689+0800] {dagbag.py:587} INFO - Filling up the DagBag from /Users/erniesg/.pyenv/versions/3.12.5/envs/letters_home/lib/python3.12/site-packages/airflow/example_dags/example_complex.py
[2024-09-10T02:13:29.694+0800] {processor.py:925} INFO - DAG(s) 'example_complex' retrieved from /Users/erniesg/.pyenv/versions/3.12.5/envs/letters_home/lib/python3.12/site-packages/airflow/example_dags/example_complex.py
[2024-09-10T02:13:29.735+0800] {logging_mixin.py:190} INFO - [2024-09-10T02:13:29.735+0800] {dag.py:3229} INFO - Sync 1 DAGs
[2024-09-10T02:13:29.739+0800] {logging_mixin.py:190} INFO - [2024-09-10T02:13:29.739+0800] {dag.py:4156} INFO - Setting next_dagrun for example_complex to None, run_after=None
[2024-09-10T02:13:29.746+0800] {processor.py:208} INFO - Processing /Users/erniesg/.pyenv/versions/3.12.5/envs/letters_home/lib/python3.12/site-packages/airflow/example_dags/example_complex.py took 0.059 seconds
[2024-09-10T02:16:52.095+0800] {processor.py:186} INFO - Started process (PID=69770) to work on /Users/erniesg/.pyenv/versions/3.12.5/envs/letters_home/lib/python3.12/site-packages/airflow/example_dags/example_complex.py
[2024-09-10T02:16:52.095+0800] {processor.py:914} INFO - Processing file /Users/erniesg/.pyenv/versions/3.12.5/envs/letters_home/lib/python3.12/site-packages/airflow/example_dags/example_complex.py for tasks to queue
[2024-09-10T02:16:52.095+0800] {logging_mixin.py:190} INFO - [2024-09-10T02:16:52.095+0800] {dagbag.py:587} INFO - Filling up the DagBag from /Users/erniesg/.pyenv/versions/3.12.5/envs/letters_home/lib/python3.12/site-packages/airflow/example_dags/example_complex.py
[2024-09-10T02:16:52.101+0800] {processor.py:925} INFO - DAG(s) 'example_complex' retrieved from /Users/erniesg/.pyenv/versions/3.12.5/envs/letters_home/lib/python3.12/site-packages/airflow/example_dags/example_complex.py
[2024-09-10T02:16:52.145+0800] {logging_mixin.py:190} INFO - [2024-09-10T02:16:52.145+0800] {dag.py:3229} INFO - Sync 1 DAGs
[2024-09-10T02:16:52.150+0800] {logging_mixin.py:190} INFO - [2024-09-10T02:16:52.150+0800] {dag.py:4156} INFO - Setting next_dagrun for example_complex to None, run_after=None
[2024-09-10T02:16:52.157+0800] {processor.py:208} INFO - Processing /Users/erniesg/.pyenv/versions/3.12.5/envs/letters_home/lib/python3.12/site-packages/airflow/example_dags/example_complex.py took 0.063 seconds
[2024-09-10T02:19:40.964+0800] {processor.py:186} INFO - Started process (PID=70317) to work on /Users/erniesg/.pyenv/versions/3.12.5/envs/letters_home/lib/python3.12/site-packages/airflow/example_dags/example_complex.py
[2024-09-10T02:19:40.964+0800] {processor.py:914} INFO - Processing file /Users/erniesg/.pyenv/versions/3.12.5/envs/letters_home/lib/python3.12/site-packages/airflow/example_dags/example_complex.py for tasks to queue
[2024-09-10T02:19:40.964+0800] {logging_mixin.py:190} INFO - [2024-09-10T02:19:40.964+0800] {dagbag.py:587} INFO - Filling up the DagBag from /Users/erniesg/.pyenv/versions/3.12.5/envs/letters_home/lib/python3.12/site-packages/airflow/example_dags/example_complex.py
[2024-09-10T02:19:40.970+0800] {processor.py:925} INFO - DAG(s) 'example_complex' retrieved from /Users/erniesg/.pyenv/versions/3.12.5/envs/letters_home/lib/python3.12/site-packages/airflow/example_dags/example_complex.py
[2024-09-10T02:19:41.011+0800] {logging_mixin.py:190} INFO - [2024-09-10T02:19:41.011+0800] {dag.py:3229} INFO - Sync 1 DAGs
[2024-09-10T02:19:41.015+0800] {logging_mixin.py:190} INFO - [2024-09-10T02:19:41.014+0800] {dag.py:4156} INFO - Setting next_dagrun for example_complex to None, run_after=None
[2024-09-10T02:19:41.021+0800] {processor.py:208} INFO - Processing /Users/erniesg/.pyenv/versions/3.12.5/envs/letters_home/lib/python3.12/site-packages/airflow/example_dags/example_complex.py took 0.059 seconds
