[2024-09-10T01:38:36.553+0800] {processor.py:186} INFO - Started process (PID=58042) to work on /Users/erniesg/.pyenv/versions/3.12.5/envs/letters_home/lib/python3.12/site-packages/airflow/example_dags/example_branch_datetime_operator.py
[2024-09-10T01:38:36.553+0800] {processor.py:914} INFO - Processing file /Users/erniesg/.pyenv/versions/3.12.5/envs/letters_home/lib/python3.12/site-packages/airflow/example_dags/example_branch_datetime_operator.py for tasks to queue
[2024-09-10T01:38:36.554+0800] {logging_mixin.py:190} INFO - [2024-09-10T01:38:36.554+0800] {dagbag.py:587} INFO - Filling up the DagBag from /Users/erniesg/.pyenv/versions/3.12.5/envs/letters_home/lib/python3.12/site-packages/airflow/example_dags/example_branch_datetime_operator.py
[2024-09-10T01:38:36.558+0800] {processor.py:925} INFO - DAG(s) 'example_branch_datetime_operator_2', 'example_branch_datetime_operator_3', 'example_branch_datetime_operator' retrieved from /Users/erniesg/.pyenv/versions/3.12.5/envs/letters_home/lib/python3.12/site-packages/airflow/example_dags/example_branch_datetime_operator.py
[2024-09-10T01:38:36.627+0800] {logging_mixin.py:190} INFO - [2024-09-10T01:38:36.627+0800] {override.py:1900} INFO - Created Permission View: can edit on DAG:example_branch_datetime_operator_2
[2024-09-10T01:38:36.630+0800] {logging_mixin.py:190} INFO - [2024-09-10T01:38:36.630+0800] {override.py:1900} INFO - Created Permission View: can delete on DAG:example_branch_datetime_operator_2
[2024-09-10T01:38:36.632+0800] {logging_mixin.py:190} INFO - [2024-09-10T01:38:36.632+0800] {override.py:1900} INFO - Created Permission View: can read on DAG:example_branch_datetime_operator_2
[2024-09-10T01:38:36.635+0800] {logging_mixin.py:190} INFO - [2024-09-10T01:38:36.635+0800] {override.py:1900} INFO - Created Permission View: menu access on DAG Run:example_branch_datetime_operator_2
[2024-09-10T01:38:36.639+0800] {logging_mixin.py:190} INFO - [2024-09-10T01:38:36.639+0800] {override.py:1900} INFO - Created Permission View: can delete on DAG Run:example_branch_datetime_operator_2
[2024-09-10T01:38:36.641+0800] {logging_mixin.py:190} INFO - [2024-09-10T01:38:36.641+0800] {override.py:1900} INFO - Created Permission View: can read on DAG Run:example_branch_datetime_operator_2
[2024-09-10T01:38:36.643+0800] {logging_mixin.py:190} INFO - [2024-09-10T01:38:36.643+0800] {override.py:1900} INFO - Created Permission View: can create on DAG Run:example_branch_datetime_operator_2
[2024-09-10T01:38:36.648+0800] {logging_mixin.py:190} INFO - [2024-09-10T01:38:36.647+0800] {override.py:1900} INFO - Created Permission View: can edit on DAG:example_branch_datetime_operator_3
[2024-09-10T01:38:36.650+0800] {logging_mixin.py:190} INFO - [2024-09-10T01:38:36.650+0800] {override.py:1900} INFO - Created Permission View: can delete on DAG:example_branch_datetime_operator_3
[2024-09-10T01:38:36.652+0800] {logging_mixin.py:190} INFO - [2024-09-10T01:38:36.651+0800] {override.py:1900} INFO - Created Permission View: can read on DAG:example_branch_datetime_operator_3
[2024-09-10T01:38:36.654+0800] {logging_mixin.py:190} INFO - [2024-09-10T01:38:36.654+0800] {override.py:1900} INFO - Created Permission View: menu access on DAG Run:example_branch_datetime_operator_3
[2024-09-10T01:38:36.656+0800] {logging_mixin.py:190} INFO - [2024-09-10T01:38:36.656+0800] {override.py:1900} INFO - Created Permission View: can delete on DAG Run:example_branch_datetime_operator_3
[2024-09-10T01:38:36.658+0800] {logging_mixin.py:190} INFO - [2024-09-10T01:38:36.658+0800] {override.py:1900} INFO - Created Permission View: can read on DAG Run:example_branch_datetime_operator_3
[2024-09-10T01:38:36.660+0800] {logging_mixin.py:190} INFO - [2024-09-10T01:38:36.660+0800] {override.py:1900} INFO - Created Permission View: can create on DAG Run:example_branch_datetime_operator_3
[2024-09-10T01:38:36.663+0800] {logging_mixin.py:190} INFO - [2024-09-10T01:38:36.663+0800] {override.py:1900} INFO - Created Permission View: can edit on DAG:example_branch_datetime_operator
[2024-09-10T01:38:36.665+0800] {logging_mixin.py:190} INFO - [2024-09-10T01:38:36.665+0800] {override.py:1900} INFO - Created Permission View: can delete on DAG:example_branch_datetime_operator
[2024-09-10T01:38:36.667+0800] {logging_mixin.py:190} INFO - [2024-09-10T01:38:36.667+0800] {override.py:1900} INFO - Created Permission View: can read on DAG:example_branch_datetime_operator
[2024-09-10T01:38:36.670+0800] {logging_mixin.py:190} INFO - [2024-09-10T01:38:36.670+0800] {override.py:1900} INFO - Created Permission View: menu access on DAG Run:example_branch_datetime_operator
[2024-09-10T01:38:36.672+0800] {logging_mixin.py:190} INFO - [2024-09-10T01:38:36.672+0800] {override.py:1900} INFO - Created Permission View: can delete on DAG Run:example_branch_datetime_operator
[2024-09-10T01:38:36.674+0800] {logging_mixin.py:190} INFO - [2024-09-10T01:38:36.673+0800] {override.py:1900} INFO - Created Permission View: can read on DAG Run:example_branch_datetime_operator
[2024-09-10T01:38:36.675+0800] {logging_mixin.py:190} INFO - [2024-09-10T01:38:36.675+0800] {override.py:1900} INFO - Created Permission View: can create on DAG Run:example_branch_datetime_operator
[2024-09-10T01:38:36.675+0800] {logging_mixin.py:190} INFO - [2024-09-10T01:38:36.675+0800] {dag.py:3229} INFO - Sync 3 DAGs
[2024-09-10T01:38:36.680+0800] {logging_mixin.py:190} INFO - [2024-09-10T01:38:36.679+0800] {dag.py:3252} INFO - Creating ORM DAG for example_branch_datetime_operator
[2024-09-10T01:38:36.680+0800] {logging_mixin.py:190} INFO - [2024-09-10T01:38:36.680+0800] {dag.py:3252} INFO - Creating ORM DAG for example_branch_datetime_operator_2
[2024-09-10T01:38:36.680+0800] {logging_mixin.py:190} INFO - [2024-09-10T01:38:36.680+0800] {dag.py:3252} INFO - Creating ORM DAG for example_branch_datetime_operator_3
[2024-09-10T01:38:36.683+0800] {logging_mixin.py:190} INFO - [2024-09-10T01:38:36.683+0800] {dag.py:4156} INFO - Setting next_dagrun for example_branch_datetime_operator to 2024-09-08 00:00:00+00:00, run_after=2024-09-09 00:00:00+00:00
[2024-09-10T01:38:36.684+0800] {logging_mixin.py:190} INFO - [2024-09-10T01:38:36.684+0800] {dag.py:4156} INFO - Setting next_dagrun for example_branch_datetime_operator_2 to 2024-09-08 00:00:00+00:00, run_after=2024-09-09 00:00:00+00:00
[2024-09-10T01:38:36.684+0800] {logging_mixin.py:190} INFO - [2024-09-10T01:38:36.684+0800] {dag.py:4156} INFO - Setting next_dagrun for example_branch_datetime_operator_3 to 2024-09-08 00:00:00+00:00, run_after=2024-09-09 00:00:00+00:00
[2024-09-10T01:38:36.691+0800] {processor.py:208} INFO - Processing /Users/erniesg/.pyenv/versions/3.12.5/envs/letters_home/lib/python3.12/site-packages/airflow/example_dags/example_branch_datetime_operator.py took 0.139 seconds
[2024-09-10T01:41:14.920+0800] {processor.py:186} INFO - Started process (PID=58178) to work on /Users/erniesg/.pyenv/versions/3.12.5/envs/letters_home/lib/python3.12/site-packages/airflow/example_dags/example_branch_datetime_operator.py
[2024-09-10T01:41:14.920+0800] {processor.py:914} INFO - Processing file /Users/erniesg/.pyenv/versions/3.12.5/envs/letters_home/lib/python3.12/site-packages/airflow/example_dags/example_branch_datetime_operator.py for tasks to queue
[2024-09-10T01:41:14.921+0800] {logging_mixin.py:190} INFO - [2024-09-10T01:41:14.921+0800] {dagbag.py:587} INFO - Filling up the DagBag from /Users/erniesg/.pyenv/versions/3.12.5/envs/letters_home/lib/python3.12/site-packages/airflow/example_dags/example_branch_datetime_operator.py
[2024-09-10T01:41:14.925+0800] {processor.py:925} INFO - DAG(s) 'example_branch_datetime_operator_3', 'example_branch_datetime_operator_2', 'example_branch_datetime_operator' retrieved from /Users/erniesg/.pyenv/versions/3.12.5/envs/letters_home/lib/python3.12/site-packages/airflow/example_dags/example_branch_datetime_operator.py
[2024-09-10T01:41:14.964+0800] {logging_mixin.py:190} INFO - [2024-09-10T01:41:14.963+0800] {dag.py:3229} INFO - Sync 3 DAGs
[2024-09-10T01:41:14.971+0800] {logging_mixin.py:190} INFO - [2024-09-10T01:41:14.971+0800] {dag.py:4156} INFO - Setting next_dagrun for example_branch_datetime_operator to 2024-09-08 00:00:00+00:00, run_after=2024-09-09 00:00:00+00:00
[2024-09-10T01:41:14.973+0800] {logging_mixin.py:190} INFO - [2024-09-10T01:41:14.973+0800] {dag.py:4156} INFO - Setting next_dagrun for example_branch_datetime_operator_2 to 2024-09-08 00:00:00+00:00, run_after=2024-09-09 00:00:00+00:00
[2024-09-10T01:41:14.974+0800] {logging_mixin.py:190} INFO - [2024-09-10T01:41:14.974+0800] {dag.py:4156} INFO - Setting next_dagrun for example_branch_datetime_operator_3 to 2024-09-08 00:00:00+00:00, run_after=2024-09-09 00:00:00+00:00
[2024-09-10T01:41:14.980+0800] {processor.py:208} INFO - Processing /Users/erniesg/.pyenv/versions/3.12.5/envs/letters_home/lib/python3.12/site-packages/airflow/example_dags/example_branch_datetime_operator.py took 0.061 seconds
[2024-09-10T01:43:59.282+0800] {processor.py:186} INFO - Started process (PID=58730) to work on /Users/erniesg/.pyenv/versions/3.12.5/envs/letters_home/lib/python3.12/site-packages/airflow/example_dags/example_branch_datetime_operator.py
[2024-09-10T01:43:59.282+0800] {processor.py:914} INFO - Processing file /Users/erniesg/.pyenv/versions/3.12.5/envs/letters_home/lib/python3.12/site-packages/airflow/example_dags/example_branch_datetime_operator.py for tasks to queue
[2024-09-10T01:43:59.283+0800] {logging_mixin.py:190} INFO - [2024-09-10T01:43:59.283+0800] {dagbag.py:587} INFO - Filling up the DagBag from /Users/erniesg/.pyenv/versions/3.12.5/envs/letters_home/lib/python3.12/site-packages/airflow/example_dags/example_branch_datetime_operator.py
[2024-09-10T01:43:59.288+0800] {processor.py:925} INFO - DAG(s) 'example_branch_datetime_operator', 'example_branch_datetime_operator_3', 'example_branch_datetime_operator_2' retrieved from /Users/erniesg/.pyenv/versions/3.12.5/envs/letters_home/lib/python3.12/site-packages/airflow/example_dags/example_branch_datetime_operator.py
[2024-09-10T01:43:59.329+0800] {logging_mixin.py:190} INFO - [2024-09-10T01:43:59.329+0800] {dag.py:3229} INFO - Sync 3 DAGs
[2024-09-10T01:43:59.337+0800] {logging_mixin.py:190} INFO - [2024-09-10T01:43:59.337+0800] {dag.py:4156} INFO - Setting next_dagrun for example_branch_datetime_operator to 2024-09-08 00:00:00+00:00, run_after=2024-09-09 00:00:00+00:00
[2024-09-10T01:43:59.338+0800] {logging_mixin.py:190} INFO - [2024-09-10T01:43:59.338+0800] {dag.py:4156} INFO - Setting next_dagrun for example_branch_datetime_operator_2 to 2024-09-08 00:00:00+00:00, run_after=2024-09-09 00:00:00+00:00
[2024-09-10T01:43:59.339+0800] {logging_mixin.py:190} INFO - [2024-09-10T01:43:59.339+0800] {dag.py:4156} INFO - Setting next_dagrun for example_branch_datetime_operator_3 to 2024-09-08 00:00:00+00:00, run_after=2024-09-09 00:00:00+00:00
[2024-09-10T01:43:59.345+0800] {processor.py:208} INFO - Processing /Users/erniesg/.pyenv/versions/3.12.5/envs/letters_home/lib/python3.12/site-packages/airflow/example_dags/example_branch_datetime_operator.py took 0.065 seconds
[2024-09-10T02:00:40.874+0800] {processor.py:186} INFO - Started process (PID=67840) to work on /Users/erniesg/.pyenv/versions/3.12.5/envs/letters_home/lib/python3.12/site-packages/airflow/example_dags/example_branch_datetime_operator.py
[2024-09-10T02:00:40.875+0800] {processor.py:914} INFO - Processing file /Users/erniesg/.pyenv/versions/3.12.5/envs/letters_home/lib/python3.12/site-packages/airflow/example_dags/example_branch_datetime_operator.py for tasks to queue
[2024-09-10T02:00:40.875+0800] {logging_mixin.py:190} INFO - [2024-09-10T02:00:40.875+0800] {dagbag.py:587} INFO - Filling up the DagBag from /Users/erniesg/.pyenv/versions/3.12.5/envs/letters_home/lib/python3.12/site-packages/airflow/example_dags/example_branch_datetime_operator.py
[2024-09-10T02:00:40.880+0800] {processor.py:925} INFO - DAG(s) 'example_branch_datetime_operator_2', 'example_branch_datetime_operator_3', 'example_branch_datetime_operator' retrieved from /Users/erniesg/.pyenv/versions/3.12.5/envs/letters_home/lib/python3.12/site-packages/airflow/example_dags/example_branch_datetime_operator.py
[2024-09-10T02:00:40.919+0800] {logging_mixin.py:190} INFO - [2024-09-10T02:00:40.918+0800] {dag.py:3229} INFO - Sync 3 DAGs
[2024-09-10T02:00:40.926+0800] {logging_mixin.py:190} INFO - [2024-09-10T02:00:40.926+0800] {dag.py:4156} INFO - Setting next_dagrun for example_branch_datetime_operator to 2024-09-08 00:00:00+00:00, run_after=2024-09-09 00:00:00+00:00
[2024-09-10T02:00:40.927+0800] {logging_mixin.py:190} INFO - [2024-09-10T02:00:40.927+0800] {dag.py:4156} INFO - Setting next_dagrun for example_branch_datetime_operator_2 to 2024-09-08 00:00:00+00:00, run_after=2024-09-09 00:00:00+00:00
[2024-09-10T02:00:40.928+0800] {logging_mixin.py:190} INFO - [2024-09-10T02:00:40.928+0800] {dag.py:4156} INFO - Setting next_dagrun for example_branch_datetime_operator_3 to 2024-09-08 00:00:00+00:00, run_after=2024-09-09 00:00:00+00:00
[2024-09-10T02:00:40.934+0800] {processor.py:208} INFO - Processing /Users/erniesg/.pyenv/versions/3.12.5/envs/letters_home/lib/python3.12/site-packages/airflow/example_dags/example_branch_datetime_operator.py took 0.061 seconds
[2024-09-10T02:03:21.870+0800] {processor.py:186} INFO - Started process (PID=68038) to work on /Users/erniesg/.pyenv/versions/3.12.5/envs/letters_home/lib/python3.12/site-packages/airflow/example_dags/example_branch_datetime_operator.py
[2024-09-10T02:03:21.870+0800] {processor.py:914} INFO - Processing file /Users/erniesg/.pyenv/versions/3.12.5/envs/letters_home/lib/python3.12/site-packages/airflow/example_dags/example_branch_datetime_operator.py for tasks to queue
[2024-09-10T02:03:21.871+0800] {logging_mixin.py:190} INFO - [2024-09-10T02:03:21.870+0800] {dagbag.py:587} INFO - Filling up the DagBag from /Users/erniesg/.pyenv/versions/3.12.5/envs/letters_home/lib/python3.12/site-packages/airflow/example_dags/example_branch_datetime_operator.py
[2024-09-10T02:03:21.875+0800] {processor.py:925} INFO - DAG(s) 'example_branch_datetime_operator_3', 'example_branch_datetime_operator_2', 'example_branch_datetime_operator' retrieved from /Users/erniesg/.pyenv/versions/3.12.5/envs/letters_home/lib/python3.12/site-packages/airflow/example_dags/example_branch_datetime_operator.py
[2024-09-10T02:03:21.914+0800] {logging_mixin.py:190} INFO - [2024-09-10T02:03:21.914+0800] {dag.py:3229} INFO - Sync 3 DAGs
[2024-09-10T02:03:21.922+0800] {logging_mixin.py:190} INFO - [2024-09-10T02:03:21.922+0800] {dag.py:4156} INFO - Setting next_dagrun for example_branch_datetime_operator to 2024-09-08 00:00:00+00:00, run_after=2024-09-09 00:00:00+00:00
[2024-09-10T02:03:21.924+0800] {logging_mixin.py:190} INFO - [2024-09-10T02:03:21.924+0800] {dag.py:4156} INFO - Setting next_dagrun for example_branch_datetime_operator_2 to 2024-09-08 00:00:00+00:00, run_after=2024-09-09 00:00:00+00:00
[2024-09-10T02:03:21.924+0800] {logging_mixin.py:190} INFO - [2024-09-10T02:03:21.924+0800] {dag.py:4156} INFO - Setting next_dagrun for example_branch_datetime_operator_3 to 2024-09-08 00:00:00+00:00, run_after=2024-09-09 00:00:00+00:00
[2024-09-10T02:03:21.930+0800] {processor.py:208} INFO - Processing /Users/erniesg/.pyenv/versions/3.12.5/envs/letters_home/lib/python3.12/site-packages/airflow/example_dags/example_branch_datetime_operator.py took 0.062 seconds
[2024-09-10T02:06:22.432+0800] {processor.py:186} INFO - Started process (PID=68243) to work on /Users/erniesg/.pyenv/versions/3.12.5/envs/letters_home/lib/python3.12/site-packages/airflow/example_dags/example_branch_datetime_operator.py
[2024-09-10T02:06:22.432+0800] {processor.py:914} INFO - Processing file /Users/erniesg/.pyenv/versions/3.12.5/envs/letters_home/lib/python3.12/site-packages/airflow/example_dags/example_branch_datetime_operator.py for tasks to queue
[2024-09-10T02:06:22.433+0800] {logging_mixin.py:190} INFO - [2024-09-10T02:06:22.432+0800] {dagbag.py:587} INFO - Filling up the DagBag from /Users/erniesg/.pyenv/versions/3.12.5/envs/letters_home/lib/python3.12/site-packages/airflow/example_dags/example_branch_datetime_operator.py
[2024-09-10T02:06:22.437+0800] {processor.py:925} INFO - DAG(s) 'example_branch_datetime_operator_2', 'example_branch_datetime_operator', 'example_branch_datetime_operator_3' retrieved from /Users/erniesg/.pyenv/versions/3.12.5/envs/letters_home/lib/python3.12/site-packages/airflow/example_dags/example_branch_datetime_operator.py
[2024-09-10T02:06:22.477+0800] {logging_mixin.py:190} INFO - [2024-09-10T02:06:22.476+0800] {dag.py:3229} INFO - Sync 3 DAGs
[2024-09-10T02:06:22.484+0800] {logging_mixin.py:190} INFO - [2024-09-10T02:06:22.484+0800] {dag.py:4156} INFO - Setting next_dagrun for example_branch_datetime_operator to 2024-09-08 00:00:00+00:00, run_after=2024-09-09 00:00:00+00:00
[2024-09-10T02:06:22.486+0800] {logging_mixin.py:190} INFO - [2024-09-10T02:06:22.486+0800] {dag.py:4156} INFO - Setting next_dagrun for example_branch_datetime_operator_2 to 2024-09-08 00:00:00+00:00, run_after=2024-09-09 00:00:00+00:00
[2024-09-10T02:06:22.487+0800] {logging_mixin.py:190} INFO - [2024-09-10T02:06:22.487+0800] {dag.py:4156} INFO - Setting next_dagrun for example_branch_datetime_operator_3 to 2024-09-08 00:00:00+00:00, run_after=2024-09-09 00:00:00+00:00
[2024-09-10T02:06:22.493+0800] {processor.py:208} INFO - Processing /Users/erniesg/.pyenv/versions/3.12.5/envs/letters_home/lib/python3.12/site-packages/airflow/example_dags/example_branch_datetime_operator.py took 0.063 seconds
[2024-09-10T02:09:07.936+0800] {processor.py:186} INFO - Started process (PID=68566) to work on /Users/erniesg/.pyenv/versions/3.12.5/envs/letters_home/lib/python3.12/site-packages/airflow/example_dags/example_branch_datetime_operator.py
[2024-09-10T02:09:07.937+0800] {processor.py:914} INFO - Processing file /Users/erniesg/.pyenv/versions/3.12.5/envs/letters_home/lib/python3.12/site-packages/airflow/example_dags/example_branch_datetime_operator.py for tasks to queue
[2024-09-10T02:09:07.937+0800] {logging_mixin.py:190} INFO - [2024-09-10T02:09:07.937+0800] {dagbag.py:587} INFO - Filling up the DagBag from /Users/erniesg/.pyenv/versions/3.12.5/envs/letters_home/lib/python3.12/site-packages/airflow/example_dags/example_branch_datetime_operator.py
[2024-09-10T02:09:07.941+0800] {processor.py:925} INFO - DAG(s) 'example_branch_datetime_operator_3', 'example_branch_datetime_operator', 'example_branch_datetime_operator_2' retrieved from /Users/erniesg/.pyenv/versions/3.12.5/envs/letters_home/lib/python3.12/site-packages/airflow/example_dags/example_branch_datetime_operator.py
[2024-09-10T02:09:07.982+0800] {logging_mixin.py:190} INFO - [2024-09-10T02:09:07.982+0800] {dag.py:3229} INFO - Sync 3 DAGs
[2024-09-10T02:09:07.991+0800] {logging_mixin.py:190} INFO - [2024-09-10T02:09:07.990+0800] {dag.py:4156} INFO - Setting next_dagrun for example_branch_datetime_operator to 2024-09-08 00:00:00+00:00, run_after=2024-09-09 00:00:00+00:00
[2024-09-10T02:09:07.992+0800] {logging_mixin.py:190} INFO - [2024-09-10T02:09:07.992+0800] {dag.py:4156} INFO - Setting next_dagrun for example_branch_datetime_operator_2 to 2024-09-08 00:00:00+00:00, run_after=2024-09-09 00:00:00+00:00
[2024-09-10T02:09:07.993+0800] {logging_mixin.py:190} INFO - [2024-09-10T02:09:07.993+0800] {dag.py:4156} INFO - Setting next_dagrun for example_branch_datetime_operator_3 to 2024-09-08 00:00:00+00:00, run_after=2024-09-09 00:00:00+00:00
[2024-09-10T02:09:08.000+0800] {processor.py:208} INFO - Processing /Users/erniesg/.pyenv/versions/3.12.5/envs/letters_home/lib/python3.12/site-packages/airflow/example_dags/example_branch_datetime_operator.py took 0.065 seconds
[2024-09-10T02:13:41.475+0800] {processor.py:186} INFO - Started process (PID=69315) to work on /Users/erniesg/.pyenv/versions/3.12.5/envs/letters_home/lib/python3.12/site-packages/airflow/example_dags/example_branch_datetime_operator.py
[2024-09-10T02:13:41.475+0800] {processor.py:914} INFO - Processing file /Users/erniesg/.pyenv/versions/3.12.5/envs/letters_home/lib/python3.12/site-packages/airflow/example_dags/example_branch_datetime_operator.py for tasks to queue
[2024-09-10T02:13:41.476+0800] {logging_mixin.py:190} INFO - [2024-09-10T02:13:41.476+0800] {dagbag.py:587} INFO - Filling up the DagBag from /Users/erniesg/.pyenv/versions/3.12.5/envs/letters_home/lib/python3.12/site-packages/airflow/example_dags/example_branch_datetime_operator.py
[2024-09-10T02:13:41.480+0800] {processor.py:925} INFO - DAG(s) 'example_branch_datetime_operator_3', 'example_branch_datetime_operator', 'example_branch_datetime_operator_2' retrieved from /Users/erniesg/.pyenv/versions/3.12.5/envs/letters_home/lib/python3.12/site-packages/airflow/example_dags/example_branch_datetime_operator.py
[2024-09-10T02:13:41.521+0800] {logging_mixin.py:190} INFO - [2024-09-10T02:13:41.520+0800] {dag.py:3229} INFO - Sync 3 DAGs
[2024-09-10T02:13:41.529+0800] {logging_mixin.py:190} INFO - [2024-09-10T02:13:41.529+0800] {dag.py:4156} INFO - Setting next_dagrun for example_branch_datetime_operator to 2024-09-08 00:00:00+00:00, run_after=2024-09-09 00:00:00+00:00
[2024-09-10T02:13:41.530+0800] {logging_mixin.py:190} INFO - [2024-09-10T02:13:41.530+0800] {dag.py:4156} INFO - Setting next_dagrun for example_branch_datetime_operator_2 to 2024-09-08 00:00:00+00:00, run_after=2024-09-09 00:00:00+00:00
[2024-09-10T02:13:41.531+0800] {logging_mixin.py:190} INFO - [2024-09-10T02:13:41.531+0800] {dag.py:4156} INFO - Setting next_dagrun for example_branch_datetime_operator_3 to 2024-09-08 00:00:00+00:00, run_after=2024-09-09 00:00:00+00:00
[2024-09-10T02:13:41.538+0800] {processor.py:208} INFO - Processing /Users/erniesg/.pyenv/versions/3.12.5/envs/letters_home/lib/python3.12/site-packages/airflow/example_dags/example_branch_datetime_operator.py took 0.064 seconds
[2024-09-10T02:17:03.506+0800] {processor.py:186} INFO - Started process (PID=69780) to work on /Users/erniesg/.pyenv/versions/3.12.5/envs/letters_home/lib/python3.12/site-packages/airflow/example_dags/example_branch_datetime_operator.py
[2024-09-10T02:17:03.506+0800] {processor.py:914} INFO - Processing file /Users/erniesg/.pyenv/versions/3.12.5/envs/letters_home/lib/python3.12/site-packages/airflow/example_dags/example_branch_datetime_operator.py for tasks to queue
[2024-09-10T02:17:03.507+0800] {logging_mixin.py:190} INFO - [2024-09-10T02:17:03.507+0800] {dagbag.py:587} INFO - Filling up the DagBag from /Users/erniesg/.pyenv/versions/3.12.5/envs/letters_home/lib/python3.12/site-packages/airflow/example_dags/example_branch_datetime_operator.py
[2024-09-10T02:17:03.512+0800] {processor.py:925} INFO - DAG(s) 'example_branch_datetime_operator_2', 'example_branch_datetime_operator', 'example_branch_datetime_operator_3' retrieved from /Users/erniesg/.pyenv/versions/3.12.5/envs/letters_home/lib/python3.12/site-packages/airflow/example_dags/example_branch_datetime_operator.py
[2024-09-10T02:17:03.562+0800] {logging_mixin.py:190} INFO - [2024-09-10T02:17:03.561+0800] {dag.py:3229} INFO - Sync 3 DAGs
[2024-09-10T02:17:03.569+0800] {logging_mixin.py:190} INFO - [2024-09-10T02:17:03.569+0800] {dag.py:4156} INFO - Setting next_dagrun for example_branch_datetime_operator to 2024-09-08 00:00:00+00:00, run_after=2024-09-09 00:00:00+00:00
[2024-09-10T02:17:03.571+0800] {logging_mixin.py:190} INFO - [2024-09-10T02:17:03.571+0800] {dag.py:4156} INFO - Setting next_dagrun for example_branch_datetime_operator_2 to 2024-09-08 00:00:00+00:00, run_after=2024-09-09 00:00:00+00:00
[2024-09-10T02:17:03.571+0800] {logging_mixin.py:190} INFO - [2024-09-10T02:17:03.571+0800] {dag.py:4156} INFO - Setting next_dagrun for example_branch_datetime_operator_3 to 2024-09-08 00:00:00+00:00, run_after=2024-09-09 00:00:00+00:00
[2024-09-10T02:17:03.579+0800] {processor.py:208} INFO - Processing /Users/erniesg/.pyenv/versions/3.12.5/envs/letters_home/lib/python3.12/site-packages/airflow/example_dags/example_branch_datetime_operator.py took 0.075 seconds
[2024-09-10T02:19:52.637+0800] {processor.py:186} INFO - Started process (PID=70324) to work on /Users/erniesg/.pyenv/versions/3.12.5/envs/letters_home/lib/python3.12/site-packages/airflow/example_dags/example_branch_datetime_operator.py
[2024-09-10T02:19:52.637+0800] {processor.py:914} INFO - Processing file /Users/erniesg/.pyenv/versions/3.12.5/envs/letters_home/lib/python3.12/site-packages/airflow/example_dags/example_branch_datetime_operator.py for tasks to queue
[2024-09-10T02:19:52.637+0800] {logging_mixin.py:190} INFO - [2024-09-10T02:19:52.637+0800] {dagbag.py:587} INFO - Filling up the DagBag from /Users/erniesg/.pyenv/versions/3.12.5/envs/letters_home/lib/python3.12/site-packages/airflow/example_dags/example_branch_datetime_operator.py
[2024-09-10T02:19:52.642+0800] {processor.py:925} INFO - DAG(s) 'example_branch_datetime_operator_3', 'example_branch_datetime_operator_2', 'example_branch_datetime_operator' retrieved from /Users/erniesg/.pyenv/versions/3.12.5/envs/letters_home/lib/python3.12/site-packages/airflow/example_dags/example_branch_datetime_operator.py
[2024-09-10T02:19:52.682+0800] {logging_mixin.py:190} INFO - [2024-09-10T02:19:52.682+0800] {dag.py:3229} INFO - Sync 3 DAGs
[2024-09-10T02:19:52.691+0800] {logging_mixin.py:190} INFO - [2024-09-10T02:19:52.690+0800] {dag.py:4156} INFO - Setting next_dagrun for example_branch_datetime_operator to 2024-09-08 00:00:00+00:00, run_after=2024-09-09 00:00:00+00:00
[2024-09-10T02:19:52.692+0800] {logging_mixin.py:190} INFO - [2024-09-10T02:19:52.692+0800] {dag.py:4156} INFO - Setting next_dagrun for example_branch_datetime_operator_2 to 2024-09-08 00:00:00+00:00, run_after=2024-09-09 00:00:00+00:00
[2024-09-10T02:19:52.693+0800] {logging_mixin.py:190} INFO - [2024-09-10T02:19:52.693+0800] {dag.py:4156} INFO - Setting next_dagrun for example_branch_datetime_operator_3 to 2024-09-08 00:00:00+00:00, run_after=2024-09-09 00:00:00+00:00
[2024-09-10T02:19:52.699+0800] {processor.py:208} INFO - Processing /Users/erniesg/.pyenv/versions/3.12.5/envs/letters_home/lib/python3.12/site-packages/airflow/example_dags/example_branch_datetime_operator.py took 0.063 seconds
