[2024-09-10T01:37:09.278+0800] {processor.py:186} INFO - Started process (PID=57523) to work on /Users/erniesg/.pyenv/versions/3.12.5/envs/letters_home/lib/python3.12/site-packages/airflow/example_dags/tutorial_dag.py
[2024-09-10T01:37:09.278+0800] {processor.py:914} INFO - Processing file /Users/erniesg/.pyenv/versions/3.12.5/envs/letters_home/lib/python3.12/site-packages/airflow/example_dags/tutorial_dag.py for tasks to queue
[2024-09-10T01:37:09.279+0800] {logging_mixin.py:190} INFO - [2024-09-10T01:37:09.279+0800] {dagbag.py:587} INFO - Filling up the DagBag from /Users/erniesg/.pyenv/versions/3.12.5/envs/letters_home/lib/python3.12/site-packages/airflow/example_dags/tutorial_dag.py
[2024-09-10T01:37:09.289+0800] {processor.py:925} INFO - DAG(s) 'tutorial_dag' retrieved from /Users/erniesg/.pyenv/versions/3.12.5/envs/letters_home/lib/python3.12/site-packages/airflow/example_dags/tutorial_dag.py
[2024-09-10T01:37:09.357+0800] {logging_mixin.py:190} INFO - [2024-09-10T01:37:09.357+0800] {override.py:1900} INFO - Created Permission View: can edit on DAG:tutorial_dag
[2024-09-10T01:37:09.360+0800] {logging_mixin.py:190} INFO - [2024-09-10T01:37:09.360+0800] {override.py:1900} INFO - Created Permission View: can read on DAG:tutorial_dag
[2024-09-10T01:37:09.362+0800] {logging_mixin.py:190} INFO - [2024-09-10T01:37:09.362+0800] {override.py:1900} INFO - Created Permission View: can delete on DAG:tutorial_dag
[2024-09-10T01:37:09.365+0800] {logging_mixin.py:190} INFO - [2024-09-10T01:37:09.365+0800] {override.py:1900} INFO - Created Permission View: menu access on DAG Run:tutorial_dag
[2024-09-10T01:37:09.367+0800] {logging_mixin.py:190} INFO - [2024-09-10T01:37:09.367+0800] {override.py:1900} INFO - Created Permission View: can create on DAG Run:tutorial_dag
[2024-09-10T01:37:09.369+0800] {logging_mixin.py:190} INFO - [2024-09-10T01:37:09.369+0800] {override.py:1900} INFO - Created Permission View: can read on DAG Run:tutorial_dag
[2024-09-10T01:37:09.371+0800] {logging_mixin.py:190} INFO - [2024-09-10T01:37:09.371+0800] {override.py:1900} INFO - Created Permission View: can delete on DAG Run:tutorial_dag
[2024-09-10T01:37:09.371+0800] {logging_mixin.py:190} INFO - [2024-09-10T01:37:09.371+0800] {dag.py:3229} INFO - Sync 1 DAGs
[2024-09-10T01:37:09.375+0800] {logging_mixin.py:190} INFO - [2024-09-10T01:37:09.375+0800] {dag.py:3252} INFO - Creating ORM DAG for tutorial_dag
[2024-09-10T01:37:09.375+0800] {logging_mixin.py:190} INFO - [2024-09-10T01:37:09.375+0800] {dag.py:4156} INFO - Setting next_dagrun for tutorial_dag to None, run_after=None
[2024-09-10T01:37:09.381+0800] {processor.py:208} INFO - Processing /Users/erniesg/.pyenv/versions/3.12.5/envs/letters_home/lib/python3.12/site-packages/airflow/example_dags/tutorial_dag.py took 0.105 seconds
[2024-09-10T01:38:57.987+0800] {processor.py:186} INFO - Started process (PID=58056) to work on /Users/erniesg/.pyenv/versions/3.12.5/envs/letters_home/lib/python3.12/site-packages/airflow/example_dags/tutorial_dag.py
[2024-09-10T01:38:57.987+0800] {processor.py:914} INFO - Processing file /Users/erniesg/.pyenv/versions/3.12.5/envs/letters_home/lib/python3.12/site-packages/airflow/example_dags/tutorial_dag.py for tasks to queue
[2024-09-10T01:38:57.988+0800] {logging_mixin.py:190} INFO - [2024-09-10T01:38:57.988+0800] {dagbag.py:587} INFO - Filling up the DagBag from /Users/erniesg/.pyenv/versions/3.12.5/envs/letters_home/lib/python3.12/site-packages/airflow/example_dags/tutorial_dag.py
[2024-09-10T01:38:57.998+0800] {processor.py:925} INFO - DAG(s) 'tutorial_dag' retrieved from /Users/erniesg/.pyenv/versions/3.12.5/envs/letters_home/lib/python3.12/site-packages/airflow/example_dags/tutorial_dag.py
[2024-09-10T01:38:58.033+0800] {logging_mixin.py:190} INFO - [2024-09-10T01:38:58.033+0800] {dag.py:3229} INFO - Sync 1 DAGs
[2024-09-10T01:38:58.037+0800] {logging_mixin.py:190} INFO - [2024-09-10T01:38:58.037+0800] {dag.py:4156} INFO - Setting next_dagrun for tutorial_dag to None, run_after=None
[2024-09-10T01:38:58.044+0800] {processor.py:208} INFO - Processing /Users/erniesg/.pyenv/versions/3.12.5/envs/letters_home/lib/python3.12/site-packages/airflow/example_dags/tutorial_dag.py took 0.058 seconds
[2024-09-10T01:40:20.107+0800] {processor.py:186} INFO - Started process (PID=58142) to work on /Users/erniesg/.pyenv/versions/3.12.5/envs/letters_home/lib/python3.12/site-packages/airflow/example_dags/tutorial_dag.py
[2024-09-10T01:40:20.107+0800] {processor.py:914} INFO - Processing file /Users/erniesg/.pyenv/versions/3.12.5/envs/letters_home/lib/python3.12/site-packages/airflow/example_dags/tutorial_dag.py for tasks to queue
[2024-09-10T01:40:20.108+0800] {logging_mixin.py:190} INFO - [2024-09-10T01:40:20.108+0800] {dagbag.py:587} INFO - Filling up the DagBag from /Users/erniesg/.pyenv/versions/3.12.5/envs/letters_home/lib/python3.12/site-packages/airflow/example_dags/tutorial_dag.py
[2024-09-10T01:40:20.119+0800] {processor.py:925} INFO - DAG(s) 'tutorial_dag' retrieved from /Users/erniesg/.pyenv/versions/3.12.5/envs/letters_home/lib/python3.12/site-packages/airflow/example_dags/tutorial_dag.py
[2024-09-10T01:40:20.155+0800] {logging_mixin.py:190} INFO - [2024-09-10T01:40:20.155+0800] {dag.py:3229} INFO - Sync 1 DAGs
[2024-09-10T01:40:20.159+0800] {logging_mixin.py:190} INFO - [2024-09-10T01:40:20.159+0800] {dag.py:4156} INFO - Setting next_dagrun for tutorial_dag to None, run_after=None
[2024-09-10T01:40:20.165+0800] {processor.py:208} INFO - Processing /Users/erniesg/.pyenv/versions/3.12.5/envs/letters_home/lib/python3.12/site-packages/airflow/example_dags/tutorial_dag.py took 0.059 seconds
[2024-09-10T01:41:38.252+0800] {processor.py:186} INFO - Started process (PID=58200) to work on /Users/erniesg/.pyenv/versions/3.12.5/envs/letters_home/lib/python3.12/site-packages/airflow/example_dags/tutorial_dag.py
[2024-09-10T01:41:38.253+0800] {processor.py:914} INFO - Processing file /Users/erniesg/.pyenv/versions/3.12.5/envs/letters_home/lib/python3.12/site-packages/airflow/example_dags/tutorial_dag.py for tasks to queue
[2024-09-10T01:41:38.253+0800] {logging_mixin.py:190} INFO - [2024-09-10T01:41:38.253+0800] {dagbag.py:587} INFO - Filling up the DagBag from /Users/erniesg/.pyenv/versions/3.12.5/envs/letters_home/lib/python3.12/site-packages/airflow/example_dags/tutorial_dag.py
[2024-09-10T01:41:38.264+0800] {processor.py:925} INFO - DAG(s) 'tutorial_dag' retrieved from /Users/erniesg/.pyenv/versions/3.12.5/envs/letters_home/lib/python3.12/site-packages/airflow/example_dags/tutorial_dag.py
[2024-09-10T01:41:38.321+0800] {logging_mixin.py:190} INFO - [2024-09-10T01:41:38.321+0800] {dag.py:3229} INFO - Sync 1 DAGs
[2024-09-10T01:41:38.327+0800] {logging_mixin.py:190} INFO - [2024-09-10T01:41:38.327+0800] {dag.py:4156} INFO - Setting next_dagrun for tutorial_dag to None, run_after=None
[2024-09-10T01:41:38.335+0800] {processor.py:208} INFO - Processing /Users/erniesg/.pyenv/versions/3.12.5/envs/letters_home/lib/python3.12/site-packages/airflow/example_dags/tutorial_dag.py took 0.084 seconds
[2024-09-10T01:43:01.188+0800] {processor.py:186} INFO - Started process (PID=58281) to work on /Users/erniesg/.pyenv/versions/3.12.5/envs/letters_home/lib/python3.12/site-packages/airflow/example_dags/tutorial_dag.py
[2024-09-10T01:43:01.188+0800] {processor.py:914} INFO - Processing file /Users/erniesg/.pyenv/versions/3.12.5/envs/letters_home/lib/python3.12/site-packages/airflow/example_dags/tutorial_dag.py for tasks to queue
[2024-09-10T01:43:01.189+0800] {logging_mixin.py:190} INFO - [2024-09-10T01:43:01.189+0800] {dagbag.py:587} INFO - Filling up the DagBag from /Users/erniesg/.pyenv/versions/3.12.5/envs/letters_home/lib/python3.12/site-packages/airflow/example_dags/tutorial_dag.py
[2024-09-10T01:43:01.199+0800] {processor.py:925} INFO - DAG(s) 'tutorial_dag' retrieved from /Users/erniesg/.pyenv/versions/3.12.5/envs/letters_home/lib/python3.12/site-packages/airflow/example_dags/tutorial_dag.py
[2024-09-10T01:43:01.236+0800] {logging_mixin.py:190} INFO - [2024-09-10T01:43:01.236+0800] {dag.py:3229} INFO - Sync 1 DAGs
[2024-09-10T01:43:01.240+0800] {logging_mixin.py:190} INFO - [2024-09-10T01:43:01.240+0800] {dag.py:4156} INFO - Setting next_dagrun for tutorial_dag to None, run_after=None
[2024-09-10T01:43:01.247+0800] {processor.py:208} INFO - Processing /Users/erniesg/.pyenv/versions/3.12.5/envs/letters_home/lib/python3.12/site-packages/airflow/example_dags/tutorial_dag.py took 0.060 seconds
[2024-09-10T01:44:22.943+0800] {processor.py:186} INFO - Started process (PID=58754) to work on /Users/erniesg/.pyenv/versions/3.12.5/envs/letters_home/lib/python3.12/site-packages/airflow/example_dags/tutorial_dag.py
[2024-09-10T01:44:22.943+0800] {processor.py:914} INFO - Processing file /Users/erniesg/.pyenv/versions/3.12.5/envs/letters_home/lib/python3.12/site-packages/airflow/example_dags/tutorial_dag.py for tasks to queue
[2024-09-10T01:44:22.944+0800] {logging_mixin.py:190} INFO - [2024-09-10T01:44:22.944+0800] {dagbag.py:587} INFO - Filling up the DagBag from /Users/erniesg/.pyenv/versions/3.12.5/envs/letters_home/lib/python3.12/site-packages/airflow/example_dags/tutorial_dag.py
[2024-09-10T01:44:22.954+0800] {processor.py:925} INFO - DAG(s) 'tutorial_dag' retrieved from /Users/erniesg/.pyenv/versions/3.12.5/envs/letters_home/lib/python3.12/site-packages/airflow/example_dags/tutorial_dag.py
[2024-09-10T01:44:23.027+0800] {logging_mixin.py:190} INFO - [2024-09-10T01:44:23.027+0800] {dag.py:3229} INFO - Sync 1 DAGs
[2024-09-10T01:44:23.031+0800] {logging_mixin.py:190} INFO - [2024-09-10T01:44:23.031+0800] {dag.py:4156} INFO - Setting next_dagrun for tutorial_dag to None, run_after=None
[2024-09-10T01:44:23.039+0800] {processor.py:208} INFO - Processing /Users/erniesg/.pyenv/versions/3.12.5/envs/letters_home/lib/python3.12/site-packages/airflow/example_dags/tutorial_dag.py took 0.097 seconds
[2024-09-10T01:58:40.893+0800] {processor.py:186} INFO - Started process (PID=67447) to work on /Users/erniesg/.pyenv/versions/3.12.5/envs/letters_home/lib/python3.12/site-packages/airflow/example_dags/tutorial_dag.py
[2024-09-10T01:58:40.894+0800] {processor.py:914} INFO - Processing file /Users/erniesg/.pyenv/versions/3.12.5/envs/letters_home/lib/python3.12/site-packages/airflow/example_dags/tutorial_dag.py for tasks to queue
[2024-09-10T01:58:40.894+0800] {logging_mixin.py:190} INFO - [2024-09-10T01:58:40.894+0800] {dagbag.py:587} INFO - Filling up the DagBag from /Users/erniesg/.pyenv/versions/3.12.5/envs/letters_home/lib/python3.12/site-packages/airflow/example_dags/tutorial_dag.py
[2024-09-10T01:58:40.904+0800] {processor.py:925} INFO - DAG(s) 'tutorial_dag' retrieved from /Users/erniesg/.pyenv/versions/3.12.5/envs/letters_home/lib/python3.12/site-packages/airflow/example_dags/tutorial_dag.py
[2024-09-10T01:58:40.970+0800] {logging_mixin.py:190} INFO - [2024-09-10T01:58:40.970+0800] {dag.py:3229} INFO - Sync 1 DAGs
[2024-09-10T01:58:40.974+0800] {logging_mixin.py:190} INFO - [2024-09-10T01:58:40.974+0800] {dag.py:4156} INFO - Setting next_dagrun for tutorial_dag to None, run_after=None
[2024-09-10T01:58:40.981+0800] {processor.py:208} INFO - Processing /Users/erniesg/.pyenv/versions/3.12.5/envs/letters_home/lib/python3.12/site-packages/airflow/example_dags/tutorial_dag.py took 0.088 seconds
[2024-09-10T02:01:04.200+0800] {processor.py:186} INFO - Started process (PID=67882) to work on /Users/erniesg/.pyenv/versions/3.12.5/envs/letters_home/lib/python3.12/site-packages/airflow/example_dags/tutorial_dag.py
[2024-09-10T02:01:04.201+0800] {processor.py:914} INFO - Processing file /Users/erniesg/.pyenv/versions/3.12.5/envs/letters_home/lib/python3.12/site-packages/airflow/example_dags/tutorial_dag.py for tasks to queue
[2024-09-10T02:01:04.201+0800] {logging_mixin.py:190} INFO - [2024-09-10T02:01:04.201+0800] {dagbag.py:587} INFO - Filling up the DagBag from /Users/erniesg/.pyenv/versions/3.12.5/envs/letters_home/lib/python3.12/site-packages/airflow/example_dags/tutorial_dag.py
[2024-09-10T02:01:04.211+0800] {processor.py:925} INFO - DAG(s) 'tutorial_dag' retrieved from /Users/erniesg/.pyenv/versions/3.12.5/envs/letters_home/lib/python3.12/site-packages/airflow/example_dags/tutorial_dag.py
[2024-09-10T02:01:04.248+0800] {logging_mixin.py:190} INFO - [2024-09-10T02:01:04.247+0800] {dag.py:3229} INFO - Sync 1 DAGs
[2024-09-10T02:01:04.251+0800] {logging_mixin.py:190} INFO - [2024-09-10T02:01:04.251+0800] {dag.py:4156} INFO - Setting next_dagrun for tutorial_dag to None, run_after=None
[2024-09-10T02:01:04.258+0800] {processor.py:208} INFO - Processing /Users/erniesg/.pyenv/versions/3.12.5/envs/letters_home/lib/python3.12/site-packages/airflow/example_dags/tutorial_dag.py took 0.059 seconds
[2024-09-10T02:02:24.840+0800] {processor.py:186} INFO - Started process (PID=67963) to work on /Users/erniesg/.pyenv/versions/3.12.5/envs/letters_home/lib/python3.12/site-packages/airflow/example_dags/tutorial_dag.py
[2024-09-10T02:02:24.840+0800] {processor.py:914} INFO - Processing file /Users/erniesg/.pyenv/versions/3.12.5/envs/letters_home/lib/python3.12/site-packages/airflow/example_dags/tutorial_dag.py for tasks to queue
[2024-09-10T02:02:24.840+0800] {logging_mixin.py:190} INFO - [2024-09-10T02:02:24.840+0800] {dagbag.py:587} INFO - Filling up the DagBag from /Users/erniesg/.pyenv/versions/3.12.5/envs/letters_home/lib/python3.12/site-packages/airflow/example_dags/tutorial_dag.py
[2024-09-10T02:02:24.851+0800] {processor.py:925} INFO - DAG(s) 'tutorial_dag' retrieved from /Users/erniesg/.pyenv/versions/3.12.5/envs/letters_home/lib/python3.12/site-packages/airflow/example_dags/tutorial_dag.py
[2024-09-10T02:02:24.886+0800] {logging_mixin.py:190} INFO - [2024-09-10T02:02:24.886+0800] {dag.py:3229} INFO - Sync 1 DAGs
[2024-09-10T02:02:24.890+0800] {logging_mixin.py:190} INFO - [2024-09-10T02:02:24.890+0800] {dag.py:4156} INFO - Setting next_dagrun for tutorial_dag to None, run_after=None
[2024-09-10T02:02:24.896+0800] {processor.py:208} INFO - Processing /Users/erniesg/.pyenv/versions/3.12.5/envs/letters_home/lib/python3.12/site-packages/airflow/example_dags/tutorial_dag.py took 0.058 seconds
[2024-09-10T02:03:46.419+0800] {processor.py:186} INFO - Started process (PID=68070) to work on /Users/erniesg/.pyenv/versions/3.12.5/envs/letters_home/lib/python3.12/site-packages/airflow/example_dags/tutorial_dag.py
[2024-09-10T02:03:46.419+0800] {processor.py:914} INFO - Processing file /Users/erniesg/.pyenv/versions/3.12.5/envs/letters_home/lib/python3.12/site-packages/airflow/example_dags/tutorial_dag.py for tasks to queue
[2024-09-10T02:03:46.419+0800] {logging_mixin.py:190} INFO - [2024-09-10T02:03:46.419+0800] {dagbag.py:587} INFO - Filling up the DagBag from /Users/erniesg/.pyenv/versions/3.12.5/envs/letters_home/lib/python3.12/site-packages/airflow/example_dags/tutorial_dag.py
[2024-09-10T02:03:46.430+0800] {processor.py:925} INFO - DAG(s) 'tutorial_dag' retrieved from /Users/erniesg/.pyenv/versions/3.12.5/envs/letters_home/lib/python3.12/site-packages/airflow/example_dags/tutorial_dag.py
[2024-09-10T02:03:46.468+0800] {logging_mixin.py:190} INFO - [2024-09-10T02:03:46.468+0800] {dag.py:3229} INFO - Sync 1 DAGs
[2024-09-10T02:03:46.472+0800] {logging_mixin.py:190} INFO - [2024-09-10T02:03:46.472+0800] {dag.py:4156} INFO - Setting next_dagrun for tutorial_dag to None, run_after=None
[2024-09-10T02:03:46.479+0800] {processor.py:208} INFO - Processing /Users/erniesg/.pyenv/versions/3.12.5/envs/letters_home/lib/python3.12/site-packages/airflow/example_dags/tutorial_dag.py took 0.062 seconds
[2024-09-10T02:05:22.620+0800] {processor.py:186} INFO - Started process (PID=68176) to work on /Users/erniesg/.pyenv/versions/3.12.5/envs/letters_home/lib/python3.12/site-packages/airflow/example_dags/tutorial_dag.py
[2024-09-10T02:05:22.620+0800] {processor.py:914} INFO - Processing file /Users/erniesg/.pyenv/versions/3.12.5/envs/letters_home/lib/python3.12/site-packages/airflow/example_dags/tutorial_dag.py for tasks to queue
[2024-09-10T02:05:22.621+0800] {logging_mixin.py:190} INFO - [2024-09-10T02:05:22.621+0800] {dagbag.py:587} INFO - Filling up the DagBag from /Users/erniesg/.pyenv/versions/3.12.5/envs/letters_home/lib/python3.12/site-packages/airflow/example_dags/tutorial_dag.py
[2024-09-10T02:05:22.631+0800] {processor.py:925} INFO - DAG(s) 'tutorial_dag' retrieved from /Users/erniesg/.pyenv/versions/3.12.5/envs/letters_home/lib/python3.12/site-packages/airflow/example_dags/tutorial_dag.py
[2024-09-10T02:05:22.667+0800] {logging_mixin.py:190} INFO - [2024-09-10T02:05:22.667+0800] {dag.py:3229} INFO - Sync 1 DAGs
[2024-09-10T02:05:22.671+0800] {logging_mixin.py:190} INFO - [2024-09-10T02:05:22.671+0800] {dag.py:4156} INFO - Setting next_dagrun for tutorial_dag to None, run_after=None
[2024-09-10T02:05:22.678+0800] {processor.py:208} INFO - Processing /Users/erniesg/.pyenv/versions/3.12.5/envs/letters_home/lib/python3.12/site-packages/airflow/example_dags/tutorial_dag.py took 0.059 seconds
[2024-09-10T02:06:46.268+0800] {processor.py:186} INFO - Started process (PID=68261) to work on /Users/erniesg/.pyenv/versions/3.12.5/envs/letters_home/lib/python3.12/site-packages/airflow/example_dags/tutorial_dag.py
[2024-09-10T02:06:46.268+0800] {processor.py:914} INFO - Processing file /Users/erniesg/.pyenv/versions/3.12.5/envs/letters_home/lib/python3.12/site-packages/airflow/example_dags/tutorial_dag.py for tasks to queue
[2024-09-10T02:06:46.268+0800] {logging_mixin.py:190} INFO - [2024-09-10T02:06:46.268+0800] {dagbag.py:587} INFO - Filling up the DagBag from /Users/erniesg/.pyenv/versions/3.12.5/envs/letters_home/lib/python3.12/site-packages/airflow/example_dags/tutorial_dag.py
[2024-09-10T02:06:46.278+0800] {processor.py:925} INFO - DAG(s) 'tutorial_dag' retrieved from /Users/erniesg/.pyenv/versions/3.12.5/envs/letters_home/lib/python3.12/site-packages/airflow/example_dags/tutorial_dag.py
[2024-09-10T02:06:46.312+0800] {logging_mixin.py:190} INFO - [2024-09-10T02:06:46.312+0800] {dag.py:3229} INFO - Sync 1 DAGs
[2024-09-10T02:06:46.316+0800] {logging_mixin.py:190} INFO - [2024-09-10T02:06:46.316+0800] {dag.py:4156} INFO - Setting next_dagrun for tutorial_dag to None, run_after=None
[2024-09-10T02:06:46.322+0800] {processor.py:208} INFO - Processing /Users/erniesg/.pyenv/versions/3.12.5/envs/letters_home/lib/python3.12/site-packages/airflow/example_dags/tutorial_dag.py took 0.056 seconds
[2024-09-10T02:08:10.045+0800] {processor.py:186} INFO - Started process (PID=68462) to work on /Users/erniesg/.pyenv/versions/3.12.5/envs/letters_home/lib/python3.12/site-packages/airflow/example_dags/tutorial_dag.py
[2024-09-10T02:08:10.045+0800] {processor.py:914} INFO - Processing file /Users/erniesg/.pyenv/versions/3.12.5/envs/letters_home/lib/python3.12/site-packages/airflow/example_dags/tutorial_dag.py for tasks to queue
[2024-09-10T02:08:10.046+0800] {logging_mixin.py:190} INFO - [2024-09-10T02:08:10.045+0800] {dagbag.py:587} INFO - Filling up the DagBag from /Users/erniesg/.pyenv/versions/3.12.5/envs/letters_home/lib/python3.12/site-packages/airflow/example_dags/tutorial_dag.py
[2024-09-10T02:08:10.056+0800] {processor.py:925} INFO - DAG(s) 'tutorial_dag' retrieved from /Users/erniesg/.pyenv/versions/3.12.5/envs/letters_home/lib/python3.12/site-packages/airflow/example_dags/tutorial_dag.py
[2024-09-10T02:08:10.091+0800] {logging_mixin.py:190} INFO - [2024-09-10T02:08:10.090+0800] {dag.py:3229} INFO - Sync 1 DAGs
[2024-09-10T02:08:10.094+0800] {logging_mixin.py:190} INFO - [2024-09-10T02:08:10.094+0800] {dag.py:4156} INFO - Setting next_dagrun for tutorial_dag to None, run_after=None
[2024-09-10T02:08:10.101+0800] {processor.py:208} INFO - Processing /Users/erniesg/.pyenv/versions/3.12.5/envs/letters_home/lib/python3.12/site-packages/airflow/example_dags/tutorial_dag.py took 0.057 seconds
[2024-09-10T02:09:32.414+0800] {processor.py:186} INFO - Started process (PID=68582) to work on /Users/erniesg/.pyenv/versions/3.12.5/envs/letters_home/lib/python3.12/site-packages/airflow/example_dags/tutorial_dag.py
[2024-09-10T02:09:32.414+0800] {processor.py:914} INFO - Processing file /Users/erniesg/.pyenv/versions/3.12.5/envs/letters_home/lib/python3.12/site-packages/airflow/example_dags/tutorial_dag.py for tasks to queue
[2024-09-10T02:09:32.415+0800] {logging_mixin.py:190} INFO - [2024-09-10T02:09:32.414+0800] {dagbag.py:587} INFO - Filling up the DagBag from /Users/erniesg/.pyenv/versions/3.12.5/envs/letters_home/lib/python3.12/site-packages/airflow/example_dags/tutorial_dag.py
[2024-09-10T02:09:32.425+0800] {processor.py:925} INFO - DAG(s) 'tutorial_dag' retrieved from /Users/erniesg/.pyenv/versions/3.12.5/envs/letters_home/lib/python3.12/site-packages/airflow/example_dags/tutorial_dag.py
[2024-09-10T02:09:32.463+0800] {logging_mixin.py:190} INFO - [2024-09-10T02:09:32.463+0800] {dag.py:3229} INFO - Sync 1 DAGs
[2024-09-10T02:09:32.467+0800] {logging_mixin.py:190} INFO - [2024-09-10T02:09:32.467+0800] {dag.py:4156} INFO - Setting next_dagrun for tutorial_dag to None, run_after=None
[2024-09-10T02:09:32.475+0800] {processor.py:208} INFO - Processing /Users/erniesg/.pyenv/versions/3.12.5/envs/letters_home/lib/python3.12/site-packages/airflow/example_dags/tutorial_dag.py took 0.062 seconds
[2024-09-10T02:11:20.771+0800] {processor.py:186} INFO - Started process (PID=68931) to work on /Users/erniesg/.pyenv/versions/3.12.5/envs/letters_home/lib/python3.12/site-packages/airflow/example_dags/tutorial_dag.py
[2024-09-10T02:11:20.772+0800] {processor.py:914} INFO - Processing file /Users/erniesg/.pyenv/versions/3.12.5/envs/letters_home/lib/python3.12/site-packages/airflow/example_dags/tutorial_dag.py for tasks to queue
[2024-09-10T02:11:20.772+0800] {logging_mixin.py:190} INFO - [2024-09-10T02:11:20.772+0800] {dagbag.py:587} INFO - Filling up the DagBag from /Users/erniesg/.pyenv/versions/3.12.5/envs/letters_home/lib/python3.12/site-packages/airflow/example_dags/tutorial_dag.py
[2024-09-10T02:11:20.782+0800] {processor.py:925} INFO - DAG(s) 'tutorial_dag' retrieved from /Users/erniesg/.pyenv/versions/3.12.5/envs/letters_home/lib/python3.12/site-packages/airflow/example_dags/tutorial_dag.py
[2024-09-10T02:11:20.818+0800] {logging_mixin.py:190} INFO - [2024-09-10T02:11:20.818+0800] {dag.py:3229} INFO - Sync 1 DAGs
[2024-09-10T02:11:20.822+0800] {logging_mixin.py:190} INFO - [2024-09-10T02:11:20.822+0800] {dag.py:4156} INFO - Setting next_dagrun for tutorial_dag to None, run_after=None
[2024-09-10T02:11:20.830+0800] {processor.py:208} INFO - Processing /Users/erniesg/.pyenv/versions/3.12.5/envs/letters_home/lib/python3.12/site-packages/airflow/example_dags/tutorial_dag.py took 0.059 seconds
[2024-09-10T02:12:12.202+0800] {processor.py:186} INFO - Started process (PID=69254) to work on /Users/erniesg/.pyenv/versions/3.12.5/envs/letters_home/lib/python3.12/site-packages/airflow/example_dags/tutorial_dag.py
[2024-09-10T02:12:12.203+0800] {processor.py:914} INFO - Processing file /Users/erniesg/.pyenv/versions/3.12.5/envs/letters_home/lib/python3.12/site-packages/airflow/example_dags/tutorial_dag.py for tasks to queue
[2024-09-10T02:12:12.203+0800] {logging_mixin.py:190} INFO - [2024-09-10T02:12:12.203+0800] {dagbag.py:587} INFO - Filling up the DagBag from /Users/erniesg/.pyenv/versions/3.12.5/envs/letters_home/lib/python3.12/site-packages/airflow/example_dags/tutorial_dag.py
[2024-09-10T02:12:12.214+0800] {processor.py:925} INFO - DAG(s) 'tutorial_dag' retrieved from /Users/erniesg/.pyenv/versions/3.12.5/envs/letters_home/lib/python3.12/site-packages/airflow/example_dags/tutorial_dag.py
[2024-09-10T02:12:12.251+0800] {logging_mixin.py:190} INFO - [2024-09-10T02:12:12.251+0800] {dag.py:3229} INFO - Sync 1 DAGs
[2024-09-10T02:12:12.255+0800] {logging_mixin.py:190} INFO - [2024-09-10T02:12:12.255+0800] {dag.py:4156} INFO - Setting next_dagrun for tutorial_dag to None, run_after=None
[2024-09-10T02:12:12.263+0800] {processor.py:208} INFO - Processing /Users/erniesg/.pyenv/versions/3.12.5/envs/letters_home/lib/python3.12/site-packages/airflow/example_dags/tutorial_dag.py took 0.062 seconds
[2024-09-10T02:14:05.730+0800] {processor.py:186} INFO - Started process (PID=69344) to work on /Users/erniesg/.pyenv/versions/3.12.5/envs/letters_home/lib/python3.12/site-packages/airflow/example_dags/tutorial_dag.py
[2024-09-10T02:14:05.730+0800] {processor.py:914} INFO - Processing file /Users/erniesg/.pyenv/versions/3.12.5/envs/letters_home/lib/python3.12/site-packages/airflow/example_dags/tutorial_dag.py for tasks to queue
[2024-09-10T02:14:05.731+0800] {logging_mixin.py:190} INFO - [2024-09-10T02:14:05.731+0800] {dagbag.py:587} INFO - Filling up the DagBag from /Users/erniesg/.pyenv/versions/3.12.5/envs/letters_home/lib/python3.12/site-packages/airflow/example_dags/tutorial_dag.py
[2024-09-10T02:14:05.741+0800] {processor.py:925} INFO - DAG(s) 'tutorial_dag' retrieved from /Users/erniesg/.pyenv/versions/3.12.5/envs/letters_home/lib/python3.12/site-packages/airflow/example_dags/tutorial_dag.py
[2024-09-10T02:14:05.781+0800] {logging_mixin.py:190} INFO - [2024-09-10T02:14:05.780+0800] {dag.py:3229} INFO - Sync 1 DAGs
[2024-09-10T02:14:05.785+0800] {logging_mixin.py:190} INFO - [2024-09-10T02:14:05.784+0800] {dag.py:4156} INFO - Setting next_dagrun for tutorial_dag to None, run_after=None
[2024-09-10T02:14:05.792+0800] {processor.py:208} INFO - Processing /Users/erniesg/.pyenv/versions/3.12.5/envs/letters_home/lib/python3.12/site-packages/airflow/example_dags/tutorial_dag.py took 0.063 seconds
[2024-09-10T02:15:33.398+0800] {processor.py:186} INFO - Started process (PID=69689) to work on /Users/erniesg/.pyenv/versions/3.12.5/envs/letters_home/lib/python3.12/site-packages/airflow/example_dags/tutorial_dag.py
[2024-09-10T02:15:33.398+0800] {processor.py:914} INFO - Processing file /Users/erniesg/.pyenv/versions/3.12.5/envs/letters_home/lib/python3.12/site-packages/airflow/example_dags/tutorial_dag.py for tasks to queue
[2024-09-10T02:15:33.398+0800] {logging_mixin.py:190} INFO - [2024-09-10T02:15:33.398+0800] {dagbag.py:587} INFO - Filling up the DagBag from /Users/erniesg/.pyenv/versions/3.12.5/envs/letters_home/lib/python3.12/site-packages/airflow/example_dags/tutorial_dag.py
[2024-09-10T02:15:33.409+0800] {processor.py:925} INFO - DAG(s) 'tutorial_dag' retrieved from /Users/erniesg/.pyenv/versions/3.12.5/envs/letters_home/lib/python3.12/site-packages/airflow/example_dags/tutorial_dag.py
[2024-09-10T02:15:33.444+0800] {logging_mixin.py:190} INFO - [2024-09-10T02:15:33.444+0800] {dag.py:3229} INFO - Sync 1 DAGs
[2024-09-10T02:15:33.448+0800] {logging_mixin.py:190} INFO - [2024-09-10T02:15:33.448+0800] {dag.py:4156} INFO - Setting next_dagrun for tutorial_dag to None, run_after=None
[2024-09-10T02:15:33.455+0800] {processor.py:208} INFO - Processing /Users/erniesg/.pyenv/versions/3.12.5/envs/letters_home/lib/python3.12/site-packages/airflow/example_dags/tutorial_dag.py took 0.058 seconds
[2024-09-10T02:17:30.070+0800] {processor.py:186} INFO - Started process (PID=69820) to work on /Users/erniesg/.pyenv/versions/3.12.5/envs/letters_home/lib/python3.12/site-packages/airflow/example_dags/tutorial_dag.py
[2024-09-10T02:17:30.070+0800] {processor.py:914} INFO - Processing file /Users/erniesg/.pyenv/versions/3.12.5/envs/letters_home/lib/python3.12/site-packages/airflow/example_dags/tutorial_dag.py for tasks to queue
[2024-09-10T02:17:30.070+0800] {logging_mixin.py:190} INFO - [2024-09-10T02:17:30.070+0800] {dagbag.py:587} INFO - Filling up the DagBag from /Users/erniesg/.pyenv/versions/3.12.5/envs/letters_home/lib/python3.12/site-packages/airflow/example_dags/tutorial_dag.py
[2024-09-10T02:17:30.081+0800] {processor.py:925} INFO - DAG(s) 'tutorial_dag' retrieved from /Users/erniesg/.pyenv/versions/3.12.5/envs/letters_home/lib/python3.12/site-packages/airflow/example_dags/tutorial_dag.py
[2024-09-10T02:17:30.120+0800] {logging_mixin.py:190} INFO - [2024-09-10T02:17:30.119+0800] {dag.py:3229} INFO - Sync 1 DAGs
[2024-09-10T02:17:30.124+0800] {logging_mixin.py:190} INFO - [2024-09-10T02:17:30.124+0800] {dag.py:4156} INFO - Setting next_dagrun for tutorial_dag to None, run_after=None
[2024-09-10T02:17:30.132+0800] {processor.py:208} INFO - Processing /Users/erniesg/.pyenv/versions/3.12.5/envs/letters_home/lib/python3.12/site-packages/airflow/example_dags/tutorial_dag.py took 0.063 seconds
[2024-09-10T02:18:52.815+0800] {processor.py:186} INFO - Started process (PID=70250) to work on /Users/erniesg/.pyenv/versions/3.12.5/envs/letters_home/lib/python3.12/site-packages/airflow/example_dags/tutorial_dag.py
[2024-09-10T02:18:52.815+0800] {processor.py:914} INFO - Processing file /Users/erniesg/.pyenv/versions/3.12.5/envs/letters_home/lib/python3.12/site-packages/airflow/example_dags/tutorial_dag.py for tasks to queue
[2024-09-10T02:18:52.816+0800] {logging_mixin.py:190} INFO - [2024-09-10T02:18:52.816+0800] {dagbag.py:587} INFO - Filling up the DagBag from /Users/erniesg/.pyenv/versions/3.12.5/envs/letters_home/lib/python3.12/site-packages/airflow/example_dags/tutorial_dag.py
[2024-09-10T02:18:52.826+0800] {processor.py:925} INFO - DAG(s) 'tutorial_dag' retrieved from /Users/erniesg/.pyenv/versions/3.12.5/envs/letters_home/lib/python3.12/site-packages/airflow/example_dags/tutorial_dag.py
[2024-09-10T02:18:52.865+0800] {logging_mixin.py:190} INFO - [2024-09-10T02:18:52.864+0800] {dag.py:3229} INFO - Sync 1 DAGs
[2024-09-10T02:18:52.869+0800] {logging_mixin.py:190} INFO - [2024-09-10T02:18:52.868+0800] {dag.py:4156} INFO - Setting next_dagrun for tutorial_dag to None, run_after=None
[2024-09-10T02:18:52.876+0800] {processor.py:208} INFO - Processing /Users/erniesg/.pyenv/versions/3.12.5/envs/letters_home/lib/python3.12/site-packages/airflow/example_dags/tutorial_dag.py took 0.062 seconds
[2024-09-10T02:20:16.957+0800] {processor.py:186} INFO - Started process (PID=70359) to work on /Users/erniesg/.pyenv/versions/3.12.5/envs/letters_home/lib/python3.12/site-packages/airflow/example_dags/tutorial_dag.py
[2024-09-10T02:20:16.957+0800] {processor.py:914} INFO - Processing file /Users/erniesg/.pyenv/versions/3.12.5/envs/letters_home/lib/python3.12/site-packages/airflow/example_dags/tutorial_dag.py for tasks to queue
[2024-09-10T02:20:16.958+0800] {logging_mixin.py:190} INFO - [2024-09-10T02:20:16.958+0800] {dagbag.py:587} INFO - Filling up the DagBag from /Users/erniesg/.pyenv/versions/3.12.5/envs/letters_home/lib/python3.12/site-packages/airflow/example_dags/tutorial_dag.py
[2024-09-10T02:20:16.968+0800] {processor.py:925} INFO - DAG(s) 'tutorial_dag' retrieved from /Users/erniesg/.pyenv/versions/3.12.5/envs/letters_home/lib/python3.12/site-packages/airflow/example_dags/tutorial_dag.py
[2024-09-10T02:20:17.003+0800] {logging_mixin.py:190} INFO - [2024-09-10T02:20:17.003+0800] {dag.py:3229} INFO - Sync 1 DAGs
[2024-09-10T02:20:17.007+0800] {logging_mixin.py:190} INFO - [2024-09-10T02:20:17.007+0800] {dag.py:4156} INFO - Setting next_dagrun for tutorial_dag to None, run_after=None
[2024-09-10T02:20:17.014+0800] {processor.py:208} INFO - Processing /Users/erniesg/.pyenv/versions/3.12.5/envs/letters_home/lib/python3.12/site-packages/airflow/example_dags/tutorial_dag.py took 0.058 seconds
[2024-09-10T02:23:16.725+0800] {processor.py:186} INFO - Started process (PID=71806) to work on /Users/erniesg/.pyenv/versions/3.12.5/envs/letters_home/lib/python3.12/site-packages/airflow/example_dags/tutorial_dag.py
[2024-09-10T02:23:16.726+0800] {processor.py:914} INFO - Processing file /Users/erniesg/.pyenv/versions/3.12.5/envs/letters_home/lib/python3.12/site-packages/airflow/example_dags/tutorial_dag.py for tasks to queue
[2024-09-10T02:23:16.726+0800] {logging_mixin.py:190} INFO - [2024-09-10T02:23:16.726+0800] {dagbag.py:587} INFO - Filling up the DagBag from /Users/erniesg/.pyenv/versions/3.12.5/envs/letters_home/lib/python3.12/site-packages/airflow/example_dags/tutorial_dag.py
[2024-09-10T02:23:16.736+0800] {processor.py:925} INFO - DAG(s) 'tutorial_dag' retrieved from /Users/erniesg/.pyenv/versions/3.12.5/envs/letters_home/lib/python3.12/site-packages/airflow/example_dags/tutorial_dag.py
[2024-09-10T02:23:16.772+0800] {logging_mixin.py:190} INFO - [2024-09-10T02:23:16.772+0800] {dag.py:3229} INFO - Sync 1 DAGs
[2024-09-10T02:23:16.776+0800] {logging_mixin.py:190} INFO - [2024-09-10T02:23:16.776+0800] {dag.py:4156} INFO - Setting next_dagrun for tutorial_dag to None, run_after=None
[2024-09-10T02:23:16.783+0800] {processor.py:208} INFO - Processing /Users/erniesg/.pyenv/versions/3.12.5/envs/letters_home/lib/python3.12/site-packages/airflow/example_dags/tutorial_dag.py took 0.059 seconds
