[2024-09-10T01:37:05.115+0800] {processor.py:186} INFO - Started process (PID=57518) to work on /Users/erniesg/.pyenv/versions/3.12.5/envs/letters_home/lib/python3.12/site-packages/airflow/example_dags/tutorial_taskflow_api.py
[2024-09-10T01:37:05.116+0800] {processor.py:914} INFO - Processing file /Users/erniesg/.pyenv/versions/3.12.5/envs/letters_home/lib/python3.12/site-packages/airflow/example_dags/tutorial_taskflow_api.py for tasks to queue
[2024-09-10T01:37:05.116+0800] {logging_mixin.py:190} INFO - [2024-09-10T01:37:05.116+0800] {dagbag.py:587} INFO - Filling up the DagBag from /Users/erniesg/.pyenv/versions/3.12.5/envs/letters_home/lib/python3.12/site-packages/airflow/example_dags/tutorial_taskflow_api.py
[2024-09-10T01:37:05.130+0800] {processor.py:925} INFO - DAG(s) 'tutorial_taskflow_api' retrieved from /Users/erniesg/.pyenv/versions/3.12.5/envs/letters_home/lib/python3.12/site-packages/airflow/example_dags/tutorial_taskflow_api.py
[2024-09-10T01:37:05.196+0800] {logging_mixin.py:190} INFO - [2024-09-10T01:37:05.196+0800] {override.py:1900} INFO - Created Permission View: can delete on DAG:tutorial_taskflow_api
[2024-09-10T01:37:05.199+0800] {logging_mixin.py:190} INFO - [2024-09-10T01:37:05.199+0800] {override.py:1900} INFO - Created Permission View: can edit on DAG:tutorial_taskflow_api
[2024-09-10T01:37:05.201+0800] {logging_mixin.py:190} INFO - [2024-09-10T01:37:05.201+0800] {override.py:1900} INFO - Created Permission View: can read on DAG:tutorial_taskflow_api
[2024-09-10T01:37:05.204+0800] {logging_mixin.py:190} INFO - [2024-09-10T01:37:05.203+0800] {override.py:1900} INFO - Created Permission View: menu access on DAG Run:tutorial_taskflow_api
[2024-09-10T01:37:05.205+0800] {logging_mixin.py:190} INFO - [2024-09-10T01:37:05.205+0800] {override.py:1900} INFO - Created Permission View: can delete on DAG Run:tutorial_taskflow_api
[2024-09-10T01:37:05.207+0800] {logging_mixin.py:190} INFO - [2024-09-10T01:37:05.207+0800] {override.py:1900} INFO - Created Permission View: can create on DAG Run:tutorial_taskflow_api
[2024-09-10T01:37:05.209+0800] {logging_mixin.py:190} INFO - [2024-09-10T01:37:05.209+0800] {override.py:1900} INFO - Created Permission View: can read on DAG Run:tutorial_taskflow_api
[2024-09-10T01:37:05.209+0800] {logging_mixin.py:190} INFO - [2024-09-10T01:37:05.209+0800] {dag.py:3229} INFO - Sync 1 DAGs
[2024-09-10T01:37:05.213+0800] {logging_mixin.py:190} INFO - [2024-09-10T01:37:05.213+0800] {dag.py:3252} INFO - Creating ORM DAG for tutorial_taskflow_api
[2024-09-10T01:37:05.214+0800] {logging_mixin.py:190} INFO - [2024-09-10T01:37:05.214+0800] {dag.py:4156} INFO - Setting next_dagrun for tutorial_taskflow_api to None, run_after=None
[2024-09-10T01:37:05.219+0800] {processor.py:208} INFO - Processing /Users/erniesg/.pyenv/versions/3.12.5/envs/letters_home/lib/python3.12/site-packages/airflow/example_dags/tutorial_taskflow_api.py took 0.105 seconds
[2024-09-10T01:38:54.798+0800] {processor.py:186} INFO - Started process (PID=58054) to work on /Users/erniesg/.pyenv/versions/3.12.5/envs/letters_home/lib/python3.12/site-packages/airflow/example_dags/tutorial_taskflow_api.py
[2024-09-10T01:38:54.798+0800] {processor.py:914} INFO - Processing file /Users/erniesg/.pyenv/versions/3.12.5/envs/letters_home/lib/python3.12/site-packages/airflow/example_dags/tutorial_taskflow_api.py for tasks to queue
[2024-09-10T01:38:54.799+0800] {logging_mixin.py:190} INFO - [2024-09-10T01:38:54.798+0800] {dagbag.py:587} INFO - Filling up the DagBag from /Users/erniesg/.pyenv/versions/3.12.5/envs/letters_home/lib/python3.12/site-packages/airflow/example_dags/tutorial_taskflow_api.py
[2024-09-10T01:38:54.813+0800] {processor.py:925} INFO - DAG(s) 'tutorial_taskflow_api' retrieved from /Users/erniesg/.pyenv/versions/3.12.5/envs/letters_home/lib/python3.12/site-packages/airflow/example_dags/tutorial_taskflow_api.py
[2024-09-10T01:38:54.849+0800] {logging_mixin.py:190} INFO - [2024-09-10T01:38:54.849+0800] {dag.py:3229} INFO - Sync 1 DAGs
[2024-09-10T01:38:54.853+0800] {logging_mixin.py:190} INFO - [2024-09-10T01:38:54.852+0800] {dag.py:4156} INFO - Setting next_dagrun for tutorial_taskflow_api to None, run_after=None
[2024-09-10T01:38:54.859+0800] {processor.py:208} INFO - Processing /Users/erniesg/.pyenv/versions/3.12.5/envs/letters_home/lib/python3.12/site-packages/airflow/example_dags/tutorial_taskflow_api.py took 0.063 seconds
[2024-09-10T01:40:15.844+0800] {processor.py:186} INFO - Started process (PID=58138) to work on /Users/erniesg/.pyenv/versions/3.12.5/envs/letters_home/lib/python3.12/site-packages/airflow/example_dags/tutorial_taskflow_api.py
[2024-09-10T01:40:15.845+0800] {processor.py:914} INFO - Processing file /Users/erniesg/.pyenv/versions/3.12.5/envs/letters_home/lib/python3.12/site-packages/airflow/example_dags/tutorial_taskflow_api.py for tasks to queue
[2024-09-10T01:40:15.845+0800] {logging_mixin.py:190} INFO - [2024-09-10T01:40:15.845+0800] {dagbag.py:587} INFO - Filling up the DagBag from /Users/erniesg/.pyenv/versions/3.12.5/envs/letters_home/lib/python3.12/site-packages/airflow/example_dags/tutorial_taskflow_api.py
[2024-09-10T01:40:15.861+0800] {processor.py:925} INFO - DAG(s) 'tutorial_taskflow_api' retrieved from /Users/erniesg/.pyenv/versions/3.12.5/envs/letters_home/lib/python3.12/site-packages/airflow/example_dags/tutorial_taskflow_api.py
[2024-09-10T01:40:15.898+0800] {logging_mixin.py:190} INFO - [2024-09-10T01:40:15.898+0800] {dag.py:3229} INFO - Sync 1 DAGs
[2024-09-10T01:40:15.902+0800] {logging_mixin.py:190} INFO - [2024-09-10T01:40:15.902+0800] {dag.py:4156} INFO - Setting next_dagrun for tutorial_taskflow_api to None, run_after=None
[2024-09-10T01:40:15.908+0800] {processor.py:208} INFO - Processing /Users/erniesg/.pyenv/versions/3.12.5/envs/letters_home/lib/python3.12/site-packages/airflow/example_dags/tutorial_taskflow_api.py took 0.065 seconds
[2024-09-10T01:41:34.958+0800] {processor.py:186} INFO - Started process (PID=58189) to work on /Users/erniesg/.pyenv/versions/3.12.5/envs/letters_home/lib/python3.12/site-packages/airflow/example_dags/tutorial_taskflow_api.py
[2024-09-10T01:41:34.959+0800] {processor.py:914} INFO - Processing file /Users/erniesg/.pyenv/versions/3.12.5/envs/letters_home/lib/python3.12/site-packages/airflow/example_dags/tutorial_taskflow_api.py for tasks to queue
[2024-09-10T01:41:34.959+0800] {logging_mixin.py:190} INFO - [2024-09-10T01:41:34.959+0800] {dagbag.py:587} INFO - Filling up the DagBag from /Users/erniesg/.pyenv/versions/3.12.5/envs/letters_home/lib/python3.12/site-packages/airflow/example_dags/tutorial_taskflow_api.py
[2024-09-10T01:41:34.974+0800] {processor.py:925} INFO - DAG(s) 'tutorial_taskflow_api' retrieved from /Users/erniesg/.pyenv/versions/3.12.5/envs/letters_home/lib/python3.12/site-packages/airflow/example_dags/tutorial_taskflow_api.py
[2024-09-10T01:41:35.015+0800] {logging_mixin.py:190} INFO - [2024-09-10T01:41:35.014+0800] {dag.py:3229} INFO - Sync 1 DAGs
[2024-09-10T01:41:35.019+0800] {logging_mixin.py:190} INFO - [2024-09-10T01:41:35.019+0800] {dag.py:4156} INFO - Setting next_dagrun for tutorial_taskflow_api to None, run_after=None
[2024-09-10T01:41:35.026+0800] {processor.py:208} INFO - Processing /Users/erniesg/.pyenv/versions/3.12.5/envs/letters_home/lib/python3.12/site-packages/airflow/example_dags/tutorial_taskflow_api.py took 0.069 seconds
[2024-09-10T01:42:56.981+0800] {processor.py:186} INFO - Started process (PID=58276) to work on /Users/erniesg/.pyenv/versions/3.12.5/envs/letters_home/lib/python3.12/site-packages/airflow/example_dags/tutorial_taskflow_api.py
[2024-09-10T01:42:56.982+0800] {processor.py:914} INFO - Processing file /Users/erniesg/.pyenv/versions/3.12.5/envs/letters_home/lib/python3.12/site-packages/airflow/example_dags/tutorial_taskflow_api.py for tasks to queue
[2024-09-10T01:42:56.982+0800] {logging_mixin.py:190} INFO - [2024-09-10T01:42:56.982+0800] {dagbag.py:587} INFO - Filling up the DagBag from /Users/erniesg/.pyenv/versions/3.12.5/envs/letters_home/lib/python3.12/site-packages/airflow/example_dags/tutorial_taskflow_api.py
[2024-09-10T01:42:56.997+0800] {processor.py:925} INFO - DAG(s) 'tutorial_taskflow_api' retrieved from /Users/erniesg/.pyenv/versions/3.12.5/envs/letters_home/lib/python3.12/site-packages/airflow/example_dags/tutorial_taskflow_api.py
[2024-09-10T01:42:57.037+0800] {logging_mixin.py:190} INFO - [2024-09-10T01:42:57.037+0800] {dag.py:3229} INFO - Sync 1 DAGs
[2024-09-10T01:42:57.041+0800] {logging_mixin.py:190} INFO - [2024-09-10T01:42:57.041+0800] {dag.py:4156} INFO - Setting next_dagrun for tutorial_taskflow_api to None, run_after=None
[2024-09-10T01:42:57.049+0800] {processor.py:208} INFO - Processing /Users/erniesg/.pyenv/versions/3.12.5/envs/letters_home/lib/python3.12/site-packages/airflow/example_dags/tutorial_taskflow_api.py took 0.069 seconds
[2024-09-10T01:44:18.824+0800] {processor.py:186} INFO - Started process (PID=58749) to work on /Users/erniesg/.pyenv/versions/3.12.5/envs/letters_home/lib/python3.12/site-packages/airflow/example_dags/tutorial_taskflow_api.py
[2024-09-10T01:44:18.824+0800] {processor.py:914} INFO - Processing file /Users/erniesg/.pyenv/versions/3.12.5/envs/letters_home/lib/python3.12/site-packages/airflow/example_dags/tutorial_taskflow_api.py for tasks to queue
[2024-09-10T01:44:18.825+0800] {logging_mixin.py:190} INFO - [2024-09-10T01:44:18.825+0800] {dagbag.py:587} INFO - Filling up the DagBag from /Users/erniesg/.pyenv/versions/3.12.5/envs/letters_home/lib/python3.12/site-packages/airflow/example_dags/tutorial_taskflow_api.py
[2024-09-10T01:44:18.840+0800] {processor.py:925} INFO - DAG(s) 'tutorial_taskflow_api' retrieved from /Users/erniesg/.pyenv/versions/3.12.5/envs/letters_home/lib/python3.12/site-packages/airflow/example_dags/tutorial_taskflow_api.py
[2024-09-10T01:44:18.878+0800] {logging_mixin.py:190} INFO - [2024-09-10T01:44:18.878+0800] {dag.py:3229} INFO - Sync 1 DAGs
[2024-09-10T01:44:18.882+0800] {logging_mixin.py:190} INFO - [2024-09-10T01:44:18.882+0800] {dag.py:4156} INFO - Setting next_dagrun for tutorial_taskflow_api to None, run_after=None
[2024-09-10T01:44:18.889+0800] {processor.py:208} INFO - Processing /Users/erniesg/.pyenv/versions/3.12.5/envs/letters_home/lib/python3.12/site-packages/airflow/example_dags/tutorial_taskflow_api.py took 0.066 seconds
[2024-09-10T01:55:46.357+0800] {processor.py:186} INFO - Started process (PID=64383) to work on /Users/erniesg/.pyenv/versions/3.12.5/envs/letters_home/lib/python3.12/site-packages/airflow/example_dags/tutorial_taskflow_api.py
[2024-09-10T01:55:46.358+0800] {processor.py:914} INFO - Processing file /Users/erniesg/.pyenv/versions/3.12.5/envs/letters_home/lib/python3.12/site-packages/airflow/example_dags/tutorial_taskflow_api.py for tasks to queue
[2024-09-10T01:55:46.358+0800] {logging_mixin.py:190} INFO - [2024-09-10T01:55:46.358+0800] {dagbag.py:587} INFO - Filling up the DagBag from /Users/erniesg/.pyenv/versions/3.12.5/envs/letters_home/lib/python3.12/site-packages/airflow/example_dags/tutorial_taskflow_api.py
[2024-09-10T01:55:46.373+0800] {processor.py:925} INFO - DAG(s) 'tutorial_taskflow_api' retrieved from /Users/erniesg/.pyenv/versions/3.12.5/envs/letters_home/lib/python3.12/site-packages/airflow/example_dags/tutorial_taskflow_api.py
[2024-09-10T01:55:46.410+0800] {logging_mixin.py:190} INFO - [2024-09-10T01:55:46.410+0800] {dag.py:3229} INFO - Sync 1 DAGs
[2024-09-10T01:55:46.414+0800] {logging_mixin.py:190} INFO - [2024-09-10T01:55:46.414+0800] {dag.py:4156} INFO - Setting next_dagrun for tutorial_taskflow_api to None, run_after=None
[2024-09-10T01:55:46.420+0800] {processor.py:208} INFO - Processing /Users/erniesg/.pyenv/versions/3.12.5/envs/letters_home/lib/python3.12/site-packages/airflow/example_dags/tutorial_taskflow_api.py took 0.064 seconds
[2024-09-10T01:58:36.824+0800] {processor.py:186} INFO - Started process (PID=67443) to work on /Users/erniesg/.pyenv/versions/3.12.5/envs/letters_home/lib/python3.12/site-packages/airflow/example_dags/tutorial_taskflow_api.py
[2024-09-10T01:58:36.825+0800] {processor.py:914} INFO - Processing file /Users/erniesg/.pyenv/versions/3.12.5/envs/letters_home/lib/python3.12/site-packages/airflow/example_dags/tutorial_taskflow_api.py for tasks to queue
[2024-09-10T01:58:36.825+0800] {logging_mixin.py:190} INFO - [2024-09-10T01:58:36.825+0800] {dagbag.py:587} INFO - Filling up the DagBag from /Users/erniesg/.pyenv/versions/3.12.5/envs/letters_home/lib/python3.12/site-packages/airflow/example_dags/tutorial_taskflow_api.py
[2024-09-10T01:58:36.839+0800] {processor.py:925} INFO - DAG(s) 'tutorial_taskflow_api' retrieved from /Users/erniesg/.pyenv/versions/3.12.5/envs/letters_home/lib/python3.12/site-packages/airflow/example_dags/tutorial_taskflow_api.py
[2024-09-10T01:58:36.874+0800] {logging_mixin.py:190} INFO - [2024-09-10T01:58:36.874+0800] {dag.py:3229} INFO - Sync 1 DAGs
[2024-09-10T01:58:36.878+0800] {logging_mixin.py:190} INFO - [2024-09-10T01:58:36.878+0800] {dag.py:4156} INFO - Setting next_dagrun for tutorial_taskflow_api to None, run_after=None
[2024-09-10T01:58:36.885+0800] {processor.py:208} INFO - Processing /Users/erniesg/.pyenv/versions/3.12.5/envs/letters_home/lib/python3.12/site-packages/airflow/example_dags/tutorial_taskflow_api.py took 0.062 seconds
[2024-09-10T02:01:01.044+0800] {processor.py:186} INFO - Started process (PID=67878) to work on /Users/erniesg/.pyenv/versions/3.12.5/envs/letters_home/lib/python3.12/site-packages/airflow/example_dags/tutorial_taskflow_api.py
[2024-09-10T02:01:01.044+0800] {processor.py:914} INFO - Processing file /Users/erniesg/.pyenv/versions/3.12.5/envs/letters_home/lib/python3.12/site-packages/airflow/example_dags/tutorial_taskflow_api.py for tasks to queue
[2024-09-10T02:01:01.045+0800] {logging_mixin.py:190} INFO - [2024-09-10T02:01:01.045+0800] {dagbag.py:587} INFO - Filling up the DagBag from /Users/erniesg/.pyenv/versions/3.12.5/envs/letters_home/lib/python3.12/site-packages/airflow/example_dags/tutorial_taskflow_api.py
[2024-09-10T02:01:01.059+0800] {processor.py:925} INFO - DAG(s) 'tutorial_taskflow_api' retrieved from /Users/erniesg/.pyenv/versions/3.12.5/envs/letters_home/lib/python3.12/site-packages/airflow/example_dags/tutorial_taskflow_api.py
[2024-09-10T02:01:01.093+0800] {logging_mixin.py:190} INFO - [2024-09-10T02:01:01.093+0800] {dag.py:3229} INFO - Sync 1 DAGs
[2024-09-10T02:01:01.096+0800] {logging_mixin.py:190} INFO - [2024-09-10T02:01:01.096+0800] {dag.py:4156} INFO - Setting next_dagrun for tutorial_taskflow_api to None, run_after=None
[2024-09-10T02:01:01.103+0800] {processor.py:208} INFO - Processing /Users/erniesg/.pyenv/versions/3.12.5/envs/letters_home/lib/python3.12/site-packages/airflow/example_dags/tutorial_taskflow_api.py took 0.060 seconds
[2024-09-10T02:02:21.651+0800] {processor.py:186} INFO - Started process (PID=67959) to work on /Users/erniesg/.pyenv/versions/3.12.5/envs/letters_home/lib/python3.12/site-packages/airflow/example_dags/tutorial_taskflow_api.py
[2024-09-10T02:02:21.652+0800] {processor.py:914} INFO - Processing file /Users/erniesg/.pyenv/versions/3.12.5/envs/letters_home/lib/python3.12/site-packages/airflow/example_dags/tutorial_taskflow_api.py for tasks to queue
[2024-09-10T02:02:21.652+0800] {logging_mixin.py:190} INFO - [2024-09-10T02:02:21.652+0800] {dagbag.py:587} INFO - Filling up the DagBag from /Users/erniesg/.pyenv/versions/3.12.5/envs/letters_home/lib/python3.12/site-packages/airflow/example_dags/tutorial_taskflow_api.py
[2024-09-10T02:02:21.667+0800] {processor.py:925} INFO - DAG(s) 'tutorial_taskflow_api' retrieved from /Users/erniesg/.pyenv/versions/3.12.5/envs/letters_home/lib/python3.12/site-packages/airflow/example_dags/tutorial_taskflow_api.py
[2024-09-10T02:02:21.702+0800] {logging_mixin.py:190} INFO - [2024-09-10T02:02:21.701+0800] {dag.py:3229} INFO - Sync 1 DAGs
[2024-09-10T02:02:21.705+0800] {logging_mixin.py:190} INFO - [2024-09-10T02:02:21.705+0800] {dag.py:4156} INFO - Setting next_dagrun for tutorial_taskflow_api to None, run_after=None
[2024-09-10T02:02:21.712+0800] {processor.py:208} INFO - Processing /Users/erniesg/.pyenv/versions/3.12.5/envs/letters_home/lib/python3.12/site-packages/airflow/example_dags/tutorial_taskflow_api.py took 0.062 seconds
[2024-09-10T02:03:42.129+0800] {processor.py:186} INFO - Started process (PID=68058) to work on /Users/erniesg/.pyenv/versions/3.12.5/envs/letters_home/lib/python3.12/site-packages/airflow/example_dags/tutorial_taskflow_api.py
[2024-09-10T02:03:42.130+0800] {processor.py:914} INFO - Processing file /Users/erniesg/.pyenv/versions/3.12.5/envs/letters_home/lib/python3.12/site-packages/airflow/example_dags/tutorial_taskflow_api.py for tasks to queue
[2024-09-10T02:03:42.130+0800] {logging_mixin.py:190} INFO - [2024-09-10T02:03:42.130+0800] {dagbag.py:587} INFO - Filling up the DagBag from /Users/erniesg/.pyenv/versions/3.12.5/envs/letters_home/lib/python3.12/site-packages/airflow/example_dags/tutorial_taskflow_api.py
[2024-09-10T02:03:42.145+0800] {processor.py:925} INFO - DAG(s) 'tutorial_taskflow_api' retrieved from /Users/erniesg/.pyenv/versions/3.12.5/envs/letters_home/lib/python3.12/site-packages/airflow/example_dags/tutorial_taskflow_api.py
[2024-09-10T02:03:42.181+0800] {logging_mixin.py:190} INFO - [2024-09-10T02:03:42.180+0800] {dag.py:3229} INFO - Sync 1 DAGs
[2024-09-10T02:03:42.185+0800] {logging_mixin.py:190} INFO - [2024-09-10T02:03:42.185+0800] {dag.py:4156} INFO - Setting next_dagrun for tutorial_taskflow_api to None, run_after=None
[2024-09-10T02:03:42.192+0800] {processor.py:208} INFO - Processing /Users/erniesg/.pyenv/versions/3.12.5/envs/letters_home/lib/python3.12/site-packages/airflow/example_dags/tutorial_taskflow_api.py took 0.064 seconds
[2024-09-10T02:05:18.481+0800] {processor.py:186} INFO - Started process (PID=68172) to work on /Users/erniesg/.pyenv/versions/3.12.5/envs/letters_home/lib/python3.12/site-packages/airflow/example_dags/tutorial_taskflow_api.py
[2024-09-10T02:05:18.481+0800] {processor.py:914} INFO - Processing file /Users/erniesg/.pyenv/versions/3.12.5/envs/letters_home/lib/python3.12/site-packages/airflow/example_dags/tutorial_taskflow_api.py for tasks to queue
[2024-09-10T02:05:18.482+0800] {logging_mixin.py:190} INFO - [2024-09-10T02:05:18.482+0800] {dagbag.py:587} INFO - Filling up the DagBag from /Users/erniesg/.pyenv/versions/3.12.5/envs/letters_home/lib/python3.12/site-packages/airflow/example_dags/tutorial_taskflow_api.py
[2024-09-10T02:05:18.498+0800] {processor.py:925} INFO - DAG(s) 'tutorial_taskflow_api' retrieved from /Users/erniesg/.pyenv/versions/3.12.5/envs/letters_home/lib/python3.12/site-packages/airflow/example_dags/tutorial_taskflow_api.py
[2024-09-10T02:05:18.536+0800] {logging_mixin.py:190} INFO - [2024-09-10T02:05:18.536+0800] {dag.py:3229} INFO - Sync 1 DAGs
[2024-09-10T02:05:18.540+0800] {logging_mixin.py:190} INFO - [2024-09-10T02:05:18.540+0800] {dag.py:4156} INFO - Setting next_dagrun for tutorial_taskflow_api to None, run_after=None
[2024-09-10T02:05:18.547+0800] {processor.py:208} INFO - Processing /Users/erniesg/.pyenv/versions/3.12.5/envs/letters_home/lib/python3.12/site-packages/airflow/example_dags/tutorial_taskflow_api.py took 0.067 seconds
[2024-09-10T02:06:42.226+0800] {processor.py:186} INFO - Started process (PID=68257) to work on /Users/erniesg/.pyenv/versions/3.12.5/envs/letters_home/lib/python3.12/site-packages/airflow/example_dags/tutorial_taskflow_api.py
[2024-09-10T02:06:42.227+0800] {processor.py:914} INFO - Processing file /Users/erniesg/.pyenv/versions/3.12.5/envs/letters_home/lib/python3.12/site-packages/airflow/example_dags/tutorial_taskflow_api.py for tasks to queue
[2024-09-10T02:06:42.227+0800] {logging_mixin.py:190} INFO - [2024-09-10T02:06:42.227+0800] {dagbag.py:587} INFO - Filling up the DagBag from /Users/erniesg/.pyenv/versions/3.12.5/envs/letters_home/lib/python3.12/site-packages/airflow/example_dags/tutorial_taskflow_api.py
[2024-09-10T02:06:42.244+0800] {processor.py:925} INFO - DAG(s) 'tutorial_taskflow_api' retrieved from /Users/erniesg/.pyenv/versions/3.12.5/envs/letters_home/lib/python3.12/site-packages/airflow/example_dags/tutorial_taskflow_api.py
[2024-09-10T02:06:42.281+0800] {logging_mixin.py:190} INFO - [2024-09-10T02:06:42.281+0800] {dag.py:3229} INFO - Sync 1 DAGs
[2024-09-10T02:06:42.286+0800] {logging_mixin.py:190} INFO - [2024-09-10T02:06:42.286+0800] {dag.py:4156} INFO - Setting next_dagrun for tutorial_taskflow_api to None, run_after=None
[2024-09-10T02:06:42.293+0800] {processor.py:208} INFO - Processing /Users/erniesg/.pyenv/versions/3.12.5/envs/letters_home/lib/python3.12/site-packages/airflow/example_dags/tutorial_taskflow_api.py took 0.068 seconds
[2024-09-10T02:08:06.401+0800] {processor.py:186} INFO - Started process (PID=68452) to work on /Users/erniesg/.pyenv/versions/3.12.5/envs/letters_home/lib/python3.12/site-packages/airflow/example_dags/tutorial_taskflow_api.py
[2024-09-10T02:08:06.401+0800] {processor.py:914} INFO - Processing file /Users/erniesg/.pyenv/versions/3.12.5/envs/letters_home/lib/python3.12/site-packages/airflow/example_dags/tutorial_taskflow_api.py for tasks to queue
[2024-09-10T02:08:06.402+0800] {logging_mixin.py:190} INFO - [2024-09-10T02:08:06.402+0800] {dagbag.py:587} INFO - Filling up the DagBag from /Users/erniesg/.pyenv/versions/3.12.5/envs/letters_home/lib/python3.12/site-packages/airflow/example_dags/tutorial_taskflow_api.py
[2024-09-10T02:08:06.417+0800] {processor.py:925} INFO - DAG(s) 'tutorial_taskflow_api' retrieved from /Users/erniesg/.pyenv/versions/3.12.5/envs/letters_home/lib/python3.12/site-packages/airflow/example_dags/tutorial_taskflow_api.py
[2024-09-10T02:08:06.454+0800] {logging_mixin.py:190} INFO - [2024-09-10T02:08:06.454+0800] {dag.py:3229} INFO - Sync 1 DAGs
[2024-09-10T02:08:06.458+0800] {logging_mixin.py:190} INFO - [2024-09-10T02:08:06.458+0800] {dag.py:4156} INFO - Setting next_dagrun for tutorial_taskflow_api to None, run_after=None
[2024-09-10T02:08:06.465+0800] {processor.py:208} INFO - Processing /Users/erniesg/.pyenv/versions/3.12.5/envs/letters_home/lib/python3.12/site-packages/airflow/example_dags/tutorial_taskflow_api.py took 0.065 seconds
[2024-09-10T02:09:28.693+0800] {processor.py:186} INFO - Started process (PID=68580) to work on /Users/erniesg/.pyenv/versions/3.12.5/envs/letters_home/lib/python3.12/site-packages/airflow/example_dags/tutorial_taskflow_api.py
[2024-09-10T02:09:28.694+0800] {processor.py:914} INFO - Processing file /Users/erniesg/.pyenv/versions/3.12.5/envs/letters_home/lib/python3.12/site-packages/airflow/example_dags/tutorial_taskflow_api.py for tasks to queue
[2024-09-10T02:09:28.694+0800] {logging_mixin.py:190} INFO - [2024-09-10T02:09:28.694+0800] {dagbag.py:587} INFO - Filling up the DagBag from /Users/erniesg/.pyenv/versions/3.12.5/envs/letters_home/lib/python3.12/site-packages/airflow/example_dags/tutorial_taskflow_api.py
[2024-09-10T02:09:28.709+0800] {processor.py:925} INFO - DAG(s) 'tutorial_taskflow_api' retrieved from /Users/erniesg/.pyenv/versions/3.12.5/envs/letters_home/lib/python3.12/site-packages/airflow/example_dags/tutorial_taskflow_api.py
[2024-09-10T02:09:28.745+0800] {logging_mixin.py:190} INFO - [2024-09-10T02:09:28.745+0800] {dag.py:3229} INFO - Sync 1 DAGs
[2024-09-10T02:09:28.749+0800] {logging_mixin.py:190} INFO - [2024-09-10T02:09:28.749+0800] {dag.py:4156} INFO - Setting next_dagrun for tutorial_taskflow_api to None, run_after=None
[2024-09-10T02:09:28.756+0800] {processor.py:208} INFO - Processing /Users/erniesg/.pyenv/versions/3.12.5/envs/letters_home/lib/python3.12/site-packages/airflow/example_dags/tutorial_taskflow_api.py took 0.064 seconds
[2024-09-10T02:11:16.552+0800] {processor.py:186} INFO - Started process (PID=68928) to work on /Users/erniesg/.pyenv/versions/3.12.5/envs/letters_home/lib/python3.12/site-packages/airflow/example_dags/tutorial_taskflow_api.py
[2024-09-10T02:11:16.553+0800] {processor.py:914} INFO - Processing file /Users/erniesg/.pyenv/versions/3.12.5/envs/letters_home/lib/python3.12/site-packages/airflow/example_dags/tutorial_taskflow_api.py for tasks to queue
[2024-09-10T02:11:16.553+0800] {logging_mixin.py:190} INFO - [2024-09-10T02:11:16.553+0800] {dagbag.py:587} INFO - Filling up the DagBag from /Users/erniesg/.pyenv/versions/3.12.5/envs/letters_home/lib/python3.12/site-packages/airflow/example_dags/tutorial_taskflow_api.py
[2024-09-10T02:11:16.568+0800] {processor.py:925} INFO - DAG(s) 'tutorial_taskflow_api' retrieved from /Users/erniesg/.pyenv/versions/3.12.5/envs/letters_home/lib/python3.12/site-packages/airflow/example_dags/tutorial_taskflow_api.py
[2024-09-10T02:11:16.604+0800] {logging_mixin.py:190} INFO - [2024-09-10T02:11:16.604+0800] {dag.py:3229} INFO - Sync 1 DAGs
[2024-09-10T02:11:16.608+0800] {logging_mixin.py:190} INFO - [2024-09-10T02:11:16.608+0800] {dag.py:4156} INFO - Setting next_dagrun for tutorial_taskflow_api to None, run_after=None
[2024-09-10T02:11:16.615+0800] {processor.py:208} INFO - Processing /Users/erniesg/.pyenv/versions/3.12.5/envs/letters_home/lib/python3.12/site-packages/airflow/example_dags/tutorial_taskflow_api.py took 0.063 seconds
[2024-09-10T02:12:08.107+0800] {processor.py:186} INFO - Started process (PID=69243) to work on /Users/erniesg/.pyenv/versions/3.12.5/envs/letters_home/lib/python3.12/site-packages/airflow/example_dags/tutorial_taskflow_api.py
[2024-09-10T02:12:08.108+0800] {processor.py:914} INFO - Processing file /Users/erniesg/.pyenv/versions/3.12.5/envs/letters_home/lib/python3.12/site-packages/airflow/example_dags/tutorial_taskflow_api.py for tasks to queue
[2024-09-10T02:12:08.108+0800] {logging_mixin.py:190} INFO - [2024-09-10T02:12:08.108+0800] {dagbag.py:587} INFO - Filling up the DagBag from /Users/erniesg/.pyenv/versions/3.12.5/envs/letters_home/lib/python3.12/site-packages/airflow/example_dags/tutorial_taskflow_api.py
[2024-09-10T02:12:08.125+0800] {processor.py:925} INFO - DAG(s) 'tutorial_taskflow_api' retrieved from /Users/erniesg/.pyenv/versions/3.12.5/envs/letters_home/lib/python3.12/site-packages/airflow/example_dags/tutorial_taskflow_api.py
[2024-09-10T02:12:08.161+0800] {logging_mixin.py:190} INFO - [2024-09-10T02:12:08.160+0800] {dag.py:3229} INFO - Sync 1 DAGs
[2024-09-10T02:12:08.164+0800] {logging_mixin.py:190} INFO - [2024-09-10T02:12:08.164+0800] {dag.py:4156} INFO - Setting next_dagrun for tutorial_taskflow_api to None, run_after=None
[2024-09-10T02:12:08.171+0800] {processor.py:208} INFO - Processing /Users/erniesg/.pyenv/versions/3.12.5/envs/letters_home/lib/python3.12/site-packages/airflow/example_dags/tutorial_taskflow_api.py took 0.065 seconds
[2024-09-10T02:14:01.290+0800] {processor.py:186} INFO - Started process (PID=69337) to work on /Users/erniesg/.pyenv/versions/3.12.5/envs/letters_home/lib/python3.12/site-packages/airflow/example_dags/tutorial_taskflow_api.py
[2024-09-10T02:14:01.290+0800] {processor.py:914} INFO - Processing file /Users/erniesg/.pyenv/versions/3.12.5/envs/letters_home/lib/python3.12/site-packages/airflow/example_dags/tutorial_taskflow_api.py for tasks to queue
[2024-09-10T02:14:01.291+0800] {logging_mixin.py:190} INFO - [2024-09-10T02:14:01.291+0800] {dagbag.py:587} INFO - Filling up the DagBag from /Users/erniesg/.pyenv/versions/3.12.5/envs/letters_home/lib/python3.12/site-packages/airflow/example_dags/tutorial_taskflow_api.py
[2024-09-10T02:14:01.307+0800] {processor.py:925} INFO - DAG(s) 'tutorial_taskflow_api' retrieved from /Users/erniesg/.pyenv/versions/3.12.5/envs/letters_home/lib/python3.12/site-packages/airflow/example_dags/tutorial_taskflow_api.py
[2024-09-10T02:14:01.346+0800] {logging_mixin.py:190} INFO - [2024-09-10T02:14:01.345+0800] {dag.py:3229} INFO - Sync 1 DAGs
[2024-09-10T02:14:01.350+0800] {logging_mixin.py:190} INFO - [2024-09-10T02:14:01.350+0800] {dag.py:4156} INFO - Setting next_dagrun for tutorial_taskflow_api to None, run_after=None
[2024-09-10T02:14:01.358+0800] {processor.py:208} INFO - Processing /Users/erniesg/.pyenv/versions/3.12.5/envs/letters_home/lib/python3.12/site-packages/airflow/example_dags/tutorial_taskflow_api.py took 0.070 seconds
[2024-09-10T02:15:29.400+0800] {processor.py:186} INFO - Started process (PID=69685) to work on /Users/erniesg/.pyenv/versions/3.12.5/envs/letters_home/lib/python3.12/site-packages/airflow/example_dags/tutorial_taskflow_api.py
[2024-09-10T02:15:29.400+0800] {processor.py:914} INFO - Processing file /Users/erniesg/.pyenv/versions/3.12.5/envs/letters_home/lib/python3.12/site-packages/airflow/example_dags/tutorial_taskflow_api.py for tasks to queue
[2024-09-10T02:15:29.400+0800] {logging_mixin.py:190} INFO - [2024-09-10T02:15:29.400+0800] {dagbag.py:587} INFO - Filling up the DagBag from /Users/erniesg/.pyenv/versions/3.12.5/envs/letters_home/lib/python3.12/site-packages/airflow/example_dags/tutorial_taskflow_api.py
[2024-09-10T02:15:29.416+0800] {processor.py:925} INFO - DAG(s) 'tutorial_taskflow_api' retrieved from /Users/erniesg/.pyenv/versions/3.12.5/envs/letters_home/lib/python3.12/site-packages/airflow/example_dags/tutorial_taskflow_api.py
[2024-09-10T02:15:29.450+0800] {logging_mixin.py:190} INFO - [2024-09-10T02:15:29.450+0800] {dag.py:3229} INFO - Sync 1 DAGs
[2024-09-10T02:15:29.454+0800] {logging_mixin.py:190} INFO - [2024-09-10T02:15:29.454+0800] {dag.py:4156} INFO - Setting next_dagrun for tutorial_taskflow_api to None, run_after=None
[2024-09-10T02:15:29.462+0800] {processor.py:208} INFO - Processing /Users/erniesg/.pyenv/versions/3.12.5/envs/letters_home/lib/python3.12/site-packages/airflow/example_dags/tutorial_taskflow_api.py took 0.063 seconds
[2024-09-10T02:17:26.224+0800] {processor.py:186} INFO - Started process (PID=69818) to work on /Users/erniesg/.pyenv/versions/3.12.5/envs/letters_home/lib/python3.12/site-packages/airflow/example_dags/tutorial_taskflow_api.py
[2024-09-10T02:17:26.224+0800] {processor.py:914} INFO - Processing file /Users/erniesg/.pyenv/versions/3.12.5/envs/letters_home/lib/python3.12/site-packages/airflow/example_dags/tutorial_taskflow_api.py for tasks to queue
[2024-09-10T02:17:26.224+0800] {logging_mixin.py:190} INFO - [2024-09-10T02:17:26.224+0800] {dagbag.py:587} INFO - Filling up the DagBag from /Users/erniesg/.pyenv/versions/3.12.5/envs/letters_home/lib/python3.12/site-packages/airflow/example_dags/tutorial_taskflow_api.py
[2024-09-10T02:17:26.242+0800] {processor.py:925} INFO - DAG(s) 'tutorial_taskflow_api' retrieved from /Users/erniesg/.pyenv/versions/3.12.5/envs/letters_home/lib/python3.12/site-packages/airflow/example_dags/tutorial_taskflow_api.py
[2024-09-10T02:17:26.280+0800] {logging_mixin.py:190} INFO - [2024-09-10T02:17:26.280+0800] {dag.py:3229} INFO - Sync 1 DAGs
[2024-09-10T02:17:26.284+0800] {logging_mixin.py:190} INFO - [2024-09-10T02:17:26.284+0800] {dag.py:4156} INFO - Setting next_dagrun for tutorial_taskflow_api to None, run_after=None
[2024-09-10T02:17:26.292+0800] {processor.py:208} INFO - Processing /Users/erniesg/.pyenv/versions/3.12.5/envs/letters_home/lib/python3.12/site-packages/airflow/example_dags/tutorial_taskflow_api.py took 0.070 seconds
[2024-09-10T02:18:48.621+0800] {processor.py:186} INFO - Started process (PID=70239) to work on /Users/erniesg/.pyenv/versions/3.12.5/envs/letters_home/lib/python3.12/site-packages/airflow/example_dags/tutorial_taskflow_api.py
[2024-09-10T02:18:48.622+0800] {processor.py:914} INFO - Processing file /Users/erniesg/.pyenv/versions/3.12.5/envs/letters_home/lib/python3.12/site-packages/airflow/example_dags/tutorial_taskflow_api.py for tasks to queue
[2024-09-10T02:18:48.622+0800] {logging_mixin.py:190} INFO - [2024-09-10T02:18:48.622+0800] {dagbag.py:587} INFO - Filling up the DagBag from /Users/erniesg/.pyenv/versions/3.12.5/envs/letters_home/lib/python3.12/site-packages/airflow/example_dags/tutorial_taskflow_api.py
[2024-09-10T02:18:48.638+0800] {processor.py:925} INFO - DAG(s) 'tutorial_taskflow_api' retrieved from /Users/erniesg/.pyenv/versions/3.12.5/envs/letters_home/lib/python3.12/site-packages/airflow/example_dags/tutorial_taskflow_api.py
[2024-09-10T02:18:48.672+0800] {logging_mixin.py:190} INFO - [2024-09-10T02:18:48.672+0800] {dag.py:3229} INFO - Sync 1 DAGs
[2024-09-10T02:18:48.676+0800] {logging_mixin.py:190} INFO - [2024-09-10T02:18:48.676+0800] {dag.py:4156} INFO - Setting next_dagrun for tutorial_taskflow_api to None, run_after=None
[2024-09-10T02:18:48.682+0800] {processor.py:208} INFO - Processing /Users/erniesg/.pyenv/versions/3.12.5/envs/letters_home/lib/python3.12/site-packages/airflow/example_dags/tutorial_taskflow_api.py took 0.062 seconds
[2024-09-10T02:20:12.998+0800] {processor.py:186} INFO - Started process (PID=70354) to work on /Users/erniesg/.pyenv/versions/3.12.5/envs/letters_home/lib/python3.12/site-packages/airflow/example_dags/tutorial_taskflow_api.py
[2024-09-10T02:20:12.999+0800] {processor.py:914} INFO - Processing file /Users/erniesg/.pyenv/versions/3.12.5/envs/letters_home/lib/python3.12/site-packages/airflow/example_dags/tutorial_taskflow_api.py for tasks to queue
[2024-09-10T02:20:12.999+0800] {logging_mixin.py:190} INFO - [2024-09-10T02:20:12.999+0800] {dagbag.py:587} INFO - Filling up the DagBag from /Users/erniesg/.pyenv/versions/3.12.5/envs/letters_home/lib/python3.12/site-packages/airflow/example_dags/tutorial_taskflow_api.py
[2024-09-10T02:20:13.015+0800] {processor.py:925} INFO - DAG(s) 'tutorial_taskflow_api' retrieved from /Users/erniesg/.pyenv/versions/3.12.5/envs/letters_home/lib/python3.12/site-packages/airflow/example_dags/tutorial_taskflow_api.py
[2024-09-10T02:20:13.052+0800] {logging_mixin.py:190} INFO - [2024-09-10T02:20:13.051+0800] {dag.py:3229} INFO - Sync 1 DAGs
[2024-09-10T02:20:13.055+0800] {logging_mixin.py:190} INFO - [2024-09-10T02:20:13.055+0800] {dag.py:4156} INFO - Setting next_dagrun for tutorial_taskflow_api to None, run_after=None
[2024-09-10T02:20:13.062+0800] {processor.py:208} INFO - Processing /Users/erniesg/.pyenv/versions/3.12.5/envs/letters_home/lib/python3.12/site-packages/airflow/example_dags/tutorial_taskflow_api.py took 0.065 seconds
[2024-09-10T02:23:12.477+0800] {processor.py:186} INFO - Started process (PID=71800) to work on /Users/erniesg/.pyenv/versions/3.12.5/envs/letters_home/lib/python3.12/site-packages/airflow/example_dags/tutorial_taskflow_api.py
[2024-09-10T02:23:12.477+0800] {processor.py:914} INFO - Processing file /Users/erniesg/.pyenv/versions/3.12.5/envs/letters_home/lib/python3.12/site-packages/airflow/example_dags/tutorial_taskflow_api.py for tasks to queue
[2024-09-10T02:23:12.478+0800] {logging_mixin.py:190} INFO - [2024-09-10T02:23:12.478+0800] {dagbag.py:587} INFO - Filling up the DagBag from /Users/erniesg/.pyenv/versions/3.12.5/envs/letters_home/lib/python3.12/site-packages/airflow/example_dags/tutorial_taskflow_api.py
[2024-09-10T02:23:12.492+0800] {processor.py:925} INFO - DAG(s) 'tutorial_taskflow_api' retrieved from /Users/erniesg/.pyenv/versions/3.12.5/envs/letters_home/lib/python3.12/site-packages/airflow/example_dags/tutorial_taskflow_api.py
[2024-09-10T02:23:12.526+0800] {logging_mixin.py:190} INFO - [2024-09-10T02:23:12.526+0800] {dag.py:3229} INFO - Sync 1 DAGs
[2024-09-10T02:23:12.530+0800] {logging_mixin.py:190} INFO - [2024-09-10T02:23:12.530+0800] {dag.py:4156} INFO - Setting next_dagrun for tutorial_taskflow_api to None, run_after=None
[2024-09-10T02:23:12.537+0800] {processor.py:208} INFO - Processing /Users/erniesg/.pyenv/versions/3.12.5/envs/letters_home/lib/python3.12/site-packages/airflow/example_dags/tutorial_taskflow_api.py took 0.061 seconds
