[2024-09-10T01:37:07.170+0800] {processor.py:186} INFO - Started process (PID=57520) to work on /Users/erniesg/.pyenv/versions/3.12.5/envs/letters_home/lib/python3.12/site-packages/airflow/example_dags/tutorial_objectstorage.py
[2024-09-10T01:37:07.170+0800] {processor.py:914} INFO - Processing file /Users/erniesg/.pyenv/versions/3.12.5/envs/letters_home/lib/python3.12/site-packages/airflow/example_dags/tutorial_objectstorage.py for tasks to queue
[2024-09-10T01:37:07.171+0800] {logging_mixin.py:190} INFO - [2024-09-10T01:37:07.171+0800] {dagbag.py:587} INFO - Filling up the DagBag from /Users/erniesg/.pyenv/versions/3.12.5/envs/letters_home/lib/python3.12/site-packages/airflow/example_dags/tutorial_objectstorage.py
[2024-09-10T01:37:07.185+0800] {processor.py:925} INFO - DAG(s) 'tutorial_objectstorage' retrieved from /Users/erniesg/.pyenv/versions/3.12.5/envs/letters_home/lib/python3.12/site-packages/airflow/example_dags/tutorial_objectstorage.py
[2024-09-10T01:37:07.252+0800] {logging_mixin.py:190} INFO - [2024-09-10T01:37:07.251+0800] {override.py:1900} INFO - Created Permission View: can delete on DAG:tutorial_objectstorage
[2024-09-10T01:37:07.255+0800] {logging_mixin.py:190} INFO - [2024-09-10T01:37:07.255+0800] {override.py:1900} INFO - Created Permission View: can read on DAG:tutorial_objectstorage
[2024-09-10T01:37:07.257+0800] {logging_mixin.py:190} INFO - [2024-09-10T01:37:07.257+0800] {override.py:1900} INFO - Created Permission View: can edit on DAG:tutorial_objectstorage
[2024-09-10T01:37:07.259+0800] {logging_mixin.py:190} INFO - [2024-09-10T01:37:07.259+0800] {override.py:1900} INFO - Created Permission View: can create on DAG Run:tutorial_objectstorage
[2024-09-10T01:37:07.261+0800] {logging_mixin.py:190} INFO - [2024-09-10T01:37:07.261+0800] {override.py:1900} INFO - Created Permission View: can delete on DAG Run:tutorial_objectstorage
[2024-09-10T01:37:07.263+0800] {logging_mixin.py:190} INFO - [2024-09-10T01:37:07.263+0800] {override.py:1900} INFO - Created Permission View: can read on DAG Run:tutorial_objectstorage
[2024-09-10T01:37:07.265+0800] {logging_mixin.py:190} INFO - [2024-09-10T01:37:07.265+0800] {override.py:1900} INFO - Created Permission View: menu access on DAG Run:tutorial_objectstorage
[2024-09-10T01:37:07.265+0800] {logging_mixin.py:190} INFO - [2024-09-10T01:37:07.265+0800] {dag.py:3229} INFO - Sync 1 DAGs
[2024-09-10T01:37:07.270+0800] {logging_mixin.py:190} INFO - [2024-09-10T01:37:07.270+0800] {dag.py:3252} INFO - Creating ORM DAG for tutorial_objectstorage
[2024-09-10T01:37:07.270+0800] {logging_mixin.py:190} INFO - [2024-09-10T01:37:07.270+0800] {dag.py:4156} INFO - Setting next_dagrun for tutorial_objectstorage to None, run_after=None
[2024-09-10T01:37:07.276+0800] {processor.py:208} INFO - Processing /Users/erniesg/.pyenv/versions/3.12.5/envs/letters_home/lib/python3.12/site-packages/airflow/example_dags/tutorial_objectstorage.py took 0.107 seconds
[2024-09-10T01:38:56.895+0800] {processor.py:186} INFO - Started process (PID=58055) to work on /Users/erniesg/.pyenv/versions/3.12.5/envs/letters_home/lib/python3.12/site-packages/airflow/example_dags/tutorial_objectstorage.py
[2024-09-10T01:38:56.896+0800] {processor.py:914} INFO - Processing file /Users/erniesg/.pyenv/versions/3.12.5/envs/letters_home/lib/python3.12/site-packages/airflow/example_dags/tutorial_objectstorage.py for tasks to queue
[2024-09-10T01:38:56.896+0800] {logging_mixin.py:190} INFO - [2024-09-10T01:38:56.896+0800] {dagbag.py:587} INFO - Filling up the DagBag from /Users/erniesg/.pyenv/versions/3.12.5/envs/letters_home/lib/python3.12/site-packages/airflow/example_dags/tutorial_objectstorage.py
[2024-09-10T01:38:56.911+0800] {processor.py:925} INFO - DAG(s) 'tutorial_objectstorage' retrieved from /Users/erniesg/.pyenv/versions/3.12.5/envs/letters_home/lib/python3.12/site-packages/airflow/example_dags/tutorial_objectstorage.py
[2024-09-10T01:38:56.946+0800] {logging_mixin.py:190} INFO - [2024-09-10T01:38:56.946+0800] {dag.py:3229} INFO - Sync 1 DAGs
[2024-09-10T01:38:56.950+0800] {logging_mixin.py:190} INFO - [2024-09-10T01:38:56.950+0800] {dag.py:4156} INFO - Setting next_dagrun for tutorial_objectstorage to None, run_after=None
[2024-09-10T01:38:56.957+0800] {processor.py:208} INFO - Processing /Users/erniesg/.pyenv/versions/3.12.5/envs/letters_home/lib/python3.12/site-packages/airflow/example_dags/tutorial_objectstorage.py took 0.063 seconds
[2024-09-10T01:40:17.997+0800] {processor.py:186} INFO - Started process (PID=58141) to work on /Users/erniesg/.pyenv/versions/3.12.5/envs/letters_home/lib/python3.12/site-packages/airflow/example_dags/tutorial_objectstorage.py
[2024-09-10T01:40:17.997+0800] {processor.py:914} INFO - Processing file /Users/erniesg/.pyenv/versions/3.12.5/envs/letters_home/lib/python3.12/site-packages/airflow/example_dags/tutorial_objectstorage.py for tasks to queue
[2024-09-10T01:40:17.997+0800] {logging_mixin.py:190} INFO - [2024-09-10T01:40:17.997+0800] {dagbag.py:587} INFO - Filling up the DagBag from /Users/erniesg/.pyenv/versions/3.12.5/envs/letters_home/lib/python3.12/site-packages/airflow/example_dags/tutorial_objectstorage.py
[2024-09-10T01:40:18.014+0800] {processor.py:925} INFO - DAG(s) 'tutorial_objectstorage' retrieved from /Users/erniesg/.pyenv/versions/3.12.5/envs/letters_home/lib/python3.12/site-packages/airflow/example_dags/tutorial_objectstorage.py
[2024-09-10T01:40:18.051+0800] {logging_mixin.py:190} INFO - [2024-09-10T01:40:18.051+0800] {dag.py:3229} INFO - Sync 1 DAGs
[2024-09-10T01:40:18.055+0800] {logging_mixin.py:190} INFO - [2024-09-10T01:40:18.055+0800] {dag.py:4156} INFO - Setting next_dagrun for tutorial_objectstorage to None, run_after=None
[2024-09-10T01:40:18.062+0800] {processor.py:208} INFO - Processing /Users/erniesg/.pyenv/versions/3.12.5/envs/letters_home/lib/python3.12/site-packages/airflow/example_dags/tutorial_objectstorage.py took 0.066 seconds
[2024-09-10T01:41:36.196+0800] {processor.py:186} INFO - Started process (PID=58191) to work on /Users/erniesg/.pyenv/versions/3.12.5/envs/letters_home/lib/python3.12/site-packages/airflow/example_dags/tutorial_objectstorage.py
[2024-09-10T01:41:36.197+0800] {processor.py:914} INFO - Processing file /Users/erniesg/.pyenv/versions/3.12.5/envs/letters_home/lib/python3.12/site-packages/airflow/example_dags/tutorial_objectstorage.py for tasks to queue
[2024-09-10T01:41:36.197+0800] {logging_mixin.py:190} INFO - [2024-09-10T01:41:36.197+0800] {dagbag.py:587} INFO - Filling up the DagBag from /Users/erniesg/.pyenv/versions/3.12.5/envs/letters_home/lib/python3.12/site-packages/airflow/example_dags/tutorial_objectstorage.py
[2024-09-10T01:41:36.212+0800] {processor.py:925} INFO - DAG(s) 'tutorial_objectstorage' retrieved from /Users/erniesg/.pyenv/versions/3.12.5/envs/letters_home/lib/python3.12/site-packages/airflow/example_dags/tutorial_objectstorage.py
[2024-09-10T01:41:36.247+0800] {logging_mixin.py:190} INFO - [2024-09-10T01:41:36.247+0800] {dag.py:3229} INFO - Sync 1 DAGs
[2024-09-10T01:41:36.251+0800] {logging_mixin.py:190} INFO - [2024-09-10T01:41:36.251+0800] {dag.py:4156} INFO - Setting next_dagrun for tutorial_objectstorage to None, run_after=None
[2024-09-10T01:41:36.257+0800] {processor.py:208} INFO - Processing /Users/erniesg/.pyenv/versions/3.12.5/envs/letters_home/lib/python3.12/site-packages/airflow/example_dags/tutorial_objectstorage.py took 0.062 seconds
[2024-09-10T01:42:59.080+0800] {processor.py:186} INFO - Started process (PID=58280) to work on /Users/erniesg/.pyenv/versions/3.12.5/envs/letters_home/lib/python3.12/site-packages/airflow/example_dags/tutorial_objectstorage.py
[2024-09-10T01:42:59.080+0800] {processor.py:914} INFO - Processing file /Users/erniesg/.pyenv/versions/3.12.5/envs/letters_home/lib/python3.12/site-packages/airflow/example_dags/tutorial_objectstorage.py for tasks to queue
[2024-09-10T01:42:59.081+0800] {logging_mixin.py:190} INFO - [2024-09-10T01:42:59.080+0800] {dagbag.py:587} INFO - Filling up the DagBag from /Users/erniesg/.pyenv/versions/3.12.5/envs/letters_home/lib/python3.12/site-packages/airflow/example_dags/tutorial_objectstorage.py
[2024-09-10T01:42:59.096+0800] {processor.py:925} INFO - DAG(s) 'tutorial_objectstorage' retrieved from /Users/erniesg/.pyenv/versions/3.12.5/envs/letters_home/lib/python3.12/site-packages/airflow/example_dags/tutorial_objectstorage.py
[2024-09-10T01:42:59.133+0800] {logging_mixin.py:190} INFO - [2024-09-10T01:42:59.133+0800] {dag.py:3229} INFO - Sync 1 DAGs
[2024-09-10T01:42:59.137+0800] {logging_mixin.py:190} INFO - [2024-09-10T01:42:59.136+0800] {dag.py:4156} INFO - Setting next_dagrun for tutorial_objectstorage to None, run_after=None
[2024-09-10T01:42:59.144+0800] {processor.py:208} INFO - Processing /Users/erniesg/.pyenv/versions/3.12.5/envs/letters_home/lib/python3.12/site-packages/airflow/example_dags/tutorial_objectstorage.py took 0.066 seconds
[2024-09-10T01:44:20.868+0800] {processor.py:186} INFO - Started process (PID=58750) to work on /Users/erniesg/.pyenv/versions/3.12.5/envs/letters_home/lib/python3.12/site-packages/airflow/example_dags/tutorial_objectstorage.py
[2024-09-10T01:44:20.868+0800] {processor.py:914} INFO - Processing file /Users/erniesg/.pyenv/versions/3.12.5/envs/letters_home/lib/python3.12/site-packages/airflow/example_dags/tutorial_objectstorage.py for tasks to queue
[2024-09-10T01:44:20.868+0800] {logging_mixin.py:190} INFO - [2024-09-10T01:44:20.868+0800] {dagbag.py:587} INFO - Filling up the DagBag from /Users/erniesg/.pyenv/versions/3.12.5/envs/letters_home/lib/python3.12/site-packages/airflow/example_dags/tutorial_objectstorage.py
[2024-09-10T01:44:20.885+0800] {processor.py:925} INFO - DAG(s) 'tutorial_objectstorage' retrieved from /Users/erniesg/.pyenv/versions/3.12.5/envs/letters_home/lib/python3.12/site-packages/airflow/example_dags/tutorial_objectstorage.py
[2024-09-10T01:44:20.954+0800] {logging_mixin.py:190} INFO - [2024-09-10T01:44:20.954+0800] {dag.py:3229} INFO - Sync 1 DAGs
[2024-09-10T01:44:20.958+0800] {logging_mixin.py:190} INFO - [2024-09-10T01:44:20.958+0800] {dag.py:4156} INFO - Setting next_dagrun for tutorial_objectstorage to None, run_after=None
[2024-09-10T01:44:20.965+0800] {processor.py:208} INFO - Processing /Users/erniesg/.pyenv/versions/3.12.5/envs/letters_home/lib/python3.12/site-packages/airflow/example_dags/tutorial_objectstorage.py took 0.099 seconds
[2024-09-10T01:58:38.824+0800] {processor.py:186} INFO - Started process (PID=67446) to work on /Users/erniesg/.pyenv/versions/3.12.5/envs/letters_home/lib/python3.12/site-packages/airflow/example_dags/tutorial_objectstorage.py
[2024-09-10T01:58:38.824+0800] {processor.py:914} INFO - Processing file /Users/erniesg/.pyenv/versions/3.12.5/envs/letters_home/lib/python3.12/site-packages/airflow/example_dags/tutorial_objectstorage.py for tasks to queue
[2024-09-10T01:58:38.824+0800] {logging_mixin.py:190} INFO - [2024-09-10T01:58:38.824+0800] {dagbag.py:587} INFO - Filling up the DagBag from /Users/erniesg/.pyenv/versions/3.12.5/envs/letters_home/lib/python3.12/site-packages/airflow/example_dags/tutorial_objectstorage.py
[2024-09-10T01:58:38.838+0800] {processor.py:925} INFO - DAG(s) 'tutorial_objectstorage' retrieved from /Users/erniesg/.pyenv/versions/3.12.5/envs/letters_home/lib/python3.12/site-packages/airflow/example_dags/tutorial_objectstorage.py
[2024-09-10T01:58:38.905+0800] {logging_mixin.py:190} INFO - [2024-09-10T01:58:38.905+0800] {dag.py:3229} INFO - Sync 1 DAGs
[2024-09-10T01:58:38.909+0800] {logging_mixin.py:190} INFO - [2024-09-10T01:58:38.909+0800] {dag.py:4156} INFO - Setting next_dagrun for tutorial_objectstorage to None, run_after=None
[2024-09-10T01:58:38.915+0800] {processor.py:208} INFO - Processing /Users/erniesg/.pyenv/versions/3.12.5/envs/letters_home/lib/python3.12/site-packages/airflow/example_dags/tutorial_objectstorage.py took 0.093 seconds
[2024-09-10T02:01:03.115+0800] {processor.py:186} INFO - Started process (PID=67879) to work on /Users/erniesg/.pyenv/versions/3.12.5/envs/letters_home/lib/python3.12/site-packages/airflow/example_dags/tutorial_objectstorage.py
[2024-09-10T02:01:03.116+0800] {processor.py:914} INFO - Processing file /Users/erniesg/.pyenv/versions/3.12.5/envs/letters_home/lib/python3.12/site-packages/airflow/example_dags/tutorial_objectstorage.py for tasks to queue
[2024-09-10T02:01:03.116+0800] {logging_mixin.py:190} INFO - [2024-09-10T02:01:03.116+0800] {dagbag.py:587} INFO - Filling up the DagBag from /Users/erniesg/.pyenv/versions/3.12.5/envs/letters_home/lib/python3.12/site-packages/airflow/example_dags/tutorial_objectstorage.py
[2024-09-10T02:01:03.132+0800] {processor.py:925} INFO - DAG(s) 'tutorial_objectstorage' retrieved from /Users/erniesg/.pyenv/versions/3.12.5/envs/letters_home/lib/python3.12/site-packages/airflow/example_dags/tutorial_objectstorage.py
[2024-09-10T02:01:03.169+0800] {logging_mixin.py:190} INFO - [2024-09-10T02:01:03.168+0800] {dag.py:3229} INFO - Sync 1 DAGs
[2024-09-10T02:01:03.173+0800] {logging_mixin.py:190} INFO - [2024-09-10T02:01:03.173+0800] {dag.py:4156} INFO - Setting next_dagrun for tutorial_objectstorage to None, run_after=None
[2024-09-10T02:01:03.182+0800] {processor.py:208} INFO - Processing /Users/erniesg/.pyenv/versions/3.12.5/envs/letters_home/lib/python3.12/site-packages/airflow/example_dags/tutorial_objectstorage.py took 0.068 seconds
[2024-09-10T02:02:22.759+0800] {processor.py:186} INFO - Started process (PID=67960) to work on /Users/erniesg/.pyenv/versions/3.12.5/envs/letters_home/lib/python3.12/site-packages/airflow/example_dags/tutorial_objectstorage.py
[2024-09-10T02:02:22.759+0800] {processor.py:914} INFO - Processing file /Users/erniesg/.pyenv/versions/3.12.5/envs/letters_home/lib/python3.12/site-packages/airflow/example_dags/tutorial_objectstorage.py for tasks to queue
[2024-09-10T02:02:22.760+0800] {logging_mixin.py:190} INFO - [2024-09-10T02:02:22.760+0800] {dagbag.py:587} INFO - Filling up the DagBag from /Users/erniesg/.pyenv/versions/3.12.5/envs/letters_home/lib/python3.12/site-packages/airflow/example_dags/tutorial_objectstorage.py
[2024-09-10T02:02:22.776+0800] {processor.py:925} INFO - DAG(s) 'tutorial_objectstorage' retrieved from /Users/erniesg/.pyenv/versions/3.12.5/envs/letters_home/lib/python3.12/site-packages/airflow/example_dags/tutorial_objectstorage.py
[2024-09-10T02:02:22.813+0800] {logging_mixin.py:190} INFO - [2024-09-10T02:02:22.813+0800] {dag.py:3229} INFO - Sync 1 DAGs
[2024-09-10T02:02:22.817+0800] {logging_mixin.py:190} INFO - [2024-09-10T02:02:22.817+0800] {dag.py:4156} INFO - Setting next_dagrun for tutorial_objectstorage to None, run_after=None
[2024-09-10T02:02:22.824+0800] {processor.py:208} INFO - Processing /Users/erniesg/.pyenv/versions/3.12.5/envs/letters_home/lib/python3.12/site-packages/airflow/example_dags/tutorial_objectstorage.py took 0.066 seconds
[2024-09-10T02:03:44.338+0800] {processor.py:186} INFO - Started process (PID=68069) to work on /Users/erniesg/.pyenv/versions/3.12.5/envs/letters_home/lib/python3.12/site-packages/airflow/example_dags/tutorial_objectstorage.py
[2024-09-10T02:03:44.338+0800] {processor.py:914} INFO - Processing file /Users/erniesg/.pyenv/versions/3.12.5/envs/letters_home/lib/python3.12/site-packages/airflow/example_dags/tutorial_objectstorage.py for tasks to queue
[2024-09-10T02:03:44.339+0800] {logging_mixin.py:190} INFO - [2024-09-10T02:03:44.339+0800] {dagbag.py:587} INFO - Filling up the DagBag from /Users/erniesg/.pyenv/versions/3.12.5/envs/letters_home/lib/python3.12/site-packages/airflow/example_dags/tutorial_objectstorage.py
[2024-09-10T02:03:44.354+0800] {processor.py:925} INFO - DAG(s) 'tutorial_objectstorage' retrieved from /Users/erniesg/.pyenv/versions/3.12.5/envs/letters_home/lib/python3.12/site-packages/airflow/example_dags/tutorial_objectstorage.py
[2024-09-10T02:03:44.390+0800] {logging_mixin.py:190} INFO - [2024-09-10T02:03:44.390+0800] {dag.py:3229} INFO - Sync 1 DAGs
[2024-09-10T02:03:44.394+0800] {logging_mixin.py:190} INFO - [2024-09-10T02:03:44.394+0800] {dag.py:4156} INFO - Setting next_dagrun for tutorial_objectstorage to None, run_after=None
[2024-09-10T02:03:44.400+0800] {processor.py:208} INFO - Processing /Users/erniesg/.pyenv/versions/3.12.5/envs/letters_home/lib/python3.12/site-packages/airflow/example_dags/tutorial_objectstorage.py took 0.064 seconds
[2024-09-10T02:05:20.531+0800] {processor.py:186} INFO - Started process (PID=68175) to work on /Users/erniesg/.pyenv/versions/3.12.5/envs/letters_home/lib/python3.12/site-packages/airflow/example_dags/tutorial_objectstorage.py
[2024-09-10T02:05:20.532+0800] {processor.py:914} INFO - Processing file /Users/erniesg/.pyenv/versions/3.12.5/envs/letters_home/lib/python3.12/site-packages/airflow/example_dags/tutorial_objectstorage.py for tasks to queue
[2024-09-10T02:05:20.532+0800] {logging_mixin.py:190} INFO - [2024-09-10T02:05:20.532+0800] {dagbag.py:587} INFO - Filling up the DagBag from /Users/erniesg/.pyenv/versions/3.12.5/envs/letters_home/lib/python3.12/site-packages/airflow/example_dags/tutorial_objectstorage.py
[2024-09-10T02:05:20.548+0800] {processor.py:925} INFO - DAG(s) 'tutorial_objectstorage' retrieved from /Users/erniesg/.pyenv/versions/3.12.5/envs/letters_home/lib/python3.12/site-packages/airflow/example_dags/tutorial_objectstorage.py
[2024-09-10T02:05:20.583+0800] {logging_mixin.py:190} INFO - [2024-09-10T02:05:20.583+0800] {dag.py:3229} INFO - Sync 1 DAGs
[2024-09-10T02:05:20.587+0800] {logging_mixin.py:190} INFO - [2024-09-10T02:05:20.587+0800] {dag.py:4156} INFO - Setting next_dagrun for tutorial_objectstorage to None, run_after=None
[2024-09-10T02:05:20.594+0800] {processor.py:208} INFO - Processing /Users/erniesg/.pyenv/versions/3.12.5/envs/letters_home/lib/python3.12/site-packages/airflow/example_dags/tutorial_objectstorage.py took 0.063 seconds
[2024-09-10T02:06:44.221+0800] {processor.py:186} INFO - Started process (PID=68258) to work on /Users/erniesg/.pyenv/versions/3.12.5/envs/letters_home/lib/python3.12/site-packages/airflow/example_dags/tutorial_objectstorage.py
[2024-09-10T02:06:44.222+0800] {processor.py:914} INFO - Processing file /Users/erniesg/.pyenv/versions/3.12.5/envs/letters_home/lib/python3.12/site-packages/airflow/example_dags/tutorial_objectstorage.py for tasks to queue
[2024-09-10T02:06:44.222+0800] {logging_mixin.py:190} INFO - [2024-09-10T02:06:44.222+0800] {dagbag.py:587} INFO - Filling up the DagBag from /Users/erniesg/.pyenv/versions/3.12.5/envs/letters_home/lib/python3.12/site-packages/airflow/example_dags/tutorial_objectstorage.py
[2024-09-10T02:06:44.237+0800] {processor.py:925} INFO - DAG(s) 'tutorial_objectstorage' retrieved from /Users/erniesg/.pyenv/versions/3.12.5/envs/letters_home/lib/python3.12/site-packages/airflow/example_dags/tutorial_objectstorage.py
[2024-09-10T02:06:44.273+0800] {logging_mixin.py:190} INFO - [2024-09-10T02:06:44.273+0800] {dag.py:3229} INFO - Sync 1 DAGs
[2024-09-10T02:06:44.277+0800] {logging_mixin.py:190} INFO - [2024-09-10T02:06:44.277+0800] {dag.py:4156} INFO - Setting next_dagrun for tutorial_objectstorage to None, run_after=None
[2024-09-10T02:06:44.284+0800] {processor.py:208} INFO - Processing /Users/erniesg/.pyenv/versions/3.12.5/envs/letters_home/lib/python3.12/site-packages/airflow/example_dags/tutorial_objectstorage.py took 0.064 seconds
[2024-09-10T02:08:08.173+0800] {processor.py:186} INFO - Started process (PID=68457) to work on /Users/erniesg/.pyenv/versions/3.12.5/envs/letters_home/lib/python3.12/site-packages/airflow/example_dags/tutorial_objectstorage.py
[2024-09-10T02:08:08.173+0800] {processor.py:914} INFO - Processing file /Users/erniesg/.pyenv/versions/3.12.5/envs/letters_home/lib/python3.12/site-packages/airflow/example_dags/tutorial_objectstorage.py for tasks to queue
[2024-09-10T02:08:08.174+0800] {logging_mixin.py:190} INFO - [2024-09-10T02:08:08.174+0800] {dagbag.py:587} INFO - Filling up the DagBag from /Users/erniesg/.pyenv/versions/3.12.5/envs/letters_home/lib/python3.12/site-packages/airflow/example_dags/tutorial_objectstorage.py
[2024-09-10T02:08:08.190+0800] {processor.py:925} INFO - DAG(s) 'tutorial_objectstorage' retrieved from /Users/erniesg/.pyenv/versions/3.12.5/envs/letters_home/lib/python3.12/site-packages/airflow/example_dags/tutorial_objectstorage.py
[2024-09-10T02:08:08.227+0800] {logging_mixin.py:190} INFO - [2024-09-10T02:08:08.227+0800] {dag.py:3229} INFO - Sync 1 DAGs
[2024-09-10T02:08:08.231+0800] {logging_mixin.py:190} INFO - [2024-09-10T02:08:08.231+0800] {dag.py:4156} INFO - Setting next_dagrun for tutorial_objectstorage to None, run_after=None
[2024-09-10T02:08:08.238+0800] {processor.py:208} INFO - Processing /Users/erniesg/.pyenv/versions/3.12.5/envs/letters_home/lib/python3.12/site-packages/airflow/example_dags/tutorial_objectstorage.py took 0.068 seconds
[2024-09-10T02:09:30.284+0800] {processor.py:186} INFO - Started process (PID=68581) to work on /Users/erniesg/.pyenv/versions/3.12.5/envs/letters_home/lib/python3.12/site-packages/airflow/example_dags/tutorial_objectstorage.py
[2024-09-10T02:09:30.285+0800] {processor.py:914} INFO - Processing file /Users/erniesg/.pyenv/versions/3.12.5/envs/letters_home/lib/python3.12/site-packages/airflow/example_dags/tutorial_objectstorage.py for tasks to queue
[2024-09-10T02:09:30.285+0800] {logging_mixin.py:190} INFO - [2024-09-10T02:09:30.285+0800] {dagbag.py:587} INFO - Filling up the DagBag from /Users/erniesg/.pyenv/versions/3.12.5/envs/letters_home/lib/python3.12/site-packages/airflow/example_dags/tutorial_objectstorage.py
[2024-09-10T02:09:30.300+0800] {processor.py:925} INFO - DAG(s) 'tutorial_objectstorage' retrieved from /Users/erniesg/.pyenv/versions/3.12.5/envs/letters_home/lib/python3.12/site-packages/airflow/example_dags/tutorial_objectstorage.py
[2024-09-10T02:09:30.335+0800] {logging_mixin.py:190} INFO - [2024-09-10T02:09:30.335+0800] {dag.py:3229} INFO - Sync 1 DAGs
[2024-09-10T02:09:30.339+0800] {logging_mixin.py:190} INFO - [2024-09-10T02:09:30.339+0800] {dag.py:4156} INFO - Setting next_dagrun for tutorial_objectstorage to None, run_after=None
[2024-09-10T02:09:30.345+0800] {processor.py:208} INFO - Processing /Users/erniesg/.pyenv/versions/3.12.5/envs/letters_home/lib/python3.12/site-packages/airflow/example_dags/tutorial_objectstorage.py took 0.062 seconds
[2024-09-10T02:11:18.641+0800] {processor.py:186} INFO - Started process (PID=68930) to work on /Users/erniesg/.pyenv/versions/3.12.5/envs/letters_home/lib/python3.12/site-packages/airflow/example_dags/tutorial_objectstorage.py
[2024-09-10T02:11:18.642+0800] {processor.py:914} INFO - Processing file /Users/erniesg/.pyenv/versions/3.12.5/envs/letters_home/lib/python3.12/site-packages/airflow/example_dags/tutorial_objectstorage.py for tasks to queue
[2024-09-10T02:11:18.642+0800] {logging_mixin.py:190} INFO - [2024-09-10T02:11:18.642+0800] {dagbag.py:587} INFO - Filling up the DagBag from /Users/erniesg/.pyenv/versions/3.12.5/envs/letters_home/lib/python3.12/site-packages/airflow/example_dags/tutorial_objectstorage.py
[2024-09-10T02:11:18.658+0800] {processor.py:925} INFO - DAG(s) 'tutorial_objectstorage' retrieved from /Users/erniesg/.pyenv/versions/3.12.5/envs/letters_home/lib/python3.12/site-packages/airflow/example_dags/tutorial_objectstorage.py
[2024-09-10T02:11:18.694+0800] {logging_mixin.py:190} INFO - [2024-09-10T02:11:18.694+0800] {dag.py:3229} INFO - Sync 1 DAGs
[2024-09-10T02:11:18.698+0800] {logging_mixin.py:190} INFO - [2024-09-10T02:11:18.698+0800] {dag.py:4156} INFO - Setting next_dagrun for tutorial_objectstorage to None, run_after=None
[2024-09-10T02:11:18.705+0800] {processor.py:208} INFO - Processing /Users/erniesg/.pyenv/versions/3.12.5/envs/letters_home/lib/python3.12/site-packages/airflow/example_dags/tutorial_objectstorage.py took 0.065 seconds
[2024-09-10T02:12:10.179+0800] {processor.py:186} INFO - Started process (PID=69244) to work on /Users/erniesg/.pyenv/versions/3.12.5/envs/letters_home/lib/python3.12/site-packages/airflow/example_dags/tutorial_objectstorage.py
[2024-09-10T02:12:10.179+0800] {processor.py:914} INFO - Processing file /Users/erniesg/.pyenv/versions/3.12.5/envs/letters_home/lib/python3.12/site-packages/airflow/example_dags/tutorial_objectstorage.py for tasks to queue
[2024-09-10T02:12:10.180+0800] {logging_mixin.py:190} INFO - [2024-09-10T02:12:10.179+0800] {dagbag.py:587} INFO - Filling up the DagBag from /Users/erniesg/.pyenv/versions/3.12.5/envs/letters_home/lib/python3.12/site-packages/airflow/example_dags/tutorial_objectstorage.py
[2024-09-10T02:12:10.195+0800] {processor.py:925} INFO - DAG(s) 'tutorial_objectstorage' retrieved from /Users/erniesg/.pyenv/versions/3.12.5/envs/letters_home/lib/python3.12/site-packages/airflow/example_dags/tutorial_objectstorage.py
[2024-09-10T02:12:10.229+0800] {logging_mixin.py:190} INFO - [2024-09-10T02:12:10.228+0800] {dag.py:3229} INFO - Sync 1 DAGs
[2024-09-10T02:12:10.232+0800] {logging_mixin.py:190} INFO - [2024-09-10T02:12:10.232+0800] {dag.py:4156} INFO - Setting next_dagrun for tutorial_objectstorage to None, run_after=None
[2024-09-10T02:12:10.239+0800] {processor.py:208} INFO - Processing /Users/erniesg/.pyenv/versions/3.12.5/envs/letters_home/lib/python3.12/site-packages/airflow/example_dags/tutorial_objectstorage.py took 0.061 seconds
[2024-09-10T02:14:03.573+0800] {processor.py:186} INFO - Started process (PID=69338) to work on /Users/erniesg/.pyenv/versions/3.12.5/envs/letters_home/lib/python3.12/site-packages/airflow/example_dags/tutorial_objectstorage.py
[2024-09-10T02:14:03.573+0800] {processor.py:914} INFO - Processing file /Users/erniesg/.pyenv/versions/3.12.5/envs/letters_home/lib/python3.12/site-packages/airflow/example_dags/tutorial_objectstorage.py for tasks to queue
[2024-09-10T02:14:03.574+0800] {logging_mixin.py:190} INFO - [2024-09-10T02:14:03.574+0800] {dagbag.py:587} INFO - Filling up the DagBag from /Users/erniesg/.pyenv/versions/3.12.5/envs/letters_home/lib/python3.12/site-packages/airflow/example_dags/tutorial_objectstorage.py
[2024-09-10T02:14:03.591+0800] {processor.py:925} INFO - DAG(s) 'tutorial_objectstorage' retrieved from /Users/erniesg/.pyenv/versions/3.12.5/envs/letters_home/lib/python3.12/site-packages/airflow/example_dags/tutorial_objectstorage.py
[2024-09-10T02:14:03.628+0800] {logging_mixin.py:190} INFO - [2024-09-10T02:14:03.628+0800] {dag.py:3229} INFO - Sync 1 DAGs
[2024-09-10T02:14:03.632+0800] {logging_mixin.py:190} INFO - [2024-09-10T02:14:03.632+0800] {dag.py:4156} INFO - Setting next_dagrun for tutorial_objectstorage to None, run_after=None
[2024-09-10T02:14:03.640+0800] {processor.py:208} INFO - Processing /Users/erniesg/.pyenv/versions/3.12.5/envs/letters_home/lib/python3.12/site-packages/airflow/example_dags/tutorial_objectstorage.py took 0.069 seconds
[2024-09-10T02:15:31.531+0800] {processor.py:186} INFO - Started process (PID=69688) to work on /Users/erniesg/.pyenv/versions/3.12.5/envs/letters_home/lib/python3.12/site-packages/airflow/example_dags/tutorial_objectstorage.py
[2024-09-10T02:15:31.531+0800] {processor.py:914} INFO - Processing file /Users/erniesg/.pyenv/versions/3.12.5/envs/letters_home/lib/python3.12/site-packages/airflow/example_dags/tutorial_objectstorage.py for tasks to queue
[2024-09-10T02:15:31.531+0800] {logging_mixin.py:190} INFO - [2024-09-10T02:15:31.531+0800] {dagbag.py:587} INFO - Filling up the DagBag from /Users/erniesg/.pyenv/versions/3.12.5/envs/letters_home/lib/python3.12/site-packages/airflow/example_dags/tutorial_objectstorage.py
[2024-09-10T02:15:31.546+0800] {processor.py:925} INFO - DAG(s) 'tutorial_objectstorage' retrieved from /Users/erniesg/.pyenv/versions/3.12.5/envs/letters_home/lib/python3.12/site-packages/airflow/example_dags/tutorial_objectstorage.py
[2024-09-10T02:15:31.581+0800] {logging_mixin.py:190} INFO - [2024-09-10T02:15:31.581+0800] {dag.py:3229} INFO - Sync 1 DAGs
[2024-09-10T02:15:31.585+0800] {logging_mixin.py:190} INFO - [2024-09-10T02:15:31.585+0800] {dag.py:4156} INFO - Setting next_dagrun for tutorial_objectstorage to None, run_after=None
[2024-09-10T02:15:31.591+0800] {processor.py:208} INFO - Processing /Users/erniesg/.pyenv/versions/3.12.5/envs/letters_home/lib/python3.12/site-packages/airflow/example_dags/tutorial_objectstorage.py took 0.062 seconds
[2024-09-10T02:17:28.308+0800] {processor.py:186} INFO - Started process (PID=69819) to work on /Users/erniesg/.pyenv/versions/3.12.5/envs/letters_home/lib/python3.12/site-packages/airflow/example_dags/tutorial_objectstorage.py
[2024-09-10T02:17:28.308+0800] {processor.py:914} INFO - Processing file /Users/erniesg/.pyenv/versions/3.12.5/envs/letters_home/lib/python3.12/site-packages/airflow/example_dags/tutorial_objectstorage.py for tasks to queue
[2024-09-10T02:17:28.308+0800] {logging_mixin.py:190} INFO - [2024-09-10T02:17:28.308+0800] {dagbag.py:587} INFO - Filling up the DagBag from /Users/erniesg/.pyenv/versions/3.12.5/envs/letters_home/lib/python3.12/site-packages/airflow/example_dags/tutorial_objectstorage.py
[2024-09-10T02:17:28.324+0800] {processor.py:925} INFO - DAG(s) 'tutorial_objectstorage' retrieved from /Users/erniesg/.pyenv/versions/3.12.5/envs/letters_home/lib/python3.12/site-packages/airflow/example_dags/tutorial_objectstorage.py
[2024-09-10T02:17:28.361+0800] {logging_mixin.py:190} INFO - [2024-09-10T02:17:28.361+0800] {dag.py:3229} INFO - Sync 1 DAGs
[2024-09-10T02:17:28.365+0800] {logging_mixin.py:190} INFO - [2024-09-10T02:17:28.365+0800] {dag.py:4156} INFO - Setting next_dagrun for tutorial_objectstorage to None, run_after=None
[2024-09-10T02:17:28.372+0800] {processor.py:208} INFO - Processing /Users/erniesg/.pyenv/versions/3.12.5/envs/letters_home/lib/python3.12/site-packages/airflow/example_dags/tutorial_objectstorage.py took 0.065 seconds
[2024-09-10T02:18:50.689+0800] {processor.py:186} INFO - Started process (PID=70240) to work on /Users/erniesg/.pyenv/versions/3.12.5/envs/letters_home/lib/python3.12/site-packages/airflow/example_dags/tutorial_objectstorage.py
[2024-09-10T02:18:50.689+0800] {processor.py:914} INFO - Processing file /Users/erniesg/.pyenv/versions/3.12.5/envs/letters_home/lib/python3.12/site-packages/airflow/example_dags/tutorial_objectstorage.py for tasks to queue
[2024-09-10T02:18:50.689+0800] {logging_mixin.py:190} INFO - [2024-09-10T02:18:50.689+0800] {dagbag.py:587} INFO - Filling up the DagBag from /Users/erniesg/.pyenv/versions/3.12.5/envs/letters_home/lib/python3.12/site-packages/airflow/example_dags/tutorial_objectstorage.py
[2024-09-10T02:18:50.705+0800] {processor.py:925} INFO - DAG(s) 'tutorial_objectstorage' retrieved from /Users/erniesg/.pyenv/versions/3.12.5/envs/letters_home/lib/python3.12/site-packages/airflow/example_dags/tutorial_objectstorage.py
[2024-09-10T02:18:50.743+0800] {logging_mixin.py:190} INFO - [2024-09-10T02:18:50.742+0800] {dag.py:3229} INFO - Sync 1 DAGs
[2024-09-10T02:18:50.746+0800] {logging_mixin.py:190} INFO - [2024-09-10T02:18:50.746+0800] {dag.py:4156} INFO - Setting next_dagrun for tutorial_objectstorage to None, run_after=None
[2024-09-10T02:18:50.753+0800] {processor.py:208} INFO - Processing /Users/erniesg/.pyenv/versions/3.12.5/envs/letters_home/lib/python3.12/site-packages/airflow/example_dags/tutorial_objectstorage.py took 0.066 seconds
[2024-09-10T02:20:15.114+0800] {processor.py:186} INFO - Started process (PID=70356) to work on /Users/erniesg/.pyenv/versions/3.12.5/envs/letters_home/lib/python3.12/site-packages/airflow/example_dags/tutorial_objectstorage.py
[2024-09-10T02:20:15.115+0800] {processor.py:914} INFO - Processing file /Users/erniesg/.pyenv/versions/3.12.5/envs/letters_home/lib/python3.12/site-packages/airflow/example_dags/tutorial_objectstorage.py for tasks to queue
[2024-09-10T02:20:15.115+0800] {logging_mixin.py:190} INFO - [2024-09-10T02:20:15.115+0800] {dagbag.py:587} INFO - Filling up the DagBag from /Users/erniesg/.pyenv/versions/3.12.5/envs/letters_home/lib/python3.12/site-packages/airflow/example_dags/tutorial_objectstorage.py
[2024-09-10T02:20:15.131+0800] {processor.py:925} INFO - DAG(s) 'tutorial_objectstorage' retrieved from /Users/erniesg/.pyenv/versions/3.12.5/envs/letters_home/lib/python3.12/site-packages/airflow/example_dags/tutorial_objectstorage.py
[2024-09-10T02:20:15.165+0800] {logging_mixin.py:190} INFO - [2024-09-10T02:20:15.165+0800] {dag.py:3229} INFO - Sync 1 DAGs
[2024-09-10T02:20:15.169+0800] {logging_mixin.py:190} INFO - [2024-09-10T02:20:15.169+0800] {dag.py:4156} INFO - Setting next_dagrun for tutorial_objectstorage to None, run_after=None
[2024-09-10T02:20:15.175+0800] {processor.py:208} INFO - Processing /Users/erniesg/.pyenv/versions/3.12.5/envs/letters_home/lib/python3.12/site-packages/airflow/example_dags/tutorial_objectstorage.py took 0.062 seconds
[2024-09-10T02:23:14.586+0800] {processor.py:186} INFO - Started process (PID=71805) to work on /Users/erniesg/.pyenv/versions/3.12.5/envs/letters_home/lib/python3.12/site-packages/airflow/example_dags/tutorial_objectstorage.py
[2024-09-10T02:23:14.586+0800] {processor.py:914} INFO - Processing file /Users/erniesg/.pyenv/versions/3.12.5/envs/letters_home/lib/python3.12/site-packages/airflow/example_dags/tutorial_objectstorage.py for tasks to queue
[2024-09-10T02:23:14.587+0800] {logging_mixin.py:190} INFO - [2024-09-10T02:23:14.587+0800] {dagbag.py:587} INFO - Filling up the DagBag from /Users/erniesg/.pyenv/versions/3.12.5/envs/letters_home/lib/python3.12/site-packages/airflow/example_dags/tutorial_objectstorage.py
[2024-09-10T02:23:14.603+0800] {processor.py:925} INFO - DAG(s) 'tutorial_objectstorage' retrieved from /Users/erniesg/.pyenv/versions/3.12.5/envs/letters_home/lib/python3.12/site-packages/airflow/example_dags/tutorial_objectstorage.py
[2024-09-10T02:23:14.639+0800] {logging_mixin.py:190} INFO - [2024-09-10T02:23:14.639+0800] {dag.py:3229} INFO - Sync 1 DAGs
[2024-09-10T02:23:14.643+0800] {logging_mixin.py:190} INFO - [2024-09-10T02:23:14.643+0800] {dag.py:4156} INFO - Setting next_dagrun for tutorial_objectstorage to None, run_after=None
[2024-09-10T02:23:14.650+0800] {processor.py:208} INFO - Processing /Users/erniesg/.pyenv/versions/3.12.5/envs/letters_home/lib/python3.12/site-packages/airflow/example_dags/tutorial_objectstorage.py took 0.065 seconds
