[2024-09-10T01:37:10.494+0800] {processor.py:186} INFO - Started process (PID=57524) to work on /Users/erniesg/.pyenv/versions/3.12.5/envs/letters_home/lib/python3.12/site-packages/airflow/example_dags/tutorial.py
[2024-09-10T01:37:10.494+0800] {processor.py:914} INFO - Processing file /Users/erniesg/.pyenv/versions/3.12.5/envs/letters_home/lib/python3.12/site-packages/airflow/example_dags/tutorial.py for tasks to queue
[2024-09-10T01:37:10.494+0800] {logging_mixin.py:190} INFO - [2024-09-10T01:37:10.494+0800] {dagbag.py:587} INFO - Filling up the DagBag from /Users/erniesg/.pyenv/versions/3.12.5/envs/letters_home/lib/python3.12/site-packages/airflow/example_dags/tutorial.py
[2024-09-10T01:37:10.497+0800] {processor.py:925} INFO - DAG(s) 'tutorial' retrieved from /Users/erniesg/.pyenv/versions/3.12.5/envs/letters_home/lib/python3.12/site-packages/airflow/example_dags/tutorial.py
[2024-09-10T01:37:10.566+0800] {logging_mixin.py:190} INFO - [2024-09-10T01:37:10.566+0800] {override.py:1900} INFO - Created Permission View: can delete on DAG:tutorial
[2024-09-10T01:37:10.569+0800] {logging_mixin.py:190} INFO - [2024-09-10T01:37:10.569+0800] {override.py:1900} INFO - Created Permission View: can read on DAG:tutorial
[2024-09-10T01:37:10.571+0800] {logging_mixin.py:190} INFO - [2024-09-10T01:37:10.571+0800] {override.py:1900} INFO - Created Permission View: can edit on DAG:tutorial
[2024-09-10T01:37:10.574+0800] {logging_mixin.py:190} INFO - [2024-09-10T01:37:10.573+0800] {override.py:1900} INFO - Created Permission View: can delete on DAG Run:tutorial
[2024-09-10T01:37:10.576+0800] {logging_mixin.py:190} INFO - [2024-09-10T01:37:10.576+0800] {override.py:1900} INFO - Created Permission View: can read on DAG Run:tutorial
[2024-09-10T01:37:10.577+0800] {logging_mixin.py:190} INFO - [2024-09-10T01:37:10.577+0800] {override.py:1900} INFO - Created Permission View: menu access on DAG Run:tutorial
[2024-09-10T01:37:10.579+0800] {logging_mixin.py:190} INFO - [2024-09-10T01:37:10.579+0800] {override.py:1900} INFO - Created Permission View: can create on DAG Run:tutorial
[2024-09-10T01:37:10.579+0800] {logging_mixin.py:190} INFO - [2024-09-10T01:37:10.579+0800] {dag.py:3229} INFO - Sync 1 DAGs
[2024-09-10T01:37:10.583+0800] {logging_mixin.py:190} INFO - [2024-09-10T01:37:10.583+0800] {dag.py:3252} INFO - Creating ORM DAG for tutorial
[2024-09-10T01:37:10.586+0800] {logging_mixin.py:190} INFO - [2024-09-10T01:37:10.586+0800] {dag.py:4156} INFO - Setting next_dagrun for tutorial to 2024-09-08 00:00:00+00:00, run_after=2024-09-09 00:00:00+00:00
[2024-09-10T01:37:10.592+0800] {processor.py:208} INFO - Processing /Users/erniesg/.pyenv/versions/3.12.5/envs/letters_home/lib/python3.12/site-packages/airflow/example_dags/tutorial.py took 0.099 seconds
[2024-09-10T01:39:00.004+0800] {processor.py:186} INFO - Started process (PID=58057) to work on /Users/erniesg/.pyenv/versions/3.12.5/envs/letters_home/lib/python3.12/site-packages/airflow/example_dags/tutorial.py
[2024-09-10T01:39:00.005+0800] {processor.py:914} INFO - Processing file /Users/erniesg/.pyenv/versions/3.12.5/envs/letters_home/lib/python3.12/site-packages/airflow/example_dags/tutorial.py for tasks to queue
[2024-09-10T01:39:00.005+0800] {logging_mixin.py:190} INFO - [2024-09-10T01:39:00.005+0800] {dagbag.py:587} INFO - Filling up the DagBag from /Users/erniesg/.pyenv/versions/3.12.5/envs/letters_home/lib/python3.12/site-packages/airflow/example_dags/tutorial.py
[2024-09-10T01:39:00.008+0800] {processor.py:925} INFO - DAG(s) 'tutorial' retrieved from /Users/erniesg/.pyenv/versions/3.12.5/envs/letters_home/lib/python3.12/site-packages/airflow/example_dags/tutorial.py
[2024-09-10T01:39:00.045+0800] {logging_mixin.py:190} INFO - [2024-09-10T01:39:00.045+0800] {dag.py:3229} INFO - Sync 1 DAGs
[2024-09-10T01:39:00.052+0800] {logging_mixin.py:190} INFO - [2024-09-10T01:39:00.052+0800] {dag.py:4156} INFO - Setting next_dagrun for tutorial to 2024-09-08 00:00:00+00:00, run_after=2024-09-09 00:00:00+00:00
[2024-09-10T01:39:00.059+0800] {processor.py:208} INFO - Processing /Users/erniesg/.pyenv/versions/3.12.5/envs/letters_home/lib/python3.12/site-packages/airflow/example_dags/tutorial.py took 0.056 seconds
[2024-09-10T01:40:22.187+0800] {processor.py:186} INFO - Started process (PID=58144) to work on /Users/erniesg/.pyenv/versions/3.12.5/envs/letters_home/lib/python3.12/site-packages/airflow/example_dags/tutorial.py
[2024-09-10T01:40:22.188+0800] {processor.py:914} INFO - Processing file /Users/erniesg/.pyenv/versions/3.12.5/envs/letters_home/lib/python3.12/site-packages/airflow/example_dags/tutorial.py for tasks to queue
[2024-09-10T01:40:22.188+0800] {logging_mixin.py:190} INFO - [2024-09-10T01:40:22.188+0800] {dagbag.py:587} INFO - Filling up the DagBag from /Users/erniesg/.pyenv/versions/3.12.5/envs/letters_home/lib/python3.12/site-packages/airflow/example_dags/tutorial.py
[2024-09-10T01:40:22.191+0800] {processor.py:925} INFO - DAG(s) 'tutorial' retrieved from /Users/erniesg/.pyenv/versions/3.12.5/envs/letters_home/lib/python3.12/site-packages/airflow/example_dags/tutorial.py
[2024-09-10T01:40:22.227+0800] {logging_mixin.py:190} INFO - [2024-09-10T01:40:22.227+0800] {dag.py:3229} INFO - Sync 1 DAGs
[2024-09-10T01:40:22.234+0800] {logging_mixin.py:190} INFO - [2024-09-10T01:40:22.234+0800] {dag.py:4156} INFO - Setting next_dagrun for tutorial to 2024-09-08 00:00:00+00:00, run_after=2024-09-09 00:00:00+00:00
[2024-09-10T01:40:22.240+0800] {processor.py:208} INFO - Processing /Users/erniesg/.pyenv/versions/3.12.5/envs/letters_home/lib/python3.12/site-packages/airflow/example_dags/tutorial.py took 0.054 seconds
[2024-09-10T01:41:40.391+0800] {processor.py:186} INFO - Started process (PID=58201) to work on /Users/erniesg/.pyenv/versions/3.12.5/envs/letters_home/lib/python3.12/site-packages/airflow/example_dags/tutorial.py
[2024-09-10T01:41:40.391+0800] {processor.py:914} INFO - Processing file /Users/erniesg/.pyenv/versions/3.12.5/envs/letters_home/lib/python3.12/site-packages/airflow/example_dags/tutorial.py for tasks to queue
[2024-09-10T01:41:40.392+0800] {logging_mixin.py:190} INFO - [2024-09-10T01:41:40.391+0800] {dagbag.py:587} INFO - Filling up the DagBag from /Users/erniesg/.pyenv/versions/3.12.5/envs/letters_home/lib/python3.12/site-packages/airflow/example_dags/tutorial.py
[2024-09-10T01:41:40.395+0800] {processor.py:925} INFO - DAG(s) 'tutorial' retrieved from /Users/erniesg/.pyenv/versions/3.12.5/envs/letters_home/lib/python3.12/site-packages/airflow/example_dags/tutorial.py
[2024-09-10T01:41:40.432+0800] {logging_mixin.py:190} INFO - [2024-09-10T01:41:40.431+0800] {dag.py:3229} INFO - Sync 1 DAGs
[2024-09-10T01:41:40.438+0800] {logging_mixin.py:190} INFO - [2024-09-10T01:41:40.438+0800] {dag.py:4156} INFO - Setting next_dagrun for tutorial to 2024-09-08 00:00:00+00:00, run_after=2024-09-09 00:00:00+00:00
[2024-09-10T01:41:40.445+0800] {processor.py:208} INFO - Processing /Users/erniesg/.pyenv/versions/3.12.5/envs/letters_home/lib/python3.12/site-packages/airflow/example_dags/tutorial.py took 0.055 seconds
[2024-09-10T01:43:03.141+0800] {processor.py:186} INFO - Started process (PID=58282) to work on /Users/erniesg/.pyenv/versions/3.12.5/envs/letters_home/lib/python3.12/site-packages/airflow/example_dags/tutorial.py
[2024-09-10T01:43:03.142+0800] {processor.py:914} INFO - Processing file /Users/erniesg/.pyenv/versions/3.12.5/envs/letters_home/lib/python3.12/site-packages/airflow/example_dags/tutorial.py for tasks to queue
[2024-09-10T01:43:03.142+0800] {logging_mixin.py:190} INFO - [2024-09-10T01:43:03.142+0800] {dagbag.py:587} INFO - Filling up the DagBag from /Users/erniesg/.pyenv/versions/3.12.5/envs/letters_home/lib/python3.12/site-packages/airflow/example_dags/tutorial.py
[2024-09-10T01:43:03.145+0800] {processor.py:925} INFO - DAG(s) 'tutorial' retrieved from /Users/erniesg/.pyenv/versions/3.12.5/envs/letters_home/lib/python3.12/site-packages/airflow/example_dags/tutorial.py
[2024-09-10T01:43:03.184+0800] {logging_mixin.py:190} INFO - [2024-09-10T01:43:03.184+0800] {dag.py:3229} INFO - Sync 1 DAGs
[2024-09-10T01:43:03.191+0800] {logging_mixin.py:190} INFO - [2024-09-10T01:43:03.191+0800] {dag.py:4156} INFO - Setting next_dagrun for tutorial to 2024-09-08 00:00:00+00:00, run_after=2024-09-09 00:00:00+00:00
[2024-09-10T01:43:03.199+0800] {processor.py:208} INFO - Processing /Users/erniesg/.pyenv/versions/3.12.5/envs/letters_home/lib/python3.12/site-packages/airflow/example_dags/tutorial.py took 0.058 seconds
[2024-09-10T01:44:25.057+0800] {processor.py:186} INFO - Started process (PID=58755) to work on /Users/erniesg/.pyenv/versions/3.12.5/envs/letters_home/lib/python3.12/site-packages/airflow/example_dags/tutorial.py
[2024-09-10T01:44:25.057+0800] {processor.py:914} INFO - Processing file /Users/erniesg/.pyenv/versions/3.12.5/envs/letters_home/lib/python3.12/site-packages/airflow/example_dags/tutorial.py for tasks to queue
[2024-09-10T01:44:25.058+0800] {logging_mixin.py:190} INFO - [2024-09-10T01:44:25.058+0800] {dagbag.py:587} INFO - Filling up the DagBag from /Users/erniesg/.pyenv/versions/3.12.5/envs/letters_home/lib/python3.12/site-packages/airflow/example_dags/tutorial.py
[2024-09-10T01:44:25.061+0800] {processor.py:925} INFO - DAG(s) 'tutorial' retrieved from /Users/erniesg/.pyenv/versions/3.12.5/envs/letters_home/lib/python3.12/site-packages/airflow/example_dags/tutorial.py
[2024-09-10T01:44:25.134+0800] {logging_mixin.py:190} INFO - [2024-09-10T01:44:25.134+0800] {dag.py:3229} INFO - Sync 1 DAGs
[2024-09-10T01:44:25.141+0800] {logging_mixin.py:190} INFO - [2024-09-10T01:44:25.141+0800] {dag.py:4156} INFO - Setting next_dagrun for tutorial to 2024-09-08 00:00:00+00:00, run_after=2024-09-09 00:00:00+00:00
[2024-09-10T01:44:25.150+0800] {processor.py:208} INFO - Processing /Users/erniesg/.pyenv/versions/3.12.5/envs/letters_home/lib/python3.12/site-packages/airflow/example_dags/tutorial.py took 0.094 seconds
[2024-09-10T01:58:42.002+0800] {processor.py:186} INFO - Started process (PID=67448) to work on /Users/erniesg/.pyenv/versions/3.12.5/envs/letters_home/lib/python3.12/site-packages/airflow/example_dags/tutorial.py
[2024-09-10T01:58:42.002+0800] {processor.py:914} INFO - Processing file /Users/erniesg/.pyenv/versions/3.12.5/envs/letters_home/lib/python3.12/site-packages/airflow/example_dags/tutorial.py for tasks to queue
[2024-09-10T01:58:42.003+0800] {logging_mixin.py:190} INFO - [2024-09-10T01:58:42.003+0800] {dagbag.py:587} INFO - Filling up the DagBag from /Users/erniesg/.pyenv/versions/3.12.5/envs/letters_home/lib/python3.12/site-packages/airflow/example_dags/tutorial.py
[2024-09-10T01:58:42.006+0800] {processor.py:925} INFO - DAG(s) 'tutorial' retrieved from /Users/erniesg/.pyenv/versions/3.12.5/envs/letters_home/lib/python3.12/site-packages/airflow/example_dags/tutorial.py
[2024-09-10T01:58:42.079+0800] {logging_mixin.py:190} INFO - [2024-09-10T01:58:42.079+0800] {dag.py:3229} INFO - Sync 1 DAGs
[2024-09-10T01:58:42.085+0800] {logging_mixin.py:190} INFO - [2024-09-10T01:58:42.085+0800] {dag.py:4156} INFO - Setting next_dagrun for tutorial to 2024-09-08 00:00:00+00:00, run_after=2024-09-09 00:00:00+00:00
[2024-09-10T01:58:42.093+0800] {processor.py:208} INFO - Processing /Users/erniesg/.pyenv/versions/3.12.5/envs/letters_home/lib/python3.12/site-packages/airflow/example_dags/tutorial.py took 0.092 seconds
[2024-09-10T02:01:06.264+0800] {processor.py:186} INFO - Started process (PID=67883) to work on /Users/erniesg/.pyenv/versions/3.12.5/envs/letters_home/lib/python3.12/site-packages/airflow/example_dags/tutorial.py
[2024-09-10T02:01:06.265+0800] {processor.py:914} INFO - Processing file /Users/erniesg/.pyenv/versions/3.12.5/envs/letters_home/lib/python3.12/site-packages/airflow/example_dags/tutorial.py for tasks to queue
[2024-09-10T02:01:06.265+0800] {logging_mixin.py:190} INFO - [2024-09-10T02:01:06.265+0800] {dagbag.py:587} INFO - Filling up the DagBag from /Users/erniesg/.pyenv/versions/3.12.5/envs/letters_home/lib/python3.12/site-packages/airflow/example_dags/tutorial.py
[2024-09-10T02:01:06.268+0800] {processor.py:925} INFO - DAG(s) 'tutorial' retrieved from /Users/erniesg/.pyenv/versions/3.12.5/envs/letters_home/lib/python3.12/site-packages/airflow/example_dags/tutorial.py
[2024-09-10T02:01:06.323+0800] {logging_mixin.py:190} INFO - [2024-09-10T02:01:06.322+0800] {dag.py:3229} INFO - Sync 1 DAGs
[2024-09-10T02:01:06.330+0800] {logging_mixin.py:190} INFO - [2024-09-10T02:01:06.330+0800] {dag.py:4156} INFO - Setting next_dagrun for tutorial to 2024-09-08 00:00:00+00:00, run_after=2024-09-09 00:00:00+00:00
[2024-09-10T02:01:06.337+0800] {processor.py:208} INFO - Processing /Users/erniesg/.pyenv/versions/3.12.5/envs/letters_home/lib/python3.12/site-packages/airflow/example_dags/tutorial.py took 0.074 seconds
[2024-09-10T02:02:26.901+0800] {processor.py:186} INFO - Started process (PID=67964) to work on /Users/erniesg/.pyenv/versions/3.12.5/envs/letters_home/lib/python3.12/site-packages/airflow/example_dags/tutorial.py
[2024-09-10T02:02:26.901+0800] {processor.py:914} INFO - Processing file /Users/erniesg/.pyenv/versions/3.12.5/envs/letters_home/lib/python3.12/site-packages/airflow/example_dags/tutorial.py for tasks to queue
[2024-09-10T02:02:26.902+0800] {logging_mixin.py:190} INFO - [2024-09-10T02:02:26.902+0800] {dagbag.py:587} INFO - Filling up the DagBag from /Users/erniesg/.pyenv/versions/3.12.5/envs/letters_home/lib/python3.12/site-packages/airflow/example_dags/tutorial.py
[2024-09-10T02:02:26.905+0800] {processor.py:925} INFO - DAG(s) 'tutorial' retrieved from /Users/erniesg/.pyenv/versions/3.12.5/envs/letters_home/lib/python3.12/site-packages/airflow/example_dags/tutorial.py
[2024-09-10T02:02:26.940+0800] {logging_mixin.py:190} INFO - [2024-09-10T02:02:26.940+0800] {dag.py:3229} INFO - Sync 1 DAGs
[2024-09-10T02:02:26.947+0800] {logging_mixin.py:190} INFO - [2024-09-10T02:02:26.947+0800] {dag.py:4156} INFO - Setting next_dagrun for tutorial to 2024-09-08 00:00:00+00:00, run_after=2024-09-09 00:00:00+00:00
[2024-09-10T02:02:26.953+0800] {processor.py:208} INFO - Processing /Users/erniesg/.pyenv/versions/3.12.5/envs/letters_home/lib/python3.12/site-packages/airflow/example_dags/tutorial.py took 0.053 seconds
[2024-09-10T02:03:48.214+0800] {processor.py:186} INFO - Started process (PID=68071) to work on /Users/erniesg/.pyenv/versions/3.12.5/envs/letters_home/lib/python3.12/site-packages/airflow/example_dags/tutorial.py
[2024-09-10T02:03:48.215+0800] {processor.py:914} INFO - Processing file /Users/erniesg/.pyenv/versions/3.12.5/envs/letters_home/lib/python3.12/site-packages/airflow/example_dags/tutorial.py for tasks to queue
[2024-09-10T02:03:48.215+0800] {logging_mixin.py:190} INFO - [2024-09-10T02:03:48.215+0800] {dagbag.py:587} INFO - Filling up the DagBag from /Users/erniesg/.pyenv/versions/3.12.5/envs/letters_home/lib/python3.12/site-packages/airflow/example_dags/tutorial.py
[2024-09-10T02:03:48.218+0800] {processor.py:925} INFO - DAG(s) 'tutorial' retrieved from /Users/erniesg/.pyenv/versions/3.12.5/envs/letters_home/lib/python3.12/site-packages/airflow/example_dags/tutorial.py
[2024-09-10T02:03:48.258+0800] {logging_mixin.py:190} INFO - [2024-09-10T02:03:48.258+0800] {dag.py:3229} INFO - Sync 1 DAGs
[2024-09-10T02:03:48.266+0800] {logging_mixin.py:190} INFO - [2024-09-10T02:03:48.266+0800] {dag.py:4156} INFO - Setting next_dagrun for tutorial to 2024-09-08 00:00:00+00:00, run_after=2024-09-09 00:00:00+00:00
[2024-09-10T02:03:48.273+0800] {processor.py:208} INFO - Processing /Users/erniesg/.pyenv/versions/3.12.5/envs/letters_home/lib/python3.12/site-packages/airflow/example_dags/tutorial.py took 0.060 seconds
[2024-09-10T02:05:24.707+0800] {processor.py:186} INFO - Started process (PID=68179) to work on /Users/erniesg/.pyenv/versions/3.12.5/envs/letters_home/lib/python3.12/site-packages/airflow/example_dags/tutorial.py
[2024-09-10T02:05:24.708+0800] {processor.py:914} INFO - Processing file /Users/erniesg/.pyenv/versions/3.12.5/envs/letters_home/lib/python3.12/site-packages/airflow/example_dags/tutorial.py for tasks to queue
[2024-09-10T02:05:24.708+0800] {logging_mixin.py:190} INFO - [2024-09-10T02:05:24.708+0800] {dagbag.py:587} INFO - Filling up the DagBag from /Users/erniesg/.pyenv/versions/3.12.5/envs/letters_home/lib/python3.12/site-packages/airflow/example_dags/tutorial.py
[2024-09-10T02:05:24.711+0800] {processor.py:925} INFO - DAG(s) 'tutorial' retrieved from /Users/erniesg/.pyenv/versions/3.12.5/envs/letters_home/lib/python3.12/site-packages/airflow/example_dags/tutorial.py
[2024-09-10T02:05:24.748+0800] {logging_mixin.py:190} INFO - [2024-09-10T02:05:24.748+0800] {dag.py:3229} INFO - Sync 1 DAGs
[2024-09-10T02:05:24.756+0800] {logging_mixin.py:190} INFO - [2024-09-10T02:05:24.756+0800] {dag.py:4156} INFO - Setting next_dagrun for tutorial to 2024-09-08 00:00:00+00:00, run_after=2024-09-09 00:00:00+00:00
[2024-09-10T02:05:24.763+0800] {processor.py:208} INFO - Processing /Users/erniesg/.pyenv/versions/3.12.5/envs/letters_home/lib/python3.12/site-packages/airflow/example_dags/tutorial.py took 0.057 seconds
[2024-09-10T02:06:48.307+0800] {processor.py:186} INFO - Started process (PID=68263) to work on /Users/erniesg/.pyenv/versions/3.12.5/envs/letters_home/lib/python3.12/site-packages/airflow/example_dags/tutorial.py
[2024-09-10T02:06:48.307+0800] {processor.py:914} INFO - Processing file /Users/erniesg/.pyenv/versions/3.12.5/envs/letters_home/lib/python3.12/site-packages/airflow/example_dags/tutorial.py for tasks to queue
[2024-09-10T02:06:48.308+0800] {logging_mixin.py:190} INFO - [2024-09-10T02:06:48.308+0800] {dagbag.py:587} INFO - Filling up the DagBag from /Users/erniesg/.pyenv/versions/3.12.5/envs/letters_home/lib/python3.12/site-packages/airflow/example_dags/tutorial.py
[2024-09-10T02:06:48.311+0800] {processor.py:925} INFO - DAG(s) 'tutorial' retrieved from /Users/erniesg/.pyenv/versions/3.12.5/envs/letters_home/lib/python3.12/site-packages/airflow/example_dags/tutorial.py
[2024-09-10T02:06:48.350+0800] {logging_mixin.py:190} INFO - [2024-09-10T02:06:48.350+0800] {dag.py:3229} INFO - Sync 1 DAGs
[2024-09-10T02:06:48.357+0800] {logging_mixin.py:190} INFO - [2024-09-10T02:06:48.357+0800] {dag.py:4156} INFO - Setting next_dagrun for tutorial to 2024-09-08 00:00:00+00:00, run_after=2024-09-09 00:00:00+00:00
[2024-09-10T02:06:48.364+0800] {processor.py:208} INFO - Processing /Users/erniesg/.pyenv/versions/3.12.5/envs/letters_home/lib/python3.12/site-packages/airflow/example_dags/tutorial.py took 0.058 seconds
[2024-09-10T02:08:12.042+0800] {processor.py:186} INFO - Started process (PID=68465) to work on /Users/erniesg/.pyenv/versions/3.12.5/envs/letters_home/lib/python3.12/site-packages/airflow/example_dags/tutorial.py
[2024-09-10T02:08:12.043+0800] {processor.py:914} INFO - Processing file /Users/erniesg/.pyenv/versions/3.12.5/envs/letters_home/lib/python3.12/site-packages/airflow/example_dags/tutorial.py for tasks to queue
[2024-09-10T02:08:12.043+0800] {logging_mixin.py:190} INFO - [2024-09-10T02:08:12.043+0800] {dagbag.py:587} INFO - Filling up the DagBag from /Users/erniesg/.pyenv/versions/3.12.5/envs/letters_home/lib/python3.12/site-packages/airflow/example_dags/tutorial.py
[2024-09-10T02:08:12.046+0800] {processor.py:925} INFO - DAG(s) 'tutorial' retrieved from /Users/erniesg/.pyenv/versions/3.12.5/envs/letters_home/lib/python3.12/site-packages/airflow/example_dags/tutorial.py
[2024-09-10T02:08:12.082+0800] {logging_mixin.py:190} INFO - [2024-09-10T02:08:12.082+0800] {dag.py:3229} INFO - Sync 1 DAGs
[2024-09-10T02:08:12.089+0800] {logging_mixin.py:190} INFO - [2024-09-10T02:08:12.089+0800] {dag.py:4156} INFO - Setting next_dagrun for tutorial to 2024-09-08 00:00:00+00:00, run_after=2024-09-09 00:00:00+00:00
[2024-09-10T02:08:12.096+0800] {processor.py:208} INFO - Processing /Users/erniesg/.pyenv/versions/3.12.5/envs/letters_home/lib/python3.12/site-packages/airflow/example_dags/tutorial.py took 0.055 seconds
[2024-09-10T02:09:34.498+0800] {processor.py:186} INFO - Started process (PID=68583) to work on /Users/erniesg/.pyenv/versions/3.12.5/envs/letters_home/lib/python3.12/site-packages/airflow/example_dags/tutorial.py
[2024-09-10T02:09:34.499+0800] {processor.py:914} INFO - Processing file /Users/erniesg/.pyenv/versions/3.12.5/envs/letters_home/lib/python3.12/site-packages/airflow/example_dags/tutorial.py for tasks to queue
[2024-09-10T02:09:34.499+0800] {logging_mixin.py:190} INFO - [2024-09-10T02:09:34.499+0800] {dagbag.py:587} INFO - Filling up the DagBag from /Users/erniesg/.pyenv/versions/3.12.5/envs/letters_home/lib/python3.12/site-packages/airflow/example_dags/tutorial.py
[2024-09-10T02:09:34.503+0800] {processor.py:925} INFO - DAG(s) 'tutorial' retrieved from /Users/erniesg/.pyenv/versions/3.12.5/envs/letters_home/lib/python3.12/site-packages/airflow/example_dags/tutorial.py
[2024-09-10T02:09:34.539+0800] {logging_mixin.py:190} INFO - [2024-09-10T02:09:34.539+0800] {dag.py:3229} INFO - Sync 1 DAGs
[2024-09-10T02:09:34.545+0800] {logging_mixin.py:190} INFO - [2024-09-10T02:09:34.545+0800] {dag.py:4156} INFO - Setting next_dagrun for tutorial to 2024-09-08 00:00:00+00:00, run_after=2024-09-09 00:00:00+00:00
[2024-09-10T02:09:34.552+0800] {processor.py:208} INFO - Processing /Users/erniesg/.pyenv/versions/3.12.5/envs/letters_home/lib/python3.12/site-packages/airflow/example_dags/tutorial.py took 0.055 seconds
[2024-09-10T02:11:21.887+0800] {processor.py:186} INFO - Started process (PID=68933) to work on /Users/erniesg/.pyenv/versions/3.12.5/envs/letters_home/lib/python3.12/site-packages/airflow/example_dags/tutorial.py
[2024-09-10T02:11:21.888+0800] {processor.py:914} INFO - Processing file /Users/erniesg/.pyenv/versions/3.12.5/envs/letters_home/lib/python3.12/site-packages/airflow/example_dags/tutorial.py for tasks to queue
[2024-09-10T02:11:21.888+0800] {logging_mixin.py:190} INFO - [2024-09-10T02:11:21.888+0800] {dagbag.py:587} INFO - Filling up the DagBag from /Users/erniesg/.pyenv/versions/3.12.5/envs/letters_home/lib/python3.12/site-packages/airflow/example_dags/tutorial.py
[2024-09-10T02:11:21.892+0800] {processor.py:925} INFO - DAG(s) 'tutorial' retrieved from /Users/erniesg/.pyenv/versions/3.12.5/envs/letters_home/lib/python3.12/site-packages/airflow/example_dags/tutorial.py
[2024-09-10T02:11:21.929+0800] {logging_mixin.py:190} INFO - [2024-09-10T02:11:21.929+0800] {dag.py:3229} INFO - Sync 1 DAGs
[2024-09-10T02:11:21.936+0800] {logging_mixin.py:190} INFO - [2024-09-10T02:11:21.936+0800] {dag.py:4156} INFO - Setting next_dagrun for tutorial to 2024-09-08 00:00:00+00:00, run_after=2024-09-09 00:00:00+00:00
[2024-09-10T02:11:21.943+0800] {processor.py:208} INFO - Processing /Users/erniesg/.pyenv/versions/3.12.5/envs/letters_home/lib/python3.12/site-packages/airflow/example_dags/tutorial.py took 0.057 seconds
[2024-09-10T02:12:13.361+0800] {processor.py:186} INFO - Started process (PID=69255) to work on /Users/erniesg/.pyenv/versions/3.12.5/envs/letters_home/lib/python3.12/site-packages/airflow/example_dags/tutorial.py
[2024-09-10T02:12:13.361+0800] {processor.py:914} INFO - Processing file /Users/erniesg/.pyenv/versions/3.12.5/envs/letters_home/lib/python3.12/site-packages/airflow/example_dags/tutorial.py for tasks to queue
[2024-09-10T02:12:13.362+0800] {logging_mixin.py:190} INFO - [2024-09-10T02:12:13.362+0800] {dagbag.py:587} INFO - Filling up the DagBag from /Users/erniesg/.pyenv/versions/3.12.5/envs/letters_home/lib/python3.12/site-packages/airflow/example_dags/tutorial.py
[2024-09-10T02:12:13.365+0800] {processor.py:925} INFO - DAG(s) 'tutorial' retrieved from /Users/erniesg/.pyenv/versions/3.12.5/envs/letters_home/lib/python3.12/site-packages/airflow/example_dags/tutorial.py
[2024-09-10T02:12:13.402+0800] {logging_mixin.py:190} INFO - [2024-09-10T02:12:13.402+0800] {dag.py:3229} INFO - Sync 1 DAGs
[2024-09-10T02:12:13.408+0800] {logging_mixin.py:190} INFO - [2024-09-10T02:12:13.408+0800] {dag.py:4156} INFO - Setting next_dagrun for tutorial to 2024-09-08 00:00:00+00:00, run_after=2024-09-09 00:00:00+00:00
[2024-09-10T02:12:13.415+0800] {processor.py:208} INFO - Processing /Users/erniesg/.pyenv/versions/3.12.5/envs/letters_home/lib/python3.12/site-packages/airflow/example_dags/tutorial.py took 0.056 seconds
[2024-09-10T02:14:07.891+0800] {processor.py:186} INFO - Started process (PID=69345) to work on /Users/erniesg/.pyenv/versions/3.12.5/envs/letters_home/lib/python3.12/site-packages/airflow/example_dags/tutorial.py
[2024-09-10T02:14:07.892+0800] {processor.py:914} INFO - Processing file /Users/erniesg/.pyenv/versions/3.12.5/envs/letters_home/lib/python3.12/site-packages/airflow/example_dags/tutorial.py for tasks to queue
[2024-09-10T02:14:07.892+0800] {logging_mixin.py:190} INFO - [2024-09-10T02:14:07.892+0800] {dagbag.py:587} INFO - Filling up the DagBag from /Users/erniesg/.pyenv/versions/3.12.5/envs/letters_home/lib/python3.12/site-packages/airflow/example_dags/tutorial.py
[2024-09-10T02:14:07.896+0800] {processor.py:925} INFO - DAG(s) 'tutorial' retrieved from /Users/erniesg/.pyenv/versions/3.12.5/envs/letters_home/lib/python3.12/site-packages/airflow/example_dags/tutorial.py
[2024-09-10T02:14:07.934+0800] {logging_mixin.py:190} INFO - [2024-09-10T02:14:07.934+0800] {dag.py:3229} INFO - Sync 1 DAGs
[2024-09-10T02:14:07.941+0800] {logging_mixin.py:190} INFO - [2024-09-10T02:14:07.941+0800] {dag.py:4156} INFO - Setting next_dagrun for tutorial to 2024-09-08 00:00:00+00:00, run_after=2024-09-09 00:00:00+00:00
[2024-09-10T02:14:07.948+0800] {processor.py:208} INFO - Processing /Users/erniesg/.pyenv/versions/3.12.5/envs/letters_home/lib/python3.12/site-packages/airflow/example_dags/tutorial.py took 0.058 seconds
[2024-09-10T02:15:35.472+0800] {processor.py:186} INFO - Started process (PID=69692) to work on /Users/erniesg/.pyenv/versions/3.12.5/envs/letters_home/lib/python3.12/site-packages/airflow/example_dags/tutorial.py
[2024-09-10T02:15:35.472+0800] {processor.py:914} INFO - Processing file /Users/erniesg/.pyenv/versions/3.12.5/envs/letters_home/lib/python3.12/site-packages/airflow/example_dags/tutorial.py for tasks to queue
[2024-09-10T02:15:35.473+0800] {logging_mixin.py:190} INFO - [2024-09-10T02:15:35.473+0800] {dagbag.py:587} INFO - Filling up the DagBag from /Users/erniesg/.pyenv/versions/3.12.5/envs/letters_home/lib/python3.12/site-packages/airflow/example_dags/tutorial.py
[2024-09-10T02:15:35.476+0800] {processor.py:925} INFO - DAG(s) 'tutorial' retrieved from /Users/erniesg/.pyenv/versions/3.12.5/envs/letters_home/lib/python3.12/site-packages/airflow/example_dags/tutorial.py
[2024-09-10T02:15:35.513+0800] {logging_mixin.py:190} INFO - [2024-09-10T02:15:35.513+0800] {dag.py:3229} INFO - Sync 1 DAGs
[2024-09-10T02:15:35.520+0800] {logging_mixin.py:190} INFO - [2024-09-10T02:15:35.520+0800] {dag.py:4156} INFO - Setting next_dagrun for tutorial to 2024-09-08 00:00:00+00:00, run_after=2024-09-09 00:00:00+00:00
[2024-09-10T02:15:35.527+0800] {processor.py:208} INFO - Processing /Users/erniesg/.pyenv/versions/3.12.5/envs/letters_home/lib/python3.12/site-packages/airflow/example_dags/tutorial.py took 0.056 seconds
[2024-09-10T02:17:32.163+0800] {processor.py:186} INFO - Started process (PID=69823) to work on /Users/erniesg/.pyenv/versions/3.12.5/envs/letters_home/lib/python3.12/site-packages/airflow/example_dags/tutorial.py
[2024-09-10T02:17:32.164+0800] {processor.py:914} INFO - Processing file /Users/erniesg/.pyenv/versions/3.12.5/envs/letters_home/lib/python3.12/site-packages/airflow/example_dags/tutorial.py for tasks to queue
[2024-09-10T02:17:32.164+0800] {logging_mixin.py:190} INFO - [2024-09-10T02:17:32.164+0800] {dagbag.py:587} INFO - Filling up the DagBag from /Users/erniesg/.pyenv/versions/3.12.5/envs/letters_home/lib/python3.12/site-packages/airflow/example_dags/tutorial.py
[2024-09-10T02:17:32.167+0800] {processor.py:925} INFO - DAG(s) 'tutorial' retrieved from /Users/erniesg/.pyenv/versions/3.12.5/envs/letters_home/lib/python3.12/site-packages/airflow/example_dags/tutorial.py
[2024-09-10T02:17:32.206+0800] {logging_mixin.py:190} INFO - [2024-09-10T02:17:32.206+0800] {dag.py:3229} INFO - Sync 1 DAGs
[2024-09-10T02:17:32.213+0800] {logging_mixin.py:190} INFO - [2024-09-10T02:17:32.213+0800] {dag.py:4156} INFO - Setting next_dagrun for tutorial to 2024-09-08 00:00:00+00:00, run_after=2024-09-09 00:00:00+00:00
[2024-09-10T02:17:32.220+0800] {processor.py:208} INFO - Processing /Users/erniesg/.pyenv/versions/3.12.5/envs/letters_home/lib/python3.12/site-packages/airflow/example_dags/tutorial.py took 0.058 seconds
[2024-09-10T02:18:54.878+0800] {processor.py:186} INFO - Started process (PID=70255) to work on /Users/erniesg/.pyenv/versions/3.12.5/envs/letters_home/lib/python3.12/site-packages/airflow/example_dags/tutorial.py
[2024-09-10T02:18:54.879+0800] {processor.py:914} INFO - Processing file /Users/erniesg/.pyenv/versions/3.12.5/envs/letters_home/lib/python3.12/site-packages/airflow/example_dags/tutorial.py for tasks to queue
[2024-09-10T02:18:54.879+0800] {logging_mixin.py:190} INFO - [2024-09-10T02:18:54.879+0800] {dagbag.py:587} INFO - Filling up the DagBag from /Users/erniesg/.pyenv/versions/3.12.5/envs/letters_home/lib/python3.12/site-packages/airflow/example_dags/tutorial.py
[2024-09-10T02:18:54.882+0800] {processor.py:925} INFO - DAG(s) 'tutorial' retrieved from /Users/erniesg/.pyenv/versions/3.12.5/envs/letters_home/lib/python3.12/site-packages/airflow/example_dags/tutorial.py
[2024-09-10T02:18:54.921+0800] {logging_mixin.py:190} INFO - [2024-09-10T02:18:54.921+0800] {dag.py:3229} INFO - Sync 1 DAGs
[2024-09-10T02:18:54.928+0800] {logging_mixin.py:190} INFO - [2024-09-10T02:18:54.928+0800] {dag.py:4156} INFO - Setting next_dagrun for tutorial to 2024-09-08 00:00:00+00:00, run_after=2024-09-09 00:00:00+00:00
[2024-09-10T02:18:54.936+0800] {processor.py:208} INFO - Processing /Users/erniesg/.pyenv/versions/3.12.5/envs/letters_home/lib/python3.12/site-packages/airflow/example_dags/tutorial.py took 0.059 seconds
[2024-09-10T02:20:18.848+0800] {processor.py:186} INFO - Started process (PID=70360) to work on /Users/erniesg/.pyenv/versions/3.12.5/envs/letters_home/lib/python3.12/site-packages/airflow/example_dags/tutorial.py
[2024-09-10T02:20:18.849+0800] {processor.py:914} INFO - Processing file /Users/erniesg/.pyenv/versions/3.12.5/envs/letters_home/lib/python3.12/site-packages/airflow/example_dags/tutorial.py for tasks to queue
[2024-09-10T02:20:18.849+0800] {logging_mixin.py:190} INFO - [2024-09-10T02:20:18.849+0800] {dagbag.py:587} INFO - Filling up the DagBag from /Users/erniesg/.pyenv/versions/3.12.5/envs/letters_home/lib/python3.12/site-packages/airflow/example_dags/tutorial.py
[2024-09-10T02:20:18.853+0800] {processor.py:925} INFO - DAG(s) 'tutorial' retrieved from /Users/erniesg/.pyenv/versions/3.12.5/envs/letters_home/lib/python3.12/site-packages/airflow/example_dags/tutorial.py
[2024-09-10T02:20:18.891+0800] {logging_mixin.py:190} INFO - [2024-09-10T02:20:18.891+0800] {dag.py:3229} INFO - Sync 1 DAGs
[2024-09-10T02:20:18.899+0800] {logging_mixin.py:190} INFO - [2024-09-10T02:20:18.899+0800] {dag.py:4156} INFO - Setting next_dagrun for tutorial to 2024-09-08 00:00:00+00:00, run_after=2024-09-09 00:00:00+00:00
[2024-09-10T02:20:18.906+0800] {processor.py:208} INFO - Processing /Users/erniesg/.pyenv/versions/3.12.5/envs/letters_home/lib/python3.12/site-packages/airflow/example_dags/tutorial.py took 0.059 seconds
[2024-09-10T02:23:17.852+0800] {processor.py:186} INFO - Started process (PID=71808) to work on /Users/erniesg/.pyenv/versions/3.12.5/envs/letters_home/lib/python3.12/site-packages/airflow/example_dags/tutorial.py
[2024-09-10T02:23:17.853+0800] {processor.py:914} INFO - Processing file /Users/erniesg/.pyenv/versions/3.12.5/envs/letters_home/lib/python3.12/site-packages/airflow/example_dags/tutorial.py for tasks to queue
[2024-09-10T02:23:17.853+0800] {logging_mixin.py:190} INFO - [2024-09-10T02:23:17.853+0800] {dagbag.py:587} INFO - Filling up the DagBag from /Users/erniesg/.pyenv/versions/3.12.5/envs/letters_home/lib/python3.12/site-packages/airflow/example_dags/tutorial.py
[2024-09-10T02:23:17.856+0800] {processor.py:925} INFO - DAG(s) 'tutorial' retrieved from /Users/erniesg/.pyenv/versions/3.12.5/envs/letters_home/lib/python3.12/site-packages/airflow/example_dags/tutorial.py
[2024-09-10T02:23:17.891+0800] {logging_mixin.py:190} INFO - [2024-09-10T02:23:17.891+0800] {dag.py:3229} INFO - Sync 1 DAGs
[2024-09-10T02:23:17.897+0800] {logging_mixin.py:190} INFO - [2024-09-10T02:23:17.897+0800] {dag.py:4156} INFO - Setting next_dagrun for tutorial to 2024-09-08 00:00:00+00:00, run_after=2024-09-09 00:00:00+00:00
[2024-09-10T02:23:17.904+0800] {processor.py:208} INFO - Processing /Users/erniesg/.pyenv/versions/3.12.5/envs/letters_home/lib/python3.12/site-packages/airflow/example_dags/tutorial.py took 0.053 seconds
