[2024-09-10T02:23:23.523+0800] {local_task_job_runner.py:123} INFO - ::group::Pre task execution logs
[2024-09-10T02:23:23.527+0800] {taskinstance.py:2612} INFO - Dependencies all met for dep_context=non-requeueable deps ti=<TaskInstance: puzzle-pieces-picker_elt.check_download_puzzle-pieces-picker manual__2024-09-09T18:23:19.376310+00:00 [queued]>
[2024-09-10T02:23:23.529+0800] {taskinstance.py:2612} INFO - Dependencies all met for dep_context=requeueable deps ti=<TaskInstance: puzzle-pieces-picker_elt.check_download_puzzle-pieces-picker manual__2024-09-09T18:23:19.376310+00:00 [queued]>
[2024-09-10T02:23:23.529+0800] {taskinstance.py:2865} INFO - Starting attempt 1 of 4
[2024-09-10T02:23:23.534+0800] {taskinstance.py:2888} INFO - Executing <Task(PythonOperator): check_download_puzzle-pieces-picker> on 2024-09-09 18:23:19.376310+00:00
[2024-09-10T02:23:23.541+0800] {logging_mixin.py:190} WARNING - /Users/erniesg/.pyenv/versions/3.12.5/envs/letters_home/lib/python3.12/site-packages/airflow/task/task_runner/standard_task_runner.py:70 DeprecationWarning: This process (pid=71816) is multi-threaded, use of fork() may lead to deadlocks in the child.
[2024-09-10T02:23:23.540+0800] {standard_task_runner.py:104} INFO - Running: ['airflow', 'tasks', 'run', 'puzzle-pieces-picker_elt', 'check_download_puzzle-pieces-picker', 'manual__2024-09-09T18:23:19.376310+00:00', '--job-id', '43', '--raw', '--subdir', 'DAGS_FOLDER/elt.py', '--cfg-path', '/var/folders/3n/sh024_795c590k086c59jsw00000gn/T/tmp_vuno8d8']
[2024-09-10T02:23:23.541+0800] {standard_task_runner.py:72} INFO - Started process 71819 to run task
[2024-09-10T02:23:23.541+0800] {standard_task_runner.py:105} INFO - Job 43: Subtask check_download_puzzle-pieces-picker
[2024-09-10T02:23:23.555+0800] {task_command.py:467} INFO - Running <TaskInstance: puzzle-pieces-picker_elt.check_download_puzzle-pieces-picker manual__2024-09-09T18:23:19.376310+00:00 [running]> on host chens-macbook-pro.local
[2024-09-10T02:23:23.577+0800] {taskinstance.py:3131} INFO - Exporting env vars: AIRFLOW_CTX_DAG_OWNER='airflow' AIRFLOW_CTX_DAG_ID='puzzle-pieces-picker_elt' AIRFLOW_CTX_TASK_ID='check_download_puzzle-pieces-picker' AIRFLOW_CTX_EXECUTION_DATE='2024-09-09T18:23:19.376310+00:00' AIRFLOW_CTX_TRY_NUMBER='1' AIRFLOW_CTX_DAG_RUN_ID='manual__2024-09-09T18:23:19.376310+00:00'
[2024-09-10T02:23:23.577+0800] {logging_mixin.py:190} INFO - Task instance is in running state
[2024-09-10T02:23:23.578+0800] {logging_mixin.py:190} INFO -  Previous state of the Task instance: queued
[2024-09-10T02:23:23.578+0800] {logging_mixin.py:190} INFO - Current task name:check_download_puzzle-pieces-picker state:running start_date:2024-09-09 18:23:23.527370+00:00
[2024-09-10T02:23:23.578+0800] {logging_mixin.py:190} INFO - Dag name:puzzle-pieces-picker_elt and current dag run status:running
[2024-09-10T02:23:23.578+0800] {taskinstance.py:731} INFO - ::endgroup::
[2024-09-10T02:23:23.636+0800] {logging_mixin.py:190} INFO - Error getting job state: An error occurred (UnrecognizedClientException) when calling the GetItem operation: The security token included in the request is invalid.
[2024-09-10T02:23:23.652+0800] {logging_mixin.py:190} INFO - Error creating job: An error occurred (UnrecognizedClientException) when calling the PutItem operation: The security token included in the request is invalid.
[2024-09-10T02:23:23.652+0800] {python.py:240} INFO - Done. Returned value was: puzzle-pieces-picker_download_2024-09-09 18:23:19.376310+00:00
[2024-09-10T02:23:23.658+0800] {taskinstance.py:340} INFO - ::group::Post task execution logs
[2024-09-10T02:23:23.658+0800] {taskinstance.py:352} INFO - Marking task as SUCCESS. dag_id=puzzle-pieces-picker_elt, task_id=check_download_puzzle-pieces-picker, run_id=manual__2024-09-09T18:23:19.376310+00:00, execution_date=20240909T182319, start_date=20240909T182323, end_date=20240909T182323
[2024-09-10T02:23:23.661+0800] {logging_mixin.py:190} INFO - Task instance in success state
[2024-09-10T02:23:23.661+0800] {logging_mixin.py:190} INFO -  Previous state of the Task instance: running
[2024-09-10T02:23:23.661+0800] {logging_mixin.py:190} INFO - Dag name:puzzle-pieces-picker_elt queued_at:2024-09-09 18:23:19.382902+00:00
[2024-09-10T02:23:23.661+0800] {logging_mixin.py:190} INFO - Task hostname:chens-macbook-pro.local operator:PythonOperator
[2024-09-10T02:23:23.688+0800] {local_task_job_runner.py:266} INFO - Task exited with return code 0
[2024-09-10T02:23:23.700+0800] {taskinstance.py:3900} INFO - 1 downstream tasks scheduled from follow-on schedule check
[2024-09-10T02:23:23.700+0800] {local_task_job_runner.py:245} INFO - ::endgroup::
