[2024-09-10T01:36:51.055+0800] {processor.py:186} INFO - Started process (PID=57502) to work on /Users/erniesg/code/erniesg/if-letters-home-could-sing/pipeline/dags/elt.py
[2024-09-10T01:36:51.055+0800] {processor.py:914} INFO - Processing file /Users/erniesg/code/erniesg/if-letters-home-could-sing/pipeline/dags/elt.py for tasks to queue
[2024-09-10T01:36:51.055+0800] {logging_mixin.py:190} INFO - [2024-09-10T01:36:51.055+0800] {dagbag.py:587} INFO - Filling up the DagBag from /Users/erniesg/code/erniesg/if-letters-home-could-sing/pipeline/dags/elt.py
[2024-09-10T01:36:51.065+0800] {logging_mixin.py:190} INFO - [2024-09-10T01:36:51.064+0800] {dagbag.py:386} ERROR - Failed to import: /Users/erniesg/code/erniesg/if-letters-home-could-sing/pipeline/dags/elt.py
Traceback (most recent call last):
  File "/Users/erniesg/.pyenv/versions/3.12.5/envs/letters_home/lib/python3.12/site-packages/airflow/models/dagbag.py", line 382, in parse
    loader.exec_module(new_module)
  File "<frozen importlib._bootstrap_external>", line 995, in exec_module
  File "<frozen importlib._bootstrap>", line 488, in _call_with_frames_removed
  File "/Users/erniesg/code/erniesg/if-letters-home-could-sing/pipeline/dags/elt.py", line 5, in <module>
    from pipeline.operators.download import DownloadOperator
ModuleNotFoundError: No module named 'pipeline'
[2024-09-10T01:36:51.065+0800] {processor.py:927} WARNING - No viable dags retrieved from /Users/erniesg/code/erniesg/if-letters-home-could-sing/pipeline/dags/elt.py
[2024-09-10T01:36:51.245+0800] {processor.py:208} INFO - Processing /Users/erniesg/code/erniesg/if-letters-home-could-sing/pipeline/dags/elt.py took 0.192 seconds
[2024-09-10T01:38:42.634+0800] {processor.py:186} INFO - Started process (PID=58046) to work on /Users/erniesg/code/erniesg/if-letters-home-could-sing/pipeline/dags/elt.py
[2024-09-10T01:38:42.635+0800] {processor.py:914} INFO - Processing file /Users/erniesg/code/erniesg/if-letters-home-could-sing/pipeline/dags/elt.py for tasks to queue
[2024-09-10T01:38:42.635+0800] {logging_mixin.py:190} INFO - [2024-09-10T01:38:42.635+0800] {dagbag.py:587} INFO - Filling up the DagBag from /Users/erniesg/code/erniesg/if-letters-home-could-sing/pipeline/dags/elt.py
[2024-09-10T01:38:42.644+0800] {logging_mixin.py:190} INFO - [2024-09-10T01:38:42.643+0800] {dagbag.py:386} ERROR - Failed to import: /Users/erniesg/code/erniesg/if-letters-home-could-sing/pipeline/dags/elt.py
Traceback (most recent call last):
  File "/Users/erniesg/.pyenv/versions/3.12.5/envs/letters_home/lib/python3.12/site-packages/airflow/models/dagbag.py", line 382, in parse
    loader.exec_module(new_module)
  File "<frozen importlib._bootstrap_external>", line 995, in exec_module
  File "<frozen importlib._bootstrap>", line 488, in _call_with_frames_removed
  File "/Users/erniesg/code/erniesg/if-letters-home-could-sing/pipeline/dags/elt.py", line 5, in <module>
    from pipeline.operators.download import DownloadOperator
ModuleNotFoundError: No module named 'pipeline'
[2024-09-10T01:38:42.644+0800] {processor.py:927} WARNING - No viable dags retrieved from /Users/erniesg/code/erniesg/if-letters-home-could-sing/pipeline/dags/elt.py
[2024-09-10T01:38:42.828+0800] {processor.py:208} INFO - Processing /Users/erniesg/code/erniesg/if-letters-home-could-sing/pipeline/dags/elt.py took 0.195 seconds
[2024-09-10T01:40:01.807+0800] {processor.py:186} INFO - Started process (PID=58126) to work on /Users/erniesg/code/erniesg/if-letters-home-could-sing/pipeline/dags/elt.py
[2024-09-10T01:40:01.808+0800] {processor.py:914} INFO - Processing file /Users/erniesg/code/erniesg/if-letters-home-could-sing/pipeline/dags/elt.py for tasks to queue
[2024-09-10T01:40:01.808+0800] {logging_mixin.py:190} INFO - [2024-09-10T01:40:01.808+0800] {dagbag.py:587} INFO - Filling up the DagBag from /Users/erniesg/code/erniesg/if-letters-home-could-sing/pipeline/dags/elt.py
[2024-09-10T01:40:01.818+0800] {logging_mixin.py:190} INFO - [2024-09-10T01:40:01.818+0800] {dagbag.py:386} ERROR - Failed to import: /Users/erniesg/code/erniesg/if-letters-home-could-sing/pipeline/dags/elt.py
Traceback (most recent call last):
  File "/Users/erniesg/.pyenv/versions/3.12.5/envs/letters_home/lib/python3.12/site-packages/airflow/models/dagbag.py", line 382, in parse
    loader.exec_module(new_module)
  File "<frozen importlib._bootstrap_external>", line 995, in exec_module
  File "<frozen importlib._bootstrap>", line 488, in _call_with_frames_removed
  File "/Users/erniesg/code/erniesg/if-letters-home-could-sing/pipeline/dags/elt.py", line 5, in <module>
    from ..operators.download import DownloadOperator
ImportError: attempted relative import with no known parent package
[2024-09-10T01:40:01.818+0800] {processor.py:927} WARNING - No viable dags retrieved from /Users/erniesg/code/erniesg/if-letters-home-could-sing/pipeline/dags/elt.py
[2024-09-10T01:40:02.010+0800] {processor.py:208} INFO - Processing /Users/erniesg/code/erniesg/if-letters-home-could-sing/pipeline/dags/elt.py took 0.203 seconds
[2024-09-10T01:41:21.203+0800] {processor.py:186} INFO - Started process (PID=58181) to work on /Users/erniesg/code/erniesg/if-letters-home-could-sing/pipeline/dags/elt.py
[2024-09-10T01:41:21.204+0800] {processor.py:914} INFO - Processing file /Users/erniesg/code/erniesg/if-letters-home-could-sing/pipeline/dags/elt.py for tasks to queue
[2024-09-10T01:41:21.204+0800] {logging_mixin.py:190} INFO - [2024-09-10T01:41:21.204+0800] {dagbag.py:587} INFO - Filling up the DagBag from /Users/erniesg/code/erniesg/if-letters-home-could-sing/pipeline/dags/elt.py
[2024-09-10T01:41:21.213+0800] {logging_mixin.py:190} INFO - [2024-09-10T01:41:21.213+0800] {dagbag.py:386} ERROR - Failed to import: /Users/erniesg/code/erniesg/if-letters-home-could-sing/pipeline/dags/elt.py
Traceback (most recent call last):
  File "/Users/erniesg/.pyenv/versions/3.12.5/envs/letters_home/lib/python3.12/site-packages/airflow/models/dagbag.py", line 382, in parse
    loader.exec_module(new_module)
  File "<frozen importlib._bootstrap_external>", line 995, in exec_module
  File "<frozen importlib._bootstrap>", line 488, in _call_with_frames_removed
  File "/Users/erniesg/code/erniesg/if-letters-home-could-sing/pipeline/dags/elt.py", line 5, in <module>
    from ..operators.download import DownloadOperator
ImportError: attempted relative import with no known parent package
[2024-09-10T01:41:21.213+0800] {processor.py:927} WARNING - No viable dags retrieved from /Users/erniesg/code/erniesg/if-letters-home-could-sing/pipeline/dags/elt.py
[2024-09-10T01:41:21.413+0800] {processor.py:208} INFO - Processing /Users/erniesg/code/erniesg/if-letters-home-could-sing/pipeline/dags/elt.py took 0.210 seconds
[2024-09-10T01:42:43.945+0800] {processor.py:186} INFO - Started process (PID=58267) to work on /Users/erniesg/code/erniesg/if-letters-home-could-sing/pipeline/dags/elt.py
[2024-09-10T01:42:43.945+0800] {processor.py:914} INFO - Processing file /Users/erniesg/code/erniesg/if-letters-home-could-sing/pipeline/dags/elt.py for tasks to queue
[2024-09-10T01:42:43.946+0800] {logging_mixin.py:190} INFO - [2024-09-10T01:42:43.946+0800] {dagbag.py:587} INFO - Filling up the DagBag from /Users/erniesg/code/erniesg/if-letters-home-could-sing/pipeline/dags/elt.py
[2024-09-10T01:42:43.954+0800] {logging_mixin.py:190} INFO - [2024-09-10T01:42:43.954+0800] {dagbag.py:386} ERROR - Failed to import: /Users/erniesg/code/erniesg/if-letters-home-could-sing/pipeline/dags/elt.py
Traceback (most recent call last):
  File "/Users/erniesg/.pyenv/versions/3.12.5/envs/letters_home/lib/python3.12/site-packages/airflow/models/dagbag.py", line 382, in parse
    loader.exec_module(new_module)
  File "<frozen importlib._bootstrap_external>", line 995, in exec_module
  File "<frozen importlib._bootstrap>", line 488, in _call_with_frames_removed
  File "/Users/erniesg/code/erniesg/if-letters-home-could-sing/pipeline/dags/elt.py", line 5, in <module>
    from ..operators.download import DownloadOperator
ImportError: attempted relative import with no known parent package
[2024-09-10T01:42:43.955+0800] {processor.py:927} WARNING - No viable dags retrieved from /Users/erniesg/code/erniesg/if-letters-home-could-sing/pipeline/dags/elt.py
[2024-09-10T01:42:44.155+0800] {processor.py:208} INFO - Processing /Users/erniesg/code/erniesg/if-letters-home-could-sing/pipeline/dags/elt.py took 0.211 seconds
[2024-09-10T01:44:05.457+0800] {processor.py:186} INFO - Started process (PID=58733) to work on /Users/erniesg/code/erniesg/if-letters-home-could-sing/pipeline/dags/elt.py
[2024-09-10T01:44:05.457+0800] {processor.py:914} INFO - Processing file /Users/erniesg/code/erniesg/if-letters-home-could-sing/pipeline/dags/elt.py for tasks to queue
[2024-09-10T01:44:05.458+0800] {logging_mixin.py:190} INFO - [2024-09-10T01:44:05.458+0800] {dagbag.py:587} INFO - Filling up the DagBag from /Users/erniesg/code/erniesg/if-letters-home-could-sing/pipeline/dags/elt.py
[2024-09-10T01:44:05.468+0800] {logging_mixin.py:190} INFO - [2024-09-10T01:44:05.468+0800] {dagbag.py:386} ERROR - Failed to import: /Users/erniesg/code/erniesg/if-letters-home-could-sing/pipeline/dags/elt.py
Traceback (most recent call last):
  File "/Users/erniesg/.pyenv/versions/3.12.5/envs/letters_home/lib/python3.12/site-packages/airflow/models/dagbag.py", line 382, in parse
    loader.exec_module(new_module)
  File "<frozen importlib._bootstrap_external>", line 995, in exec_module
  File "<frozen importlib._bootstrap>", line 488, in _call_with_frames_removed
  File "/Users/erniesg/code/erniesg/if-letters-home-could-sing/pipeline/dags/elt.py", line 5, in <module>
    from pipeline.operators.download import DownloadOperator
ModuleNotFoundError: No module named 'pipeline'
[2024-09-10T01:44:05.469+0800] {processor.py:927} WARNING - No viable dags retrieved from /Users/erniesg/code/erniesg/if-letters-home-could-sing/pipeline/dags/elt.py
[2024-09-10T01:44:05.680+0800] {processor.py:208} INFO - Processing /Users/erniesg/code/erniesg/if-letters-home-could-sing/pipeline/dags/elt.py took 0.224 seconds
[2024-09-10T01:55:32.402+0800] {processor.py:186} INFO - Started process (PID=64136) to work on /Users/erniesg/code/erniesg/if-letters-home-could-sing/pipeline/dags/elt.py
[2024-09-10T01:55:32.402+0800] {processor.py:914} INFO - Processing file /Users/erniesg/code/erniesg/if-letters-home-could-sing/pipeline/dags/elt.py for tasks to queue
[2024-09-10T01:55:32.403+0800] {logging_mixin.py:190} INFO - [2024-09-10T01:55:32.402+0800] {dagbag.py:587} INFO - Filling up the DagBag from /Users/erniesg/code/erniesg/if-letters-home-could-sing/pipeline/dags/elt.py
[2024-09-10T01:55:32.461+0800] {logging_mixin.py:190} INFO - [2024-09-10T01:55:32.461+0800] {credentials.py:1147} INFO - Found credentials in environment variables.
[2024-09-10T01:55:32.549+0800] {processor.py:925} INFO - DAG(s) 'm5hisdoc_elt', 'casia-hwdb_elt', 'puzzle-pieces-picker_elt' retrieved from /Users/erniesg/code/erniesg/if-letters-home-could-sing/pipeline/dags/elt.py
[2024-09-10T01:55:32.616+0800] {logging_mixin.py:190} INFO - [2024-09-10T01:55:32.616+0800] {override.py:1900} INFO - Created Permission View: can edit on DAG:m5hisdoc_elt
[2024-09-10T01:55:32.619+0800] {logging_mixin.py:190} INFO - [2024-09-10T01:55:32.619+0800] {override.py:1900} INFO - Created Permission View: can read on DAG:m5hisdoc_elt
[2024-09-10T01:55:32.621+0800] {logging_mixin.py:190} INFO - [2024-09-10T01:55:32.621+0800] {override.py:1900} INFO - Created Permission View: can delete on DAG:m5hisdoc_elt
[2024-09-10T01:55:32.623+0800] {logging_mixin.py:190} INFO - [2024-09-10T01:55:32.623+0800] {override.py:1900} INFO - Created Permission View: can delete on DAG Run:m5hisdoc_elt
[2024-09-10T01:55:32.625+0800] {logging_mixin.py:190} INFO - [2024-09-10T01:55:32.625+0800] {override.py:1900} INFO - Created Permission View: can read on DAG Run:m5hisdoc_elt
[2024-09-10T01:55:32.627+0800] {logging_mixin.py:190} INFO - [2024-09-10T01:55:32.627+0800] {override.py:1900} INFO - Created Permission View: menu access on DAG Run:m5hisdoc_elt
[2024-09-10T01:55:32.629+0800] {logging_mixin.py:190} INFO - [2024-09-10T01:55:32.629+0800] {override.py:1900} INFO - Created Permission View: can create on DAG Run:m5hisdoc_elt
[2024-09-10T01:55:32.639+0800] {logging_mixin.py:190} INFO - [2024-09-10T01:55:32.639+0800] {override.py:1900} INFO - Created Permission View: can edit on DAG:casia-hwdb_elt
[2024-09-10T01:55:32.641+0800] {logging_mixin.py:190} INFO - [2024-09-10T01:55:32.641+0800] {override.py:1900} INFO - Created Permission View: can read on DAG:casia-hwdb_elt
[2024-09-10T01:55:32.643+0800] {logging_mixin.py:190} INFO - [2024-09-10T01:55:32.643+0800] {override.py:1900} INFO - Created Permission View: can delete on DAG:casia-hwdb_elt
[2024-09-10T01:55:32.645+0800] {logging_mixin.py:190} INFO - [2024-09-10T01:55:32.645+0800] {override.py:1900} INFO - Created Permission View: can delete on DAG Run:casia-hwdb_elt
[2024-09-10T01:55:32.647+0800] {logging_mixin.py:190} INFO - [2024-09-10T01:55:32.647+0800] {override.py:1900} INFO - Created Permission View: can read on DAG Run:casia-hwdb_elt
[2024-09-10T01:55:32.649+0800] {logging_mixin.py:190} INFO - [2024-09-10T01:55:32.649+0800] {override.py:1900} INFO - Created Permission View: menu access on DAG Run:casia-hwdb_elt
[2024-09-10T01:55:32.651+0800] {logging_mixin.py:190} INFO - [2024-09-10T01:55:32.651+0800] {override.py:1900} INFO - Created Permission View: can create on DAG Run:casia-hwdb_elt
[2024-09-10T01:55:32.656+0800] {logging_mixin.py:190} INFO - [2024-09-10T01:55:32.656+0800] {override.py:1900} INFO - Created Permission View: can edit on DAG:puzzle-pieces-picker_elt
[2024-09-10T01:55:32.659+0800] {logging_mixin.py:190} INFO - [2024-09-10T01:55:32.658+0800] {override.py:1900} INFO - Created Permission View: can read on DAG:puzzle-pieces-picker_elt
[2024-09-10T01:55:32.660+0800] {logging_mixin.py:190} INFO - [2024-09-10T01:55:32.660+0800] {override.py:1900} INFO - Created Permission View: can delete on DAG:puzzle-pieces-picker_elt
[2024-09-10T01:55:32.663+0800] {logging_mixin.py:190} INFO - [2024-09-10T01:55:32.663+0800] {override.py:1900} INFO - Created Permission View: can delete on DAG Run:puzzle-pieces-picker_elt
[2024-09-10T01:55:32.665+0800] {logging_mixin.py:190} INFO - [2024-09-10T01:55:32.665+0800] {override.py:1900} INFO - Created Permission View: can read on DAG Run:puzzle-pieces-picker_elt
[2024-09-10T01:55:32.667+0800] {logging_mixin.py:190} INFO - [2024-09-10T01:55:32.667+0800] {override.py:1900} INFO - Created Permission View: menu access on DAG Run:puzzle-pieces-picker_elt
[2024-09-10T01:55:32.669+0800] {logging_mixin.py:190} INFO - [2024-09-10T01:55:32.669+0800] {override.py:1900} INFO - Created Permission View: can create on DAG Run:puzzle-pieces-picker_elt
[2024-09-10T01:55:32.669+0800] {logging_mixin.py:190} INFO - [2024-09-10T01:55:32.669+0800] {dag.py:3229} INFO - Sync 3 DAGs
[2024-09-10T01:55:32.674+0800] {logging_mixin.py:190} INFO - [2024-09-10T01:55:32.673+0800] {dag.py:3252} INFO - Creating ORM DAG for puzzle-pieces-picker_elt
[2024-09-10T01:55:32.674+0800] {logging_mixin.py:190} INFO - [2024-09-10T01:55:32.674+0800] {dag.py:3252} INFO - Creating ORM DAG for casia-hwdb_elt
[2024-09-10T01:55:32.674+0800] {logging_mixin.py:190} INFO - [2024-09-10T01:55:32.674+0800] {dag.py:3252} INFO - Creating ORM DAG for m5hisdoc_elt
[2024-09-10T01:55:32.674+0800] {logging_mixin.py:190} INFO - [2024-09-10T01:55:32.674+0800] {dag.py:4156} INFO - Setting next_dagrun for casia-hwdb_elt to None, run_after=None
[2024-09-10T01:55:32.674+0800] {logging_mixin.py:190} INFO - [2024-09-10T01:55:32.674+0800] {dag.py:4156} INFO - Setting next_dagrun for m5hisdoc_elt to None, run_after=None
[2024-09-10T01:55:32.674+0800] {logging_mixin.py:190} INFO - [2024-09-10T01:55:32.674+0800] {dag.py:4156} INFO - Setting next_dagrun for puzzle-pieces-picker_elt to None, run_after=None
[2024-09-10T01:55:32.680+0800] {processor.py:208} INFO - Processing /Users/erniesg/code/erniesg/if-letters-home-could-sing/pipeline/dags/elt.py took 0.279 seconds
[2024-09-10T01:58:22.838+0800] {processor.py:186} INFO - Started process (PID=67429) to work on /Users/erniesg/code/erniesg/if-letters-home-could-sing/pipeline/dags/elt.py
[2024-09-10T01:58:22.839+0800] {processor.py:914} INFO - Processing file /Users/erniesg/code/erniesg/if-letters-home-could-sing/pipeline/dags/elt.py for tasks to queue
[2024-09-10T01:58:22.839+0800] {logging_mixin.py:190} INFO - [2024-09-10T01:58:22.839+0800] {dagbag.py:587} INFO - Filling up the DagBag from /Users/erniesg/code/erniesg/if-letters-home-could-sing/pipeline/dags/elt.py
[2024-09-10T01:58:22.889+0800] {logging_mixin.py:190} INFO - [2024-09-10T01:58:22.889+0800] {credentials.py:1147} INFO - Found credentials in environment variables.
[2024-09-10T01:58:22.961+0800] {processor.py:925} INFO - DAG(s) 'puzzle-pieces-picker_elt', 'm5hisdoc_elt', 'casia-hwdb_elt' retrieved from /Users/erniesg/code/erniesg/if-letters-home-could-sing/pipeline/dags/elt.py
[2024-09-10T01:58:23.008+0800] {logging_mixin.py:190} INFO - [2024-09-10T01:58:23.008+0800] {dag.py:3229} INFO - Sync 3 DAGs
[2024-09-10T01:58:23.012+0800] {logging_mixin.py:190} INFO - [2024-09-10T01:58:23.012+0800] {dag.py:4156} INFO - Setting next_dagrun for casia-hwdb_elt to None, run_after=None
[2024-09-10T01:58:23.014+0800] {logging_mixin.py:190} INFO - [2024-09-10T01:58:23.014+0800] {dag.py:4156} INFO - Setting next_dagrun for m5hisdoc_elt to None, run_after=None
[2024-09-10T01:58:23.014+0800] {logging_mixin.py:190} INFO - [2024-09-10T01:58:23.014+0800] {dag.py:4156} INFO - Setting next_dagrun for puzzle-pieces-picker_elt to None, run_after=None
[2024-09-10T01:58:23.021+0800] {processor.py:208} INFO - Processing /Users/erniesg/code/erniesg/if-letters-home-could-sing/pipeline/dags/elt.py took 0.184 seconds
[2024-09-10T02:00:46.924+0800] {processor.py:186} INFO - Started process (PID=67845) to work on /Users/erniesg/code/erniesg/if-letters-home-could-sing/pipeline/dags/elt.py
[2024-09-10T02:00:46.924+0800] {processor.py:914} INFO - Processing file /Users/erniesg/code/erniesg/if-letters-home-could-sing/pipeline/dags/elt.py for tasks to queue
[2024-09-10T02:00:46.924+0800] {logging_mixin.py:190} INFO - [2024-09-10T02:00:46.924+0800] {dagbag.py:587} INFO - Filling up the DagBag from /Users/erniesg/code/erniesg/if-letters-home-could-sing/pipeline/dags/elt.py
[2024-09-10T02:00:46.968+0800] {logging_mixin.py:190} INFO - [2024-09-10T02:00:46.968+0800] {credentials.py:1147} INFO - Found credentials in environment variables.
[2024-09-10T02:00:47.035+0800] {processor.py:925} INFO - DAG(s) 'puzzle-pieces-picker_elt', 'm5hisdoc_elt', 'casia-hwdb_elt' retrieved from /Users/erniesg/code/erniesg/if-letters-home-could-sing/pipeline/dags/elt.py
[2024-09-10T02:00:47.080+0800] {logging_mixin.py:190} INFO - [2024-09-10T02:00:47.080+0800] {dag.py:3229} INFO - Sync 3 DAGs
[2024-09-10T02:00:47.084+0800] {logging_mixin.py:190} INFO - [2024-09-10T02:00:47.084+0800] {dag.py:4156} INFO - Setting next_dagrun for casia-hwdb_elt to None, run_after=None
[2024-09-10T02:00:47.085+0800] {logging_mixin.py:190} INFO - [2024-09-10T02:00:47.085+0800] {dag.py:4156} INFO - Setting next_dagrun for m5hisdoc_elt to None, run_after=None
[2024-09-10T02:00:47.086+0800] {logging_mixin.py:190} INFO - [2024-09-10T02:00:47.086+0800] {dag.py:4156} INFO - Setting next_dagrun for puzzle-pieces-picker_elt to None, run_after=None
[2024-09-10T02:00:47.092+0800] {processor.py:208} INFO - Processing /Users/erniesg/code/erniesg/if-letters-home-could-sing/pipeline/dags/elt.py took 0.170 seconds
[2024-09-10T02:02:08.316+0800] {processor.py:186} INFO - Started process (PID=67946) to work on /Users/erniesg/code/erniesg/if-letters-home-could-sing/pipeline/dags/elt.py
[2024-09-10T02:02:08.316+0800] {processor.py:914} INFO - Processing file /Users/erniesg/code/erniesg/if-letters-home-could-sing/pipeline/dags/elt.py for tasks to queue
[2024-09-10T02:02:08.316+0800] {logging_mixin.py:190} INFO - [2024-09-10T02:02:08.316+0800] {dagbag.py:587} INFO - Filling up the DagBag from /Users/erniesg/code/erniesg/if-letters-home-could-sing/pipeline/dags/elt.py
[2024-09-10T02:02:08.361+0800] {logging_mixin.py:190} INFO - [2024-09-10T02:02:08.361+0800] {credentials.py:1147} INFO - Found credentials in environment variables.
[2024-09-10T02:02:08.432+0800] {processor.py:925} INFO - DAG(s) 'casia-hwdb_elt', 'puzzle-pieces-picker_elt', 'm5hisdoc_elt' retrieved from /Users/erniesg/code/erniesg/if-letters-home-could-sing/pipeline/dags/elt.py
[2024-09-10T02:02:08.480+0800] {logging_mixin.py:190} INFO - [2024-09-10T02:02:08.480+0800] {dag.py:3229} INFO - Sync 3 DAGs
[2024-09-10T02:02:08.484+0800] {logging_mixin.py:190} INFO - [2024-09-10T02:02:08.484+0800] {dag.py:4156} INFO - Setting next_dagrun for casia-hwdb_elt to None, run_after=None
[2024-09-10T02:02:08.486+0800] {logging_mixin.py:190} INFO - [2024-09-10T02:02:08.486+0800] {dag.py:4156} INFO - Setting next_dagrun for m5hisdoc_elt to None, run_after=None
[2024-09-10T02:02:08.486+0800] {logging_mixin.py:190} INFO - [2024-09-10T02:02:08.486+0800] {dag.py:4156} INFO - Setting next_dagrun for puzzle-pieces-picker_elt to None, run_after=None
[2024-09-10T02:02:08.493+0800] {processor.py:208} INFO - Processing /Users/erniesg/code/erniesg/if-letters-home-could-sing/pipeline/dags/elt.py took 0.178 seconds
[2024-09-10T02:03:28.095+0800] {processor.py:186} INFO - Started process (PID=68045) to work on /Users/erniesg/code/erniesg/if-letters-home-could-sing/pipeline/dags/elt.py
[2024-09-10T02:03:28.096+0800] {processor.py:914} INFO - Processing file /Users/erniesg/code/erniesg/if-letters-home-could-sing/pipeline/dags/elt.py for tasks to queue
[2024-09-10T02:03:28.096+0800] {logging_mixin.py:190} INFO - [2024-09-10T02:03:28.096+0800] {dagbag.py:587} INFO - Filling up the DagBag from /Users/erniesg/code/erniesg/if-letters-home-could-sing/pipeline/dags/elt.py
[2024-09-10T02:03:28.138+0800] {logging_mixin.py:190} INFO - [2024-09-10T02:03:28.137+0800] {credentials.py:1147} INFO - Found credentials in environment variables.
[2024-09-10T02:03:28.202+0800] {processor.py:925} INFO - DAG(s) 'puzzle-pieces-picker_elt', 'm5hisdoc_elt', 'casia-hwdb_elt' retrieved from /Users/erniesg/code/erniesg/if-letters-home-could-sing/pipeline/dags/elt.py
[2024-09-10T02:03:28.246+0800] {logging_mixin.py:190} INFO - [2024-09-10T02:03:28.245+0800] {dag.py:3229} INFO - Sync 3 DAGs
[2024-09-10T02:03:28.249+0800] {logging_mixin.py:190} INFO - [2024-09-10T02:03:28.249+0800] {dag.py:4156} INFO - Setting next_dagrun for casia-hwdb_elt to None, run_after=None
[2024-09-10T02:03:28.250+0800] {logging_mixin.py:190} INFO - [2024-09-10T02:03:28.250+0800] {dag.py:4156} INFO - Setting next_dagrun for m5hisdoc_elt to None, run_after=None
[2024-09-10T02:03:28.251+0800] {logging_mixin.py:190} INFO - [2024-09-10T02:03:28.251+0800] {dag.py:4156} INFO - Setting next_dagrun for puzzle-pieces-picker_elt to None, run_after=None
[2024-09-10T02:03:28.257+0800] {processor.py:208} INFO - Processing /Users/erniesg/code/erniesg/if-letters-home-could-sing/pipeline/dags/elt.py took 0.163 seconds
[2024-09-10T02:04:53.828+0800] {processor.py:186} INFO - Started process (PID=68135) to work on /Users/erniesg/code/erniesg/if-letters-home-could-sing/pipeline/dags/elt.py
[2024-09-10T02:04:53.828+0800] {processor.py:914} INFO - Processing file /Users/erniesg/code/erniesg/if-letters-home-could-sing/pipeline/dags/elt.py for tasks to queue
[2024-09-10T02:04:53.829+0800] {logging_mixin.py:190} INFO - [2024-09-10T02:04:53.829+0800] {dagbag.py:587} INFO - Filling up the DagBag from /Users/erniesg/code/erniesg/if-letters-home-could-sing/pipeline/dags/elt.py
[2024-09-10T02:04:53.870+0800] {logging_mixin.py:190} INFO - [2024-09-10T02:04:53.870+0800] {credentials.py:1147} INFO - Found credentials in environment variables.
[2024-09-10T02:04:53.932+0800] {logging_mixin.py:190} INFO - [2024-09-10T02:04:53.931+0800] {dagbag.py:386} ERROR - Failed to import: /Users/erniesg/code/erniesg/if-letters-home-could-sing/pipeline/dags/elt.py
Traceback (most recent call last):
  File "/Users/erniesg/.pyenv/versions/3.12.5/envs/letters_home/lib/python3.12/site-packages/airflow/models/dagbag.py", line 382, in parse
    loader.exec_module(new_module)
  File "<frozen importlib._bootstrap_external>", line 995, in exec_module
  File "<frozen importlib._bootstrap>", line 488, in _call_with_frames_removed
  File "/Users/erniesg/code/erniesg/if-letters-home-could-sing/pipeline/dags/elt.py", line 167, in <module>
    globals()[dag_id] = create_dataset_dag(
                        ^^^^^^^^^^^^^^^^^^^
  File "/Users/erniesg/code/erniesg/if-letters-home-could-sing/pipeline/dags/elt.py", line 83, in create_dataset_dag
    download_task = PythonOperator(
                    ^^^^^^^^^^^^^^^
  File "/Users/erniesg/.pyenv/versions/3.12.5/envs/letters_home/lib/python3.12/site-packages/airflow/models/baseoperator.py", line 490, in apply_defaults
    result = func(self, **kwargs, default_args=default_args)
             ^^^^^^^^^^^^^^^^^^^^^^^^^^^^^^^^^^^^^^^^^^^^^^^
  File "/Users/erniesg/.pyenv/versions/3.12.5/envs/letters_home/lib/python3.12/site-packages/airflow/operators/python.py", line 222, in __init__
    super().__init__(**kwargs)
  File "/Users/erniesg/.pyenv/versions/3.12.5/envs/letters_home/lib/python3.12/site-packages/airflow/models/baseoperator.py", line 490, in apply_defaults
    result = func(self, **kwargs, default_args=default_args)
             ^^^^^^^^^^^^^^^^^^^^^^^^^^^^^^^^^^^^^^^^^^^^^^^
  File "/Users/erniesg/.pyenv/versions/3.12.5/envs/letters_home/lib/python3.12/site-packages/airflow/models/baseoperator.py", line 956, in __init__
    task_group.add(self)
  File "/Users/erniesg/.pyenv/versions/3.12.5/envs/letters_home/lib/python3.12/site-packages/airflow/utils/task_group.py", line 250, in add
    raise DuplicateTaskIdFound(f"{node_type} id '{key}' has already been added to the DAG")
airflow.exceptions.DuplicateTaskIdFound: Task id 'download_casia-hwdb' has already been added to the DAG
[2024-09-10T02:04:53.933+0800] {processor.py:927} WARNING - No viable dags retrieved from /Users/erniesg/code/erniesg/if-letters-home-could-sing/pipeline/dags/elt.py
[2024-09-10T02:04:54.117+0800] {processor.py:208} INFO - Processing /Users/erniesg/code/erniesg/if-letters-home-could-sing/pipeline/dags/elt.py took 0.290 seconds
[2024-09-10T02:06:27.688+0800] {processor.py:186} INFO - Started process (PID=68246) to work on /Users/erniesg/code/erniesg/if-letters-home-could-sing/pipeline/dags/elt.py
[2024-09-10T02:06:27.688+0800] {processor.py:914} INFO - Processing file /Users/erniesg/code/erniesg/if-letters-home-could-sing/pipeline/dags/elt.py for tasks to queue
[2024-09-10T02:06:27.688+0800] {logging_mixin.py:190} INFO - [2024-09-10T02:06:27.688+0800] {dagbag.py:587} INFO - Filling up the DagBag from /Users/erniesg/code/erniesg/if-letters-home-could-sing/pipeline/dags/elt.py
[2024-09-10T02:06:27.730+0800] {logging_mixin.py:190} INFO - [2024-09-10T02:06:27.730+0800] {credentials.py:1147} INFO - Found credentials in environment variables.
[2024-09-10T02:06:27.794+0800] {logging_mixin.py:190} INFO - [2024-09-10T02:06:27.793+0800] {dagbag.py:386} ERROR - Failed to import: /Users/erniesg/code/erniesg/if-letters-home-could-sing/pipeline/dags/elt.py
Traceback (most recent call last):
  File "/Users/erniesg/.pyenv/versions/3.12.5/envs/letters_home/lib/python3.12/site-packages/airflow/models/dagbag.py", line 382, in parse
    loader.exec_module(new_module)
  File "<frozen importlib._bootstrap_external>", line 995, in exec_module
  File "<frozen importlib._bootstrap>", line 488, in _call_with_frames_removed
  File "/Users/erniesg/code/erniesg/if-letters-home-could-sing/pipeline/dags/elt.py", line 167, in <module>
    globals()[dag_id] = create_dataset_dag(
                        ^^^^^^^^^^^^^^^^^^^
  File "/Users/erniesg/code/erniesg/if-letters-home-could-sing/pipeline/dags/elt.py", line 83, in create_dataset_dag
    download_task = PythonOperator(
                    ^^^^^^^^^^^^^^^
  File "/Users/erniesg/.pyenv/versions/3.12.5/envs/letters_home/lib/python3.12/site-packages/airflow/models/baseoperator.py", line 490, in apply_defaults
    result = func(self, **kwargs, default_args=default_args)
             ^^^^^^^^^^^^^^^^^^^^^^^^^^^^^^^^^^^^^^^^^^^^^^^
  File "/Users/erniesg/.pyenv/versions/3.12.5/envs/letters_home/lib/python3.12/site-packages/airflow/operators/python.py", line 222, in __init__
    super().__init__(**kwargs)
  File "/Users/erniesg/.pyenv/versions/3.12.5/envs/letters_home/lib/python3.12/site-packages/airflow/models/baseoperator.py", line 490, in apply_defaults
    result = func(self, **kwargs, default_args=default_args)
             ^^^^^^^^^^^^^^^^^^^^^^^^^^^^^^^^^^^^^^^^^^^^^^^
  File "/Users/erniesg/.pyenv/versions/3.12.5/envs/letters_home/lib/python3.12/site-packages/airflow/models/baseoperator.py", line 956, in __init__
    task_group.add(self)
  File "/Users/erniesg/.pyenv/versions/3.12.5/envs/letters_home/lib/python3.12/site-packages/airflow/utils/task_group.py", line 250, in add
    raise DuplicateTaskIdFound(f"{node_type} id '{key}' has already been added to the DAG")
airflow.exceptions.DuplicateTaskIdFound: Task id 'download_casia-hwdb' has already been added to the DAG
[2024-09-10T02:06:27.795+0800] {processor.py:927} WARNING - No viable dags retrieved from /Users/erniesg/code/erniesg/if-letters-home-could-sing/pipeline/dags/elt.py
[2024-09-10T02:06:27.978+0800] {processor.py:208} INFO - Processing /Users/erniesg/code/erniesg/if-letters-home-could-sing/pipeline/dags/elt.py took 0.291 seconds
[2024-09-10T02:07:51.700+0800] {processor.py:186} INFO - Started process (PID=68439) to work on /Users/erniesg/code/erniesg/if-letters-home-could-sing/pipeline/dags/elt.py
[2024-09-10T02:07:51.701+0800] {processor.py:914} INFO - Processing file /Users/erniesg/code/erniesg/if-letters-home-could-sing/pipeline/dags/elt.py for tasks to queue
[2024-09-10T02:07:51.701+0800] {logging_mixin.py:190} INFO - [2024-09-10T02:07:51.701+0800] {dagbag.py:587} INFO - Filling up the DagBag from /Users/erniesg/code/erniesg/if-letters-home-could-sing/pipeline/dags/elt.py
[2024-09-10T02:07:51.742+0800] {logging_mixin.py:190} INFO - [2024-09-10T02:07:51.742+0800] {credentials.py:1147} INFO - Found credentials in environment variables.
[2024-09-10T02:07:51.808+0800] {logging_mixin.py:190} INFO - [2024-09-10T02:07:51.807+0800] {dagbag.py:386} ERROR - Failed to import: /Users/erniesg/code/erniesg/if-letters-home-could-sing/pipeline/dags/elt.py
Traceback (most recent call last):
  File "/Users/erniesg/.pyenv/versions/3.12.5/envs/letters_home/lib/python3.12/site-packages/airflow/models/dagbag.py", line 382, in parse
    loader.exec_module(new_module)
  File "<frozen importlib._bootstrap_external>", line 995, in exec_module
  File "<frozen importlib._bootstrap>", line 488, in _call_with_frames_removed
  File "/Users/erniesg/code/erniesg/if-letters-home-could-sing/pipeline/dags/elt.py", line 167, in <module>
    globals()[dag_id] = create_dataset_dag(
                        ^^^^^^^^^^^^^^^^^^^
  File "/Users/erniesg/code/erniesg/if-letters-home-could-sing/pipeline/dags/elt.py", line 83, in create_dataset_dag
    download_task = PythonOperator(
                    ^^^^^^^^^^^^^^^
  File "/Users/erniesg/.pyenv/versions/3.12.5/envs/letters_home/lib/python3.12/site-packages/airflow/models/baseoperator.py", line 490, in apply_defaults
    result = func(self, **kwargs, default_args=default_args)
             ^^^^^^^^^^^^^^^^^^^^^^^^^^^^^^^^^^^^^^^^^^^^^^^
  File "/Users/erniesg/.pyenv/versions/3.12.5/envs/letters_home/lib/python3.12/site-packages/airflow/operators/python.py", line 222, in __init__
    super().__init__(**kwargs)
  File "/Users/erniesg/.pyenv/versions/3.12.5/envs/letters_home/lib/python3.12/site-packages/airflow/models/baseoperator.py", line 490, in apply_defaults
    result = func(self, **kwargs, default_args=default_args)
             ^^^^^^^^^^^^^^^^^^^^^^^^^^^^^^^^^^^^^^^^^^^^^^^
  File "/Users/erniesg/.pyenv/versions/3.12.5/envs/letters_home/lib/python3.12/site-packages/airflow/models/baseoperator.py", line 956, in __init__
    task_group.add(self)
  File "/Users/erniesg/.pyenv/versions/3.12.5/envs/letters_home/lib/python3.12/site-packages/airflow/utils/task_group.py", line 250, in add
    raise DuplicateTaskIdFound(f"{node_type} id '{key}' has already been added to the DAG")
airflow.exceptions.DuplicateTaskIdFound: Task id 'download_casia-hwdb' has already been added to the DAG
[2024-09-10T02:07:51.808+0800] {processor.py:927} WARNING - No viable dags retrieved from /Users/erniesg/code/erniesg/if-letters-home-could-sing/pipeline/dags/elt.py
[2024-09-10T02:07:51.999+0800] {processor.py:208} INFO - Processing /Users/erniesg/code/erniesg/if-letters-home-could-sing/pipeline/dags/elt.py took 0.300 seconds
[2024-09-10T02:09:13.868+0800] {processor.py:186} INFO - Started process (PID=68571) to work on /Users/erniesg/code/erniesg/if-letters-home-could-sing/pipeline/dags/elt.py
[2024-09-10T02:09:13.868+0800] {processor.py:914} INFO - Processing file /Users/erniesg/code/erniesg/if-letters-home-could-sing/pipeline/dags/elt.py for tasks to queue
[2024-09-10T02:09:13.869+0800] {logging_mixin.py:190} INFO - [2024-09-10T02:09:13.869+0800] {dagbag.py:587} INFO - Filling up the DagBag from /Users/erniesg/code/erniesg/if-letters-home-could-sing/pipeline/dags/elt.py
[2024-09-10T02:09:13.915+0800] {logging_mixin.py:190} INFO - [2024-09-10T02:09:13.915+0800] {credentials.py:1147} INFO - Found credentials in environment variables.
[2024-09-10T02:09:13.987+0800] {logging_mixin.py:190} INFO - [2024-09-10T02:09:13.986+0800] {dagbag.py:386} ERROR - Failed to import: /Users/erniesg/code/erniesg/if-letters-home-could-sing/pipeline/dags/elt.py
Traceback (most recent call last):
  File "/Users/erniesg/.pyenv/versions/3.12.5/envs/letters_home/lib/python3.12/site-packages/airflow/models/dagbag.py", line 382, in parse
    loader.exec_module(new_module)
  File "<frozen importlib._bootstrap_external>", line 995, in exec_module
  File "<frozen importlib._bootstrap>", line 488, in _call_with_frames_removed
  File "/Users/erniesg/code/erniesg/if-letters-home-could-sing/pipeline/dags/elt.py", line 167, in <module>
    globals()[dag_id] = create_dataset_dag(
                        ^^^^^^^^^^^^^^^^^^^
  File "/Users/erniesg/code/erniesg/if-letters-home-could-sing/pipeline/dags/elt.py", line 83, in create_dataset_dag
    download_task = PythonOperator(
                    ^^^^^^^^^^^^^^^
  File "/Users/erniesg/.pyenv/versions/3.12.5/envs/letters_home/lib/python3.12/site-packages/airflow/models/baseoperator.py", line 490, in apply_defaults
    result = func(self, **kwargs, default_args=default_args)
             ^^^^^^^^^^^^^^^^^^^^^^^^^^^^^^^^^^^^^^^^^^^^^^^
  File "/Users/erniesg/.pyenv/versions/3.12.5/envs/letters_home/lib/python3.12/site-packages/airflow/operators/python.py", line 222, in __init__
    super().__init__(**kwargs)
  File "/Users/erniesg/.pyenv/versions/3.12.5/envs/letters_home/lib/python3.12/site-packages/airflow/models/baseoperator.py", line 490, in apply_defaults
    result = func(self, **kwargs, default_args=default_args)
             ^^^^^^^^^^^^^^^^^^^^^^^^^^^^^^^^^^^^^^^^^^^^^^^
  File "/Users/erniesg/.pyenv/versions/3.12.5/envs/letters_home/lib/python3.12/site-packages/airflow/models/baseoperator.py", line 956, in __init__
    task_group.add(self)
  File "/Users/erniesg/.pyenv/versions/3.12.5/envs/letters_home/lib/python3.12/site-packages/airflow/utils/task_group.py", line 250, in add
    raise DuplicateTaskIdFound(f"{node_type} id '{key}' has already been added to the DAG")
airflow.exceptions.DuplicateTaskIdFound: Task id 'download_casia-hwdb' has already been added to the DAG
[2024-09-10T02:09:13.987+0800] {processor.py:927} WARNING - No viable dags retrieved from /Users/erniesg/code/erniesg/if-letters-home-could-sing/pipeline/dags/elt.py
[2024-09-10T02:09:14.203+0800] {processor.py:208} INFO - Processing /Users/erniesg/code/erniesg/if-letters-home-could-sing/pipeline/dags/elt.py took 0.336 seconds
[2024-09-10T02:11:02.708+0800] {processor.py:186} INFO - Started process (PID=68909) to work on /Users/erniesg/code/erniesg/if-letters-home-could-sing/pipeline/dags/elt.py
[2024-09-10T02:11:02.709+0800] {processor.py:914} INFO - Processing file /Users/erniesg/code/erniesg/if-letters-home-could-sing/pipeline/dags/elt.py for tasks to queue
[2024-09-10T02:11:02.709+0800] {logging_mixin.py:190} INFO - [2024-09-10T02:11:02.709+0800] {dagbag.py:587} INFO - Filling up the DagBag from /Users/erniesg/code/erniesg/if-letters-home-could-sing/pipeline/dags/elt.py
[2024-09-10T02:11:02.719+0800] {logging_mixin.py:190} INFO - [2024-09-10T02:11:02.719+0800] {dagbag.py:386} ERROR - Failed to import: /Users/erniesg/code/erniesg/if-letters-home-could-sing/pipeline/dags/elt.py
Traceback (most recent call last):
  File "/Users/erniesg/.pyenv/versions/3.12.5/envs/letters_home/lib/python3.12/site-packages/airflow/models/dagbag.py", line 382, in parse
    loader.exec_module(new_module)
  File "<frozen importlib._bootstrap_external>", line 995, in exec_module
  File "<frozen importlib._bootstrap>", line 488, in _call_with_frames_removed
  File "/Users/erniesg/code/erniesg/if-letters-home-could-sing/pipeline/dags/elt.py", line 6, in <module>
    from operators.download import DownloadOperator
ModuleNotFoundError: No module named 'operators'
[2024-09-10T02:11:02.719+0800] {processor.py:927} WARNING - No viable dags retrieved from /Users/erniesg/code/erniesg/if-letters-home-could-sing/pipeline/dags/elt.py
[2024-09-10T02:11:02.912+0800] {processor.py:208} INFO - Processing /Users/erniesg/code/erniesg/if-letters-home-could-sing/pipeline/dags/elt.py took 0.205 seconds
[2024-09-10T02:11:54.122+0800] {processor.py:186} INFO - Started process (PID=69226) to work on /Users/erniesg/code/erniesg/if-letters-home-could-sing/pipeline/dags/elt.py
[2024-09-10T02:11:54.122+0800] {processor.py:914} INFO - Processing file /Users/erniesg/code/erniesg/if-letters-home-could-sing/pipeline/dags/elt.py for tasks to queue
[2024-09-10T02:11:54.122+0800] {logging_mixin.py:190} INFO - [2024-09-10T02:11:54.122+0800] {dagbag.py:587} INFO - Filling up the DagBag from /Users/erniesg/code/erniesg/if-letters-home-could-sing/pipeline/dags/elt.py
[2024-09-10T02:11:54.166+0800] {logging_mixin.py:190} INFO - [2024-09-10T02:11:54.165+0800] {credentials.py:1147} INFO - Found credentials in environment variables.
[2024-09-10T02:11:54.227+0800] {logging_mixin.py:190} INFO - [2024-09-10T02:11:54.226+0800] {dagbag.py:386} ERROR - Failed to import: /Users/erniesg/code/erniesg/if-letters-home-could-sing/pipeline/dags/elt.py
Traceback (most recent call last):
  File "/Users/erniesg/.pyenv/versions/3.12.5/envs/letters_home/lib/python3.12/site-packages/airflow/models/dagbag.py", line 382, in parse
    loader.exec_module(new_module)
  File "<frozen importlib._bootstrap_external>", line 995, in exec_module
  File "<frozen importlib._bootstrap>", line 488, in _call_with_frames_removed
  File "/Users/erniesg/code/erniesg/if-letters-home-could-sing/pipeline/dags/elt.py", line 182, in <module>
    globals()[dag_id] = create_dataset_dag(
                        ^^^^^^^^^^^^^^^^^^^
  File "/Users/erniesg/code/erniesg/if-letters-home-could-sing/pipeline/dags/elt.py", line 173, in create_dataset_dag
    start >> check_download >> download_task >> check_unzip >> unzip_task >> end
                                                                             ^^^
UnboundLocalError: cannot access local variable 'end' where it is not associated with a value
[2024-09-10T02:11:54.227+0800] {processor.py:927} WARNING - No viable dags retrieved from /Users/erniesg/code/erniesg/if-letters-home-could-sing/pipeline/dags/elt.py
[2024-09-10T02:11:54.452+0800] {processor.py:208} INFO - Processing /Users/erniesg/code/erniesg/if-letters-home-could-sing/pipeline/dags/elt.py took 0.331 seconds
[2024-09-10T02:13:47.509+0800] {processor.py:186} INFO - Started process (PID=69325) to work on /Users/erniesg/code/erniesg/if-letters-home-could-sing/pipeline/dags/elt.py
[2024-09-10T02:13:47.510+0800] {processor.py:914} INFO - Processing file /Users/erniesg/code/erniesg/if-letters-home-could-sing/pipeline/dags/elt.py for tasks to queue
[2024-09-10T02:13:47.510+0800] {logging_mixin.py:190} INFO - [2024-09-10T02:13:47.510+0800] {dagbag.py:587} INFO - Filling up the DagBag from /Users/erniesg/code/erniesg/if-letters-home-could-sing/pipeline/dags/elt.py
[2024-09-10T02:13:47.556+0800] {logging_mixin.py:190} INFO - [2024-09-10T02:13:47.556+0800] {credentials.py:1147} INFO - Found credentials in environment variables.
[2024-09-10T02:13:47.624+0800] {logging_mixin.py:190} INFO - [2024-09-10T02:13:47.623+0800] {dagbag.py:386} ERROR - Failed to import: /Users/erniesg/code/erniesg/if-letters-home-could-sing/pipeline/dags/elt.py
Traceback (most recent call last):
  File "/Users/erniesg/.pyenv/versions/3.12.5/envs/letters_home/lib/python3.12/site-packages/airflow/models/dagbag.py", line 382, in parse
    loader.exec_module(new_module)
  File "<frozen importlib._bootstrap_external>", line 995, in exec_module
  File "<frozen importlib._bootstrap>", line 488, in _call_with_frames_removed
  File "/Users/erniesg/code/erniesg/if-letters-home-could-sing/pipeline/dags/elt.py", line 182, in <module>
    globals()[dag_id] = create_dataset_dag(
                        ^^^^^^^^^^^^^^^^^^^
  File "/Users/erniesg/code/erniesg/if-letters-home-could-sing/pipeline/dags/elt.py", line 173, in create_dataset_dag
    start >> check_download >> download_task >> check_unzip >> unzip_task >> end
                                                                             ^^^
UnboundLocalError: cannot access local variable 'end' where it is not associated with a value
[2024-09-10T02:13:47.624+0800] {processor.py:927} WARNING - No viable dags retrieved from /Users/erniesg/code/erniesg/if-letters-home-could-sing/pipeline/dags/elt.py
[2024-09-10T02:13:47.824+0800] {processor.py:208} INFO - Processing /Users/erniesg/code/erniesg/if-letters-home-could-sing/pipeline/dags/elt.py took 0.316 seconds
[2024-09-10T02:14:58.128+0800] {processor.py:186} INFO - Started process (PID=69638) to work on /Users/erniesg/code/erniesg/if-letters-home-could-sing/pipeline/dags/elt.py
[2024-09-10T02:14:58.128+0800] {processor.py:914} INFO - Processing file /Users/erniesg/code/erniesg/if-letters-home-could-sing/pipeline/dags/elt.py for tasks to queue
[2024-09-10T02:14:58.129+0800] {logging_mixin.py:190} INFO - [2024-09-10T02:14:58.129+0800] {dagbag.py:587} INFO - Filling up the DagBag from /Users/erniesg/code/erniesg/if-letters-home-could-sing/pipeline/dags/elt.py
[2024-09-10T02:14:58.174+0800] {logging_mixin.py:190} INFO - [2024-09-10T02:14:58.174+0800] {credentials.py:1147} INFO - Found credentials in environment variables.
[2024-09-10T02:14:58.246+0800] {processor.py:925} INFO - DAG(s) 'puzzle-pieces-picker_elt', 'casia-hwdb_elt', 'm5hisdoc_elt' retrieved from /Users/erniesg/code/erniesg/if-letters-home-could-sing/pipeline/dags/elt.py
[2024-09-10T02:14:58.337+0800] {logging_mixin.py:190} INFO - [2024-09-10T02:14:58.337+0800] {dag.py:3229} INFO - Sync 3 DAGs
[2024-09-10T02:14:58.341+0800] {logging_mixin.py:190} INFO - [2024-09-10T02:14:58.341+0800] {dag.py:4156} INFO - Setting next_dagrun for casia-hwdb_elt to None, run_after=None
[2024-09-10T02:14:58.342+0800] {logging_mixin.py:190} INFO - [2024-09-10T02:14:58.342+0800] {dag.py:4156} INFO - Setting next_dagrun for m5hisdoc_elt to None, run_after=None
[2024-09-10T02:14:58.343+0800] {logging_mixin.py:190} INFO - [2024-09-10T02:14:58.343+0800] {dag.py:4156} INFO - Setting next_dagrun for puzzle-pieces-picker_elt to None, run_after=None
[2024-09-10T02:14:58.351+0800] {processor.py:208} INFO - Processing /Users/erniesg/code/erniesg/if-letters-home-could-sing/pipeline/dags/elt.py took 0.224 seconds
[2024-09-10T02:17:09.635+0800] {processor.py:186} INFO - Started process (PID=69789) to work on /Users/erniesg/code/erniesg/if-letters-home-could-sing/pipeline/dags/elt.py
[2024-09-10T02:17:09.635+0800] {processor.py:914} INFO - Processing file /Users/erniesg/code/erniesg/if-letters-home-could-sing/pipeline/dags/elt.py for tasks to queue
[2024-09-10T02:17:09.635+0800] {logging_mixin.py:190} INFO - [2024-09-10T02:17:09.635+0800] {dagbag.py:587} INFO - Filling up the DagBag from /Users/erniesg/code/erniesg/if-letters-home-could-sing/pipeline/dags/elt.py
[2024-09-10T02:17:09.679+0800] {logging_mixin.py:190} INFO - [2024-09-10T02:17:09.679+0800] {credentials.py:1147} INFO - Found credentials in environment variables.
[2024-09-10T02:17:09.747+0800] {processor.py:925} INFO - DAG(s) 'casia-hwdb_elt', 'm5hisdoc_elt', 'puzzle-pieces-picker_elt' retrieved from /Users/erniesg/code/erniesg/if-letters-home-could-sing/pipeline/dags/elt.py
[2024-09-10T02:17:09.833+0800] {logging_mixin.py:190} INFO - [2024-09-10T02:17:09.833+0800] {dag.py:3229} INFO - Sync 3 DAGs
[2024-09-10T02:17:09.837+0800] {logging_mixin.py:190} INFO - [2024-09-10T02:17:09.837+0800] {dag.py:4156} INFO - Setting next_dagrun for casia-hwdb_elt to None, run_after=None
[2024-09-10T02:17:09.838+0800] {logging_mixin.py:190} INFO - [2024-09-10T02:17:09.837+0800] {dag.py:4156} INFO - Setting next_dagrun for m5hisdoc_elt to None, run_after=None
[2024-09-10T02:17:09.838+0800] {logging_mixin.py:190} INFO - [2024-09-10T02:17:09.838+0800] {dag.py:4156} INFO - Setting next_dagrun for puzzle-pieces-picker_elt to None, run_after=None
[2024-09-10T02:17:09.845+0800] {processor.py:208} INFO - Processing /Users/erniesg/code/erniesg/if-letters-home-could-sing/pipeline/dags/elt.py took 0.212 seconds
[2024-09-10T02:18:35.335+0800] {processor.py:186} INFO - Started process (PID=70012) to work on /Users/erniesg/code/erniesg/if-letters-home-could-sing/pipeline/dags/elt.py
[2024-09-10T02:18:35.335+0800] {processor.py:914} INFO - Processing file /Users/erniesg/code/erniesg/if-letters-home-could-sing/pipeline/dags/elt.py for tasks to queue
[2024-09-10T02:18:35.336+0800] {logging_mixin.py:190} INFO - [2024-09-10T02:18:35.336+0800] {dagbag.py:587} INFO - Filling up the DagBag from /Users/erniesg/code/erniesg/if-letters-home-could-sing/pipeline/dags/elt.py
[2024-09-10T02:18:35.379+0800] {logging_mixin.py:190} INFO - [2024-09-10T02:18:35.379+0800] {credentials.py:1147} INFO - Found credentials in environment variables.
[2024-09-10T02:18:35.444+0800] {processor.py:925} INFO - DAG(s) 'm5hisdoc_elt', 'puzzle-pieces-picker_elt', 'casia-hwdb_elt' retrieved from /Users/erniesg/code/erniesg/if-letters-home-could-sing/pipeline/dags/elt.py
[2024-09-10T02:18:35.490+0800] {logging_mixin.py:190} INFO - [2024-09-10T02:18:35.490+0800] {dag.py:3229} INFO - Sync 3 DAGs
[2024-09-10T02:18:35.494+0800] {logging_mixin.py:190} INFO - [2024-09-10T02:18:35.494+0800] {dag.py:4156} INFO - Setting next_dagrun for casia-hwdb_elt to None, run_after=None
[2024-09-10T02:18:35.495+0800] {logging_mixin.py:190} INFO - [2024-09-10T02:18:35.495+0800] {dag.py:4156} INFO - Setting next_dagrun for m5hisdoc_elt to None, run_after=None
[2024-09-10T02:18:35.496+0800] {logging_mixin.py:190} INFO - [2024-09-10T02:18:35.496+0800] {dag.py:4156} INFO - Setting next_dagrun for puzzle-pieces-picker_elt to None, run_after=None
[2024-09-10T02:18:35.502+0800] {processor.py:208} INFO - Processing /Users/erniesg/code/erniesg/if-letters-home-could-sing/pipeline/dags/elt.py took 0.169 seconds
[2024-09-10T02:19:58.740+0800] {processor.py:186} INFO - Started process (PID=70336) to work on /Users/erniesg/code/erniesg/if-letters-home-could-sing/pipeline/dags/elt.py
[2024-09-10T02:19:58.740+0800] {processor.py:914} INFO - Processing file /Users/erniesg/code/erniesg/if-letters-home-could-sing/pipeline/dags/elt.py for tasks to queue
[2024-09-10T02:19:58.741+0800] {logging_mixin.py:190} INFO - [2024-09-10T02:19:58.741+0800] {dagbag.py:587} INFO - Filling up the DagBag from /Users/erniesg/code/erniesg/if-letters-home-could-sing/pipeline/dags/elt.py
[2024-09-10T02:19:58.785+0800] {logging_mixin.py:190} INFO - [2024-09-10T02:19:58.785+0800] {credentials.py:1147} INFO - Found credentials in environment variables.
[2024-09-10T02:19:58.853+0800] {processor.py:925} INFO - DAG(s) 'puzzle-pieces-picker_elt', 'm5hisdoc_elt', 'casia-hwdb_elt' retrieved from /Users/erniesg/code/erniesg/if-letters-home-could-sing/pipeline/dags/elt.py
[2024-09-10T02:19:58.944+0800] {logging_mixin.py:190} INFO - [2024-09-10T02:19:58.944+0800] {dag.py:3229} INFO - Sync 3 DAGs
[2024-09-10T02:19:58.948+0800] {logging_mixin.py:190} INFO - [2024-09-10T02:19:58.948+0800] {dag.py:4156} INFO - Setting next_dagrun for casia-hwdb_elt to None, run_after=None
[2024-09-10T02:19:58.949+0800] {logging_mixin.py:190} INFO - [2024-09-10T02:19:58.949+0800] {dag.py:4156} INFO - Setting next_dagrun for m5hisdoc_elt to None, run_after=None
[2024-09-10T02:19:58.949+0800] {logging_mixin.py:190} INFO - [2024-09-10T02:19:58.949+0800] {dag.py:4156} INFO - Setting next_dagrun for puzzle-pieces-picker_elt to None, run_after=None
[2024-09-10T02:19:58.957+0800] {processor.py:208} INFO - Processing /Users/erniesg/code/erniesg/if-letters-home-could-sing/pipeline/dags/elt.py took 0.218 seconds
[2024-09-10T02:22:58.446+0800] {processor.py:186} INFO - Started process (PID=71785) to work on /Users/erniesg/code/erniesg/if-letters-home-could-sing/pipeline/dags/elt.py
[2024-09-10T02:22:58.446+0800] {processor.py:914} INFO - Processing file /Users/erniesg/code/erniesg/if-letters-home-could-sing/pipeline/dags/elt.py for tasks to queue
[2024-09-10T02:22:58.446+0800] {logging_mixin.py:190} INFO - [2024-09-10T02:22:58.446+0800] {dagbag.py:587} INFO - Filling up the DagBag from /Users/erniesg/code/erniesg/if-letters-home-could-sing/pipeline/dags/elt.py
[2024-09-10T02:22:58.491+0800] {logging_mixin.py:190} INFO - [2024-09-10T02:22:58.491+0800] {credentials.py:1147} INFO - Found credentials in environment variables.
[2024-09-10T02:22:58.561+0800] {processor.py:925} INFO - DAG(s) 'casia-hwdb_elt', 'puzzle-pieces-picker_elt', 'm5hisdoc_elt' retrieved from /Users/erniesg/code/erniesg/if-letters-home-could-sing/pipeline/dags/elt.py
[2024-09-10T02:22:58.644+0800] {logging_mixin.py:190} INFO - [2024-09-10T02:22:58.644+0800] {dag.py:3229} INFO - Sync 3 DAGs
[2024-09-10T02:22:58.648+0800] {logging_mixin.py:190} INFO - [2024-09-10T02:22:58.648+0800] {dag.py:4156} INFO - Setting next_dagrun for casia-hwdb_elt to None, run_after=None
[2024-09-10T02:22:58.649+0800] {logging_mixin.py:190} INFO - [2024-09-10T02:22:58.649+0800] {dag.py:4156} INFO - Setting next_dagrun for m5hisdoc_elt to None, run_after=None
[2024-09-10T02:22:58.650+0800] {logging_mixin.py:190} INFO - [2024-09-10T02:22:58.650+0800] {dag.py:4156} INFO - Setting next_dagrun for puzzle-pieces-picker_elt to None, run_after=None
[2024-09-10T02:22:58.657+0800] {processor.py:208} INFO - Processing /Users/erniesg/code/erniesg/if-letters-home-could-sing/pipeline/dags/elt.py took 0.213 seconds
[2024-09-10T02:29:10.644+0800] {processor.py:186} INFO - Started process (PID=72009) to work on /Users/erniesg/code/erniesg/if-letters-home-could-sing/pipeline/dags/elt.py
[2024-09-10T02:29:10.644+0800] {processor.py:914} INFO - Processing file /Users/erniesg/code/erniesg/if-letters-home-could-sing/pipeline/dags/elt.py for tasks to queue
[2024-09-10T02:29:10.644+0800] {logging_mixin.py:190} INFO - [2024-09-10T02:29:10.644+0800] {dagbag.py:587} INFO - Filling up the DagBag from /Users/erniesg/code/erniesg/if-letters-home-could-sing/pipeline/dags/elt.py
[2024-09-10T02:29:10.683+0800] {logging_mixin.py:190} INFO - [2024-09-10T02:29:10.683+0800] {credentials.py:1147} INFO - Found credentials in environment variables.
[2024-09-10T02:29:10.745+0800] {processor.py:925} INFO - DAG(s) 'puzzle-pieces-picker_elt', 'm5hisdoc_elt', 'casia-hwdb_elt' retrieved from /Users/erniesg/code/erniesg/if-letters-home-could-sing/pipeline/dags/elt.py
[2024-09-10T02:29:10.789+0800] {logging_mixin.py:190} INFO - [2024-09-10T02:29:10.789+0800] {dag.py:3229} INFO - Sync 3 DAGs
[2024-09-10T02:29:10.793+0800] {logging_mixin.py:190} INFO - [2024-09-10T02:29:10.793+0800] {dag.py:4156} INFO - Setting next_dagrun for casia-hwdb_elt to None, run_after=None
[2024-09-10T02:29:10.794+0800] {logging_mixin.py:190} INFO - [2024-09-10T02:29:10.794+0800] {dag.py:4156} INFO - Setting next_dagrun for m5hisdoc_elt to None, run_after=None
[2024-09-10T02:29:10.794+0800] {logging_mixin.py:190} INFO - [2024-09-10T02:29:10.794+0800] {dag.py:4156} INFO - Setting next_dagrun for puzzle-pieces-picker_elt to None, run_after=None
[2024-09-10T02:29:10.800+0800] {processor.py:208} INFO - Processing /Users/erniesg/code/erniesg/if-letters-home-could-sing/pipeline/dags/elt.py took 0.158 seconds
